[2025-09-07T00:00:26.916+0000] {processor.py:186} INFO - Started process (PID=3988) to work on /home/airflow/.local/lib/python3.12/site-packages/airflow/example_dags/example_nested_branch_dag.py
[2025-09-07T00:00:26.919+0000] {processor.py:914} INFO - Processing file /home/airflow/.local/lib/python3.12/site-packages/airflow/example_dags/example_nested_branch_dag.py for tasks to queue
[2025-09-07T00:00:26.920+0000] {logging_mixin.py:190} INFO - [2025-09-07T00:00:26.920+0000] {dagbag.py:588} INFO - Filling up the DagBag from /home/airflow/.local/lib/python3.12/site-packages/airflow/example_dags/example_nested_branch_dag.py
[2025-09-07T00:00:26.934+0000] {processor.py:925} INFO - DAG(s) 'example_nested_branch_dag' retrieved from /home/airflow/.local/lib/python3.12/site-packages/airflow/example_dags/example_nested_branch_dag.py
[2025-09-07T00:00:26.952+0000] {logging_mixin.py:190} INFO - [2025-09-07T00:00:26.952+0000] {dag.py:3239} INFO - Sync 1 DAGs
[2025-09-07T00:00:26.975+0000] {logging_mixin.py:190} INFO - [2025-09-07T00:00:26.975+0000] {dag.py:4180} INFO - Setting next_dagrun for example_nested_branch_dag to 2025-09-06 00:00:00+00:00, run_after=2025-09-07 00:00:00+00:00
[2025-09-07T00:00:26.991+0000] {processor.py:208} INFO - Processing /home/airflow/.local/lib/python3.12/site-packages/airflow/example_dags/example_nested_branch_dag.py took 0.084 seconds
[2025-09-07T00:00:57.578+0000] {processor.py:186} INFO - Started process (PID=4054) to work on /home/airflow/.local/lib/python3.12/site-packages/airflow/example_dags/example_nested_branch_dag.py
[2025-09-07T00:00:57.579+0000] {processor.py:914} INFO - Processing file /home/airflow/.local/lib/python3.12/site-packages/airflow/example_dags/example_nested_branch_dag.py for tasks to queue
[2025-09-07T00:00:57.581+0000] {logging_mixin.py:190} INFO - [2025-09-07T00:00:57.580+0000] {dagbag.py:588} INFO - Filling up the DagBag from /home/airflow/.local/lib/python3.12/site-packages/airflow/example_dags/example_nested_branch_dag.py
[2025-09-07T00:00:57.594+0000] {processor.py:925} INFO - DAG(s) 'example_nested_branch_dag' retrieved from /home/airflow/.local/lib/python3.12/site-packages/airflow/example_dags/example_nested_branch_dag.py
[2025-09-07T00:00:57.620+0000] {logging_mixin.py:190} INFO - [2025-09-07T00:00:57.620+0000] {dag.py:3239} INFO - Sync 1 DAGs
[2025-09-07T00:00:57.644+0000] {logging_mixin.py:190} INFO - [2025-09-07T00:00:57.644+0000] {dag.py:4180} INFO - Setting next_dagrun for example_nested_branch_dag to 2025-09-06 00:00:00+00:00, run_after=2025-09-07 00:00:00+00:00
[2025-09-07T00:00:57.666+0000] {processor.py:208} INFO - Processing /home/airflow/.local/lib/python3.12/site-packages/airflow/example_dags/example_nested_branch_dag.py took 0.096 seconds
[2025-09-07T00:01:27.763+0000] {processor.py:186} INFO - Started process (PID=4120) to work on /home/airflow/.local/lib/python3.12/site-packages/airflow/example_dags/example_nested_branch_dag.py
[2025-09-07T00:01:27.764+0000] {processor.py:914} INFO - Processing file /home/airflow/.local/lib/python3.12/site-packages/airflow/example_dags/example_nested_branch_dag.py for tasks to queue
[2025-09-07T00:01:27.766+0000] {logging_mixin.py:190} INFO - [2025-09-07T00:01:27.765+0000] {dagbag.py:588} INFO - Filling up the DagBag from /home/airflow/.local/lib/python3.12/site-packages/airflow/example_dags/example_nested_branch_dag.py
[2025-09-07T00:01:27.782+0000] {processor.py:925} INFO - DAG(s) 'example_nested_branch_dag' retrieved from /home/airflow/.local/lib/python3.12/site-packages/airflow/example_dags/example_nested_branch_dag.py
[2025-09-07T00:01:27.805+0000] {logging_mixin.py:190} INFO - [2025-09-07T00:01:27.805+0000] {dag.py:3239} INFO - Sync 1 DAGs
[2025-09-07T00:01:27.830+0000] {logging_mixin.py:190} INFO - [2025-09-07T00:01:27.830+0000] {dag.py:4180} INFO - Setting next_dagrun for example_nested_branch_dag to 2025-09-06 00:00:00+00:00, run_after=2025-09-07 00:00:00+00:00
[2025-09-07T00:01:27.850+0000] {processor.py:208} INFO - Processing /home/airflow/.local/lib/python3.12/site-packages/airflow/example_dags/example_nested_branch_dag.py took 0.092 seconds
[2025-09-07T00:01:58.609+0000] {processor.py:186} INFO - Started process (PID=4185) to work on /home/airflow/.local/lib/python3.12/site-packages/airflow/example_dags/example_nested_branch_dag.py
[2025-09-07T00:01:58.610+0000] {processor.py:914} INFO - Processing file /home/airflow/.local/lib/python3.12/site-packages/airflow/example_dags/example_nested_branch_dag.py for tasks to queue
[2025-09-07T00:01:58.612+0000] {logging_mixin.py:190} INFO - [2025-09-07T00:01:58.611+0000] {dagbag.py:588} INFO - Filling up the DagBag from /home/airflow/.local/lib/python3.12/site-packages/airflow/example_dags/example_nested_branch_dag.py
[2025-09-07T00:01:58.623+0000] {processor.py:925} INFO - DAG(s) 'example_nested_branch_dag' retrieved from /home/airflow/.local/lib/python3.12/site-packages/airflow/example_dags/example_nested_branch_dag.py
[2025-09-07T00:01:58.648+0000] {logging_mixin.py:190} INFO - [2025-09-07T00:01:58.648+0000] {dag.py:3239} INFO - Sync 1 DAGs
[2025-09-07T00:01:58.670+0000] {logging_mixin.py:190} INFO - [2025-09-07T00:01:58.669+0000] {dag.py:4180} INFO - Setting next_dagrun for example_nested_branch_dag to 2025-09-06 00:00:00+00:00, run_after=2025-09-07 00:00:00+00:00
[2025-09-07T00:01:58.693+0000] {processor.py:208} INFO - Processing /home/airflow/.local/lib/python3.12/site-packages/airflow/example_dags/example_nested_branch_dag.py took 0.092 seconds
[2025-09-07T00:02:29.492+0000] {processor.py:186} INFO - Started process (PID=4251) to work on /home/airflow/.local/lib/python3.12/site-packages/airflow/example_dags/example_nested_branch_dag.py
[2025-09-07T00:02:29.493+0000] {processor.py:914} INFO - Processing file /home/airflow/.local/lib/python3.12/site-packages/airflow/example_dags/example_nested_branch_dag.py for tasks to queue
[2025-09-07T00:02:29.495+0000] {logging_mixin.py:190} INFO - [2025-09-07T00:02:29.495+0000] {dagbag.py:588} INFO - Filling up the DagBag from /home/airflow/.local/lib/python3.12/site-packages/airflow/example_dags/example_nested_branch_dag.py
[2025-09-07T00:02:29.510+0000] {processor.py:925} INFO - DAG(s) 'example_nested_branch_dag' retrieved from /home/airflow/.local/lib/python3.12/site-packages/airflow/example_dags/example_nested_branch_dag.py
[2025-09-07T00:02:29.538+0000] {logging_mixin.py:190} INFO - [2025-09-07T00:02:29.537+0000] {dag.py:3239} INFO - Sync 1 DAGs
[2025-09-07T00:02:29.564+0000] {logging_mixin.py:190} INFO - [2025-09-07T00:02:29.564+0000] {dag.py:4180} INFO - Setting next_dagrun for example_nested_branch_dag to 2025-09-06 00:00:00+00:00, run_after=2025-09-07 00:00:00+00:00
[2025-09-07T00:02:29.585+0000] {processor.py:208} INFO - Processing /home/airflow/.local/lib/python3.12/site-packages/airflow/example_dags/example_nested_branch_dag.py took 0.102 seconds
[2025-09-07T00:03:00.402+0000] {processor.py:186} INFO - Started process (PID=4317) to work on /home/airflow/.local/lib/python3.12/site-packages/airflow/example_dags/example_nested_branch_dag.py
[2025-09-07T00:03:00.403+0000] {processor.py:914} INFO - Processing file /home/airflow/.local/lib/python3.12/site-packages/airflow/example_dags/example_nested_branch_dag.py for tasks to queue
[2025-09-07T00:03:00.406+0000] {logging_mixin.py:190} INFO - [2025-09-07T00:03:00.405+0000] {dagbag.py:588} INFO - Filling up the DagBag from /home/airflow/.local/lib/python3.12/site-packages/airflow/example_dags/example_nested_branch_dag.py
[2025-09-07T00:03:00.422+0000] {processor.py:925} INFO - DAG(s) 'example_nested_branch_dag' retrieved from /home/airflow/.local/lib/python3.12/site-packages/airflow/example_dags/example_nested_branch_dag.py
[2025-09-07T00:03:00.447+0000] {logging_mixin.py:190} INFO - [2025-09-07T00:03:00.447+0000] {dag.py:3239} INFO - Sync 1 DAGs
[2025-09-07T00:03:00.471+0000] {logging_mixin.py:190} INFO - [2025-09-07T00:03:00.471+0000] {dag.py:4180} INFO - Setting next_dagrun for example_nested_branch_dag to 2025-09-06 00:00:00+00:00, run_after=2025-09-07 00:00:00+00:00
[2025-09-07T00:03:00.499+0000] {processor.py:208} INFO - Processing /home/airflow/.local/lib/python3.12/site-packages/airflow/example_dags/example_nested_branch_dag.py took 0.101 seconds
[2025-09-07T00:03:31.159+0000] {processor.py:186} INFO - Started process (PID=4383) to work on /home/airflow/.local/lib/python3.12/site-packages/airflow/example_dags/example_nested_branch_dag.py
[2025-09-07T00:03:31.160+0000] {processor.py:914} INFO - Processing file /home/airflow/.local/lib/python3.12/site-packages/airflow/example_dags/example_nested_branch_dag.py for tasks to queue
[2025-09-07T00:03:31.161+0000] {logging_mixin.py:190} INFO - [2025-09-07T00:03:31.161+0000] {dagbag.py:588} INFO - Filling up the DagBag from /home/airflow/.local/lib/python3.12/site-packages/airflow/example_dags/example_nested_branch_dag.py
[2025-09-07T00:03:31.172+0000] {processor.py:925} INFO - DAG(s) 'example_nested_branch_dag' retrieved from /home/airflow/.local/lib/python3.12/site-packages/airflow/example_dags/example_nested_branch_dag.py
[2025-09-07T00:03:31.207+0000] {logging_mixin.py:190} INFO - [2025-09-07T00:03:31.206+0000] {dag.py:3239} INFO - Sync 1 DAGs
[2025-09-07T00:03:31.236+0000] {logging_mixin.py:190} INFO - [2025-09-07T00:03:31.236+0000] {dag.py:4180} INFO - Setting next_dagrun for example_nested_branch_dag to 2025-09-06 00:00:00+00:00, run_after=2025-09-07 00:00:00+00:00
[2025-09-07T00:03:31.259+0000] {processor.py:208} INFO - Processing /home/airflow/.local/lib/python3.12/site-packages/airflow/example_dags/example_nested_branch_dag.py took 0.106 seconds
[2025-09-07T00:04:01.550+0000] {processor.py:186} INFO - Started process (PID=4449) to work on /home/airflow/.local/lib/python3.12/site-packages/airflow/example_dags/example_nested_branch_dag.py
[2025-09-07T00:04:01.552+0000] {processor.py:914} INFO - Processing file /home/airflow/.local/lib/python3.12/site-packages/airflow/example_dags/example_nested_branch_dag.py for tasks to queue
[2025-09-07T00:04:01.554+0000] {logging_mixin.py:190} INFO - [2025-09-07T00:04:01.553+0000] {dagbag.py:588} INFO - Filling up the DagBag from /home/airflow/.local/lib/python3.12/site-packages/airflow/example_dags/example_nested_branch_dag.py
[2025-09-07T00:04:01.567+0000] {processor.py:925} INFO - DAG(s) 'example_nested_branch_dag' retrieved from /home/airflow/.local/lib/python3.12/site-packages/airflow/example_dags/example_nested_branch_dag.py
[2025-09-07T00:04:01.595+0000] {logging_mixin.py:190} INFO - [2025-09-07T00:04:01.595+0000] {dag.py:3239} INFO - Sync 1 DAGs
[2025-09-07T00:04:01.618+0000] {logging_mixin.py:190} INFO - [2025-09-07T00:04:01.618+0000] {dag.py:4180} INFO - Setting next_dagrun for example_nested_branch_dag to 2025-09-06 00:00:00+00:00, run_after=2025-09-07 00:00:00+00:00
[2025-09-07T00:04:01.641+0000] {processor.py:208} INFO - Processing /home/airflow/.local/lib/python3.12/site-packages/airflow/example_dags/example_nested_branch_dag.py took 0.096 seconds
[2025-09-07T00:04:32.239+0000] {processor.py:186} INFO - Started process (PID=4515) to work on /home/airflow/.local/lib/python3.12/site-packages/airflow/example_dags/example_nested_branch_dag.py
[2025-09-07T00:04:32.242+0000] {processor.py:914} INFO - Processing file /home/airflow/.local/lib/python3.12/site-packages/airflow/example_dags/example_nested_branch_dag.py for tasks to queue
[2025-09-07T00:04:32.245+0000] {logging_mixin.py:190} INFO - [2025-09-07T00:04:32.245+0000] {dagbag.py:588} INFO - Filling up the DagBag from /home/airflow/.local/lib/python3.12/site-packages/airflow/example_dags/example_nested_branch_dag.py
[2025-09-07T00:04:32.268+0000] {processor.py:925} INFO - DAG(s) 'example_nested_branch_dag' retrieved from /home/airflow/.local/lib/python3.12/site-packages/airflow/example_dags/example_nested_branch_dag.py
[2025-09-07T00:04:32.324+0000] {logging_mixin.py:190} INFO - [2025-09-07T00:04:32.323+0000] {dag.py:3239} INFO - Sync 1 DAGs
[2025-09-07T00:04:32.441+0000] {logging_mixin.py:190} INFO - [2025-09-07T00:04:32.441+0000] {dag.py:4180} INFO - Setting next_dagrun for example_nested_branch_dag to 2025-09-06 00:00:00+00:00, run_after=2025-09-07 00:00:00+00:00
[2025-09-07T00:04:32.546+0000] {processor.py:208} INFO - Processing /home/airflow/.local/lib/python3.12/site-packages/airflow/example_dags/example_nested_branch_dag.py took 0.315 seconds
[2025-09-07T00:05:03.138+0000] {processor.py:186} INFO - Started process (PID=4581) to work on /home/airflow/.local/lib/python3.12/site-packages/airflow/example_dags/example_nested_branch_dag.py
[2025-09-07T00:05:03.139+0000] {processor.py:914} INFO - Processing file /home/airflow/.local/lib/python3.12/site-packages/airflow/example_dags/example_nested_branch_dag.py for tasks to queue
[2025-09-07T00:05:03.140+0000] {logging_mixin.py:190} INFO - [2025-09-07T00:05:03.140+0000] {dagbag.py:588} INFO - Filling up the DagBag from /home/airflow/.local/lib/python3.12/site-packages/airflow/example_dags/example_nested_branch_dag.py
[2025-09-07T00:05:03.152+0000] {processor.py:925} INFO - DAG(s) 'example_nested_branch_dag' retrieved from /home/airflow/.local/lib/python3.12/site-packages/airflow/example_dags/example_nested_branch_dag.py
[2025-09-07T00:05:03.176+0000] {logging_mixin.py:190} INFO - [2025-09-07T00:05:03.176+0000] {dag.py:3239} INFO - Sync 1 DAGs
[2025-09-07T00:05:03.206+0000] {logging_mixin.py:190} INFO - [2025-09-07T00:05:03.206+0000] {dag.py:4180} INFO - Setting next_dagrun for example_nested_branch_dag to 2025-09-06 00:00:00+00:00, run_after=2025-09-07 00:00:00+00:00
[2025-09-07T00:05:03.232+0000] {processor.py:208} INFO - Processing /home/airflow/.local/lib/python3.12/site-packages/airflow/example_dags/example_nested_branch_dag.py took 0.101 seconds
[2025-09-07T00:05:34.128+0000] {processor.py:186} INFO - Started process (PID=4647) to work on /home/airflow/.local/lib/python3.12/site-packages/airflow/example_dags/example_nested_branch_dag.py
[2025-09-07T00:05:34.129+0000] {processor.py:914} INFO - Processing file /home/airflow/.local/lib/python3.12/site-packages/airflow/example_dags/example_nested_branch_dag.py for tasks to queue
[2025-09-07T00:05:34.131+0000] {logging_mixin.py:190} INFO - [2025-09-07T00:05:34.131+0000] {dagbag.py:588} INFO - Filling up the DagBag from /home/airflow/.local/lib/python3.12/site-packages/airflow/example_dags/example_nested_branch_dag.py
[2025-09-07T00:05:34.150+0000] {processor.py:925} INFO - DAG(s) 'example_nested_branch_dag' retrieved from /home/airflow/.local/lib/python3.12/site-packages/airflow/example_dags/example_nested_branch_dag.py
[2025-09-07T00:05:34.179+0000] {logging_mixin.py:190} INFO - [2025-09-07T00:05:34.179+0000] {dag.py:3239} INFO - Sync 1 DAGs
[2025-09-07T00:05:34.212+0000] {logging_mixin.py:190} INFO - [2025-09-07T00:05:34.211+0000] {dag.py:4180} INFO - Setting next_dagrun for example_nested_branch_dag to 2025-09-06 00:00:00+00:00, run_after=2025-09-07 00:00:00+00:00
[2025-09-07T00:05:34.243+0000] {processor.py:208} INFO - Processing /home/airflow/.local/lib/python3.12/site-packages/airflow/example_dags/example_nested_branch_dag.py took 0.125 seconds
[2025-09-07T00:06:05.080+0000] {processor.py:186} INFO - Started process (PID=4713) to work on /home/airflow/.local/lib/python3.12/site-packages/airflow/example_dags/example_nested_branch_dag.py
[2025-09-07T00:06:05.082+0000] {processor.py:914} INFO - Processing file /home/airflow/.local/lib/python3.12/site-packages/airflow/example_dags/example_nested_branch_dag.py for tasks to queue
[2025-09-07T00:06:05.084+0000] {logging_mixin.py:190} INFO - [2025-09-07T00:06:05.084+0000] {dagbag.py:588} INFO - Filling up the DagBag from /home/airflow/.local/lib/python3.12/site-packages/airflow/example_dags/example_nested_branch_dag.py
[2025-09-07T00:06:05.102+0000] {processor.py:925} INFO - DAG(s) 'example_nested_branch_dag' retrieved from /home/airflow/.local/lib/python3.12/site-packages/airflow/example_dags/example_nested_branch_dag.py
[2025-09-07T00:06:05.131+0000] {logging_mixin.py:190} INFO - [2025-09-07T00:06:05.130+0000] {dag.py:3239} INFO - Sync 1 DAGs
[2025-09-07T00:06:05.170+0000] {logging_mixin.py:190} INFO - [2025-09-07T00:06:05.170+0000] {dag.py:4180} INFO - Setting next_dagrun for example_nested_branch_dag to 2025-09-06 00:00:00+00:00, run_after=2025-09-07 00:00:00+00:00
[2025-09-07T00:06:05.195+0000] {processor.py:208} INFO - Processing /home/airflow/.local/lib/python3.12/site-packages/airflow/example_dags/example_nested_branch_dag.py took 0.124 seconds
[2025-09-07T00:06:35.597+0000] {processor.py:186} INFO - Started process (PID=4779) to work on /home/airflow/.local/lib/python3.12/site-packages/airflow/example_dags/example_nested_branch_dag.py
[2025-09-07T00:06:35.599+0000] {processor.py:914} INFO - Processing file /home/airflow/.local/lib/python3.12/site-packages/airflow/example_dags/example_nested_branch_dag.py for tasks to queue
[2025-09-07T00:06:35.601+0000] {logging_mixin.py:190} INFO - [2025-09-07T00:06:35.601+0000] {dagbag.py:588} INFO - Filling up the DagBag from /home/airflow/.local/lib/python3.12/site-packages/airflow/example_dags/example_nested_branch_dag.py
[2025-09-07T00:06:35.619+0000] {processor.py:925} INFO - DAG(s) 'example_nested_branch_dag' retrieved from /home/airflow/.local/lib/python3.12/site-packages/airflow/example_dags/example_nested_branch_dag.py
[2025-09-07T00:06:35.648+0000] {logging_mixin.py:190} INFO - [2025-09-07T00:06:35.648+0000] {dag.py:3239} INFO - Sync 1 DAGs
[2025-09-07T00:06:35.682+0000] {logging_mixin.py:190} INFO - [2025-09-07T00:06:35.682+0000] {dag.py:4180} INFO - Setting next_dagrun for example_nested_branch_dag to 2025-09-06 00:00:00+00:00, run_after=2025-09-07 00:00:00+00:00
[2025-09-07T00:06:35.707+0000] {processor.py:208} INFO - Processing /home/airflow/.local/lib/python3.12/site-packages/airflow/example_dags/example_nested_branch_dag.py took 0.117 seconds
[2025-09-07T00:07:05.942+0000] {processor.py:186} INFO - Started process (PID=4844) to work on /home/airflow/.local/lib/python3.12/site-packages/airflow/example_dags/example_nested_branch_dag.py
[2025-09-07T00:07:05.943+0000] {processor.py:914} INFO - Processing file /home/airflow/.local/lib/python3.12/site-packages/airflow/example_dags/example_nested_branch_dag.py for tasks to queue
[2025-09-07T00:07:05.945+0000] {logging_mixin.py:190} INFO - [2025-09-07T00:07:05.944+0000] {dagbag.py:588} INFO - Filling up the DagBag from /home/airflow/.local/lib/python3.12/site-packages/airflow/example_dags/example_nested_branch_dag.py
[2025-09-07T00:07:05.959+0000] {processor.py:925} INFO - DAG(s) 'example_nested_branch_dag' retrieved from /home/airflow/.local/lib/python3.12/site-packages/airflow/example_dags/example_nested_branch_dag.py
[2025-09-07T00:07:05.991+0000] {logging_mixin.py:190} INFO - [2025-09-07T00:07:05.990+0000] {dag.py:3239} INFO - Sync 1 DAGs
[2025-09-07T00:07:06.029+0000] {logging_mixin.py:190} INFO - [2025-09-07T00:07:06.029+0000] {dag.py:4180} INFO - Setting next_dagrun for example_nested_branch_dag to 2025-09-06 00:00:00+00:00, run_after=2025-09-07 00:00:00+00:00
[2025-09-07T00:07:06.059+0000] {processor.py:208} INFO - Processing /home/airflow/.local/lib/python3.12/site-packages/airflow/example_dags/example_nested_branch_dag.py took 0.127 seconds
[2025-09-07T00:07:36.584+0000] {processor.py:186} INFO - Started process (PID=4903) to work on /home/airflow/.local/lib/python3.12/site-packages/airflow/example_dags/example_nested_branch_dag.py
[2025-09-07T00:07:36.585+0000] {processor.py:914} INFO - Processing file /home/airflow/.local/lib/python3.12/site-packages/airflow/example_dags/example_nested_branch_dag.py for tasks to queue
[2025-09-07T00:07:36.588+0000] {logging_mixin.py:190} INFO - [2025-09-07T00:07:36.587+0000] {dagbag.py:588} INFO - Filling up the DagBag from /home/airflow/.local/lib/python3.12/site-packages/airflow/example_dags/example_nested_branch_dag.py
[2025-09-07T00:07:36.606+0000] {processor.py:925} INFO - DAG(s) 'example_nested_branch_dag' retrieved from /home/airflow/.local/lib/python3.12/site-packages/airflow/example_dags/example_nested_branch_dag.py
[2025-09-07T00:07:36.631+0000] {logging_mixin.py:190} INFO - [2025-09-07T00:07:36.630+0000] {dag.py:3239} INFO - Sync 1 DAGs
[2025-09-07T00:07:36.662+0000] {logging_mixin.py:190} INFO - [2025-09-07T00:07:36.662+0000] {dag.py:4180} INFO - Setting next_dagrun for example_nested_branch_dag to 2025-09-06 00:00:00+00:00, run_after=2025-09-07 00:00:00+00:00
[2025-09-07T00:07:36.688+0000] {processor.py:208} INFO - Processing /home/airflow/.local/lib/python3.12/site-packages/airflow/example_dags/example_nested_branch_dag.py took 0.113 seconds
[2025-09-07T00:08:06.821+0000] {processor.py:186} INFO - Started process (PID=4967) to work on /home/airflow/.local/lib/python3.12/site-packages/airflow/example_dags/example_nested_branch_dag.py
[2025-09-07T00:08:06.823+0000] {processor.py:914} INFO - Processing file /home/airflow/.local/lib/python3.12/site-packages/airflow/example_dags/example_nested_branch_dag.py for tasks to queue
[2025-09-07T00:08:06.826+0000] {logging_mixin.py:190} INFO - [2025-09-07T00:08:06.826+0000] {dagbag.py:588} INFO - Filling up the DagBag from /home/airflow/.local/lib/python3.12/site-packages/airflow/example_dags/example_nested_branch_dag.py
[2025-09-07T00:08:06.844+0000] {processor.py:925} INFO - DAG(s) 'example_nested_branch_dag' retrieved from /home/airflow/.local/lib/python3.12/site-packages/airflow/example_dags/example_nested_branch_dag.py
[2025-09-07T00:08:06.865+0000] {logging_mixin.py:190} INFO - [2025-09-07T00:08:06.865+0000] {dag.py:3239} INFO - Sync 1 DAGs
[2025-09-07T00:08:06.888+0000] {logging_mixin.py:190} INFO - [2025-09-07T00:08:06.888+0000] {dag.py:4180} INFO - Setting next_dagrun for example_nested_branch_dag to 2025-09-06 00:00:00+00:00, run_after=2025-09-07 00:00:00+00:00
[2025-09-07T00:08:06.908+0000] {processor.py:208} INFO - Processing /home/airflow/.local/lib/python3.12/site-packages/airflow/example_dags/example_nested_branch_dag.py took 0.093 seconds
[2025-09-07T00:08:36.951+0000] {processor.py:186} INFO - Started process (PID=5030) to work on /home/airflow/.local/lib/python3.12/site-packages/airflow/example_dags/example_nested_branch_dag.py
[2025-09-07T00:08:36.952+0000] {processor.py:914} INFO - Processing file /home/airflow/.local/lib/python3.12/site-packages/airflow/example_dags/example_nested_branch_dag.py for tasks to queue
[2025-09-07T00:08:36.954+0000] {logging_mixin.py:190} INFO - [2025-09-07T00:08:36.954+0000] {dagbag.py:588} INFO - Filling up the DagBag from /home/airflow/.local/lib/python3.12/site-packages/airflow/example_dags/example_nested_branch_dag.py
[2025-09-07T00:08:36.967+0000] {processor.py:925} INFO - DAG(s) 'example_nested_branch_dag' retrieved from /home/airflow/.local/lib/python3.12/site-packages/airflow/example_dags/example_nested_branch_dag.py
[2025-09-07T00:08:36.989+0000] {logging_mixin.py:190} INFO - [2025-09-07T00:08:36.988+0000] {dag.py:3239} INFO - Sync 1 DAGs
[2025-09-07T00:08:37.007+0000] {logging_mixin.py:190} INFO - [2025-09-07T00:08:37.007+0000] {dag.py:4180} INFO - Setting next_dagrun for example_nested_branch_dag to 2025-09-06 00:00:00+00:00, run_after=2025-09-07 00:00:00+00:00
[2025-09-07T00:08:37.025+0000] {processor.py:208} INFO - Processing /home/airflow/.local/lib/python3.12/site-packages/airflow/example_dags/example_nested_branch_dag.py took 0.079 seconds
[2025-09-07T00:09:07.071+0000] {processor.py:186} INFO - Started process (PID=5096) to work on /home/airflow/.local/lib/python3.12/site-packages/airflow/example_dags/example_nested_branch_dag.py
[2025-09-07T00:09:07.072+0000] {processor.py:914} INFO - Processing file /home/airflow/.local/lib/python3.12/site-packages/airflow/example_dags/example_nested_branch_dag.py for tasks to queue
[2025-09-07T00:09:07.075+0000] {logging_mixin.py:190} INFO - [2025-09-07T00:09:07.074+0000] {dagbag.py:588} INFO - Filling up the DagBag from /home/airflow/.local/lib/python3.12/site-packages/airflow/example_dags/example_nested_branch_dag.py
[2025-09-07T00:09:07.090+0000] {processor.py:925} INFO - DAG(s) 'example_nested_branch_dag' retrieved from /home/airflow/.local/lib/python3.12/site-packages/airflow/example_dags/example_nested_branch_dag.py
[2025-09-07T00:09:07.116+0000] {logging_mixin.py:190} INFO - [2025-09-07T00:09:07.116+0000] {dag.py:3239} INFO - Sync 1 DAGs
[2025-09-07T00:09:07.148+0000] {logging_mixin.py:190} INFO - [2025-09-07T00:09:07.148+0000] {dag.py:4180} INFO - Setting next_dagrun for example_nested_branch_dag to 2025-09-06 00:00:00+00:00, run_after=2025-09-07 00:00:00+00:00
[2025-09-07T00:09:07.174+0000] {processor.py:208} INFO - Processing /home/airflow/.local/lib/python3.12/site-packages/airflow/example_dags/example_nested_branch_dag.py took 0.108 seconds
[2025-09-07T00:09:37.801+0000] {processor.py:186} INFO - Started process (PID=5162) to work on /home/airflow/.local/lib/python3.12/site-packages/airflow/example_dags/example_nested_branch_dag.py
[2025-09-07T00:09:37.803+0000] {processor.py:914} INFO - Processing file /home/airflow/.local/lib/python3.12/site-packages/airflow/example_dags/example_nested_branch_dag.py for tasks to queue
[2025-09-07T00:09:37.806+0000] {logging_mixin.py:190} INFO - [2025-09-07T00:09:37.805+0000] {dagbag.py:588} INFO - Filling up the DagBag from /home/airflow/.local/lib/python3.12/site-packages/airflow/example_dags/example_nested_branch_dag.py
[2025-09-07T00:09:37.824+0000] {processor.py:925} INFO - DAG(s) 'example_nested_branch_dag' retrieved from /home/airflow/.local/lib/python3.12/site-packages/airflow/example_dags/example_nested_branch_dag.py
[2025-09-07T00:09:37.848+0000] {logging_mixin.py:190} INFO - [2025-09-07T00:09:37.848+0000] {dag.py:3239} INFO - Sync 1 DAGs
[2025-09-07T00:09:37.872+0000] {logging_mixin.py:190} INFO - [2025-09-07T00:09:37.871+0000] {dag.py:4180} INFO - Setting next_dagrun for example_nested_branch_dag to 2025-09-06 00:00:00+00:00, run_after=2025-09-07 00:00:00+00:00
[2025-09-07T00:09:37.893+0000] {processor.py:208} INFO - Processing /home/airflow/.local/lib/python3.12/site-packages/airflow/example_dags/example_nested_branch_dag.py took 0.101 seconds
[2025-09-07T00:10:08.076+0000] {processor.py:186} INFO - Started process (PID=5228) to work on /home/airflow/.local/lib/python3.12/site-packages/airflow/example_dags/example_nested_branch_dag.py
[2025-09-07T00:10:08.078+0000] {processor.py:914} INFO - Processing file /home/airflow/.local/lib/python3.12/site-packages/airflow/example_dags/example_nested_branch_dag.py for tasks to queue
[2025-09-07T00:10:08.081+0000] {logging_mixin.py:190} INFO - [2025-09-07T00:10:08.080+0000] {dagbag.py:588} INFO - Filling up the DagBag from /home/airflow/.local/lib/python3.12/site-packages/airflow/example_dags/example_nested_branch_dag.py
[2025-09-07T00:10:08.095+0000] {processor.py:925} INFO - DAG(s) 'example_nested_branch_dag' retrieved from /home/airflow/.local/lib/python3.12/site-packages/airflow/example_dags/example_nested_branch_dag.py
[2025-09-07T00:10:08.122+0000] {logging_mixin.py:190} INFO - [2025-09-07T00:10:08.121+0000] {dag.py:3239} INFO - Sync 1 DAGs
[2025-09-07T00:10:08.150+0000] {logging_mixin.py:190} INFO - [2025-09-07T00:10:08.149+0000] {dag.py:4180} INFO - Setting next_dagrun for example_nested_branch_dag to 2025-09-06 00:00:00+00:00, run_after=2025-09-07 00:00:00+00:00
[2025-09-07T00:10:08.171+0000] {processor.py:208} INFO - Processing /home/airflow/.local/lib/python3.12/site-packages/airflow/example_dags/example_nested_branch_dag.py took 0.104 seconds
[2025-09-07T00:10:38.758+0000] {processor.py:186} INFO - Started process (PID=5294) to work on /home/airflow/.local/lib/python3.12/site-packages/airflow/example_dags/example_nested_branch_dag.py
[2025-09-07T00:10:38.759+0000] {processor.py:914} INFO - Processing file /home/airflow/.local/lib/python3.12/site-packages/airflow/example_dags/example_nested_branch_dag.py for tasks to queue
[2025-09-07T00:10:38.761+0000] {logging_mixin.py:190} INFO - [2025-09-07T00:10:38.761+0000] {dagbag.py:588} INFO - Filling up the DagBag from /home/airflow/.local/lib/python3.12/site-packages/airflow/example_dags/example_nested_branch_dag.py
[2025-09-07T00:10:38.776+0000] {processor.py:925} INFO - DAG(s) 'example_nested_branch_dag' retrieved from /home/airflow/.local/lib/python3.12/site-packages/airflow/example_dags/example_nested_branch_dag.py
[2025-09-07T00:10:38.804+0000] {logging_mixin.py:190} INFO - [2025-09-07T00:10:38.804+0000] {dag.py:3239} INFO - Sync 1 DAGs
[2025-09-07T00:10:38.837+0000] {logging_mixin.py:190} INFO - [2025-09-07T00:10:38.837+0000] {dag.py:4180} INFO - Setting next_dagrun for example_nested_branch_dag to 2025-09-06 00:00:00+00:00, run_after=2025-09-07 00:00:00+00:00
[2025-09-07T00:10:38.859+0000] {processor.py:208} INFO - Processing /home/airflow/.local/lib/python3.12/site-packages/airflow/example_dags/example_nested_branch_dag.py took 0.110 seconds
[2025-09-07T00:11:09.054+0000] {processor.py:186} INFO - Started process (PID=5360) to work on /home/airflow/.local/lib/python3.12/site-packages/airflow/example_dags/example_nested_branch_dag.py
[2025-09-07T00:11:09.055+0000] {processor.py:914} INFO - Processing file /home/airflow/.local/lib/python3.12/site-packages/airflow/example_dags/example_nested_branch_dag.py for tasks to queue
[2025-09-07T00:11:09.057+0000] {logging_mixin.py:190} INFO - [2025-09-07T00:11:09.057+0000] {dagbag.py:588} INFO - Filling up the DagBag from /home/airflow/.local/lib/python3.12/site-packages/airflow/example_dags/example_nested_branch_dag.py
[2025-09-07T00:11:09.070+0000] {processor.py:925} INFO - DAG(s) 'example_nested_branch_dag' retrieved from /home/airflow/.local/lib/python3.12/site-packages/airflow/example_dags/example_nested_branch_dag.py
[2025-09-07T00:11:09.100+0000] {logging_mixin.py:190} INFO - [2025-09-07T00:11:09.100+0000] {dag.py:3239} INFO - Sync 1 DAGs
[2025-09-07T00:11:09.135+0000] {logging_mixin.py:190} INFO - [2025-09-07T00:11:09.134+0000] {dag.py:4180} INFO - Setting next_dagrun for example_nested_branch_dag to 2025-09-06 00:00:00+00:00, run_after=2025-09-07 00:00:00+00:00
[2025-09-07T00:11:09.151+0000] {processor.py:208} INFO - Processing /home/airflow/.local/lib/python3.12/site-packages/airflow/example_dags/example_nested_branch_dag.py took 0.105 seconds
[2025-09-07T00:11:39.723+0000] {processor.py:186} INFO - Started process (PID=5426) to work on /home/airflow/.local/lib/python3.12/site-packages/airflow/example_dags/example_nested_branch_dag.py
[2025-09-07T00:11:39.725+0000] {processor.py:914} INFO - Processing file /home/airflow/.local/lib/python3.12/site-packages/airflow/example_dags/example_nested_branch_dag.py for tasks to queue
[2025-09-07T00:11:39.730+0000] {logging_mixin.py:190} INFO - [2025-09-07T00:11:39.729+0000] {dagbag.py:588} INFO - Filling up the DagBag from /home/airflow/.local/lib/python3.12/site-packages/airflow/example_dags/example_nested_branch_dag.py
[2025-09-07T00:11:39.749+0000] {processor.py:925} INFO - DAG(s) 'example_nested_branch_dag' retrieved from /home/airflow/.local/lib/python3.12/site-packages/airflow/example_dags/example_nested_branch_dag.py
[2025-09-07T00:11:39.786+0000] {logging_mixin.py:190} INFO - [2025-09-07T00:11:39.785+0000] {dag.py:3239} INFO - Sync 1 DAGs
[2025-09-07T00:11:39.821+0000] {logging_mixin.py:190} INFO - [2025-09-07T00:11:39.820+0000] {dag.py:4180} INFO - Setting next_dagrun for example_nested_branch_dag to 2025-09-06 00:00:00+00:00, run_after=2025-09-07 00:00:00+00:00
[2025-09-07T00:11:39.849+0000] {processor.py:208} INFO - Processing /home/airflow/.local/lib/python3.12/site-packages/airflow/example_dags/example_nested_branch_dag.py took 0.133 seconds
[2025-09-07T00:12:09.947+0000] {processor.py:186} INFO - Started process (PID=5493) to work on /home/airflow/.local/lib/python3.12/site-packages/airflow/example_dags/example_nested_branch_dag.py
[2025-09-07T00:12:09.949+0000] {processor.py:914} INFO - Processing file /home/airflow/.local/lib/python3.12/site-packages/airflow/example_dags/example_nested_branch_dag.py for tasks to queue
[2025-09-07T00:12:09.957+0000] {logging_mixin.py:190} INFO - [2025-09-07T00:12:09.957+0000] {dagbag.py:588} INFO - Filling up the DagBag from /home/airflow/.local/lib/python3.12/site-packages/airflow/example_dags/example_nested_branch_dag.py
[2025-09-07T00:12:09.977+0000] {processor.py:925} INFO - DAG(s) 'example_nested_branch_dag' retrieved from /home/airflow/.local/lib/python3.12/site-packages/airflow/example_dags/example_nested_branch_dag.py
[2025-09-07T00:12:10.006+0000] {logging_mixin.py:190} INFO - [2025-09-07T00:12:10.006+0000] {dag.py:3239} INFO - Sync 1 DAGs
[2025-09-07T00:12:10.028+0000] {logging_mixin.py:190} INFO - [2025-09-07T00:12:10.028+0000] {dag.py:4180} INFO - Setting next_dagrun for example_nested_branch_dag to 2025-09-06 00:00:00+00:00, run_after=2025-09-07 00:00:00+00:00
[2025-09-07T00:12:10.049+0000] {processor.py:208} INFO - Processing /home/airflow/.local/lib/python3.12/site-packages/airflow/example_dags/example_nested_branch_dag.py took 0.110 seconds
[2025-09-07T00:12:40.143+0000] {processor.py:186} INFO - Started process (PID=5557) to work on /home/airflow/.local/lib/python3.12/site-packages/airflow/example_dags/example_nested_branch_dag.py
[2025-09-07T00:12:40.145+0000] {processor.py:914} INFO - Processing file /home/airflow/.local/lib/python3.12/site-packages/airflow/example_dags/example_nested_branch_dag.py for tasks to queue
[2025-09-07T00:12:40.148+0000] {logging_mixin.py:190} INFO - [2025-09-07T00:12:40.147+0000] {dagbag.py:588} INFO - Filling up the DagBag from /home/airflow/.local/lib/python3.12/site-packages/airflow/example_dags/example_nested_branch_dag.py
[2025-09-07T00:12:40.169+0000] {processor.py:925} INFO - DAG(s) 'example_nested_branch_dag' retrieved from /home/airflow/.local/lib/python3.12/site-packages/airflow/example_dags/example_nested_branch_dag.py
[2025-09-07T00:12:40.197+0000] {logging_mixin.py:190} INFO - [2025-09-07T00:12:40.197+0000] {dag.py:3239} INFO - Sync 1 DAGs
[2025-09-07T00:12:40.224+0000] {logging_mixin.py:190} INFO - [2025-09-07T00:12:40.224+0000] {dag.py:4180} INFO - Setting next_dagrun for example_nested_branch_dag to 2025-09-06 00:00:00+00:00, run_after=2025-09-07 00:00:00+00:00
[2025-09-07T00:12:40.247+0000] {processor.py:208} INFO - Processing /home/airflow/.local/lib/python3.12/site-packages/airflow/example_dags/example_nested_branch_dag.py took 0.113 seconds
[2025-09-07T00:13:11.273+0000] {processor.py:186} INFO - Started process (PID=5623) to work on /home/airflow/.local/lib/python3.12/site-packages/airflow/example_dags/example_nested_branch_dag.py
[2025-09-07T00:13:11.275+0000] {processor.py:914} INFO - Processing file /home/airflow/.local/lib/python3.12/site-packages/airflow/example_dags/example_nested_branch_dag.py for tasks to queue
[2025-09-07T00:13:11.278+0000] {logging_mixin.py:190} INFO - [2025-09-07T00:13:11.277+0000] {dagbag.py:588} INFO - Filling up the DagBag from /home/airflow/.local/lib/python3.12/site-packages/airflow/example_dags/example_nested_branch_dag.py
[2025-09-07T00:13:11.299+0000] {processor.py:925} INFO - DAG(s) 'example_nested_branch_dag' retrieved from /home/airflow/.local/lib/python3.12/site-packages/airflow/example_dags/example_nested_branch_dag.py
[2025-09-07T00:13:11.329+0000] {logging_mixin.py:190} INFO - [2025-09-07T00:13:11.328+0000] {dag.py:3239} INFO - Sync 1 DAGs
[2025-09-07T00:13:11.371+0000] {logging_mixin.py:190} INFO - [2025-09-07T00:13:11.371+0000] {dag.py:4180} INFO - Setting next_dagrun for example_nested_branch_dag to 2025-09-06 00:00:00+00:00, run_after=2025-09-07 00:00:00+00:00
[2025-09-07T00:13:11.406+0000] {processor.py:208} INFO - Processing /home/airflow/.local/lib/python3.12/site-packages/airflow/example_dags/example_nested_branch_dag.py took 0.140 seconds
[2025-09-07T00:13:42.396+0000] {processor.py:186} INFO - Started process (PID=5689) to work on /home/airflow/.local/lib/python3.12/site-packages/airflow/example_dags/example_nested_branch_dag.py
[2025-09-07T00:13:42.398+0000] {processor.py:914} INFO - Processing file /home/airflow/.local/lib/python3.12/site-packages/airflow/example_dags/example_nested_branch_dag.py for tasks to queue
[2025-09-07T00:13:42.400+0000] {logging_mixin.py:190} INFO - [2025-09-07T00:13:42.399+0000] {dagbag.py:588} INFO - Filling up the DagBag from /home/airflow/.local/lib/python3.12/site-packages/airflow/example_dags/example_nested_branch_dag.py
[2025-09-07T00:13:42.422+0000] {processor.py:925} INFO - DAG(s) 'example_nested_branch_dag' retrieved from /home/airflow/.local/lib/python3.12/site-packages/airflow/example_dags/example_nested_branch_dag.py
[2025-09-07T00:13:42.465+0000] {logging_mixin.py:190} INFO - [2025-09-07T00:13:42.465+0000] {dag.py:3239} INFO - Sync 1 DAGs
[2025-09-07T00:13:42.741+0000] {logging_mixin.py:190} INFO - [2025-09-07T00:13:42.741+0000] {dag.py:4180} INFO - Setting next_dagrun for example_nested_branch_dag to 2025-09-06 00:00:00+00:00, run_after=2025-09-07 00:00:00+00:00
[2025-09-07T00:13:42.765+0000] {processor.py:208} INFO - Processing /home/airflow/.local/lib/python3.12/site-packages/airflow/example_dags/example_nested_branch_dag.py took 0.379 seconds
[2025-09-07T00:14:13.624+0000] {processor.py:186} INFO - Started process (PID=5755) to work on /home/airflow/.local/lib/python3.12/site-packages/airflow/example_dags/example_nested_branch_dag.py
[2025-09-07T00:14:13.628+0000] {processor.py:914} INFO - Processing file /home/airflow/.local/lib/python3.12/site-packages/airflow/example_dags/example_nested_branch_dag.py for tasks to queue
[2025-09-07T00:14:13.630+0000] {logging_mixin.py:190} INFO - [2025-09-07T00:14:13.630+0000] {dagbag.py:588} INFO - Filling up the DagBag from /home/airflow/.local/lib/python3.12/site-packages/airflow/example_dags/example_nested_branch_dag.py
[2025-09-07T00:14:13.650+0000] {processor.py:925} INFO - DAG(s) 'example_nested_branch_dag' retrieved from /home/airflow/.local/lib/python3.12/site-packages/airflow/example_dags/example_nested_branch_dag.py
[2025-09-07T00:14:13.685+0000] {logging_mixin.py:190} INFO - [2025-09-07T00:14:13.684+0000] {dag.py:3239} INFO - Sync 1 DAGs
[2025-09-07T00:14:13.721+0000] {logging_mixin.py:190} INFO - [2025-09-07T00:14:13.721+0000] {dag.py:4180} INFO - Setting next_dagrun for example_nested_branch_dag to 2025-09-06 00:00:00+00:00, run_after=2025-09-07 00:00:00+00:00
[2025-09-07T00:14:13.954+0000] {processor.py:208} INFO - Processing /home/airflow/.local/lib/python3.12/site-packages/airflow/example_dags/example_nested_branch_dag.py took 0.336 seconds
[2025-09-07T00:14:44.274+0000] {processor.py:186} INFO - Started process (PID=5825) to work on /home/airflow/.local/lib/python3.12/site-packages/airflow/example_dags/example_nested_branch_dag.py
[2025-09-07T00:14:44.276+0000] {processor.py:914} INFO - Processing file /home/airflow/.local/lib/python3.12/site-packages/airflow/example_dags/example_nested_branch_dag.py for tasks to queue
[2025-09-07T00:14:44.278+0000] {logging_mixin.py:190} INFO - [2025-09-07T00:14:44.278+0000] {dagbag.py:588} INFO - Filling up the DagBag from /home/airflow/.local/lib/python3.12/site-packages/airflow/example_dags/example_nested_branch_dag.py
[2025-09-07T00:14:44.295+0000] {processor.py:925} INFO - DAG(s) 'example_nested_branch_dag' retrieved from /home/airflow/.local/lib/python3.12/site-packages/airflow/example_dags/example_nested_branch_dag.py
[2025-09-07T00:14:44.325+0000] {logging_mixin.py:190} INFO - [2025-09-07T00:14:44.325+0000] {dag.py:3239} INFO - Sync 1 DAGs
[2025-09-07T00:14:44.358+0000] {logging_mixin.py:190} INFO - [2025-09-07T00:14:44.358+0000] {dag.py:4180} INFO - Setting next_dagrun for example_nested_branch_dag to 2025-09-06 00:00:00+00:00, run_after=2025-09-07 00:00:00+00:00
[2025-09-07T00:14:44.384+0000] {processor.py:208} INFO - Processing /home/airflow/.local/lib/python3.12/site-packages/airflow/example_dags/example_nested_branch_dag.py took 0.118 seconds
[2025-09-07T00:15:14.556+0000] {processor.py:186} INFO - Started process (PID=5891) to work on /home/airflow/.local/lib/python3.12/site-packages/airflow/example_dags/example_nested_branch_dag.py
[2025-09-07T00:15:14.557+0000] {processor.py:914} INFO - Processing file /home/airflow/.local/lib/python3.12/site-packages/airflow/example_dags/example_nested_branch_dag.py for tasks to queue
[2025-09-07T00:15:14.559+0000] {logging_mixin.py:190} INFO - [2025-09-07T00:15:14.558+0000] {dagbag.py:588} INFO - Filling up the DagBag from /home/airflow/.local/lib/python3.12/site-packages/airflow/example_dags/example_nested_branch_dag.py
[2025-09-07T00:15:14.571+0000] {processor.py:925} INFO - DAG(s) 'example_nested_branch_dag' retrieved from /home/airflow/.local/lib/python3.12/site-packages/airflow/example_dags/example_nested_branch_dag.py
[2025-09-07T00:15:14.598+0000] {logging_mixin.py:190} INFO - [2025-09-07T00:15:14.598+0000] {dag.py:3239} INFO - Sync 1 DAGs
[2025-09-07T00:15:14.618+0000] {logging_mixin.py:190} INFO - [2025-09-07T00:15:14.618+0000] {dag.py:4180} INFO - Setting next_dagrun for example_nested_branch_dag to 2025-09-06 00:00:00+00:00, run_after=2025-09-07 00:00:00+00:00
[2025-09-07T00:15:14.635+0000] {processor.py:208} INFO - Processing /home/airflow/.local/lib/python3.12/site-packages/airflow/example_dags/example_nested_branch_dag.py took 0.088 seconds
[2025-09-07T00:15:44.972+0000] {processor.py:186} INFO - Started process (PID=5952) to work on /home/airflow/.local/lib/python3.12/site-packages/airflow/example_dags/example_nested_branch_dag.py
[2025-09-07T00:15:44.974+0000] {processor.py:914} INFO - Processing file /home/airflow/.local/lib/python3.12/site-packages/airflow/example_dags/example_nested_branch_dag.py for tasks to queue
[2025-09-07T00:15:44.977+0000] {logging_mixin.py:190} INFO - [2025-09-07T00:15:44.976+0000] {dagbag.py:588} INFO - Filling up the DagBag from /home/airflow/.local/lib/python3.12/site-packages/airflow/example_dags/example_nested_branch_dag.py
[2025-09-07T00:15:44.999+0000] {processor.py:925} INFO - DAG(s) 'example_nested_branch_dag' retrieved from /home/airflow/.local/lib/python3.12/site-packages/airflow/example_dags/example_nested_branch_dag.py
[2025-09-07T00:15:45.031+0000] {logging_mixin.py:190} INFO - [2025-09-07T00:15:45.030+0000] {dag.py:3239} INFO - Sync 1 DAGs
[2025-09-07T00:15:45.069+0000] {logging_mixin.py:190} INFO - [2025-09-07T00:15:45.069+0000] {dag.py:4180} INFO - Setting next_dagrun for example_nested_branch_dag to 2025-09-06 00:00:00+00:00, run_after=2025-09-07 00:00:00+00:00
[2025-09-07T00:15:45.095+0000] {processor.py:208} INFO - Processing /home/airflow/.local/lib/python3.12/site-packages/airflow/example_dags/example_nested_branch_dag.py took 0.131 seconds
[2025-09-07T00:16:15.574+0000] {processor.py:186} INFO - Started process (PID=6010) to work on /home/airflow/.local/lib/python3.12/site-packages/airflow/example_dags/example_nested_branch_dag.py
[2025-09-07T00:16:15.576+0000] {processor.py:914} INFO - Processing file /home/airflow/.local/lib/python3.12/site-packages/airflow/example_dags/example_nested_branch_dag.py for tasks to queue
[2025-09-07T00:16:15.578+0000] {logging_mixin.py:190} INFO - [2025-09-07T00:16:15.578+0000] {dagbag.py:588} INFO - Filling up the DagBag from /home/airflow/.local/lib/python3.12/site-packages/airflow/example_dags/example_nested_branch_dag.py
[2025-09-07T00:16:15.591+0000] {processor.py:925} INFO - DAG(s) 'example_nested_branch_dag' retrieved from /home/airflow/.local/lib/python3.12/site-packages/airflow/example_dags/example_nested_branch_dag.py
[2025-09-07T00:16:15.621+0000] {logging_mixin.py:190} INFO - [2025-09-07T00:16:15.621+0000] {dag.py:3239} INFO - Sync 1 DAGs
[2025-09-07T00:16:15.660+0000] {logging_mixin.py:190} INFO - [2025-09-07T00:16:15.660+0000] {dag.py:4180} INFO - Setting next_dagrun for example_nested_branch_dag to 2025-09-06 00:00:00+00:00, run_after=2025-09-07 00:00:00+00:00
[2025-09-07T00:16:15.690+0000] {processor.py:208} INFO - Processing /home/airflow/.local/lib/python3.12/site-packages/airflow/example_dags/example_nested_branch_dag.py took 0.125 seconds
[2025-09-07T00:16:46.196+0000] {processor.py:186} INFO - Started process (PID=6076) to work on /home/airflow/.local/lib/python3.12/site-packages/airflow/example_dags/example_nested_branch_dag.py
[2025-09-07T00:16:46.198+0000] {processor.py:914} INFO - Processing file /home/airflow/.local/lib/python3.12/site-packages/airflow/example_dags/example_nested_branch_dag.py for tasks to queue
[2025-09-07T00:16:46.200+0000] {logging_mixin.py:190} INFO - [2025-09-07T00:16:46.200+0000] {dagbag.py:588} INFO - Filling up the DagBag from /home/airflow/.local/lib/python3.12/site-packages/airflow/example_dags/example_nested_branch_dag.py
[2025-09-07T00:16:46.212+0000] {processor.py:925} INFO - DAG(s) 'example_nested_branch_dag' retrieved from /home/airflow/.local/lib/python3.12/site-packages/airflow/example_dags/example_nested_branch_dag.py
[2025-09-07T00:16:46.241+0000] {logging_mixin.py:190} INFO - [2025-09-07T00:16:46.240+0000] {dag.py:3239} INFO - Sync 1 DAGs
[2025-09-07T00:16:46.264+0000] {logging_mixin.py:190} INFO - [2025-09-07T00:16:46.264+0000] {dag.py:4180} INFO - Setting next_dagrun for example_nested_branch_dag to 2025-09-06 00:00:00+00:00, run_after=2025-09-07 00:00:00+00:00
[2025-09-07T00:16:46.285+0000] {processor.py:208} INFO - Processing /home/airflow/.local/lib/python3.12/site-packages/airflow/example_dags/example_nested_branch_dag.py took 0.098 seconds
[2025-09-07T00:17:16.910+0000] {processor.py:186} INFO - Started process (PID=6142) to work on /home/airflow/.local/lib/python3.12/site-packages/airflow/example_dags/example_nested_branch_dag.py
[2025-09-07T00:17:16.912+0000] {processor.py:914} INFO - Processing file /home/airflow/.local/lib/python3.12/site-packages/airflow/example_dags/example_nested_branch_dag.py for tasks to queue
[2025-09-07T00:17:16.915+0000] {logging_mixin.py:190} INFO - [2025-09-07T00:17:16.914+0000] {dagbag.py:588} INFO - Filling up the DagBag from /home/airflow/.local/lib/python3.12/site-packages/airflow/example_dags/example_nested_branch_dag.py
[2025-09-07T00:17:16.936+0000] {processor.py:925} INFO - DAG(s) 'example_nested_branch_dag' retrieved from /home/airflow/.local/lib/python3.12/site-packages/airflow/example_dags/example_nested_branch_dag.py
[2025-09-07T00:17:16.966+0000] {logging_mixin.py:190} INFO - [2025-09-07T00:17:16.965+0000] {dag.py:3239} INFO - Sync 1 DAGs
[2025-09-07T00:17:16.998+0000] {logging_mixin.py:190} INFO - [2025-09-07T00:17:16.997+0000] {dag.py:4180} INFO - Setting next_dagrun for example_nested_branch_dag to 2025-09-06 00:00:00+00:00, run_after=2025-09-07 00:00:00+00:00
[2025-09-07T00:17:17.026+0000] {processor.py:208} INFO - Processing /home/airflow/.local/lib/python3.12/site-packages/airflow/example_dags/example_nested_branch_dag.py took 0.124 seconds
[2025-09-07T00:17:47.573+0000] {processor.py:186} INFO - Started process (PID=6208) to work on /home/airflow/.local/lib/python3.12/site-packages/airflow/example_dags/example_nested_branch_dag.py
[2025-09-07T00:17:47.574+0000] {processor.py:914} INFO - Processing file /home/airflow/.local/lib/python3.12/site-packages/airflow/example_dags/example_nested_branch_dag.py for tasks to queue
[2025-09-07T00:17:47.576+0000] {logging_mixin.py:190} INFO - [2025-09-07T00:17:47.575+0000] {dagbag.py:588} INFO - Filling up the DagBag from /home/airflow/.local/lib/python3.12/site-packages/airflow/example_dags/example_nested_branch_dag.py
[2025-09-07T00:17:47.594+0000] {processor.py:925} INFO - DAG(s) 'example_nested_branch_dag' retrieved from /home/airflow/.local/lib/python3.12/site-packages/airflow/example_dags/example_nested_branch_dag.py
[2025-09-07T00:17:47.623+0000] {logging_mixin.py:190} INFO - [2025-09-07T00:17:47.623+0000] {dag.py:3239} INFO - Sync 1 DAGs
[2025-09-07T00:17:47.646+0000] {logging_mixin.py:190} INFO - [2025-09-07T00:17:47.645+0000] {dag.py:4180} INFO - Setting next_dagrun for example_nested_branch_dag to 2025-09-06 00:00:00+00:00, run_after=2025-09-07 00:00:00+00:00
[2025-09-07T00:17:47.673+0000] {processor.py:208} INFO - Processing /home/airflow/.local/lib/python3.12/site-packages/airflow/example_dags/example_nested_branch_dag.py took 0.106 seconds
[2025-09-07T00:18:18.330+0000] {processor.py:186} INFO - Started process (PID=6274) to work on /home/airflow/.local/lib/python3.12/site-packages/airflow/example_dags/example_nested_branch_dag.py
[2025-09-07T00:18:18.331+0000] {processor.py:914} INFO - Processing file /home/airflow/.local/lib/python3.12/site-packages/airflow/example_dags/example_nested_branch_dag.py for tasks to queue
[2025-09-07T00:18:18.334+0000] {logging_mixin.py:190} INFO - [2025-09-07T00:18:18.334+0000] {dagbag.py:588} INFO - Filling up the DagBag from /home/airflow/.local/lib/python3.12/site-packages/airflow/example_dags/example_nested_branch_dag.py
[2025-09-07T00:18:18.355+0000] {processor.py:925} INFO - DAG(s) 'example_nested_branch_dag' retrieved from /home/airflow/.local/lib/python3.12/site-packages/airflow/example_dags/example_nested_branch_dag.py
[2025-09-07T00:18:18.385+0000] {logging_mixin.py:190} INFO - [2025-09-07T00:18:18.384+0000] {dag.py:3239} INFO - Sync 1 DAGs
[2025-09-07T00:18:18.423+0000] {logging_mixin.py:190} INFO - [2025-09-07T00:18:18.423+0000] {dag.py:4180} INFO - Setting next_dagrun for example_nested_branch_dag to 2025-09-06 00:00:00+00:00, run_after=2025-09-07 00:00:00+00:00
[2025-09-07T00:18:18.459+0000] {processor.py:208} INFO - Processing /home/airflow/.local/lib/python3.12/site-packages/airflow/example_dags/example_nested_branch_dag.py took 0.139 seconds
[2025-09-07T00:18:49.104+0000] {processor.py:186} INFO - Started process (PID=6340) to work on /home/airflow/.local/lib/python3.12/site-packages/airflow/example_dags/example_nested_branch_dag.py
[2025-09-07T00:18:49.106+0000] {processor.py:914} INFO - Processing file /home/airflow/.local/lib/python3.12/site-packages/airflow/example_dags/example_nested_branch_dag.py for tasks to queue
[2025-09-07T00:18:49.108+0000] {logging_mixin.py:190} INFO - [2025-09-07T00:18:49.107+0000] {dagbag.py:588} INFO - Filling up the DagBag from /home/airflow/.local/lib/python3.12/site-packages/airflow/example_dags/example_nested_branch_dag.py
[2025-09-07T00:18:49.128+0000] {processor.py:925} INFO - DAG(s) 'example_nested_branch_dag' retrieved from /home/airflow/.local/lib/python3.12/site-packages/airflow/example_dags/example_nested_branch_dag.py
[2025-09-07T00:18:49.151+0000] {logging_mixin.py:190} INFO - [2025-09-07T00:18:49.151+0000] {dag.py:3239} INFO - Sync 1 DAGs
[2025-09-07T00:18:49.182+0000] {logging_mixin.py:190} INFO - [2025-09-07T00:18:49.182+0000] {dag.py:4180} INFO - Setting next_dagrun for example_nested_branch_dag to 2025-09-06 00:00:00+00:00, run_after=2025-09-07 00:00:00+00:00
[2025-09-07T00:18:49.208+0000] {processor.py:208} INFO - Processing /home/airflow/.local/lib/python3.12/site-packages/airflow/example_dags/example_nested_branch_dag.py took 0.113 seconds
[2025-09-07T00:19:19.702+0000] {processor.py:186} INFO - Started process (PID=6405) to work on /home/airflow/.local/lib/python3.12/site-packages/airflow/example_dags/example_nested_branch_dag.py
[2025-09-07T00:19:19.703+0000] {processor.py:914} INFO - Processing file /home/airflow/.local/lib/python3.12/site-packages/airflow/example_dags/example_nested_branch_dag.py for tasks to queue
[2025-09-07T00:19:19.706+0000] {logging_mixin.py:190} INFO - [2025-09-07T00:19:19.706+0000] {dagbag.py:588} INFO - Filling up the DagBag from /home/airflow/.local/lib/python3.12/site-packages/airflow/example_dags/example_nested_branch_dag.py
[2025-09-07T00:19:19.722+0000] {processor.py:925} INFO - DAG(s) 'example_nested_branch_dag' retrieved from /home/airflow/.local/lib/python3.12/site-packages/airflow/example_dags/example_nested_branch_dag.py
[2025-09-07T00:19:19.751+0000] {logging_mixin.py:190} INFO - [2025-09-07T00:19:19.751+0000] {dag.py:3239} INFO - Sync 1 DAGs
[2025-09-07T00:19:19.784+0000] {logging_mixin.py:190} INFO - [2025-09-07T00:19:19.784+0000] {dag.py:4180} INFO - Setting next_dagrun for example_nested_branch_dag to 2025-09-06 00:00:00+00:00, run_after=2025-09-07 00:00:00+00:00
[2025-09-07T00:19:19.810+0000] {processor.py:208} INFO - Processing /home/airflow/.local/lib/python3.12/site-packages/airflow/example_dags/example_nested_branch_dag.py took 0.119 seconds
[2025-09-07T00:19:50.559+0000] {processor.py:186} INFO - Started process (PID=6471) to work on /home/airflow/.local/lib/python3.12/site-packages/airflow/example_dags/example_nested_branch_dag.py
[2025-09-07T00:19:50.562+0000] {processor.py:914} INFO - Processing file /home/airflow/.local/lib/python3.12/site-packages/airflow/example_dags/example_nested_branch_dag.py for tasks to queue
[2025-09-07T00:19:50.564+0000] {logging_mixin.py:190} INFO - [2025-09-07T00:19:50.564+0000] {dagbag.py:588} INFO - Filling up the DagBag from /home/airflow/.local/lib/python3.12/site-packages/airflow/example_dags/example_nested_branch_dag.py
[2025-09-07T00:19:50.583+0000] {processor.py:925} INFO - DAG(s) 'example_nested_branch_dag' retrieved from /home/airflow/.local/lib/python3.12/site-packages/airflow/example_dags/example_nested_branch_dag.py
[2025-09-07T00:19:50.614+0000] {logging_mixin.py:190} INFO - [2025-09-07T00:19:50.614+0000] {dag.py:3239} INFO - Sync 1 DAGs
[2025-09-07T00:19:50.641+0000] {logging_mixin.py:190} INFO - [2025-09-07T00:19:50.641+0000] {dag.py:4180} INFO - Setting next_dagrun for example_nested_branch_dag to 2025-09-06 00:00:00+00:00, run_after=2025-09-07 00:00:00+00:00
[2025-09-07T00:19:50.658+0000] {processor.py:208} INFO - Processing /home/airflow/.local/lib/python3.12/site-packages/airflow/example_dags/example_nested_branch_dag.py took 0.108 seconds
[2025-09-07T00:20:21.270+0000] {processor.py:186} INFO - Started process (PID=6537) to work on /home/airflow/.local/lib/python3.12/site-packages/airflow/example_dags/example_nested_branch_dag.py
[2025-09-07T00:20:21.272+0000] {processor.py:914} INFO - Processing file /home/airflow/.local/lib/python3.12/site-packages/airflow/example_dags/example_nested_branch_dag.py for tasks to queue
[2025-09-07T00:20:21.275+0000] {logging_mixin.py:190} INFO - [2025-09-07T00:20:21.274+0000] {dagbag.py:588} INFO - Filling up the DagBag from /home/airflow/.local/lib/python3.12/site-packages/airflow/example_dags/example_nested_branch_dag.py
[2025-09-07T00:20:21.298+0000] {processor.py:925} INFO - DAG(s) 'example_nested_branch_dag' retrieved from /home/airflow/.local/lib/python3.12/site-packages/airflow/example_dags/example_nested_branch_dag.py
[2025-09-07T00:20:21.329+0000] {logging_mixin.py:190} INFO - [2025-09-07T00:20:21.329+0000] {dag.py:3239} INFO - Sync 1 DAGs
[2025-09-07T00:20:21.370+0000] {logging_mixin.py:190} INFO - [2025-09-07T00:20:21.370+0000] {dag.py:4180} INFO - Setting next_dagrun for example_nested_branch_dag to 2025-09-06 00:00:00+00:00, run_after=2025-09-07 00:00:00+00:00
[2025-09-07T00:20:21.395+0000] {processor.py:208} INFO - Processing /home/airflow/.local/lib/python3.12/site-packages/airflow/example_dags/example_nested_branch_dag.py took 0.136 seconds
