[2025-09-07T00:00:25.343+0000] {processor.py:186} INFO - Started process (PID=3970) to work on /home/airflow/.local/lib/python3.12/site-packages/airflow/example_dags/example_complex.py
[2025-09-07T00:00:25.344+0000] {processor.py:914} INFO - Processing file /home/airflow/.local/lib/python3.12/site-packages/airflow/example_dags/example_complex.py for tasks to queue
[2025-09-07T00:00:25.347+0000] {logging_mixin.py:190} INFO - [2025-09-07T00:00:25.346+0000] {dagbag.py:588} INFO - Filling up the DagBag from /home/airflow/.local/lib/python3.12/site-packages/airflow/example_dags/example_complex.py
[2025-09-07T00:00:25.365+0000] {processor.py:925} INFO - DAG(s) 'example_complex' retrieved from /home/airflow/.local/lib/python3.12/site-packages/airflow/example_dags/example_complex.py
[2025-09-07T00:00:25.406+0000] {logging_mixin.py:190} INFO - [2025-09-07T00:00:25.406+0000] {dag.py:3239} INFO - Sync 1 DAGs
[2025-09-07T00:00:25.421+0000] {logging_mixin.py:190} INFO - [2025-09-07T00:00:25.421+0000] {dag.py:4180} INFO - Setting next_dagrun for example_complex to None, run_after=None
[2025-09-07T00:00:25.446+0000] {processor.py:208} INFO - Processing /home/airflow/.local/lib/python3.12/site-packages/airflow/example_dags/example_complex.py took 0.112 seconds
[2025-09-07T00:00:56.054+0000] {processor.py:186} INFO - Started process (PID=4036) to work on /home/airflow/.local/lib/python3.12/site-packages/airflow/example_dags/example_complex.py
[2025-09-07T00:00:56.055+0000] {processor.py:914} INFO - Processing file /home/airflow/.local/lib/python3.12/site-packages/airflow/example_dags/example_complex.py for tasks to queue
[2025-09-07T00:00:56.057+0000] {logging_mixin.py:190} INFO - [2025-09-07T00:00:56.056+0000] {dagbag.py:588} INFO - Filling up the DagBag from /home/airflow/.local/lib/python3.12/site-packages/airflow/example_dags/example_complex.py
[2025-09-07T00:00:56.069+0000] {processor.py:925} INFO - DAG(s) 'example_complex' retrieved from /home/airflow/.local/lib/python3.12/site-packages/airflow/example_dags/example_complex.py
[2025-09-07T00:00:56.103+0000] {logging_mixin.py:190} INFO - [2025-09-07T00:00:56.103+0000] {dag.py:3239} INFO - Sync 1 DAGs
[2025-09-07T00:00:56.124+0000] {logging_mixin.py:190} INFO - [2025-09-07T00:00:56.124+0000] {dag.py:4180} INFO - Setting next_dagrun for example_complex to None, run_after=None
[2025-09-07T00:00:56.146+0000] {processor.py:208} INFO - Processing /home/airflow/.local/lib/python3.12/site-packages/airflow/example_dags/example_complex.py took 0.096 seconds
[2025-09-07T00:01:26.242+0000] {processor.py:186} INFO - Started process (PID=4102) to work on /home/airflow/.local/lib/python3.12/site-packages/airflow/example_dags/example_complex.py
[2025-09-07T00:01:26.243+0000] {processor.py:914} INFO - Processing file /home/airflow/.local/lib/python3.12/site-packages/airflow/example_dags/example_complex.py for tasks to queue
[2025-09-07T00:01:26.245+0000] {logging_mixin.py:190} INFO - [2025-09-07T00:01:26.244+0000] {dagbag.py:588} INFO - Filling up the DagBag from /home/airflow/.local/lib/python3.12/site-packages/airflow/example_dags/example_complex.py
[2025-09-07T00:01:26.267+0000] {processor.py:925} INFO - DAG(s) 'example_complex' retrieved from /home/airflow/.local/lib/python3.12/site-packages/airflow/example_dags/example_complex.py
[2025-09-07T00:01:26.308+0000] {logging_mixin.py:190} INFO - [2025-09-07T00:01:26.307+0000] {dag.py:3239} INFO - Sync 1 DAGs
[2025-09-07T00:01:26.329+0000] {logging_mixin.py:190} INFO - [2025-09-07T00:01:26.328+0000] {dag.py:4180} INFO - Setting next_dagrun for example_complex to None, run_after=None
[2025-09-07T00:01:26.362+0000] {processor.py:208} INFO - Processing /home/airflow/.local/lib/python3.12/site-packages/airflow/example_dags/example_complex.py took 0.129 seconds
[2025-09-07T00:01:57.095+0000] {processor.py:186} INFO - Started process (PID=4167) to work on /home/airflow/.local/lib/python3.12/site-packages/airflow/example_dags/example_complex.py
[2025-09-07T00:01:57.096+0000] {processor.py:914} INFO - Processing file /home/airflow/.local/lib/python3.12/site-packages/airflow/example_dags/example_complex.py for tasks to queue
[2025-09-07T00:01:57.099+0000] {logging_mixin.py:190} INFO - [2025-09-07T00:01:57.098+0000] {dagbag.py:588} INFO - Filling up the DagBag from /home/airflow/.local/lib/python3.12/site-packages/airflow/example_dags/example_complex.py
[2025-09-07T00:01:57.118+0000] {processor.py:925} INFO - DAG(s) 'example_complex' retrieved from /home/airflow/.local/lib/python3.12/site-packages/airflow/example_dags/example_complex.py
[2025-09-07T00:01:57.160+0000] {logging_mixin.py:190} INFO - [2025-09-07T00:01:57.160+0000] {dag.py:3239} INFO - Sync 1 DAGs
[2025-09-07T00:01:57.181+0000] {logging_mixin.py:190} INFO - [2025-09-07T00:01:57.180+0000] {dag.py:4180} INFO - Setting next_dagrun for example_complex to None, run_after=None
[2025-09-07T00:01:57.206+0000] {processor.py:208} INFO - Processing /home/airflow/.local/lib/python3.12/site-packages/airflow/example_dags/example_complex.py took 0.119 seconds
[2025-09-07T00:02:27.970+0000] {processor.py:186} INFO - Started process (PID=4233) to work on /home/airflow/.local/lib/python3.12/site-packages/airflow/example_dags/example_complex.py
[2025-09-07T00:02:27.972+0000] {processor.py:914} INFO - Processing file /home/airflow/.local/lib/python3.12/site-packages/airflow/example_dags/example_complex.py for tasks to queue
[2025-09-07T00:02:27.974+0000] {logging_mixin.py:190} INFO - [2025-09-07T00:02:27.974+0000] {dagbag.py:588} INFO - Filling up the DagBag from /home/airflow/.local/lib/python3.12/site-packages/airflow/example_dags/example_complex.py
[2025-09-07T00:02:27.993+0000] {processor.py:925} INFO - DAG(s) 'example_complex' retrieved from /home/airflow/.local/lib/python3.12/site-packages/airflow/example_dags/example_complex.py
[2025-09-07T00:02:28.031+0000] {logging_mixin.py:190} INFO - [2025-09-07T00:02:28.031+0000] {dag.py:3239} INFO - Sync 1 DAGs
[2025-09-07T00:02:28.052+0000] {logging_mixin.py:190} INFO - [2025-09-07T00:02:28.052+0000] {dag.py:4180} INFO - Setting next_dagrun for example_complex to None, run_after=None
[2025-09-07T00:02:28.076+0000] {processor.py:208} INFO - Processing /home/airflow/.local/lib/python3.12/site-packages/airflow/example_dags/example_complex.py took 0.114 seconds
[2025-09-07T00:02:58.870+0000] {processor.py:186} INFO - Started process (PID=4299) to work on /home/airflow/.local/lib/python3.12/site-packages/airflow/example_dags/example_complex.py
[2025-09-07T00:02:58.873+0000] {processor.py:914} INFO - Processing file /home/airflow/.local/lib/python3.12/site-packages/airflow/example_dags/example_complex.py for tasks to queue
[2025-09-07T00:02:58.875+0000] {logging_mixin.py:190} INFO - [2025-09-07T00:02:58.874+0000] {dagbag.py:588} INFO - Filling up the DagBag from /home/airflow/.local/lib/python3.12/site-packages/airflow/example_dags/example_complex.py
[2025-09-07T00:02:58.885+0000] {processor.py:925} INFO - DAG(s) 'example_complex' retrieved from /home/airflow/.local/lib/python3.12/site-packages/airflow/example_dags/example_complex.py
[2025-09-07T00:02:58.924+0000] {logging_mixin.py:190} INFO - [2025-09-07T00:02:58.924+0000] {dag.py:3239} INFO - Sync 1 DAGs
[2025-09-07T00:02:58.945+0000] {logging_mixin.py:190} INFO - [2025-09-07T00:02:58.945+0000] {dag.py:4180} INFO - Setting next_dagrun for example_complex to None, run_after=None
[2025-09-07T00:02:58.972+0000] {processor.py:208} INFO - Processing /home/airflow/.local/lib/python3.12/site-packages/airflow/example_dags/example_complex.py took 0.109 seconds
[2025-09-07T00:03:29.658+0000] {processor.py:186} INFO - Started process (PID=4365) to work on /home/airflow/.local/lib/python3.12/site-packages/airflow/example_dags/example_complex.py
[2025-09-07T00:03:29.659+0000] {processor.py:914} INFO - Processing file /home/airflow/.local/lib/python3.12/site-packages/airflow/example_dags/example_complex.py for tasks to queue
[2025-09-07T00:03:29.661+0000] {logging_mixin.py:190} INFO - [2025-09-07T00:03:29.661+0000] {dagbag.py:588} INFO - Filling up the DagBag from /home/airflow/.local/lib/python3.12/site-packages/airflow/example_dags/example_complex.py
[2025-09-07T00:03:29.676+0000] {processor.py:925} INFO - DAG(s) 'example_complex' retrieved from /home/airflow/.local/lib/python3.12/site-packages/airflow/example_dags/example_complex.py
[2025-09-07T00:03:29.719+0000] {logging_mixin.py:190} INFO - [2025-09-07T00:03:29.718+0000] {dag.py:3239} INFO - Sync 1 DAGs
[2025-09-07T00:03:29.743+0000] {logging_mixin.py:190} INFO - [2025-09-07T00:03:29.743+0000] {dag.py:4180} INFO - Setting next_dagrun for example_complex to None, run_after=None
[2025-09-07T00:03:29.772+0000] {processor.py:208} INFO - Processing /home/airflow/.local/lib/python3.12/site-packages/airflow/example_dags/example_complex.py took 0.120 seconds
[2025-09-07T00:04:00.023+0000] {processor.py:186} INFO - Started process (PID=4431) to work on /home/airflow/.local/lib/python3.12/site-packages/airflow/example_dags/example_complex.py
[2025-09-07T00:04:00.027+0000] {processor.py:914} INFO - Processing file /home/airflow/.local/lib/python3.12/site-packages/airflow/example_dags/example_complex.py for tasks to queue
[2025-09-07T00:04:00.030+0000] {logging_mixin.py:190} INFO - [2025-09-07T00:04:00.029+0000] {dagbag.py:588} INFO - Filling up the DagBag from /home/airflow/.local/lib/python3.12/site-packages/airflow/example_dags/example_complex.py
[2025-09-07T00:04:00.048+0000] {processor.py:925} INFO - DAG(s) 'example_complex' retrieved from /home/airflow/.local/lib/python3.12/site-packages/airflow/example_dags/example_complex.py
[2025-09-07T00:04:00.084+0000] {logging_mixin.py:190} INFO - [2025-09-07T00:04:00.084+0000] {dag.py:3239} INFO - Sync 1 DAGs
[2025-09-07T00:04:00.106+0000] {logging_mixin.py:190} INFO - [2025-09-07T00:04:00.106+0000] {dag.py:4180} INFO - Setting next_dagrun for example_complex to None, run_after=None
[2025-09-07T00:04:00.133+0000] {processor.py:208} INFO - Processing /home/airflow/.local/lib/python3.12/site-packages/airflow/example_dags/example_complex.py took 0.118 seconds
[2025-09-07T00:04:30.748+0000] {processor.py:186} INFO - Started process (PID=4497) to work on /home/airflow/.local/lib/python3.12/site-packages/airflow/example_dags/example_complex.py
[2025-09-07T00:04:30.753+0000] {processor.py:914} INFO - Processing file /home/airflow/.local/lib/python3.12/site-packages/airflow/example_dags/example_complex.py for tasks to queue
[2025-09-07T00:04:30.763+0000] {logging_mixin.py:190} INFO - [2025-09-07T00:04:30.763+0000] {dagbag.py:588} INFO - Filling up the DagBag from /home/airflow/.local/lib/python3.12/site-packages/airflow/example_dags/example_complex.py
[2025-09-07T00:04:30.793+0000] {processor.py:925} INFO - DAG(s) 'example_complex' retrieved from /home/airflow/.local/lib/python3.12/site-packages/airflow/example_dags/example_complex.py
[2025-09-07T00:04:30.898+0000] {logging_mixin.py:190} INFO - [2025-09-07T00:04:30.897+0000] {dag.py:3239} INFO - Sync 1 DAGs
[2025-09-07T00:04:30.958+0000] {logging_mixin.py:190} INFO - [2025-09-07T00:04:30.957+0000] {dag.py:4180} INFO - Setting next_dagrun for example_complex to None, run_after=None
[2025-09-07T00:04:31.031+0000] {processor.py:208} INFO - Processing /home/airflow/.local/lib/python3.12/site-packages/airflow/example_dags/example_complex.py took 0.292 seconds
[2025-09-07T00:05:01.657+0000] {processor.py:186} INFO - Started process (PID=4563) to work on /home/airflow/.local/lib/python3.12/site-packages/airflow/example_dags/example_complex.py
[2025-09-07T00:05:01.658+0000] {processor.py:914} INFO - Processing file /home/airflow/.local/lib/python3.12/site-packages/airflow/example_dags/example_complex.py for tasks to queue
[2025-09-07T00:05:01.661+0000] {logging_mixin.py:190} INFO - [2025-09-07T00:05:01.660+0000] {dagbag.py:588} INFO - Filling up the DagBag from /home/airflow/.local/lib/python3.12/site-packages/airflow/example_dags/example_complex.py
[2025-09-07T00:05:01.681+0000] {processor.py:925} INFO - DAG(s) 'example_complex' retrieved from /home/airflow/.local/lib/python3.12/site-packages/airflow/example_dags/example_complex.py
[2025-09-07T00:05:01.736+0000] {logging_mixin.py:190} INFO - [2025-09-07T00:05:01.735+0000] {dag.py:3239} INFO - Sync 1 DAGs
[2025-09-07T00:05:01.758+0000] {logging_mixin.py:190} INFO - [2025-09-07T00:05:01.758+0000] {dag.py:4180} INFO - Setting next_dagrun for example_complex to None, run_after=None
[2025-09-07T00:05:01.788+0000] {processor.py:208} INFO - Processing /home/airflow/.local/lib/python3.12/site-packages/airflow/example_dags/example_complex.py took 0.139 seconds
[2025-09-07T00:05:32.722+0000] {processor.py:186} INFO - Started process (PID=4629) to work on /home/airflow/.local/lib/python3.12/site-packages/airflow/example_dags/example_complex.py
[2025-09-07T00:05:32.724+0000] {processor.py:914} INFO - Processing file /home/airflow/.local/lib/python3.12/site-packages/airflow/example_dags/example_complex.py for tasks to queue
[2025-09-07T00:05:32.728+0000] {logging_mixin.py:190} INFO - [2025-09-07T00:05:32.728+0000] {dagbag.py:588} INFO - Filling up the DagBag from /home/airflow/.local/lib/python3.12/site-packages/airflow/example_dags/example_complex.py
[2025-09-07T00:05:32.746+0000] {processor.py:925} INFO - DAG(s) 'example_complex' retrieved from /home/airflow/.local/lib/python3.12/site-packages/airflow/example_dags/example_complex.py
[2025-09-07T00:05:32.790+0000] {logging_mixin.py:190} INFO - [2025-09-07T00:05:32.789+0000] {dag.py:3239} INFO - Sync 1 DAGs
[2025-09-07T00:05:32.809+0000] {logging_mixin.py:190} INFO - [2025-09-07T00:05:32.809+0000] {dag.py:4180} INFO - Setting next_dagrun for example_complex to None, run_after=None
[2025-09-07T00:05:32.832+0000] {processor.py:208} INFO - Processing /home/airflow/.local/lib/python3.12/site-packages/airflow/example_dags/example_complex.py took 0.118 seconds
[2025-09-07T00:06:03.634+0000] {processor.py:186} INFO - Started process (PID=4695) to work on /home/airflow/.local/lib/python3.12/site-packages/airflow/example_dags/example_complex.py
[2025-09-07T00:06:03.637+0000] {processor.py:914} INFO - Processing file /home/airflow/.local/lib/python3.12/site-packages/airflow/example_dags/example_complex.py for tasks to queue
[2025-09-07T00:06:03.639+0000] {logging_mixin.py:190} INFO - [2025-09-07T00:06:03.638+0000] {dagbag.py:588} INFO - Filling up the DagBag from /home/airflow/.local/lib/python3.12/site-packages/airflow/example_dags/example_complex.py
[2025-09-07T00:06:03.662+0000] {processor.py:925} INFO - DAG(s) 'example_complex' retrieved from /home/airflow/.local/lib/python3.12/site-packages/airflow/example_dags/example_complex.py
[2025-09-07T00:06:03.708+0000] {logging_mixin.py:190} INFO - [2025-09-07T00:06:03.708+0000] {dag.py:3239} INFO - Sync 1 DAGs
[2025-09-07T00:06:03.730+0000] {logging_mixin.py:190} INFO - [2025-09-07T00:06:03.730+0000] {dag.py:4180} INFO - Setting next_dagrun for example_complex to None, run_after=None
[2025-09-07T00:06:03.757+0000] {processor.py:208} INFO - Processing /home/airflow/.local/lib/python3.12/site-packages/airflow/example_dags/example_complex.py took 0.132 seconds
[2025-09-07T00:06:34.053+0000] {processor.py:186} INFO - Started process (PID=4761) to work on /home/airflow/.local/lib/python3.12/site-packages/airflow/example_dags/example_complex.py
[2025-09-07T00:06:34.055+0000] {processor.py:914} INFO - Processing file /home/airflow/.local/lib/python3.12/site-packages/airflow/example_dags/example_complex.py for tasks to queue
[2025-09-07T00:06:34.057+0000] {logging_mixin.py:190} INFO - [2025-09-07T00:06:34.057+0000] {dagbag.py:588} INFO - Filling up the DagBag from /home/airflow/.local/lib/python3.12/site-packages/airflow/example_dags/example_complex.py
[2025-09-07T00:06:34.068+0000] {processor.py:925} INFO - DAG(s) 'example_complex' retrieved from /home/airflow/.local/lib/python3.12/site-packages/airflow/example_dags/example_complex.py
[2025-09-07T00:06:34.107+0000] {logging_mixin.py:190} INFO - [2025-09-07T00:06:34.106+0000] {dag.py:3239} INFO - Sync 1 DAGs
[2025-09-07T00:06:34.130+0000] {logging_mixin.py:190} INFO - [2025-09-07T00:06:34.129+0000] {dag.py:4180} INFO - Setting next_dagrun for example_complex to None, run_after=None
[2025-09-07T00:06:34.153+0000] {processor.py:208} INFO - Processing /home/airflow/.local/lib/python3.12/site-packages/airflow/example_dags/example_complex.py took 0.107 seconds
[2025-09-07T00:07:04.380+0000] {processor.py:186} INFO - Started process (PID=4825) to work on /home/airflow/.local/lib/python3.12/site-packages/airflow/example_dags/example_complex.py
[2025-09-07T00:07:04.382+0000] {processor.py:914} INFO - Processing file /home/airflow/.local/lib/python3.12/site-packages/airflow/example_dags/example_complex.py for tasks to queue
[2025-09-07T00:07:04.384+0000] {logging_mixin.py:190} INFO - [2025-09-07T00:07:04.384+0000] {dagbag.py:588} INFO - Filling up the DagBag from /home/airflow/.local/lib/python3.12/site-packages/airflow/example_dags/example_complex.py
[2025-09-07T00:07:04.403+0000] {processor.py:925} INFO - DAG(s) 'example_complex' retrieved from /home/airflow/.local/lib/python3.12/site-packages/airflow/example_dags/example_complex.py
[2025-09-07T00:07:04.463+0000] {logging_mixin.py:190} INFO - [2025-09-07T00:07:04.463+0000] {dag.py:3239} INFO - Sync 1 DAGs
[2025-09-07T00:07:04.499+0000] {logging_mixin.py:190} INFO - [2025-09-07T00:07:04.499+0000] {dag.py:4180} INFO - Setting next_dagrun for example_complex to None, run_after=None
[2025-09-07T00:07:04.552+0000] {processor.py:208} INFO - Processing /home/airflow/.local/lib/python3.12/site-packages/airflow/example_dags/example_complex.py took 0.190 seconds
[2025-09-07T00:07:35.501+0000] {processor.py:186} INFO - Started process (PID=4882) to work on /home/airflow/.local/lib/python3.12/site-packages/airflow/example_dags/example_complex.py
[2025-09-07T00:07:35.503+0000] {processor.py:914} INFO - Processing file /home/airflow/.local/lib/python3.12/site-packages/airflow/example_dags/example_complex.py for tasks to queue
[2025-09-07T00:07:35.505+0000] {logging_mixin.py:190} INFO - [2025-09-07T00:07:35.505+0000] {dagbag.py:588} INFO - Filling up the DagBag from /home/airflow/.local/lib/python3.12/site-packages/airflow/example_dags/example_complex.py
[2025-09-07T00:07:35.523+0000] {processor.py:925} INFO - DAG(s) 'example_complex' retrieved from /home/airflow/.local/lib/python3.12/site-packages/airflow/example_dags/example_complex.py
[2025-09-07T00:07:35.564+0000] {logging_mixin.py:190} INFO - [2025-09-07T00:07:35.563+0000] {dag.py:3239} INFO - Sync 1 DAGs
[2025-09-07T00:07:35.584+0000] {logging_mixin.py:190} INFO - [2025-09-07T00:07:35.583+0000] {dag.py:4180} INFO - Setting next_dagrun for example_complex to None, run_after=None
[2025-09-07T00:07:35.607+0000] {processor.py:208} INFO - Processing /home/airflow/.local/lib/python3.12/site-packages/airflow/example_dags/example_complex.py took 0.112 seconds
[2025-09-07T00:08:06.093+0000] {processor.py:186} INFO - Started process (PID=4946) to work on /home/airflow/.local/lib/python3.12/site-packages/airflow/example_dags/example_complex.py
[2025-09-07T00:08:06.094+0000] {processor.py:914} INFO - Processing file /home/airflow/.local/lib/python3.12/site-packages/airflow/example_dags/example_complex.py for tasks to queue
[2025-09-07T00:08:06.098+0000] {logging_mixin.py:190} INFO - [2025-09-07T00:08:06.097+0000] {dagbag.py:588} INFO - Filling up the DagBag from /home/airflow/.local/lib/python3.12/site-packages/airflow/example_dags/example_complex.py
[2025-09-07T00:08:06.114+0000] {processor.py:925} INFO - DAG(s) 'example_complex' retrieved from /home/airflow/.local/lib/python3.12/site-packages/airflow/example_dags/example_complex.py
[2025-09-07T00:08:06.152+0000] {logging_mixin.py:190} INFO - [2025-09-07T00:08:06.152+0000] {dag.py:3239} INFO - Sync 1 DAGs
[2025-09-07T00:08:06.174+0000] {logging_mixin.py:190} INFO - [2025-09-07T00:08:06.174+0000] {dag.py:4180} INFO - Setting next_dagrun for example_complex to None, run_after=None
[2025-09-07T00:08:06.199+0000] {processor.py:208} INFO - Processing /home/airflow/.local/lib/python3.12/site-packages/airflow/example_dags/example_complex.py took 0.115 seconds
[2025-09-07T00:08:36.243+0000] {processor.py:186} INFO - Started process (PID=5012) to work on /home/airflow/.local/lib/python3.12/site-packages/airflow/example_dags/example_complex.py
[2025-09-07T00:08:36.244+0000] {processor.py:914} INFO - Processing file /home/airflow/.local/lib/python3.12/site-packages/airflow/example_dags/example_complex.py for tasks to queue
[2025-09-07T00:08:36.245+0000] {logging_mixin.py:190} INFO - [2025-09-07T00:08:36.245+0000] {dagbag.py:588} INFO - Filling up the DagBag from /home/airflow/.local/lib/python3.12/site-packages/airflow/example_dags/example_complex.py
[2025-09-07T00:08:36.254+0000] {processor.py:925} INFO - DAG(s) 'example_complex' retrieved from /home/airflow/.local/lib/python3.12/site-packages/airflow/example_dags/example_complex.py
[2025-09-07T00:08:36.282+0000] {logging_mixin.py:190} INFO - [2025-09-07T00:08:36.281+0000] {dag.py:3239} INFO - Sync 1 DAGs
[2025-09-07T00:08:36.301+0000] {logging_mixin.py:190} INFO - [2025-09-07T00:08:36.301+0000] {dag.py:4180} INFO - Setting next_dagrun for example_complex to None, run_after=None
[2025-09-07T00:08:36.326+0000] {processor.py:208} INFO - Processing /home/airflow/.local/lib/python3.12/site-packages/airflow/example_dags/example_complex.py took 0.088 seconds
[2025-09-07T00:09:06.428+0000] {processor.py:186} INFO - Started process (PID=5078) to work on /home/airflow/.local/lib/python3.12/site-packages/airflow/example_dags/example_complex.py
[2025-09-07T00:09:06.429+0000] {processor.py:914} INFO - Processing file /home/airflow/.local/lib/python3.12/site-packages/airflow/example_dags/example_complex.py for tasks to queue
[2025-09-07T00:09:06.430+0000] {logging_mixin.py:190} INFO - [2025-09-07T00:09:06.430+0000] {dagbag.py:588} INFO - Filling up the DagBag from /home/airflow/.local/lib/python3.12/site-packages/airflow/example_dags/example_complex.py
[2025-09-07T00:09:06.445+0000] {processor.py:925} INFO - DAG(s) 'example_complex' retrieved from /home/airflow/.local/lib/python3.12/site-packages/airflow/example_dags/example_complex.py
[2025-09-07T00:09:06.479+0000] {logging_mixin.py:190} INFO - [2025-09-07T00:09:06.478+0000] {dag.py:3239} INFO - Sync 1 DAGs
[2025-09-07T00:09:06.498+0000] {logging_mixin.py:190} INFO - [2025-09-07T00:09:06.498+0000] {dag.py:4180} INFO - Setting next_dagrun for example_complex to None, run_after=None
[2025-09-07T00:09:06.518+0000] {processor.py:208} INFO - Processing /home/airflow/.local/lib/python3.12/site-packages/airflow/example_dags/example_complex.py took 0.098 seconds
[2025-09-07T00:09:37.322+0000] {processor.py:186} INFO - Started process (PID=5144) to work on /home/airflow/.local/lib/python3.12/site-packages/airflow/example_dags/example_complex.py
[2025-09-07T00:09:37.324+0000] {processor.py:914} INFO - Processing file /home/airflow/.local/lib/python3.12/site-packages/airflow/example_dags/example_complex.py for tasks to queue
[2025-09-07T00:09:37.326+0000] {logging_mixin.py:190} INFO - [2025-09-07T00:09:37.326+0000] {dagbag.py:588} INFO - Filling up the DagBag from /home/airflow/.local/lib/python3.12/site-packages/airflow/example_dags/example_complex.py
[2025-09-07T00:09:37.341+0000] {processor.py:925} INFO - DAG(s) 'example_complex' retrieved from /home/airflow/.local/lib/python3.12/site-packages/airflow/example_dags/example_complex.py
[2025-09-07T00:09:37.380+0000] {logging_mixin.py:190} INFO - [2025-09-07T00:09:37.380+0000] {dag.py:3239} INFO - Sync 1 DAGs
[2025-09-07T00:09:37.395+0000] {logging_mixin.py:190} INFO - [2025-09-07T00:09:37.395+0000] {dag.py:4180} INFO - Setting next_dagrun for example_complex to None, run_after=None
[2025-09-07T00:09:37.421+0000] {processor.py:208} INFO - Processing /home/airflow/.local/lib/python3.12/site-packages/airflow/example_dags/example_complex.py took 0.108 seconds
[2025-09-07T00:10:07.602+0000] {processor.py:186} INFO - Started process (PID=5210) to work on /home/airflow/.local/lib/python3.12/site-packages/airflow/example_dags/example_complex.py
[2025-09-07T00:10:07.604+0000] {processor.py:914} INFO - Processing file /home/airflow/.local/lib/python3.12/site-packages/airflow/example_dags/example_complex.py for tasks to queue
[2025-09-07T00:10:07.605+0000] {logging_mixin.py:190} INFO - [2025-09-07T00:10:07.605+0000] {dagbag.py:588} INFO - Filling up the DagBag from /home/airflow/.local/lib/python3.12/site-packages/airflow/example_dags/example_complex.py
[2025-09-07T00:10:07.627+0000] {processor.py:925} INFO - DAG(s) 'example_complex' retrieved from /home/airflow/.local/lib/python3.12/site-packages/airflow/example_dags/example_complex.py
[2025-09-07T00:10:07.663+0000] {logging_mixin.py:190} INFO - [2025-09-07T00:10:07.663+0000] {dag.py:3239} INFO - Sync 1 DAGs
[2025-09-07T00:10:07.684+0000] {logging_mixin.py:190} INFO - [2025-09-07T00:10:07.684+0000] {dag.py:4180} INFO - Setting next_dagrun for example_complex to None, run_after=None
[2025-09-07T00:10:07.709+0000] {processor.py:208} INFO - Processing /home/airflow/.local/lib/python3.12/site-packages/airflow/example_dags/example_complex.py took 0.113 seconds
[2025-09-07T00:10:38.312+0000] {processor.py:186} INFO - Started process (PID=5276) to work on /home/airflow/.local/lib/python3.12/site-packages/airflow/example_dags/example_complex.py
[2025-09-07T00:10:38.314+0000] {processor.py:914} INFO - Processing file /home/airflow/.local/lib/python3.12/site-packages/airflow/example_dags/example_complex.py for tasks to queue
[2025-09-07T00:10:38.316+0000] {logging_mixin.py:190} INFO - [2025-09-07T00:10:38.316+0000] {dagbag.py:588} INFO - Filling up the DagBag from /home/airflow/.local/lib/python3.12/site-packages/airflow/example_dags/example_complex.py
[2025-09-07T00:10:38.329+0000] {processor.py:925} INFO - DAG(s) 'example_complex' retrieved from /home/airflow/.local/lib/python3.12/site-packages/airflow/example_dags/example_complex.py
[2025-09-07T00:10:38.375+0000] {logging_mixin.py:190} INFO - [2025-09-07T00:10:38.374+0000] {dag.py:3239} INFO - Sync 1 DAGs
[2025-09-07T00:10:38.401+0000] {logging_mixin.py:190} INFO - [2025-09-07T00:10:38.400+0000] {dag.py:4180} INFO - Setting next_dagrun for example_complex to None, run_after=None
[2025-09-07T00:10:38.430+0000] {processor.py:208} INFO - Processing /home/airflow/.local/lib/python3.12/site-packages/airflow/example_dags/example_complex.py took 0.124 seconds
[2025-09-07T00:11:08.532+0000] {processor.py:186} INFO - Started process (PID=5342) to work on /home/airflow/.local/lib/python3.12/site-packages/airflow/example_dags/example_complex.py
[2025-09-07T00:11:08.533+0000] {processor.py:914} INFO - Processing file /home/airflow/.local/lib/python3.12/site-packages/airflow/example_dags/example_complex.py for tasks to queue
[2025-09-07T00:11:08.535+0000] {logging_mixin.py:190} INFO - [2025-09-07T00:11:08.535+0000] {dagbag.py:588} INFO - Filling up the DagBag from /home/airflow/.local/lib/python3.12/site-packages/airflow/example_dags/example_complex.py
[2025-09-07T00:11:08.553+0000] {processor.py:925} INFO - DAG(s) 'example_complex' retrieved from /home/airflow/.local/lib/python3.12/site-packages/airflow/example_dags/example_complex.py
[2025-09-07T00:11:08.595+0000] {logging_mixin.py:190} INFO - [2025-09-07T00:11:08.594+0000] {dag.py:3239} INFO - Sync 1 DAGs
[2025-09-07T00:11:08.609+0000] {logging_mixin.py:190} INFO - [2025-09-07T00:11:08.609+0000] {dag.py:4180} INFO - Setting next_dagrun for example_complex to None, run_after=None
[2025-09-07T00:11:08.634+0000] {processor.py:208} INFO - Processing /home/airflow/.local/lib/python3.12/site-packages/airflow/example_dags/example_complex.py took 0.110 seconds
[2025-09-07T00:11:39.244+0000] {processor.py:186} INFO - Started process (PID=5408) to work on /home/airflow/.local/lib/python3.12/site-packages/airflow/example_dags/example_complex.py
[2025-09-07T00:11:39.246+0000] {processor.py:914} INFO - Processing file /home/airflow/.local/lib/python3.12/site-packages/airflow/example_dags/example_complex.py for tasks to queue
[2025-09-07T00:11:39.247+0000] {logging_mixin.py:190} INFO - [2025-09-07T00:11:39.247+0000] {dagbag.py:588} INFO - Filling up the DagBag from /home/airflow/.local/lib/python3.12/site-packages/airflow/example_dags/example_complex.py
[2025-09-07T00:11:39.268+0000] {processor.py:925} INFO - DAG(s) 'example_complex' retrieved from /home/airflow/.local/lib/python3.12/site-packages/airflow/example_dags/example_complex.py
[2025-09-07T00:11:39.309+0000] {logging_mixin.py:190} INFO - [2025-09-07T00:11:39.308+0000] {dag.py:3239} INFO - Sync 1 DAGs
[2025-09-07T00:11:39.327+0000] {logging_mixin.py:190} INFO - [2025-09-07T00:11:39.327+0000] {dag.py:4180} INFO - Setting next_dagrun for example_complex to None, run_after=None
[2025-09-07T00:11:39.354+0000] {processor.py:208} INFO - Processing /home/airflow/.local/lib/python3.12/site-packages/airflow/example_dags/example_complex.py took 0.118 seconds
[2025-09-07T00:12:09.416+0000] {processor.py:186} INFO - Started process (PID=5474) to work on /home/airflow/.local/lib/python3.12/site-packages/airflow/example_dags/example_complex.py
[2025-09-07T00:12:09.417+0000] {processor.py:914} INFO - Processing file /home/airflow/.local/lib/python3.12/site-packages/airflow/example_dags/example_complex.py for tasks to queue
[2025-09-07T00:12:09.419+0000] {logging_mixin.py:190} INFO - [2025-09-07T00:12:09.418+0000] {dagbag.py:588} INFO - Filling up the DagBag from /home/airflow/.local/lib/python3.12/site-packages/airflow/example_dags/example_complex.py
[2025-09-07T00:12:09.428+0000] {processor.py:925} INFO - DAG(s) 'example_complex' retrieved from /home/airflow/.local/lib/python3.12/site-packages/airflow/example_dags/example_complex.py
[2025-09-07T00:12:09.455+0000] {logging_mixin.py:190} INFO - [2025-09-07T00:12:09.454+0000] {dag.py:3239} INFO - Sync 1 DAGs
[2025-09-07T00:12:09.477+0000] {logging_mixin.py:190} INFO - [2025-09-07T00:12:09.477+0000] {dag.py:4180} INFO - Setting next_dagrun for example_complex to None, run_after=None
[2025-09-07T00:12:09.507+0000] {processor.py:208} INFO - Processing /home/airflow/.local/lib/python3.12/site-packages/airflow/example_dags/example_complex.py took 0.097 seconds
[2025-09-07T00:12:39.581+0000] {processor.py:186} INFO - Started process (PID=5539) to work on /home/airflow/.local/lib/python3.12/site-packages/airflow/example_dags/example_complex.py
[2025-09-07T00:12:39.583+0000] {processor.py:914} INFO - Processing file /home/airflow/.local/lib/python3.12/site-packages/airflow/example_dags/example_complex.py for tasks to queue
[2025-09-07T00:12:39.588+0000] {logging_mixin.py:190} INFO - [2025-09-07T00:12:39.588+0000] {dagbag.py:588} INFO - Filling up the DagBag from /home/airflow/.local/lib/python3.12/site-packages/airflow/example_dags/example_complex.py
[2025-09-07T00:12:39.600+0000] {processor.py:925} INFO - DAG(s) 'example_complex' retrieved from /home/airflow/.local/lib/python3.12/site-packages/airflow/example_dags/example_complex.py
[2025-09-07T00:12:39.635+0000] {logging_mixin.py:190} INFO - [2025-09-07T00:12:39.635+0000] {dag.py:3239} INFO - Sync 1 DAGs
[2025-09-07T00:12:39.654+0000] {logging_mixin.py:190} INFO - [2025-09-07T00:12:39.654+0000] {dag.py:4180} INFO - Setting next_dagrun for example_complex to None, run_after=None
[2025-09-07T00:12:39.674+0000] {processor.py:208} INFO - Processing /home/airflow/.local/lib/python3.12/site-packages/airflow/example_dags/example_complex.py took 0.102 seconds
[2025-09-07T00:13:10.648+0000] {processor.py:186} INFO - Started process (PID=5605) to work on /home/airflow/.local/lib/python3.12/site-packages/airflow/example_dags/example_complex.py
[2025-09-07T00:13:10.649+0000] {processor.py:914} INFO - Processing file /home/airflow/.local/lib/python3.12/site-packages/airflow/example_dags/example_complex.py for tasks to queue
[2025-09-07T00:13:10.651+0000] {logging_mixin.py:190} INFO - [2025-09-07T00:13:10.650+0000] {dagbag.py:588} INFO - Filling up the DagBag from /home/airflow/.local/lib/python3.12/site-packages/airflow/example_dags/example_complex.py
[2025-09-07T00:13:10.666+0000] {processor.py:925} INFO - DAG(s) 'example_complex' retrieved from /home/airflow/.local/lib/python3.12/site-packages/airflow/example_dags/example_complex.py
[2025-09-07T00:13:10.717+0000] {logging_mixin.py:190} INFO - [2025-09-07T00:13:10.717+0000] {dag.py:3239} INFO - Sync 1 DAGs
[2025-09-07T00:13:10.949+0000] {logging_mixin.py:190} INFO - [2025-09-07T00:13:10.949+0000] {dag.py:4180} INFO - Setting next_dagrun for example_complex to None, run_after=None
[2025-09-07T00:13:10.974+0000] {processor.py:208} INFO - Processing /home/airflow/.local/lib/python3.12/site-packages/airflow/example_dags/example_complex.py took 0.338 seconds
[2025-09-07T00:13:41.114+0000] {processor.py:186} INFO - Started process (PID=5671) to work on /home/airflow/.local/lib/python3.12/site-packages/airflow/example_dags/example_complex.py
[2025-09-07T00:13:41.116+0000] {processor.py:914} INFO - Processing file /home/airflow/.local/lib/python3.12/site-packages/airflow/example_dags/example_complex.py for tasks to queue
[2025-09-07T00:13:41.119+0000] {logging_mixin.py:190} INFO - [2025-09-07T00:13:41.118+0000] {dagbag.py:588} INFO - Filling up the DagBag from /home/airflow/.local/lib/python3.12/site-packages/airflow/example_dags/example_complex.py
[2025-09-07T00:13:41.142+0000] {processor.py:925} INFO - DAG(s) 'example_complex' retrieved from /home/airflow/.local/lib/python3.12/site-packages/airflow/example_dags/example_complex.py
[2025-09-07T00:13:41.201+0000] {logging_mixin.py:190} INFO - [2025-09-07T00:13:41.200+0000] {dag.py:3239} INFO - Sync 1 DAGs
[2025-09-07T00:13:41.230+0000] {logging_mixin.py:190} INFO - [2025-09-07T00:13:41.230+0000] {dag.py:4180} INFO - Setting next_dagrun for example_complex to None, run_after=None
[2025-09-07T00:13:41.514+0000] {processor.py:208} INFO - Processing /home/airflow/.local/lib/python3.12/site-packages/airflow/example_dags/example_complex.py took 0.411 seconds
[2025-09-07T00:14:11.891+0000] {processor.py:186} INFO - Started process (PID=5737) to work on /home/airflow/.local/lib/python3.12/site-packages/airflow/example_dags/example_complex.py
[2025-09-07T00:14:11.893+0000] {processor.py:914} INFO - Processing file /home/airflow/.local/lib/python3.12/site-packages/airflow/example_dags/example_complex.py for tasks to queue
[2025-09-07T00:14:11.895+0000] {logging_mixin.py:190} INFO - [2025-09-07T00:14:11.894+0000] {dagbag.py:588} INFO - Filling up the DagBag from /home/airflow/.local/lib/python3.12/site-packages/airflow/example_dags/example_complex.py
[2025-09-07T00:14:11.912+0000] {processor.py:925} INFO - DAG(s) 'example_complex' retrieved from /home/airflow/.local/lib/python3.12/site-packages/airflow/example_dags/example_complex.py
[2025-09-07T00:14:11.952+0000] {logging_mixin.py:190} INFO - [2025-09-07T00:14:11.952+0000] {dag.py:3239} INFO - Sync 1 DAGs
[2025-09-07T00:14:11.972+0000] {logging_mixin.py:190} INFO - [2025-09-07T00:14:11.972+0000] {dag.py:4180} INFO - Setting next_dagrun for example_complex to None, run_after=None
[2025-09-07T00:14:12.000+0000] {processor.py:208} INFO - Processing /home/airflow/.local/lib/python3.12/site-packages/airflow/example_dags/example_complex.py took 0.117 seconds
[2025-09-07T00:14:42.696+0000] {processor.py:186} INFO - Started process (PID=5803) to work on /home/airflow/.local/lib/python3.12/site-packages/airflow/example_dags/example_complex.py
[2025-09-07T00:14:42.697+0000] {processor.py:914} INFO - Processing file /home/airflow/.local/lib/python3.12/site-packages/airflow/example_dags/example_complex.py for tasks to queue
[2025-09-07T00:14:42.699+0000] {logging_mixin.py:190} INFO - [2025-09-07T00:14:42.699+0000] {dagbag.py:588} INFO - Filling up the DagBag from /home/airflow/.local/lib/python3.12/site-packages/airflow/example_dags/example_complex.py
[2025-09-07T00:14:42.711+0000] {processor.py:925} INFO - DAG(s) 'example_complex' retrieved from /home/airflow/.local/lib/python3.12/site-packages/airflow/example_dags/example_complex.py
[2025-09-07T00:14:42.751+0000] {logging_mixin.py:190} INFO - [2025-09-07T00:14:42.751+0000] {dag.py:3239} INFO - Sync 1 DAGs
[2025-09-07T00:14:42.770+0000] {logging_mixin.py:190} INFO - [2025-09-07T00:14:42.770+0000] {dag.py:4180} INFO - Setting next_dagrun for example_complex to None, run_after=None
[2025-09-07T00:14:42.795+0000] {processor.py:208} INFO - Processing /home/airflow/.local/lib/python3.12/site-packages/airflow/example_dags/example_complex.py took 0.108 seconds
[2025-09-07T00:15:13.740+0000] {processor.py:186} INFO - Started process (PID=5869) to work on /home/airflow/.local/lib/python3.12/site-packages/airflow/example_dags/example_complex.py
[2025-09-07T00:15:13.742+0000] {processor.py:914} INFO - Processing file /home/airflow/.local/lib/python3.12/site-packages/airflow/example_dags/example_complex.py for tasks to queue
[2025-09-07T00:15:13.744+0000] {logging_mixin.py:190} INFO - [2025-09-07T00:15:13.743+0000] {dagbag.py:588} INFO - Filling up the DagBag from /home/airflow/.local/lib/python3.12/site-packages/airflow/example_dags/example_complex.py
[2025-09-07T00:15:13.960+0000] {processor.py:925} INFO - DAG(s) 'example_complex' retrieved from /home/airflow/.local/lib/python3.12/site-packages/airflow/example_dags/example_complex.py
[2025-09-07T00:15:13.986+0000] {logging_mixin.py:190} INFO - [2025-09-07T00:15:13.986+0000] {dag.py:3239} INFO - Sync 1 DAGs
[2025-09-07T00:15:13.998+0000] {logging_mixin.py:190} INFO - [2025-09-07T00:15:13.998+0000] {dag.py:4180} INFO - Setting next_dagrun for example_complex to None, run_after=None
[2025-09-07T00:15:14.022+0000] {processor.py:208} INFO - Processing /home/airflow/.local/lib/python3.12/site-packages/airflow/example_dags/example_complex.py took 0.289 seconds
[2025-09-07T00:15:44.468+0000] {processor.py:186} INFO - Started process (PID=5934) to work on /home/airflow/.local/lib/python3.12/site-packages/airflow/example_dags/example_complex.py
[2025-09-07T00:15:44.469+0000] {processor.py:914} INFO - Processing file /home/airflow/.local/lib/python3.12/site-packages/airflow/example_dags/example_complex.py for tasks to queue
[2025-09-07T00:15:44.471+0000] {logging_mixin.py:190} INFO - [2025-09-07T00:15:44.470+0000] {dagbag.py:588} INFO - Filling up the DagBag from /home/airflow/.local/lib/python3.12/site-packages/airflow/example_dags/example_complex.py
[2025-09-07T00:15:44.483+0000] {processor.py:925} INFO - DAG(s) 'example_complex' retrieved from /home/airflow/.local/lib/python3.12/site-packages/airflow/example_dags/example_complex.py
[2025-09-07T00:15:44.519+0000] {logging_mixin.py:190} INFO - [2025-09-07T00:15:44.519+0000] {dag.py:3239} INFO - Sync 1 DAGs
[2025-09-07T00:15:44.538+0000] {logging_mixin.py:190} INFO - [2025-09-07T00:15:44.537+0000] {dag.py:4180} INFO - Setting next_dagrun for example_complex to None, run_after=None
[2025-09-07T00:15:44.567+0000] {processor.py:208} INFO - Processing /home/airflow/.local/lib/python3.12/site-packages/airflow/example_dags/example_complex.py took 0.107 seconds
[2025-09-07T00:16:15.129+0000] {processor.py:186} INFO - Started process (PID=5993) to work on /home/airflow/.local/lib/python3.12/site-packages/airflow/example_dags/example_complex.py
[2025-09-07T00:16:15.130+0000] {processor.py:914} INFO - Processing file /home/airflow/.local/lib/python3.12/site-packages/airflow/example_dags/example_complex.py for tasks to queue
[2025-09-07T00:16:15.133+0000] {logging_mixin.py:190} INFO - [2025-09-07T00:16:15.132+0000] {dagbag.py:588} INFO - Filling up the DagBag from /home/airflow/.local/lib/python3.12/site-packages/airflow/example_dags/example_complex.py
[2025-09-07T00:16:15.145+0000] {processor.py:925} INFO - DAG(s) 'example_complex' retrieved from /home/airflow/.local/lib/python3.12/site-packages/airflow/example_dags/example_complex.py
[2025-09-07T00:16:15.191+0000] {logging_mixin.py:190} INFO - [2025-09-07T00:16:15.191+0000] {dag.py:3239} INFO - Sync 1 DAGs
[2025-09-07T00:16:15.209+0000] {logging_mixin.py:190} INFO - [2025-09-07T00:16:15.209+0000] {dag.py:4180} INFO - Setting next_dagrun for example_complex to None, run_after=None
[2025-09-07T00:16:15.236+0000] {processor.py:208} INFO - Processing /home/airflow/.local/lib/python3.12/site-packages/airflow/example_dags/example_complex.py took 0.111 seconds
[2025-09-07T00:16:45.718+0000] {processor.py:186} INFO - Started process (PID=6058) to work on /home/airflow/.local/lib/python3.12/site-packages/airflow/example_dags/example_complex.py
[2025-09-07T00:16:45.720+0000] {processor.py:914} INFO - Processing file /home/airflow/.local/lib/python3.12/site-packages/airflow/example_dags/example_complex.py for tasks to queue
[2025-09-07T00:16:45.722+0000] {logging_mixin.py:190} INFO - [2025-09-07T00:16:45.721+0000] {dagbag.py:588} INFO - Filling up the DagBag from /home/airflow/.local/lib/python3.12/site-packages/airflow/example_dags/example_complex.py
[2025-09-07T00:16:45.743+0000] {processor.py:925} INFO - DAG(s) 'example_complex' retrieved from /home/airflow/.local/lib/python3.12/site-packages/airflow/example_dags/example_complex.py
[2025-09-07T00:16:45.791+0000] {logging_mixin.py:190} INFO - [2025-09-07T00:16:45.790+0000] {dag.py:3239} INFO - Sync 1 DAGs
[2025-09-07T00:16:45.813+0000] {logging_mixin.py:190} INFO - [2025-09-07T00:16:45.812+0000] {dag.py:4180} INFO - Setting next_dagrun for example_complex to None, run_after=None
[2025-09-07T00:16:45.837+0000] {processor.py:208} INFO - Processing /home/airflow/.local/lib/python3.12/site-packages/airflow/example_dags/example_complex.py took 0.124 seconds
[2025-09-07T00:17:16.410+0000] {processor.py:186} INFO - Started process (PID=6124) to work on /home/airflow/.local/lib/python3.12/site-packages/airflow/example_dags/example_complex.py
[2025-09-07T00:17:16.411+0000] {processor.py:914} INFO - Processing file /home/airflow/.local/lib/python3.12/site-packages/airflow/example_dags/example_complex.py for tasks to queue
[2025-09-07T00:17:16.413+0000] {logging_mixin.py:190} INFO - [2025-09-07T00:17:16.412+0000] {dagbag.py:588} INFO - Filling up the DagBag from /home/airflow/.local/lib/python3.12/site-packages/airflow/example_dags/example_complex.py
[2025-09-07T00:17:16.424+0000] {processor.py:925} INFO - DAG(s) 'example_complex' retrieved from /home/airflow/.local/lib/python3.12/site-packages/airflow/example_dags/example_complex.py
[2025-09-07T00:17:16.457+0000] {logging_mixin.py:190} INFO - [2025-09-07T00:17:16.457+0000] {dag.py:3239} INFO - Sync 1 DAGs
[2025-09-07T00:17:16.481+0000] {logging_mixin.py:190} INFO - [2025-09-07T00:17:16.480+0000] {dag.py:4180} INFO - Setting next_dagrun for example_complex to None, run_after=None
[2025-09-07T00:17:16.510+0000] {processor.py:208} INFO - Processing /home/airflow/.local/lib/python3.12/site-packages/airflow/example_dags/example_complex.py took 0.109 seconds
[2025-09-07T00:17:47.112+0000] {processor.py:186} INFO - Started process (PID=6190) to work on /home/airflow/.local/lib/python3.12/site-packages/airflow/example_dags/example_complex.py
[2025-09-07T00:17:47.113+0000] {processor.py:914} INFO - Processing file /home/airflow/.local/lib/python3.12/site-packages/airflow/example_dags/example_complex.py for tasks to queue
[2025-09-07T00:17:47.116+0000] {logging_mixin.py:190} INFO - [2025-09-07T00:17:47.115+0000] {dagbag.py:588} INFO - Filling up the DagBag from /home/airflow/.local/lib/python3.12/site-packages/airflow/example_dags/example_complex.py
[2025-09-07T00:17:47.139+0000] {processor.py:925} INFO - DAG(s) 'example_complex' retrieved from /home/airflow/.local/lib/python3.12/site-packages/airflow/example_dags/example_complex.py
[2025-09-07T00:17:47.180+0000] {logging_mixin.py:190} INFO - [2025-09-07T00:17:47.179+0000] {dag.py:3239} INFO - Sync 1 DAGs
[2025-09-07T00:17:47.196+0000] {logging_mixin.py:190} INFO - [2025-09-07T00:17:47.196+0000] {dag.py:4180} INFO - Setting next_dagrun for example_complex to None, run_after=None
[2025-09-07T00:17:47.221+0000] {processor.py:208} INFO - Processing /home/airflow/.local/lib/python3.12/site-packages/airflow/example_dags/example_complex.py took 0.118 seconds
[2025-09-07T00:18:17.837+0000] {processor.py:186} INFO - Started process (PID=6256) to work on /home/airflow/.local/lib/python3.12/site-packages/airflow/example_dags/example_complex.py
[2025-09-07T00:18:17.838+0000] {processor.py:914} INFO - Processing file /home/airflow/.local/lib/python3.12/site-packages/airflow/example_dags/example_complex.py for tasks to queue
[2025-09-07T00:18:17.841+0000] {logging_mixin.py:190} INFO - [2025-09-07T00:18:17.840+0000] {dagbag.py:588} INFO - Filling up the DagBag from /home/airflow/.local/lib/python3.12/site-packages/airflow/example_dags/example_complex.py
[2025-09-07T00:18:17.859+0000] {processor.py:925} INFO - DAG(s) 'example_complex' retrieved from /home/airflow/.local/lib/python3.12/site-packages/airflow/example_dags/example_complex.py
[2025-09-07T00:18:17.899+0000] {logging_mixin.py:190} INFO - [2025-09-07T00:18:17.899+0000] {dag.py:3239} INFO - Sync 1 DAGs
[2025-09-07T00:18:17.921+0000] {logging_mixin.py:190} INFO - [2025-09-07T00:18:17.920+0000] {dag.py:4180} INFO - Setting next_dagrun for example_complex to None, run_after=None
[2025-09-07T00:18:17.952+0000] {processor.py:208} INFO - Processing /home/airflow/.local/lib/python3.12/site-packages/airflow/example_dags/example_complex.py took 0.122 seconds
[2025-09-07T00:18:48.706+0000] {processor.py:186} INFO - Started process (PID=6322) to work on /home/airflow/.local/lib/python3.12/site-packages/airflow/example_dags/example_complex.py
[2025-09-07T00:18:48.707+0000] {processor.py:914} INFO - Processing file /home/airflow/.local/lib/python3.12/site-packages/airflow/example_dags/example_complex.py for tasks to queue
[2025-09-07T00:18:48.709+0000] {logging_mixin.py:190} INFO - [2025-09-07T00:18:48.709+0000] {dagbag.py:588} INFO - Filling up the DagBag from /home/airflow/.local/lib/python3.12/site-packages/airflow/example_dags/example_complex.py
[2025-09-07T00:18:48.729+0000] {processor.py:925} INFO - DAG(s) 'example_complex' retrieved from /home/airflow/.local/lib/python3.12/site-packages/airflow/example_dags/example_complex.py
[2025-09-07T00:18:48.765+0000] {logging_mixin.py:190} INFO - [2025-09-07T00:18:48.765+0000] {dag.py:3239} INFO - Sync 1 DAGs
[2025-09-07T00:18:48.780+0000] {logging_mixin.py:190} INFO - [2025-09-07T00:18:48.779+0000] {dag.py:4180} INFO - Setting next_dagrun for example_complex to None, run_after=None
[2025-09-07T00:18:48.798+0000] {processor.py:208} INFO - Processing /home/airflow/.local/lib/python3.12/site-packages/airflow/example_dags/example_complex.py took 0.101 seconds
[2025-09-07T00:19:19.263+0000] {processor.py:186} INFO - Started process (PID=6387) to work on /home/airflow/.local/lib/python3.12/site-packages/airflow/example_dags/example_complex.py
[2025-09-07T00:19:19.265+0000] {processor.py:914} INFO - Processing file /home/airflow/.local/lib/python3.12/site-packages/airflow/example_dags/example_complex.py for tasks to queue
[2025-09-07T00:19:19.268+0000] {logging_mixin.py:190} INFO - [2025-09-07T00:19:19.267+0000] {dagbag.py:588} INFO - Filling up the DagBag from /home/airflow/.local/lib/python3.12/site-packages/airflow/example_dags/example_complex.py
[2025-09-07T00:19:19.290+0000] {processor.py:925} INFO - DAG(s) 'example_complex' retrieved from /home/airflow/.local/lib/python3.12/site-packages/airflow/example_dags/example_complex.py
[2025-09-07T00:19:19.333+0000] {logging_mixin.py:190} INFO - [2025-09-07T00:19:19.332+0000] {dag.py:3239} INFO - Sync 1 DAGs
[2025-09-07T00:19:19.358+0000] {logging_mixin.py:190} INFO - [2025-09-07T00:19:19.357+0000] {dag.py:4180} INFO - Setting next_dagrun for example_complex to None, run_after=None
[2025-09-07T00:19:19.382+0000] {processor.py:208} INFO - Processing /home/airflow/.local/lib/python3.12/site-packages/airflow/example_dags/example_complex.py took 0.128 seconds
[2025-09-07T00:19:50.114+0000] {processor.py:186} INFO - Started process (PID=6453) to work on /home/airflow/.local/lib/python3.12/site-packages/airflow/example_dags/example_complex.py
[2025-09-07T00:19:50.115+0000] {processor.py:914} INFO - Processing file /home/airflow/.local/lib/python3.12/site-packages/airflow/example_dags/example_complex.py for tasks to queue
[2025-09-07T00:19:50.117+0000] {logging_mixin.py:190} INFO - [2025-09-07T00:19:50.117+0000] {dagbag.py:588} INFO - Filling up the DagBag from /home/airflow/.local/lib/python3.12/site-packages/airflow/example_dags/example_complex.py
[2025-09-07T00:19:50.128+0000] {processor.py:925} INFO - DAG(s) 'example_complex' retrieved from /home/airflow/.local/lib/python3.12/site-packages/airflow/example_dags/example_complex.py
[2025-09-07T00:19:50.176+0000] {logging_mixin.py:190} INFO - [2025-09-07T00:19:50.175+0000] {dag.py:3239} INFO - Sync 1 DAGs
[2025-09-07T00:19:50.190+0000] {logging_mixin.py:190} INFO - [2025-09-07T00:19:50.190+0000] {dag.py:4180} INFO - Setting next_dagrun for example_complex to None, run_after=None
[2025-09-07T00:19:50.217+0000] {processor.py:208} INFO - Processing /home/airflow/.local/lib/python3.12/site-packages/airflow/example_dags/example_complex.py took 0.108 seconds
[2025-09-07T00:20:20.790+0000] {processor.py:186} INFO - Started process (PID=6519) to work on /home/airflow/.local/lib/python3.12/site-packages/airflow/example_dags/example_complex.py
[2025-09-07T00:20:20.791+0000] {processor.py:914} INFO - Processing file /home/airflow/.local/lib/python3.12/site-packages/airflow/example_dags/example_complex.py for tasks to queue
[2025-09-07T00:20:20.793+0000] {logging_mixin.py:190} INFO - [2025-09-07T00:20:20.792+0000] {dagbag.py:588} INFO - Filling up the DagBag from /home/airflow/.local/lib/python3.12/site-packages/airflow/example_dags/example_complex.py
[2025-09-07T00:20:20.814+0000] {processor.py:925} INFO - DAG(s) 'example_complex' retrieved from /home/airflow/.local/lib/python3.12/site-packages/airflow/example_dags/example_complex.py
[2025-09-07T00:20:20.853+0000] {logging_mixin.py:190} INFO - [2025-09-07T00:20:20.852+0000] {dag.py:3239} INFO - Sync 1 DAGs
[2025-09-07T00:20:20.875+0000] {logging_mixin.py:190} INFO - [2025-09-07T00:20:20.875+0000] {dag.py:4180} INFO - Setting next_dagrun for example_complex to None, run_after=None
[2025-09-07T00:20:20.901+0000] {processor.py:208} INFO - Processing /home/airflow/.local/lib/python3.12/site-packages/airflow/example_dags/example_complex.py took 0.117 seconds
