[2025-09-07T00:00:24.154+0000] {processor.py:186} INFO - Started process (PID=3965) to work on /home/airflow/.local/lib/python3.12/site-packages/airflow/example_dags/example_short_circuit_decorator.py
[2025-09-07T00:00:24.155+0000] {processor.py:914} INFO - Processing file /home/airflow/.local/lib/python3.12/site-packages/airflow/example_dags/example_short_circuit_decorator.py for tasks to queue
[2025-09-07T00:00:24.157+0000] {logging_mixin.py:190} INFO - [2025-09-07T00:00:24.157+0000] {dagbag.py:588} INFO - Filling up the DagBag from /home/airflow/.local/lib/python3.12/site-packages/airflow/example_dags/example_short_circuit_decorator.py
[2025-09-07T00:00:24.168+0000] {processor.py:925} INFO - DAG(s) 'example_short_circuit_decorator' retrieved from /home/airflow/.local/lib/python3.12/site-packages/airflow/example_dags/example_short_circuit_decorator.py
[2025-09-07T00:00:24.195+0000] {logging_mixin.py:190} INFO - [2025-09-07T00:00:24.194+0000] {dag.py:3239} INFO - Sync 1 DAGs
[2025-09-07T00:00:24.216+0000] {logging_mixin.py:190} INFO - [2025-09-07T00:00:24.216+0000] {dag.py:4180} INFO - Setting next_dagrun for example_short_circuit_decorator to None, run_after=None
[2025-09-07T00:00:24.244+0000] {processor.py:208} INFO - Processing /home/airflow/.local/lib/python3.12/site-packages/airflow/example_dags/example_short_circuit_decorator.py took 0.099 seconds
[2025-09-07T00:00:54.909+0000] {processor.py:186} INFO - Started process (PID=4031) to work on /home/airflow/.local/lib/python3.12/site-packages/airflow/example_dags/example_short_circuit_decorator.py
[2025-09-07T00:00:54.910+0000] {processor.py:914} INFO - Processing file /home/airflow/.local/lib/python3.12/site-packages/airflow/example_dags/example_short_circuit_decorator.py for tasks to queue
[2025-09-07T00:00:54.912+0000] {logging_mixin.py:190} INFO - [2025-09-07T00:00:54.911+0000] {dagbag.py:588} INFO - Filling up the DagBag from /home/airflow/.local/lib/python3.12/site-packages/airflow/example_dags/example_short_circuit_decorator.py
[2025-09-07T00:00:54.923+0000] {processor.py:925} INFO - DAG(s) 'example_short_circuit_decorator' retrieved from /home/airflow/.local/lib/python3.12/site-packages/airflow/example_dags/example_short_circuit_decorator.py
[2025-09-07T00:00:54.953+0000] {logging_mixin.py:190} INFO - [2025-09-07T00:00:54.952+0000] {dag.py:3239} INFO - Sync 1 DAGs
[2025-09-07T00:00:54.972+0000] {logging_mixin.py:190} INFO - [2025-09-07T00:00:54.972+0000] {dag.py:4180} INFO - Setting next_dagrun for example_short_circuit_decorator to None, run_after=None
[2025-09-07T00:00:54.996+0000] {processor.py:208} INFO - Processing /home/airflow/.local/lib/python3.12/site-packages/airflow/example_dags/example_short_circuit_decorator.py took 0.095 seconds
[2025-09-07T00:01:25.076+0000] {processor.py:186} INFO - Started process (PID=4097) to work on /home/airflow/.local/lib/python3.12/site-packages/airflow/example_dags/example_short_circuit_decorator.py
[2025-09-07T00:01:25.077+0000] {processor.py:914} INFO - Processing file /home/airflow/.local/lib/python3.12/site-packages/airflow/example_dags/example_short_circuit_decorator.py for tasks to queue
[2025-09-07T00:01:25.080+0000] {logging_mixin.py:190} INFO - [2025-09-07T00:01:25.080+0000] {dagbag.py:588} INFO - Filling up the DagBag from /home/airflow/.local/lib/python3.12/site-packages/airflow/example_dags/example_short_circuit_decorator.py
[2025-09-07T00:01:25.090+0000] {processor.py:925} INFO - DAG(s) 'example_short_circuit_decorator' retrieved from /home/airflow/.local/lib/python3.12/site-packages/airflow/example_dags/example_short_circuit_decorator.py
[2025-09-07T00:01:25.116+0000] {logging_mixin.py:190} INFO - [2025-09-07T00:01:25.115+0000] {dag.py:3239} INFO - Sync 1 DAGs
[2025-09-07T00:01:25.128+0000] {logging_mixin.py:190} INFO - [2025-09-07T00:01:25.127+0000] {dag.py:4180} INFO - Setting next_dagrun for example_short_circuit_decorator to None, run_after=None
[2025-09-07T00:01:25.146+0000] {processor.py:208} INFO - Processing /home/airflow/.local/lib/python3.12/site-packages/airflow/example_dags/example_short_circuit_decorator.py took 0.075 seconds
[2025-09-07T00:01:55.934+0000] {processor.py:186} INFO - Started process (PID=4162) to work on /home/airflow/.local/lib/python3.12/site-packages/airflow/example_dags/example_short_circuit_decorator.py
[2025-09-07T00:01:55.935+0000] {processor.py:914} INFO - Processing file /home/airflow/.local/lib/python3.12/site-packages/airflow/example_dags/example_short_circuit_decorator.py for tasks to queue
[2025-09-07T00:01:55.936+0000] {logging_mixin.py:190} INFO - [2025-09-07T00:01:55.936+0000] {dagbag.py:588} INFO - Filling up the DagBag from /home/airflow/.local/lib/python3.12/site-packages/airflow/example_dags/example_short_circuit_decorator.py
[2025-09-07T00:01:55.952+0000] {processor.py:925} INFO - DAG(s) 'example_short_circuit_decorator' retrieved from /home/airflow/.local/lib/python3.12/site-packages/airflow/example_dags/example_short_circuit_decorator.py
[2025-09-07T00:01:55.976+0000] {logging_mixin.py:190} INFO - [2025-09-07T00:01:55.976+0000] {dag.py:3239} INFO - Sync 1 DAGs
[2025-09-07T00:01:55.989+0000] {logging_mixin.py:190} INFO - [2025-09-07T00:01:55.988+0000] {dag.py:4180} INFO - Setting next_dagrun for example_short_circuit_decorator to None, run_after=None
[2025-09-07T00:01:56.014+0000] {processor.py:208} INFO - Processing /home/airflow/.local/lib/python3.12/site-packages/airflow/example_dags/example_short_circuit_decorator.py took 0.084 seconds
[2025-09-07T00:02:26.823+0000] {processor.py:186} INFO - Started process (PID=4228) to work on /home/airflow/.local/lib/python3.12/site-packages/airflow/example_dags/example_short_circuit_decorator.py
[2025-09-07T00:02:26.825+0000] {processor.py:914} INFO - Processing file /home/airflow/.local/lib/python3.12/site-packages/airflow/example_dags/example_short_circuit_decorator.py for tasks to queue
[2025-09-07T00:02:26.826+0000] {logging_mixin.py:190} INFO - [2025-09-07T00:02:26.826+0000] {dagbag.py:588} INFO - Filling up the DagBag from /home/airflow/.local/lib/python3.12/site-packages/airflow/example_dags/example_short_circuit_decorator.py
[2025-09-07T00:02:26.843+0000] {processor.py:925} INFO - DAG(s) 'example_short_circuit_decorator' retrieved from /home/airflow/.local/lib/python3.12/site-packages/airflow/example_dags/example_short_circuit_decorator.py
[2025-09-07T00:02:26.871+0000] {logging_mixin.py:190} INFO - [2025-09-07T00:02:26.870+0000] {dag.py:3239} INFO - Sync 1 DAGs
[2025-09-07T00:02:26.886+0000] {logging_mixin.py:190} INFO - [2025-09-07T00:02:26.885+0000] {dag.py:4180} INFO - Setting next_dagrun for example_short_circuit_decorator to None, run_after=None
[2025-09-07T00:02:26.909+0000] {processor.py:208} INFO - Processing /home/airflow/.local/lib/python3.12/site-packages/airflow/example_dags/example_short_circuit_decorator.py took 0.094 seconds
[2025-09-07T00:02:57.712+0000] {processor.py:186} INFO - Started process (PID=4294) to work on /home/airflow/.local/lib/python3.12/site-packages/airflow/example_dags/example_short_circuit_decorator.py
[2025-09-07T00:02:57.713+0000] {processor.py:914} INFO - Processing file /home/airflow/.local/lib/python3.12/site-packages/airflow/example_dags/example_short_circuit_decorator.py for tasks to queue
[2025-09-07T00:02:57.714+0000] {logging_mixin.py:190} INFO - [2025-09-07T00:02:57.714+0000] {dagbag.py:588} INFO - Filling up the DagBag from /home/airflow/.local/lib/python3.12/site-packages/airflow/example_dags/example_short_circuit_decorator.py
[2025-09-07T00:02:57.723+0000] {processor.py:925} INFO - DAG(s) 'example_short_circuit_decorator' retrieved from /home/airflow/.local/lib/python3.12/site-packages/airflow/example_dags/example_short_circuit_decorator.py
[2025-09-07T00:02:57.747+0000] {logging_mixin.py:190} INFO - [2025-09-07T00:02:57.747+0000] {dag.py:3239} INFO - Sync 1 DAGs
[2025-09-07T00:02:57.769+0000] {logging_mixin.py:190} INFO - [2025-09-07T00:02:57.769+0000] {dag.py:4180} INFO - Setting next_dagrun for example_short_circuit_decorator to None, run_after=None
[2025-09-07T00:02:57.795+0000] {processor.py:208} INFO - Processing /home/airflow/.local/lib/python3.12/site-packages/airflow/example_dags/example_short_circuit_decorator.py took 0.089 seconds
[2025-09-07T00:03:28.487+0000] {processor.py:186} INFO - Started process (PID=4360) to work on /home/airflow/.local/lib/python3.12/site-packages/airflow/example_dags/example_short_circuit_decorator.py
[2025-09-07T00:03:28.488+0000] {processor.py:914} INFO - Processing file /home/airflow/.local/lib/python3.12/site-packages/airflow/example_dags/example_short_circuit_decorator.py for tasks to queue
[2025-09-07T00:03:28.491+0000] {logging_mixin.py:190} INFO - [2025-09-07T00:03:28.490+0000] {dagbag.py:588} INFO - Filling up the DagBag from /home/airflow/.local/lib/python3.12/site-packages/airflow/example_dags/example_short_circuit_decorator.py
[2025-09-07T00:03:28.507+0000] {processor.py:925} INFO - DAG(s) 'example_short_circuit_decorator' retrieved from /home/airflow/.local/lib/python3.12/site-packages/airflow/example_dags/example_short_circuit_decorator.py
[2025-09-07T00:03:28.534+0000] {logging_mixin.py:190} INFO - [2025-09-07T00:03:28.533+0000] {dag.py:3239} INFO - Sync 1 DAGs
[2025-09-07T00:03:28.554+0000] {logging_mixin.py:190} INFO - [2025-09-07T00:03:28.554+0000] {dag.py:4180} INFO - Setting next_dagrun for example_short_circuit_decorator to None, run_after=None
[2025-09-07T00:03:28.584+0000] {processor.py:208} INFO - Processing /home/airflow/.local/lib/python3.12/site-packages/airflow/example_dags/example_short_circuit_decorator.py took 0.103 seconds
[2025-09-07T00:03:58.850+0000] {processor.py:186} INFO - Started process (PID=4426) to work on /home/airflow/.local/lib/python3.12/site-packages/airflow/example_dags/example_short_circuit_decorator.py
[2025-09-07T00:03:58.851+0000] {processor.py:914} INFO - Processing file /home/airflow/.local/lib/python3.12/site-packages/airflow/example_dags/example_short_circuit_decorator.py for tasks to queue
[2025-09-07T00:03:58.853+0000] {logging_mixin.py:190} INFO - [2025-09-07T00:03:58.853+0000] {dagbag.py:588} INFO - Filling up the DagBag from /home/airflow/.local/lib/python3.12/site-packages/airflow/example_dags/example_short_circuit_decorator.py
[2025-09-07T00:03:58.869+0000] {processor.py:925} INFO - DAG(s) 'example_short_circuit_decorator' retrieved from /home/airflow/.local/lib/python3.12/site-packages/airflow/example_dags/example_short_circuit_decorator.py
[2025-09-07T00:03:58.902+0000] {logging_mixin.py:190} INFO - [2025-09-07T00:03:58.902+0000] {dag.py:3239} INFO - Sync 1 DAGs
[2025-09-07T00:03:58.922+0000] {logging_mixin.py:190} INFO - [2025-09-07T00:03:58.921+0000] {dag.py:4180} INFO - Setting next_dagrun for example_short_circuit_decorator to None, run_after=None
[2025-09-07T00:03:58.948+0000] {processor.py:208} INFO - Processing /home/airflow/.local/lib/python3.12/site-packages/airflow/example_dags/example_short_circuit_decorator.py took 0.107 seconds
[2025-09-07T00:04:29.016+0000] {processor.py:186} INFO - Started process (PID=4492) to work on /home/airflow/.local/lib/python3.12/site-packages/airflow/example_dags/example_short_circuit_decorator.py
[2025-09-07T00:04:29.019+0000] {processor.py:914} INFO - Processing file /home/airflow/.local/lib/python3.12/site-packages/airflow/example_dags/example_short_circuit_decorator.py for tasks to queue
[2025-09-07T00:04:29.025+0000] {logging_mixin.py:190} INFO - [2025-09-07T00:04:29.024+0000] {dagbag.py:588} INFO - Filling up the DagBag from /home/airflow/.local/lib/python3.12/site-packages/airflow/example_dags/example_short_circuit_decorator.py
[2025-09-07T00:04:29.070+0000] {processor.py:925} INFO - DAG(s) 'example_short_circuit_decorator' retrieved from /home/airflow/.local/lib/python3.12/site-packages/airflow/example_dags/example_short_circuit_decorator.py
[2025-09-07T00:04:29.174+0000] {logging_mixin.py:190} INFO - [2025-09-07T00:04:29.173+0000] {dag.py:3239} INFO - Sync 1 DAGs
[2025-09-07T00:04:29.210+0000] {logging_mixin.py:190} INFO - [2025-09-07T00:04:29.209+0000] {dag.py:4180} INFO - Setting next_dagrun for example_short_circuit_decorator to None, run_after=None
[2025-09-07T00:04:29.259+0000] {processor.py:208} INFO - Processing /home/airflow/.local/lib/python3.12/site-packages/airflow/example_dags/example_short_circuit_decorator.py took 0.257 seconds
[2025-09-07T00:04:59.726+0000] {processor.py:186} INFO - Started process (PID=4552) to work on /home/airflow/.local/lib/python3.12/site-packages/airflow/example_dags/example_short_circuit_decorator.py
[2025-09-07T00:04:59.727+0000] {processor.py:914} INFO - Processing file /home/airflow/.local/lib/python3.12/site-packages/airflow/example_dags/example_short_circuit_decorator.py for tasks to queue
[2025-09-07T00:04:59.730+0000] {logging_mixin.py:190} INFO - [2025-09-07T00:04:59.729+0000] {dagbag.py:588} INFO - Filling up the DagBag from /home/airflow/.local/lib/python3.12/site-packages/airflow/example_dags/example_short_circuit_decorator.py
[2025-09-07T00:04:59.740+0000] {processor.py:925} INFO - DAG(s) 'example_short_circuit_decorator' retrieved from /home/airflow/.local/lib/python3.12/site-packages/airflow/example_dags/example_short_circuit_decorator.py
[2025-09-07T00:04:59.768+0000] {logging_mixin.py:190} INFO - [2025-09-07T00:04:59.768+0000] {dag.py:3239} INFO - Sync 1 DAGs
[2025-09-07T00:04:59.794+0000] {logging_mixin.py:190} INFO - [2025-09-07T00:04:59.793+0000] {dag.py:4180} INFO - Setting next_dagrun for example_short_circuit_decorator to None, run_after=None
[2025-09-07T00:04:59.820+0000] {processor.py:208} INFO - Processing /home/airflow/.local/lib/python3.12/site-packages/airflow/example_dags/example_short_circuit_decorator.py took 0.098 seconds
[2025-09-07T00:05:30.419+0000] {processor.py:186} INFO - Started process (PID=4618) to work on /home/airflow/.local/lib/python3.12/site-packages/airflow/example_dags/example_short_circuit_decorator.py
[2025-09-07T00:05:30.423+0000] {processor.py:914} INFO - Processing file /home/airflow/.local/lib/python3.12/site-packages/airflow/example_dags/example_short_circuit_decorator.py for tasks to queue
[2025-09-07T00:05:30.425+0000] {logging_mixin.py:190} INFO - [2025-09-07T00:05:30.424+0000] {dagbag.py:588} INFO - Filling up the DagBag from /home/airflow/.local/lib/python3.12/site-packages/airflow/example_dags/example_short_circuit_decorator.py
[2025-09-07T00:05:30.440+0000] {processor.py:925} INFO - DAG(s) 'example_short_circuit_decorator' retrieved from /home/airflow/.local/lib/python3.12/site-packages/airflow/example_dags/example_short_circuit_decorator.py
[2025-09-07T00:05:30.472+0000] {logging_mixin.py:190} INFO - [2025-09-07T00:05:30.472+0000] {dag.py:3239} INFO - Sync 1 DAGs
[2025-09-07T00:05:30.489+0000] {logging_mixin.py:190} INFO - [2025-09-07T00:05:30.489+0000] {dag.py:4180} INFO - Setting next_dagrun for example_short_circuit_decorator to None, run_after=None
[2025-09-07T00:05:30.517+0000] {processor.py:208} INFO - Processing /home/airflow/.local/lib/python3.12/site-packages/airflow/example_dags/example_short_circuit_decorator.py took 0.107 seconds
[2025-09-07T00:06:00.614+0000] {processor.py:186} INFO - Started process (PID=4684) to work on /home/airflow/.local/lib/python3.12/site-packages/airflow/example_dags/example_short_circuit_decorator.py
[2025-09-07T00:06:00.615+0000] {processor.py:914} INFO - Processing file /home/airflow/.local/lib/python3.12/site-packages/airflow/example_dags/example_short_circuit_decorator.py for tasks to queue
[2025-09-07T00:06:00.617+0000] {logging_mixin.py:190} INFO - [2025-09-07T00:06:00.617+0000] {dagbag.py:588} INFO - Filling up the DagBag from /home/airflow/.local/lib/python3.12/site-packages/airflow/example_dags/example_short_circuit_decorator.py
[2025-09-07T00:06:00.629+0000] {processor.py:925} INFO - DAG(s) 'example_short_circuit_decorator' retrieved from /home/airflow/.local/lib/python3.12/site-packages/airflow/example_dags/example_short_circuit_decorator.py
[2025-09-07T00:06:00.668+0000] {logging_mixin.py:190} INFO - [2025-09-07T00:06:00.667+0000] {dag.py:3239} INFO - Sync 1 DAGs
[2025-09-07T00:06:00.682+0000] {logging_mixin.py:190} INFO - [2025-09-07T00:06:00.681+0000] {dag.py:4180} INFO - Setting next_dagrun for example_short_circuit_decorator to None, run_after=None
[2025-09-07T00:06:00.707+0000] {processor.py:208} INFO - Processing /home/airflow/.local/lib/python3.12/site-packages/airflow/example_dags/example_short_circuit_decorator.py took 0.101 seconds
[2025-09-07T00:06:31.238+0000] {processor.py:186} INFO - Started process (PID=4749) to work on /home/airflow/.local/lib/python3.12/site-packages/airflow/example_dags/example_short_circuit_decorator.py
[2025-09-07T00:06:31.239+0000] {processor.py:914} INFO - Processing file /home/airflow/.local/lib/python3.12/site-packages/airflow/example_dags/example_short_circuit_decorator.py for tasks to queue
[2025-09-07T00:06:31.241+0000] {logging_mixin.py:190} INFO - [2025-09-07T00:06:31.241+0000] {dagbag.py:588} INFO - Filling up the DagBag from /home/airflow/.local/lib/python3.12/site-packages/airflow/example_dags/example_short_circuit_decorator.py
[2025-09-07T00:06:31.259+0000] {processor.py:925} INFO - DAG(s) 'example_short_circuit_decorator' retrieved from /home/airflow/.local/lib/python3.12/site-packages/airflow/example_dags/example_short_circuit_decorator.py
[2025-09-07T00:06:31.299+0000] {logging_mixin.py:190} INFO - [2025-09-07T00:06:31.298+0000] {dag.py:3239} INFO - Sync 1 DAGs
[2025-09-07T00:06:31.316+0000] {logging_mixin.py:190} INFO - [2025-09-07T00:06:31.316+0000] {dag.py:4180} INFO - Setting next_dagrun for example_short_circuit_decorator to None, run_after=None
[2025-09-07T00:06:31.346+0000] {processor.py:208} INFO - Processing /home/airflow/.local/lib/python3.12/site-packages/airflow/example_dags/example_short_circuit_decorator.py took 0.117 seconds
[2025-09-07T00:07:01.839+0000] {processor.py:186} INFO - Started process (PID=4808) to work on /home/airflow/.local/lib/python3.12/site-packages/airflow/example_dags/example_short_circuit_decorator.py
[2025-09-07T00:07:01.842+0000] {processor.py:914} INFO - Processing file /home/airflow/.local/lib/python3.12/site-packages/airflow/example_dags/example_short_circuit_decorator.py for tasks to queue
[2025-09-07T00:07:01.845+0000] {logging_mixin.py:190} INFO - [2025-09-07T00:07:01.844+0000] {dagbag.py:588} INFO - Filling up the DagBag from /home/airflow/.local/lib/python3.12/site-packages/airflow/example_dags/example_short_circuit_decorator.py
[2025-09-07T00:07:01.864+0000] {processor.py:925} INFO - DAG(s) 'example_short_circuit_decorator' retrieved from /home/airflow/.local/lib/python3.12/site-packages/airflow/example_dags/example_short_circuit_decorator.py
[2025-09-07T00:07:01.900+0000] {logging_mixin.py:190} INFO - [2025-09-07T00:07:01.899+0000] {dag.py:3239} INFO - Sync 1 DAGs
[2025-09-07T00:07:01.920+0000] {logging_mixin.py:190} INFO - [2025-09-07T00:07:01.920+0000] {dag.py:4180} INFO - Setting next_dagrun for example_short_circuit_decorator to None, run_after=None
[2025-09-07T00:07:01.951+0000] {processor.py:208} INFO - Processing /home/airflow/.local/lib/python3.12/site-packages/airflow/example_dags/example_short_circuit_decorator.py took 0.124 seconds
[2025-09-07T00:07:32.285+0000] {processor.py:186} INFO - Started process (PID=4874) to work on /home/airflow/.local/lib/python3.12/site-packages/airflow/example_dags/example_short_circuit_decorator.py
[2025-09-07T00:07:32.286+0000] {processor.py:914} INFO - Processing file /home/airflow/.local/lib/python3.12/site-packages/airflow/example_dags/example_short_circuit_decorator.py for tasks to queue
[2025-09-07T00:07:32.291+0000] {logging_mixin.py:190} INFO - [2025-09-07T00:07:32.290+0000] {dagbag.py:588} INFO - Filling up the DagBag from /home/airflow/.local/lib/python3.12/site-packages/airflow/example_dags/example_short_circuit_decorator.py
[2025-09-07T00:07:32.301+0000] {processor.py:925} INFO - DAG(s) 'example_short_circuit_decorator' retrieved from /home/airflow/.local/lib/python3.12/site-packages/airflow/example_dags/example_short_circuit_decorator.py
[2025-09-07T00:07:32.329+0000] {logging_mixin.py:190} INFO - [2025-09-07T00:07:32.328+0000] {dag.py:3239} INFO - Sync 1 DAGs
[2025-09-07T00:07:32.342+0000] {logging_mixin.py:190} INFO - [2025-09-07T00:07:32.342+0000] {dag.py:4180} INFO - Setting next_dagrun for example_short_circuit_decorator to None, run_after=None
[2025-09-07T00:07:32.369+0000] {processor.py:208} INFO - Processing /home/airflow/.local/lib/python3.12/site-packages/airflow/example_dags/example_short_circuit_decorator.py took 0.089 seconds
[2025-09-07T00:08:02.874+0000] {processor.py:186} INFO - Started process (PID=4940) to work on /home/airflow/.local/lib/python3.12/site-packages/airflow/example_dags/example_short_circuit_decorator.py
[2025-09-07T00:08:02.876+0000] {processor.py:914} INFO - Processing file /home/airflow/.local/lib/python3.12/site-packages/airflow/example_dags/example_short_circuit_decorator.py for tasks to queue
[2025-09-07T00:08:02.878+0000] {logging_mixin.py:190} INFO - [2025-09-07T00:08:02.878+0000] {dagbag.py:588} INFO - Filling up the DagBag from /home/airflow/.local/lib/python3.12/site-packages/airflow/example_dags/example_short_circuit_decorator.py
[2025-09-07T00:08:02.895+0000] {processor.py:925} INFO - DAG(s) 'example_short_circuit_decorator' retrieved from /home/airflow/.local/lib/python3.12/site-packages/airflow/example_dags/example_short_circuit_decorator.py
[2025-09-07T00:08:02.928+0000] {logging_mixin.py:190} INFO - [2025-09-07T00:08:02.927+0000] {dag.py:3239} INFO - Sync 1 DAGs
[2025-09-07T00:08:02.947+0000] {logging_mixin.py:190} INFO - [2025-09-07T00:08:02.947+0000] {dag.py:4180} INFO - Setting next_dagrun for example_short_circuit_decorator to None, run_after=None
[2025-09-07T00:08:02.972+0000] {processor.py:208} INFO - Processing /home/airflow/.local/lib/python3.12/site-packages/airflow/example_dags/example_short_circuit_decorator.py took 0.103 seconds
[2025-09-07T00:08:33.979+0000] {processor.py:186} INFO - Started process (PID=5006) to work on /home/airflow/.local/lib/python3.12/site-packages/airflow/example_dags/example_short_circuit_decorator.py
[2025-09-07T00:08:33.981+0000] {processor.py:914} INFO - Processing file /home/airflow/.local/lib/python3.12/site-packages/airflow/example_dags/example_short_circuit_decorator.py for tasks to queue
[2025-09-07T00:08:33.983+0000] {logging_mixin.py:190} INFO - [2025-09-07T00:08:33.982+0000] {dagbag.py:588} INFO - Filling up the DagBag from /home/airflow/.local/lib/python3.12/site-packages/airflow/example_dags/example_short_circuit_decorator.py
[2025-09-07T00:08:33.992+0000] {processor.py:925} INFO - DAG(s) 'example_short_circuit_decorator' retrieved from /home/airflow/.local/lib/python3.12/site-packages/airflow/example_dags/example_short_circuit_decorator.py
[2025-09-07T00:08:34.022+0000] {logging_mixin.py:190} INFO - [2025-09-07T00:08:34.021+0000] {dag.py:3239} INFO - Sync 1 DAGs
[2025-09-07T00:08:34.040+0000] {logging_mixin.py:190} INFO - [2025-09-07T00:08:34.040+0000] {dag.py:4180} INFO - Setting next_dagrun for example_short_circuit_decorator to None, run_after=None
[2025-09-07T00:08:34.062+0000] {processor.py:208} INFO - Processing /home/airflow/.local/lib/python3.12/site-packages/airflow/example_dags/example_short_circuit_decorator.py took 0.091 seconds
[2025-09-07T00:09:04.176+0000] {processor.py:186} INFO - Started process (PID=5072) to work on /home/airflow/.local/lib/python3.12/site-packages/airflow/example_dags/example_short_circuit_decorator.py
[2025-09-07T00:09:04.179+0000] {processor.py:914} INFO - Processing file /home/airflow/.local/lib/python3.12/site-packages/airflow/example_dags/example_short_circuit_decorator.py for tasks to queue
[2025-09-07T00:09:04.185+0000] {logging_mixin.py:190} INFO - [2025-09-07T00:09:04.185+0000] {dagbag.py:588} INFO - Filling up the DagBag from /home/airflow/.local/lib/python3.12/site-packages/airflow/example_dags/example_short_circuit_decorator.py
[2025-09-07T00:09:04.200+0000] {processor.py:925} INFO - DAG(s) 'example_short_circuit_decorator' retrieved from /home/airflow/.local/lib/python3.12/site-packages/airflow/example_dags/example_short_circuit_decorator.py
[2025-09-07T00:09:04.233+0000] {logging_mixin.py:190} INFO - [2025-09-07T00:09:04.233+0000] {dag.py:3239} INFO - Sync 1 DAGs
[2025-09-07T00:09:04.249+0000] {logging_mixin.py:190} INFO - [2025-09-07T00:09:04.248+0000] {dag.py:4180} INFO - Setting next_dagrun for example_short_circuit_decorator to None, run_after=None
[2025-09-07T00:09:04.278+0000] {processor.py:208} INFO - Processing /home/airflow/.local/lib/python3.12/site-packages/airflow/example_dags/example_short_circuit_decorator.py took 0.110 seconds
[2025-09-07T00:09:35.061+0000] {processor.py:186} INFO - Started process (PID=5138) to work on /home/airflow/.local/lib/python3.12/site-packages/airflow/example_dags/example_short_circuit_decorator.py
[2025-09-07T00:09:35.063+0000] {processor.py:914} INFO - Processing file /home/airflow/.local/lib/python3.12/site-packages/airflow/example_dags/example_short_circuit_decorator.py for tasks to queue
[2025-09-07T00:09:35.064+0000] {logging_mixin.py:190} INFO - [2025-09-07T00:09:35.064+0000] {dagbag.py:588} INFO - Filling up the DagBag from /home/airflow/.local/lib/python3.12/site-packages/airflow/example_dags/example_short_circuit_decorator.py
[2025-09-07T00:09:35.080+0000] {processor.py:925} INFO - DAG(s) 'example_short_circuit_decorator' retrieved from /home/airflow/.local/lib/python3.12/site-packages/airflow/example_dags/example_short_circuit_decorator.py
[2025-09-07T00:09:35.112+0000] {logging_mixin.py:190} INFO - [2025-09-07T00:09:35.112+0000] {dag.py:3239} INFO - Sync 1 DAGs
[2025-09-07T00:09:35.130+0000] {logging_mixin.py:190} INFO - [2025-09-07T00:09:35.130+0000] {dag.py:4180} INFO - Setting next_dagrun for example_short_circuit_decorator to None, run_after=None
[2025-09-07T00:09:35.154+0000] {processor.py:208} INFO - Processing /home/airflow/.local/lib/python3.12/site-packages/airflow/example_dags/example_short_circuit_decorator.py took 0.101 seconds
[2025-09-07T00:10:05.330+0000] {processor.py:186} INFO - Started process (PID=5204) to work on /home/airflow/.local/lib/python3.12/site-packages/airflow/example_dags/example_short_circuit_decorator.py
[2025-09-07T00:10:05.331+0000] {processor.py:914} INFO - Processing file /home/airflow/.local/lib/python3.12/site-packages/airflow/example_dags/example_short_circuit_decorator.py for tasks to queue
[2025-09-07T00:10:05.333+0000] {logging_mixin.py:190} INFO - [2025-09-07T00:10:05.333+0000] {dagbag.py:588} INFO - Filling up the DagBag from /home/airflow/.local/lib/python3.12/site-packages/airflow/example_dags/example_short_circuit_decorator.py
[2025-09-07T00:10:05.345+0000] {processor.py:925} INFO - DAG(s) 'example_short_circuit_decorator' retrieved from /home/airflow/.local/lib/python3.12/site-packages/airflow/example_dags/example_short_circuit_decorator.py
[2025-09-07T00:10:05.378+0000] {logging_mixin.py:190} INFO - [2025-09-07T00:10:05.378+0000] {dag.py:3239} INFO - Sync 1 DAGs
[2025-09-07T00:10:05.397+0000] {logging_mixin.py:190} INFO - [2025-09-07T00:10:05.396+0000] {dag.py:4180} INFO - Setting next_dagrun for example_short_circuit_decorator to None, run_after=None
[2025-09-07T00:10:05.422+0000] {processor.py:208} INFO - Processing /home/airflow/.local/lib/python3.12/site-packages/airflow/example_dags/example_short_circuit_decorator.py took 0.097 seconds
[2025-09-07T00:10:36.043+0000] {processor.py:186} INFO - Started process (PID=5270) to work on /home/airflow/.local/lib/python3.12/site-packages/airflow/example_dags/example_short_circuit_decorator.py
[2025-09-07T00:10:36.045+0000] {processor.py:914} INFO - Processing file /home/airflow/.local/lib/python3.12/site-packages/airflow/example_dags/example_short_circuit_decorator.py for tasks to queue
[2025-09-07T00:10:36.047+0000] {logging_mixin.py:190} INFO - [2025-09-07T00:10:36.047+0000] {dagbag.py:588} INFO - Filling up the DagBag from /home/airflow/.local/lib/python3.12/site-packages/airflow/example_dags/example_short_circuit_decorator.py
[2025-09-07T00:10:36.063+0000] {processor.py:925} INFO - DAG(s) 'example_short_circuit_decorator' retrieved from /home/airflow/.local/lib/python3.12/site-packages/airflow/example_dags/example_short_circuit_decorator.py
[2025-09-07T00:10:36.094+0000] {logging_mixin.py:190} INFO - [2025-09-07T00:10:36.094+0000] {dag.py:3239} INFO - Sync 1 DAGs
[2025-09-07T00:10:36.113+0000] {logging_mixin.py:190} INFO - [2025-09-07T00:10:36.113+0000] {dag.py:4180} INFO - Setting next_dagrun for example_short_circuit_decorator to None, run_after=None
[2025-09-07T00:10:36.138+0000] {processor.py:208} INFO - Processing /home/airflow/.local/lib/python3.12/site-packages/airflow/example_dags/example_short_circuit_decorator.py took 0.103 seconds
[2025-09-07T00:11:06.264+0000] {processor.py:186} INFO - Started process (PID=5336) to work on /home/airflow/.local/lib/python3.12/site-packages/airflow/example_dags/example_short_circuit_decorator.py
[2025-09-07T00:11:06.265+0000] {processor.py:914} INFO - Processing file /home/airflow/.local/lib/python3.12/site-packages/airflow/example_dags/example_short_circuit_decorator.py for tasks to queue
[2025-09-07T00:11:06.267+0000] {logging_mixin.py:190} INFO - [2025-09-07T00:11:06.267+0000] {dagbag.py:588} INFO - Filling up the DagBag from /home/airflow/.local/lib/python3.12/site-packages/airflow/example_dags/example_short_circuit_decorator.py
[2025-09-07T00:11:06.281+0000] {processor.py:925} INFO - DAG(s) 'example_short_circuit_decorator' retrieved from /home/airflow/.local/lib/python3.12/site-packages/airflow/example_dags/example_short_circuit_decorator.py
[2025-09-07T00:11:06.309+0000] {logging_mixin.py:190} INFO - [2025-09-07T00:11:06.309+0000] {dag.py:3239} INFO - Sync 1 DAGs
[2025-09-07T00:11:06.324+0000] {logging_mixin.py:190} INFO - [2025-09-07T00:11:06.324+0000] {dag.py:4180} INFO - Setting next_dagrun for example_short_circuit_decorator to None, run_after=None
[2025-09-07T00:11:06.349+0000] {processor.py:208} INFO - Processing /home/airflow/.local/lib/python3.12/site-packages/airflow/example_dags/example_short_circuit_decorator.py took 0.093 seconds
[2025-09-07T00:11:36.983+0000] {processor.py:186} INFO - Started process (PID=5402) to work on /home/airflow/.local/lib/python3.12/site-packages/airflow/example_dags/example_short_circuit_decorator.py
[2025-09-07T00:11:36.984+0000] {processor.py:914} INFO - Processing file /home/airflow/.local/lib/python3.12/site-packages/airflow/example_dags/example_short_circuit_decorator.py for tasks to queue
[2025-09-07T00:11:36.986+0000] {logging_mixin.py:190} INFO - [2025-09-07T00:11:36.985+0000] {dagbag.py:588} INFO - Filling up the DagBag from /home/airflow/.local/lib/python3.12/site-packages/airflow/example_dags/example_short_circuit_decorator.py
[2025-09-07T00:11:36.995+0000] {processor.py:925} INFO - DAG(s) 'example_short_circuit_decorator' retrieved from /home/airflow/.local/lib/python3.12/site-packages/airflow/example_dags/example_short_circuit_decorator.py
[2025-09-07T00:11:37.028+0000] {logging_mixin.py:190} INFO - [2025-09-07T00:11:37.027+0000] {dag.py:3239} INFO - Sync 1 DAGs
[2025-09-07T00:11:37.042+0000] {logging_mixin.py:190} INFO - [2025-09-07T00:11:37.041+0000] {dag.py:4180} INFO - Setting next_dagrun for example_short_circuit_decorator to None, run_after=None
[2025-09-07T00:11:37.067+0000] {processor.py:208} INFO - Processing /home/airflow/.local/lib/python3.12/site-packages/airflow/example_dags/example_short_circuit_decorator.py took 0.092 seconds
[2025-09-07T00:12:07.131+0000] {processor.py:186} INFO - Started process (PID=5468) to work on /home/airflow/.local/lib/python3.12/site-packages/airflow/example_dags/example_short_circuit_decorator.py
[2025-09-07T00:12:07.132+0000] {processor.py:914} INFO - Processing file /home/airflow/.local/lib/python3.12/site-packages/airflow/example_dags/example_short_circuit_decorator.py for tasks to queue
[2025-09-07T00:12:07.134+0000] {logging_mixin.py:190} INFO - [2025-09-07T00:12:07.134+0000] {dagbag.py:588} INFO - Filling up the DagBag from /home/airflow/.local/lib/python3.12/site-packages/airflow/example_dags/example_short_circuit_decorator.py
[2025-09-07T00:12:07.149+0000] {processor.py:925} INFO - DAG(s) 'example_short_circuit_decorator' retrieved from /home/airflow/.local/lib/python3.12/site-packages/airflow/example_dags/example_short_circuit_decorator.py
[2025-09-07T00:12:07.174+0000] {logging_mixin.py:190} INFO - [2025-09-07T00:12:07.174+0000] {dag.py:3239} INFO - Sync 1 DAGs
[2025-09-07T00:12:07.188+0000] {logging_mixin.py:190} INFO - [2025-09-07T00:12:07.187+0000] {dag.py:4180} INFO - Setting next_dagrun for example_short_circuit_decorator to None, run_after=None
[2025-09-07T00:12:07.206+0000] {processor.py:208} INFO - Processing /home/airflow/.local/lib/python3.12/site-packages/airflow/example_dags/example_short_circuit_decorator.py took 0.084 seconds
[2025-09-07T00:12:37.263+0000] {processor.py:186} INFO - Started process (PID=5533) to work on /home/airflow/.local/lib/python3.12/site-packages/airflow/example_dags/example_short_circuit_decorator.py
[2025-09-07T00:12:37.264+0000] {processor.py:914} INFO - Processing file /home/airflow/.local/lib/python3.12/site-packages/airflow/example_dags/example_short_circuit_decorator.py for tasks to queue
[2025-09-07T00:12:37.266+0000] {logging_mixin.py:190} INFO - [2025-09-07T00:12:37.266+0000] {dagbag.py:588} INFO - Filling up the DagBag from /home/airflow/.local/lib/python3.12/site-packages/airflow/example_dags/example_short_circuit_decorator.py
[2025-09-07T00:12:37.279+0000] {processor.py:925} INFO - DAG(s) 'example_short_circuit_decorator' retrieved from /home/airflow/.local/lib/python3.12/site-packages/airflow/example_dags/example_short_circuit_decorator.py
[2025-09-07T00:12:37.301+0000] {logging_mixin.py:190} INFO - [2025-09-07T00:12:37.301+0000] {dag.py:3239} INFO - Sync 1 DAGs
[2025-09-07T00:12:37.315+0000] {logging_mixin.py:190} INFO - [2025-09-07T00:12:37.314+0000] {dag.py:4180} INFO - Setting next_dagrun for example_short_circuit_decorator to None, run_after=None
[2025-09-07T00:12:37.337+0000] {processor.py:208} INFO - Processing /home/airflow/.local/lib/python3.12/site-packages/airflow/example_dags/example_short_circuit_decorator.py took 0.083 seconds
[2025-09-07T00:13:07.977+0000] {processor.py:186} INFO - Started process (PID=5599) to work on /home/airflow/.local/lib/python3.12/site-packages/airflow/example_dags/example_short_circuit_decorator.py
[2025-09-07T00:13:07.979+0000] {processor.py:914} INFO - Processing file /home/airflow/.local/lib/python3.12/site-packages/airflow/example_dags/example_short_circuit_decorator.py for tasks to queue
[2025-09-07T00:13:07.980+0000] {logging_mixin.py:190} INFO - [2025-09-07T00:13:07.980+0000] {dagbag.py:588} INFO - Filling up the DagBag from /home/airflow/.local/lib/python3.12/site-packages/airflow/example_dags/example_short_circuit_decorator.py
[2025-09-07T00:13:07.992+0000] {processor.py:925} INFO - DAG(s) 'example_short_circuit_decorator' retrieved from /home/airflow/.local/lib/python3.12/site-packages/airflow/example_dags/example_short_circuit_decorator.py
[2025-09-07T00:13:08.032+0000] {logging_mixin.py:190} INFO - [2025-09-07T00:13:08.031+0000] {dag.py:3239} INFO - Sync 1 DAGs
[2025-09-07T00:13:08.242+0000] {logging_mixin.py:190} INFO - [2025-09-07T00:13:08.241+0000] {dag.py:4180} INFO - Setting next_dagrun for example_short_circuit_decorator to None, run_after=None
[2025-09-07T00:13:08.277+0000] {processor.py:208} INFO - Processing /home/airflow/.local/lib/python3.12/site-packages/airflow/example_dags/example_short_circuit_decorator.py took 0.305 seconds
[2025-09-07T00:13:38.818+0000] {processor.py:186} INFO - Started process (PID=5665) to work on /home/airflow/.local/lib/python3.12/site-packages/airflow/example_dags/example_short_circuit_decorator.py
[2025-09-07T00:13:38.819+0000] {processor.py:914} INFO - Processing file /home/airflow/.local/lib/python3.12/site-packages/airflow/example_dags/example_short_circuit_decorator.py for tasks to queue
[2025-09-07T00:13:38.820+0000] {logging_mixin.py:190} INFO - [2025-09-07T00:13:38.820+0000] {dagbag.py:588} INFO - Filling up the DagBag from /home/airflow/.local/lib/python3.12/site-packages/airflow/example_dags/example_short_circuit_decorator.py
[2025-09-07T00:13:38.830+0000] {processor.py:925} INFO - DAG(s) 'example_short_circuit_decorator' retrieved from /home/airflow/.local/lib/python3.12/site-packages/airflow/example_dags/example_short_circuit_decorator.py
[2025-09-07T00:13:38.862+0000] {logging_mixin.py:190} INFO - [2025-09-07T00:13:38.862+0000] {dag.py:3239} INFO - Sync 1 DAGs
[2025-09-07T00:13:38.883+0000] {logging_mixin.py:190} INFO - [2025-09-07T00:13:38.883+0000] {dag.py:4180} INFO - Setting next_dagrun for example_short_circuit_decorator to None, run_after=None
[2025-09-07T00:13:38.909+0000] {processor.py:208} INFO - Processing /home/airflow/.local/lib/python3.12/site-packages/airflow/example_dags/example_short_circuit_decorator.py took 0.096 seconds
[2025-09-07T00:14:09.626+0000] {processor.py:186} INFO - Started process (PID=5731) to work on /home/airflow/.local/lib/python3.12/site-packages/airflow/example_dags/example_short_circuit_decorator.py
[2025-09-07T00:14:09.627+0000] {processor.py:914} INFO - Processing file /home/airflow/.local/lib/python3.12/site-packages/airflow/example_dags/example_short_circuit_decorator.py for tasks to queue
[2025-09-07T00:14:09.629+0000] {logging_mixin.py:190} INFO - [2025-09-07T00:14:09.629+0000] {dagbag.py:588} INFO - Filling up the DagBag from /home/airflow/.local/lib/python3.12/site-packages/airflow/example_dags/example_short_circuit_decorator.py
[2025-09-07T00:14:09.640+0000] {processor.py:925} INFO - DAG(s) 'example_short_circuit_decorator' retrieved from /home/airflow/.local/lib/python3.12/site-packages/airflow/example_dags/example_short_circuit_decorator.py
[2025-09-07T00:14:09.676+0000] {logging_mixin.py:190} INFO - [2025-09-07T00:14:09.675+0000] {dag.py:3239} INFO - Sync 1 DAGs
[2025-09-07T00:14:09.698+0000] {logging_mixin.py:190} INFO - [2025-09-07T00:14:09.697+0000] {dag.py:4180} INFO - Setting next_dagrun for example_short_circuit_decorator to None, run_after=None
[2025-09-07T00:14:09.725+0000] {processor.py:208} INFO - Processing /home/airflow/.local/lib/python3.12/site-packages/airflow/example_dags/example_short_circuit_decorator.py took 0.105 seconds
[2025-09-07T00:14:40.442+0000] {processor.py:186} INFO - Started process (PID=5797) to work on /home/airflow/.local/lib/python3.12/site-packages/airflow/example_dags/example_short_circuit_decorator.py
[2025-09-07T00:14:40.444+0000] {processor.py:914} INFO - Processing file /home/airflow/.local/lib/python3.12/site-packages/airflow/example_dags/example_short_circuit_decorator.py for tasks to queue
[2025-09-07T00:14:40.446+0000] {logging_mixin.py:190} INFO - [2025-09-07T00:14:40.445+0000] {dagbag.py:588} INFO - Filling up the DagBag from /home/airflow/.local/lib/python3.12/site-packages/airflow/example_dags/example_short_circuit_decorator.py
[2025-09-07T00:14:40.461+0000] {processor.py:925} INFO - DAG(s) 'example_short_circuit_decorator' retrieved from /home/airflow/.local/lib/python3.12/site-packages/airflow/example_dags/example_short_circuit_decorator.py
[2025-09-07T00:14:40.491+0000] {logging_mixin.py:190} INFO - [2025-09-07T00:14:40.490+0000] {dag.py:3239} INFO - Sync 1 DAGs
[2025-09-07T00:14:40.511+0000] {logging_mixin.py:190} INFO - [2025-09-07T00:14:40.511+0000] {dag.py:4180} INFO - Setting next_dagrun for example_short_circuit_decorator to None, run_after=None
[2025-09-07T00:14:40.536+0000] {processor.py:208} INFO - Processing /home/airflow/.local/lib/python3.12/site-packages/airflow/example_dags/example_short_circuit_decorator.py took 0.102 seconds
[2025-09-07T00:15:11.125+0000] {processor.py:186} INFO - Started process (PID=5862) to work on /home/airflow/.local/lib/python3.12/site-packages/airflow/example_dags/example_short_circuit_decorator.py
[2025-09-07T00:15:11.126+0000] {processor.py:914} INFO - Processing file /home/airflow/.local/lib/python3.12/site-packages/airflow/example_dags/example_short_circuit_decorator.py for tasks to queue
[2025-09-07T00:15:11.130+0000] {logging_mixin.py:190} INFO - [2025-09-07T00:15:11.129+0000] {dagbag.py:588} INFO - Filling up the DagBag from /home/airflow/.local/lib/python3.12/site-packages/airflow/example_dags/example_short_circuit_decorator.py
[2025-09-07T00:15:11.151+0000] {processor.py:925} INFO - DAG(s) 'example_short_circuit_decorator' retrieved from /home/airflow/.local/lib/python3.12/site-packages/airflow/example_dags/example_short_circuit_decorator.py
[2025-09-07T00:15:11.371+0000] {logging_mixin.py:190} INFO - [2025-09-07T00:15:11.371+0000] {dag.py:3239} INFO - Sync 1 DAGs
[2025-09-07T00:15:11.388+0000] {logging_mixin.py:190} INFO - [2025-09-07T00:15:11.388+0000] {dag.py:4180} INFO - Setting next_dagrun for example_short_circuit_decorator to None, run_after=None
[2025-09-07T00:15:11.410+0000] {processor.py:208} INFO - Processing /home/airflow/.local/lib/python3.12/site-packages/airflow/example_dags/example_short_circuit_decorator.py took 0.294 seconds
[2025-09-07T00:15:42.198+0000] {processor.py:186} INFO - Started process (PID=5921) to work on /home/airflow/.local/lib/python3.12/site-packages/airflow/example_dags/example_short_circuit_decorator.py
[2025-09-07T00:15:42.199+0000] {processor.py:914} INFO - Processing file /home/airflow/.local/lib/python3.12/site-packages/airflow/example_dags/example_short_circuit_decorator.py for tasks to queue
[2025-09-07T00:15:42.202+0000] {logging_mixin.py:190} INFO - [2025-09-07T00:15:42.201+0000] {dagbag.py:588} INFO - Filling up the DagBag from /home/airflow/.local/lib/python3.12/site-packages/airflow/example_dags/example_short_circuit_decorator.py
[2025-09-07T00:15:42.216+0000] {processor.py:925} INFO - DAG(s) 'example_short_circuit_decorator' retrieved from /home/airflow/.local/lib/python3.12/site-packages/airflow/example_dags/example_short_circuit_decorator.py
[2025-09-07T00:15:42.248+0000] {logging_mixin.py:190} INFO - [2025-09-07T00:15:42.247+0000] {dag.py:3239} INFO - Sync 1 DAGs
[2025-09-07T00:15:42.263+0000] {logging_mixin.py:190} INFO - [2025-09-07T00:15:42.263+0000] {dag.py:4180} INFO - Setting next_dagrun for example_short_circuit_decorator to None, run_after=None
[2025-09-07T00:15:42.287+0000] {processor.py:208} INFO - Processing /home/airflow/.local/lib/python3.12/site-packages/airflow/example_dags/example_short_circuit_decorator.py took 0.094 seconds
[2025-09-07T00:16:12.874+0000] {processor.py:186} INFO - Started process (PID=5987) to work on /home/airflow/.local/lib/python3.12/site-packages/airflow/example_dags/example_short_circuit_decorator.py
[2025-09-07T00:16:12.876+0000] {processor.py:914} INFO - Processing file /home/airflow/.local/lib/python3.12/site-packages/airflow/example_dags/example_short_circuit_decorator.py for tasks to queue
[2025-09-07T00:16:12.878+0000] {logging_mixin.py:190} INFO - [2025-09-07T00:16:12.877+0000] {dagbag.py:588} INFO - Filling up the DagBag from /home/airflow/.local/lib/python3.12/site-packages/airflow/example_dags/example_short_circuit_decorator.py
[2025-09-07T00:16:12.890+0000] {processor.py:925} INFO - DAG(s) 'example_short_circuit_decorator' retrieved from /home/airflow/.local/lib/python3.12/site-packages/airflow/example_dags/example_short_circuit_decorator.py
[2025-09-07T00:16:12.921+0000] {logging_mixin.py:190} INFO - [2025-09-07T00:16:12.920+0000] {dag.py:3239} INFO - Sync 1 DAGs
[2025-09-07T00:16:12.935+0000] {logging_mixin.py:190} INFO - [2025-09-07T00:16:12.934+0000] {dag.py:4180} INFO - Setting next_dagrun for example_short_circuit_decorator to None, run_after=None
[2025-09-07T00:16:12.957+0000] {processor.py:208} INFO - Processing /home/airflow/.local/lib/python3.12/site-packages/airflow/example_dags/example_short_circuit_decorator.py took 0.091 seconds
[2025-09-07T00:16:43.466+0000] {processor.py:186} INFO - Started process (PID=6052) to work on /home/airflow/.local/lib/python3.12/site-packages/airflow/example_dags/example_short_circuit_decorator.py
[2025-09-07T00:16:43.467+0000] {processor.py:914} INFO - Processing file /home/airflow/.local/lib/python3.12/site-packages/airflow/example_dags/example_short_circuit_decorator.py for tasks to queue
[2025-09-07T00:16:43.470+0000] {logging_mixin.py:190} INFO - [2025-09-07T00:16:43.469+0000] {dagbag.py:588} INFO - Filling up the DagBag from /home/airflow/.local/lib/python3.12/site-packages/airflow/example_dags/example_short_circuit_decorator.py
[2025-09-07T00:16:43.481+0000] {processor.py:925} INFO - DAG(s) 'example_short_circuit_decorator' retrieved from /home/airflow/.local/lib/python3.12/site-packages/airflow/example_dags/example_short_circuit_decorator.py
[2025-09-07T00:16:43.505+0000] {logging_mixin.py:190} INFO - [2025-09-07T00:16:43.505+0000] {dag.py:3239} INFO - Sync 1 DAGs
[2025-09-07T00:16:43.518+0000] {logging_mixin.py:190} INFO - [2025-09-07T00:16:43.518+0000] {dag.py:4180} INFO - Setting next_dagrun for example_short_circuit_decorator to None, run_after=None
[2025-09-07T00:16:43.537+0000] {processor.py:208} INFO - Processing /home/airflow/.local/lib/python3.12/site-packages/airflow/example_dags/example_short_circuit_decorator.py took 0.080 seconds
[2025-09-07T00:17:14.128+0000] {processor.py:186} INFO - Started process (PID=6118) to work on /home/airflow/.local/lib/python3.12/site-packages/airflow/example_dags/example_short_circuit_decorator.py
[2025-09-07T00:17:14.129+0000] {processor.py:914} INFO - Processing file /home/airflow/.local/lib/python3.12/site-packages/airflow/example_dags/example_short_circuit_decorator.py for tasks to queue
[2025-09-07T00:17:14.132+0000] {logging_mixin.py:190} INFO - [2025-09-07T00:17:14.131+0000] {dagbag.py:588} INFO - Filling up the DagBag from /home/airflow/.local/lib/python3.12/site-packages/airflow/example_dags/example_short_circuit_decorator.py
[2025-09-07T00:17:14.149+0000] {processor.py:925} INFO - DAG(s) 'example_short_circuit_decorator' retrieved from /home/airflow/.local/lib/python3.12/site-packages/airflow/example_dags/example_short_circuit_decorator.py
[2025-09-07T00:17:14.181+0000] {logging_mixin.py:190} INFO - [2025-09-07T00:17:14.181+0000] {dag.py:3239} INFO - Sync 1 DAGs
[2025-09-07T00:17:14.200+0000] {logging_mixin.py:190} INFO - [2025-09-07T00:17:14.200+0000] {dag.py:4180} INFO - Setting next_dagrun for example_short_circuit_decorator to None, run_after=None
[2025-09-07T00:17:14.223+0000] {processor.py:208} INFO - Processing /home/airflow/.local/lib/python3.12/site-packages/airflow/example_dags/example_short_circuit_decorator.py took 0.106 seconds
[2025-09-07T00:17:44.850+0000] {processor.py:186} INFO - Started process (PID=6184) to work on /home/airflow/.local/lib/python3.12/site-packages/airflow/example_dags/example_short_circuit_decorator.py
[2025-09-07T00:17:44.851+0000] {processor.py:914} INFO - Processing file /home/airflow/.local/lib/python3.12/site-packages/airflow/example_dags/example_short_circuit_decorator.py for tasks to queue
[2025-09-07T00:17:44.854+0000] {logging_mixin.py:190} INFO - [2025-09-07T00:17:44.853+0000] {dagbag.py:588} INFO - Filling up the DagBag from /home/airflow/.local/lib/python3.12/site-packages/airflow/example_dags/example_short_circuit_decorator.py
[2025-09-07T00:17:44.865+0000] {processor.py:925} INFO - DAG(s) 'example_short_circuit_decorator' retrieved from /home/airflow/.local/lib/python3.12/site-packages/airflow/example_dags/example_short_circuit_decorator.py
[2025-09-07T00:17:44.895+0000] {logging_mixin.py:190} INFO - [2025-09-07T00:17:44.894+0000] {dag.py:3239} INFO - Sync 1 DAGs
[2025-09-07T00:17:44.908+0000] {logging_mixin.py:190} INFO - [2025-09-07T00:17:44.908+0000] {dag.py:4180} INFO - Setting next_dagrun for example_short_circuit_decorator to None, run_after=None
[2025-09-07T00:17:44.927+0000] {processor.py:208} INFO - Processing /home/airflow/.local/lib/python3.12/site-packages/airflow/example_dags/example_short_circuit_decorator.py took 0.082 seconds
[2025-09-07T00:18:15.577+0000] {processor.py:186} INFO - Started process (PID=6250) to work on /home/airflow/.local/lib/python3.12/site-packages/airflow/example_dags/example_short_circuit_decorator.py
[2025-09-07T00:18:15.578+0000] {processor.py:914} INFO - Processing file /home/airflow/.local/lib/python3.12/site-packages/airflow/example_dags/example_short_circuit_decorator.py for tasks to queue
[2025-09-07T00:18:15.580+0000] {logging_mixin.py:190} INFO - [2025-09-07T00:18:15.580+0000] {dagbag.py:588} INFO - Filling up the DagBag from /home/airflow/.local/lib/python3.12/site-packages/airflow/example_dags/example_short_circuit_decorator.py
[2025-09-07T00:18:15.590+0000] {processor.py:925} INFO - DAG(s) 'example_short_circuit_decorator' retrieved from /home/airflow/.local/lib/python3.12/site-packages/airflow/example_dags/example_short_circuit_decorator.py
[2025-09-07T00:18:15.621+0000] {logging_mixin.py:190} INFO - [2025-09-07T00:18:15.620+0000] {dag.py:3239} INFO - Sync 1 DAGs
[2025-09-07T00:18:15.643+0000] {logging_mixin.py:190} INFO - [2025-09-07T00:18:15.643+0000] {dag.py:4180} INFO - Setting next_dagrun for example_short_circuit_decorator to None, run_after=None
[2025-09-07T00:18:15.669+0000] {processor.py:208} INFO - Processing /home/airflow/.local/lib/python3.12/site-packages/airflow/example_dags/example_short_circuit_decorator.py took 0.101 seconds
[2025-09-07T00:18:46.451+0000] {processor.py:186} INFO - Started process (PID=6316) to work on /home/airflow/.local/lib/python3.12/site-packages/airflow/example_dags/example_short_circuit_decorator.py
[2025-09-07T00:18:46.452+0000] {processor.py:914} INFO - Processing file /home/airflow/.local/lib/python3.12/site-packages/airflow/example_dags/example_short_circuit_decorator.py for tasks to queue
[2025-09-07T00:18:46.454+0000] {logging_mixin.py:190} INFO - [2025-09-07T00:18:46.454+0000] {dagbag.py:588} INFO - Filling up the DagBag from /home/airflow/.local/lib/python3.12/site-packages/airflow/example_dags/example_short_circuit_decorator.py
[2025-09-07T00:18:46.466+0000] {processor.py:925} INFO - DAG(s) 'example_short_circuit_decorator' retrieved from /home/airflow/.local/lib/python3.12/site-packages/airflow/example_dags/example_short_circuit_decorator.py
[2025-09-07T00:18:46.497+0000] {logging_mixin.py:190} INFO - [2025-09-07T00:18:46.496+0000] {dag.py:3239} INFO - Sync 1 DAGs
[2025-09-07T00:18:46.518+0000] {logging_mixin.py:190} INFO - [2025-09-07T00:18:46.517+0000] {dag.py:4180} INFO - Setting next_dagrun for example_short_circuit_decorator to None, run_after=None
[2025-09-07T00:18:46.538+0000] {processor.py:208} INFO - Processing /home/airflow/.local/lib/python3.12/site-packages/airflow/example_dags/example_short_circuit_decorator.py took 0.095 seconds
[2025-09-07T00:19:16.998+0000] {processor.py:186} INFO - Started process (PID=6381) to work on /home/airflow/.local/lib/python3.12/site-packages/airflow/example_dags/example_short_circuit_decorator.py
[2025-09-07T00:19:16.999+0000] {processor.py:914} INFO - Processing file /home/airflow/.local/lib/python3.12/site-packages/airflow/example_dags/example_short_circuit_decorator.py for tasks to queue
[2025-09-07T00:19:17.000+0000] {logging_mixin.py:190} INFO - [2025-09-07T00:19:17.000+0000] {dagbag.py:588} INFO - Filling up the DagBag from /home/airflow/.local/lib/python3.12/site-packages/airflow/example_dags/example_short_circuit_decorator.py
[2025-09-07T00:19:17.012+0000] {processor.py:925} INFO - DAG(s) 'example_short_circuit_decorator' retrieved from /home/airflow/.local/lib/python3.12/site-packages/airflow/example_dags/example_short_circuit_decorator.py
[2025-09-07T00:19:17.038+0000] {logging_mixin.py:190} INFO - [2025-09-07T00:19:17.038+0000] {dag.py:3239} INFO - Sync 1 DAGs
[2025-09-07T00:19:17.050+0000] {logging_mixin.py:190} INFO - [2025-09-07T00:19:17.050+0000] {dag.py:4180} INFO - Setting next_dagrun for example_short_circuit_decorator to None, run_after=None
[2025-09-07T00:19:17.070+0000] {processor.py:208} INFO - Processing /home/airflow/.local/lib/python3.12/site-packages/airflow/example_dags/example_short_circuit_decorator.py took 0.077 seconds
[2025-09-07T00:19:47.834+0000] {processor.py:186} INFO - Started process (PID=6447) to work on /home/airflow/.local/lib/python3.12/site-packages/airflow/example_dags/example_short_circuit_decorator.py
[2025-09-07T00:19:47.836+0000] {processor.py:914} INFO - Processing file /home/airflow/.local/lib/python3.12/site-packages/airflow/example_dags/example_short_circuit_decorator.py for tasks to queue
[2025-09-07T00:19:47.838+0000] {logging_mixin.py:190} INFO - [2025-09-07T00:19:47.837+0000] {dagbag.py:588} INFO - Filling up the DagBag from /home/airflow/.local/lib/python3.12/site-packages/airflow/example_dags/example_short_circuit_decorator.py
[2025-09-07T00:19:47.854+0000] {processor.py:925} INFO - DAG(s) 'example_short_circuit_decorator' retrieved from /home/airflow/.local/lib/python3.12/site-packages/airflow/example_dags/example_short_circuit_decorator.py
[2025-09-07T00:19:47.879+0000] {logging_mixin.py:190} INFO - [2025-09-07T00:19:47.879+0000] {dag.py:3239} INFO - Sync 1 DAGs
[2025-09-07T00:19:47.900+0000] {logging_mixin.py:190} INFO - [2025-09-07T00:19:47.900+0000] {dag.py:4180} INFO - Setting next_dagrun for example_short_circuit_decorator to None, run_after=None
[2025-09-07T00:19:47.924+0000] {processor.py:208} INFO - Processing /home/airflow/.local/lib/python3.12/site-packages/airflow/example_dags/example_short_circuit_decorator.py took 0.098 seconds
[2025-09-07T00:20:18.546+0000] {processor.py:186} INFO - Started process (PID=6513) to work on /home/airflow/.local/lib/python3.12/site-packages/airflow/example_dags/example_short_circuit_decorator.py
[2025-09-07T00:20:18.547+0000] {processor.py:914} INFO - Processing file /home/airflow/.local/lib/python3.12/site-packages/airflow/example_dags/example_short_circuit_decorator.py for tasks to queue
[2025-09-07T00:20:18.550+0000] {logging_mixin.py:190} INFO - [2025-09-07T00:20:18.549+0000] {dagbag.py:588} INFO - Filling up the DagBag from /home/airflow/.local/lib/python3.12/site-packages/airflow/example_dags/example_short_circuit_decorator.py
[2025-09-07T00:20:18.560+0000] {processor.py:925} INFO - DAG(s) 'example_short_circuit_decorator' retrieved from /home/airflow/.local/lib/python3.12/site-packages/airflow/example_dags/example_short_circuit_decorator.py
[2025-09-07T00:20:18.588+0000] {logging_mixin.py:190} INFO - [2025-09-07T00:20:18.588+0000] {dag.py:3239} INFO - Sync 1 DAGs
[2025-09-07T00:20:18.608+0000] {logging_mixin.py:190} INFO - [2025-09-07T00:20:18.608+0000] {dag.py:4180} INFO - Setting next_dagrun for example_short_circuit_decorator to None, run_after=None
[2025-09-07T00:20:18.630+0000] {processor.py:208} INFO - Processing /home/airflow/.local/lib/python3.12/site-packages/airflow/example_dags/example_short_circuit_decorator.py took 0.093 seconds
