[2025-09-07T00:00:25.486+0000] {processor.py:186} INFO - Started process (PID=3976) to work on /home/airflow/.local/lib/python3.12/site-packages/airflow/example_dags/example_display_name.py
[2025-09-07T00:00:25.487+0000] {processor.py:914} INFO - Processing file /home/airflow/.local/lib/python3.12/site-packages/airflow/example_dags/example_display_name.py for tasks to queue
[2025-09-07T00:00:25.489+0000] {logging_mixin.py:190} INFO - [2025-09-07T00:00:25.489+0000] {dagbag.py:588} INFO - Filling up the DagBag from /home/airflow/.local/lib/python3.12/site-packages/airflow/example_dags/example_display_name.py
[2025-09-07T00:00:25.497+0000] {processor.py:925} INFO - DAG(s) 'example_display_name' retrieved from /home/airflow/.local/lib/python3.12/site-packages/airflow/example_dags/example_display_name.py
[2025-09-07T00:00:25.520+0000] {logging_mixin.py:190} INFO - [2025-09-07T00:00:25.519+0000] {dag.py:3239} INFO - Sync 1 DAGs
[2025-09-07T00:00:25.539+0000] {logging_mixin.py:190} INFO - [2025-09-07T00:00:25.539+0000] {dag.py:4180} INFO - Setting next_dagrun for example_display_name to None, run_after=None
[2025-09-07T00:00:25.562+0000] {processor.py:208} INFO - Processing /home/airflow/.local/lib/python3.12/site-packages/airflow/example_dags/example_display_name.py took 0.086 seconds
[2025-09-07T00:00:56.187+0000] {processor.py:186} INFO - Started process (PID=4042) to work on /home/airflow/.local/lib/python3.12/site-packages/airflow/example_dags/example_display_name.py
[2025-09-07T00:00:56.188+0000] {processor.py:914} INFO - Processing file /home/airflow/.local/lib/python3.12/site-packages/airflow/example_dags/example_display_name.py for tasks to queue
[2025-09-07T00:00:56.189+0000] {logging_mixin.py:190} INFO - [2025-09-07T00:00:56.189+0000] {dagbag.py:588} INFO - Filling up the DagBag from /home/airflow/.local/lib/python3.12/site-packages/airflow/example_dags/example_display_name.py
[2025-09-07T00:00:56.198+0000] {processor.py:925} INFO - DAG(s) 'example_display_name' retrieved from /home/airflow/.local/lib/python3.12/site-packages/airflow/example_dags/example_display_name.py
[2025-09-07T00:00:56.221+0000] {logging_mixin.py:190} INFO - [2025-09-07T00:00:56.221+0000] {dag.py:3239} INFO - Sync 1 DAGs
[2025-09-07T00:00:56.238+0000] {logging_mixin.py:190} INFO - [2025-09-07T00:00:56.238+0000] {dag.py:4180} INFO - Setting next_dagrun for example_display_name to None, run_after=None
[2025-09-07T00:00:56.267+0000] {processor.py:208} INFO - Processing /home/airflow/.local/lib/python3.12/site-packages/airflow/example_dags/example_display_name.py took 0.088 seconds
[2025-09-07T00:01:26.404+0000] {processor.py:186} INFO - Started process (PID=4108) to work on /home/airflow/.local/lib/python3.12/site-packages/airflow/example_dags/example_display_name.py
[2025-09-07T00:01:26.406+0000] {processor.py:914} INFO - Processing file /home/airflow/.local/lib/python3.12/site-packages/airflow/example_dags/example_display_name.py for tasks to queue
[2025-09-07T00:01:26.410+0000] {logging_mixin.py:190} INFO - [2025-09-07T00:01:26.409+0000] {dagbag.py:588} INFO - Filling up the DagBag from /home/airflow/.local/lib/python3.12/site-packages/airflow/example_dags/example_display_name.py
[2025-09-07T00:01:26.419+0000] {processor.py:925} INFO - DAG(s) 'example_display_name' retrieved from /home/airflow/.local/lib/python3.12/site-packages/airflow/example_dags/example_display_name.py
[2025-09-07T00:01:26.445+0000] {logging_mixin.py:190} INFO - [2025-09-07T00:01:26.445+0000] {dag.py:3239} INFO - Sync 1 DAGs
[2025-09-07T00:01:26.467+0000] {logging_mixin.py:190} INFO - [2025-09-07T00:01:26.467+0000] {dag.py:4180} INFO - Setting next_dagrun for example_display_name to None, run_after=None
[2025-09-07T00:01:26.495+0000] {processor.py:208} INFO - Processing /home/airflow/.local/lib/python3.12/site-packages/airflow/example_dags/example_display_name.py took 0.098 seconds
[2025-09-07T00:01:57.240+0000] {processor.py:186} INFO - Started process (PID=4173) to work on /home/airflow/.local/lib/python3.12/site-packages/airflow/example_dags/example_display_name.py
[2025-09-07T00:01:57.241+0000] {processor.py:914} INFO - Processing file /home/airflow/.local/lib/python3.12/site-packages/airflow/example_dags/example_display_name.py for tasks to queue
[2025-09-07T00:01:57.244+0000] {logging_mixin.py:190} INFO - [2025-09-07T00:01:57.243+0000] {dagbag.py:588} INFO - Filling up the DagBag from /home/airflow/.local/lib/python3.12/site-packages/airflow/example_dags/example_display_name.py
[2025-09-07T00:01:57.255+0000] {processor.py:925} INFO - DAG(s) 'example_display_name' retrieved from /home/airflow/.local/lib/python3.12/site-packages/airflow/example_dags/example_display_name.py
[2025-09-07T00:01:57.281+0000] {logging_mixin.py:190} INFO - [2025-09-07T00:01:57.281+0000] {dag.py:3239} INFO - Sync 1 DAGs
[2025-09-07T00:01:57.296+0000] {logging_mixin.py:190} INFO - [2025-09-07T00:01:57.295+0000] {dag.py:4180} INFO - Setting next_dagrun for example_display_name to None, run_after=None
[2025-09-07T00:01:57.318+0000] {processor.py:208} INFO - Processing /home/airflow/.local/lib/python3.12/site-packages/airflow/example_dags/example_display_name.py took 0.083 seconds
[2025-09-07T00:02:28.120+0000] {processor.py:186} INFO - Started process (PID=4239) to work on /home/airflow/.local/lib/python3.12/site-packages/airflow/example_dags/example_display_name.py
[2025-09-07T00:02:28.121+0000] {processor.py:914} INFO - Processing file /home/airflow/.local/lib/python3.12/site-packages/airflow/example_dags/example_display_name.py for tasks to queue
[2025-09-07T00:02:28.123+0000] {logging_mixin.py:190} INFO - [2025-09-07T00:02:28.123+0000] {dagbag.py:588} INFO - Filling up the DagBag from /home/airflow/.local/lib/python3.12/site-packages/airflow/example_dags/example_display_name.py
[2025-09-07T00:02:28.135+0000] {processor.py:925} INFO - DAG(s) 'example_display_name' retrieved from /home/airflow/.local/lib/python3.12/site-packages/airflow/example_dags/example_display_name.py
[2025-09-07T00:02:28.162+0000] {logging_mixin.py:190} INFO - [2025-09-07T00:02:28.161+0000] {dag.py:3239} INFO - Sync 1 DAGs
[2025-09-07T00:02:28.185+0000] {logging_mixin.py:190} INFO - [2025-09-07T00:02:28.184+0000] {dag.py:4180} INFO - Setting next_dagrun for example_display_name to None, run_after=None
[2025-09-07T00:02:28.217+0000] {processor.py:208} INFO - Processing /home/airflow/.local/lib/python3.12/site-packages/airflow/example_dags/example_display_name.py took 0.104 seconds
[2025-09-07T00:02:59.019+0000] {processor.py:186} INFO - Started process (PID=4305) to work on /home/airflow/.local/lib/python3.12/site-packages/airflow/example_dags/example_display_name.py
[2025-09-07T00:02:59.020+0000] {processor.py:914} INFO - Processing file /home/airflow/.local/lib/python3.12/site-packages/airflow/example_dags/example_display_name.py for tasks to queue
[2025-09-07T00:02:59.022+0000] {logging_mixin.py:190} INFO - [2025-09-07T00:02:59.022+0000] {dagbag.py:588} INFO - Filling up the DagBag from /home/airflow/.local/lib/python3.12/site-packages/airflow/example_dags/example_display_name.py
[2025-09-07T00:02:59.034+0000] {processor.py:925} INFO - DAG(s) 'example_display_name' retrieved from /home/airflow/.local/lib/python3.12/site-packages/airflow/example_dags/example_display_name.py
[2025-09-07T00:02:59.060+0000] {logging_mixin.py:190} INFO - [2025-09-07T00:02:59.060+0000] {dag.py:3239} INFO - Sync 1 DAGs
[2025-09-07T00:02:59.077+0000] {logging_mixin.py:190} INFO - [2025-09-07T00:02:59.077+0000] {dag.py:4180} INFO - Setting next_dagrun for example_display_name to None, run_after=None
[2025-09-07T00:02:59.101+0000] {processor.py:208} INFO - Processing /home/airflow/.local/lib/python3.12/site-packages/airflow/example_dags/example_display_name.py took 0.087 seconds
[2025-09-07T00:03:29.809+0000] {processor.py:186} INFO - Started process (PID=4371) to work on /home/airflow/.local/lib/python3.12/site-packages/airflow/example_dags/example_display_name.py
[2025-09-07T00:03:29.810+0000] {processor.py:914} INFO - Processing file /home/airflow/.local/lib/python3.12/site-packages/airflow/example_dags/example_display_name.py for tasks to queue
[2025-09-07T00:03:29.812+0000] {logging_mixin.py:190} INFO - [2025-09-07T00:03:29.811+0000] {dagbag.py:588} INFO - Filling up the DagBag from /home/airflow/.local/lib/python3.12/site-packages/airflow/example_dags/example_display_name.py
[2025-09-07T00:03:29.824+0000] {processor.py:925} INFO - DAG(s) 'example_display_name' retrieved from /home/airflow/.local/lib/python3.12/site-packages/airflow/example_dags/example_display_name.py
[2025-09-07T00:03:29.851+0000] {logging_mixin.py:190} INFO - [2025-09-07T00:03:29.850+0000] {dag.py:3239} INFO - Sync 1 DAGs
[2025-09-07T00:03:29.870+0000] {logging_mixin.py:190} INFO - [2025-09-07T00:03:29.870+0000] {dag.py:4180} INFO - Setting next_dagrun for example_display_name to None, run_after=None
[2025-09-07T00:03:29.893+0000] {processor.py:208} INFO - Processing /home/airflow/.local/lib/python3.12/site-packages/airflow/example_dags/example_display_name.py took 0.093 seconds
[2025-09-07T00:04:00.173+0000] {processor.py:186} INFO - Started process (PID=4437) to work on /home/airflow/.local/lib/python3.12/site-packages/airflow/example_dags/example_display_name.py
[2025-09-07T00:04:00.175+0000] {processor.py:914} INFO - Processing file /home/airflow/.local/lib/python3.12/site-packages/airflow/example_dags/example_display_name.py for tasks to queue
[2025-09-07T00:04:00.177+0000] {logging_mixin.py:190} INFO - [2025-09-07T00:04:00.176+0000] {dagbag.py:588} INFO - Filling up the DagBag from /home/airflow/.local/lib/python3.12/site-packages/airflow/example_dags/example_display_name.py
[2025-09-07T00:04:00.188+0000] {processor.py:925} INFO - DAG(s) 'example_display_name' retrieved from /home/airflow/.local/lib/python3.12/site-packages/airflow/example_dags/example_display_name.py
[2025-09-07T00:04:00.216+0000] {logging_mixin.py:190} INFO - [2025-09-07T00:04:00.215+0000] {dag.py:3239} INFO - Sync 1 DAGs
[2025-09-07T00:04:00.232+0000] {logging_mixin.py:190} INFO - [2025-09-07T00:04:00.232+0000] {dag.py:4180} INFO - Setting next_dagrun for example_display_name to None, run_after=None
[2025-09-07T00:04:00.252+0000] {processor.py:208} INFO - Processing /home/airflow/.local/lib/python3.12/site-packages/airflow/example_dags/example_display_name.py took 0.087 seconds
[2025-09-07T00:04:31.204+0000] {processor.py:186} INFO - Started process (PID=4503) to work on /home/airflow/.local/lib/python3.12/site-packages/airflow/example_dags/example_display_name.py
[2025-09-07T00:04:31.206+0000] {processor.py:914} INFO - Processing file /home/airflow/.local/lib/python3.12/site-packages/airflow/example_dags/example_display_name.py for tasks to queue
[2025-09-07T00:04:31.213+0000] {logging_mixin.py:190} INFO - [2025-09-07T00:04:31.212+0000] {dagbag.py:588} INFO - Filling up the DagBag from /home/airflow/.local/lib/python3.12/site-packages/airflow/example_dags/example_display_name.py
[2025-09-07T00:04:31.262+0000] {processor.py:925} INFO - DAG(s) 'example_display_name' retrieved from /home/airflow/.local/lib/python3.12/site-packages/airflow/example_dags/example_display_name.py
[2025-09-07T00:04:31.362+0000] {logging_mixin.py:190} INFO - [2025-09-07T00:04:31.362+0000] {dag.py:3239} INFO - Sync 1 DAGs
[2025-09-07T00:04:31.385+0000] {logging_mixin.py:190} INFO - [2025-09-07T00:04:31.385+0000] {dag.py:4180} INFO - Setting next_dagrun for example_display_name to None, run_after=None
[2025-09-07T00:04:31.476+0000] {processor.py:208} INFO - Processing /home/airflow/.local/lib/python3.12/site-packages/airflow/example_dags/example_display_name.py took 0.284 seconds
[2025-09-07T00:05:01.821+0000] {processor.py:186} INFO - Started process (PID=4569) to work on /home/airflow/.local/lib/python3.12/site-packages/airflow/example_dags/example_display_name.py
[2025-09-07T00:05:01.822+0000] {processor.py:914} INFO - Processing file /home/airflow/.local/lib/python3.12/site-packages/airflow/example_dags/example_display_name.py for tasks to queue
[2025-09-07T00:05:01.824+0000] {logging_mixin.py:190} INFO - [2025-09-07T00:05:01.823+0000] {dagbag.py:588} INFO - Filling up the DagBag from /home/airflow/.local/lib/python3.12/site-packages/airflow/example_dags/example_display_name.py
[2025-09-07T00:05:01.831+0000] {processor.py:925} INFO - DAG(s) 'example_display_name' retrieved from /home/airflow/.local/lib/python3.12/site-packages/airflow/example_dags/example_display_name.py
[2025-09-07T00:05:01.857+0000] {logging_mixin.py:190} INFO - [2025-09-07T00:05:01.857+0000] {dag.py:3239} INFO - Sync 1 DAGs
[2025-09-07T00:05:01.874+0000] {logging_mixin.py:190} INFO - [2025-09-07T00:05:01.874+0000] {dag.py:4180} INFO - Setting next_dagrun for example_display_name to None, run_after=None
[2025-09-07T00:05:01.905+0000] {processor.py:208} INFO - Processing /home/airflow/.local/lib/python3.12/site-packages/airflow/example_dags/example_display_name.py took 0.089 seconds
[2025-09-07T00:05:32.859+0000] {processor.py:186} INFO - Started process (PID=4635) to work on /home/airflow/.local/lib/python3.12/site-packages/airflow/example_dags/example_display_name.py
[2025-09-07T00:05:32.860+0000] {processor.py:914} INFO - Processing file /home/airflow/.local/lib/python3.12/site-packages/airflow/example_dags/example_display_name.py for tasks to queue
[2025-09-07T00:05:32.863+0000] {logging_mixin.py:190} INFO - [2025-09-07T00:05:32.863+0000] {dagbag.py:588} INFO - Filling up the DagBag from /home/airflow/.local/lib/python3.12/site-packages/airflow/example_dags/example_display_name.py
[2025-09-07T00:05:32.871+0000] {processor.py:925} INFO - DAG(s) 'example_display_name' retrieved from /home/airflow/.local/lib/python3.12/site-packages/airflow/example_dags/example_display_name.py
[2025-09-07T00:05:32.895+0000] {logging_mixin.py:190} INFO - [2025-09-07T00:05:32.895+0000] {dag.py:3239} INFO - Sync 1 DAGs
[2025-09-07T00:05:32.919+0000] {logging_mixin.py:190} INFO - [2025-09-07T00:05:32.919+0000] {dag.py:4180} INFO - Setting next_dagrun for example_display_name to None, run_after=None
[2025-09-07T00:05:32.942+0000] {processor.py:208} INFO - Processing /home/airflow/.local/lib/python3.12/site-packages/airflow/example_dags/example_display_name.py took 0.090 seconds
[2025-09-07T00:06:03.781+0000] {processor.py:186} INFO - Started process (PID=4701) to work on /home/airflow/.local/lib/python3.12/site-packages/airflow/example_dags/example_display_name.py
[2025-09-07T00:06:03.782+0000] {processor.py:914} INFO - Processing file /home/airflow/.local/lib/python3.12/site-packages/airflow/example_dags/example_display_name.py for tasks to queue
[2025-09-07T00:06:03.785+0000] {logging_mixin.py:190} INFO - [2025-09-07T00:06:03.784+0000] {dagbag.py:588} INFO - Filling up the DagBag from /home/airflow/.local/lib/python3.12/site-packages/airflow/example_dags/example_display_name.py
[2025-09-07T00:06:03.795+0000] {processor.py:925} INFO - DAG(s) 'example_display_name' retrieved from /home/airflow/.local/lib/python3.12/site-packages/airflow/example_dags/example_display_name.py
[2025-09-07T00:06:03.816+0000] {logging_mixin.py:190} INFO - [2025-09-07T00:06:03.816+0000] {dag.py:3239} INFO - Sync 1 DAGs
[2025-09-07T00:06:03.831+0000] {logging_mixin.py:190} INFO - [2025-09-07T00:06:03.830+0000] {dag.py:4180} INFO - Setting next_dagrun for example_display_name to None, run_after=None
[2025-09-07T00:06:03.857+0000] {processor.py:208} INFO - Processing /home/airflow/.local/lib/python3.12/site-packages/airflow/example_dags/example_display_name.py took 0.084 seconds
[2025-09-07T00:06:34.234+0000] {processor.py:186} INFO - Started process (PID=4767) to work on /home/airflow/.local/lib/python3.12/site-packages/airflow/example_dags/example_display_name.py
[2025-09-07T00:06:34.235+0000] {processor.py:914} INFO - Processing file /home/airflow/.local/lib/python3.12/site-packages/airflow/example_dags/example_display_name.py for tasks to queue
[2025-09-07T00:06:34.239+0000] {logging_mixin.py:190} INFO - [2025-09-07T00:06:34.239+0000] {dagbag.py:588} INFO - Filling up the DagBag from /home/airflow/.local/lib/python3.12/site-packages/airflow/example_dags/example_display_name.py
[2025-09-07T00:06:34.253+0000] {processor.py:925} INFO - DAG(s) 'example_display_name' retrieved from /home/airflow/.local/lib/python3.12/site-packages/airflow/example_dags/example_display_name.py
[2025-09-07T00:06:34.281+0000] {logging_mixin.py:190} INFO - [2025-09-07T00:06:34.281+0000] {dag.py:3239} INFO - Sync 1 DAGs
[2025-09-07T00:06:34.298+0000] {logging_mixin.py:190} INFO - [2025-09-07T00:06:34.298+0000] {dag.py:4180} INFO - Setting next_dagrun for example_display_name to None, run_after=None
[2025-09-07T00:06:34.331+0000] {processor.py:208} INFO - Processing /home/airflow/.local/lib/python3.12/site-packages/airflow/example_dags/example_display_name.py took 0.104 seconds
[2025-09-07T00:07:05.253+0000] {processor.py:186} INFO - Started process (PID=4832) to work on /home/airflow/.local/lib/python3.12/site-packages/airflow/example_dags/example_display_name.py
[2025-09-07T00:07:05.255+0000] {processor.py:914} INFO - Processing file /home/airflow/.local/lib/python3.12/site-packages/airflow/example_dags/example_display_name.py for tasks to queue
[2025-09-07T00:07:05.262+0000] {logging_mixin.py:190} INFO - [2025-09-07T00:07:05.260+0000] {dagbag.py:588} INFO - Filling up the DagBag from /home/airflow/.local/lib/python3.12/site-packages/airflow/example_dags/example_display_name.py
[2025-09-07T00:07:05.287+0000] {processor.py:925} INFO - DAG(s) 'example_display_name' retrieved from /home/airflow/.local/lib/python3.12/site-packages/airflow/example_dags/example_display_name.py
[2025-09-07T00:07:05.325+0000] {logging_mixin.py:190} INFO - [2025-09-07T00:07:05.325+0000] {dag.py:3239} INFO - Sync 1 DAGs
[2025-09-07T00:07:05.351+0000] {logging_mixin.py:190} INFO - [2025-09-07T00:07:05.350+0000] {dag.py:4180} INFO - Setting next_dagrun for example_display_name to None, run_after=None
[2025-09-07T00:07:05.384+0000] {processor.py:208} INFO - Processing /home/airflow/.local/lib/python3.12/site-packages/airflow/example_dags/example_display_name.py took 0.142 seconds
[2025-09-07T00:07:35.791+0000] {processor.py:186} INFO - Started process (PID=4888) to work on /home/airflow/.local/lib/python3.12/site-packages/airflow/example_dags/example_display_name.py
[2025-09-07T00:07:35.792+0000] {processor.py:914} INFO - Processing file /home/airflow/.local/lib/python3.12/site-packages/airflow/example_dags/example_display_name.py for tasks to queue
[2025-09-07T00:07:35.794+0000] {logging_mixin.py:190} INFO - [2025-09-07T00:07:35.793+0000] {dagbag.py:588} INFO - Filling up the DagBag from /home/airflow/.local/lib/python3.12/site-packages/airflow/example_dags/example_display_name.py
[2025-09-07T00:07:35.803+0000] {processor.py:925} INFO - DAG(s) 'example_display_name' retrieved from /home/airflow/.local/lib/python3.12/site-packages/airflow/example_dags/example_display_name.py
[2025-09-07T00:07:35.826+0000] {logging_mixin.py:190} INFO - [2025-09-07T00:07:35.826+0000] {dag.py:3239} INFO - Sync 1 DAGs
[2025-09-07T00:07:35.839+0000] {logging_mixin.py:190} INFO - [2025-09-07T00:07:35.839+0000] {dag.py:4180} INFO - Setting next_dagrun for example_display_name to None, run_after=None
[2025-09-07T00:07:35.859+0000] {processor.py:208} INFO - Processing /home/airflow/.local/lib/python3.12/site-packages/airflow/example_dags/example_display_name.py took 0.075 seconds
[2025-09-07T00:08:06.230+0000] {processor.py:186} INFO - Started process (PID=4952) to work on /home/airflow/.local/lib/python3.12/site-packages/airflow/example_dags/example_display_name.py
[2025-09-07T00:08:06.231+0000] {processor.py:914} INFO - Processing file /home/airflow/.local/lib/python3.12/site-packages/airflow/example_dags/example_display_name.py for tasks to queue
[2025-09-07T00:08:06.233+0000] {logging_mixin.py:190} INFO - [2025-09-07T00:08:06.232+0000] {dagbag.py:588} INFO - Filling up the DagBag from /home/airflow/.local/lib/python3.12/site-packages/airflow/example_dags/example_display_name.py
[2025-09-07T00:08:06.242+0000] {processor.py:925} INFO - DAG(s) 'example_display_name' retrieved from /home/airflow/.local/lib/python3.12/site-packages/airflow/example_dags/example_display_name.py
[2025-09-07T00:08:06.263+0000] {logging_mixin.py:190} INFO - [2025-09-07T00:08:06.263+0000] {dag.py:3239} INFO - Sync 1 DAGs
[2025-09-07T00:08:06.277+0000] {logging_mixin.py:190} INFO - [2025-09-07T00:08:06.277+0000] {dag.py:4180} INFO - Setting next_dagrun for example_display_name to None, run_after=None
[2025-09-07T00:08:06.297+0000] {processor.py:208} INFO - Processing /home/airflow/.local/lib/python3.12/site-packages/airflow/example_dags/example_display_name.py took 0.073 seconds
[2025-09-07T00:08:36.356+0000] {processor.py:186} INFO - Started process (PID=5018) to work on /home/airflow/.local/lib/python3.12/site-packages/airflow/example_dags/example_display_name.py
[2025-09-07T00:08:36.360+0000] {processor.py:914} INFO - Processing file /home/airflow/.local/lib/python3.12/site-packages/airflow/example_dags/example_display_name.py for tasks to queue
[2025-09-07T00:08:36.363+0000] {logging_mixin.py:190} INFO - [2025-09-07T00:08:36.362+0000] {dagbag.py:588} INFO - Filling up the DagBag from /home/airflow/.local/lib/python3.12/site-packages/airflow/example_dags/example_display_name.py
[2025-09-07T00:08:36.378+0000] {processor.py:925} INFO - DAG(s) 'example_display_name' retrieved from /home/airflow/.local/lib/python3.12/site-packages/airflow/example_dags/example_display_name.py
[2025-09-07T00:08:36.408+0000] {logging_mixin.py:190} INFO - [2025-09-07T00:08:36.407+0000] {dag.py:3239} INFO - Sync 1 DAGs
[2025-09-07T00:08:36.421+0000] {logging_mixin.py:190} INFO - [2025-09-07T00:08:36.421+0000] {dag.py:4180} INFO - Setting next_dagrun for example_display_name to None, run_after=None
[2025-09-07T00:08:36.447+0000] {processor.py:208} INFO - Processing /home/airflow/.local/lib/python3.12/site-packages/airflow/example_dags/example_display_name.py took 0.097 seconds
[2025-09-07T00:09:06.559+0000] {processor.py:186} INFO - Started process (PID=5084) to work on /home/airflow/.local/lib/python3.12/site-packages/airflow/example_dags/example_display_name.py
[2025-09-07T00:09:06.560+0000] {processor.py:914} INFO - Processing file /home/airflow/.local/lib/python3.12/site-packages/airflow/example_dags/example_display_name.py for tasks to queue
[2025-09-07T00:09:06.562+0000] {logging_mixin.py:190} INFO - [2025-09-07T00:09:06.562+0000] {dagbag.py:588} INFO - Filling up the DagBag from /home/airflow/.local/lib/python3.12/site-packages/airflow/example_dags/example_display_name.py
[2025-09-07T00:09:06.575+0000] {processor.py:925} INFO - DAG(s) 'example_display_name' retrieved from /home/airflow/.local/lib/python3.12/site-packages/airflow/example_dags/example_display_name.py
[2025-09-07T00:09:06.600+0000] {logging_mixin.py:190} INFO - [2025-09-07T00:09:06.600+0000] {dag.py:3239} INFO - Sync 1 DAGs
[2025-09-07T00:09:06.620+0000] {logging_mixin.py:190} INFO - [2025-09-07T00:09:06.620+0000] {dag.py:4180} INFO - Setting next_dagrun for example_display_name to None, run_after=None
[2025-09-07T00:09:06.644+0000] {processor.py:208} INFO - Processing /home/airflow/.local/lib/python3.12/site-packages/airflow/example_dags/example_display_name.py took 0.090 seconds
[2025-09-07T00:09:37.459+0000] {processor.py:186} INFO - Started process (PID=5150) to work on /home/airflow/.local/lib/python3.12/site-packages/airflow/example_dags/example_display_name.py
[2025-09-07T00:09:37.460+0000] {processor.py:914} INFO - Processing file /home/airflow/.local/lib/python3.12/site-packages/airflow/example_dags/example_display_name.py for tasks to queue
[2025-09-07T00:09:37.463+0000] {logging_mixin.py:190} INFO - [2025-09-07T00:09:37.462+0000] {dagbag.py:588} INFO - Filling up the DagBag from /home/airflow/.local/lib/python3.12/site-packages/airflow/example_dags/example_display_name.py
[2025-09-07T00:09:37.471+0000] {processor.py:925} INFO - DAG(s) 'example_display_name' retrieved from /home/airflow/.local/lib/python3.12/site-packages/airflow/example_dags/example_display_name.py
[2025-09-07T00:09:37.495+0000] {logging_mixin.py:190} INFO - [2025-09-07T00:09:37.494+0000] {dag.py:3239} INFO - Sync 1 DAGs
[2025-09-07T00:09:37.507+0000] {logging_mixin.py:190} INFO - [2025-09-07T00:09:37.507+0000] {dag.py:4180} INFO - Setting next_dagrun for example_display_name to None, run_after=None
[2025-09-07T00:09:37.530+0000] {processor.py:208} INFO - Processing /home/airflow/.local/lib/python3.12/site-packages/airflow/example_dags/example_display_name.py took 0.080 seconds
[2025-09-07T00:10:07.744+0000] {processor.py:186} INFO - Started process (PID=5216) to work on /home/airflow/.local/lib/python3.12/site-packages/airflow/example_dags/example_display_name.py
[2025-09-07T00:10:07.745+0000] {processor.py:914} INFO - Processing file /home/airflow/.local/lib/python3.12/site-packages/airflow/example_dags/example_display_name.py for tasks to queue
[2025-09-07T00:10:07.746+0000] {logging_mixin.py:190} INFO - [2025-09-07T00:10:07.746+0000] {dagbag.py:588} INFO - Filling up the DagBag from /home/airflow/.local/lib/python3.12/site-packages/airflow/example_dags/example_display_name.py
[2025-09-07T00:10:07.753+0000] {processor.py:925} INFO - DAG(s) 'example_display_name' retrieved from /home/airflow/.local/lib/python3.12/site-packages/airflow/example_dags/example_display_name.py
[2025-09-07T00:10:07.771+0000] {logging_mixin.py:190} INFO - [2025-09-07T00:10:07.771+0000] {dag.py:3239} INFO - Sync 1 DAGs
[2025-09-07T00:10:07.786+0000] {logging_mixin.py:190} INFO - [2025-09-07T00:10:07.786+0000] {dag.py:4180} INFO - Setting next_dagrun for example_display_name to None, run_after=None
[2025-09-07T00:10:07.811+0000] {processor.py:208} INFO - Processing /home/airflow/.local/lib/python3.12/site-packages/airflow/example_dags/example_display_name.py took 0.076 seconds
[2025-09-07T00:10:38.469+0000] {processor.py:186} INFO - Started process (PID=5282) to work on /home/airflow/.local/lib/python3.12/site-packages/airflow/example_dags/example_display_name.py
[2025-09-07T00:10:38.471+0000] {processor.py:914} INFO - Processing file /home/airflow/.local/lib/python3.12/site-packages/airflow/example_dags/example_display_name.py for tasks to queue
[2025-09-07T00:10:38.473+0000] {logging_mixin.py:190} INFO - [2025-09-07T00:10:38.473+0000] {dagbag.py:588} INFO - Filling up the DagBag from /home/airflow/.local/lib/python3.12/site-packages/airflow/example_dags/example_display_name.py
[2025-09-07T00:10:38.486+0000] {processor.py:925} INFO - DAG(s) 'example_display_name' retrieved from /home/airflow/.local/lib/python3.12/site-packages/airflow/example_dags/example_display_name.py
[2025-09-07T00:10:38.510+0000] {logging_mixin.py:190} INFO - [2025-09-07T00:10:38.510+0000] {dag.py:3239} INFO - Sync 1 DAGs
[2025-09-07T00:10:38.525+0000] {logging_mixin.py:190} INFO - [2025-09-07T00:10:38.525+0000] {dag.py:4180} INFO - Setting next_dagrun for example_display_name to None, run_after=None
[2025-09-07T00:10:38.552+0000] {processor.py:208} INFO - Processing /home/airflow/.local/lib/python3.12/site-packages/airflow/example_dags/example_display_name.py took 0.091 seconds
[2025-09-07T00:11:08.666+0000] {processor.py:186} INFO - Started process (PID=5348) to work on /home/airflow/.local/lib/python3.12/site-packages/airflow/example_dags/example_display_name.py
[2025-09-07T00:11:08.667+0000] {processor.py:914} INFO - Processing file /home/airflow/.local/lib/python3.12/site-packages/airflow/example_dags/example_display_name.py for tasks to queue
[2025-09-07T00:11:08.669+0000] {logging_mixin.py:190} INFO - [2025-09-07T00:11:08.668+0000] {dagbag.py:588} INFO - Filling up the DagBag from /home/airflow/.local/lib/python3.12/site-packages/airflow/example_dags/example_display_name.py
[2025-09-07T00:11:08.677+0000] {processor.py:925} INFO - DAG(s) 'example_display_name' retrieved from /home/airflow/.local/lib/python3.12/site-packages/airflow/example_dags/example_display_name.py
[2025-09-07T00:11:08.697+0000] {logging_mixin.py:190} INFO - [2025-09-07T00:11:08.696+0000] {dag.py:3239} INFO - Sync 1 DAGs
[2025-09-07T00:11:08.713+0000] {logging_mixin.py:190} INFO - [2025-09-07T00:11:08.713+0000] {dag.py:4180} INFO - Setting next_dagrun for example_display_name to None, run_after=None
[2025-09-07T00:11:08.736+0000] {processor.py:208} INFO - Processing /home/airflow/.local/lib/python3.12/site-packages/airflow/example_dags/example_display_name.py took 0.076 seconds
[2025-09-07T00:11:39.386+0000] {processor.py:186} INFO - Started process (PID=5414) to work on /home/airflow/.local/lib/python3.12/site-packages/airflow/example_dags/example_display_name.py
[2025-09-07T00:11:39.387+0000] {processor.py:914} INFO - Processing file /home/airflow/.local/lib/python3.12/site-packages/airflow/example_dags/example_display_name.py for tasks to queue
[2025-09-07T00:11:39.389+0000] {logging_mixin.py:190} INFO - [2025-09-07T00:11:39.388+0000] {dagbag.py:588} INFO - Filling up the DagBag from /home/airflow/.local/lib/python3.12/site-packages/airflow/example_dags/example_display_name.py
[2025-09-07T00:11:39.399+0000] {processor.py:925} INFO - DAG(s) 'example_display_name' retrieved from /home/airflow/.local/lib/python3.12/site-packages/airflow/example_dags/example_display_name.py
[2025-09-07T00:11:39.428+0000] {logging_mixin.py:190} INFO - [2025-09-07T00:11:39.428+0000] {dag.py:3239} INFO - Sync 1 DAGs
[2025-09-07T00:11:39.447+0000] {logging_mixin.py:190} INFO - [2025-09-07T00:11:39.447+0000] {dag.py:4180} INFO - Setting next_dagrun for example_display_name to None, run_after=None
[2025-09-07T00:11:39.469+0000] {processor.py:208} INFO - Processing /home/airflow/.local/lib/python3.12/site-packages/airflow/example_dags/example_display_name.py took 0.091 seconds
[2025-09-07T00:12:09.540+0000] {processor.py:186} INFO - Started process (PID=5480) to work on /home/airflow/.local/lib/python3.12/site-packages/airflow/example_dags/example_display_name.py
[2025-09-07T00:12:09.542+0000] {processor.py:914} INFO - Processing file /home/airflow/.local/lib/python3.12/site-packages/airflow/example_dags/example_display_name.py for tasks to queue
[2025-09-07T00:12:09.544+0000] {logging_mixin.py:190} INFO - [2025-09-07T00:12:09.544+0000] {dagbag.py:588} INFO - Filling up the DagBag from /home/airflow/.local/lib/python3.12/site-packages/airflow/example_dags/example_display_name.py
[2025-09-07T00:12:09.556+0000] {processor.py:925} INFO - DAG(s) 'example_display_name' retrieved from /home/airflow/.local/lib/python3.12/site-packages/airflow/example_dags/example_display_name.py
[2025-09-07T00:12:09.582+0000] {logging_mixin.py:190} INFO - [2025-09-07T00:12:09.582+0000] {dag.py:3239} INFO - Sync 1 DAGs
[2025-09-07T00:12:09.602+0000] {logging_mixin.py:190} INFO - [2025-09-07T00:12:09.601+0000] {dag.py:4180} INFO - Setting next_dagrun for example_display_name to None, run_after=None
[2025-09-07T00:12:09.623+0000] {processor.py:208} INFO - Processing /home/airflow/.local/lib/python3.12/site-packages/airflow/example_dags/example_display_name.py took 0.088 seconds
[2025-09-07T00:12:39.705+0000] {processor.py:186} INFO - Started process (PID=5545) to work on /home/airflow/.local/lib/python3.12/site-packages/airflow/example_dags/example_display_name.py
[2025-09-07T00:12:39.707+0000] {processor.py:914} INFO - Processing file /home/airflow/.local/lib/python3.12/site-packages/airflow/example_dags/example_display_name.py for tasks to queue
[2025-09-07T00:12:39.711+0000] {logging_mixin.py:190} INFO - [2025-09-07T00:12:39.710+0000] {dagbag.py:588} INFO - Filling up the DagBag from /home/airflow/.local/lib/python3.12/site-packages/airflow/example_dags/example_display_name.py
[2025-09-07T00:12:39.724+0000] {processor.py:925} INFO - DAG(s) 'example_display_name' retrieved from /home/airflow/.local/lib/python3.12/site-packages/airflow/example_dags/example_display_name.py
[2025-09-07T00:12:39.751+0000] {logging_mixin.py:190} INFO - [2025-09-07T00:12:39.751+0000] {dag.py:3239} INFO - Sync 1 DAGs
[2025-09-07T00:12:39.776+0000] {logging_mixin.py:190} INFO - [2025-09-07T00:12:39.776+0000] {dag.py:4180} INFO - Setting next_dagrun for example_display_name to None, run_after=None
[2025-09-07T00:12:39.800+0000] {processor.py:208} INFO - Processing /home/airflow/.local/lib/python3.12/site-packages/airflow/example_dags/example_display_name.py took 0.103 seconds
[2025-09-07T00:13:10.808+0000] {processor.py:186} INFO - Started process (PID=5611) to work on /home/airflow/.local/lib/python3.12/site-packages/airflow/example_dags/example_display_name.py
[2025-09-07T00:13:10.811+0000] {processor.py:914} INFO - Processing file /home/airflow/.local/lib/python3.12/site-packages/airflow/example_dags/example_display_name.py for tasks to queue
[2025-09-07T00:13:10.814+0000] {logging_mixin.py:190} INFO - [2025-09-07T00:13:10.813+0000] {dagbag.py:588} INFO - Filling up the DagBag from /home/airflow/.local/lib/python3.12/site-packages/airflow/example_dags/example_display_name.py
[2025-09-07T00:13:10.826+0000] {processor.py:925} INFO - DAG(s) 'example_display_name' retrieved from /home/airflow/.local/lib/python3.12/site-packages/airflow/example_dags/example_display_name.py
[2025-09-07T00:13:10.860+0000] {logging_mixin.py:190} INFO - [2025-09-07T00:13:10.860+0000] {dag.py:3239} INFO - Sync 1 DAGs
[2025-09-07T00:13:10.879+0000] {logging_mixin.py:190} INFO - [2025-09-07T00:13:10.879+0000] {dag.py:4180} INFO - Setting next_dagrun for example_display_name to None, run_after=None
[2025-09-07T00:13:10.904+0000] {processor.py:208} INFO - Processing /home/airflow/.local/lib/python3.12/site-packages/airflow/example_dags/example_display_name.py took 0.107 seconds
[2025-09-07T00:13:41.564+0000] {processor.py:186} INFO - Started process (PID=5677) to work on /home/airflow/.local/lib/python3.12/site-packages/airflow/example_dags/example_display_name.py
[2025-09-07T00:13:41.566+0000] {processor.py:914} INFO - Processing file /home/airflow/.local/lib/python3.12/site-packages/airflow/example_dags/example_display_name.py for tasks to queue
[2025-09-07T00:13:41.568+0000] {logging_mixin.py:190} INFO - [2025-09-07T00:13:41.568+0000] {dagbag.py:588} INFO - Filling up the DagBag from /home/airflow/.local/lib/python3.12/site-packages/airflow/example_dags/example_display_name.py
[2025-09-07T00:13:41.583+0000] {processor.py:925} INFO - DAG(s) 'example_display_name' retrieved from /home/airflow/.local/lib/python3.12/site-packages/airflow/example_dags/example_display_name.py
[2025-09-07T00:13:41.618+0000] {logging_mixin.py:190} INFO - [2025-09-07T00:13:41.617+0000] {dag.py:3239} INFO - Sync 1 DAGs
[2025-09-07T00:13:41.828+0000] {logging_mixin.py:190} INFO - [2025-09-07T00:13:41.827+0000] {dag.py:4180} INFO - Setting next_dagrun for example_display_name to None, run_after=None
[2025-09-07T00:13:41.857+0000] {processor.py:208} INFO - Processing /home/airflow/.local/lib/python3.12/site-packages/airflow/example_dags/example_display_name.py took 0.303 seconds
[2025-09-07T00:14:12.012+0000] {processor.py:186} INFO - Started process (PID=5743) to work on /home/airflow/.local/lib/python3.12/site-packages/airflow/example_dags/example_display_name.py
[2025-09-07T00:14:12.012+0000] {processor.py:914} INFO - Processing file /home/airflow/.local/lib/python3.12/site-packages/airflow/example_dags/example_display_name.py for tasks to queue
[2025-09-07T00:14:12.014+0000] {logging_mixin.py:190} INFO - [2025-09-07T00:14:12.014+0000] {dagbag.py:588} INFO - Filling up the DagBag from /home/airflow/.local/lib/python3.12/site-packages/airflow/example_dags/example_display_name.py
[2025-09-07T00:14:12.023+0000] {processor.py:925} INFO - DAG(s) 'example_display_name' retrieved from /home/airflow/.local/lib/python3.12/site-packages/airflow/example_dags/example_display_name.py
[2025-09-07T00:14:12.043+0000] {logging_mixin.py:190} INFO - [2025-09-07T00:14:12.043+0000] {dag.py:3239} INFO - Sync 1 DAGs
[2025-09-07T00:14:12.056+0000] {logging_mixin.py:190} INFO - [2025-09-07T00:14:12.056+0000] {dag.py:4180} INFO - Setting next_dagrun for example_display_name to None, run_after=None
[2025-09-07T00:14:12.079+0000] {processor.py:208} INFO - Processing /home/airflow/.local/lib/python3.12/site-packages/airflow/example_dags/example_display_name.py took 0.073 seconds
[2025-09-07T00:14:42.816+0000] {processor.py:186} INFO - Started process (PID=5809) to work on /home/airflow/.local/lib/python3.12/site-packages/airflow/example_dags/example_display_name.py
[2025-09-07T00:14:42.817+0000] {processor.py:914} INFO - Processing file /home/airflow/.local/lib/python3.12/site-packages/airflow/example_dags/example_display_name.py for tasks to queue
[2025-09-07T00:14:42.819+0000] {logging_mixin.py:190} INFO - [2025-09-07T00:14:42.819+0000] {dagbag.py:588} INFO - Filling up the DagBag from /home/airflow/.local/lib/python3.12/site-packages/airflow/example_dags/example_display_name.py
[2025-09-07T00:14:42.830+0000] {processor.py:925} INFO - DAG(s) 'example_display_name' retrieved from /home/airflow/.local/lib/python3.12/site-packages/airflow/example_dags/example_display_name.py
[2025-09-07T00:14:42.854+0000] {logging_mixin.py:190} INFO - [2025-09-07T00:14:42.854+0000] {dag.py:3239} INFO - Sync 1 DAGs
[2025-09-07T00:14:42.873+0000] {logging_mixin.py:190} INFO - [2025-09-07T00:14:42.872+0000] {dag.py:4180} INFO - Setting next_dagrun for example_display_name to None, run_after=None
[2025-09-07T00:14:42.889+0000] {processor.py:208} INFO - Processing /home/airflow/.local/lib/python3.12/site-packages/airflow/example_dags/example_display_name.py took 0.077 seconds
[2025-09-07T00:15:14.046+0000] {processor.py:186} INFO - Started process (PID=5875) to work on /home/airflow/.local/lib/python3.12/site-packages/airflow/example_dags/example_display_name.py
[2025-09-07T00:15:14.048+0000] {processor.py:914} INFO - Processing file /home/airflow/.local/lib/python3.12/site-packages/airflow/example_dags/example_display_name.py for tasks to queue
[2025-09-07T00:15:14.050+0000] {logging_mixin.py:190} INFO - [2025-09-07T00:15:14.049+0000] {dagbag.py:588} INFO - Filling up the DagBag from /home/airflow/.local/lib/python3.12/site-packages/airflow/example_dags/example_display_name.py
[2025-09-07T00:15:14.063+0000] {processor.py:925} INFO - DAG(s) 'example_display_name' retrieved from /home/airflow/.local/lib/python3.12/site-packages/airflow/example_dags/example_display_name.py
[2025-09-07T00:15:14.086+0000] {logging_mixin.py:190} INFO - [2025-09-07T00:15:14.086+0000] {dag.py:3239} INFO - Sync 1 DAGs
[2025-09-07T00:15:14.102+0000] {logging_mixin.py:190} INFO - [2025-09-07T00:15:14.102+0000] {dag.py:4180} INFO - Setting next_dagrun for example_display_name to None, run_after=None
[2025-09-07T00:15:14.119+0000] {processor.py:208} INFO - Processing /home/airflow/.local/lib/python3.12/site-packages/airflow/example_dags/example_display_name.py took 0.082 seconds
[2025-09-07T00:15:44.607+0000] {processor.py:186} INFO - Started process (PID=5940) to work on /home/airflow/.local/lib/python3.12/site-packages/airflow/example_dags/example_display_name.py
[2025-09-07T00:15:44.609+0000] {processor.py:914} INFO - Processing file /home/airflow/.local/lib/python3.12/site-packages/airflow/example_dags/example_display_name.py for tasks to queue
[2025-09-07T00:15:44.612+0000] {logging_mixin.py:190} INFO - [2025-09-07T00:15:44.611+0000] {dagbag.py:588} INFO - Filling up the DagBag from /home/airflow/.local/lib/python3.12/site-packages/airflow/example_dags/example_display_name.py
[2025-09-07T00:15:44.625+0000] {processor.py:925} INFO - DAG(s) 'example_display_name' retrieved from /home/airflow/.local/lib/python3.12/site-packages/airflow/example_dags/example_display_name.py
[2025-09-07T00:15:44.647+0000] {logging_mixin.py:190} INFO - [2025-09-07T00:15:44.646+0000] {dag.py:3239} INFO - Sync 1 DAGs
[2025-09-07T00:15:44.663+0000] {logging_mixin.py:190} INFO - [2025-09-07T00:15:44.662+0000] {dag.py:4180} INFO - Setting next_dagrun for example_display_name to None, run_after=None
[2025-09-07T00:15:44.684+0000] {processor.py:208} INFO - Processing /home/airflow/.local/lib/python3.12/site-packages/airflow/example_dags/example_display_name.py took 0.085 seconds
[2025-09-07T00:16:15.273+0000] {processor.py:186} INFO - Started process (PID=5999) to work on /home/airflow/.local/lib/python3.12/site-packages/airflow/example_dags/example_display_name.py
[2025-09-07T00:16:15.275+0000] {processor.py:914} INFO - Processing file /home/airflow/.local/lib/python3.12/site-packages/airflow/example_dags/example_display_name.py for tasks to queue
[2025-09-07T00:16:15.276+0000] {logging_mixin.py:190} INFO - [2025-09-07T00:16:15.276+0000] {dagbag.py:588} INFO - Filling up the DagBag from /home/airflow/.local/lib/python3.12/site-packages/airflow/example_dags/example_display_name.py
[2025-09-07T00:16:15.286+0000] {processor.py:925} INFO - DAG(s) 'example_display_name' retrieved from /home/airflow/.local/lib/python3.12/site-packages/airflow/example_dags/example_display_name.py
[2025-09-07T00:16:15.309+0000] {logging_mixin.py:190} INFO - [2025-09-07T00:16:15.309+0000] {dag.py:3239} INFO - Sync 1 DAGs
[2025-09-07T00:16:15.331+0000] {logging_mixin.py:190} INFO - [2025-09-07T00:16:15.331+0000] {dag.py:4180} INFO - Setting next_dagrun for example_display_name to None, run_after=None
[2025-09-07T00:16:15.352+0000] {processor.py:208} INFO - Processing /home/airflow/.local/lib/python3.12/site-packages/airflow/example_dags/example_display_name.py took 0.088 seconds
[2025-09-07T00:16:45.871+0000] {processor.py:186} INFO - Started process (PID=6064) to work on /home/airflow/.local/lib/python3.12/site-packages/airflow/example_dags/example_display_name.py
[2025-09-07T00:16:45.872+0000] {processor.py:914} INFO - Processing file /home/airflow/.local/lib/python3.12/site-packages/airflow/example_dags/example_display_name.py for tasks to queue
[2025-09-07T00:16:45.875+0000] {logging_mixin.py:190} INFO - [2025-09-07T00:16:45.874+0000] {dagbag.py:588} INFO - Filling up the DagBag from /home/airflow/.local/lib/python3.12/site-packages/airflow/example_dags/example_display_name.py
[2025-09-07T00:16:45.888+0000] {processor.py:925} INFO - DAG(s) 'example_display_name' retrieved from /home/airflow/.local/lib/python3.12/site-packages/airflow/example_dags/example_display_name.py
[2025-09-07T00:16:45.913+0000] {logging_mixin.py:190} INFO - [2025-09-07T00:16:45.913+0000] {dag.py:3239} INFO - Sync 1 DAGs
[2025-09-07T00:16:45.935+0000] {logging_mixin.py:190} INFO - [2025-09-07T00:16:45.934+0000] {dag.py:4180} INFO - Setting next_dagrun for example_display_name to None, run_after=None
[2025-09-07T00:16:45.956+0000] {processor.py:208} INFO - Processing /home/airflow/.local/lib/python3.12/site-packages/airflow/example_dags/example_display_name.py took 0.094 seconds
[2025-09-07T00:17:16.554+0000] {processor.py:186} INFO - Started process (PID=6130) to work on /home/airflow/.local/lib/python3.12/site-packages/airflow/example_dags/example_display_name.py
[2025-09-07T00:17:16.556+0000] {processor.py:914} INFO - Processing file /home/airflow/.local/lib/python3.12/site-packages/airflow/example_dags/example_display_name.py for tasks to queue
[2025-09-07T00:17:16.557+0000] {logging_mixin.py:190} INFO - [2025-09-07T00:17:16.557+0000] {dagbag.py:588} INFO - Filling up the DagBag from /home/airflow/.local/lib/python3.12/site-packages/airflow/example_dags/example_display_name.py
[2025-09-07T00:17:16.566+0000] {processor.py:925} INFO - DAG(s) 'example_display_name' retrieved from /home/airflow/.local/lib/python3.12/site-packages/airflow/example_dags/example_display_name.py
[2025-09-07T00:17:16.592+0000] {logging_mixin.py:190} INFO - [2025-09-07T00:17:16.592+0000] {dag.py:3239} INFO - Sync 1 DAGs
[2025-09-07T00:17:16.613+0000] {logging_mixin.py:190} INFO - [2025-09-07T00:17:16.613+0000] {dag.py:4180} INFO - Setting next_dagrun for example_display_name to None, run_after=None
[2025-09-07T00:17:16.636+0000] {processor.py:208} INFO - Processing /home/airflow/.local/lib/python3.12/site-packages/airflow/example_dags/example_display_name.py took 0.091 seconds
[2025-09-07T00:17:47.245+0000] {processor.py:186} INFO - Started process (PID=6196) to work on /home/airflow/.local/lib/python3.12/site-packages/airflow/example_dags/example_display_name.py
[2025-09-07T00:17:47.246+0000] {processor.py:914} INFO - Processing file /home/airflow/.local/lib/python3.12/site-packages/airflow/example_dags/example_display_name.py for tasks to queue
[2025-09-07T00:17:47.248+0000] {logging_mixin.py:190} INFO - [2025-09-07T00:17:47.248+0000] {dagbag.py:588} INFO - Filling up the DagBag from /home/airflow/.local/lib/python3.12/site-packages/airflow/example_dags/example_display_name.py
[2025-09-07T00:17:47.262+0000] {processor.py:925} INFO - DAG(s) 'example_display_name' retrieved from /home/airflow/.local/lib/python3.12/site-packages/airflow/example_dags/example_display_name.py
[2025-09-07T00:17:47.281+0000] {logging_mixin.py:190} INFO - [2025-09-07T00:17:47.281+0000] {dag.py:3239} INFO - Sync 1 DAGs
[2025-09-07T00:17:47.302+0000] {logging_mixin.py:190} INFO - [2025-09-07T00:17:47.302+0000] {dag.py:4180} INFO - Setting next_dagrun for example_display_name to None, run_after=None
[2025-09-07T00:17:47.327+0000] {processor.py:208} INFO - Processing /home/airflow/.local/lib/python3.12/site-packages/airflow/example_dags/example_display_name.py took 0.088 seconds
[2025-09-07T00:18:17.991+0000] {processor.py:186} INFO - Started process (PID=6262) to work on /home/airflow/.local/lib/python3.12/site-packages/airflow/example_dags/example_display_name.py
[2025-09-07T00:18:17.993+0000] {processor.py:914} INFO - Processing file /home/airflow/.local/lib/python3.12/site-packages/airflow/example_dags/example_display_name.py for tasks to queue
[2025-09-07T00:18:17.996+0000] {logging_mixin.py:190} INFO - [2025-09-07T00:18:17.995+0000] {dagbag.py:588} INFO - Filling up the DagBag from /home/airflow/.local/lib/python3.12/site-packages/airflow/example_dags/example_display_name.py
[2025-09-07T00:18:18.009+0000] {processor.py:925} INFO - DAG(s) 'example_display_name' retrieved from /home/airflow/.local/lib/python3.12/site-packages/airflow/example_dags/example_display_name.py
[2025-09-07T00:18:18.032+0000] {logging_mixin.py:190} INFO - [2025-09-07T00:18:18.032+0000] {dag.py:3239} INFO - Sync 1 DAGs
[2025-09-07T00:18:18.049+0000] {logging_mixin.py:190} INFO - [2025-09-07T00:18:18.049+0000] {dag.py:4180} INFO - Setting next_dagrun for example_display_name to None, run_after=None
[2025-09-07T00:18:18.073+0000] {processor.py:208} INFO - Processing /home/airflow/.local/lib/python3.12/site-packages/airflow/example_dags/example_display_name.py took 0.091 seconds
[2025-09-07T00:18:48.833+0000] {processor.py:186} INFO - Started process (PID=6328) to work on /home/airflow/.local/lib/python3.12/site-packages/airflow/example_dags/example_display_name.py
[2025-09-07T00:18:48.834+0000] {processor.py:914} INFO - Processing file /home/airflow/.local/lib/python3.12/site-packages/airflow/example_dags/example_display_name.py for tasks to queue
[2025-09-07T00:18:48.836+0000] {logging_mixin.py:190} INFO - [2025-09-07T00:18:48.835+0000] {dagbag.py:588} INFO - Filling up the DagBag from /home/airflow/.local/lib/python3.12/site-packages/airflow/example_dags/example_display_name.py
[2025-09-07T00:18:48.844+0000] {processor.py:925} INFO - DAG(s) 'example_display_name' retrieved from /home/airflow/.local/lib/python3.12/site-packages/airflow/example_dags/example_display_name.py
[2025-09-07T00:18:48.872+0000] {logging_mixin.py:190} INFO - [2025-09-07T00:18:48.871+0000] {dag.py:3239} INFO - Sync 1 DAGs
[2025-09-07T00:18:48.894+0000] {logging_mixin.py:190} INFO - [2025-09-07T00:18:48.894+0000] {dag.py:4180} INFO - Setting next_dagrun for example_display_name to None, run_after=None
[2025-09-07T00:18:48.921+0000] {processor.py:208} INFO - Processing /home/airflow/.local/lib/python3.12/site-packages/airflow/example_dags/example_display_name.py took 0.097 seconds
[2025-09-07T00:19:19.396+0000] {processor.py:186} INFO - Started process (PID=6393) to work on /home/airflow/.local/lib/python3.12/site-packages/airflow/example_dags/example_display_name.py
[2025-09-07T00:19:19.398+0000] {processor.py:914} INFO - Processing file /home/airflow/.local/lib/python3.12/site-packages/airflow/example_dags/example_display_name.py for tasks to queue
[2025-09-07T00:19:19.400+0000] {logging_mixin.py:190} INFO - [2025-09-07T00:19:19.399+0000] {dagbag.py:588} INFO - Filling up the DagBag from /home/airflow/.local/lib/python3.12/site-packages/airflow/example_dags/example_display_name.py
[2025-09-07T00:19:19.412+0000] {processor.py:925} INFO - DAG(s) 'example_display_name' retrieved from /home/airflow/.local/lib/python3.12/site-packages/airflow/example_dags/example_display_name.py
[2025-09-07T00:19:19.446+0000] {logging_mixin.py:190} INFO - [2025-09-07T00:19:19.446+0000] {dag.py:3239} INFO - Sync 1 DAGs
[2025-09-07T00:19:19.473+0000] {logging_mixin.py:190} INFO - [2025-09-07T00:19:19.473+0000] {dag.py:4180} INFO - Setting next_dagrun for example_display_name to None, run_after=None
[2025-09-07T00:19:19.500+0000] {processor.py:208} INFO - Processing /home/airflow/.local/lib/python3.12/site-packages/airflow/example_dags/example_display_name.py took 0.110 seconds
[2025-09-07T00:19:50.257+0000] {processor.py:186} INFO - Started process (PID=6459) to work on /home/airflow/.local/lib/python3.12/site-packages/airflow/example_dags/example_display_name.py
[2025-09-07T00:19:50.259+0000] {processor.py:914} INFO - Processing file /home/airflow/.local/lib/python3.12/site-packages/airflow/example_dags/example_display_name.py for tasks to queue
[2025-09-07T00:19:50.261+0000] {logging_mixin.py:190} INFO - [2025-09-07T00:19:50.261+0000] {dagbag.py:588} INFO - Filling up the DagBag from /home/airflow/.local/lib/python3.12/site-packages/airflow/example_dags/example_display_name.py
[2025-09-07T00:19:50.271+0000] {processor.py:925} INFO - DAG(s) 'example_display_name' retrieved from /home/airflow/.local/lib/python3.12/site-packages/airflow/example_dags/example_display_name.py
[2025-09-07T00:19:50.295+0000] {logging_mixin.py:190} INFO - [2025-09-07T00:19:50.295+0000] {dag.py:3239} INFO - Sync 1 DAGs
[2025-09-07T00:19:50.320+0000] {logging_mixin.py:190} INFO - [2025-09-07T00:19:50.319+0000] {dag.py:4180} INFO - Setting next_dagrun for example_display_name to None, run_after=None
[2025-09-07T00:19:50.347+0000] {processor.py:208} INFO - Processing /home/airflow/.local/lib/python3.12/site-packages/airflow/example_dags/example_display_name.py took 0.101 seconds
[2025-09-07T00:20:20.942+0000] {processor.py:186} INFO - Started process (PID=6525) to work on /home/airflow/.local/lib/python3.12/site-packages/airflow/example_dags/example_display_name.py
[2025-09-07T00:20:20.944+0000] {processor.py:914} INFO - Processing file /home/airflow/.local/lib/python3.12/site-packages/airflow/example_dags/example_display_name.py for tasks to queue
[2025-09-07T00:20:20.946+0000] {logging_mixin.py:190} INFO - [2025-09-07T00:20:20.946+0000] {dagbag.py:588} INFO - Filling up the DagBag from /home/airflow/.local/lib/python3.12/site-packages/airflow/example_dags/example_display_name.py
[2025-09-07T00:20:20.956+0000] {processor.py:925} INFO - DAG(s) 'example_display_name' retrieved from /home/airflow/.local/lib/python3.12/site-packages/airflow/example_dags/example_display_name.py
[2025-09-07T00:20:20.980+0000] {logging_mixin.py:190} INFO - [2025-09-07T00:20:20.980+0000] {dag.py:3239} INFO - Sync 1 DAGs
[2025-09-07T00:20:20.999+0000] {logging_mixin.py:190} INFO - [2025-09-07T00:20:20.999+0000] {dag.py:4180} INFO - Setting next_dagrun for example_display_name to None, run_after=None
[2025-09-07T00:20:21.019+0000] {processor.py:208} INFO - Processing /home/airflow/.local/lib/python3.12/site-packages/airflow/example_dags/example_display_name.py took 0.086 seconds
