[2025-09-07T00:00:25.354+0000] {processor.py:186} INFO - Started process (PID=3972) to work on /home/airflow/.local/lib/python3.12/site-packages/airflow/example_dags/example_branch_python_dop_operator_3.py
[2025-09-07T00:00:25.355+0000] {processor.py:914} INFO - Processing file /home/airflow/.local/lib/python3.12/site-packages/airflow/example_dags/example_branch_python_dop_operator_3.py for tasks to queue
[2025-09-07T00:00:25.357+0000] {logging_mixin.py:190} INFO - [2025-09-07T00:00:25.357+0000] {dagbag.py:588} INFO - Filling up the DagBag from /home/airflow/.local/lib/python3.12/site-packages/airflow/example_dags/example_branch_python_dop_operator_3.py
[2025-09-07T00:00:25.373+0000] {processor.py:925} INFO - DAG(s) 'example_branch_dop_operator_v3' retrieved from /home/airflow/.local/lib/python3.12/site-packages/airflow/example_dags/example_branch_python_dop_operator_3.py
[2025-09-07T00:00:25.401+0000] {logging_mixin.py:190} INFO - [2025-09-07T00:00:25.400+0000] {dag.py:3239} INFO - Sync 1 DAGs
[2025-09-07T00:00:25.439+0000] {logging_mixin.py:190} INFO - [2025-09-07T00:00:25.439+0000] {dag.py:4180} INFO - Setting next_dagrun for example_branch_dop_operator_v3 to 2025-09-06 23:59:00+00:00, run_after=2025-09-07 00:00:00+00:00
[2025-09-07T00:00:25.464+0000] {processor.py:208} INFO - Processing /home/airflow/.local/lib/python3.12/site-packages/airflow/example_dags/example_branch_python_dop_operator_3.py took 0.119 seconds
[2025-09-07T00:00:56.070+0000] {processor.py:186} INFO - Started process (PID=4038) to work on /home/airflow/.local/lib/python3.12/site-packages/airflow/example_dags/example_branch_python_dop_operator_3.py
[2025-09-07T00:00:56.074+0000] {processor.py:914} INFO - Processing file /home/airflow/.local/lib/python3.12/site-packages/airflow/example_dags/example_branch_python_dop_operator_3.py for tasks to queue
[2025-09-07T00:00:56.076+0000] {logging_mixin.py:190} INFO - [2025-09-07T00:00:56.075+0000] {dagbag.py:588} INFO - Filling up the DagBag from /home/airflow/.local/lib/python3.12/site-packages/airflow/example_dags/example_branch_python_dop_operator_3.py
[2025-09-07T00:00:56.094+0000] {processor.py:925} INFO - DAG(s) 'example_branch_dop_operator_v3' retrieved from /home/airflow/.local/lib/python3.12/site-packages/airflow/example_dags/example_branch_python_dop_operator_3.py
[2025-09-07T00:00:56.123+0000] {logging_mixin.py:190} INFO - [2025-09-07T00:00:56.123+0000] {dag.py:3239} INFO - Sync 1 DAGs
[2025-09-07T00:00:56.162+0000] {logging_mixin.py:190} INFO - [2025-09-07T00:00:56.162+0000] {dag.py:4180} INFO - Setting next_dagrun for example_branch_dop_operator_v3 to 2025-09-06 23:59:00+00:00, run_after=2025-09-07 00:00:00+00:00
[2025-09-07T00:00:56.190+0000] {processor.py:208} INFO - Processing /home/airflow/.local/lib/python3.12/site-packages/airflow/example_dags/example_branch_python_dop_operator_3.py took 0.128 seconds
[2025-09-07T00:01:26.253+0000] {processor.py:186} INFO - Started process (PID=4104) to work on /home/airflow/.local/lib/python3.12/site-packages/airflow/example_dags/example_branch_python_dop_operator_3.py
[2025-09-07T00:01:26.254+0000] {processor.py:914} INFO - Processing file /home/airflow/.local/lib/python3.12/site-packages/airflow/example_dags/example_branch_python_dop_operator_3.py for tasks to queue
[2025-09-07T00:01:26.256+0000] {logging_mixin.py:190} INFO - [2025-09-07T00:01:26.255+0000] {dagbag.py:588} INFO - Filling up the DagBag from /home/airflow/.local/lib/python3.12/site-packages/airflow/example_dags/example_branch_python_dop_operator_3.py
[2025-09-07T00:01:26.266+0000] {processor.py:925} INFO - DAG(s) 'example_branch_dop_operator_v3' retrieved from /home/airflow/.local/lib/python3.12/site-packages/airflow/example_dags/example_branch_python_dop_operator_3.py
[2025-09-07T00:01:26.294+0000] {logging_mixin.py:190} INFO - [2025-09-07T00:01:26.294+0000] {dag.py:3239} INFO - Sync 1 DAGs
[2025-09-07T00:01:26.336+0000] {logging_mixin.py:190} INFO - [2025-09-07T00:01:26.335+0000] {dag.py:4180} INFO - Setting next_dagrun for example_branch_dop_operator_v3 to 2025-09-07 00:00:00+00:00, run_after=2025-09-07 00:01:00+00:00
[2025-09-07T00:01:26.361+0000] {processor.py:208} INFO - Processing /home/airflow/.local/lib/python3.12/site-packages/airflow/example_dags/example_branch_python_dop_operator_3.py took 0.116 seconds
[2025-09-07T00:01:57.105+0000] {processor.py:186} INFO - Started process (PID=4169) to work on /home/airflow/.local/lib/python3.12/site-packages/airflow/example_dags/example_branch_python_dop_operator_3.py
[2025-09-07T00:01:57.109+0000] {processor.py:914} INFO - Processing file /home/airflow/.local/lib/python3.12/site-packages/airflow/example_dags/example_branch_python_dop_operator_3.py for tasks to queue
[2025-09-07T00:01:57.112+0000] {logging_mixin.py:190} INFO - [2025-09-07T00:01:57.111+0000] {dagbag.py:588} INFO - Filling up the DagBag from /home/airflow/.local/lib/python3.12/site-packages/airflow/example_dags/example_branch_python_dop_operator_3.py
[2025-09-07T00:01:57.126+0000] {processor.py:925} INFO - DAG(s) 'example_branch_dop_operator_v3' retrieved from /home/airflow/.local/lib/python3.12/site-packages/airflow/example_dags/example_branch_python_dop_operator_3.py
[2025-09-07T00:01:57.151+0000] {logging_mixin.py:190} INFO - [2025-09-07T00:01:57.151+0000] {dag.py:3239} INFO - Sync 1 DAGs
[2025-09-07T00:01:57.189+0000] {logging_mixin.py:190} INFO - [2025-09-07T00:01:57.189+0000] {dag.py:4180} INFO - Setting next_dagrun for example_branch_dop_operator_v3 to 2025-09-07 00:00:00+00:00, run_after=2025-09-07 00:01:00+00:00
[2025-09-07T00:01:57.214+0000] {processor.py:208} INFO - Processing /home/airflow/.local/lib/python3.12/site-packages/airflow/example_dags/example_branch_python_dop_operator_3.py took 0.117 seconds
[2025-09-07T00:02:27.978+0000] {processor.py:186} INFO - Started process (PID=4235) to work on /home/airflow/.local/lib/python3.12/site-packages/airflow/example_dags/example_branch_python_dop_operator_3.py
[2025-09-07T00:02:27.980+0000] {processor.py:914} INFO - Processing file /home/airflow/.local/lib/python3.12/site-packages/airflow/example_dags/example_branch_python_dop_operator_3.py for tasks to queue
[2025-09-07T00:02:27.982+0000] {logging_mixin.py:190} INFO - [2025-09-07T00:02:27.981+0000] {dagbag.py:588} INFO - Filling up the DagBag from /home/airflow/.local/lib/python3.12/site-packages/airflow/example_dags/example_branch_python_dop_operator_3.py
[2025-09-07T00:02:27.999+0000] {processor.py:925} INFO - DAG(s) 'example_branch_dop_operator_v3' retrieved from /home/airflow/.local/lib/python3.12/site-packages/airflow/example_dags/example_branch_python_dop_operator_3.py
[2025-09-07T00:02:28.028+0000] {logging_mixin.py:190} INFO - [2025-09-07T00:02:28.027+0000] {dag.py:3239} INFO - Sync 1 DAGs
[2025-09-07T00:02:28.066+0000] {logging_mixin.py:190} INFO - [2025-09-07T00:02:28.065+0000] {dag.py:4180} INFO - Setting next_dagrun for example_branch_dop_operator_v3 to 2025-09-07 00:01:00+00:00, run_after=2025-09-07 00:02:00+00:00
[2025-09-07T00:02:28.091+0000] {processor.py:208} INFO - Processing /home/airflow/.local/lib/python3.12/site-packages/airflow/example_dags/example_branch_python_dop_operator_3.py took 0.120 seconds
[2025-09-07T00:02:58.884+0000] {processor.py:186} INFO - Started process (PID=4301) to work on /home/airflow/.local/lib/python3.12/site-packages/airflow/example_dags/example_branch_python_dop_operator_3.py
[2025-09-07T00:02:58.886+0000] {processor.py:914} INFO - Processing file /home/airflow/.local/lib/python3.12/site-packages/airflow/example_dags/example_branch_python_dop_operator_3.py for tasks to queue
[2025-09-07T00:02:58.888+0000] {logging_mixin.py:190} INFO - [2025-09-07T00:02:58.887+0000] {dagbag.py:588} INFO - Filling up the DagBag from /home/airflow/.local/lib/python3.12/site-packages/airflow/example_dags/example_branch_python_dop_operator_3.py
[2025-09-07T00:02:58.908+0000] {processor.py:925} INFO - DAG(s) 'example_branch_dop_operator_v3' retrieved from /home/airflow/.local/lib/python3.12/site-packages/airflow/example_dags/example_branch_python_dop_operator_3.py
[2025-09-07T00:02:58.934+0000] {logging_mixin.py:190} INFO - [2025-09-07T00:02:58.933+0000] {dag.py:3239} INFO - Sync 1 DAGs
[2025-09-07T00:02:58.959+0000] {logging_mixin.py:190} INFO - [2025-09-07T00:02:58.959+0000] {dag.py:4180} INFO - Setting next_dagrun for example_branch_dop_operator_v3 to 2025-09-07 00:01:00+00:00, run_after=2025-09-07 00:02:00+00:00
[2025-09-07T00:02:58.983+0000] {processor.py:208} INFO - Processing /home/airflow/.local/lib/python3.12/site-packages/airflow/example_dags/example_branch_python_dop_operator_3.py took 0.108 seconds
[2025-09-07T00:03:29.676+0000] {processor.py:186} INFO - Started process (PID=4367) to work on /home/airflow/.local/lib/python3.12/site-packages/airflow/example_dags/example_branch_python_dop_operator_3.py
[2025-09-07T00:03:29.677+0000] {processor.py:914} INFO - Processing file /home/airflow/.local/lib/python3.12/site-packages/airflow/example_dags/example_branch_python_dop_operator_3.py for tasks to queue
[2025-09-07T00:03:29.680+0000] {logging_mixin.py:190} INFO - [2025-09-07T00:03:29.679+0000] {dagbag.py:588} INFO - Filling up the DagBag from /home/airflow/.local/lib/python3.12/site-packages/airflow/example_dags/example_branch_python_dop_operator_3.py
[2025-09-07T00:03:29.693+0000] {processor.py:925} INFO - DAG(s) 'example_branch_dop_operator_v3' retrieved from /home/airflow/.local/lib/python3.12/site-packages/airflow/example_dags/example_branch_python_dop_operator_3.py
[2025-09-07T00:03:29.718+0000] {logging_mixin.py:190} INFO - [2025-09-07T00:03:29.717+0000] {dag.py:3239} INFO - Sync 1 DAGs
[2025-09-07T00:03:29.754+0000] {logging_mixin.py:190} INFO - [2025-09-07T00:03:29.753+0000] {dag.py:4180} INFO - Setting next_dagrun for example_branch_dop_operator_v3 to 2025-09-07 00:02:00+00:00, run_after=2025-09-07 00:03:00+00:00
[2025-09-07T00:03:29.776+0000] {processor.py:208} INFO - Processing /home/airflow/.local/lib/python3.12/site-packages/airflow/example_dags/example_branch_python_dop_operator_3.py took 0.108 seconds
[2025-09-07T00:04:00.038+0000] {processor.py:186} INFO - Started process (PID=4433) to work on /home/airflow/.local/lib/python3.12/site-packages/airflow/example_dags/example_branch_python_dop_operator_3.py
[2025-09-07T00:04:00.043+0000] {processor.py:914} INFO - Processing file /home/airflow/.local/lib/python3.12/site-packages/airflow/example_dags/example_branch_python_dop_operator_3.py for tasks to queue
[2025-09-07T00:04:00.045+0000] {logging_mixin.py:190} INFO - [2025-09-07T00:04:00.044+0000] {dagbag.py:588} INFO - Filling up the DagBag from /home/airflow/.local/lib/python3.12/site-packages/airflow/example_dags/example_branch_python_dop_operator_3.py
[2025-09-07T00:04:00.062+0000] {processor.py:925} INFO - DAG(s) 'example_branch_dop_operator_v3' retrieved from /home/airflow/.local/lib/python3.12/site-packages/airflow/example_dags/example_branch_python_dop_operator_3.py
[2025-09-07T00:04:00.088+0000] {logging_mixin.py:190} INFO - [2025-09-07T00:04:00.088+0000] {dag.py:3239} INFO - Sync 1 DAGs
[2025-09-07T00:04:00.127+0000] {logging_mixin.py:190} INFO - [2025-09-07T00:04:00.126+0000] {dag.py:4180} INFO - Setting next_dagrun for example_branch_dop_operator_v3 to 2025-09-07 00:03:00+00:00, run_after=2025-09-07 00:04:00+00:00
[2025-09-07T00:04:00.155+0000] {processor.py:208} INFO - Processing /home/airflow/.local/lib/python3.12/site-packages/airflow/example_dags/example_branch_python_dop_operator_3.py took 0.126 seconds
[2025-09-07T00:04:30.813+0000] {processor.py:186} INFO - Started process (PID=4499) to work on /home/airflow/.local/lib/python3.12/site-packages/airflow/example_dags/example_branch_python_dop_operator_3.py
[2025-09-07T00:04:30.822+0000] {processor.py:914} INFO - Processing file /home/airflow/.local/lib/python3.12/site-packages/airflow/example_dags/example_branch_python_dop_operator_3.py for tasks to queue
[2025-09-07T00:04:30.825+0000] {logging_mixin.py:190} INFO - [2025-09-07T00:04:30.824+0000] {dagbag.py:588} INFO - Filling up the DagBag from /home/airflow/.local/lib/python3.12/site-packages/airflow/example_dags/example_branch_python_dop_operator_3.py
[2025-09-07T00:04:30.901+0000] {processor.py:925} INFO - DAG(s) 'example_branch_dop_operator_v3' retrieved from /home/airflow/.local/lib/python3.12/site-packages/airflow/example_dags/example_branch_python_dop_operator_3.py
[2025-09-07T00:04:30.947+0000] {logging_mixin.py:190} INFO - [2025-09-07T00:04:30.946+0000] {dag.py:3239} INFO - Sync 1 DAGs
[2025-09-07T00:04:31.003+0000] {logging_mixin.py:190} INFO - [2025-09-07T00:04:31.002+0000] {dag.py:4180} INFO - Setting next_dagrun for example_branch_dop_operator_v3 to 2025-09-07 00:03:00+00:00, run_after=2025-09-07 00:04:00+00:00
[2025-09-07T00:04:31.080+0000] {processor.py:208} INFO - Processing /home/airflow/.local/lib/python3.12/site-packages/airflow/example_dags/example_branch_python_dop_operator_3.py took 0.293 seconds
[2025-09-07T00:05:01.669+0000] {processor.py:186} INFO - Started process (PID=4565) to work on /home/airflow/.local/lib/python3.12/site-packages/airflow/example_dags/example_branch_python_dop_operator_3.py
[2025-09-07T00:05:01.670+0000] {processor.py:914} INFO - Processing file /home/airflow/.local/lib/python3.12/site-packages/airflow/example_dags/example_branch_python_dop_operator_3.py for tasks to queue
[2025-09-07T00:05:01.673+0000] {logging_mixin.py:190} INFO - [2025-09-07T00:05:01.672+0000] {dagbag.py:588} INFO - Filling up the DagBag from /home/airflow/.local/lib/python3.12/site-packages/airflow/example_dags/example_branch_python_dop_operator_3.py
[2025-09-07T00:05:01.687+0000] {processor.py:925} INFO - DAG(s) 'example_branch_dop_operator_v3' retrieved from /home/airflow/.local/lib/python3.12/site-packages/airflow/example_dags/example_branch_python_dop_operator_3.py
[2025-09-07T00:05:01.712+0000] {logging_mixin.py:190} INFO - [2025-09-07T00:05:01.712+0000] {dag.py:3239} INFO - Sync 1 DAGs
[2025-09-07T00:05:01.751+0000] {logging_mixin.py:190} INFO - [2025-09-07T00:05:01.751+0000] {dag.py:4180} INFO - Setting next_dagrun for example_branch_dop_operator_v3 to 2025-09-07 00:04:00+00:00, run_after=2025-09-07 00:05:00+00:00
[2025-09-07T00:05:01.775+0000] {processor.py:208} INFO - Processing /home/airflow/.local/lib/python3.12/site-packages/airflow/example_dags/example_branch_python_dop_operator_3.py took 0.115 seconds
[2025-09-07T00:05:32.733+0000] {processor.py:186} INFO - Started process (PID=4631) to work on /home/airflow/.local/lib/python3.12/site-packages/airflow/example_dags/example_branch_python_dop_operator_3.py
[2025-09-07T00:05:32.735+0000] {processor.py:914} INFO - Processing file /home/airflow/.local/lib/python3.12/site-packages/airflow/example_dags/example_branch_python_dop_operator_3.py for tasks to queue
[2025-09-07T00:05:32.737+0000] {logging_mixin.py:190} INFO - [2025-09-07T00:05:32.737+0000] {dagbag.py:588} INFO - Filling up the DagBag from /home/airflow/.local/lib/python3.12/site-packages/airflow/example_dags/example_branch_python_dop_operator_3.py
[2025-09-07T00:05:32.753+0000] {processor.py:925} INFO - DAG(s) 'example_branch_dop_operator_v3' retrieved from /home/airflow/.local/lib/python3.12/site-packages/airflow/example_dags/example_branch_python_dop_operator_3.py
[2025-09-07T00:05:32.778+0000] {logging_mixin.py:190} INFO - [2025-09-07T00:05:32.777+0000] {dag.py:3239} INFO - Sync 1 DAGs
[2025-09-07T00:05:32.815+0000] {logging_mixin.py:190} INFO - [2025-09-07T00:05:32.815+0000] {dag.py:4180} INFO - Setting next_dagrun for example_branch_dop_operator_v3 to 2025-09-07 00:04:00+00:00, run_after=2025-09-07 00:05:00+00:00
[2025-09-07T00:05:32.840+0000] {processor.py:208} INFO - Processing /home/airflow/.local/lib/python3.12/site-packages/airflow/example_dags/example_branch_python_dop_operator_3.py took 0.116 seconds
[2025-09-07T00:06:03.650+0000] {processor.py:186} INFO - Started process (PID=4697) to work on /home/airflow/.local/lib/python3.12/site-packages/airflow/example_dags/example_branch_python_dop_operator_3.py
[2025-09-07T00:06:03.651+0000] {processor.py:914} INFO - Processing file /home/airflow/.local/lib/python3.12/site-packages/airflow/example_dags/example_branch_python_dop_operator_3.py for tasks to queue
[2025-09-07T00:06:03.655+0000] {logging_mixin.py:190} INFO - [2025-09-07T00:06:03.655+0000] {dagbag.py:588} INFO - Filling up the DagBag from /home/airflow/.local/lib/python3.12/site-packages/airflow/example_dags/example_branch_python_dop_operator_3.py
[2025-09-07T00:06:03.674+0000] {processor.py:925} INFO - DAG(s) 'example_branch_dop_operator_v3' retrieved from /home/airflow/.local/lib/python3.12/site-packages/airflow/example_dags/example_branch_python_dop_operator_3.py
[2025-09-07T00:06:03.698+0000] {logging_mixin.py:190} INFO - [2025-09-07T00:06:03.697+0000] {dag.py:3239} INFO - Sync 1 DAGs
[2025-09-07T00:06:03.731+0000] {logging_mixin.py:190} INFO - [2025-09-07T00:06:03.730+0000] {dag.py:4180} INFO - Setting next_dagrun for example_branch_dop_operator_v3 to 2025-09-07 00:05:00+00:00, run_after=2025-09-07 00:06:00+00:00
[2025-09-07T00:06:03.762+0000] {processor.py:208} INFO - Processing /home/airflow/.local/lib/python3.12/site-packages/airflow/example_dags/example_branch_python_dop_operator_3.py took 0.121 seconds
[2025-09-07T00:06:34.089+0000] {processor.py:186} INFO - Started process (PID=4763) to work on /home/airflow/.local/lib/python3.12/site-packages/airflow/example_dags/example_branch_python_dop_operator_3.py
[2025-09-07T00:06:34.090+0000] {processor.py:914} INFO - Processing file /home/airflow/.local/lib/python3.12/site-packages/airflow/example_dags/example_branch_python_dop_operator_3.py for tasks to queue
[2025-09-07T00:06:34.092+0000] {logging_mixin.py:190} INFO - [2025-09-07T00:06:34.092+0000] {dagbag.py:588} INFO - Filling up the DagBag from /home/airflow/.local/lib/python3.12/site-packages/airflow/example_dags/example_branch_python_dop_operator_3.py
[2025-09-07T00:06:34.108+0000] {processor.py:925} INFO - DAG(s) 'example_branch_dop_operator_v3' retrieved from /home/airflow/.local/lib/python3.12/site-packages/airflow/example_dags/example_branch_python_dop_operator_3.py
[2025-09-07T00:06:34.135+0000] {logging_mixin.py:190} INFO - [2025-09-07T00:06:34.135+0000] {dag.py:3239} INFO - Sync 1 DAGs
[2025-09-07T00:06:34.167+0000] {logging_mixin.py:190} INFO - [2025-09-07T00:06:34.167+0000] {dag.py:4180} INFO - Setting next_dagrun for example_branch_dop_operator_v3 to 2025-09-07 00:05:00+00:00, run_after=2025-09-07 00:06:00+00:00
[2025-09-07T00:06:34.193+0000] {processor.py:208} INFO - Processing /home/airflow/.local/lib/python3.12/site-packages/airflow/example_dags/example_branch_python_dop_operator_3.py took 0.110 seconds
[2025-09-07T00:07:04.621+0000] {processor.py:186} INFO - Started process (PID=4827) to work on /home/airflow/.local/lib/python3.12/site-packages/airflow/example_dags/example_branch_python_dop_operator_3.py
[2025-09-07T00:07:04.624+0000] {processor.py:914} INFO - Processing file /home/airflow/.local/lib/python3.12/site-packages/airflow/example_dags/example_branch_python_dop_operator_3.py for tasks to queue
[2025-09-07T00:07:04.628+0000] {logging_mixin.py:190} INFO - [2025-09-07T00:07:04.627+0000] {dagbag.py:588} INFO - Filling up the DagBag from /home/airflow/.local/lib/python3.12/site-packages/airflow/example_dags/example_branch_python_dop_operator_3.py
[2025-09-07T00:07:04.643+0000] {processor.py:925} INFO - DAG(s) 'example_branch_dop_operator_v3' retrieved from /home/airflow/.local/lib/python3.12/site-packages/airflow/example_dags/example_branch_python_dop_operator_3.py
[2025-09-07T00:07:04.672+0000] {logging_mixin.py:190} INFO - [2025-09-07T00:07:04.671+0000] {dag.py:3239} INFO - Sync 1 DAGs
[2025-09-07T00:07:04.722+0000] {logging_mixin.py:190} INFO - [2025-09-07T00:07:04.722+0000] {dag.py:4180} INFO - Setting next_dagrun for example_branch_dop_operator_v3 to 2025-09-07 00:06:00+00:00, run_after=2025-09-07 00:07:00+00:00
[2025-09-07T00:07:04.759+0000] {processor.py:208} INFO - Processing /home/airflow/.local/lib/python3.12/site-packages/airflow/example_dags/example_branch_python_dop_operator_3.py took 0.147 seconds
[2025-09-07T00:07:35.519+0000] {processor.py:186} INFO - Started process (PID=4884) to work on /home/airflow/.local/lib/python3.12/site-packages/airflow/example_dags/example_branch_python_dop_operator_3.py
[2025-09-07T00:07:35.520+0000] {processor.py:914} INFO - Processing file /home/airflow/.local/lib/python3.12/site-packages/airflow/example_dags/example_branch_python_dop_operator_3.py for tasks to queue
[2025-09-07T00:07:35.523+0000] {logging_mixin.py:190} INFO - [2025-09-07T00:07:35.522+0000] {dagbag.py:588} INFO - Filling up the DagBag from /home/airflow/.local/lib/python3.12/site-packages/airflow/example_dags/example_branch_python_dop_operator_3.py
[2025-09-07T00:07:35.533+0000] {processor.py:925} INFO - DAG(s) 'example_branch_dop_operator_v3' retrieved from /home/airflow/.local/lib/python3.12/site-packages/airflow/example_dags/example_branch_python_dop_operator_3.py
[2025-09-07T00:07:35.555+0000] {logging_mixin.py:190} INFO - [2025-09-07T00:07:35.554+0000] {dag.py:3239} INFO - Sync 1 DAGs
[2025-09-07T00:07:35.593+0000] {logging_mixin.py:190} INFO - [2025-09-07T00:07:35.593+0000] {dag.py:4180} INFO - Setting next_dagrun for example_branch_dop_operator_v3 to 2025-09-07 00:06:00+00:00, run_after=2025-09-07 00:07:00+00:00
[2025-09-07T00:07:35.618+0000] {processor.py:208} INFO - Processing /home/airflow/.local/lib/python3.12/site-packages/airflow/example_dags/example_branch_python_dop_operator_3.py took 0.108 seconds
[2025-09-07T00:08:06.104+0000] {processor.py:186} INFO - Started process (PID=4948) to work on /home/airflow/.local/lib/python3.12/site-packages/airflow/example_dags/example_branch_python_dop_operator_3.py
[2025-09-07T00:08:06.106+0000] {processor.py:914} INFO - Processing file /home/airflow/.local/lib/python3.12/site-packages/airflow/example_dags/example_branch_python_dop_operator_3.py for tasks to queue
[2025-09-07T00:08:06.110+0000] {logging_mixin.py:190} INFO - [2025-09-07T00:08:06.109+0000] {dagbag.py:588} INFO - Filling up the DagBag from /home/airflow/.local/lib/python3.12/site-packages/airflow/example_dags/example_branch_python_dop_operator_3.py
[2025-09-07T00:08:06.127+0000] {processor.py:925} INFO - DAG(s) 'example_branch_dop_operator_v3' retrieved from /home/airflow/.local/lib/python3.12/site-packages/airflow/example_dags/example_branch_python_dop_operator_3.py
[2025-09-07T00:08:06.152+0000] {logging_mixin.py:190} INFO - [2025-09-07T00:08:06.152+0000] {dag.py:3239} INFO - Sync 1 DAGs
[2025-09-07T00:08:06.186+0000] {logging_mixin.py:190} INFO - [2025-09-07T00:08:06.186+0000] {dag.py:4180} INFO - Setting next_dagrun for example_branch_dop_operator_v3 to 2025-09-07 00:07:00+00:00, run_after=2025-09-07 00:08:00+00:00
[2025-09-07T00:08:06.211+0000] {processor.py:208} INFO - Processing /home/airflow/.local/lib/python3.12/site-packages/airflow/example_dags/example_branch_python_dop_operator_3.py took 0.113 seconds
[2025-09-07T00:08:36.319+0000] {processor.py:186} INFO - Started process (PID=5015) to work on /home/airflow/.local/lib/python3.12/site-packages/airflow/example_dags/example_branch_python_dop_operator_3.py
[2025-09-07T00:08:36.321+0000] {processor.py:914} INFO - Processing file /home/airflow/.local/lib/python3.12/site-packages/airflow/example_dags/example_branch_python_dop_operator_3.py for tasks to queue
[2025-09-07T00:08:36.323+0000] {logging_mixin.py:190} INFO - [2025-09-07T00:08:36.322+0000] {dagbag.py:588} INFO - Filling up the DagBag from /home/airflow/.local/lib/python3.12/site-packages/airflow/example_dags/example_branch_python_dop_operator_3.py
[2025-09-07T00:08:36.340+0000] {processor.py:925} INFO - DAG(s) 'example_branch_dop_operator_v3' retrieved from /home/airflow/.local/lib/python3.12/site-packages/airflow/example_dags/example_branch_python_dop_operator_3.py
[2025-09-07T00:08:36.368+0000] {logging_mixin.py:190} INFO - [2025-09-07T00:08:36.368+0000] {dag.py:3239} INFO - Sync 1 DAGs
[2025-09-07T00:08:36.410+0000] {logging_mixin.py:190} INFO - [2025-09-07T00:08:36.410+0000] {dag.py:4180} INFO - Setting next_dagrun for example_branch_dop_operator_v3 to 2025-09-07 00:07:00+00:00, run_after=2025-09-07 00:08:00+00:00
[2025-09-07T00:08:36.432+0000] {processor.py:208} INFO - Processing /home/airflow/.local/lib/python3.12/site-packages/airflow/example_dags/example_branch_python_dop_operator_3.py took 0.122 seconds
[2025-09-07T00:09:06.545+0000] {processor.py:186} INFO - Started process (PID=5082) to work on /home/airflow/.local/lib/python3.12/site-packages/airflow/example_dags/example_branch_python_dop_operator_3.py
[2025-09-07T00:09:06.546+0000] {processor.py:914} INFO - Processing file /home/airflow/.local/lib/python3.12/site-packages/airflow/example_dags/example_branch_python_dop_operator_3.py for tasks to queue
[2025-09-07T00:09:06.550+0000] {logging_mixin.py:190} INFO - [2025-09-07T00:09:06.549+0000] {dagbag.py:588} INFO - Filling up the DagBag from /home/airflow/.local/lib/python3.12/site-packages/airflow/example_dags/example_branch_python_dop_operator_3.py
[2025-09-07T00:09:06.567+0000] {processor.py:925} INFO - DAG(s) 'example_branch_dop_operator_v3' retrieved from /home/airflow/.local/lib/python3.12/site-packages/airflow/example_dags/example_branch_python_dop_operator_3.py
[2025-09-07T00:09:06.593+0000] {logging_mixin.py:190} INFO - [2025-09-07T00:09:06.593+0000] {dag.py:3239} INFO - Sync 1 DAGs
[2025-09-07T00:09:06.626+0000] {logging_mixin.py:190} INFO - [2025-09-07T00:09:06.625+0000] {dag.py:4180} INFO - Setting next_dagrun for example_branch_dop_operator_v3 to 2025-09-07 00:08:00+00:00, run_after=2025-09-07 00:09:00+00:00
[2025-09-07T00:09:06.650+0000] {processor.py:208} INFO - Processing /home/airflow/.local/lib/python3.12/site-packages/airflow/example_dags/example_branch_python_dop_operator_3.py took 0.110 seconds
[2025-09-07T00:09:37.333+0000] {processor.py:186} INFO - Started process (PID=5146) to work on /home/airflow/.local/lib/python3.12/site-packages/airflow/example_dags/example_branch_python_dop_operator_3.py
[2025-09-07T00:09:37.335+0000] {processor.py:914} INFO - Processing file /home/airflow/.local/lib/python3.12/site-packages/airflow/example_dags/example_branch_python_dop_operator_3.py for tasks to queue
[2025-09-07T00:09:37.337+0000] {logging_mixin.py:190} INFO - [2025-09-07T00:09:37.337+0000] {dagbag.py:588} INFO - Filling up the DagBag from /home/airflow/.local/lib/python3.12/site-packages/airflow/example_dags/example_branch_python_dop_operator_3.py
[2025-09-07T00:09:37.356+0000] {processor.py:925} INFO - DAG(s) 'example_branch_dop_operator_v3' retrieved from /home/airflow/.local/lib/python3.12/site-packages/airflow/example_dags/example_branch_python_dop_operator_3.py
[2025-09-07T00:09:37.384+0000] {logging_mixin.py:190} INFO - [2025-09-07T00:09:37.384+0000] {dag.py:3239} INFO - Sync 1 DAGs
[2025-09-07T00:09:37.423+0000] {logging_mixin.py:190} INFO - [2025-09-07T00:09:37.423+0000] {dag.py:4180} INFO - Setting next_dagrun for example_branch_dop_operator_v3 to 2025-09-07 00:08:00+00:00, run_after=2025-09-07 00:09:00+00:00
[2025-09-07T00:09:37.449+0000] {processor.py:208} INFO - Processing /home/airflow/.local/lib/python3.12/site-packages/airflow/example_dags/example_branch_python_dop_operator_3.py took 0.126 seconds
[2025-09-07T00:10:07.617+0000] {processor.py:186} INFO - Started process (PID=5212) to work on /home/airflow/.local/lib/python3.12/site-packages/airflow/example_dags/example_branch_python_dop_operator_3.py
[2025-09-07T00:10:07.618+0000] {processor.py:914} INFO - Processing file /home/airflow/.local/lib/python3.12/site-packages/airflow/example_dags/example_branch_python_dop_operator_3.py for tasks to queue
[2025-09-07T00:10:07.621+0000] {logging_mixin.py:190} INFO - [2025-09-07T00:10:07.620+0000] {dagbag.py:588} INFO - Filling up the DagBag from /home/airflow/.local/lib/python3.12/site-packages/airflow/example_dags/example_branch_python_dop_operator_3.py
[2025-09-07T00:10:07.639+0000] {processor.py:925} INFO - DAG(s) 'example_branch_dop_operator_v3' retrieved from /home/airflow/.local/lib/python3.12/site-packages/airflow/example_dags/example_branch_python_dop_operator_3.py
[2025-09-07T00:10:07.669+0000] {logging_mixin.py:190} INFO - [2025-09-07T00:10:07.669+0000] {dag.py:3239} INFO - Sync 1 DAGs
[2025-09-07T00:10:07.706+0000] {logging_mixin.py:190} INFO - [2025-09-07T00:10:07.706+0000] {dag.py:4180} INFO - Setting next_dagrun for example_branch_dop_operator_v3 to 2025-09-07 00:09:00+00:00, run_after=2025-09-07 00:10:00+00:00
[2025-09-07T00:10:07.733+0000] {processor.py:208} INFO - Processing /home/airflow/.local/lib/python3.12/site-packages/airflow/example_dags/example_branch_python_dop_operator_3.py took 0.126 seconds
[2025-09-07T00:10:38.330+0000] {processor.py:186} INFO - Started process (PID=5278) to work on /home/airflow/.local/lib/python3.12/site-packages/airflow/example_dags/example_branch_python_dop_operator_3.py
[2025-09-07T00:10:38.332+0000] {processor.py:914} INFO - Processing file /home/airflow/.local/lib/python3.12/site-packages/airflow/example_dags/example_branch_python_dop_operator_3.py for tasks to queue
[2025-09-07T00:10:38.333+0000] {logging_mixin.py:190} INFO - [2025-09-07T00:10:38.333+0000] {dagbag.py:588} INFO - Filling up the DagBag from /home/airflow/.local/lib/python3.12/site-packages/airflow/example_dags/example_branch_python_dop_operator_3.py
[2025-09-07T00:10:38.352+0000] {processor.py:925} INFO - DAG(s) 'example_branch_dop_operator_v3' retrieved from /home/airflow/.local/lib/python3.12/site-packages/airflow/example_dags/example_branch_python_dop_operator_3.py
[2025-09-07T00:10:38.390+0000] {logging_mixin.py:190} INFO - [2025-09-07T00:10:38.390+0000] {dag.py:3239} INFO - Sync 1 DAGs
[2025-09-07T00:10:38.431+0000] {logging_mixin.py:190} INFO - [2025-09-07T00:10:38.431+0000] {dag.py:4180} INFO - Setting next_dagrun for example_branch_dop_operator_v3 to 2025-09-07 00:09:00+00:00, run_after=2025-09-07 00:10:00+00:00
[2025-09-07T00:10:38.454+0000] {processor.py:208} INFO - Processing /home/airflow/.local/lib/python3.12/site-packages/airflow/example_dags/example_branch_python_dop_operator_3.py took 0.131 seconds
[2025-09-07T00:11:08.536+0000] {processor.py:186} INFO - Started process (PID=5344) to work on /home/airflow/.local/lib/python3.12/site-packages/airflow/example_dags/example_branch_python_dop_operator_3.py
[2025-09-07T00:11:08.537+0000] {processor.py:914} INFO - Processing file /home/airflow/.local/lib/python3.12/site-packages/airflow/example_dags/example_branch_python_dop_operator_3.py for tasks to queue
[2025-09-07T00:11:08.540+0000] {logging_mixin.py:190} INFO - [2025-09-07T00:11:08.539+0000] {dagbag.py:588} INFO - Filling up the DagBag from /home/airflow/.local/lib/python3.12/site-packages/airflow/example_dags/example_branch_python_dop_operator_3.py
[2025-09-07T00:11:08.556+0000] {processor.py:925} INFO - DAG(s) 'example_branch_dop_operator_v3' retrieved from /home/airflow/.local/lib/python3.12/site-packages/airflow/example_dags/example_branch_python_dop_operator_3.py
[2025-09-07T00:11:08.578+0000] {logging_mixin.py:190} INFO - [2025-09-07T00:11:08.577+0000] {dag.py:3239} INFO - Sync 1 DAGs
[2025-09-07T00:11:08.607+0000] {logging_mixin.py:190} INFO - [2025-09-07T00:11:08.607+0000] {dag.py:4180} INFO - Setting next_dagrun for example_branch_dop_operator_v3 to 2025-09-07 00:10:00+00:00, run_after=2025-09-07 00:11:00+00:00
[2025-09-07T00:11:08.631+0000] {processor.py:208} INFO - Processing /home/airflow/.local/lib/python3.12/site-packages/airflow/example_dags/example_branch_python_dop_operator_3.py took 0.100 seconds
[2025-09-07T00:11:39.254+0000] {processor.py:186} INFO - Started process (PID=5410) to work on /home/airflow/.local/lib/python3.12/site-packages/airflow/example_dags/example_branch_python_dop_operator_3.py
[2025-09-07T00:11:39.255+0000] {processor.py:914} INFO - Processing file /home/airflow/.local/lib/python3.12/site-packages/airflow/example_dags/example_branch_python_dop_operator_3.py for tasks to queue
[2025-09-07T00:11:39.258+0000] {logging_mixin.py:190} INFO - [2025-09-07T00:11:39.257+0000] {dagbag.py:588} INFO - Filling up the DagBag from /home/airflow/.local/lib/python3.12/site-packages/airflow/example_dags/example_branch_python_dop_operator_3.py
[2025-09-07T00:11:39.281+0000] {processor.py:925} INFO - DAG(s) 'example_branch_dop_operator_v3' retrieved from /home/airflow/.local/lib/python3.12/site-packages/airflow/example_dags/example_branch_python_dop_operator_3.py
[2025-09-07T00:11:39.308+0000] {logging_mixin.py:190} INFO - [2025-09-07T00:11:39.307+0000] {dag.py:3239} INFO - Sync 1 DAGs
[2025-09-07T00:11:39.346+0000] {logging_mixin.py:190} INFO - [2025-09-07T00:11:39.346+0000] {dag.py:4180} INFO - Setting next_dagrun for example_branch_dop_operator_v3 to 2025-09-07 00:10:00+00:00, run_after=2025-09-07 00:11:00+00:00
[2025-09-07T00:11:39.374+0000] {processor.py:208} INFO - Processing /home/airflow/.local/lib/python3.12/site-packages/airflow/example_dags/example_branch_python_dop_operator_3.py took 0.130 seconds
[2025-09-07T00:12:09.468+0000] {processor.py:186} INFO - Started process (PID=5478) to work on /home/airflow/.local/lib/python3.12/site-packages/airflow/example_dags/example_branch_python_dop_operator_3.py
[2025-09-07T00:12:09.469+0000] {processor.py:914} INFO - Processing file /home/airflow/.local/lib/python3.12/site-packages/airflow/example_dags/example_branch_python_dop_operator_3.py for tasks to queue
[2025-09-07T00:12:09.471+0000] {logging_mixin.py:190} INFO - [2025-09-07T00:12:09.471+0000] {dagbag.py:588} INFO - Filling up the DagBag from /home/airflow/.local/lib/python3.12/site-packages/airflow/example_dags/example_branch_python_dop_operator_3.py
[2025-09-07T00:12:09.488+0000] {processor.py:925} INFO - DAG(s) 'example_branch_dop_operator_v3' retrieved from /home/airflow/.local/lib/python3.12/site-packages/airflow/example_dags/example_branch_python_dop_operator_3.py
[2025-09-07T00:12:09.519+0000] {logging_mixin.py:190} INFO - [2025-09-07T00:12:09.519+0000] {dag.py:3239} INFO - Sync 1 DAGs
[2025-09-07T00:12:09.555+0000] {logging_mixin.py:190} INFO - [2025-09-07T00:12:09.554+0000] {dag.py:4180} INFO - Setting next_dagrun for example_branch_dop_operator_v3 to 2025-09-07 00:11:00+00:00, run_after=2025-09-07 00:12:00+00:00
[2025-09-07T00:12:09.577+0000] {processor.py:208} INFO - Processing /home/airflow/.local/lib/python3.12/site-packages/airflow/example_dags/example_branch_python_dop_operator_3.py took 0.118 seconds
[2025-09-07T00:12:39.608+0000] {processor.py:186} INFO - Started process (PID=5542) to work on /home/airflow/.local/lib/python3.12/site-packages/airflow/example_dags/example_branch_python_dop_operator_3.py
[2025-09-07T00:12:39.609+0000] {processor.py:914} INFO - Processing file /home/airflow/.local/lib/python3.12/site-packages/airflow/example_dags/example_branch_python_dop_operator_3.py for tasks to queue
[2025-09-07T00:12:39.611+0000] {logging_mixin.py:190} INFO - [2025-09-07T00:12:39.611+0000] {dagbag.py:588} INFO - Filling up the DagBag from /home/airflow/.local/lib/python3.12/site-packages/airflow/example_dags/example_branch_python_dop_operator_3.py
[2025-09-07T00:12:39.627+0000] {processor.py:925} INFO - DAG(s) 'example_branch_dop_operator_v3' retrieved from /home/airflow/.local/lib/python3.12/site-packages/airflow/example_dags/example_branch_python_dop_operator_3.py
[2025-09-07T00:12:39.654+0000] {logging_mixin.py:190} INFO - [2025-09-07T00:12:39.654+0000] {dag.py:3239} INFO - Sync 1 DAGs
[2025-09-07T00:12:39.692+0000] {logging_mixin.py:190} INFO - [2025-09-07T00:12:39.692+0000] {dag.py:4180} INFO - Setting next_dagrun for example_branch_dop_operator_v3 to 2025-09-07 00:11:00+00:00, run_after=2025-09-07 00:12:00+00:00
[2025-09-07T00:12:39.723+0000] {processor.py:208} INFO - Processing /home/airflow/.local/lib/python3.12/site-packages/airflow/example_dags/example_branch_python_dop_operator_3.py took 0.121 seconds
[2025-09-07T00:13:10.662+0000] {processor.py:186} INFO - Started process (PID=5607) to work on /home/airflow/.local/lib/python3.12/site-packages/airflow/example_dags/example_branch_python_dop_operator_3.py
[2025-09-07T00:13:10.663+0000] {processor.py:914} INFO - Processing file /home/airflow/.local/lib/python3.12/site-packages/airflow/example_dags/example_branch_python_dop_operator_3.py for tasks to queue
[2025-09-07T00:13:10.665+0000] {logging_mixin.py:190} INFO - [2025-09-07T00:13:10.665+0000] {dagbag.py:588} INFO - Filling up the DagBag from /home/airflow/.local/lib/python3.12/site-packages/airflow/example_dags/example_branch_python_dop_operator_3.py
[2025-09-07T00:13:10.683+0000] {processor.py:925} INFO - DAG(s) 'example_branch_dop_operator_v3' retrieved from /home/airflow/.local/lib/python3.12/site-packages/airflow/example_dags/example_branch_python_dop_operator_3.py
[2025-09-07T00:13:10.712+0000] {logging_mixin.py:190} INFO - [2025-09-07T00:13:10.712+0000] {dag.py:3239} INFO - Sync 1 DAGs
[2025-09-07T00:13:10.968+0000] {logging_mixin.py:190} INFO - [2025-09-07T00:13:10.968+0000] {dag.py:4180} INFO - Setting next_dagrun for example_branch_dop_operator_v3 to 2025-09-07 00:12:00+00:00, run_after=2025-09-07 00:13:00+00:00
[2025-09-07T00:13:11.000+0000] {processor.py:208} INFO - Processing /home/airflow/.local/lib/python3.12/site-packages/airflow/example_dags/example_branch_python_dop_operator_3.py took 0.349 seconds
[2025-09-07T00:13:41.130+0000] {processor.py:186} INFO - Started process (PID=5673) to work on /home/airflow/.local/lib/python3.12/site-packages/airflow/example_dags/example_branch_python_dop_operator_3.py
[2025-09-07T00:13:41.132+0000] {processor.py:914} INFO - Processing file /home/airflow/.local/lib/python3.12/site-packages/airflow/example_dags/example_branch_python_dop_operator_3.py for tasks to queue
[2025-09-07T00:13:41.136+0000] {logging_mixin.py:190} INFO - [2025-09-07T00:13:41.135+0000] {dagbag.py:588} INFO - Filling up the DagBag from /home/airflow/.local/lib/python3.12/site-packages/airflow/example_dags/example_branch_python_dop_operator_3.py
[2025-09-07T00:13:41.159+0000] {processor.py:925} INFO - DAG(s) 'example_branch_dop_operator_v3' retrieved from /home/airflow/.local/lib/python3.12/site-packages/airflow/example_dags/example_branch_python_dop_operator_3.py
[2025-09-07T00:13:41.196+0000] {logging_mixin.py:190} INFO - [2025-09-07T00:13:41.196+0000] {dag.py:3239} INFO - Sync 1 DAGs
[2025-09-07T00:13:41.504+0000] {logging_mixin.py:190} INFO - [2025-09-07T00:13:41.504+0000] {dag.py:4180} INFO - Setting next_dagrun for example_branch_dop_operator_v3 to 2025-09-07 00:12:00+00:00, run_after=2025-09-07 00:13:00+00:00
[2025-09-07T00:13:41.530+0000] {processor.py:208} INFO - Processing /home/airflow/.local/lib/python3.12/site-packages/airflow/example_dags/example_branch_python_dop_operator_3.py took 0.410 seconds
[2025-09-07T00:14:11.897+0000] {processor.py:186} INFO - Started process (PID=5739) to work on /home/airflow/.local/lib/python3.12/site-packages/airflow/example_dags/example_branch_python_dop_operator_3.py
[2025-09-07T00:14:11.899+0000] {processor.py:914} INFO - Processing file /home/airflow/.local/lib/python3.12/site-packages/airflow/example_dags/example_branch_python_dop_operator_3.py for tasks to queue
[2025-09-07T00:14:11.901+0000] {logging_mixin.py:190} INFO - [2025-09-07T00:14:11.900+0000] {dagbag.py:588} INFO - Filling up the DagBag from /home/airflow/.local/lib/python3.12/site-packages/airflow/example_dags/example_branch_python_dop_operator_3.py
[2025-09-07T00:14:11.918+0000] {processor.py:925} INFO - DAG(s) 'example_branch_dop_operator_v3' retrieved from /home/airflow/.local/lib/python3.12/site-packages/airflow/example_dags/example_branch_python_dop_operator_3.py
[2025-09-07T00:14:11.944+0000] {logging_mixin.py:190} INFO - [2025-09-07T00:14:11.943+0000] {dag.py:3239} INFO - Sync 1 DAGs
[2025-09-07T00:14:11.980+0000] {logging_mixin.py:190} INFO - [2025-09-07T00:14:11.980+0000] {dag.py:4180} INFO - Setting next_dagrun for example_branch_dop_operator_v3 to 2025-09-07 00:13:00+00:00, run_after=2025-09-07 00:14:00+00:00
[2025-09-07T00:14:12.001+0000] {processor.py:208} INFO - Processing /home/airflow/.local/lib/python3.12/site-packages/airflow/example_dags/example_branch_python_dop_operator_3.py took 0.112 seconds
[2025-09-07T00:14:42.698+0000] {processor.py:186} INFO - Started process (PID=5805) to work on /home/airflow/.local/lib/python3.12/site-packages/airflow/example_dags/example_branch_python_dop_operator_3.py
[2025-09-07T00:14:42.700+0000] {processor.py:914} INFO - Processing file /home/airflow/.local/lib/python3.12/site-packages/airflow/example_dags/example_branch_python_dop_operator_3.py for tasks to queue
[2025-09-07T00:14:42.701+0000] {logging_mixin.py:190} INFO - [2025-09-07T00:14:42.701+0000] {dagbag.py:588} INFO - Filling up the DagBag from /home/airflow/.local/lib/python3.12/site-packages/airflow/example_dags/example_branch_python_dop_operator_3.py
[2025-09-07T00:14:42.713+0000] {processor.py:925} INFO - DAG(s) 'example_branch_dop_operator_v3' retrieved from /home/airflow/.local/lib/python3.12/site-packages/airflow/example_dags/example_branch_python_dop_operator_3.py
[2025-09-07T00:14:42.742+0000] {logging_mixin.py:190} INFO - [2025-09-07T00:14:42.742+0000] {dag.py:3239} INFO - Sync 1 DAGs
[2025-09-07T00:14:42.777+0000] {logging_mixin.py:190} INFO - [2025-09-07T00:14:42.776+0000] {dag.py:4180} INFO - Setting next_dagrun for example_branch_dop_operator_v3 to 2025-09-07 00:13:00+00:00, run_after=2025-09-07 00:14:00+00:00
[2025-09-07T00:14:42.801+0000] {processor.py:208} INFO - Processing /home/airflow/.local/lib/python3.12/site-packages/airflow/example_dags/example_branch_python_dop_operator_3.py took 0.108 seconds
[2025-09-07T00:15:13.750+0000] {processor.py:186} INFO - Started process (PID=5871) to work on /home/airflow/.local/lib/python3.12/site-packages/airflow/example_dags/example_branch_python_dop_operator_3.py
[2025-09-07T00:15:13.752+0000] {processor.py:914} INFO - Processing file /home/airflow/.local/lib/python3.12/site-packages/airflow/example_dags/example_branch_python_dop_operator_3.py for tasks to queue
[2025-09-07T00:15:13.754+0000] {logging_mixin.py:190} INFO - [2025-09-07T00:15:13.753+0000] {dagbag.py:588} INFO - Filling up the DagBag from /home/airflow/.local/lib/python3.12/site-packages/airflow/example_dags/example_branch_python_dop_operator_3.py
[2025-09-07T00:15:13.958+0000] {processor.py:925} INFO - DAG(s) 'example_branch_dop_operator_v3' retrieved from /home/airflow/.local/lib/python3.12/site-packages/airflow/example_dags/example_branch_python_dop_operator_3.py
[2025-09-07T00:15:13.979+0000] {logging_mixin.py:190} INFO - [2025-09-07T00:15:13.978+0000] {dag.py:3239} INFO - Sync 1 DAGs
[2025-09-07T00:15:14.010+0000] {logging_mixin.py:190} INFO - [2025-09-07T00:15:14.009+0000] {dag.py:4180} INFO - Setting next_dagrun for example_branch_dop_operator_v3 to 2025-09-07 00:14:00+00:00, run_after=2025-09-07 00:15:00+00:00
[2025-09-07T00:15:14.034+0000] {processor.py:208} INFO - Processing /home/airflow/.local/lib/python3.12/site-packages/airflow/example_dags/example_branch_python_dop_operator_3.py took 0.292 seconds
[2025-09-07T00:15:44.487+0000] {processor.py:186} INFO - Started process (PID=5936) to work on /home/airflow/.local/lib/python3.12/site-packages/airflow/example_dags/example_branch_python_dop_operator_3.py
[2025-09-07T00:15:44.488+0000] {processor.py:914} INFO - Processing file /home/airflow/.local/lib/python3.12/site-packages/airflow/example_dags/example_branch_python_dop_operator_3.py for tasks to queue
[2025-09-07T00:15:44.491+0000] {logging_mixin.py:190} INFO - [2025-09-07T00:15:44.490+0000] {dagbag.py:588} INFO - Filling up the DagBag from /home/airflow/.local/lib/python3.12/site-packages/airflow/example_dags/example_branch_python_dop_operator_3.py
[2025-09-07T00:15:44.510+0000] {processor.py:925} INFO - DAG(s) 'example_branch_dop_operator_v3' retrieved from /home/airflow/.local/lib/python3.12/site-packages/airflow/example_dags/example_branch_python_dop_operator_3.py
[2025-09-07T00:15:44.541+0000] {logging_mixin.py:190} INFO - [2025-09-07T00:15:44.540+0000] {dag.py:3239} INFO - Sync 1 DAGs
[2025-09-07T00:15:44.576+0000] {logging_mixin.py:190} INFO - [2025-09-07T00:15:44.575+0000] {dag.py:4180} INFO - Setting next_dagrun for example_branch_dop_operator_v3 to 2025-09-07 00:14:00+00:00, run_after=2025-09-07 00:15:00+00:00
[2025-09-07T00:15:44.602+0000] {processor.py:208} INFO - Processing /home/airflow/.local/lib/python3.12/site-packages/airflow/example_dags/example_branch_python_dop_operator_3.py took 0.125 seconds
[2025-09-07T00:16:15.147+0000] {processor.py:186} INFO - Started process (PID=5995) to work on /home/airflow/.local/lib/python3.12/site-packages/airflow/example_dags/example_branch_python_dop_operator_3.py
[2025-09-07T00:16:15.148+0000] {processor.py:914} INFO - Processing file /home/airflow/.local/lib/python3.12/site-packages/airflow/example_dags/example_branch_python_dop_operator_3.py for tasks to queue
[2025-09-07T00:16:15.151+0000] {logging_mixin.py:190} INFO - [2025-09-07T00:16:15.150+0000] {dagbag.py:588} INFO - Filling up the DagBag from /home/airflow/.local/lib/python3.12/site-packages/airflow/example_dags/example_branch_python_dop_operator_3.py
[2025-09-07T00:16:15.164+0000] {processor.py:925} INFO - DAG(s) 'example_branch_dop_operator_v3' retrieved from /home/airflow/.local/lib/python3.12/site-packages/airflow/example_dags/example_branch_python_dop_operator_3.py
[2025-09-07T00:16:15.191+0000] {logging_mixin.py:190} INFO - [2025-09-07T00:16:15.191+0000] {dag.py:3239} INFO - Sync 1 DAGs
[2025-09-07T00:16:15.230+0000] {logging_mixin.py:190} INFO - [2025-09-07T00:16:15.230+0000] {dag.py:4180} INFO - Setting next_dagrun for example_branch_dop_operator_v3 to 2025-09-07 00:15:00+00:00, run_after=2025-09-07 00:16:00+00:00
[2025-09-07T00:16:15.257+0000] {processor.py:208} INFO - Processing /home/airflow/.local/lib/python3.12/site-packages/airflow/example_dags/example_branch_python_dop_operator_3.py took 0.119 seconds
[2025-09-07T00:16:45.739+0000] {processor.py:186} INFO - Started process (PID=6060) to work on /home/airflow/.local/lib/python3.12/site-packages/airflow/example_dags/example_branch_python_dop_operator_3.py
[2025-09-07T00:16:45.741+0000] {processor.py:914} INFO - Processing file /home/airflow/.local/lib/python3.12/site-packages/airflow/example_dags/example_branch_python_dop_operator_3.py for tasks to queue
[2025-09-07T00:16:45.744+0000] {logging_mixin.py:190} INFO - [2025-09-07T00:16:45.744+0000] {dagbag.py:588} INFO - Filling up the DagBag from /home/airflow/.local/lib/python3.12/site-packages/airflow/example_dags/example_branch_python_dop_operator_3.py
[2025-09-07T00:16:45.765+0000] {processor.py:925} INFO - DAG(s) 'example_branch_dop_operator_v3' retrieved from /home/airflow/.local/lib/python3.12/site-packages/airflow/example_dags/example_branch_python_dop_operator_3.py
[2025-09-07T00:16:45.802+0000] {logging_mixin.py:190} INFO - [2025-09-07T00:16:45.801+0000] {dag.py:3239} INFO - Sync 1 DAGs
[2025-09-07T00:16:45.829+0000] {logging_mixin.py:190} INFO - [2025-09-07T00:16:45.829+0000] {dag.py:4180} INFO - Setting next_dagrun for example_branch_dop_operator_v3 to 2025-09-07 00:15:00+00:00, run_after=2025-09-07 00:16:00+00:00
[2025-09-07T00:16:45.852+0000] {processor.py:208} INFO - Processing /home/airflow/.local/lib/python3.12/site-packages/airflow/example_dags/example_branch_python_dop_operator_3.py took 0.122 seconds
[2025-09-07T00:17:16.429+0000] {processor.py:186} INFO - Started process (PID=6126) to work on /home/airflow/.local/lib/python3.12/site-packages/airflow/example_dags/example_branch_python_dop_operator_3.py
[2025-09-07T00:17:16.430+0000] {processor.py:914} INFO - Processing file /home/airflow/.local/lib/python3.12/site-packages/airflow/example_dags/example_branch_python_dop_operator_3.py for tasks to queue
[2025-09-07T00:17:16.432+0000] {logging_mixin.py:190} INFO - [2025-09-07T00:17:16.431+0000] {dagbag.py:588} INFO - Filling up the DagBag from /home/airflow/.local/lib/python3.12/site-packages/airflow/example_dags/example_branch_python_dop_operator_3.py
[2025-09-07T00:17:16.444+0000] {processor.py:925} INFO - DAG(s) 'example_branch_dop_operator_v3' retrieved from /home/airflow/.local/lib/python3.12/site-packages/airflow/example_dags/example_branch_python_dop_operator_3.py
[2025-09-07T00:17:16.474+0000] {logging_mixin.py:190} INFO - [2025-09-07T00:17:16.473+0000] {dag.py:3239} INFO - Sync 1 DAGs
[2025-09-07T00:17:16.500+0000] {logging_mixin.py:190} INFO - [2025-09-07T00:17:16.500+0000] {dag.py:4180} INFO - Setting next_dagrun for example_branch_dop_operator_v3 to 2025-09-07 00:16:00+00:00, run_after=2025-09-07 00:17:00+00:00
[2025-09-07T00:17:16.523+0000] {processor.py:208} INFO - Processing /home/airflow/.local/lib/python3.12/site-packages/airflow/example_dags/example_branch_python_dop_operator_3.py took 0.103 seconds
[2025-09-07T00:17:47.123+0000] {processor.py:186} INFO - Started process (PID=6192) to work on /home/airflow/.local/lib/python3.12/site-packages/airflow/example_dags/example_branch_python_dop_operator_3.py
[2025-09-07T00:17:47.125+0000] {processor.py:914} INFO - Processing file /home/airflow/.local/lib/python3.12/site-packages/airflow/example_dags/example_branch_python_dop_operator_3.py for tasks to queue
[2025-09-07T00:17:47.127+0000] {logging_mixin.py:190} INFO - [2025-09-07T00:17:47.126+0000] {dagbag.py:588} INFO - Filling up the DagBag from /home/airflow/.local/lib/python3.12/site-packages/airflow/example_dags/example_branch_python_dop_operator_3.py
[2025-09-07T00:17:47.145+0000] {processor.py:925} INFO - DAG(s) 'example_branch_dop_operator_v3' retrieved from /home/airflow/.local/lib/python3.12/site-packages/airflow/example_dags/example_branch_python_dop_operator_3.py
[2025-09-07T00:17:47.171+0000] {logging_mixin.py:190} INFO - [2025-09-07T00:17:47.171+0000] {dag.py:3239} INFO - Sync 1 DAGs
[2025-09-07T00:17:47.202+0000] {logging_mixin.py:190} INFO - [2025-09-07T00:17:47.202+0000] {dag.py:4180} INFO - Setting next_dagrun for example_branch_dop_operator_v3 to 2025-09-07 00:16:00+00:00, run_after=2025-09-07 00:17:00+00:00
[2025-09-07T00:17:47.228+0000] {processor.py:208} INFO - Processing /home/airflow/.local/lib/python3.12/site-packages/airflow/example_dags/example_branch_python_dop_operator_3.py took 0.115 seconds
[2025-09-07T00:18:17.848+0000] {processor.py:186} INFO - Started process (PID=6258) to work on /home/airflow/.local/lib/python3.12/site-packages/airflow/example_dags/example_branch_python_dop_operator_3.py
[2025-09-07T00:18:17.849+0000] {processor.py:914} INFO - Processing file /home/airflow/.local/lib/python3.12/site-packages/airflow/example_dags/example_branch_python_dop_operator_3.py for tasks to queue
[2025-09-07T00:18:17.852+0000] {logging_mixin.py:190} INFO - [2025-09-07T00:18:17.851+0000] {dagbag.py:588} INFO - Filling up the DagBag from /home/airflow/.local/lib/python3.12/site-packages/airflow/example_dags/example_branch_python_dop_operator_3.py
[2025-09-07T00:18:17.867+0000] {processor.py:925} INFO - DAG(s) 'example_branch_dop_operator_v3' retrieved from /home/airflow/.local/lib/python3.12/site-packages/airflow/example_dags/example_branch_python_dop_operator_3.py
[2025-09-07T00:18:17.894+0000] {logging_mixin.py:190} INFO - [2025-09-07T00:18:17.894+0000] {dag.py:3239} INFO - Sync 1 DAGs
[2025-09-07T00:18:17.930+0000] {logging_mixin.py:190} INFO - [2025-09-07T00:18:17.929+0000] {dag.py:4180} INFO - Setting next_dagrun for example_branch_dop_operator_v3 to 2025-09-07 00:17:00+00:00, run_after=2025-09-07 00:18:00+00:00
[2025-09-07T00:18:17.960+0000] {processor.py:208} INFO - Processing /home/airflow/.local/lib/python3.12/site-packages/airflow/example_dags/example_branch_python_dop_operator_3.py took 0.121 seconds
[2025-09-07T00:18:48.716+0000] {processor.py:186} INFO - Started process (PID=6324) to work on /home/airflow/.local/lib/python3.12/site-packages/airflow/example_dags/example_branch_python_dop_operator_3.py
[2025-09-07T00:18:48.717+0000] {processor.py:914} INFO - Processing file /home/airflow/.local/lib/python3.12/site-packages/airflow/example_dags/example_branch_python_dop_operator_3.py for tasks to queue
[2025-09-07T00:18:48.720+0000] {logging_mixin.py:190} INFO - [2025-09-07T00:18:48.719+0000] {dagbag.py:588} INFO - Filling up the DagBag from /home/airflow/.local/lib/python3.12/site-packages/airflow/example_dags/example_branch_python_dop_operator_3.py
[2025-09-07T00:18:48.738+0000] {processor.py:925} INFO - DAG(s) 'example_branch_dop_operator_v3' retrieved from /home/airflow/.local/lib/python3.12/site-packages/airflow/example_dags/example_branch_python_dop_operator_3.py
[2025-09-07T00:18:48.765+0000] {logging_mixin.py:190} INFO - [2025-09-07T00:18:48.765+0000] {dag.py:3239} INFO - Sync 1 DAGs
[2025-09-07T00:18:48.797+0000] {logging_mixin.py:190} INFO - [2025-09-07T00:18:48.797+0000] {dag.py:4180} INFO - Setting next_dagrun for example_branch_dop_operator_v3 to 2025-09-07 00:17:00+00:00, run_after=2025-09-07 00:18:00+00:00
[2025-09-07T00:18:48.817+0000] {processor.py:208} INFO - Processing /home/airflow/.local/lib/python3.12/site-packages/airflow/example_dags/example_branch_python_dop_operator_3.py took 0.111 seconds
[2025-09-07T00:19:19.274+0000] {processor.py:186} INFO - Started process (PID=6389) to work on /home/airflow/.local/lib/python3.12/site-packages/airflow/example_dags/example_branch_python_dop_operator_3.py
[2025-09-07T00:19:19.276+0000] {processor.py:914} INFO - Processing file /home/airflow/.local/lib/python3.12/site-packages/airflow/example_dags/example_branch_python_dop_operator_3.py for tasks to queue
[2025-09-07T00:19:19.278+0000] {logging_mixin.py:190} INFO - [2025-09-07T00:19:19.278+0000] {dagbag.py:588} INFO - Filling up the DagBag from /home/airflow/.local/lib/python3.12/site-packages/airflow/example_dags/example_branch_python_dop_operator_3.py
[2025-09-07T00:19:19.297+0000] {processor.py:925} INFO - DAG(s) 'example_branch_dop_operator_v3' retrieved from /home/airflow/.local/lib/python3.12/site-packages/airflow/example_dags/example_branch_python_dop_operator_3.py
[2025-09-07T00:19:19.327+0000] {logging_mixin.py:190} INFO - [2025-09-07T00:19:19.326+0000] {dag.py:3239} INFO - Sync 1 DAGs
[2025-09-07T00:19:19.364+0000] {logging_mixin.py:190} INFO - [2025-09-07T00:19:19.364+0000] {dag.py:4180} INFO - Setting next_dagrun for example_branch_dop_operator_v3 to 2025-09-07 00:18:00+00:00, run_after=2025-09-07 00:19:00+00:00
[2025-09-07T00:19:19.392+0000] {processor.py:208} INFO - Processing /home/airflow/.local/lib/python3.12/site-packages/airflow/example_dags/example_branch_python_dop_operator_3.py took 0.127 seconds
[2025-09-07T00:19:50.130+0000] {processor.py:186} INFO - Started process (PID=6455) to work on /home/airflow/.local/lib/python3.12/site-packages/airflow/example_dags/example_branch_python_dop_operator_3.py
[2025-09-07T00:19:50.131+0000] {processor.py:914} INFO - Processing file /home/airflow/.local/lib/python3.12/site-packages/airflow/example_dags/example_branch_python_dop_operator_3.py for tasks to queue
[2025-09-07T00:19:50.134+0000] {logging_mixin.py:190} INFO - [2025-09-07T00:19:50.133+0000] {dagbag.py:588} INFO - Filling up the DagBag from /home/airflow/.local/lib/python3.12/site-packages/airflow/example_dags/example_branch_python_dop_operator_3.py
[2025-09-07T00:19:50.152+0000] {processor.py:925} INFO - DAG(s) 'example_branch_dop_operator_v3' retrieved from /home/airflow/.local/lib/python3.12/site-packages/airflow/example_dags/example_branch_python_dop_operator_3.py
[2025-09-07T00:19:50.182+0000] {logging_mixin.py:190} INFO - [2025-09-07T00:19:50.181+0000] {dag.py:3239} INFO - Sync 1 DAGs
[2025-09-07T00:19:50.218+0000] {logging_mixin.py:190} INFO - [2025-09-07T00:19:50.218+0000] {dag.py:4180} INFO - Setting next_dagrun for example_branch_dop_operator_v3 to 2025-09-07 00:18:00+00:00, run_after=2025-09-07 00:19:00+00:00
[2025-09-07T00:19:50.244+0000] {processor.py:208} INFO - Processing /home/airflow/.local/lib/python3.12/site-packages/airflow/example_dags/example_branch_python_dop_operator_3.py took 0.121 seconds
[2025-09-07T00:20:20.801+0000] {processor.py:186} INFO - Started process (PID=6521) to work on /home/airflow/.local/lib/python3.12/site-packages/airflow/example_dags/example_branch_python_dop_operator_3.py
[2025-09-07T00:20:20.802+0000] {processor.py:914} INFO - Processing file /home/airflow/.local/lib/python3.12/site-packages/airflow/example_dags/example_branch_python_dop_operator_3.py for tasks to queue
[2025-09-07T00:20:20.804+0000] {logging_mixin.py:190} INFO - [2025-09-07T00:20:20.804+0000] {dagbag.py:588} INFO - Filling up the DagBag from /home/airflow/.local/lib/python3.12/site-packages/airflow/example_dags/example_branch_python_dop_operator_3.py
[2025-09-07T00:20:20.823+0000] {processor.py:925} INFO - DAG(s) 'example_branch_dop_operator_v3' retrieved from /home/airflow/.local/lib/python3.12/site-packages/airflow/example_dags/example_branch_python_dop_operator_3.py
[2025-09-07T00:20:20.855+0000] {logging_mixin.py:190} INFO - [2025-09-07T00:20:20.855+0000] {dag.py:3239} INFO - Sync 1 DAGs
[2025-09-07T00:20:20.894+0000] {logging_mixin.py:190} INFO - [2025-09-07T00:20:20.894+0000] {dag.py:4180} INFO - Setting next_dagrun for example_branch_dop_operator_v3 to 2025-09-07 00:19:00+00:00, run_after=2025-09-07 00:20:00+00:00
[2025-09-07T00:20:20.919+0000] {processor.py:208} INFO - Processing /home/airflow/.local/lib/python3.12/site-packages/airflow/example_dags/example_branch_python_dop_operator_3.py took 0.125 seconds
