[2025-09-07T00:00:25.349+0000] {processor.py:186} INFO - Started process (PID=3971) to work on /home/airflow/.local/lib/python3.12/site-packages/airflow/example_dags/example_branch_operator_decorator.py
[2025-09-07T00:00:25.351+0000] {processor.py:914} INFO - Processing file /home/airflow/.local/lib/python3.12/site-packages/airflow/example_dags/example_branch_operator_decorator.py for tasks to queue
[2025-09-07T00:00:25.353+0000] {logging_mixin.py:190} INFO - [2025-09-07T00:00:25.352+0000] {dagbag.py:588} INFO - Filling up the DagBag from /home/airflow/.local/lib/python3.12/site-packages/airflow/example_dags/example_branch_operator_decorator.py
[2025-09-07T00:00:25.386+0000] {processor.py:925} INFO - DAG(s) 'example_branch_python_operator_decorator' retrieved from /home/airflow/.local/lib/python3.12/site-packages/airflow/example_dags/example_branch_operator_decorator.py
[2025-09-07T00:00:25.424+0000] {logging_mixin.py:190} INFO - [2025-09-07T00:00:25.424+0000] {dag.py:3239} INFO - Sync 1 DAGs
[2025-09-07T00:00:25.449+0000] {logging_mixin.py:190} INFO - [2025-09-07T00:00:25.448+0000] {dag.py:4180} INFO - Setting next_dagrun for example_branch_python_operator_decorator to 2025-09-06 00:00:00+00:00, run_after=2025-09-07 00:00:00+00:00
[2025-09-07T00:00:25.472+0000] {processor.py:208} INFO - Processing /home/airflow/.local/lib/python3.12/site-packages/airflow/example_dags/example_branch_operator_decorator.py took 0.131 seconds
[2025-09-07T00:00:56.058+0000] {processor.py:186} INFO - Started process (PID=4037) to work on /home/airflow/.local/lib/python3.12/site-packages/airflow/example_dags/example_branch_operator_decorator.py
[2025-09-07T00:00:56.059+0000] {processor.py:914} INFO - Processing file /home/airflow/.local/lib/python3.12/site-packages/airflow/example_dags/example_branch_operator_decorator.py for tasks to queue
[2025-09-07T00:00:56.060+0000] {logging_mixin.py:190} INFO - [2025-09-07T00:00:56.060+0000] {dagbag.py:588} INFO - Filling up the DagBag from /home/airflow/.local/lib/python3.12/site-packages/airflow/example_dags/example_branch_operator_decorator.py
[2025-09-07T00:00:56.080+0000] {processor.py:925} INFO - DAG(s) 'example_branch_python_operator_decorator' retrieved from /home/airflow/.local/lib/python3.12/site-packages/airflow/example_dags/example_branch_operator_decorator.py
[2025-09-07T00:00:56.120+0000] {logging_mixin.py:190} INFO - [2025-09-07T00:00:56.119+0000] {dag.py:3239} INFO - Sync 1 DAGs
[2025-09-07T00:00:56.150+0000] {logging_mixin.py:190} INFO - [2025-09-07T00:00:56.150+0000] {dag.py:4180} INFO - Setting next_dagrun for example_branch_python_operator_decorator to 2025-09-06 00:00:00+00:00, run_after=2025-09-07 00:00:00+00:00
[2025-09-07T00:00:56.175+0000] {processor.py:208} INFO - Processing /home/airflow/.local/lib/python3.12/site-packages/airflow/example_dags/example_branch_operator_decorator.py took 0.123 seconds
[2025-09-07T00:01:26.249+0000] {processor.py:186} INFO - Started process (PID=4103) to work on /home/airflow/.local/lib/python3.12/site-packages/airflow/example_dags/example_branch_operator_decorator.py
[2025-09-07T00:01:26.250+0000] {processor.py:914} INFO - Processing file /home/airflow/.local/lib/python3.12/site-packages/airflow/example_dags/example_branch_operator_decorator.py for tasks to queue
[2025-09-07T00:01:26.253+0000] {logging_mixin.py:190} INFO - [2025-09-07T00:01:26.252+0000] {dagbag.py:588} INFO - Filling up the DagBag from /home/airflow/.local/lib/python3.12/site-packages/airflow/example_dags/example_branch_operator_decorator.py
[2025-09-07T00:01:26.286+0000] {processor.py:925} INFO - DAG(s) 'example_branch_python_operator_decorator' retrieved from /home/airflow/.local/lib/python3.12/site-packages/airflow/example_dags/example_branch_operator_decorator.py
[2025-09-07T00:01:26.320+0000] {logging_mixin.py:190} INFO - [2025-09-07T00:01:26.320+0000] {dag.py:3239} INFO - Sync 1 DAGs
[2025-09-07T00:01:26.358+0000] {logging_mixin.py:190} INFO - [2025-09-07T00:01:26.358+0000] {dag.py:4180} INFO - Setting next_dagrun for example_branch_python_operator_decorator to 2025-09-06 00:00:00+00:00, run_after=2025-09-07 00:00:00+00:00
[2025-09-07T00:01:26.386+0000] {processor.py:208} INFO - Processing /home/airflow/.local/lib/python3.12/site-packages/airflow/example_dags/example_branch_operator_decorator.py took 0.146 seconds
[2025-09-07T00:01:57.100+0000] {processor.py:186} INFO - Started process (PID=4168) to work on /home/airflow/.local/lib/python3.12/site-packages/airflow/example_dags/example_branch_operator_decorator.py
[2025-09-07T00:01:57.101+0000] {processor.py:914} INFO - Processing file /home/airflow/.local/lib/python3.12/site-packages/airflow/example_dags/example_branch_operator_decorator.py for tasks to queue
[2025-09-07T00:01:57.103+0000] {logging_mixin.py:190} INFO - [2025-09-07T00:01:57.103+0000] {dagbag.py:588} INFO - Filling up the DagBag from /home/airflow/.local/lib/python3.12/site-packages/airflow/example_dags/example_branch_operator_decorator.py
[2025-09-07T00:01:57.126+0000] {processor.py:925} INFO - DAG(s) 'example_branch_python_operator_decorator' retrieved from /home/airflow/.local/lib/python3.12/site-packages/airflow/example_dags/example_branch_operator_decorator.py
[2025-09-07T00:01:57.163+0000] {logging_mixin.py:190} INFO - [2025-09-07T00:01:57.163+0000] {dag.py:3239} INFO - Sync 1 DAGs
[2025-09-07T00:01:57.201+0000] {logging_mixin.py:190} INFO - [2025-09-07T00:01:57.201+0000] {dag.py:4180} INFO - Setting next_dagrun for example_branch_python_operator_decorator to 2025-09-06 00:00:00+00:00, run_after=2025-09-07 00:00:00+00:00
[2025-09-07T00:01:57.230+0000] {processor.py:208} INFO - Processing /home/airflow/.local/lib/python3.12/site-packages/airflow/example_dags/example_branch_operator_decorator.py took 0.138 seconds
[2025-09-07T00:02:27.972+0000] {processor.py:186} INFO - Started process (PID=4234) to work on /home/airflow/.local/lib/python3.12/site-packages/airflow/example_dags/example_branch_operator_decorator.py
[2025-09-07T00:02:27.975+0000] {processor.py:914} INFO - Processing file /home/airflow/.local/lib/python3.12/site-packages/airflow/example_dags/example_branch_operator_decorator.py for tasks to queue
[2025-09-07T00:02:27.980+0000] {logging_mixin.py:190} INFO - [2025-09-07T00:02:27.979+0000] {dagbag.py:588} INFO - Filling up the DagBag from /home/airflow/.local/lib/python3.12/site-packages/airflow/example_dags/example_branch_operator_decorator.py
[2025-09-07T00:02:28.003+0000] {processor.py:925} INFO - DAG(s) 'example_branch_python_operator_decorator' retrieved from /home/airflow/.local/lib/python3.12/site-packages/airflow/example_dags/example_branch_operator_decorator.py
[2025-09-07T00:02:28.031+0000] {logging_mixin.py:190} INFO - [2025-09-07T00:02:28.030+0000] {dag.py:3239} INFO - Sync 1 DAGs
[2025-09-07T00:02:28.055+0000] {logging_mixin.py:190} INFO - [2025-09-07T00:02:28.054+0000] {dag.py:4180} INFO - Setting next_dagrun for example_branch_python_operator_decorator to 2025-09-06 00:00:00+00:00, run_after=2025-09-07 00:00:00+00:00
[2025-09-07T00:02:28.076+0000] {processor.py:208} INFO - Processing /home/airflow/.local/lib/python3.12/site-packages/airflow/example_dags/example_branch_operator_decorator.py took 0.111 seconds
[2025-09-07T00:02:58.872+0000] {processor.py:186} INFO - Started process (PID=4300) to work on /home/airflow/.local/lib/python3.12/site-packages/airflow/example_dags/example_branch_operator_decorator.py
[2025-09-07T00:02:58.873+0000] {processor.py:914} INFO - Processing file /home/airflow/.local/lib/python3.12/site-packages/airflow/example_dags/example_branch_operator_decorator.py for tasks to queue
[2025-09-07T00:02:58.875+0000] {logging_mixin.py:190} INFO - [2025-09-07T00:02:58.874+0000] {dagbag.py:588} INFO - Filling up the DagBag from /home/airflow/.local/lib/python3.12/site-packages/airflow/example_dags/example_branch_operator_decorator.py
[2025-09-07T00:02:58.896+0000] {processor.py:925} INFO - DAG(s) 'example_branch_python_operator_decorator' retrieved from /home/airflow/.local/lib/python3.12/site-packages/airflow/example_dags/example_branch_operator_decorator.py
[2025-09-07T00:02:58.924+0000] {logging_mixin.py:190} INFO - [2025-09-07T00:02:58.924+0000] {dag.py:3239} INFO - Sync 1 DAGs
[2025-09-07T00:02:58.958+0000] {logging_mixin.py:190} INFO - [2025-09-07T00:02:58.958+0000] {dag.py:4180} INFO - Setting next_dagrun for example_branch_python_operator_decorator to 2025-09-06 00:00:00+00:00, run_after=2025-09-07 00:00:00+00:00
[2025-09-07T00:02:58.984+0000] {processor.py:208} INFO - Processing /home/airflow/.local/lib/python3.12/site-packages/airflow/example_dags/example_branch_operator_decorator.py took 0.118 seconds
[2025-09-07T00:03:29.667+0000] {processor.py:186} INFO - Started process (PID=4366) to work on /home/airflow/.local/lib/python3.12/site-packages/airflow/example_dags/example_branch_operator_decorator.py
[2025-09-07T00:03:29.669+0000] {processor.py:914} INFO - Processing file /home/airflow/.local/lib/python3.12/site-packages/airflow/example_dags/example_branch_operator_decorator.py for tasks to queue
[2025-09-07T00:03:29.671+0000] {logging_mixin.py:190} INFO - [2025-09-07T00:03:29.670+0000] {dagbag.py:588} INFO - Filling up the DagBag from /home/airflow/.local/lib/python3.12/site-packages/airflow/example_dags/example_branch_operator_decorator.py
[2025-09-07T00:03:29.704+0000] {processor.py:925} INFO - DAG(s) 'example_branch_python_operator_decorator' retrieved from /home/airflow/.local/lib/python3.12/site-packages/airflow/example_dags/example_branch_operator_decorator.py
[2025-09-07T00:03:29.737+0000] {logging_mixin.py:190} INFO - [2025-09-07T00:03:29.737+0000] {dag.py:3239} INFO - Sync 1 DAGs
[2025-09-07T00:03:29.778+0000] {logging_mixin.py:190} INFO - [2025-09-07T00:03:29.777+0000] {dag.py:4180} INFO - Setting next_dagrun for example_branch_python_operator_decorator to 2025-09-06 00:00:00+00:00, run_after=2025-09-07 00:00:00+00:00
[2025-09-07T00:03:29.802+0000] {processor.py:208} INFO - Processing /home/airflow/.local/lib/python3.12/site-packages/airflow/example_dags/example_branch_operator_decorator.py took 0.143 seconds
[2025-09-07T00:04:00.023+0000] {processor.py:186} INFO - Started process (PID=4432) to work on /home/airflow/.local/lib/python3.12/site-packages/airflow/example_dags/example_branch_operator_decorator.py
[2025-09-07T00:04:00.024+0000] {processor.py:914} INFO - Processing file /home/airflow/.local/lib/python3.12/site-packages/airflow/example_dags/example_branch_operator_decorator.py for tasks to queue
[2025-09-07T00:04:00.026+0000] {logging_mixin.py:190} INFO - [2025-09-07T00:04:00.026+0000] {dagbag.py:588} INFO - Filling up the DagBag from /home/airflow/.local/lib/python3.12/site-packages/airflow/example_dags/example_branch_operator_decorator.py
[2025-09-07T00:04:00.061+0000] {processor.py:925} INFO - DAG(s) 'example_branch_python_operator_decorator' retrieved from /home/airflow/.local/lib/python3.12/site-packages/airflow/example_dags/example_branch_operator_decorator.py
[2025-09-07T00:04:00.100+0000] {logging_mixin.py:190} INFO - [2025-09-07T00:04:00.099+0000] {dag.py:3239} INFO - Sync 1 DAGs
[2025-09-07T00:04:00.141+0000] {logging_mixin.py:190} INFO - [2025-09-07T00:04:00.141+0000] {dag.py:4180} INFO - Setting next_dagrun for example_branch_python_operator_decorator to 2025-09-06 00:00:00+00:00, run_after=2025-09-07 00:00:00+00:00
[2025-09-07T00:04:00.167+0000] {processor.py:208} INFO - Processing /home/airflow/.local/lib/python3.12/site-packages/airflow/example_dags/example_branch_operator_decorator.py took 0.149 seconds
[2025-09-07T00:04:30.807+0000] {processor.py:186} INFO - Started process (PID=4498) to work on /home/airflow/.local/lib/python3.12/site-packages/airflow/example_dags/example_branch_operator_decorator.py
[2025-09-07T00:04:30.813+0000] {processor.py:914} INFO - Processing file /home/airflow/.local/lib/python3.12/site-packages/airflow/example_dags/example_branch_operator_decorator.py for tasks to queue
[2025-09-07T00:04:30.816+0000] {logging_mixin.py:190} INFO - [2025-09-07T00:04:30.816+0000] {dagbag.py:588} INFO - Filling up the DagBag from /home/airflow/.local/lib/python3.12/site-packages/airflow/example_dags/example_branch_operator_decorator.py
[2025-09-07T00:04:30.851+0000] {processor.py:925} INFO - DAG(s) 'example_branch_python_operator_decorator' retrieved from /home/airflow/.local/lib/python3.12/site-packages/airflow/example_dags/example_branch_operator_decorator.py
[2025-09-07T00:04:30.938+0000] {logging_mixin.py:190} INFO - [2025-09-07T00:04:30.938+0000] {dag.py:3239} INFO - Sync 1 DAGs
[2025-09-07T00:04:31.027+0000] {logging_mixin.py:190} INFO - [2025-09-07T00:04:31.026+0000] {dag.py:4180} INFO - Setting next_dagrun for example_branch_python_operator_decorator to 2025-09-06 00:00:00+00:00, run_after=2025-09-07 00:00:00+00:00
[2025-09-07T00:04:31.084+0000] {processor.py:208} INFO - Processing /home/airflow/.local/lib/python3.12/site-packages/airflow/example_dags/example_branch_operator_decorator.py took 0.303 seconds
[2025-09-07T00:05:01.663+0000] {processor.py:186} INFO - Started process (PID=4564) to work on /home/airflow/.local/lib/python3.12/site-packages/airflow/example_dags/example_branch_operator_decorator.py
[2025-09-07T00:05:01.664+0000] {processor.py:914} INFO - Processing file /home/airflow/.local/lib/python3.12/site-packages/airflow/example_dags/example_branch_operator_decorator.py for tasks to queue
[2025-09-07T00:05:01.666+0000] {logging_mixin.py:190} INFO - [2025-09-07T00:05:01.666+0000] {dagbag.py:588} INFO - Filling up the DagBag from /home/airflow/.local/lib/python3.12/site-packages/airflow/example_dags/example_branch_operator_decorator.py
[2025-09-07T00:05:01.699+0000] {processor.py:925} INFO - DAG(s) 'example_branch_python_operator_decorator' retrieved from /home/airflow/.local/lib/python3.12/site-packages/airflow/example_dags/example_branch_operator_decorator.py
[2025-09-07T00:05:01.736+0000] {logging_mixin.py:190} INFO - [2025-09-07T00:05:01.735+0000] {dag.py:3239} INFO - Sync 1 DAGs
[2025-09-07T00:05:01.771+0000] {logging_mixin.py:190} INFO - [2025-09-07T00:05:01.770+0000] {dag.py:4180} INFO - Setting next_dagrun for example_branch_python_operator_decorator to 2025-09-06 00:00:00+00:00, run_after=2025-09-07 00:00:00+00:00
[2025-09-07T00:05:01.790+0000] {processor.py:208} INFO - Processing /home/airflow/.local/lib/python3.12/site-packages/airflow/example_dags/example_branch_operator_decorator.py took 0.137 seconds
[2025-09-07T00:05:32.725+0000] {processor.py:186} INFO - Started process (PID=4630) to work on /home/airflow/.local/lib/python3.12/site-packages/airflow/example_dags/example_branch_operator_decorator.py
[2025-09-07T00:05:32.726+0000] {processor.py:914} INFO - Processing file /home/airflow/.local/lib/python3.12/site-packages/airflow/example_dags/example_branch_operator_decorator.py for tasks to queue
[2025-09-07T00:05:32.728+0000] {logging_mixin.py:190} INFO - [2025-09-07T00:05:32.728+0000] {dagbag.py:588} INFO - Filling up the DagBag from /home/airflow/.local/lib/python3.12/site-packages/airflow/example_dags/example_branch_operator_decorator.py
[2025-09-07T00:05:32.761+0000] {processor.py:925} INFO - DAG(s) 'example_branch_python_operator_decorator' retrieved from /home/airflow/.local/lib/python3.12/site-packages/airflow/example_dags/example_branch_operator_decorator.py
[2025-09-07T00:05:32.795+0000] {logging_mixin.py:190} INFO - [2025-09-07T00:05:32.794+0000] {dag.py:3239} INFO - Sync 1 DAGs
[2025-09-07T00:05:32.822+0000] {logging_mixin.py:190} INFO - [2025-09-07T00:05:32.822+0000] {dag.py:4180} INFO - Setting next_dagrun for example_branch_python_operator_decorator to 2025-09-06 00:00:00+00:00, run_after=2025-09-07 00:00:00+00:00
[2025-09-07T00:05:32.850+0000] {processor.py:208} INFO - Processing /home/airflow/.local/lib/python3.12/site-packages/airflow/example_dags/example_branch_operator_decorator.py took 0.130 seconds
[2025-09-07T00:06:03.635+0000] {processor.py:186} INFO - Started process (PID=4696) to work on /home/airflow/.local/lib/python3.12/site-packages/airflow/example_dags/example_branch_operator_decorator.py
[2025-09-07T00:06:03.638+0000] {processor.py:914} INFO - Processing file /home/airflow/.local/lib/python3.12/site-packages/airflow/example_dags/example_branch_operator_decorator.py for tasks to queue
[2025-09-07T00:06:03.640+0000] {logging_mixin.py:190} INFO - [2025-09-07T00:06:03.639+0000] {dagbag.py:588} INFO - Filling up the DagBag from /home/airflow/.local/lib/python3.12/site-packages/airflow/example_dags/example_branch_operator_decorator.py
[2025-09-07T00:06:03.662+0000] {processor.py:925} INFO - DAG(s) 'example_branch_python_operator_decorator' retrieved from /home/airflow/.local/lib/python3.12/site-packages/airflow/example_dags/example_branch_operator_decorator.py
[2025-09-07T00:06:03.693+0000] {logging_mixin.py:190} INFO - [2025-09-07T00:06:03.692+0000] {dag.py:3239} INFO - Sync 1 DAGs
[2025-09-07T00:06:03.720+0000] {logging_mixin.py:190} INFO - [2025-09-07T00:06:03.720+0000] {dag.py:4180} INFO - Setting next_dagrun for example_branch_python_operator_decorator to 2025-09-06 00:00:00+00:00, run_after=2025-09-07 00:00:00+00:00
[2025-09-07T00:06:03.743+0000] {processor.py:208} INFO - Processing /home/airflow/.local/lib/python3.12/site-packages/airflow/example_dags/example_branch_operator_decorator.py took 0.114 seconds
[2025-09-07T00:06:34.052+0000] {processor.py:186} INFO - Started process (PID=4762) to work on /home/airflow/.local/lib/python3.12/site-packages/airflow/example_dags/example_branch_operator_decorator.py
[2025-09-07T00:06:34.053+0000] {processor.py:914} INFO - Processing file /home/airflow/.local/lib/python3.12/site-packages/airflow/example_dags/example_branch_operator_decorator.py for tasks to queue
[2025-09-07T00:06:34.055+0000] {logging_mixin.py:190} INFO - [2025-09-07T00:06:34.055+0000] {dagbag.py:588} INFO - Filling up the DagBag from /home/airflow/.local/lib/python3.12/site-packages/airflow/example_dags/example_branch_operator_decorator.py
[2025-09-07T00:06:34.082+0000] {processor.py:925} INFO - DAG(s) 'example_branch_python_operator_decorator' retrieved from /home/airflow/.local/lib/python3.12/site-packages/airflow/example_dags/example_branch_operator_decorator.py
[2025-09-07T00:06:34.123+0000] {logging_mixin.py:190} INFO - [2025-09-07T00:06:34.123+0000] {dag.py:3239} INFO - Sync 1 DAGs
[2025-09-07T00:06:34.149+0000] {logging_mixin.py:190} INFO - [2025-09-07T00:06:34.149+0000] {dag.py:4180} INFO - Setting next_dagrun for example_branch_python_operator_decorator to 2025-09-06 00:00:00+00:00, run_after=2025-09-07 00:00:00+00:00
[2025-09-07T00:06:34.172+0000] {processor.py:208} INFO - Processing /home/airflow/.local/lib/python3.12/site-packages/airflow/example_dags/example_branch_operator_decorator.py took 0.125 seconds
[2025-09-07T00:07:04.387+0000] {processor.py:186} INFO - Started process (PID=4826) to work on /home/airflow/.local/lib/python3.12/site-packages/airflow/example_dags/example_branch_operator_decorator.py
[2025-09-07T00:07:04.389+0000] {processor.py:914} INFO - Processing file /home/airflow/.local/lib/python3.12/site-packages/airflow/example_dags/example_branch_operator_decorator.py for tasks to queue
[2025-09-07T00:07:04.391+0000] {logging_mixin.py:190} INFO - [2025-09-07T00:07:04.391+0000] {dagbag.py:588} INFO - Filling up the DagBag from /home/airflow/.local/lib/python3.12/site-packages/airflow/example_dags/example_branch_operator_decorator.py
[2025-09-07T00:07:04.435+0000] {processor.py:925} INFO - DAG(s) 'example_branch_python_operator_decorator' retrieved from /home/airflow/.local/lib/python3.12/site-packages/airflow/example_dags/example_branch_operator_decorator.py
[2025-09-07T00:07:04.491+0000] {logging_mixin.py:190} INFO - [2025-09-07T00:07:04.490+0000] {dag.py:3239} INFO - Sync 1 DAGs
[2025-09-07T00:07:04.545+0000] {logging_mixin.py:190} INFO - [2025-09-07T00:07:04.544+0000] {dag.py:4180} INFO - Setting next_dagrun for example_branch_python_operator_decorator to 2025-09-06 00:00:00+00:00, run_after=2025-09-07 00:00:00+00:00
[2025-09-07T00:07:04.587+0000] {processor.py:208} INFO - Processing /home/airflow/.local/lib/python3.12/site-packages/airflow/example_dags/example_branch_operator_decorator.py took 0.212 seconds
[2025-09-07T00:07:35.508+0000] {processor.py:186} INFO - Started process (PID=4883) to work on /home/airflow/.local/lib/python3.12/site-packages/airflow/example_dags/example_branch_operator_decorator.py
[2025-09-07T00:07:35.509+0000] {processor.py:914} INFO - Processing file /home/airflow/.local/lib/python3.12/site-packages/airflow/example_dags/example_branch_operator_decorator.py for tasks to queue
[2025-09-07T00:07:35.511+0000] {logging_mixin.py:190} INFO - [2025-09-07T00:07:35.511+0000] {dagbag.py:588} INFO - Filling up the DagBag from /home/airflow/.local/lib/python3.12/site-packages/airflow/example_dags/example_branch_operator_decorator.py
[2025-09-07T00:07:35.532+0000] {processor.py:925} INFO - DAG(s) 'example_branch_python_operator_decorator' retrieved from /home/airflow/.local/lib/python3.12/site-packages/airflow/example_dags/example_branch_operator_decorator.py
[2025-09-07T00:07:35.567+0000] {logging_mixin.py:190} INFO - [2025-09-07T00:07:35.566+0000] {dag.py:3239} INFO - Sync 1 DAGs
[2025-09-07T00:07:35.596+0000] {logging_mixin.py:190} INFO - [2025-09-07T00:07:35.596+0000] {dag.py:4180} INFO - Setting next_dagrun for example_branch_python_operator_decorator to 2025-09-06 00:00:00+00:00, run_after=2025-09-07 00:00:00+00:00
[2025-09-07T00:07:35.617+0000] {processor.py:208} INFO - Processing /home/airflow/.local/lib/python3.12/site-packages/airflow/example_dags/example_branch_operator_decorator.py took 0.115 seconds
[2025-09-07T00:08:06.103+0000] {processor.py:186} INFO - Started process (PID=4947) to work on /home/airflow/.local/lib/python3.12/site-packages/airflow/example_dags/example_branch_operator_decorator.py
[2025-09-07T00:08:06.105+0000] {processor.py:914} INFO - Processing file /home/airflow/.local/lib/python3.12/site-packages/airflow/example_dags/example_branch_operator_decorator.py for tasks to queue
[2025-09-07T00:08:06.108+0000] {logging_mixin.py:190} INFO - [2025-09-07T00:08:06.107+0000] {dagbag.py:588} INFO - Filling up the DagBag from /home/airflow/.local/lib/python3.12/site-packages/airflow/example_dags/example_branch_operator_decorator.py
[2025-09-07T00:08:06.143+0000] {processor.py:925} INFO - DAG(s) 'example_branch_python_operator_decorator' retrieved from /home/airflow/.local/lib/python3.12/site-packages/airflow/example_dags/example_branch_operator_decorator.py
[2025-09-07T00:08:06.179+0000] {logging_mixin.py:190} INFO - [2025-09-07T00:08:06.178+0000] {dag.py:3239} INFO - Sync 1 DAGs
[2025-09-07T00:08:06.218+0000] {logging_mixin.py:190} INFO - [2025-09-07T00:08:06.217+0000] {dag.py:4180} INFO - Setting next_dagrun for example_branch_python_operator_decorator to 2025-09-06 00:00:00+00:00, run_after=2025-09-07 00:00:00+00:00
[2025-09-07T00:08:06.244+0000] {processor.py:208} INFO - Processing /home/airflow/.local/lib/python3.12/site-packages/airflow/example_dags/example_branch_operator_decorator.py took 0.152 seconds
[2025-09-07T00:08:36.314+0000] {processor.py:186} INFO - Started process (PID=5014) to work on /home/airflow/.local/lib/python3.12/site-packages/airflow/example_dags/example_branch_operator_decorator.py
[2025-09-07T00:08:36.315+0000] {processor.py:914} INFO - Processing file /home/airflow/.local/lib/python3.12/site-packages/airflow/example_dags/example_branch_operator_decorator.py for tasks to queue
[2025-09-07T00:08:36.318+0000] {logging_mixin.py:190} INFO - [2025-09-07T00:08:36.317+0000] {dagbag.py:588} INFO - Filling up the DagBag from /home/airflow/.local/lib/python3.12/site-packages/airflow/example_dags/example_branch_operator_decorator.py
[2025-09-07T00:08:36.354+0000] {processor.py:925} INFO - DAG(s) 'example_branch_python_operator_decorator' retrieved from /home/airflow/.local/lib/python3.12/site-packages/airflow/example_dags/example_branch_operator_decorator.py
[2025-09-07T00:08:36.397+0000] {logging_mixin.py:190} INFO - [2025-09-07T00:08:36.397+0000] {dag.py:3239} INFO - Sync 1 DAGs
[2025-09-07T00:08:36.432+0000] {logging_mixin.py:190} INFO - [2025-09-07T00:08:36.431+0000] {dag.py:4180} INFO - Setting next_dagrun for example_branch_python_operator_decorator to 2025-09-06 00:00:00+00:00, run_after=2025-09-07 00:00:00+00:00
[2025-09-07T00:08:36.452+0000] {processor.py:208} INFO - Processing /home/airflow/.local/lib/python3.12/site-packages/airflow/example_dags/example_branch_operator_decorator.py took 0.147 seconds
[2025-09-07T00:09:06.544+0000] {processor.py:186} INFO - Started process (PID=5081) to work on /home/airflow/.local/lib/python3.12/site-packages/airflow/example_dags/example_branch_operator_decorator.py
[2025-09-07T00:09:06.545+0000] {processor.py:914} INFO - Processing file /home/airflow/.local/lib/python3.12/site-packages/airflow/example_dags/example_branch_operator_decorator.py for tasks to queue
[2025-09-07T00:09:06.548+0000] {logging_mixin.py:190} INFO - [2025-09-07T00:09:06.548+0000] {dagbag.py:588} INFO - Filling up the DagBag from /home/airflow/.local/lib/python3.12/site-packages/airflow/example_dags/example_branch_operator_decorator.py
[2025-09-07T00:09:06.569+0000] {processor.py:925} INFO - DAG(s) 'example_branch_python_operator_decorator' retrieved from /home/airflow/.local/lib/python3.12/site-packages/airflow/example_dags/example_branch_operator_decorator.py
[2025-09-07T00:09:06.605+0000] {logging_mixin.py:190} INFO - [2025-09-07T00:09:06.604+0000] {dag.py:3239} INFO - Sync 1 DAGs
[2025-09-07T00:09:06.636+0000] {logging_mixin.py:190} INFO - [2025-09-07T00:09:06.635+0000] {dag.py:4180} INFO - Setting next_dagrun for example_branch_python_operator_decorator to 2025-09-06 00:00:00+00:00, run_after=2025-09-07 00:00:00+00:00
[2025-09-07T00:09:06.662+0000] {processor.py:208} INFO - Processing /home/airflow/.local/lib/python3.12/site-packages/airflow/example_dags/example_branch_operator_decorator.py took 0.127 seconds
[2025-09-07T00:09:37.322+0000] {processor.py:186} INFO - Started process (PID=5145) to work on /home/airflow/.local/lib/python3.12/site-packages/airflow/example_dags/example_branch_operator_decorator.py
[2025-09-07T00:09:37.323+0000] {processor.py:914} INFO - Processing file /home/airflow/.local/lib/python3.12/site-packages/airflow/example_dags/example_branch_operator_decorator.py for tasks to queue
[2025-09-07T00:09:37.325+0000] {logging_mixin.py:190} INFO - [2025-09-07T00:09:37.324+0000] {dagbag.py:588} INFO - Filling up the DagBag from /home/airflow/.local/lib/python3.12/site-packages/airflow/example_dags/example_branch_operator_decorator.py
[2025-09-07T00:09:37.358+0000] {processor.py:925} INFO - DAG(s) 'example_branch_python_operator_decorator' retrieved from /home/airflow/.local/lib/python3.12/site-packages/airflow/example_dags/example_branch_operator_decorator.py
[2025-09-07T00:09:37.395+0000] {logging_mixin.py:190} INFO - [2025-09-07T00:09:37.395+0000] {dag.py:3239} INFO - Sync 1 DAGs
[2025-09-07T00:09:37.429+0000] {logging_mixin.py:190} INFO - [2025-09-07T00:09:37.428+0000] {dag.py:4180} INFO - Setting next_dagrun for example_branch_python_operator_decorator to 2025-09-06 00:00:00+00:00, run_after=2025-09-07 00:00:00+00:00
[2025-09-07T00:09:37.455+0000] {processor.py:208} INFO - Processing /home/airflow/.local/lib/python3.12/site-packages/airflow/example_dags/example_branch_operator_decorator.py took 0.137 seconds
[2025-09-07T00:10:07.606+0000] {processor.py:186} INFO - Started process (PID=5211) to work on /home/airflow/.local/lib/python3.12/site-packages/airflow/example_dags/example_branch_operator_decorator.py
[2025-09-07T00:10:07.607+0000] {processor.py:914} INFO - Processing file /home/airflow/.local/lib/python3.12/site-packages/airflow/example_dags/example_branch_operator_decorator.py for tasks to queue
[2025-09-07T00:10:07.610+0000] {logging_mixin.py:190} INFO - [2025-09-07T00:10:07.609+0000] {dagbag.py:588} INFO - Filling up the DagBag from /home/airflow/.local/lib/python3.12/site-packages/airflow/example_dags/example_branch_operator_decorator.py
[2025-09-07T00:10:07.645+0000] {processor.py:925} INFO - DAG(s) 'example_branch_python_operator_decorator' retrieved from /home/airflow/.local/lib/python3.12/site-packages/airflow/example_dags/example_branch_operator_decorator.py
[2025-09-07T00:10:07.679+0000] {logging_mixin.py:190} INFO - [2025-09-07T00:10:07.679+0000] {dag.py:3239} INFO - Sync 1 DAGs
[2025-09-07T00:10:07.714+0000] {logging_mixin.py:190} INFO - [2025-09-07T00:10:07.713+0000] {dag.py:4180} INFO - Setting next_dagrun for example_branch_python_operator_decorator to 2025-09-06 00:00:00+00:00, run_after=2025-09-07 00:00:00+00:00
[2025-09-07T00:10:07.735+0000] {processor.py:208} INFO - Processing /home/airflow/.local/lib/python3.12/site-packages/airflow/example_dags/example_branch_operator_decorator.py took 0.135 seconds
[2025-09-07T00:10:38.325+0000] {processor.py:186} INFO - Started process (PID=5277) to work on /home/airflow/.local/lib/python3.12/site-packages/airflow/example_dags/example_branch_operator_decorator.py
[2025-09-07T00:10:38.329+0000] {processor.py:914} INFO - Processing file /home/airflow/.local/lib/python3.12/site-packages/airflow/example_dags/example_branch_operator_decorator.py for tasks to queue
[2025-09-07T00:10:38.332+0000] {logging_mixin.py:190} INFO - [2025-09-07T00:10:38.331+0000] {dagbag.py:588} INFO - Filling up the DagBag from /home/airflow/.local/lib/python3.12/site-packages/airflow/example_dags/example_branch_operator_decorator.py
[2025-09-07T00:10:38.369+0000] {processor.py:925} INFO - DAG(s) 'example_branch_python_operator_decorator' retrieved from /home/airflow/.local/lib/python3.12/site-packages/airflow/example_dags/example_branch_operator_decorator.py
[2025-09-07T00:10:38.417+0000] {logging_mixin.py:190} INFO - [2025-09-07T00:10:38.416+0000] {dag.py:3239} INFO - Sync 1 DAGs
[2025-09-07T00:10:38.448+0000] {logging_mixin.py:190} INFO - [2025-09-07T00:10:38.447+0000] {dag.py:4180} INFO - Setting next_dagrun for example_branch_python_operator_decorator to 2025-09-06 00:00:00+00:00, run_after=2025-09-07 00:00:00+00:00
[2025-09-07T00:10:38.476+0000] {processor.py:208} INFO - Processing /home/airflow/.local/lib/python3.12/site-packages/airflow/example_dags/example_branch_operator_decorator.py took 0.160 seconds
[2025-09-07T00:11:08.536+0000] {processor.py:186} INFO - Started process (PID=5343) to work on /home/airflow/.local/lib/python3.12/site-packages/airflow/example_dags/example_branch_operator_decorator.py
[2025-09-07T00:11:08.537+0000] {processor.py:914} INFO - Processing file /home/airflow/.local/lib/python3.12/site-packages/airflow/example_dags/example_branch_operator_decorator.py for tasks to queue
[2025-09-07T00:11:08.540+0000] {logging_mixin.py:190} INFO - [2025-09-07T00:11:08.539+0000] {dagbag.py:588} INFO - Filling up the DagBag from /home/airflow/.local/lib/python3.12/site-packages/airflow/example_dags/example_branch_operator_decorator.py
[2025-09-07T00:11:08.573+0000] {processor.py:925} INFO - DAG(s) 'example_branch_python_operator_decorator' retrieved from /home/airflow/.local/lib/python3.12/site-packages/airflow/example_dags/example_branch_operator_decorator.py
[2025-09-07T00:11:08.600+0000] {logging_mixin.py:190} INFO - [2025-09-07T00:11:08.599+0000] {dag.py:3239} INFO - Sync 1 DAGs
[2025-09-07T00:11:08.630+0000] {logging_mixin.py:190} INFO - [2025-09-07T00:11:08.630+0000] {dag.py:4180} INFO - Setting next_dagrun for example_branch_python_operator_decorator to 2025-09-06 00:00:00+00:00, run_after=2025-09-07 00:00:00+00:00
[2025-09-07T00:11:08.856+0000] {processor.py:208} INFO - Processing /home/airflow/.local/lib/python3.12/site-packages/airflow/example_dags/example_branch_operator_decorator.py took 0.328 seconds
[2025-09-07T00:11:39.249+0000] {processor.py:186} INFO - Started process (PID=5409) to work on /home/airflow/.local/lib/python3.12/site-packages/airflow/example_dags/example_branch_operator_decorator.py
[2025-09-07T00:11:39.251+0000] {processor.py:914} INFO - Processing file /home/airflow/.local/lib/python3.12/site-packages/airflow/example_dags/example_branch_operator_decorator.py for tasks to queue
[2025-09-07T00:11:39.253+0000] {logging_mixin.py:190} INFO - [2025-09-07T00:11:39.253+0000] {dagbag.py:588} INFO - Filling up the DagBag from /home/airflow/.local/lib/python3.12/site-packages/airflow/example_dags/example_branch_operator_decorator.py
[2025-09-07T00:11:39.293+0000] {processor.py:925} INFO - DAG(s) 'example_branch_python_operator_decorator' retrieved from /home/airflow/.local/lib/python3.12/site-packages/airflow/example_dags/example_branch_operator_decorator.py
[2025-09-07T00:11:39.332+0000] {logging_mixin.py:190} INFO - [2025-09-07T00:11:39.332+0000] {dag.py:3239} INFO - Sync 1 DAGs
[2025-09-07T00:11:39.369+0000] {logging_mixin.py:190} INFO - [2025-09-07T00:11:39.369+0000] {dag.py:4180} INFO - Setting next_dagrun for example_branch_python_operator_decorator to 2025-09-06 00:00:00+00:00, run_after=2025-09-07 00:00:00+00:00
[2025-09-07T00:11:39.393+0000] {processor.py:208} INFO - Processing /home/airflow/.local/lib/python3.12/site-packages/airflow/example_dags/example_branch_operator_decorator.py took 0.153 seconds
[2025-09-07T00:12:09.463+0000] {processor.py:186} INFO - Started process (PID=5477) to work on /home/airflow/.local/lib/python3.12/site-packages/airflow/example_dags/example_branch_operator_decorator.py
[2025-09-07T00:12:09.465+0000] {processor.py:914} INFO - Processing file /home/airflow/.local/lib/python3.12/site-packages/airflow/example_dags/example_branch_operator_decorator.py for tasks to queue
[2025-09-07T00:12:09.467+0000] {logging_mixin.py:190} INFO - [2025-09-07T00:12:09.466+0000] {dagbag.py:588} INFO - Filling up the DagBag from /home/airflow/.local/lib/python3.12/site-packages/airflow/example_dags/example_branch_operator_decorator.py
[2025-09-07T00:12:09.500+0000] {processor.py:925} INFO - DAG(s) 'example_branch_python_operator_decorator' retrieved from /home/airflow/.local/lib/python3.12/site-packages/airflow/example_dags/example_branch_operator_decorator.py
[2025-09-07T00:12:09.538+0000] {logging_mixin.py:190} INFO - [2025-09-07T00:12:09.537+0000] {dag.py:3239} INFO - Sync 1 DAGs
[2025-09-07T00:12:09.569+0000] {logging_mixin.py:190} INFO - [2025-09-07T00:12:09.569+0000] {dag.py:4180} INFO - Setting next_dagrun for example_branch_python_operator_decorator to 2025-09-06 00:00:00+00:00, run_after=2025-09-07 00:00:00+00:00
[2025-09-07T00:12:09.591+0000] {processor.py:208} INFO - Processing /home/airflow/.local/lib/python3.12/site-packages/airflow/example_dags/example_branch_operator_decorator.py took 0.137 seconds
[2025-09-07T00:12:39.686+0000] {processor.py:186} INFO - Started process (PID=5543) to work on /home/airflow/.local/lib/python3.12/site-packages/airflow/example_dags/example_branch_operator_decorator.py
[2025-09-07T00:12:39.687+0000] {processor.py:914} INFO - Processing file /home/airflow/.local/lib/python3.12/site-packages/airflow/example_dags/example_branch_operator_decorator.py for tasks to queue
[2025-09-07T00:12:39.689+0000] {logging_mixin.py:190} INFO - [2025-09-07T00:12:39.689+0000] {dagbag.py:588} INFO - Filling up the DagBag from /home/airflow/.local/lib/python3.12/site-packages/airflow/example_dags/example_branch_operator_decorator.py
[2025-09-07T00:12:39.715+0000] {processor.py:925} INFO - DAG(s) 'example_branch_python_operator_decorator' retrieved from /home/airflow/.local/lib/python3.12/site-packages/airflow/example_dags/example_branch_operator_decorator.py
[2025-09-07T00:12:39.754+0000] {logging_mixin.py:190} INFO - [2025-09-07T00:12:39.754+0000] {dag.py:3239} INFO - Sync 1 DAGs
[2025-09-07T00:12:39.794+0000] {logging_mixin.py:190} INFO - [2025-09-07T00:12:39.793+0000] {dag.py:4180} INFO - Setting next_dagrun for example_branch_python_operator_decorator to 2025-09-06 00:00:00+00:00, run_after=2025-09-07 00:00:00+00:00
[2025-09-07T00:12:39.827+0000] {processor.py:208} INFO - Processing /home/airflow/.local/lib/python3.12/site-packages/airflow/example_dags/example_branch_operator_decorator.py took 0.147 seconds
[2025-09-07T00:13:10.654+0000] {processor.py:186} INFO - Started process (PID=5606) to work on /home/airflow/.local/lib/python3.12/site-packages/airflow/example_dags/example_branch_operator_decorator.py
[2025-09-07T00:13:10.655+0000] {processor.py:914} INFO - Processing file /home/airflow/.local/lib/python3.12/site-packages/airflow/example_dags/example_branch_operator_decorator.py for tasks to queue
[2025-09-07T00:13:10.658+0000] {logging_mixin.py:190} INFO - [2025-09-07T00:13:10.657+0000] {dagbag.py:588} INFO - Filling up the DagBag from /home/airflow/.local/lib/python3.12/site-packages/airflow/example_dags/example_branch_operator_decorator.py
[2025-09-07T00:13:10.696+0000] {processor.py:925} INFO - DAG(s) 'example_branch_python_operator_decorator' retrieved from /home/airflow/.local/lib/python3.12/site-packages/airflow/example_dags/example_branch_operator_decorator.py
[2025-09-07T00:13:10.960+0000] {logging_mixin.py:190} INFO - [2025-09-07T00:13:10.959+0000] {dag.py:3239} INFO - Sync 1 DAGs
[2025-09-07T00:13:11.001+0000] {logging_mixin.py:190} INFO - [2025-09-07T00:13:11.000+0000] {dag.py:4180} INFO - Setting next_dagrun for example_branch_python_operator_decorator to 2025-09-06 00:00:00+00:00, run_after=2025-09-07 00:00:00+00:00
[2025-09-07T00:13:11.034+0000] {processor.py:208} INFO - Processing /home/airflow/.local/lib/python3.12/site-packages/airflow/example_dags/example_branch_operator_decorator.py took 0.387 seconds
[2025-09-07T00:13:41.122+0000] {processor.py:186} INFO - Started process (PID=5672) to work on /home/airflow/.local/lib/python3.12/site-packages/airflow/example_dags/example_branch_operator_decorator.py
[2025-09-07T00:13:41.124+0000] {processor.py:914} INFO - Processing file /home/airflow/.local/lib/python3.12/site-packages/airflow/example_dags/example_branch_operator_decorator.py for tasks to queue
[2025-09-07T00:13:41.128+0000] {logging_mixin.py:190} INFO - [2025-09-07T00:13:41.127+0000] {dagbag.py:588} INFO - Filling up the DagBag from /home/airflow/.local/lib/python3.12/site-packages/airflow/example_dags/example_branch_operator_decorator.py
[2025-09-07T00:13:41.180+0000] {processor.py:925} INFO - DAG(s) 'example_branch_python_operator_decorator' retrieved from /home/airflow/.local/lib/python3.12/site-packages/airflow/example_dags/example_branch_operator_decorator.py
[2025-09-07T00:13:41.221+0000] {logging_mixin.py:190} INFO - [2025-09-07T00:13:41.221+0000] {dag.py:3239} INFO - Sync 1 DAGs
[2025-09-07T00:13:41.528+0000] {logging_mixin.py:190} INFO - [2025-09-07T00:13:41.528+0000] {dag.py:4180} INFO - Setting next_dagrun for example_branch_python_operator_decorator to 2025-09-06 00:00:00+00:00, run_after=2025-09-07 00:00:00+00:00
[2025-09-07T00:13:41.558+0000] {processor.py:208} INFO - Processing /home/airflow/.local/lib/python3.12/site-packages/airflow/example_dags/example_branch_operator_decorator.py took 0.448 seconds
[2025-09-07T00:14:11.889+0000] {processor.py:186} INFO - Started process (PID=5738) to work on /home/airflow/.local/lib/python3.12/site-packages/airflow/example_dags/example_branch_operator_decorator.py
[2025-09-07T00:14:11.891+0000] {processor.py:914} INFO - Processing file /home/airflow/.local/lib/python3.12/site-packages/airflow/example_dags/example_branch_operator_decorator.py for tasks to queue
[2025-09-07T00:14:11.893+0000] {logging_mixin.py:190} INFO - [2025-09-07T00:14:11.893+0000] {dagbag.py:588} INFO - Filling up the DagBag from /home/airflow/.local/lib/python3.12/site-packages/airflow/example_dags/example_branch_operator_decorator.py
[2025-09-07T00:14:11.916+0000] {processor.py:925} INFO - DAG(s) 'example_branch_python_operator_decorator' retrieved from /home/airflow/.local/lib/python3.12/site-packages/airflow/example_dags/example_branch_operator_decorator.py
[2025-09-07T00:14:11.956+0000] {logging_mixin.py:190} INFO - [2025-09-07T00:14:11.956+0000] {dag.py:3239} INFO - Sync 1 DAGs
[2025-09-07T00:14:11.991+0000] {logging_mixin.py:190} INFO - [2025-09-07T00:14:11.991+0000] {dag.py:4180} INFO - Setting next_dagrun for example_branch_python_operator_decorator to 2025-09-06 00:00:00+00:00, run_after=2025-09-07 00:00:00+00:00
[2025-09-07T00:14:12.167+0000] {processor.py:208} INFO - Processing /home/airflow/.local/lib/python3.12/site-packages/airflow/example_dags/example_branch_operator_decorator.py took 0.283 seconds
[2025-09-07T00:14:42.701+0000] {processor.py:186} INFO - Started process (PID=5804) to work on /home/airflow/.local/lib/python3.12/site-packages/airflow/example_dags/example_branch_operator_decorator.py
[2025-09-07T00:14:42.702+0000] {processor.py:914} INFO - Processing file /home/airflow/.local/lib/python3.12/site-packages/airflow/example_dags/example_branch_operator_decorator.py for tasks to queue
[2025-09-07T00:14:42.707+0000] {logging_mixin.py:190} INFO - [2025-09-07T00:14:42.706+0000] {dagbag.py:588} INFO - Filling up the DagBag from /home/airflow/.local/lib/python3.12/site-packages/airflow/example_dags/example_branch_operator_decorator.py
[2025-09-07T00:14:42.734+0000] {processor.py:925} INFO - DAG(s) 'example_branch_python_operator_decorator' retrieved from /home/airflow/.local/lib/python3.12/site-packages/airflow/example_dags/example_branch_operator_decorator.py
[2025-09-07T00:14:42.756+0000] {logging_mixin.py:190} INFO - [2025-09-07T00:14:42.756+0000] {dag.py:3239} INFO - Sync 1 DAGs
[2025-09-07T00:14:42.778+0000] {logging_mixin.py:190} INFO - [2025-09-07T00:14:42.778+0000] {dag.py:4180} INFO - Setting next_dagrun for example_branch_python_operator_decorator to 2025-09-06 00:00:00+00:00, run_after=2025-09-07 00:00:00+00:00
[2025-09-07T00:14:42.799+0000] {processor.py:208} INFO - Processing /home/airflow/.local/lib/python3.12/site-packages/airflow/example_dags/example_branch_operator_decorator.py took 0.107 seconds
[2025-09-07T00:15:13.740+0000] {processor.py:186} INFO - Started process (PID=5870) to work on /home/airflow/.local/lib/python3.12/site-packages/airflow/example_dags/example_branch_operator_decorator.py
[2025-09-07T00:15:13.741+0000] {processor.py:914} INFO - Processing file /home/airflow/.local/lib/python3.12/site-packages/airflow/example_dags/example_branch_operator_decorator.py for tasks to queue
[2025-09-07T00:15:13.743+0000] {logging_mixin.py:190} INFO - [2025-09-07T00:15:13.742+0000] {dagbag.py:588} INFO - Filling up the DagBag from /home/airflow/.local/lib/python3.12/site-packages/airflow/example_dags/example_branch_operator_decorator.py
[2025-09-07T00:15:13.967+0000] {processor.py:925} INFO - DAG(s) 'example_branch_python_operator_decorator' retrieved from /home/airflow/.local/lib/python3.12/site-packages/airflow/example_dags/example_branch_operator_decorator.py
[2025-09-07T00:15:13.999+0000] {logging_mixin.py:190} INFO - [2025-09-07T00:15:13.999+0000] {dag.py:3239} INFO - Sync 1 DAGs
[2025-09-07T00:15:14.031+0000] {logging_mixin.py:190} INFO - [2025-09-07T00:15:14.030+0000] {dag.py:4180} INFO - Setting next_dagrun for example_branch_python_operator_decorator to 2025-09-06 00:00:00+00:00, run_after=2025-09-07 00:00:00+00:00
[2025-09-07T00:15:14.055+0000] {processor.py:208} INFO - Processing /home/airflow/.local/lib/python3.12/site-packages/airflow/example_dags/example_branch_operator_decorator.py took 0.320 seconds
[2025-09-07T00:15:44.478+0000] {processor.py:186} INFO - Started process (PID=5935) to work on /home/airflow/.local/lib/python3.12/site-packages/airflow/example_dags/example_branch_operator_decorator.py
[2025-09-07T00:15:44.480+0000] {processor.py:914} INFO - Processing file /home/airflow/.local/lib/python3.12/site-packages/airflow/example_dags/example_branch_operator_decorator.py for tasks to queue
[2025-09-07T00:15:44.483+0000] {logging_mixin.py:190} INFO - [2025-09-07T00:15:44.482+0000] {dagbag.py:588} INFO - Filling up the DagBag from /home/airflow/.local/lib/python3.12/site-packages/airflow/example_dags/example_branch_operator_decorator.py
[2025-09-07T00:15:44.520+0000] {processor.py:925} INFO - DAG(s) 'example_branch_python_operator_decorator' retrieved from /home/airflow/.local/lib/python3.12/site-packages/airflow/example_dags/example_branch_operator_decorator.py
[2025-09-07T00:15:44.554+0000] {logging_mixin.py:190} INFO - [2025-09-07T00:15:44.554+0000] {dag.py:3239} INFO - Sync 1 DAGs
[2025-09-07T00:15:44.590+0000] {logging_mixin.py:190} INFO - [2025-09-07T00:15:44.590+0000] {dag.py:4180} INFO - Setting next_dagrun for example_branch_python_operator_decorator to 2025-09-06 00:00:00+00:00, run_after=2025-09-07 00:00:00+00:00
[2025-09-07T00:15:44.618+0000] {processor.py:208} INFO - Processing /home/airflow/.local/lib/python3.12/site-packages/airflow/example_dags/example_branch_operator_decorator.py took 0.150 seconds
[2025-09-07T00:16:15.141+0000] {processor.py:186} INFO - Started process (PID=5994) to work on /home/airflow/.local/lib/python3.12/site-packages/airflow/example_dags/example_branch_operator_decorator.py
[2025-09-07T00:16:15.142+0000] {processor.py:914} INFO - Processing file /home/airflow/.local/lib/python3.12/site-packages/airflow/example_dags/example_branch_operator_decorator.py for tasks to queue
[2025-09-07T00:16:15.145+0000] {logging_mixin.py:190} INFO - [2025-09-07T00:16:15.144+0000] {dagbag.py:588} INFO - Filling up the DagBag from /home/airflow/.local/lib/python3.12/site-packages/airflow/example_dags/example_branch_operator_decorator.py
[2025-09-07T00:16:15.180+0000] {processor.py:925} INFO - DAG(s) 'example_branch_python_operator_decorator' retrieved from /home/airflow/.local/lib/python3.12/site-packages/airflow/example_dags/example_branch_operator_decorator.py
[2025-09-07T00:16:15.209+0000] {logging_mixin.py:190} INFO - [2025-09-07T00:16:15.208+0000] {dag.py:3239} INFO - Sync 1 DAGs
[2025-09-07T00:16:15.247+0000] {logging_mixin.py:190} INFO - [2025-09-07T00:16:15.246+0000] {dag.py:4180} INFO - Setting next_dagrun for example_branch_python_operator_decorator to 2025-09-06 00:00:00+00:00, run_after=2025-09-07 00:00:00+00:00
[2025-09-07T00:16:15.273+0000] {processor.py:208} INFO - Processing /home/airflow/.local/lib/python3.12/site-packages/airflow/example_dags/example_branch_operator_decorator.py took 0.141 seconds
[2025-09-07T00:16:45.731+0000] {processor.py:186} INFO - Started process (PID=6059) to work on /home/airflow/.local/lib/python3.12/site-packages/airflow/example_dags/example_branch_operator_decorator.py
[2025-09-07T00:16:45.733+0000] {processor.py:914} INFO - Processing file /home/airflow/.local/lib/python3.12/site-packages/airflow/example_dags/example_branch_operator_decorator.py for tasks to queue
[2025-09-07T00:16:45.735+0000] {logging_mixin.py:190} INFO - [2025-09-07T00:16:45.734+0000] {dagbag.py:588} INFO - Filling up the DagBag from /home/airflow/.local/lib/python3.12/site-packages/airflow/example_dags/example_branch_operator_decorator.py
[2025-09-07T00:16:45.773+0000] {processor.py:925} INFO - DAG(s) 'example_branch_python_operator_decorator' retrieved from /home/airflow/.local/lib/python3.12/site-packages/airflow/example_dags/example_branch_operator_decorator.py
[2025-09-07T00:16:45.811+0000] {logging_mixin.py:190} INFO - [2025-09-07T00:16:45.810+0000] {dag.py:3239} INFO - Sync 1 DAGs
[2025-09-07T00:16:45.844+0000] {logging_mixin.py:190} INFO - [2025-09-07T00:16:45.844+0000] {dag.py:4180} INFO - Setting next_dagrun for example_branch_python_operator_decorator to 2025-09-06 00:00:00+00:00, run_after=2025-09-07 00:00:00+00:00
[2025-09-07T00:16:45.866+0000] {processor.py:208} INFO - Processing /home/airflow/.local/lib/python3.12/site-packages/airflow/example_dags/example_branch_operator_decorator.py took 0.144 seconds
[2025-09-07T00:17:16.420+0000] {processor.py:186} INFO - Started process (PID=6125) to work on /home/airflow/.local/lib/python3.12/site-packages/airflow/example_dags/example_branch_operator_decorator.py
[2025-09-07T00:17:16.421+0000] {processor.py:914} INFO - Processing file /home/airflow/.local/lib/python3.12/site-packages/airflow/example_dags/example_branch_operator_decorator.py for tasks to queue
[2025-09-07T00:17:16.423+0000] {logging_mixin.py:190} INFO - [2025-09-07T00:17:16.423+0000] {dagbag.py:588} INFO - Filling up the DagBag from /home/airflow/.local/lib/python3.12/site-packages/airflow/example_dags/example_branch_operator_decorator.py
[2025-09-07T00:17:16.460+0000] {processor.py:925} INFO - DAG(s) 'example_branch_python_operator_decorator' retrieved from /home/airflow/.local/lib/python3.12/site-packages/airflow/example_dags/example_branch_operator_decorator.py
[2025-09-07T00:17:16.497+0000] {logging_mixin.py:190} INFO - [2025-09-07T00:17:16.497+0000] {dag.py:3239} INFO - Sync 1 DAGs
[2025-09-07T00:17:16.529+0000] {logging_mixin.py:190} INFO - [2025-09-07T00:17:16.529+0000] {dag.py:4180} INFO - Setting next_dagrun for example_branch_python_operator_decorator to 2025-09-06 00:00:00+00:00, run_after=2025-09-07 00:00:00+00:00
[2025-09-07T00:17:16.558+0000] {processor.py:208} INFO - Processing /home/airflow/.local/lib/python3.12/site-packages/airflow/example_dags/example_branch_operator_decorator.py took 0.147 seconds
[2025-09-07T00:17:47.111+0000] {processor.py:186} INFO - Started process (PID=6191) to work on /home/airflow/.local/lib/python3.12/site-packages/airflow/example_dags/example_branch_operator_decorator.py
[2025-09-07T00:17:47.112+0000] {processor.py:914} INFO - Processing file /home/airflow/.local/lib/python3.12/site-packages/airflow/example_dags/example_branch_operator_decorator.py for tasks to queue
[2025-09-07T00:17:47.115+0000] {logging_mixin.py:190} INFO - [2025-09-07T00:17:47.114+0000] {dagbag.py:588} INFO - Filling up the DagBag from /home/airflow/.local/lib/python3.12/site-packages/airflow/example_dags/example_branch_operator_decorator.py
[2025-09-07T00:17:47.152+0000] {processor.py:925} INFO - DAG(s) 'example_branch_python_operator_decorator' retrieved from /home/airflow/.local/lib/python3.12/site-packages/airflow/example_dags/example_branch_operator_decorator.py
[2025-09-07T00:17:47.192+0000] {logging_mixin.py:190} INFO - [2025-09-07T00:17:47.192+0000] {dag.py:3239} INFO - Sync 1 DAGs
[2025-09-07T00:17:47.230+0000] {logging_mixin.py:190} INFO - [2025-09-07T00:17:47.230+0000] {dag.py:4180} INFO - Setting next_dagrun for example_branch_python_operator_decorator to 2025-09-06 00:00:00+00:00, run_after=2025-09-07 00:00:00+00:00
[2025-09-07T00:17:47.253+0000] {processor.py:208} INFO - Processing /home/airflow/.local/lib/python3.12/site-packages/airflow/example_dags/example_branch_operator_decorator.py took 0.147 seconds
[2025-09-07T00:18:17.844+0000] {processor.py:186} INFO - Started process (PID=6257) to work on /home/airflow/.local/lib/python3.12/site-packages/airflow/example_dags/example_branch_operator_decorator.py
[2025-09-07T00:18:17.845+0000] {processor.py:914} INFO - Processing file /home/airflow/.local/lib/python3.12/site-packages/airflow/example_dags/example_branch_operator_decorator.py for tasks to queue
[2025-09-07T00:18:17.848+0000] {logging_mixin.py:190} INFO - [2025-09-07T00:18:17.847+0000] {dagbag.py:588} INFO - Filling up the DagBag from /home/airflow/.local/lib/python3.12/site-packages/airflow/example_dags/example_branch_operator_decorator.py
[2025-09-07T00:18:17.883+0000] {processor.py:925} INFO - DAG(s) 'example_branch_python_operator_decorator' retrieved from /home/airflow/.local/lib/python3.12/site-packages/airflow/example_dags/example_branch_operator_decorator.py
[2025-09-07T00:18:17.915+0000] {logging_mixin.py:190} INFO - [2025-09-07T00:18:17.914+0000] {dag.py:3239} INFO - Sync 1 DAGs
[2025-09-07T00:18:17.953+0000] {logging_mixin.py:190} INFO - [2025-09-07T00:18:17.952+0000] {dag.py:4180} INFO - Setting next_dagrun for example_branch_python_operator_decorator to 2025-09-06 00:00:00+00:00, run_after=2025-09-07 00:00:00+00:00
[2025-09-07T00:18:17.979+0000] {processor.py:208} INFO - Processing /home/airflow/.local/lib/python3.12/site-packages/airflow/example_dags/example_branch_operator_decorator.py took 0.144 seconds
[2025-09-07T00:18:48.710+0000] {processor.py:186} INFO - Started process (PID=6323) to work on /home/airflow/.local/lib/python3.12/site-packages/airflow/example_dags/example_branch_operator_decorator.py
[2025-09-07T00:18:48.714+0000] {processor.py:914} INFO - Processing file /home/airflow/.local/lib/python3.12/site-packages/airflow/example_dags/example_branch_operator_decorator.py for tasks to queue
[2025-09-07T00:18:48.716+0000] {logging_mixin.py:190} INFO - [2025-09-07T00:18:48.715+0000] {dagbag.py:588} INFO - Filling up the DagBag from /home/airflow/.local/lib/python3.12/site-packages/airflow/example_dags/example_branch_operator_decorator.py
[2025-09-07T00:18:48.745+0000] {processor.py:925} INFO - DAG(s) 'example_branch_python_operator_decorator' retrieved from /home/airflow/.local/lib/python3.12/site-packages/airflow/example_dags/example_branch_operator_decorator.py
[2025-09-07T00:18:48.786+0000] {logging_mixin.py:190} INFO - [2025-09-07T00:18:48.786+0000] {dag.py:3239} INFO - Sync 1 DAGs
[2025-09-07T00:18:48.820+0000] {logging_mixin.py:190} INFO - [2025-09-07T00:18:48.820+0000] {dag.py:4180} INFO - Setting next_dagrun for example_branch_python_operator_decorator to 2025-09-06 00:00:00+00:00, run_after=2025-09-07 00:00:00+00:00
[2025-09-07T00:18:48.845+0000] {processor.py:208} INFO - Processing /home/airflow/.local/lib/python3.12/site-packages/airflow/example_dags/example_branch_operator_decorator.py took 0.143 seconds
[2025-09-07T00:19:19.264+0000] {processor.py:186} INFO - Started process (PID=6388) to work on /home/airflow/.local/lib/python3.12/site-packages/airflow/example_dags/example_branch_operator_decorator.py
[2025-09-07T00:19:19.266+0000] {processor.py:914} INFO - Processing file /home/airflow/.local/lib/python3.12/site-packages/airflow/example_dags/example_branch_operator_decorator.py for tasks to queue
[2025-09-07T00:19:19.268+0000] {logging_mixin.py:190} INFO - [2025-09-07T00:19:19.267+0000] {dagbag.py:588} INFO - Filling up the DagBag from /home/airflow/.local/lib/python3.12/site-packages/airflow/example_dags/example_branch_operator_decorator.py
[2025-09-07T00:19:19.292+0000] {processor.py:925} INFO - DAG(s) 'example_branch_python_operator_decorator' retrieved from /home/airflow/.local/lib/python3.12/site-packages/airflow/example_dags/example_branch_operator_decorator.py
[2025-09-07T00:19:19.328+0000] {logging_mixin.py:190} INFO - [2025-09-07T00:19:19.327+0000] {dag.py:3239} INFO - Sync 1 DAGs
[2025-09-07T00:19:19.354+0000] {logging_mixin.py:190} INFO - [2025-09-07T00:19:19.353+0000] {dag.py:4180} INFO - Setting next_dagrun for example_branch_python_operator_decorator to 2025-09-06 00:00:00+00:00, run_after=2025-09-07 00:00:00+00:00
[2025-09-07T00:19:19.379+0000] {processor.py:208} INFO - Processing /home/airflow/.local/lib/python3.12/site-packages/airflow/example_dags/example_branch_operator_decorator.py took 0.120 seconds
[2025-09-07T00:19:50.132+0000] {processor.py:186} INFO - Started process (PID=6454) to work on /home/airflow/.local/lib/python3.12/site-packages/airflow/example_dags/example_branch_operator_decorator.py
[2025-09-07T00:19:50.133+0000] {processor.py:914} INFO - Processing file /home/airflow/.local/lib/python3.12/site-packages/airflow/example_dags/example_branch_operator_decorator.py for tasks to queue
[2025-09-07T00:19:50.136+0000] {logging_mixin.py:190} INFO - [2025-09-07T00:19:50.135+0000] {dagbag.py:588} INFO - Filling up the DagBag from /home/airflow/.local/lib/python3.12/site-packages/airflow/example_dags/example_branch_operator_decorator.py
[2025-09-07T00:19:50.164+0000] {processor.py:925} INFO - DAG(s) 'example_branch_python_operator_decorator' retrieved from /home/airflow/.local/lib/python3.12/site-packages/airflow/example_dags/example_branch_operator_decorator.py
[2025-09-07T00:19:50.198+0000] {logging_mixin.py:190} INFO - [2025-09-07T00:19:50.198+0000] {dag.py:3239} INFO - Sync 1 DAGs
[2025-09-07T00:19:50.229+0000] {logging_mixin.py:190} INFO - [2025-09-07T00:19:50.229+0000] {dag.py:4180} INFO - Setting next_dagrun for example_branch_python_operator_decorator to 2025-09-06 00:00:00+00:00, run_after=2025-09-07 00:00:00+00:00
[2025-09-07T00:19:50.258+0000] {processor.py:208} INFO - Processing /home/airflow/.local/lib/python3.12/site-packages/airflow/example_dags/example_branch_operator_decorator.py took 0.135 seconds
[2025-09-07T00:20:20.799+0000] {processor.py:186} INFO - Started process (PID=6520) to work on /home/airflow/.local/lib/python3.12/site-packages/airflow/example_dags/example_branch_operator_decorator.py
[2025-09-07T00:20:20.801+0000] {processor.py:914} INFO - Processing file /home/airflow/.local/lib/python3.12/site-packages/airflow/example_dags/example_branch_operator_decorator.py for tasks to queue
[2025-09-07T00:20:20.803+0000] {logging_mixin.py:190} INFO - [2025-09-07T00:20:20.803+0000] {dagbag.py:588} INFO - Filling up the DagBag from /home/airflow/.local/lib/python3.12/site-packages/airflow/example_dags/example_branch_operator_decorator.py
[2025-09-07T00:20:20.843+0000] {processor.py:925} INFO - DAG(s) 'example_branch_python_operator_decorator' retrieved from /home/airflow/.local/lib/python3.12/site-packages/airflow/example_dags/example_branch_operator_decorator.py
[2025-09-07T00:20:20.875+0000] {logging_mixin.py:190} INFO - [2025-09-07T00:20:20.874+0000] {dag.py:3239} INFO - Sync 1 DAGs
[2025-09-07T00:20:20.912+0000] {logging_mixin.py:190} INFO - [2025-09-07T00:20:20.911+0000] {dag.py:4180} INFO - Setting next_dagrun for example_branch_python_operator_decorator to 2025-09-06 00:00:00+00:00, run_after=2025-09-07 00:00:00+00:00
[2025-09-07T00:20:20.939+0000] {processor.py:208} INFO - Processing /home/airflow/.local/lib/python3.12/site-packages/airflow/example_dags/example_branch_operator_decorator.py took 0.150 seconds
