[2025-09-07T00:00:24.153+0000] {processor.py:186} INFO - Started process (PID=3966) to work on /home/airflow/.local/lib/python3.12/site-packages/airflow/example_dags/example_sla_dag.py
[2025-09-07T00:00:24.154+0000] {processor.py:914} INFO - Processing file /home/airflow/.local/lib/python3.12/site-packages/airflow/example_dags/example_sla_dag.py for tasks to queue
[2025-09-07T00:00:24.156+0000] {logging_mixin.py:190} INFO - [2025-09-07T00:00:24.155+0000] {dagbag.py:588} INFO - Filling up the DagBag from /home/airflow/.local/lib/python3.12/site-packages/airflow/example_dags/example_sla_dag.py
[2025-09-07T00:00:24.172+0000] {processor.py:925} INFO - DAG(s) 'example_sla_dag' retrieved from /home/airflow/.local/lib/python3.12/site-packages/airflow/example_dags/example_sla_dag.py
[2025-09-07T00:00:24.200+0000] {logging_mixin.py:190} INFO - [2025-09-07T00:00:24.199+0000] {dag.py:3239} INFO - Sync 1 DAGs
[2025-09-07T00:00:24.238+0000] {logging_mixin.py:190} INFO - [2025-09-07T00:00:24.237+0000] {dag.py:4180} INFO - Setting next_dagrun for example_sla_dag to 2025-09-06 23:58:00+00:00, run_after=2025-09-07 00:00:00+00:00
[2025-09-07T00:00:24.265+0000] {processor.py:208} INFO - Processing /home/airflow/.local/lib/python3.12/site-packages/airflow/example_dags/example_sla_dag.py took 0.117 seconds
[2025-09-07T00:00:54.915+0000] {processor.py:186} INFO - Started process (PID=4032) to work on /home/airflow/.local/lib/python3.12/site-packages/airflow/example_dags/example_sla_dag.py
[2025-09-07T00:00:54.917+0000] {processor.py:914} INFO - Processing file /home/airflow/.local/lib/python3.12/site-packages/airflow/example_dags/example_sla_dag.py for tasks to queue
[2025-09-07T00:00:54.919+0000] {logging_mixin.py:190} INFO - [2025-09-07T00:00:54.918+0000] {dagbag.py:588} INFO - Filling up the DagBag from /home/airflow/.local/lib/python3.12/site-packages/airflow/example_dags/example_sla_dag.py
[2025-09-07T00:00:54.936+0000] {processor.py:925} INFO - DAG(s) 'example_sla_dag' retrieved from /home/airflow/.local/lib/python3.12/site-packages/airflow/example_dags/example_sla_dag.py
[2025-09-07T00:00:54.959+0000] {logging_mixin.py:190} INFO - [2025-09-07T00:00:54.959+0000] {dag.py:3239} INFO - Sync 1 DAGs
[2025-09-07T00:00:54.986+0000] {logging_mixin.py:190} INFO - [2025-09-07T00:00:54.986+0000] {dag.py:4180} INFO - Setting next_dagrun for example_sla_dag to 2025-09-06 23:58:00+00:00, run_after=2025-09-07 00:00:00+00:00
[2025-09-07T00:00:55.005+0000] {processor.py:208} INFO - Processing /home/airflow/.local/lib/python3.12/site-packages/airflow/example_dags/example_sla_dag.py took 0.098 seconds
[2025-09-07T00:01:25.088+0000] {processor.py:186} INFO - Started process (PID=4098) to work on /home/airflow/.local/lib/python3.12/site-packages/airflow/example_dags/example_sla_dag.py
[2025-09-07T00:01:25.089+0000] {processor.py:914} INFO - Processing file /home/airflow/.local/lib/python3.12/site-packages/airflow/example_dags/example_sla_dag.py for tasks to queue
[2025-09-07T00:01:25.091+0000] {logging_mixin.py:190} INFO - [2025-09-07T00:01:25.090+0000] {dagbag.py:588} INFO - Filling up the DagBag from /home/airflow/.local/lib/python3.12/site-packages/airflow/example_dags/example_sla_dag.py
[2025-09-07T00:01:25.108+0000] {processor.py:925} INFO - DAG(s) 'example_sla_dag' retrieved from /home/airflow/.local/lib/python3.12/site-packages/airflow/example_dags/example_sla_dag.py
[2025-09-07T00:01:25.133+0000] {logging_mixin.py:190} INFO - [2025-09-07T00:01:25.133+0000] {dag.py:3239} INFO - Sync 1 DAGs
[2025-09-07T00:01:25.167+0000] {logging_mixin.py:190} INFO - [2025-09-07T00:01:25.166+0000] {dag.py:4180} INFO - Setting next_dagrun for example_sla_dag to 2025-09-06 23:58:00+00:00, run_after=2025-09-07 00:00:00+00:00
[2025-09-07T00:01:25.188+0000] {processor.py:208} INFO - Processing /home/airflow/.local/lib/python3.12/site-packages/airflow/example_dags/example_sla_dag.py took 0.108 seconds
[2025-09-07T00:01:55.939+0000] {processor.py:186} INFO - Started process (PID=4163) to work on /home/airflow/.local/lib/python3.12/site-packages/airflow/example_dags/example_sla_dag.py
[2025-09-07T00:01:55.940+0000] {processor.py:914} INFO - Processing file /home/airflow/.local/lib/python3.12/site-packages/airflow/example_dags/example_sla_dag.py for tasks to queue
[2025-09-07T00:01:55.943+0000] {logging_mixin.py:190} INFO - [2025-09-07T00:01:55.942+0000] {dagbag.py:588} INFO - Filling up the DagBag from /home/airflow/.local/lib/python3.12/site-packages/airflow/example_dags/example_sla_dag.py
[2025-09-07T00:01:55.959+0000] {processor.py:925} INFO - DAG(s) 'example_sla_dag' retrieved from /home/airflow/.local/lib/python3.12/site-packages/airflow/example_dags/example_sla_dag.py
[2025-09-07T00:01:55.981+0000] {logging_mixin.py:190} INFO - [2025-09-07T00:01:55.981+0000] {dag.py:3239} INFO - Sync 1 DAGs
[2025-09-07T00:01:56.017+0000] {logging_mixin.py:190} INFO - [2025-09-07T00:01:56.017+0000] {dag.py:4180} INFO - Setting next_dagrun for example_sla_dag to 2025-09-06 23:58:00+00:00, run_after=2025-09-07 00:00:00+00:00
[2025-09-07T00:01:56.041+0000] {processor.py:208} INFO - Processing /home/airflow/.local/lib/python3.12/site-packages/airflow/example_dags/example_sla_dag.py took 0.108 seconds
[2025-09-07T00:02:26.828+0000] {processor.py:186} INFO - Started process (PID=4229) to work on /home/airflow/.local/lib/python3.12/site-packages/airflow/example_dags/example_sla_dag.py
[2025-09-07T00:02:26.830+0000] {processor.py:914} INFO - Processing file /home/airflow/.local/lib/python3.12/site-packages/airflow/example_dags/example_sla_dag.py for tasks to queue
[2025-09-07T00:02:26.833+0000] {logging_mixin.py:190} INFO - [2025-09-07T00:02:26.832+0000] {dagbag.py:588} INFO - Filling up the DagBag from /home/airflow/.local/lib/python3.12/site-packages/airflow/example_dags/example_sla_dag.py
[2025-09-07T00:02:26.848+0000] {processor.py:925} INFO - DAG(s) 'example_sla_dag' retrieved from /home/airflow/.local/lib/python3.12/site-packages/airflow/example_dags/example_sla_dag.py
[2025-09-07T00:02:26.866+0000] {logging_mixin.py:190} INFO - [2025-09-07T00:02:26.866+0000] {dag.py:3239} INFO - Sync 1 DAGs
[2025-09-07T00:02:26.899+0000] {logging_mixin.py:190} INFO - [2025-09-07T00:02:26.898+0000] {dag.py:4180} INFO - Setting next_dagrun for example_sla_dag to 2025-09-07 00:00:00+00:00, run_after=2025-09-07 00:02:00+00:00
[2025-09-07T00:02:26.923+0000] {processor.py:208} INFO - Processing /home/airflow/.local/lib/python3.12/site-packages/airflow/example_dags/example_sla_dag.py took 0.103 seconds
[2025-09-07T00:02:57.722+0000] {processor.py:186} INFO - Started process (PID=4295) to work on /home/airflow/.local/lib/python3.12/site-packages/airflow/example_dags/example_sla_dag.py
[2025-09-07T00:02:57.724+0000] {processor.py:914} INFO - Processing file /home/airflow/.local/lib/python3.12/site-packages/airflow/example_dags/example_sla_dag.py for tasks to queue
[2025-09-07T00:02:57.726+0000] {logging_mixin.py:190} INFO - [2025-09-07T00:02:57.725+0000] {dagbag.py:588} INFO - Filling up the DagBag from /home/airflow/.local/lib/python3.12/site-packages/airflow/example_dags/example_sla_dag.py
[2025-09-07T00:02:57.743+0000] {processor.py:925} INFO - DAG(s) 'example_sla_dag' retrieved from /home/airflow/.local/lib/python3.12/site-packages/airflow/example_dags/example_sla_dag.py
[2025-09-07T00:02:57.768+0000] {logging_mixin.py:190} INFO - [2025-09-07T00:02:57.767+0000] {dag.py:3239} INFO - Sync 1 DAGs
[2025-09-07T00:02:57.797+0000] {logging_mixin.py:190} INFO - [2025-09-07T00:02:57.797+0000] {dag.py:4180} INFO - Setting next_dagrun for example_sla_dag to 2025-09-07 00:00:00+00:00, run_after=2025-09-07 00:02:00+00:00
[2025-09-07T00:02:57.818+0000] {processor.py:208} INFO - Processing /home/airflow/.local/lib/python3.12/site-packages/airflow/example_dags/example_sla_dag.py took 0.104 seconds
[2025-09-07T00:03:28.495+0000] {processor.py:186} INFO - Started process (PID=4361) to work on /home/airflow/.local/lib/python3.12/site-packages/airflow/example_dags/example_sla_dag.py
[2025-09-07T00:03:28.496+0000] {processor.py:914} INFO - Processing file /home/airflow/.local/lib/python3.12/site-packages/airflow/example_dags/example_sla_dag.py for tasks to queue
[2025-09-07T00:03:28.498+0000] {logging_mixin.py:190} INFO - [2025-09-07T00:03:28.497+0000] {dagbag.py:588} INFO - Filling up the DagBag from /home/airflow/.local/lib/python3.12/site-packages/airflow/example_dags/example_sla_dag.py
[2025-09-07T00:03:28.509+0000] {processor.py:925} INFO - DAG(s) 'example_sla_dag' retrieved from /home/airflow/.local/lib/python3.12/site-packages/airflow/example_dags/example_sla_dag.py
[2025-09-07T00:03:28.534+0000] {logging_mixin.py:190} INFO - [2025-09-07T00:03:28.534+0000] {dag.py:3239} INFO - Sync 1 DAGs
[2025-09-07T00:03:28.571+0000] {logging_mixin.py:190} INFO - [2025-09-07T00:03:28.570+0000] {dag.py:4180} INFO - Setting next_dagrun for example_sla_dag to 2025-09-07 00:00:00+00:00, run_after=2025-09-07 00:02:00+00:00
[2025-09-07T00:03:28.602+0000] {processor.py:208} INFO - Processing /home/airflow/.local/lib/python3.12/site-packages/airflow/example_dags/example_sla_dag.py took 0.116 seconds
[2025-09-07T00:03:58.855+0000] {processor.py:186} INFO - Started process (PID=4427) to work on /home/airflow/.local/lib/python3.12/site-packages/airflow/example_dags/example_sla_dag.py
[2025-09-07T00:03:58.858+0000] {processor.py:914} INFO - Processing file /home/airflow/.local/lib/python3.12/site-packages/airflow/example_dags/example_sla_dag.py for tasks to queue
[2025-09-07T00:03:58.861+0000] {logging_mixin.py:190} INFO - [2025-09-07T00:03:58.860+0000] {dagbag.py:588} INFO - Filling up the DagBag from /home/airflow/.local/lib/python3.12/site-packages/airflow/example_dags/example_sla_dag.py
[2025-09-07T00:03:58.874+0000] {processor.py:925} INFO - DAG(s) 'example_sla_dag' retrieved from /home/airflow/.local/lib/python3.12/site-packages/airflow/example_dags/example_sla_dag.py
[2025-09-07T00:03:58.902+0000] {logging_mixin.py:190} INFO - [2025-09-07T00:03:58.901+0000] {dag.py:3239} INFO - Sync 1 DAGs
[2025-09-07T00:03:58.936+0000] {logging_mixin.py:190} INFO - [2025-09-07T00:03:58.936+0000] {dag.py:4180} INFO - Setting next_dagrun for example_sla_dag to 2025-09-07 00:00:00+00:00, run_after=2025-09-07 00:02:00+00:00
[2025-09-07T00:03:58.959+0000] {processor.py:208} INFO - Processing /home/airflow/.local/lib/python3.12/site-packages/airflow/example_dags/example_sla_dag.py took 0.114 seconds
[2025-09-07T00:04:29.262+0000] {processor.py:186} INFO - Started process (PID=4493) to work on /home/airflow/.local/lib/python3.12/site-packages/airflow/example_dags/example_sla_dag.py
[2025-09-07T00:04:29.265+0000] {processor.py:914} INFO - Processing file /home/airflow/.local/lib/python3.12/site-packages/airflow/example_dags/example_sla_dag.py for tasks to queue
[2025-09-07T00:04:29.271+0000] {logging_mixin.py:190} INFO - [2025-09-07T00:04:29.270+0000] {dagbag.py:588} INFO - Filling up the DagBag from /home/airflow/.local/lib/python3.12/site-packages/airflow/example_dags/example_sla_dag.py
[2025-09-07T00:04:29.308+0000] {processor.py:925} INFO - DAG(s) 'example_sla_dag' retrieved from /home/airflow/.local/lib/python3.12/site-packages/airflow/example_dags/example_sla_dag.py
[2025-09-07T00:04:29.415+0000] {logging_mixin.py:190} INFO - [2025-09-07T00:04:29.415+0000] {dag.py:3239} INFO - Sync 1 DAGs
[2025-09-07T00:04:29.586+0000] {logging_mixin.py:190} INFO - [2025-09-07T00:04:29.584+0000] {dag.py:4180} INFO - Setting next_dagrun for example_sla_dag to 2025-09-07 00:02:00+00:00, run_after=2025-09-07 00:04:00+00:00
[2025-09-07T00:04:29.649+0000] {processor.py:208} INFO - Processing /home/airflow/.local/lib/python3.12/site-packages/airflow/example_dags/example_sla_dag.py took 0.425 seconds
[2025-09-07T00:04:59.737+0000] {processor.py:186} INFO - Started process (PID=4553) to work on /home/airflow/.local/lib/python3.12/site-packages/airflow/example_dags/example_sla_dag.py
[2025-09-07T00:04:59.739+0000] {processor.py:914} INFO - Processing file /home/airflow/.local/lib/python3.12/site-packages/airflow/example_dags/example_sla_dag.py for tasks to queue
[2025-09-07T00:04:59.741+0000] {logging_mixin.py:190} INFO - [2025-09-07T00:04:59.741+0000] {dagbag.py:588} INFO - Filling up the DagBag from /home/airflow/.local/lib/python3.12/site-packages/airflow/example_dags/example_sla_dag.py
[2025-09-07T00:04:59.759+0000] {processor.py:925} INFO - DAG(s) 'example_sla_dag' retrieved from /home/airflow/.local/lib/python3.12/site-packages/airflow/example_dags/example_sla_dag.py
[2025-09-07T00:04:59.788+0000] {logging_mixin.py:190} INFO - [2025-09-07T00:04:59.787+0000] {dag.py:3239} INFO - Sync 1 DAGs
[2025-09-07T00:04:59.824+0000] {logging_mixin.py:190} INFO - [2025-09-07T00:04:59.824+0000] {dag.py:4180} INFO - Setting next_dagrun for example_sla_dag to 2025-09-07 00:02:00+00:00, run_after=2025-09-07 00:04:00+00:00
[2025-09-07T00:04:59.844+0000] {processor.py:208} INFO - Processing /home/airflow/.local/lib/python3.12/site-packages/airflow/example_dags/example_sla_dag.py took 0.116 seconds
[2025-09-07T00:05:30.421+0000] {processor.py:186} INFO - Started process (PID=4619) to work on /home/airflow/.local/lib/python3.12/site-packages/airflow/example_dags/example_sla_dag.py
[2025-09-07T00:05:30.423+0000] {processor.py:914} INFO - Processing file /home/airflow/.local/lib/python3.12/site-packages/airflow/example_dags/example_sla_dag.py for tasks to queue
[2025-09-07T00:05:30.425+0000] {logging_mixin.py:190} INFO - [2025-09-07T00:05:30.425+0000] {dagbag.py:588} INFO - Filling up the DagBag from /home/airflow/.local/lib/python3.12/site-packages/airflow/example_dags/example_sla_dag.py
[2025-09-07T00:05:30.440+0000] {processor.py:925} INFO - DAG(s) 'example_sla_dag' retrieved from /home/airflow/.local/lib/python3.12/site-packages/airflow/example_dags/example_sla_dag.py
[2025-09-07T00:05:30.467+0000] {logging_mixin.py:190} INFO - [2025-09-07T00:05:30.466+0000] {dag.py:3239} INFO - Sync 1 DAGs
[2025-09-07T00:05:30.504+0000] {logging_mixin.py:190} INFO - [2025-09-07T00:05:30.503+0000] {dag.py:4180} INFO - Setting next_dagrun for example_sla_dag to 2025-09-07 00:02:00+00:00, run_after=2025-09-07 00:04:00+00:00
[2025-09-07T00:05:30.527+0000] {processor.py:208} INFO - Processing /home/airflow/.local/lib/python3.12/site-packages/airflow/example_dags/example_sla_dag.py took 0.114 seconds
[2025-09-07T00:06:00.621+0000] {processor.py:186} INFO - Started process (PID=4685) to work on /home/airflow/.local/lib/python3.12/site-packages/airflow/example_dags/example_sla_dag.py
[2025-09-07T00:06:00.623+0000] {processor.py:914} INFO - Processing file /home/airflow/.local/lib/python3.12/site-packages/airflow/example_dags/example_sla_dag.py for tasks to queue
[2025-09-07T00:06:00.625+0000] {logging_mixin.py:190} INFO - [2025-09-07T00:06:00.624+0000] {dagbag.py:588} INFO - Filling up the DagBag from /home/airflow/.local/lib/python3.12/site-packages/airflow/example_dags/example_sla_dag.py
[2025-09-07T00:06:00.643+0000] {processor.py:925} INFO - DAG(s) 'example_sla_dag' retrieved from /home/airflow/.local/lib/python3.12/site-packages/airflow/example_dags/example_sla_dag.py
[2025-09-07T00:06:00.674+0000] {logging_mixin.py:190} INFO - [2025-09-07T00:06:00.674+0000] {dag.py:3239} INFO - Sync 1 DAGs
[2025-09-07T00:06:00.709+0000] {logging_mixin.py:190} INFO - [2025-09-07T00:06:00.709+0000] {dag.py:4180} INFO - Setting next_dagrun for example_sla_dag to 2025-09-07 00:04:00+00:00, run_after=2025-09-07 00:06:00+00:00
[2025-09-07T00:06:00.728+0000] {processor.py:208} INFO - Processing /home/airflow/.local/lib/python3.12/site-packages/airflow/example_dags/example_sla_dag.py took 0.115 seconds
[2025-09-07T00:06:31.244+0000] {processor.py:186} INFO - Started process (PID=4750) to work on /home/airflow/.local/lib/python3.12/site-packages/airflow/example_dags/example_sla_dag.py
[2025-09-07T00:06:31.245+0000] {processor.py:914} INFO - Processing file /home/airflow/.local/lib/python3.12/site-packages/airflow/example_dags/example_sla_dag.py for tasks to queue
[2025-09-07T00:06:31.248+0000] {logging_mixin.py:190} INFO - [2025-09-07T00:06:31.247+0000] {dagbag.py:588} INFO - Filling up the DagBag from /home/airflow/.local/lib/python3.12/site-packages/airflow/example_dags/example_sla_dag.py
[2025-09-07T00:06:31.266+0000] {processor.py:925} INFO - DAG(s) 'example_sla_dag' retrieved from /home/airflow/.local/lib/python3.12/site-packages/airflow/example_dags/example_sla_dag.py
[2025-09-07T00:06:31.300+0000] {logging_mixin.py:190} INFO - [2025-09-07T00:06:31.300+0000] {dag.py:3239} INFO - Sync 1 DAGs
[2025-09-07T00:06:31.341+0000] {logging_mixin.py:190} INFO - [2025-09-07T00:06:31.341+0000] {dag.py:4180} INFO - Setting next_dagrun for example_sla_dag to 2025-09-07 00:04:00+00:00, run_after=2025-09-07 00:06:00+00:00
[2025-09-07T00:06:31.366+0000] {processor.py:208} INFO - Processing /home/airflow/.local/lib/python3.12/site-packages/airflow/example_dags/example_sla_dag.py took 0.131 seconds
[2025-09-07T00:07:01.845+0000] {processor.py:186} INFO - Started process (PID=4809) to work on /home/airflow/.local/lib/python3.12/site-packages/airflow/example_dags/example_sla_dag.py
[2025-09-07T00:07:01.846+0000] {processor.py:914} INFO - Processing file /home/airflow/.local/lib/python3.12/site-packages/airflow/example_dags/example_sla_dag.py for tasks to queue
[2025-09-07T00:07:01.849+0000] {logging_mixin.py:190} INFO - [2025-09-07T00:07:01.849+0000] {dagbag.py:588} INFO - Filling up the DagBag from /home/airflow/.local/lib/python3.12/site-packages/airflow/example_dags/example_sla_dag.py
[2025-09-07T00:07:01.868+0000] {processor.py:925} INFO - DAG(s) 'example_sla_dag' retrieved from /home/airflow/.local/lib/python3.12/site-packages/airflow/example_dags/example_sla_dag.py
[2025-09-07T00:07:01.894+0000] {logging_mixin.py:190} INFO - [2025-09-07T00:07:01.893+0000] {dag.py:3239} INFO - Sync 1 DAGs
[2025-09-07T00:07:01.934+0000] {logging_mixin.py:190} INFO - [2025-09-07T00:07:01.934+0000] {dag.py:4180} INFO - Setting next_dagrun for example_sla_dag to 2025-09-07 00:04:00+00:00, run_after=2025-09-07 00:06:00+00:00
[2025-09-07T00:07:01.962+0000] {processor.py:208} INFO - Processing /home/airflow/.local/lib/python3.12/site-packages/airflow/example_dags/example_sla_dag.py took 0.128 seconds
[2025-09-07T00:07:32.299+0000] {processor.py:186} INFO - Started process (PID=4875) to work on /home/airflow/.local/lib/python3.12/site-packages/airflow/example_dags/example_sla_dag.py
[2025-09-07T00:07:32.300+0000] {processor.py:914} INFO - Processing file /home/airflow/.local/lib/python3.12/site-packages/airflow/example_dags/example_sla_dag.py for tasks to queue
[2025-09-07T00:07:32.303+0000] {logging_mixin.py:190} INFO - [2025-09-07T00:07:32.302+0000] {dagbag.py:588} INFO - Filling up the DagBag from /home/airflow/.local/lib/python3.12/site-packages/airflow/example_dags/example_sla_dag.py
[2025-09-07T00:07:32.318+0000] {processor.py:925} INFO - DAG(s) 'example_sla_dag' retrieved from /home/airflow/.local/lib/python3.12/site-packages/airflow/example_dags/example_sla_dag.py
[2025-09-07T00:07:32.341+0000] {logging_mixin.py:190} INFO - [2025-09-07T00:07:32.340+0000] {dag.py:3239} INFO - Sync 1 DAGs
[2025-09-07T00:07:32.364+0000] {logging_mixin.py:190} INFO - [2025-09-07T00:07:32.364+0000] {dag.py:4180} INFO - Setting next_dagrun for example_sla_dag to 2025-09-07 00:04:00+00:00, run_after=2025-09-07 00:06:00+00:00
[2025-09-07T00:07:32.384+0000] {processor.py:208} INFO - Processing /home/airflow/.local/lib/python3.12/site-packages/airflow/example_dags/example_sla_dag.py took 0.092 seconds
[2025-09-07T00:08:02.884+0000] {processor.py:186} INFO - Started process (PID=4941) to work on /home/airflow/.local/lib/python3.12/site-packages/airflow/example_dags/example_sla_dag.py
[2025-09-07T00:08:02.887+0000] {processor.py:914} INFO - Processing file /home/airflow/.local/lib/python3.12/site-packages/airflow/example_dags/example_sla_dag.py for tasks to queue
[2025-09-07T00:08:02.889+0000] {logging_mixin.py:190} INFO - [2025-09-07T00:08:02.889+0000] {dagbag.py:588} INFO - Filling up the DagBag from /home/airflow/.local/lib/python3.12/site-packages/airflow/example_dags/example_sla_dag.py
[2025-09-07T00:08:02.908+0000] {processor.py:925} INFO - DAG(s) 'example_sla_dag' retrieved from /home/airflow/.local/lib/python3.12/site-packages/airflow/example_dags/example_sla_dag.py
[2025-09-07T00:08:02.931+0000] {logging_mixin.py:190} INFO - [2025-09-07T00:08:02.931+0000] {dag.py:3239} INFO - Sync 1 DAGs
[2025-09-07T00:08:02.962+0000] {logging_mixin.py:190} INFO - [2025-09-07T00:08:02.961+0000] {dag.py:4180} INFO - Setting next_dagrun for example_sla_dag to 2025-09-07 00:06:00+00:00, run_after=2025-09-07 00:08:00+00:00
[2025-09-07T00:08:02.985+0000] {processor.py:208} INFO - Processing /home/airflow/.local/lib/python3.12/site-packages/airflow/example_dags/example_sla_dag.py took 0.110 seconds
[2025-09-07T00:08:33.977+0000] {processor.py:186} INFO - Started process (PID=5007) to work on /home/airflow/.local/lib/python3.12/site-packages/airflow/example_dags/example_sla_dag.py
[2025-09-07T00:08:33.978+0000] {processor.py:914} INFO - Processing file /home/airflow/.local/lib/python3.12/site-packages/airflow/example_dags/example_sla_dag.py for tasks to queue
[2025-09-07T00:08:33.980+0000] {logging_mixin.py:190} INFO - [2025-09-07T00:08:33.979+0000] {dagbag.py:588} INFO - Filling up the DagBag from /home/airflow/.local/lib/python3.12/site-packages/airflow/example_dags/example_sla_dag.py
[2025-09-07T00:08:33.998+0000] {processor.py:925} INFO - DAG(s) 'example_sla_dag' retrieved from /home/airflow/.local/lib/python3.12/site-packages/airflow/example_dags/example_sla_dag.py
[2025-09-07T00:08:34.024+0000] {logging_mixin.py:190} INFO - [2025-09-07T00:08:34.023+0000] {dag.py:3239} INFO - Sync 1 DAGs
[2025-09-07T00:08:34.059+0000] {logging_mixin.py:190} INFO - [2025-09-07T00:08:34.059+0000] {dag.py:4180} INFO - Setting next_dagrun for example_sla_dag to 2025-09-07 00:06:00+00:00, run_after=2025-09-07 00:08:00+00:00
[2025-09-07T00:08:34.081+0000] {processor.py:208} INFO - Processing /home/airflow/.local/lib/python3.12/site-packages/airflow/example_dags/example_sla_dag.py took 0.108 seconds
[2025-09-07T00:09:04.175+0000] {processor.py:186} INFO - Started process (PID=5073) to work on /home/airflow/.local/lib/python3.12/site-packages/airflow/example_dags/example_sla_dag.py
[2025-09-07T00:09:04.176+0000] {processor.py:914} INFO - Processing file /home/airflow/.local/lib/python3.12/site-packages/airflow/example_dags/example_sla_dag.py for tasks to queue
[2025-09-07T00:09:04.178+0000] {logging_mixin.py:190} INFO - [2025-09-07T00:09:04.178+0000] {dagbag.py:588} INFO - Filling up the DagBag from /home/airflow/.local/lib/python3.12/site-packages/airflow/example_dags/example_sla_dag.py
[2025-09-07T00:09:04.195+0000] {processor.py:925} INFO - DAG(s) 'example_sla_dag' retrieved from /home/airflow/.local/lib/python3.12/site-packages/airflow/example_dags/example_sla_dag.py
[2025-09-07T00:09:04.219+0000] {logging_mixin.py:190} INFO - [2025-09-07T00:09:04.218+0000] {dag.py:3239} INFO - Sync 1 DAGs
[2025-09-07T00:09:04.254+0000] {logging_mixin.py:190} INFO - [2025-09-07T00:09:04.254+0000] {dag.py:4180} INFO - Setting next_dagrun for example_sla_dag to 2025-09-07 00:06:00+00:00, run_after=2025-09-07 00:08:00+00:00
[2025-09-07T00:09:04.282+0000] {processor.py:208} INFO - Processing /home/airflow/.local/lib/python3.12/site-packages/airflow/example_dags/example_sla_dag.py took 0.112 seconds
[2025-09-07T00:09:35.067+0000] {processor.py:186} INFO - Started process (PID=5139) to work on /home/airflow/.local/lib/python3.12/site-packages/airflow/example_dags/example_sla_dag.py
[2025-09-07T00:09:35.068+0000] {processor.py:914} INFO - Processing file /home/airflow/.local/lib/python3.12/site-packages/airflow/example_dags/example_sla_dag.py for tasks to queue
[2025-09-07T00:09:35.070+0000] {logging_mixin.py:190} INFO - [2025-09-07T00:09:35.069+0000] {dagbag.py:588} INFO - Filling up the DagBag from /home/airflow/.local/lib/python3.12/site-packages/airflow/example_dags/example_sla_dag.py
[2025-09-07T00:09:35.087+0000] {processor.py:925} INFO - DAG(s) 'example_sla_dag' retrieved from /home/airflow/.local/lib/python3.12/site-packages/airflow/example_dags/example_sla_dag.py
[2025-09-07T00:09:35.111+0000] {logging_mixin.py:190} INFO - [2025-09-07T00:09:35.111+0000] {dag.py:3239} INFO - Sync 1 DAGs
[2025-09-07T00:09:35.142+0000] {logging_mixin.py:190} INFO - [2025-09-07T00:09:35.142+0000] {dag.py:4180} INFO - Setting next_dagrun for example_sla_dag to 2025-09-07 00:06:00+00:00, run_after=2025-09-07 00:08:00+00:00
[2025-09-07T00:09:35.164+0000] {processor.py:208} INFO - Processing /home/airflow/.local/lib/python3.12/site-packages/airflow/example_dags/example_sla_dag.py took 0.107 seconds
[2025-09-07T00:10:05.343+0000] {processor.py:186} INFO - Started process (PID=5205) to work on /home/airflow/.local/lib/python3.12/site-packages/airflow/example_dags/example_sla_dag.py
[2025-09-07T00:10:05.345+0000] {processor.py:914} INFO - Processing file /home/airflow/.local/lib/python3.12/site-packages/airflow/example_dags/example_sla_dag.py for tasks to queue
[2025-09-07T00:10:05.347+0000] {logging_mixin.py:190} INFO - [2025-09-07T00:10:05.346+0000] {dagbag.py:588} INFO - Filling up the DagBag from /home/airflow/.local/lib/python3.12/site-packages/airflow/example_dags/example_sla_dag.py
[2025-09-07T00:10:05.365+0000] {processor.py:925} INFO - DAG(s) 'example_sla_dag' retrieved from /home/airflow/.local/lib/python3.12/site-packages/airflow/example_dags/example_sla_dag.py
[2025-09-07T00:10:05.390+0000] {logging_mixin.py:190} INFO - [2025-09-07T00:10:05.390+0000] {dag.py:3239} INFO - Sync 1 DAGs
[2025-09-07T00:10:05.422+0000] {logging_mixin.py:190} INFO - [2025-09-07T00:10:05.422+0000] {dag.py:4180} INFO - Setting next_dagrun for example_sla_dag to 2025-09-07 00:08:00+00:00, run_after=2025-09-07 00:10:00+00:00
[2025-09-07T00:10:05.448+0000] {processor.py:208} INFO - Processing /home/airflow/.local/lib/python3.12/site-packages/airflow/example_dags/example_sla_dag.py took 0.114 seconds
[2025-09-07T00:10:36.050+0000] {processor.py:186} INFO - Started process (PID=5271) to work on /home/airflow/.local/lib/python3.12/site-packages/airflow/example_dags/example_sla_dag.py
[2025-09-07T00:10:36.051+0000] {processor.py:914} INFO - Processing file /home/airflow/.local/lib/python3.12/site-packages/airflow/example_dags/example_sla_dag.py for tasks to queue
[2025-09-07T00:10:36.052+0000] {logging_mixin.py:190} INFO - [2025-09-07T00:10:36.052+0000] {dagbag.py:588} INFO - Filling up the DagBag from /home/airflow/.local/lib/python3.12/site-packages/airflow/example_dags/example_sla_dag.py
[2025-09-07T00:10:36.068+0000] {processor.py:925} INFO - DAG(s) 'example_sla_dag' retrieved from /home/airflow/.local/lib/python3.12/site-packages/airflow/example_dags/example_sla_dag.py
[2025-09-07T00:10:36.092+0000] {logging_mixin.py:190} INFO - [2025-09-07T00:10:36.092+0000] {dag.py:3239} INFO - Sync 1 DAGs
[2025-09-07T00:10:36.127+0000] {logging_mixin.py:190} INFO - [2025-09-07T00:10:36.127+0000] {dag.py:4180} INFO - Setting next_dagrun for example_sla_dag to 2025-09-07 00:08:00+00:00, run_after=2025-09-07 00:10:00+00:00
[2025-09-07T00:10:36.153+0000] {processor.py:208} INFO - Processing /home/airflow/.local/lib/python3.12/site-packages/airflow/example_dags/example_sla_dag.py took 0.111 seconds
[2025-09-07T00:11:06.263+0000] {processor.py:186} INFO - Started process (PID=5337) to work on /home/airflow/.local/lib/python3.12/site-packages/airflow/example_dags/example_sla_dag.py
[2025-09-07T00:11:06.264+0000] {processor.py:914} INFO - Processing file /home/airflow/.local/lib/python3.12/site-packages/airflow/example_dags/example_sla_dag.py for tasks to queue
[2025-09-07T00:11:06.267+0000] {logging_mixin.py:190} INFO - [2025-09-07T00:11:06.266+0000] {dagbag.py:588} INFO - Filling up the DagBag from /home/airflow/.local/lib/python3.12/site-packages/airflow/example_dags/example_sla_dag.py
[2025-09-07T00:11:06.282+0000] {processor.py:925} INFO - DAG(s) 'example_sla_dag' retrieved from /home/airflow/.local/lib/python3.12/site-packages/airflow/example_dags/example_sla_dag.py
[2025-09-07T00:11:06.306+0000] {logging_mixin.py:190} INFO - [2025-09-07T00:11:06.306+0000] {dag.py:3239} INFO - Sync 1 DAGs
[2025-09-07T00:11:06.338+0000] {logging_mixin.py:190} INFO - [2025-09-07T00:11:06.337+0000] {dag.py:4180} INFO - Setting next_dagrun for example_sla_dag to 2025-09-07 00:08:00+00:00, run_after=2025-09-07 00:10:00+00:00
[2025-09-07T00:11:06.359+0000] {processor.py:208} INFO - Processing /home/airflow/.local/lib/python3.12/site-packages/airflow/example_dags/example_sla_dag.py took 0.101 seconds
[2025-09-07T00:11:36.985+0000] {processor.py:186} INFO - Started process (PID=5403) to work on /home/airflow/.local/lib/python3.12/site-packages/airflow/example_dags/example_sla_dag.py
[2025-09-07T00:11:36.986+0000] {processor.py:914} INFO - Processing file /home/airflow/.local/lib/python3.12/site-packages/airflow/example_dags/example_sla_dag.py for tasks to queue
[2025-09-07T00:11:36.992+0000] {logging_mixin.py:190} INFO - [2025-09-07T00:11:36.991+0000] {dagbag.py:588} INFO - Filling up the DagBag from /home/airflow/.local/lib/python3.12/site-packages/airflow/example_dags/example_sla_dag.py
[2025-09-07T00:11:37.008+0000] {processor.py:925} INFO - DAG(s) 'example_sla_dag' retrieved from /home/airflow/.local/lib/python3.12/site-packages/airflow/example_dags/example_sla_dag.py
[2025-09-07T00:11:37.035+0000] {logging_mixin.py:190} INFO - [2025-09-07T00:11:37.035+0000] {dag.py:3239} INFO - Sync 1 DAGs
[2025-09-07T00:11:37.067+0000] {logging_mixin.py:190} INFO - [2025-09-07T00:11:37.067+0000] {dag.py:4180} INFO - Setting next_dagrun for example_sla_dag to 2025-09-07 00:08:00+00:00, run_after=2025-09-07 00:10:00+00:00
[2025-09-07T00:11:37.091+0000] {processor.py:208} INFO - Processing /home/airflow/.local/lib/python3.12/site-packages/airflow/example_dags/example_sla_dag.py took 0.111 seconds
[2025-09-07T00:12:07.136+0000] {processor.py:186} INFO - Started process (PID=5469) to work on /home/airflow/.local/lib/python3.12/site-packages/airflow/example_dags/example_sla_dag.py
[2025-09-07T00:12:07.138+0000] {processor.py:914} INFO - Processing file /home/airflow/.local/lib/python3.12/site-packages/airflow/example_dags/example_sla_dag.py for tasks to queue
[2025-09-07T00:12:07.140+0000] {logging_mixin.py:190} INFO - [2025-09-07T00:12:07.139+0000] {dagbag.py:588} INFO - Filling up the DagBag from /home/airflow/.local/lib/python3.12/site-packages/airflow/example_dags/example_sla_dag.py
[2025-09-07T00:12:07.152+0000] {processor.py:925} INFO - DAG(s) 'example_sla_dag' retrieved from /home/airflow/.local/lib/python3.12/site-packages/airflow/example_dags/example_sla_dag.py
[2025-09-07T00:12:07.180+0000] {logging_mixin.py:190} INFO - [2025-09-07T00:12:07.180+0000] {dag.py:3239} INFO - Sync 1 DAGs
[2025-09-07T00:12:07.204+0000] {logging_mixin.py:190} INFO - [2025-09-07T00:12:07.204+0000] {dag.py:4180} INFO - Setting next_dagrun for example_sla_dag to 2025-09-07 00:10:00+00:00, run_after=2025-09-07 00:12:00+00:00
[2025-09-07T00:12:07.223+0000] {processor.py:208} INFO - Processing /home/airflow/.local/lib/python3.12/site-packages/airflow/example_dags/example_sla_dag.py took 0.094 seconds
[2025-09-07T00:12:37.267+0000] {processor.py:186} INFO - Started process (PID=5534) to work on /home/airflow/.local/lib/python3.12/site-packages/airflow/example_dags/example_sla_dag.py
[2025-09-07T00:12:37.269+0000] {processor.py:914} INFO - Processing file /home/airflow/.local/lib/python3.12/site-packages/airflow/example_dags/example_sla_dag.py for tasks to queue
[2025-09-07T00:12:37.270+0000] {logging_mixin.py:190} INFO - [2025-09-07T00:12:37.270+0000] {dagbag.py:588} INFO - Filling up the DagBag from /home/airflow/.local/lib/python3.12/site-packages/airflow/example_dags/example_sla_dag.py
[2025-09-07T00:12:37.280+0000] {processor.py:925} INFO - DAG(s) 'example_sla_dag' retrieved from /home/airflow/.local/lib/python3.12/site-packages/airflow/example_dags/example_sla_dag.py
[2025-09-07T00:12:37.300+0000] {logging_mixin.py:190} INFO - [2025-09-07T00:12:37.300+0000] {dag.py:3239} INFO - Sync 1 DAGs
[2025-09-07T00:12:37.327+0000] {logging_mixin.py:190} INFO - [2025-09-07T00:12:37.326+0000] {dag.py:4180} INFO - Setting next_dagrun for example_sla_dag to 2025-09-07 00:10:00+00:00, run_after=2025-09-07 00:12:00+00:00
[2025-09-07T00:12:37.347+0000] {processor.py:208} INFO - Processing /home/airflow/.local/lib/python3.12/site-packages/airflow/example_dags/example_sla_dag.py took 0.088 seconds
[2025-09-07T00:13:07.987+0000] {processor.py:186} INFO - Started process (PID=5600) to work on /home/airflow/.local/lib/python3.12/site-packages/airflow/example_dags/example_sla_dag.py
[2025-09-07T00:13:07.988+0000] {processor.py:914} INFO - Processing file /home/airflow/.local/lib/python3.12/site-packages/airflow/example_dags/example_sla_dag.py for tasks to queue
[2025-09-07T00:13:07.991+0000] {logging_mixin.py:190} INFO - [2025-09-07T00:13:07.990+0000] {dagbag.py:588} INFO - Filling up the DagBag from /home/airflow/.local/lib/python3.12/site-packages/airflow/example_dags/example_sla_dag.py
[2025-09-07T00:13:08.010+0000] {processor.py:925} INFO - DAG(s) 'example_sla_dag' retrieved from /home/airflow/.local/lib/python3.12/site-packages/airflow/example_dags/example_sla_dag.py
[2025-09-07T00:13:08.042+0000] {logging_mixin.py:190} INFO - [2025-09-07T00:13:08.042+0000] {dag.py:3239} INFO - Sync 1 DAGs
[2025-09-07T00:13:08.277+0000] {logging_mixin.py:190} INFO - [2025-09-07T00:13:08.276+0000] {dag.py:4180} INFO - Setting next_dagrun for example_sla_dag to 2025-09-07 00:10:00+00:00, run_after=2025-09-07 00:12:00+00:00
[2025-09-07T00:13:08.300+0000] {processor.py:208} INFO - Processing /home/airflow/.local/lib/python3.12/site-packages/airflow/example_dags/example_sla_dag.py took 0.323 seconds
[2025-09-07T00:13:38.830+0000] {processor.py:186} INFO - Started process (PID=5666) to work on /home/airflow/.local/lib/python3.12/site-packages/airflow/example_dags/example_sla_dag.py
[2025-09-07T00:13:38.833+0000] {processor.py:914} INFO - Processing file /home/airflow/.local/lib/python3.12/site-packages/airflow/example_dags/example_sla_dag.py for tasks to queue
[2025-09-07T00:13:38.835+0000] {logging_mixin.py:190} INFO - [2025-09-07T00:13:38.835+0000] {dagbag.py:588} INFO - Filling up the DagBag from /home/airflow/.local/lib/python3.12/site-packages/airflow/example_dags/example_sla_dag.py
[2025-09-07T00:13:38.847+0000] {processor.py:925} INFO - DAG(s) 'example_sla_dag' retrieved from /home/airflow/.local/lib/python3.12/site-packages/airflow/example_dags/example_sla_dag.py
[2025-09-07T00:13:38.869+0000] {logging_mixin.py:190} INFO - [2025-09-07T00:13:38.869+0000] {dag.py:3239} INFO - Sync 1 DAGs
[2025-09-07T00:13:38.906+0000] {logging_mixin.py:190} INFO - [2025-09-07T00:13:38.905+0000] {dag.py:4180} INFO - Setting next_dagrun for example_sla_dag to 2025-09-07 00:10:00+00:00, run_after=2025-09-07 00:12:00+00:00
[2025-09-07T00:13:39.084+0000] {processor.py:208} INFO - Processing /home/airflow/.local/lib/python3.12/site-packages/airflow/example_dags/example_sla_dag.py took 0.262 seconds
[2025-09-07T00:14:09.645+0000] {processor.py:186} INFO - Started process (PID=5732) to work on /home/airflow/.local/lib/python3.12/site-packages/airflow/example_dags/example_sla_dag.py
[2025-09-07T00:14:09.647+0000] {processor.py:914} INFO - Processing file /home/airflow/.local/lib/python3.12/site-packages/airflow/example_dags/example_sla_dag.py for tasks to queue
[2025-09-07T00:14:09.649+0000] {logging_mixin.py:190} INFO - [2025-09-07T00:14:09.648+0000] {dagbag.py:588} INFO - Filling up the DagBag from /home/airflow/.local/lib/python3.12/site-packages/airflow/example_dags/example_sla_dag.py
[2025-09-07T00:14:09.667+0000] {processor.py:925} INFO - DAG(s) 'example_sla_dag' retrieved from /home/airflow/.local/lib/python3.12/site-packages/airflow/example_dags/example_sla_dag.py
[2025-09-07T00:14:09.692+0000] {logging_mixin.py:190} INFO - [2025-09-07T00:14:09.692+0000] {dag.py:3239} INFO - Sync 1 DAGs
[2025-09-07T00:14:09.735+0000] {logging_mixin.py:190} INFO - [2025-09-07T00:14:09.735+0000] {dag.py:4180} INFO - Setting next_dagrun for example_sla_dag to 2025-09-07 00:12:00+00:00, run_after=2025-09-07 00:14:00+00:00
[2025-09-07T00:14:09.761+0000] {processor.py:208} INFO - Processing /home/airflow/.local/lib/python3.12/site-packages/airflow/example_dags/example_sla_dag.py took 0.126 seconds
[2025-09-07T00:14:40.446+0000] {processor.py:186} INFO - Started process (PID=5798) to work on /home/airflow/.local/lib/python3.12/site-packages/airflow/example_dags/example_sla_dag.py
[2025-09-07T00:14:40.451+0000] {processor.py:914} INFO - Processing file /home/airflow/.local/lib/python3.12/site-packages/airflow/example_dags/example_sla_dag.py for tasks to queue
[2025-09-07T00:14:40.453+0000] {logging_mixin.py:190} INFO - [2025-09-07T00:14:40.453+0000] {dagbag.py:588} INFO - Filling up the DagBag from /home/airflow/.local/lib/python3.12/site-packages/airflow/example_dags/example_sla_dag.py
[2025-09-07T00:14:40.464+0000] {processor.py:925} INFO - DAG(s) 'example_sla_dag' retrieved from /home/airflow/.local/lib/python3.12/site-packages/airflow/example_dags/example_sla_dag.py
[2025-09-07T00:14:40.492+0000] {logging_mixin.py:190} INFO - [2025-09-07T00:14:40.492+0000] {dag.py:3239} INFO - Sync 1 DAGs
[2025-09-07T00:14:40.526+0000] {logging_mixin.py:190} INFO - [2025-09-07T00:14:40.525+0000] {dag.py:4180} INFO - Setting next_dagrun for example_sla_dag to 2025-09-07 00:12:00+00:00, run_after=2025-09-07 00:14:00+00:00
[2025-09-07T00:14:40.549+0000] {processor.py:208} INFO - Processing /home/airflow/.local/lib/python3.12/site-packages/airflow/example_dags/example_sla_dag.py took 0.110 seconds
[2025-09-07T00:15:11.135+0000] {processor.py:186} INFO - Started process (PID=5863) to work on /home/airflow/.local/lib/python3.12/site-packages/airflow/example_dags/example_sla_dag.py
[2025-09-07T00:15:11.139+0000] {processor.py:914} INFO - Processing file /home/airflow/.local/lib/python3.12/site-packages/airflow/example_dags/example_sla_dag.py for tasks to queue
[2025-09-07T00:15:11.142+0000] {logging_mixin.py:190} INFO - [2025-09-07T00:15:11.141+0000] {dagbag.py:588} INFO - Filling up the DagBag from /home/airflow/.local/lib/python3.12/site-packages/airflow/example_dags/example_sla_dag.py
[2025-09-07T00:15:11.158+0000] {processor.py:925} INFO - DAG(s) 'example_sla_dag' retrieved from /home/airflow/.local/lib/python3.12/site-packages/airflow/example_dags/example_sla_dag.py
[2025-09-07T00:15:11.365+0000] {logging_mixin.py:190} INFO - [2025-09-07T00:15:11.364+0000] {dag.py:3239} INFO - Sync 1 DAGs
[2025-09-07T00:15:11.397+0000] {logging_mixin.py:190} INFO - [2025-09-07T00:15:11.396+0000] {dag.py:4180} INFO - Setting next_dagrun for example_sla_dag to 2025-09-07 00:12:00+00:00, run_after=2025-09-07 00:14:00+00:00
[2025-09-07T00:15:11.420+0000] {processor.py:208} INFO - Processing /home/airflow/.local/lib/python3.12/site-packages/airflow/example_dags/example_sla_dag.py took 0.296 seconds
[2025-09-07T00:15:42.209+0000] {processor.py:186} INFO - Started process (PID=5922) to work on /home/airflow/.local/lib/python3.12/site-packages/airflow/example_dags/example_sla_dag.py
[2025-09-07T00:15:42.210+0000] {processor.py:914} INFO - Processing file /home/airflow/.local/lib/python3.12/site-packages/airflow/example_dags/example_sla_dag.py for tasks to queue
[2025-09-07T00:15:42.212+0000] {logging_mixin.py:190} INFO - [2025-09-07T00:15:42.211+0000] {dagbag.py:588} INFO - Filling up the DagBag from /home/airflow/.local/lib/python3.12/site-packages/airflow/example_dags/example_sla_dag.py
[2025-09-07T00:15:42.229+0000] {processor.py:925} INFO - DAG(s) 'example_sla_dag' retrieved from /home/airflow/.local/lib/python3.12/site-packages/airflow/example_dags/example_sla_dag.py
[2025-09-07T00:15:42.256+0000] {logging_mixin.py:190} INFO - [2025-09-07T00:15:42.256+0000] {dag.py:3239} INFO - Sync 1 DAGs
[2025-09-07T00:15:42.291+0000] {logging_mixin.py:190} INFO - [2025-09-07T00:15:42.291+0000] {dag.py:4180} INFO - Setting next_dagrun for example_sla_dag to 2025-09-07 00:12:00+00:00, run_after=2025-09-07 00:14:00+00:00
[2025-09-07T00:15:42.310+0000] {processor.py:208} INFO - Processing /home/airflow/.local/lib/python3.12/site-packages/airflow/example_dags/example_sla_dag.py took 0.110 seconds
[2025-09-07T00:16:12.880+0000] {processor.py:186} INFO - Started process (PID=5988) to work on /home/airflow/.local/lib/python3.12/site-packages/airflow/example_dags/example_sla_dag.py
[2025-09-07T00:16:12.881+0000] {processor.py:914} INFO - Processing file /home/airflow/.local/lib/python3.12/site-packages/airflow/example_dags/example_sla_dag.py for tasks to queue
[2025-09-07T00:16:12.884+0000] {logging_mixin.py:190} INFO - [2025-09-07T00:16:12.883+0000] {dagbag.py:588} INFO - Filling up the DagBag from /home/airflow/.local/lib/python3.12/site-packages/airflow/example_dags/example_sla_dag.py
[2025-09-07T00:16:12.903+0000] {processor.py:925} INFO - DAG(s) 'example_sla_dag' retrieved from /home/airflow/.local/lib/python3.12/site-packages/airflow/example_dags/example_sla_dag.py
[2025-09-07T00:16:12.925+0000] {logging_mixin.py:190} INFO - [2025-09-07T00:16:12.925+0000] {dag.py:3239} INFO - Sync 1 DAGs
[2025-09-07T00:16:12.956+0000] {logging_mixin.py:190} INFO - [2025-09-07T00:16:12.955+0000] {dag.py:4180} INFO - Setting next_dagrun for example_sla_dag to 2025-09-07 00:14:00+00:00, run_after=2025-09-07 00:16:00+00:00
[2025-09-07T00:16:12.974+0000] {processor.py:208} INFO - Processing /home/airflow/.local/lib/python3.12/site-packages/airflow/example_dags/example_sla_dag.py took 0.103 seconds
[2025-09-07T00:16:43.470+0000] {processor.py:186} INFO - Started process (PID=6053) to work on /home/airflow/.local/lib/python3.12/site-packages/airflow/example_dags/example_sla_dag.py
[2025-09-07T00:16:43.472+0000] {processor.py:914} INFO - Processing file /home/airflow/.local/lib/python3.12/site-packages/airflow/example_dags/example_sla_dag.py for tasks to queue
[2025-09-07T00:16:43.474+0000] {logging_mixin.py:190} INFO - [2025-09-07T00:16:43.473+0000] {dagbag.py:588} INFO - Filling up the DagBag from /home/airflow/.local/lib/python3.12/site-packages/airflow/example_dags/example_sla_dag.py
[2025-09-07T00:16:43.491+0000] {processor.py:925} INFO - DAG(s) 'example_sla_dag' retrieved from /home/airflow/.local/lib/python3.12/site-packages/airflow/example_dags/example_sla_dag.py
[2025-09-07T00:16:43.519+0000] {logging_mixin.py:190} INFO - [2025-09-07T00:16:43.518+0000] {dag.py:3239} INFO - Sync 1 DAGs
[2025-09-07T00:16:43.549+0000] {logging_mixin.py:190} INFO - [2025-09-07T00:16:43.549+0000] {dag.py:4180} INFO - Setting next_dagrun for example_sla_dag to 2025-09-07 00:14:00+00:00, run_after=2025-09-07 00:16:00+00:00
[2025-09-07T00:16:43.572+0000] {processor.py:208} INFO - Processing /home/airflow/.local/lib/python3.12/site-packages/airflow/example_dags/example_sla_dag.py took 0.111 seconds
[2025-09-07T00:17:14.133+0000] {processor.py:186} INFO - Started process (PID=6119) to work on /home/airflow/.local/lib/python3.12/site-packages/airflow/example_dags/example_sla_dag.py
[2025-09-07T00:17:14.135+0000] {processor.py:914} INFO - Processing file /home/airflow/.local/lib/python3.12/site-packages/airflow/example_dags/example_sla_dag.py for tasks to queue
[2025-09-07T00:17:14.137+0000] {logging_mixin.py:190} INFO - [2025-09-07T00:17:14.137+0000] {dagbag.py:588} INFO - Filling up the DagBag from /home/airflow/.local/lib/python3.12/site-packages/airflow/example_dags/example_sla_dag.py
[2025-09-07T00:17:14.149+0000] {processor.py:925} INFO - DAG(s) 'example_sla_dag' retrieved from /home/airflow/.local/lib/python3.12/site-packages/airflow/example_dags/example_sla_dag.py
[2025-09-07T00:17:14.174+0000] {logging_mixin.py:190} INFO - [2025-09-07T00:17:14.173+0000] {dag.py:3239} INFO - Sync 1 DAGs
[2025-09-07T00:17:14.201+0000] {logging_mixin.py:190} INFO - [2025-09-07T00:17:14.200+0000] {dag.py:4180} INFO - Setting next_dagrun for example_sla_dag to 2025-09-07 00:14:00+00:00, run_after=2025-09-07 00:16:00+00:00
[2025-09-07T00:17:14.226+0000] {processor.py:208} INFO - Processing /home/airflow/.local/lib/python3.12/site-packages/airflow/example_dags/example_sla_dag.py took 0.103 seconds
[2025-09-07T00:17:44.864+0000] {processor.py:186} INFO - Started process (PID=6185) to work on /home/airflow/.local/lib/python3.12/site-packages/airflow/example_dags/example_sla_dag.py
[2025-09-07T00:17:44.865+0000] {processor.py:914} INFO - Processing file /home/airflow/.local/lib/python3.12/site-packages/airflow/example_dags/example_sla_dag.py for tasks to queue
[2025-09-07T00:17:44.867+0000] {logging_mixin.py:190} INFO - [2025-09-07T00:17:44.867+0000] {dagbag.py:588} INFO - Filling up the DagBag from /home/airflow/.local/lib/python3.12/site-packages/airflow/example_dags/example_sla_dag.py
[2025-09-07T00:17:44.886+0000] {processor.py:925} INFO - DAG(s) 'example_sla_dag' retrieved from /home/airflow/.local/lib/python3.12/site-packages/airflow/example_dags/example_sla_dag.py
[2025-09-07T00:17:44.914+0000] {logging_mixin.py:190} INFO - [2025-09-07T00:17:44.914+0000] {dag.py:3239} INFO - Sync 1 DAGs
[2025-09-07T00:17:44.948+0000] {logging_mixin.py:190} INFO - [2025-09-07T00:17:44.947+0000] {dag.py:4180} INFO - Setting next_dagrun for example_sla_dag to 2025-09-07 00:14:00+00:00, run_after=2025-09-07 00:16:00+00:00
[2025-09-07T00:17:44.966+0000] {processor.py:208} INFO - Processing /home/airflow/.local/lib/python3.12/site-packages/airflow/example_dags/example_sla_dag.py took 0.113 seconds
[2025-09-07T00:18:15.579+0000] {processor.py:186} INFO - Started process (PID=6251) to work on /home/airflow/.local/lib/python3.12/site-packages/airflow/example_dags/example_sla_dag.py
[2025-09-07T00:18:15.581+0000] {processor.py:914} INFO - Processing file /home/airflow/.local/lib/python3.12/site-packages/airflow/example_dags/example_sla_dag.py for tasks to queue
[2025-09-07T00:18:15.583+0000] {logging_mixin.py:190} INFO - [2025-09-07T00:18:15.583+0000] {dagbag.py:588} INFO - Filling up the DagBag from /home/airflow/.local/lib/python3.12/site-packages/airflow/example_dags/example_sla_dag.py
[2025-09-07T00:18:15.600+0000] {processor.py:925} INFO - DAG(s) 'example_sla_dag' retrieved from /home/airflow/.local/lib/python3.12/site-packages/airflow/example_dags/example_sla_dag.py
[2025-09-07T00:18:15.625+0000] {logging_mixin.py:190} INFO - [2025-09-07T00:18:15.625+0000] {dag.py:3239} INFO - Sync 1 DAGs
[2025-09-07T00:18:15.648+0000] {logging_mixin.py:190} INFO - [2025-09-07T00:18:15.647+0000] {dag.py:4180} INFO - Setting next_dagrun for example_sla_dag to 2025-09-07 00:16:00+00:00, run_after=2025-09-07 00:18:00+00:00
[2025-09-07T00:18:15.673+0000] {processor.py:208} INFO - Processing /home/airflow/.local/lib/python3.12/site-packages/airflow/example_dags/example_sla_dag.py took 0.099 seconds
[2025-09-07T00:18:46.467+0000] {processor.py:186} INFO - Started process (PID=6317) to work on /home/airflow/.local/lib/python3.12/site-packages/airflow/example_dags/example_sla_dag.py
[2025-09-07T00:18:46.468+0000] {processor.py:914} INFO - Processing file /home/airflow/.local/lib/python3.12/site-packages/airflow/example_dags/example_sla_dag.py for tasks to queue
[2025-09-07T00:18:46.471+0000] {logging_mixin.py:190} INFO - [2025-09-07T00:18:46.470+0000] {dagbag.py:588} INFO - Filling up the DagBag from /home/airflow/.local/lib/python3.12/site-packages/airflow/example_dags/example_sla_dag.py
[2025-09-07T00:18:46.488+0000] {processor.py:925} INFO - DAG(s) 'example_sla_dag' retrieved from /home/airflow/.local/lib/python3.12/site-packages/airflow/example_dags/example_sla_dag.py
[2025-09-07T00:18:46.512+0000] {logging_mixin.py:190} INFO - [2025-09-07T00:18:46.511+0000] {dag.py:3239} INFO - Sync 1 DAGs
[2025-09-07T00:18:46.548+0000] {logging_mixin.py:190} INFO - [2025-09-07T00:18:46.547+0000] {dag.py:4180} INFO - Setting next_dagrun for example_sla_dag to 2025-09-07 00:16:00+00:00, run_after=2025-09-07 00:18:00+00:00
[2025-09-07T00:18:46.565+0000] {processor.py:208} INFO - Processing /home/airflow/.local/lib/python3.12/site-packages/airflow/example_dags/example_sla_dag.py took 0.107 seconds
[2025-09-07T00:19:17.005+0000] {processor.py:186} INFO - Started process (PID=6382) to work on /home/airflow/.local/lib/python3.12/site-packages/airflow/example_dags/example_sla_dag.py
[2025-09-07T00:19:17.007+0000] {processor.py:914} INFO - Processing file /home/airflow/.local/lib/python3.12/site-packages/airflow/example_dags/example_sla_dag.py for tasks to queue
[2025-09-07T00:19:17.009+0000] {logging_mixin.py:190} INFO - [2025-09-07T00:19:17.008+0000] {dagbag.py:588} INFO - Filling up the DagBag from /home/airflow/.local/lib/python3.12/site-packages/airflow/example_dags/example_sla_dag.py
[2025-09-07T00:19:17.027+0000] {processor.py:925} INFO - DAG(s) 'example_sla_dag' retrieved from /home/airflow/.local/lib/python3.12/site-packages/airflow/example_dags/example_sla_dag.py
[2025-09-07T00:19:17.053+0000] {logging_mixin.py:190} INFO - [2025-09-07T00:19:17.053+0000] {dag.py:3239} INFO - Sync 1 DAGs
[2025-09-07T00:19:17.085+0000] {logging_mixin.py:190} INFO - [2025-09-07T00:19:17.085+0000] {dag.py:4180} INFO - Setting next_dagrun for example_sla_dag to 2025-09-07 00:16:00+00:00, run_after=2025-09-07 00:18:00+00:00
[2025-09-07T00:19:17.109+0000] {processor.py:208} INFO - Processing /home/airflow/.local/lib/python3.12/site-packages/airflow/example_dags/example_sla_dag.py took 0.113 seconds
[2025-09-07T00:19:47.839+0000] {processor.py:186} INFO - Started process (PID=6448) to work on /home/airflow/.local/lib/python3.12/site-packages/airflow/example_dags/example_sla_dag.py
[2025-09-07T00:19:47.843+0000] {processor.py:914} INFO - Processing file /home/airflow/.local/lib/python3.12/site-packages/airflow/example_dags/example_sla_dag.py for tasks to queue
[2025-09-07T00:19:47.846+0000] {logging_mixin.py:190} INFO - [2025-09-07T00:19:47.845+0000] {dagbag.py:588} INFO - Filling up the DagBag from /home/airflow/.local/lib/python3.12/site-packages/airflow/example_dags/example_sla_dag.py
[2025-09-07T00:19:47.863+0000] {processor.py:925} INFO - DAG(s) 'example_sla_dag' retrieved from /home/airflow/.local/lib/python3.12/site-packages/airflow/example_dags/example_sla_dag.py
[2025-09-07T00:19:47.886+0000] {logging_mixin.py:190} INFO - [2025-09-07T00:19:47.885+0000] {dag.py:3239} INFO - Sync 1 DAGs
[2025-09-07T00:19:47.919+0000] {logging_mixin.py:190} INFO - [2025-09-07T00:19:47.919+0000] {dag.py:4180} INFO - Setting next_dagrun for example_sla_dag to 2025-09-07 00:16:00+00:00, run_after=2025-09-07 00:18:00+00:00
[2025-09-07T00:19:47.945+0000] {processor.py:208} INFO - Processing /home/airflow/.local/lib/python3.12/site-packages/airflow/example_dags/example_sla_dag.py took 0.115 seconds
[2025-09-07T00:20:18.546+0000] {processor.py:186} INFO - Started process (PID=6514) to work on /home/airflow/.local/lib/python3.12/site-packages/airflow/example_dags/example_sla_dag.py
[2025-09-07T00:20:18.548+0000] {processor.py:914} INFO - Processing file /home/airflow/.local/lib/python3.12/site-packages/airflow/example_dags/example_sla_dag.py for tasks to queue
[2025-09-07T00:20:18.550+0000] {logging_mixin.py:190} INFO - [2025-09-07T00:20:18.550+0000] {dagbag.py:588} INFO - Filling up the DagBag from /home/airflow/.local/lib/python3.12/site-packages/airflow/example_dags/example_sla_dag.py
[2025-09-07T00:20:18.564+0000] {processor.py:925} INFO - DAG(s) 'example_sla_dag' retrieved from /home/airflow/.local/lib/python3.12/site-packages/airflow/example_dags/example_sla_dag.py
[2025-09-07T00:20:18.583+0000] {logging_mixin.py:190} INFO - [2025-09-07T00:20:18.583+0000] {dag.py:3239} INFO - Sync 1 DAGs
[2025-09-07T00:20:18.606+0000] {logging_mixin.py:190} INFO - [2025-09-07T00:20:18.606+0000] {dag.py:4180} INFO - Setting next_dagrun for example_sla_dag to 2025-09-07 00:18:00+00:00, run_after=2025-09-07 00:20:00+00:00
[2025-09-07T00:20:18.628+0000] {processor.py:208} INFO - Processing /home/airflow/.local/lib/python3.12/site-packages/airflow/example_dags/example_sla_dag.py took 0.089 seconds
