[2025-09-07T00:00:26.764+0000] {processor.py:186} INFO - Started process (PID=3984) to work on /home/airflow/.local/lib/python3.12/site-packages/airflow/example_dags/example_python_decorator.py
[2025-09-07T00:00:26.766+0000] {processor.py:914} INFO - Processing file /home/airflow/.local/lib/python3.12/site-packages/airflow/example_dags/example_python_decorator.py for tasks to queue
[2025-09-07T00:00:26.768+0000] {logging_mixin.py:190} INFO - [2025-09-07T00:00:26.767+0000] {dagbag.py:588} INFO - Filling up the DagBag from /home/airflow/.local/lib/python3.12/site-packages/airflow/example_dags/example_python_decorator.py
[2025-09-07T00:00:26.786+0000] {processor.py:925} INFO - DAG(s) 'example_python_decorator' retrieved from /home/airflow/.local/lib/python3.12/site-packages/airflow/example_dags/example_python_decorator.py
[2025-09-07T00:00:26.816+0000] {logging_mixin.py:190} INFO - [2025-09-07T00:00:26.816+0000] {dag.py:3239} INFO - Sync 1 DAGs
[2025-09-07T00:00:26.835+0000] {logging_mixin.py:190} INFO - [2025-09-07T00:00:26.835+0000] {dag.py:4180} INFO - Setting next_dagrun for example_python_decorator to None, run_after=None
[2025-09-07T00:00:26.860+0000] {processor.py:208} INFO - Processing /home/airflow/.local/lib/python3.12/site-packages/airflow/example_dags/example_python_decorator.py took 0.102 seconds
[2025-09-07T00:00:57.439+0000] {processor.py:186} INFO - Started process (PID=4050) to work on /home/airflow/.local/lib/python3.12/site-packages/airflow/example_dags/example_python_decorator.py
[2025-09-07T00:00:57.443+0000] {processor.py:914} INFO - Processing file /home/airflow/.local/lib/python3.12/site-packages/airflow/example_dags/example_python_decorator.py for tasks to queue
[2025-09-07T00:00:57.445+0000] {logging_mixin.py:190} INFO - [2025-09-07T00:00:57.445+0000] {dagbag.py:588} INFO - Filling up the DagBag from /home/airflow/.local/lib/python3.12/site-packages/airflow/example_dags/example_python_decorator.py
[2025-09-07T00:00:57.468+0000] {processor.py:925} INFO - DAG(s) 'example_python_decorator' retrieved from /home/airflow/.local/lib/python3.12/site-packages/airflow/example_dags/example_python_decorator.py
[2025-09-07T00:00:57.492+0000] {logging_mixin.py:190} INFO - [2025-09-07T00:00:57.491+0000] {dag.py:3239} INFO - Sync 1 DAGs
[2025-09-07T00:00:57.507+0000] {logging_mixin.py:190} INFO - [2025-09-07T00:00:57.507+0000] {dag.py:4180} INFO - Setting next_dagrun for example_python_decorator to None, run_after=None
[2025-09-07T00:00:57.533+0000] {processor.py:208} INFO - Processing /home/airflow/.local/lib/python3.12/site-packages/airflow/example_dags/example_python_decorator.py took 0.102 seconds
[2025-09-07T00:01:27.614+0000] {processor.py:186} INFO - Started process (PID=4116) to work on /home/airflow/.local/lib/python3.12/site-packages/airflow/example_dags/example_python_decorator.py
[2025-09-07T00:01:27.617+0000] {processor.py:914} INFO - Processing file /home/airflow/.local/lib/python3.12/site-packages/airflow/example_dags/example_python_decorator.py for tasks to queue
[2025-09-07T00:01:27.620+0000] {logging_mixin.py:190} INFO - [2025-09-07T00:01:27.619+0000] {dagbag.py:588} INFO - Filling up the DagBag from /home/airflow/.local/lib/python3.12/site-packages/airflow/example_dags/example_python_decorator.py
[2025-09-07T00:01:27.640+0000] {processor.py:925} INFO - DAG(s) 'example_python_decorator' retrieved from /home/airflow/.local/lib/python3.12/site-packages/airflow/example_dags/example_python_decorator.py
[2025-09-07T00:01:27.663+0000] {logging_mixin.py:190} INFO - [2025-09-07T00:01:27.663+0000] {dag.py:3239} INFO - Sync 1 DAGs
[2025-09-07T00:01:27.678+0000] {logging_mixin.py:190} INFO - [2025-09-07T00:01:27.677+0000] {dag.py:4180} INFO - Setting next_dagrun for example_python_decorator to None, run_after=None
[2025-09-07T00:01:27.704+0000] {processor.py:208} INFO - Processing /home/airflow/.local/lib/python3.12/site-packages/airflow/example_dags/example_python_decorator.py took 0.099 seconds
[2025-09-07T00:01:58.466+0000] {processor.py:186} INFO - Started process (PID=4181) to work on /home/airflow/.local/lib/python3.12/site-packages/airflow/example_dags/example_python_decorator.py
[2025-09-07T00:01:58.467+0000] {processor.py:914} INFO - Processing file /home/airflow/.local/lib/python3.12/site-packages/airflow/example_dags/example_python_decorator.py for tasks to queue
[2025-09-07T00:01:58.469+0000] {logging_mixin.py:190} INFO - [2025-09-07T00:01:58.468+0000] {dagbag.py:588} INFO - Filling up the DagBag from /home/airflow/.local/lib/python3.12/site-packages/airflow/example_dags/example_python_decorator.py
[2025-09-07T00:01:58.485+0000] {processor.py:925} INFO - DAG(s) 'example_python_decorator' retrieved from /home/airflow/.local/lib/python3.12/site-packages/airflow/example_dags/example_python_decorator.py
[2025-09-07T00:01:58.513+0000] {logging_mixin.py:190} INFO - [2025-09-07T00:01:58.512+0000] {dag.py:3239} INFO - Sync 1 DAGs
[2025-09-07T00:01:58.528+0000] {logging_mixin.py:190} INFO - [2025-09-07T00:01:58.527+0000] {dag.py:4180} INFO - Setting next_dagrun for example_python_decorator to None, run_after=None
[2025-09-07T00:01:58.554+0000] {processor.py:208} INFO - Processing /home/airflow/.local/lib/python3.12/site-packages/airflow/example_dags/example_python_decorator.py took 0.094 seconds
[2025-09-07T00:02:29.349+0000] {processor.py:186} INFO - Started process (PID=4247) to work on /home/airflow/.local/lib/python3.12/site-packages/airflow/example_dags/example_python_decorator.py
[2025-09-07T00:02:29.351+0000] {processor.py:914} INFO - Processing file /home/airflow/.local/lib/python3.12/site-packages/airflow/example_dags/example_python_decorator.py for tasks to queue
[2025-09-07T00:02:29.353+0000] {logging_mixin.py:190} INFO - [2025-09-07T00:02:29.352+0000] {dagbag.py:588} INFO - Filling up the DagBag from /home/airflow/.local/lib/python3.12/site-packages/airflow/example_dags/example_python_decorator.py
[2025-09-07T00:02:29.371+0000] {processor.py:925} INFO - DAG(s) 'example_python_decorator' retrieved from /home/airflow/.local/lib/python3.12/site-packages/airflow/example_dags/example_python_decorator.py
[2025-09-07T00:02:29.393+0000] {logging_mixin.py:190} INFO - [2025-09-07T00:02:29.393+0000] {dag.py:3239} INFO - Sync 1 DAGs
[2025-09-07T00:02:29.416+0000] {logging_mixin.py:190} INFO - [2025-09-07T00:02:29.416+0000] {dag.py:4180} INFO - Setting next_dagrun for example_python_decorator to None, run_after=None
[2025-09-07T00:02:29.441+0000] {processor.py:208} INFO - Processing /home/airflow/.local/lib/python3.12/site-packages/airflow/example_dags/example_python_decorator.py took 0.100 seconds
[2025-09-07T00:03:00.252+0000] {processor.py:186} INFO - Started process (PID=4313) to work on /home/airflow/.local/lib/python3.12/site-packages/airflow/example_dags/example_python_decorator.py
[2025-09-07T00:03:00.253+0000] {processor.py:914} INFO - Processing file /home/airflow/.local/lib/python3.12/site-packages/airflow/example_dags/example_python_decorator.py for tasks to queue
[2025-09-07T00:03:00.256+0000] {logging_mixin.py:190} INFO - [2025-09-07T00:03:00.255+0000] {dagbag.py:588} INFO - Filling up the DagBag from /home/airflow/.local/lib/python3.12/site-packages/airflow/example_dags/example_python_decorator.py
[2025-09-07T00:03:00.280+0000] {processor.py:925} INFO - DAG(s) 'example_python_decorator' retrieved from /home/airflow/.local/lib/python3.12/site-packages/airflow/example_dags/example_python_decorator.py
[2025-09-07T00:03:00.311+0000] {logging_mixin.py:190} INFO - [2025-09-07T00:03:00.310+0000] {dag.py:3239} INFO - Sync 1 DAGs
[2025-09-07T00:03:00.331+0000] {logging_mixin.py:190} INFO - [2025-09-07T00:03:00.330+0000] {dag.py:4180} INFO - Setting next_dagrun for example_python_decorator to None, run_after=None
[2025-09-07T00:03:00.363+0000] {processor.py:208} INFO - Processing /home/airflow/.local/lib/python3.12/site-packages/airflow/example_dags/example_python_decorator.py took 0.120 seconds
[2025-09-07T00:03:31.010+0000] {processor.py:186} INFO - Started process (PID=4379) to work on /home/airflow/.local/lib/python3.12/site-packages/airflow/example_dags/example_python_decorator.py
[2025-09-07T00:03:31.012+0000] {processor.py:914} INFO - Processing file /home/airflow/.local/lib/python3.12/site-packages/airflow/example_dags/example_python_decorator.py for tasks to queue
[2025-09-07T00:03:31.015+0000] {logging_mixin.py:190} INFO - [2025-09-07T00:03:31.014+0000] {dagbag.py:588} INFO - Filling up the DagBag from /home/airflow/.local/lib/python3.12/site-packages/airflow/example_dags/example_python_decorator.py
[2025-09-07T00:03:31.040+0000] {processor.py:925} INFO - DAG(s) 'example_python_decorator' retrieved from /home/airflow/.local/lib/python3.12/site-packages/airflow/example_dags/example_python_decorator.py
[2025-09-07T00:03:31.073+0000] {logging_mixin.py:190} INFO - [2025-09-07T00:03:31.073+0000] {dag.py:3239} INFO - Sync 1 DAGs
[2025-09-07T00:03:31.090+0000] {logging_mixin.py:190} INFO - [2025-09-07T00:03:31.089+0000] {dag.py:4180} INFO - Setting next_dagrun for example_python_decorator to None, run_after=None
[2025-09-07T00:03:31.121+0000] {processor.py:208} INFO - Processing /home/airflow/.local/lib/python3.12/site-packages/airflow/example_dags/example_python_decorator.py took 0.121 seconds
[2025-09-07T00:04:01.406+0000] {processor.py:186} INFO - Started process (PID=4445) to work on /home/airflow/.local/lib/python3.12/site-packages/airflow/example_dags/example_python_decorator.py
[2025-09-07T00:04:01.408+0000] {processor.py:914} INFO - Processing file /home/airflow/.local/lib/python3.12/site-packages/airflow/example_dags/example_python_decorator.py for tasks to queue
[2025-09-07T00:04:01.411+0000] {logging_mixin.py:190} INFO - [2025-09-07T00:04:01.410+0000] {dagbag.py:588} INFO - Filling up the DagBag from /home/airflow/.local/lib/python3.12/site-packages/airflow/example_dags/example_python_decorator.py
[2025-09-07T00:04:01.435+0000] {processor.py:925} INFO - DAG(s) 'example_python_decorator' retrieved from /home/airflow/.local/lib/python3.12/site-packages/airflow/example_dags/example_python_decorator.py
[2025-09-07T00:04:01.468+0000] {logging_mixin.py:190} INFO - [2025-09-07T00:04:01.467+0000] {dag.py:3239} INFO - Sync 1 DAGs
[2025-09-07T00:04:01.483+0000] {logging_mixin.py:190} INFO - [2025-09-07T00:04:01.483+0000] {dag.py:4180} INFO - Setting next_dagrun for example_python_decorator to None, run_after=None
[2025-09-07T00:04:01.509+0000] {processor.py:208} INFO - Processing /home/airflow/.local/lib/python3.12/site-packages/airflow/example_dags/example_python_decorator.py took 0.112 seconds
[2025-09-07T00:04:31.807+0000] {processor.py:186} INFO - Started process (PID=4510) to work on /home/airflow/.local/lib/python3.12/site-packages/airflow/example_dags/example_python_decorator.py
[2025-09-07T00:04:31.809+0000] {processor.py:914} INFO - Processing file /home/airflow/.local/lib/python3.12/site-packages/airflow/example_dags/example_python_decorator.py for tasks to queue
[2025-09-07T00:04:31.813+0000] {logging_mixin.py:190} INFO - [2025-09-07T00:04:31.812+0000] {dagbag.py:588} INFO - Filling up the DagBag from /home/airflow/.local/lib/python3.12/site-packages/airflow/example_dags/example_python_decorator.py
[2025-09-07T00:04:31.868+0000] {processor.py:925} INFO - DAG(s) 'example_python_decorator' retrieved from /home/airflow/.local/lib/python3.12/site-packages/airflow/example_dags/example_python_decorator.py
[2025-09-07T00:04:31.953+0000] {logging_mixin.py:190} INFO - [2025-09-07T00:04:31.952+0000] {dag.py:3239} INFO - Sync 1 DAGs
[2025-09-07T00:04:32.083+0000] {logging_mixin.py:190} INFO - [2025-09-07T00:04:32.083+0000] {dag.py:4180} INFO - Setting next_dagrun for example_python_decorator to None, run_after=None
[2025-09-07T00:04:32.208+0000] {processor.py:208} INFO - Processing /home/airflow/.local/lib/python3.12/site-packages/airflow/example_dags/example_python_decorator.py took 0.416 seconds
[2025-09-07T00:05:03.106+0000] {processor.py:186} INFO - Started process (PID=4577) to work on /home/airflow/.local/lib/python3.12/site-packages/airflow/example_dags/example_python_decorator.py
[2025-09-07T00:05:03.110+0000] {processor.py:914} INFO - Processing file /home/airflow/.local/lib/python3.12/site-packages/airflow/example_dags/example_python_decorator.py for tasks to queue
[2025-09-07T00:05:03.113+0000] {logging_mixin.py:190} INFO - [2025-09-07T00:05:03.112+0000] {dagbag.py:588} INFO - Filling up the DagBag from /home/airflow/.local/lib/python3.12/site-packages/airflow/example_dags/example_python_decorator.py
[2025-09-07T00:05:03.135+0000] {processor.py:925} INFO - DAG(s) 'example_python_decorator' retrieved from /home/airflow/.local/lib/python3.12/site-packages/airflow/example_dags/example_python_decorator.py
[2025-09-07T00:05:03.174+0000] {logging_mixin.py:190} INFO - [2025-09-07T00:05:03.174+0000] {dag.py:3239} INFO - Sync 1 DAGs
[2025-09-07T00:05:03.193+0000] {logging_mixin.py:190} INFO - [2025-09-07T00:05:03.191+0000] {dag.py:4180} INFO - Setting next_dagrun for example_python_decorator to None, run_after=None
[2025-09-07T00:05:03.221+0000] {processor.py:208} INFO - Processing /home/airflow/.local/lib/python3.12/site-packages/airflow/example_dags/example_python_decorator.py took 0.121 seconds
[2025-09-07T00:05:34.093+0000] {processor.py:186} INFO - Started process (PID=4643) to work on /home/airflow/.local/lib/python3.12/site-packages/airflow/example_dags/example_python_decorator.py
[2025-09-07T00:05:34.094+0000] {processor.py:914} INFO - Processing file /home/airflow/.local/lib/python3.12/site-packages/airflow/example_dags/example_python_decorator.py for tasks to queue
[2025-09-07T00:05:34.097+0000] {logging_mixin.py:190} INFO - [2025-09-07T00:05:34.096+0000] {dagbag.py:588} INFO - Filling up the DagBag from /home/airflow/.local/lib/python3.12/site-packages/airflow/example_dags/example_python_decorator.py
[2025-09-07T00:05:34.121+0000] {processor.py:925} INFO - DAG(s) 'example_python_decorator' retrieved from /home/airflow/.local/lib/python3.12/site-packages/airflow/example_dags/example_python_decorator.py
[2025-09-07T00:05:34.155+0000] {logging_mixin.py:190} INFO - [2025-09-07T00:05:34.155+0000] {dag.py:3239} INFO - Sync 1 DAGs
[2025-09-07T00:05:34.177+0000] {logging_mixin.py:190} INFO - [2025-09-07T00:05:34.176+0000] {dag.py:4180} INFO - Setting next_dagrun for example_python_decorator to None, run_after=None
[2025-09-07T00:05:34.210+0000] {processor.py:208} INFO - Processing /home/airflow/.local/lib/python3.12/site-packages/airflow/example_dags/example_python_decorator.py took 0.122 seconds
[2025-09-07T00:06:05.047+0000] {processor.py:186} INFO - Started process (PID=4709) to work on /home/airflow/.local/lib/python3.12/site-packages/airflow/example_dags/example_python_decorator.py
[2025-09-07T00:06:05.048+0000] {processor.py:914} INFO - Processing file /home/airflow/.local/lib/python3.12/site-packages/airflow/example_dags/example_python_decorator.py for tasks to queue
[2025-09-07T00:06:05.051+0000] {logging_mixin.py:190} INFO - [2025-09-07T00:06:05.050+0000] {dagbag.py:588} INFO - Filling up the DagBag from /home/airflow/.local/lib/python3.12/site-packages/airflow/example_dags/example_python_decorator.py
[2025-09-07T00:06:05.075+0000] {processor.py:925} INFO - DAG(s) 'example_python_decorator' retrieved from /home/airflow/.local/lib/python3.12/site-packages/airflow/example_dags/example_python_decorator.py
[2025-09-07T00:06:05.110+0000] {logging_mixin.py:190} INFO - [2025-09-07T00:06:05.110+0000] {dag.py:3239} INFO - Sync 1 DAGs
[2025-09-07T00:06:05.132+0000] {logging_mixin.py:190} INFO - [2025-09-07T00:06:05.131+0000] {dag.py:4180} INFO - Setting next_dagrun for example_python_decorator to None, run_after=None
[2025-09-07T00:06:05.164+0000] {processor.py:208} INFO - Processing /home/airflow/.local/lib/python3.12/site-packages/airflow/example_dags/example_python_decorator.py took 0.122 seconds
[2025-09-07T00:06:35.571+0000] {processor.py:186} INFO - Started process (PID=4775) to work on /home/airflow/.local/lib/python3.12/site-packages/airflow/example_dags/example_python_decorator.py
[2025-09-07T00:06:35.572+0000] {processor.py:914} INFO - Processing file /home/airflow/.local/lib/python3.12/site-packages/airflow/example_dags/example_python_decorator.py for tasks to queue
[2025-09-07T00:06:35.574+0000] {logging_mixin.py:190} INFO - [2025-09-07T00:06:35.573+0000] {dagbag.py:588} INFO - Filling up the DagBag from /home/airflow/.local/lib/python3.12/site-packages/airflow/example_dags/example_python_decorator.py
[2025-09-07T00:06:35.605+0000] {processor.py:925} INFO - DAG(s) 'example_python_decorator' retrieved from /home/airflow/.local/lib/python3.12/site-packages/airflow/example_dags/example_python_decorator.py
[2025-09-07T00:06:35.636+0000] {logging_mixin.py:190} INFO - [2025-09-07T00:06:35.635+0000] {dag.py:3239} INFO - Sync 1 DAGs
[2025-09-07T00:06:35.657+0000] {logging_mixin.py:190} INFO - [2025-09-07T00:06:35.657+0000] {dag.py:4180} INFO - Setting next_dagrun for example_python_decorator to None, run_after=None
[2025-09-07T00:06:35.685+0000] {processor.py:208} INFO - Processing /home/airflow/.local/lib/python3.12/site-packages/airflow/example_dags/example_python_decorator.py took 0.122 seconds
[2025-09-07T00:07:05.912+0000] {processor.py:186} INFO - Started process (PID=4840) to work on /home/airflow/.local/lib/python3.12/site-packages/airflow/example_dags/example_python_decorator.py
[2025-09-07T00:07:05.914+0000] {processor.py:914} INFO - Processing file /home/airflow/.local/lib/python3.12/site-packages/airflow/example_dags/example_python_decorator.py for tasks to queue
[2025-09-07T00:07:05.917+0000] {logging_mixin.py:190} INFO - [2025-09-07T00:07:05.916+0000] {dagbag.py:588} INFO - Filling up the DagBag from /home/airflow/.local/lib/python3.12/site-packages/airflow/example_dags/example_python_decorator.py
[2025-09-07T00:07:05.944+0000] {processor.py:925} INFO - DAG(s) 'example_python_decorator' retrieved from /home/airflow/.local/lib/python3.12/site-packages/airflow/example_dags/example_python_decorator.py
[2025-09-07T00:07:05.988+0000] {logging_mixin.py:190} INFO - [2025-09-07T00:07:05.987+0000] {dag.py:3239} INFO - Sync 1 DAGs
[2025-09-07T00:07:06.016+0000] {logging_mixin.py:190} INFO - [2025-09-07T00:07:06.016+0000] {dag.py:4180} INFO - Setting next_dagrun for example_python_decorator to None, run_after=None
[2025-09-07T00:07:06.052+0000] {processor.py:208} INFO - Processing /home/airflow/.local/lib/python3.12/site-packages/airflow/example_dags/example_python_decorator.py took 0.149 seconds
[2025-09-07T00:07:36.357+0000] {processor.py:186} INFO - Started process (PID=4899) to work on /home/airflow/.local/lib/python3.12/site-packages/airflow/example_dags/example_python_decorator.py
[2025-09-07T00:07:36.358+0000] {processor.py:914} INFO - Processing file /home/airflow/.local/lib/python3.12/site-packages/airflow/example_dags/example_python_decorator.py for tasks to queue
[2025-09-07T00:07:36.360+0000] {logging_mixin.py:190} INFO - [2025-09-07T00:07:36.360+0000] {dagbag.py:588} INFO - Filling up the DagBag from /home/airflow/.local/lib/python3.12/site-packages/airflow/example_dags/example_python_decorator.py
[2025-09-07T00:07:36.386+0000] {processor.py:925} INFO - DAG(s) 'example_python_decorator' retrieved from /home/airflow/.local/lib/python3.12/site-packages/airflow/example_dags/example_python_decorator.py
[2025-09-07T00:07:36.429+0000] {logging_mixin.py:190} INFO - [2025-09-07T00:07:36.428+0000] {dag.py:3239} INFO - Sync 1 DAGs
[2025-09-07T00:07:36.452+0000] {logging_mixin.py:190} INFO - [2025-09-07T00:07:36.451+0000] {dag.py:4180} INFO - Setting next_dagrun for example_python_decorator to None, run_after=None
[2025-09-07T00:07:36.475+0000] {processor.py:208} INFO - Processing /home/airflow/.local/lib/python3.12/site-packages/airflow/example_dags/example_python_decorator.py took 0.125 seconds
[2025-09-07T00:08:06.539+0000] {processor.py:186} INFO - Started process (PID=4962) to work on /home/airflow/.local/lib/python3.12/site-packages/airflow/example_dags/example_python_decorator.py
[2025-09-07T00:08:06.541+0000] {processor.py:914} INFO - Processing file /home/airflow/.local/lib/python3.12/site-packages/airflow/example_dags/example_python_decorator.py for tasks to queue
[2025-09-07T00:08:06.543+0000] {logging_mixin.py:190} INFO - [2025-09-07T00:08:06.542+0000] {dagbag.py:588} INFO - Filling up the DagBag from /home/airflow/.local/lib/python3.12/site-packages/airflow/example_dags/example_python_decorator.py
[2025-09-07T00:08:06.560+0000] {processor.py:925} INFO - DAG(s) 'example_python_decorator' retrieved from /home/airflow/.local/lib/python3.12/site-packages/airflow/example_dags/example_python_decorator.py
[2025-09-07T00:08:06.591+0000] {logging_mixin.py:190} INFO - [2025-09-07T00:08:06.590+0000] {dag.py:3239} INFO - Sync 1 DAGs
[2025-09-07T00:08:06.610+0000] {logging_mixin.py:190} INFO - [2025-09-07T00:08:06.610+0000] {dag.py:4180} INFO - Setting next_dagrun for example_python_decorator to None, run_after=None
[2025-09-07T00:08:06.636+0000] {processor.py:208} INFO - Processing /home/airflow/.local/lib/python3.12/site-packages/airflow/example_dags/example_python_decorator.py took 0.106 seconds
[2025-09-07T00:08:36.724+0000] {processor.py:186} INFO - Started process (PID=5026) to work on /home/airflow/.local/lib/python3.12/site-packages/airflow/example_dags/example_python_decorator.py
[2025-09-07T00:08:36.725+0000] {processor.py:914} INFO - Processing file /home/airflow/.local/lib/python3.12/site-packages/airflow/example_dags/example_python_decorator.py for tasks to queue
[2025-09-07T00:08:36.727+0000] {logging_mixin.py:190} INFO - [2025-09-07T00:08:36.726+0000] {dagbag.py:588} INFO - Filling up the DagBag from /home/airflow/.local/lib/python3.12/site-packages/airflow/example_dags/example_python_decorator.py
[2025-09-07T00:08:36.742+0000] {processor.py:925} INFO - DAG(s) 'example_python_decorator' retrieved from /home/airflow/.local/lib/python3.12/site-packages/airflow/example_dags/example_python_decorator.py
[2025-09-07T00:08:36.769+0000] {logging_mixin.py:190} INFO - [2025-09-07T00:08:36.769+0000] {dag.py:3239} INFO - Sync 1 DAGs
[2025-09-07T00:08:36.785+0000] {logging_mixin.py:190} INFO - [2025-09-07T00:08:36.784+0000] {dag.py:4180} INFO - Setting next_dagrun for example_python_decorator to None, run_after=None
[2025-09-07T00:08:36.815+0000] {processor.py:208} INFO - Processing /home/airflow/.local/lib/python3.12/site-packages/airflow/example_dags/example_python_decorator.py took 0.099 seconds
[2025-09-07T00:09:06.925+0000] {processor.py:186} INFO - Started process (PID=5092) to work on /home/airflow/.local/lib/python3.12/site-packages/airflow/example_dags/example_python_decorator.py
[2025-09-07T00:09:06.926+0000] {processor.py:914} INFO - Processing file /home/airflow/.local/lib/python3.12/site-packages/airflow/example_dags/example_python_decorator.py for tasks to queue
[2025-09-07T00:09:06.928+0000] {logging_mixin.py:190} INFO - [2025-09-07T00:09:06.927+0000] {dagbag.py:588} INFO - Filling up the DagBag from /home/airflow/.local/lib/python3.12/site-packages/airflow/example_dags/example_python_decorator.py
[2025-09-07T00:09:06.943+0000] {processor.py:925} INFO - DAG(s) 'example_python_decorator' retrieved from /home/airflow/.local/lib/python3.12/site-packages/airflow/example_dags/example_python_decorator.py
[2025-09-07T00:09:06.974+0000] {logging_mixin.py:190} INFO - [2025-09-07T00:09:06.974+0000] {dag.py:3239} INFO - Sync 1 DAGs
[2025-09-07T00:09:06.988+0000] {logging_mixin.py:190} INFO - [2025-09-07T00:09:06.988+0000] {dag.py:4180} INFO - Setting next_dagrun for example_python_decorator to None, run_after=None
[2025-09-07T00:09:07.009+0000] {processor.py:208} INFO - Processing /home/airflow/.local/lib/python3.12/site-packages/airflow/example_dags/example_python_decorator.py took 0.090 seconds
[2025-09-07T00:09:37.658+0000] {processor.py:186} INFO - Started process (PID=5158) to work on /home/airflow/.local/lib/python3.12/site-packages/airflow/example_dags/example_python_decorator.py
[2025-09-07T00:09:37.660+0000] {processor.py:914} INFO - Processing file /home/airflow/.local/lib/python3.12/site-packages/airflow/example_dags/example_python_decorator.py for tasks to queue
[2025-09-07T00:09:37.663+0000] {logging_mixin.py:190} INFO - [2025-09-07T00:09:37.662+0000] {dagbag.py:588} INFO - Filling up the DagBag from /home/airflow/.local/lib/python3.12/site-packages/airflow/example_dags/example_python_decorator.py
[2025-09-07T00:09:37.688+0000] {processor.py:925} INFO - DAG(s) 'example_python_decorator' retrieved from /home/airflow/.local/lib/python3.12/site-packages/airflow/example_dags/example_python_decorator.py
[2025-09-07T00:09:37.714+0000] {logging_mixin.py:190} INFO - [2025-09-07T00:09:37.713+0000] {dag.py:3239} INFO - Sync 1 DAGs
[2025-09-07T00:09:37.734+0000] {logging_mixin.py:190} INFO - [2025-09-07T00:09:37.734+0000] {dag.py:4180} INFO - Setting next_dagrun for example_python_decorator to None, run_after=None
[2025-09-07T00:09:37.759+0000] {processor.py:208} INFO - Processing /home/airflow/.local/lib/python3.12/site-packages/airflow/example_dags/example_python_decorator.py took 0.111 seconds
[2025-09-07T00:10:07.947+0000] {processor.py:186} INFO - Started process (PID=5224) to work on /home/airflow/.local/lib/python3.12/site-packages/airflow/example_dags/example_python_decorator.py
[2025-09-07T00:10:07.949+0000] {processor.py:914} INFO - Processing file /home/airflow/.local/lib/python3.12/site-packages/airflow/example_dags/example_python_decorator.py for tasks to queue
[2025-09-07T00:10:07.951+0000] {logging_mixin.py:190} INFO - [2025-09-07T00:10:07.951+0000] {dagbag.py:588} INFO - Filling up the DagBag from /home/airflow/.local/lib/python3.12/site-packages/airflow/example_dags/example_python_decorator.py
[2025-09-07T00:10:07.973+0000] {processor.py:925} INFO - DAG(s) 'example_python_decorator' retrieved from /home/airflow/.local/lib/python3.12/site-packages/airflow/example_dags/example_python_decorator.py
[2025-09-07T00:10:08.004+0000] {logging_mixin.py:190} INFO - [2025-09-07T00:10:08.003+0000] {dag.py:3239} INFO - Sync 1 DAGs
[2025-09-07T00:10:08.019+0000] {logging_mixin.py:190} INFO - [2025-09-07T00:10:08.019+0000] {dag.py:4180} INFO - Setting next_dagrun for example_python_decorator to None, run_after=None
[2025-09-07T00:10:08.040+0000] {processor.py:208} INFO - Processing /home/airflow/.local/lib/python3.12/site-packages/airflow/example_dags/example_python_decorator.py took 0.102 seconds
[2025-09-07T00:10:38.671+0000] {processor.py:186} INFO - Started process (PID=5290) to work on /home/airflow/.local/lib/python3.12/site-packages/airflow/example_dags/example_python_decorator.py
[2025-09-07T00:10:38.672+0000] {processor.py:914} INFO - Processing file /home/airflow/.local/lib/python3.12/site-packages/airflow/example_dags/example_python_decorator.py for tasks to queue
[2025-09-07T00:10:38.674+0000] {logging_mixin.py:190} INFO - [2025-09-07T00:10:38.674+0000] {dagbag.py:588} INFO - Filling up the DagBag from /home/airflow/.local/lib/python3.12/site-packages/airflow/example_dags/example_python_decorator.py
[2025-09-07T00:10:38.697+0000] {processor.py:925} INFO - DAG(s) 'example_python_decorator' retrieved from /home/airflow/.local/lib/python3.12/site-packages/airflow/example_dags/example_python_decorator.py
[2025-09-07T00:10:38.724+0000] {logging_mixin.py:190} INFO - [2025-09-07T00:10:38.724+0000] {dag.py:3239} INFO - Sync 1 DAGs
[2025-09-07T00:10:38.739+0000] {logging_mixin.py:190} INFO - [2025-09-07T00:10:38.739+0000] {dag.py:4180} INFO - Setting next_dagrun for example_python_decorator to None, run_after=None
[2025-09-07T00:10:38.765+0000] {processor.py:208} INFO - Processing /home/airflow/.local/lib/python3.12/site-packages/airflow/example_dags/example_python_decorator.py took 0.103 seconds
[2025-09-07T00:11:08.908+0000] {processor.py:186} INFO - Started process (PID=5356) to work on /home/airflow/.local/lib/python3.12/site-packages/airflow/example_dags/example_python_decorator.py
[2025-09-07T00:11:08.909+0000] {processor.py:914} INFO - Processing file /home/airflow/.local/lib/python3.12/site-packages/airflow/example_dags/example_python_decorator.py for tasks to queue
[2025-09-07T00:11:08.912+0000] {logging_mixin.py:190} INFO - [2025-09-07T00:11:08.911+0000] {dagbag.py:588} INFO - Filling up the DagBag from /home/airflow/.local/lib/python3.12/site-packages/airflow/example_dags/example_python_decorator.py
[2025-09-07T00:11:08.932+0000] {processor.py:925} INFO - DAG(s) 'example_python_decorator' retrieved from /home/airflow/.local/lib/python3.12/site-packages/airflow/example_dags/example_python_decorator.py
[2025-09-07T00:11:08.959+0000] {logging_mixin.py:190} INFO - [2025-09-07T00:11:08.958+0000] {dag.py:3239} INFO - Sync 1 DAGs
[2025-09-07T00:11:08.987+0000] {logging_mixin.py:190} INFO - [2025-09-07T00:11:08.986+0000] {dag.py:4180} INFO - Setting next_dagrun for example_python_decorator to None, run_after=None
[2025-09-07T00:11:09.017+0000] {processor.py:208} INFO - Processing /home/airflow/.local/lib/python3.12/site-packages/airflow/example_dags/example_python_decorator.py took 0.118 seconds
[2025-09-07T00:11:39.555+0000] {processor.py:186} INFO - Started process (PID=5422) to work on /home/airflow/.local/lib/python3.12/site-packages/airflow/example_dags/example_python_decorator.py
[2025-09-07T00:11:39.556+0000] {processor.py:914} INFO - Processing file /home/airflow/.local/lib/python3.12/site-packages/airflow/example_dags/example_python_decorator.py for tasks to queue
[2025-09-07T00:11:39.558+0000] {logging_mixin.py:190} INFO - [2025-09-07T00:11:39.557+0000] {dagbag.py:588} INFO - Filling up the DagBag from /home/airflow/.local/lib/python3.12/site-packages/airflow/example_dags/example_python_decorator.py
[2025-09-07T00:11:39.573+0000] {processor.py:925} INFO - DAG(s) 'example_python_decorator' retrieved from /home/airflow/.local/lib/python3.12/site-packages/airflow/example_dags/example_python_decorator.py
[2025-09-07T00:11:39.596+0000] {logging_mixin.py:190} INFO - [2025-09-07T00:11:39.596+0000] {dag.py:3239} INFO - Sync 1 DAGs
[2025-09-07T00:11:39.612+0000] {logging_mixin.py:190} INFO - [2025-09-07T00:11:39.612+0000] {dag.py:4180} INFO - Setting next_dagrun for example_python_decorator to None, run_after=None
[2025-09-07T00:11:39.639+0000] {processor.py:208} INFO - Processing /home/airflow/.local/lib/python3.12/site-packages/airflow/example_dags/example_python_decorator.py took 0.090 seconds
[2025-09-07T00:12:09.797+0000] {processor.py:186} INFO - Started process (PID=5488) to work on /home/airflow/.local/lib/python3.12/site-packages/airflow/example_dags/example_python_decorator.py
[2025-09-07T00:12:09.798+0000] {processor.py:914} INFO - Processing file /home/airflow/.local/lib/python3.12/site-packages/airflow/example_dags/example_python_decorator.py for tasks to queue
[2025-09-07T00:12:09.801+0000] {logging_mixin.py:190} INFO - [2025-09-07T00:12:09.800+0000] {dagbag.py:588} INFO - Filling up the DagBag from /home/airflow/.local/lib/python3.12/site-packages/airflow/example_dags/example_python_decorator.py
[2025-09-07T00:12:09.822+0000] {processor.py:925} INFO - DAG(s) 'example_python_decorator' retrieved from /home/airflow/.local/lib/python3.12/site-packages/airflow/example_dags/example_python_decorator.py
[2025-09-07T00:12:09.857+0000] {logging_mixin.py:190} INFO - [2025-09-07T00:12:09.857+0000] {dag.py:3239} INFO - Sync 1 DAGs
[2025-09-07T00:12:09.879+0000] {logging_mixin.py:190} INFO - [2025-09-07T00:12:09.878+0000] {dag.py:4180} INFO - Setting next_dagrun for example_python_decorator to None, run_after=None
[2025-09-07T00:12:09.905+0000] {processor.py:208} INFO - Processing /home/airflow/.local/lib/python3.12/site-packages/airflow/example_dags/example_python_decorator.py took 0.117 seconds
[2025-09-07T00:12:40.022+0000] {processor.py:186} INFO - Started process (PID=5553) to work on /home/airflow/.local/lib/python3.12/site-packages/airflow/example_dags/example_python_decorator.py
[2025-09-07T00:12:40.024+0000] {processor.py:914} INFO - Processing file /home/airflow/.local/lib/python3.12/site-packages/airflow/example_dags/example_python_decorator.py for tasks to queue
[2025-09-07T00:12:40.027+0000] {logging_mixin.py:190} INFO - [2025-09-07T00:12:40.026+0000] {dagbag.py:588} INFO - Filling up the DagBag from /home/airflow/.local/lib/python3.12/site-packages/airflow/example_dags/example_python_decorator.py
[2025-09-07T00:12:40.051+0000] {processor.py:925} INFO - DAG(s) 'example_python_decorator' retrieved from /home/airflow/.local/lib/python3.12/site-packages/airflow/example_dags/example_python_decorator.py
[2025-09-07T00:12:40.090+0000] {logging_mixin.py:190} INFO - [2025-09-07T00:12:40.089+0000] {dag.py:3239} INFO - Sync 1 DAGs
[2025-09-07T00:12:40.115+0000] {logging_mixin.py:190} INFO - [2025-09-07T00:12:40.115+0000] {dag.py:4180} INFO - Setting next_dagrun for example_python_decorator to None, run_after=None
[2025-09-07T00:12:40.140+0000] {processor.py:208} INFO - Processing /home/airflow/.local/lib/python3.12/site-packages/airflow/example_dags/example_python_decorator.py took 0.128 seconds
[2025-09-07T00:13:11.154+0000] {processor.py:186} INFO - Started process (PID=5619) to work on /home/airflow/.local/lib/python3.12/site-packages/airflow/example_dags/example_python_decorator.py
[2025-09-07T00:13:11.155+0000] {processor.py:914} INFO - Processing file /home/airflow/.local/lib/python3.12/site-packages/airflow/example_dags/example_python_decorator.py for tasks to queue
[2025-09-07T00:13:11.158+0000] {logging_mixin.py:190} INFO - [2025-09-07T00:13:11.157+0000] {dagbag.py:588} INFO - Filling up the DagBag from /home/airflow/.local/lib/python3.12/site-packages/airflow/example_dags/example_python_decorator.py
[2025-09-07T00:13:11.185+0000] {processor.py:925} INFO - DAG(s) 'example_python_decorator' retrieved from /home/airflow/.local/lib/python3.12/site-packages/airflow/example_dags/example_python_decorator.py
[2025-09-07T00:13:11.214+0000] {logging_mixin.py:190} INFO - [2025-09-07T00:13:11.214+0000] {dag.py:3239} INFO - Sync 1 DAGs
[2025-09-07T00:13:11.239+0000] {logging_mixin.py:190} INFO - [2025-09-07T00:13:11.238+0000] {dag.py:4180} INFO - Setting next_dagrun for example_python_decorator to None, run_after=None
[2025-09-07T00:13:11.273+0000] {processor.py:208} INFO - Processing /home/airflow/.local/lib/python3.12/site-packages/airflow/example_dags/example_python_decorator.py took 0.128 seconds
[2025-09-07T00:13:42.332+0000] {processor.py:186} INFO - Started process (PID=5685) to work on /home/airflow/.local/lib/python3.12/site-packages/airflow/example_dags/example_python_decorator.py
[2025-09-07T00:13:42.333+0000] {processor.py:914} INFO - Processing file /home/airflow/.local/lib/python3.12/site-packages/airflow/example_dags/example_python_decorator.py for tasks to queue
[2025-09-07T00:13:42.336+0000] {logging_mixin.py:190} INFO - [2025-09-07T00:13:42.336+0000] {dagbag.py:588} INFO - Filling up the DagBag from /home/airflow/.local/lib/python3.12/site-packages/airflow/example_dags/example_python_decorator.py
[2025-09-07T00:13:42.362+0000] {processor.py:925} INFO - DAG(s) 'example_python_decorator' retrieved from /home/airflow/.local/lib/python3.12/site-packages/airflow/example_dags/example_python_decorator.py
[2025-09-07T00:13:42.401+0000] {logging_mixin.py:190} INFO - [2025-09-07T00:13:42.401+0000] {dag.py:3239} INFO - Sync 1 DAGs
[2025-09-07T00:13:42.685+0000] {logging_mixin.py:190} INFO - [2025-09-07T00:13:42.685+0000] {dag.py:4180} INFO - Setting next_dagrun for example_python_decorator to None, run_after=None
[2025-09-07T00:13:42.718+0000] {processor.py:208} INFO - Processing /home/airflow/.local/lib/python3.12/site-packages/airflow/example_dags/example_python_decorator.py took 0.393 seconds
[2025-09-07T00:14:13.249+0000] {processor.py:186} INFO - Started process (PID=5751) to work on /home/airflow/.local/lib/python3.12/site-packages/airflow/example_dags/example_python_decorator.py
[2025-09-07T00:14:13.251+0000] {processor.py:914} INFO - Processing file /home/airflow/.local/lib/python3.12/site-packages/airflow/example_dags/example_python_decorator.py for tasks to queue
[2025-09-07T00:14:13.253+0000] {logging_mixin.py:190} INFO - [2025-09-07T00:14:13.252+0000] {dagbag.py:588} INFO - Filling up the DagBag from /home/airflow/.local/lib/python3.12/site-packages/airflow/example_dags/example_python_decorator.py
[2025-09-07T00:14:13.276+0000] {processor.py:925} INFO - DAG(s) 'example_python_decorator' retrieved from /home/airflow/.local/lib/python3.12/site-packages/airflow/example_dags/example_python_decorator.py
[2025-09-07T00:14:13.304+0000] {logging_mixin.py:190} INFO - [2025-09-07T00:14:13.304+0000] {dag.py:3239} INFO - Sync 1 DAGs
[2025-09-07T00:14:13.324+0000] {logging_mixin.py:190} INFO - [2025-09-07T00:14:13.324+0000] {dag.py:4180} INFO - Setting next_dagrun for example_python_decorator to None, run_after=None
[2025-09-07T00:14:13.566+0000] {processor.py:208} INFO - Processing /home/airflow/.local/lib/python3.12/site-packages/airflow/example_dags/example_python_decorator.py took 0.324 seconds
[2025-09-07T00:14:44.012+0000] {processor.py:186} INFO - Started process (PID=5817) to work on /home/airflow/.local/lib/python3.12/site-packages/airflow/example_dags/example_python_decorator.py
[2025-09-07T00:14:44.013+0000] {processor.py:914} INFO - Processing file /home/airflow/.local/lib/python3.12/site-packages/airflow/example_dags/example_python_decorator.py for tasks to queue
[2025-09-07T00:14:44.016+0000] {logging_mixin.py:190} INFO - [2025-09-07T00:14:44.015+0000] {dagbag.py:588} INFO - Filling up the DagBag from /home/airflow/.local/lib/python3.12/site-packages/airflow/example_dags/example_python_decorator.py
[2025-09-07T00:14:44.038+0000] {processor.py:925} INFO - DAG(s) 'example_python_decorator' retrieved from /home/airflow/.local/lib/python3.12/site-packages/airflow/example_dags/example_python_decorator.py
[2025-09-07T00:14:44.064+0000] {logging_mixin.py:190} INFO - [2025-09-07T00:14:44.064+0000] {dag.py:3239} INFO - Sync 1 DAGs
[2025-09-07T00:14:44.087+0000] {logging_mixin.py:190} INFO - [2025-09-07T00:14:44.087+0000] {dag.py:4180} INFO - Setting next_dagrun for example_python_decorator to None, run_after=None
[2025-09-07T00:14:44.111+0000] {processor.py:208} INFO - Processing /home/airflow/.local/lib/python3.12/site-packages/airflow/example_dags/example_python_decorator.py took 0.107 seconds
[2025-09-07T00:15:14.229+0000] {processor.py:186} INFO - Started process (PID=5882) to work on /home/airflow/.local/lib/python3.12/site-packages/airflow/example_dags/example_python_decorator.py
[2025-09-07T00:15:14.231+0000] {processor.py:914} INFO - Processing file /home/airflow/.local/lib/python3.12/site-packages/airflow/example_dags/example_python_decorator.py for tasks to queue
[2025-09-07T00:15:14.233+0000] {logging_mixin.py:190} INFO - [2025-09-07T00:15:14.232+0000] {dagbag.py:588} INFO - Filling up the DagBag from /home/airflow/.local/lib/python3.12/site-packages/airflow/example_dags/example_python_decorator.py
[2025-09-07T00:15:14.253+0000] {processor.py:925} INFO - DAG(s) 'example_python_decorator' retrieved from /home/airflow/.local/lib/python3.12/site-packages/airflow/example_dags/example_python_decorator.py
[2025-09-07T00:15:14.283+0000] {logging_mixin.py:190} INFO - [2025-09-07T00:15:14.283+0000] {dag.py:3239} INFO - Sync 1 DAGs
[2025-09-07T00:15:14.307+0000] {logging_mixin.py:190} INFO - [2025-09-07T00:15:14.306+0000] {dag.py:4180} INFO - Setting next_dagrun for example_python_decorator to None, run_after=None
[2025-09-07T00:15:14.334+0000] {processor.py:208} INFO - Processing /home/airflow/.local/lib/python3.12/site-packages/airflow/example_dags/example_python_decorator.py took 0.113 seconds
[2025-09-07T00:15:44.810+0000] {processor.py:186} INFO - Started process (PID=5947) to work on /home/airflow/.local/lib/python3.12/site-packages/airflow/example_dags/example_python_decorator.py
[2025-09-07T00:15:44.812+0000] {processor.py:914} INFO - Processing file /home/airflow/.local/lib/python3.12/site-packages/airflow/example_dags/example_python_decorator.py for tasks to queue
[2025-09-07T00:15:44.815+0000] {logging_mixin.py:190} INFO - [2025-09-07T00:15:44.814+0000] {dagbag.py:588} INFO - Filling up the DagBag from /home/airflow/.local/lib/python3.12/site-packages/airflow/example_dags/example_python_decorator.py
[2025-09-07T00:15:44.840+0000] {processor.py:925} INFO - DAG(s) 'example_python_decorator' retrieved from /home/airflow/.local/lib/python3.12/site-packages/airflow/example_dags/example_python_decorator.py
[2025-09-07T00:15:44.870+0000] {logging_mixin.py:190} INFO - [2025-09-07T00:15:44.870+0000] {dag.py:3239} INFO - Sync 1 DAGs
[2025-09-07T00:15:44.888+0000] {logging_mixin.py:190} INFO - [2025-09-07T00:15:44.888+0000] {dag.py:4180} INFO - Setting next_dagrun for example_python_decorator to None, run_after=None
[2025-09-07T00:15:44.916+0000] {processor.py:208} INFO - Processing /home/airflow/.local/lib/python3.12/site-packages/airflow/example_dags/example_python_decorator.py took 0.116 seconds
[2025-09-07T00:16:15.543+0000] {processor.py:186} INFO - Started process (PID=6007) to work on /home/airflow/.local/lib/python3.12/site-packages/airflow/example_dags/example_python_decorator.py
[2025-09-07T00:16:15.544+0000] {processor.py:914} INFO - Processing file /home/airflow/.local/lib/python3.12/site-packages/airflow/example_dags/example_python_decorator.py for tasks to queue
[2025-09-07T00:16:15.546+0000] {logging_mixin.py:190} INFO - [2025-09-07T00:16:15.546+0000] {dagbag.py:588} INFO - Filling up the DagBag from /home/airflow/.local/lib/python3.12/site-packages/airflow/example_dags/example_python_decorator.py
[2025-09-07T00:16:15.570+0000] {processor.py:925} INFO - DAG(s) 'example_python_decorator' retrieved from /home/airflow/.local/lib/python3.12/site-packages/airflow/example_dags/example_python_decorator.py
[2025-09-07T00:16:15.601+0000] {logging_mixin.py:190} INFO - [2025-09-07T00:16:15.601+0000] {dag.py:3239} INFO - Sync 1 DAGs
[2025-09-07T00:16:15.624+0000] {logging_mixin.py:190} INFO - [2025-09-07T00:16:15.623+0000] {dag.py:4180} INFO - Setting next_dagrun for example_python_decorator to None, run_after=None
[2025-09-07T00:16:15.648+0000] {processor.py:208} INFO - Processing /home/airflow/.local/lib/python3.12/site-packages/airflow/example_dags/example_python_decorator.py took 0.113 seconds
[2025-09-07T00:16:46.070+0000] {processor.py:186} INFO - Started process (PID=6072) to work on /home/airflow/.local/lib/python3.12/site-packages/airflow/example_dags/example_python_decorator.py
[2025-09-07T00:16:46.071+0000] {processor.py:914} INFO - Processing file /home/airflow/.local/lib/python3.12/site-packages/airflow/example_dags/example_python_decorator.py for tasks to queue
[2025-09-07T00:16:46.073+0000] {logging_mixin.py:190} INFO - [2025-09-07T00:16:46.072+0000] {dagbag.py:588} INFO - Filling up the DagBag from /home/airflow/.local/lib/python3.12/site-packages/airflow/example_dags/example_python_decorator.py
[2025-09-07T00:16:46.096+0000] {processor.py:925} INFO - DAG(s) 'example_python_decorator' retrieved from /home/airflow/.local/lib/python3.12/site-packages/airflow/example_dags/example_python_decorator.py
[2025-09-07T00:16:46.123+0000] {logging_mixin.py:190} INFO - [2025-09-07T00:16:46.122+0000] {dag.py:3239} INFO - Sync 1 DAGs
[2025-09-07T00:16:46.138+0000] {logging_mixin.py:190} INFO - [2025-09-07T00:16:46.137+0000] {dag.py:4180} INFO - Setting next_dagrun for example_python_decorator to None, run_after=None
[2025-09-07T00:16:46.160+0000] {processor.py:208} INFO - Processing /home/airflow/.local/lib/python3.12/site-packages/airflow/example_dags/example_python_decorator.py took 0.097 seconds
[2025-09-07T00:17:16.819+0000] {processor.py:186} INFO - Started process (PID=6138) to work on /home/airflow/.local/lib/python3.12/site-packages/airflow/example_dags/example_python_decorator.py
[2025-09-07T00:17:16.821+0000] {processor.py:914} INFO - Processing file /home/airflow/.local/lib/python3.12/site-packages/airflow/example_dags/example_python_decorator.py for tasks to queue
[2025-09-07T00:17:16.823+0000] {logging_mixin.py:190} INFO - [2025-09-07T00:17:16.822+0000] {dagbag.py:588} INFO - Filling up the DagBag from /home/airflow/.local/lib/python3.12/site-packages/airflow/example_dags/example_python_decorator.py
[2025-09-07T00:17:16.839+0000] {processor.py:925} INFO - DAG(s) 'example_python_decorator' retrieved from /home/airflow/.local/lib/python3.12/site-packages/airflow/example_dags/example_python_decorator.py
[2025-09-07T00:17:16.866+0000] {logging_mixin.py:190} INFO - [2025-09-07T00:17:16.866+0000] {dag.py:3239} INFO - Sync 1 DAGs
[2025-09-07T00:17:16.888+0000] {logging_mixin.py:190} INFO - [2025-09-07T00:17:16.888+0000] {dag.py:4180} INFO - Setting next_dagrun for example_python_decorator to None, run_after=None
[2025-09-07T00:17:16.920+0000] {processor.py:208} INFO - Processing /home/airflow/.local/lib/python3.12/site-packages/airflow/example_dags/example_python_decorator.py took 0.111 seconds
[2025-09-07T00:17:47.436+0000] {processor.py:186} INFO - Started process (PID=6204) to work on /home/airflow/.local/lib/python3.12/site-packages/airflow/example_dags/example_python_decorator.py
[2025-09-07T00:17:47.437+0000] {processor.py:914} INFO - Processing file /home/airflow/.local/lib/python3.12/site-packages/airflow/example_dags/example_python_decorator.py for tasks to queue
[2025-09-07T00:17:47.439+0000] {logging_mixin.py:190} INFO - [2025-09-07T00:17:47.438+0000] {dagbag.py:588} INFO - Filling up the DagBag from /home/airflow/.local/lib/python3.12/site-packages/airflow/example_dags/example_python_decorator.py
[2025-09-07T00:17:47.463+0000] {processor.py:925} INFO - DAG(s) 'example_python_decorator' retrieved from /home/airflow/.local/lib/python3.12/site-packages/airflow/example_dags/example_python_decorator.py
[2025-09-07T00:17:47.494+0000] {logging_mixin.py:190} INFO - [2025-09-07T00:17:47.494+0000] {dag.py:3239} INFO - Sync 1 DAGs
[2025-09-07T00:17:47.517+0000] {logging_mixin.py:190} INFO - [2025-09-07T00:17:47.516+0000] {dag.py:4180} INFO - Setting next_dagrun for example_python_decorator to None, run_after=None
[2025-09-07T00:17:47.542+0000] {processor.py:208} INFO - Processing /home/airflow/.local/lib/python3.12/site-packages/airflow/example_dags/example_python_decorator.py took 0.112 seconds
[2025-09-07T00:18:18.185+0000] {processor.py:186} INFO - Started process (PID=6270) to work on /home/airflow/.local/lib/python3.12/site-packages/airflow/example_dags/example_python_decorator.py
[2025-09-07T00:18:18.186+0000] {processor.py:914} INFO - Processing file /home/airflow/.local/lib/python3.12/site-packages/airflow/example_dags/example_python_decorator.py for tasks to queue
[2025-09-07T00:18:18.189+0000] {logging_mixin.py:190} INFO - [2025-09-07T00:18:18.188+0000] {dagbag.py:588} INFO - Filling up the DagBag from /home/airflow/.local/lib/python3.12/site-packages/airflow/example_dags/example_python_decorator.py
[2025-09-07T00:18:18.211+0000] {processor.py:925} INFO - DAG(s) 'example_python_decorator' retrieved from /home/airflow/.local/lib/python3.12/site-packages/airflow/example_dags/example_python_decorator.py
[2025-09-07T00:18:18.234+0000] {logging_mixin.py:190} INFO - [2025-09-07T00:18:18.233+0000] {dag.py:3239} INFO - Sync 1 DAGs
[2025-09-07T00:18:18.247+0000] {logging_mixin.py:190} INFO - [2025-09-07T00:18:18.246+0000] {dag.py:4180} INFO - Setting next_dagrun for example_python_decorator to None, run_after=None
[2025-09-07T00:18:18.276+0000] {processor.py:208} INFO - Processing /home/airflow/.local/lib/python3.12/site-packages/airflow/example_dags/example_python_decorator.py took 0.099 seconds
[2025-09-07T00:18:49.041+0000] {processor.py:186} INFO - Started process (PID=6336) to work on /home/airflow/.local/lib/python3.12/site-packages/airflow/example_dags/example_python_decorator.py
[2025-09-07T00:18:49.043+0000] {processor.py:914} INFO - Processing file /home/airflow/.local/lib/python3.12/site-packages/airflow/example_dags/example_python_decorator.py for tasks to queue
[2025-09-07T00:18:49.045+0000] {logging_mixin.py:190} INFO - [2025-09-07T00:18:49.044+0000] {dagbag.py:588} INFO - Filling up the DagBag from /home/airflow/.local/lib/python3.12/site-packages/airflow/example_dags/example_python_decorator.py
[2025-09-07T00:18:49.069+0000] {processor.py:925} INFO - DAG(s) 'example_python_decorator' retrieved from /home/airflow/.local/lib/python3.12/site-packages/airflow/example_dags/example_python_decorator.py
[2025-09-07T00:18:49.101+0000] {logging_mixin.py:190} INFO - [2025-09-07T00:18:49.101+0000] {dag.py:3239} INFO - Sync 1 DAGs
[2025-09-07T00:18:49.122+0000] {logging_mixin.py:190} INFO - [2025-09-07T00:18:49.121+0000] {dag.py:4180} INFO - Setting next_dagrun for example_python_decorator to None, run_after=None
[2025-09-07T00:18:49.147+0000] {processor.py:208} INFO - Processing /home/airflow/.local/lib/python3.12/site-packages/airflow/example_dags/example_python_decorator.py took 0.114 seconds
[2025-09-07T00:19:19.600+0000] {processor.py:186} INFO - Started process (PID=6401) to work on /home/airflow/.local/lib/python3.12/site-packages/airflow/example_dags/example_python_decorator.py
[2025-09-07T00:19:19.602+0000] {processor.py:914} INFO - Processing file /home/airflow/.local/lib/python3.12/site-packages/airflow/example_dags/example_python_decorator.py for tasks to queue
[2025-09-07T00:19:19.604+0000] {logging_mixin.py:190} INFO - [2025-09-07T00:19:19.603+0000] {dagbag.py:588} INFO - Filling up the DagBag from /home/airflow/.local/lib/python3.12/site-packages/airflow/example_dags/example_python_decorator.py
[2025-09-07T00:19:19.628+0000] {processor.py:925} INFO - DAG(s) 'example_python_decorator' retrieved from /home/airflow/.local/lib/python3.12/site-packages/airflow/example_dags/example_python_decorator.py
[2025-09-07T00:19:19.659+0000] {logging_mixin.py:190} INFO - [2025-09-07T00:19:19.658+0000] {dag.py:3239} INFO - Sync 1 DAGs
[2025-09-07T00:19:19.680+0000] {logging_mixin.py:190} INFO - [2025-09-07T00:19:19.680+0000] {dag.py:4180} INFO - Setting next_dagrun for example_python_decorator to None, run_after=None
[2025-09-07T00:19:19.706+0000] {processor.py:208} INFO - Processing /home/airflow/.local/lib/python3.12/site-packages/airflow/example_dags/example_python_decorator.py took 0.116 seconds
[2025-09-07T00:19:50.479+0000] {processor.py:186} INFO - Started process (PID=6467) to work on /home/airflow/.local/lib/python3.12/site-packages/airflow/example_dags/example_python_decorator.py
[2025-09-07T00:19:50.480+0000] {processor.py:914} INFO - Processing file /home/airflow/.local/lib/python3.12/site-packages/airflow/example_dags/example_python_decorator.py for tasks to queue
[2025-09-07T00:19:50.483+0000] {logging_mixin.py:190} INFO - [2025-09-07T00:19:50.482+0000] {dagbag.py:588} INFO - Filling up the DagBag from /home/airflow/.local/lib/python3.12/site-packages/airflow/example_dags/example_python_decorator.py
[2025-09-07T00:19:50.512+0000] {processor.py:925} INFO - DAG(s) 'example_python_decorator' retrieved from /home/airflow/.local/lib/python3.12/site-packages/airflow/example_dags/example_python_decorator.py
[2025-09-07T00:19:50.545+0000] {logging_mixin.py:190} INFO - [2025-09-07T00:19:50.545+0000] {dag.py:3239} INFO - Sync 1 DAGs
[2025-09-07T00:19:50.569+0000] {logging_mixin.py:190} INFO - [2025-09-07T00:19:50.568+0000] {dag.py:4180} INFO - Setting next_dagrun for example_python_decorator to None, run_after=None
[2025-09-07T00:19:50.595+0000] {processor.py:208} INFO - Processing /home/airflow/.local/lib/python3.12/site-packages/airflow/example_dags/example_python_decorator.py took 0.121 seconds
[2025-09-07T00:20:21.216+0000] {processor.py:186} INFO - Started process (PID=6533) to work on /home/airflow/.local/lib/python3.12/site-packages/airflow/example_dags/example_python_decorator.py
[2025-09-07T00:20:21.217+0000] {processor.py:914} INFO - Processing file /home/airflow/.local/lib/python3.12/site-packages/airflow/example_dags/example_python_decorator.py for tasks to queue
[2025-09-07T00:20:21.219+0000] {logging_mixin.py:190} INFO - [2025-09-07T00:20:21.219+0000] {dagbag.py:588} INFO - Filling up the DagBag from /home/airflow/.local/lib/python3.12/site-packages/airflow/example_dags/example_python_decorator.py
[2025-09-07T00:20:21.246+0000] {processor.py:925} INFO - DAG(s) 'example_python_decorator' retrieved from /home/airflow/.local/lib/python3.12/site-packages/airflow/example_dags/example_python_decorator.py
[2025-09-07T00:20:21.280+0000] {logging_mixin.py:190} INFO - [2025-09-07T00:20:21.280+0000] {dag.py:3239} INFO - Sync 1 DAGs
[2025-09-07T00:20:21.296+0000] {logging_mixin.py:190} INFO - [2025-09-07T00:20:21.295+0000] {dag.py:4180} INFO - Setting next_dagrun for example_python_decorator to None, run_after=None
[2025-09-07T00:20:21.330+0000] {processor.py:208} INFO - Processing /home/airflow/.local/lib/python3.12/site-packages/airflow/example_dags/example_python_decorator.py took 0.124 seconds
