[2025-09-07T00:00:26.922+0000] {processor.py:186} INFO - Started process (PID=3989) to work on /home/airflow/.local/lib/python3.12/site-packages/airflow/example_dags/example_task_group.py
[2025-09-07T00:00:26.923+0000] {processor.py:914} INFO - Processing file /home/airflow/.local/lib/python3.12/site-packages/airflow/example_dags/example_task_group.py for tasks to queue
[2025-09-07T00:00:26.925+0000] {logging_mixin.py:190} INFO - [2025-09-07T00:00:26.924+0000] {dagbag.py:588} INFO - Filling up the DagBag from /home/airflow/.local/lib/python3.12/site-packages/airflow/example_dags/example_task_group.py
[2025-09-07T00:00:26.933+0000] {processor.py:925} INFO - DAG(s) 'example_task_group' retrieved from /home/airflow/.local/lib/python3.12/site-packages/airflow/example_dags/example_task_group.py
[2025-09-07T00:00:26.956+0000] {logging_mixin.py:190} INFO - [2025-09-07T00:00:26.956+0000] {dag.py:3239} INFO - Sync 1 DAGs
[2025-09-07T00:00:26.970+0000] {logging_mixin.py:190} INFO - [2025-09-07T00:00:26.970+0000] {dag.py:4180} INFO - Setting next_dagrun for example_task_group to None, run_after=None
[2025-09-07T00:00:26.992+0000] {processor.py:208} INFO - Processing /home/airflow/.local/lib/python3.12/site-packages/airflow/example_dags/example_task_group.py took 0.079 seconds
[2025-09-07T00:00:57.584+0000] {processor.py:186} INFO - Started process (PID=4055) to work on /home/airflow/.local/lib/python3.12/site-packages/airflow/example_dags/example_task_group.py
[2025-09-07T00:00:57.585+0000] {processor.py:914} INFO - Processing file /home/airflow/.local/lib/python3.12/site-packages/airflow/example_dags/example_task_group.py for tasks to queue
[2025-09-07T00:00:57.586+0000] {logging_mixin.py:190} INFO - [2025-09-07T00:00:57.586+0000] {dagbag.py:588} INFO - Filling up the DagBag from /home/airflow/.local/lib/python3.12/site-packages/airflow/example_dags/example_task_group.py
[2025-09-07T00:00:57.594+0000] {processor.py:925} INFO - DAG(s) 'example_task_group' retrieved from /home/airflow/.local/lib/python3.12/site-packages/airflow/example_dags/example_task_group.py
[2025-09-07T00:00:57.613+0000] {logging_mixin.py:190} INFO - [2025-09-07T00:00:57.613+0000] {dag.py:3239} INFO - Sync 1 DAGs
[2025-09-07T00:00:57.632+0000] {logging_mixin.py:190} INFO - [2025-09-07T00:00:57.631+0000] {dag.py:4180} INFO - Setting next_dagrun for example_task_group to None, run_after=None
[2025-09-07T00:00:57.649+0000] {processor.py:208} INFO - Processing /home/airflow/.local/lib/python3.12/site-packages/airflow/example_dags/example_task_group.py took 0.073 seconds
[2025-09-07T00:01:27.776+0000] {processor.py:186} INFO - Started process (PID=4121) to work on /home/airflow/.local/lib/python3.12/site-packages/airflow/example_dags/example_task_group.py
[2025-09-07T00:01:27.778+0000] {processor.py:914} INFO - Processing file /home/airflow/.local/lib/python3.12/site-packages/airflow/example_dags/example_task_group.py for tasks to queue
[2025-09-07T00:01:27.780+0000] {logging_mixin.py:190} INFO - [2025-09-07T00:01:27.779+0000] {dagbag.py:588} INFO - Filling up the DagBag from /home/airflow/.local/lib/python3.12/site-packages/airflow/example_dags/example_task_group.py
[2025-09-07T00:01:27.790+0000] {processor.py:925} INFO - DAG(s) 'example_task_group' retrieved from /home/airflow/.local/lib/python3.12/site-packages/airflow/example_dags/example_task_group.py
[2025-09-07T00:01:27.817+0000] {logging_mixin.py:190} INFO - [2025-09-07T00:01:27.817+0000] {dag.py:3239} INFO - Sync 1 DAGs
[2025-09-07T00:01:27.834+0000] {logging_mixin.py:190} INFO - [2025-09-07T00:01:27.833+0000] {dag.py:4180} INFO - Setting next_dagrun for example_task_group to None, run_after=None
[2025-09-07T00:01:27.855+0000] {processor.py:208} INFO - Processing /home/airflow/.local/lib/python3.12/site-packages/airflow/example_dags/example_task_group.py took 0.087 seconds
[2025-09-07T00:01:58.614+0000] {processor.py:186} INFO - Started process (PID=4186) to work on /home/airflow/.local/lib/python3.12/site-packages/airflow/example_dags/example_task_group.py
[2025-09-07T00:01:58.616+0000] {processor.py:914} INFO - Processing file /home/airflow/.local/lib/python3.12/site-packages/airflow/example_dags/example_task_group.py for tasks to queue
[2025-09-07T00:01:58.618+0000] {logging_mixin.py:190} INFO - [2025-09-07T00:01:58.618+0000] {dagbag.py:588} INFO - Filling up the DagBag from /home/airflow/.local/lib/python3.12/site-packages/airflow/example_dags/example_task_group.py
[2025-09-07T00:01:58.631+0000] {processor.py:925} INFO - DAG(s) 'example_task_group' retrieved from /home/airflow/.local/lib/python3.12/site-packages/airflow/example_dags/example_task_group.py
[2025-09-07T00:01:58.655+0000] {logging_mixin.py:190} INFO - [2025-09-07T00:01:58.655+0000] {dag.py:3239} INFO - Sync 1 DAGs
[2025-09-07T00:01:58.673+0000] {logging_mixin.py:190} INFO - [2025-09-07T00:01:58.673+0000] {dag.py:4180} INFO - Setting next_dagrun for example_task_group to None, run_after=None
[2025-09-07T00:01:58.693+0000] {processor.py:208} INFO - Processing /home/airflow/.local/lib/python3.12/site-packages/airflow/example_dags/example_task_group.py took 0.087 seconds
[2025-09-07T00:02:29.500+0000] {processor.py:186} INFO - Started process (PID=4252) to work on /home/airflow/.local/lib/python3.12/site-packages/airflow/example_dags/example_task_group.py
[2025-09-07T00:02:29.502+0000] {processor.py:914} INFO - Processing file /home/airflow/.local/lib/python3.12/site-packages/airflow/example_dags/example_task_group.py for tasks to queue
[2025-09-07T00:02:29.503+0000] {logging_mixin.py:190} INFO - [2025-09-07T00:02:29.502+0000] {dagbag.py:588} INFO - Filling up the DagBag from /home/airflow/.local/lib/python3.12/site-packages/airflow/example_dags/example_task_group.py
[2025-09-07T00:02:29.517+0000] {processor.py:925} INFO - DAG(s) 'example_task_group' retrieved from /home/airflow/.local/lib/python3.12/site-packages/airflow/example_dags/example_task_group.py
[2025-09-07T00:02:29.541+0000] {logging_mixin.py:190} INFO - [2025-09-07T00:02:29.541+0000] {dag.py:3239} INFO - Sync 1 DAGs
[2025-09-07T00:02:29.559+0000] {logging_mixin.py:190} INFO - [2025-09-07T00:02:29.558+0000] {dag.py:4180} INFO - Setting next_dagrun for example_task_group to None, run_after=None
[2025-09-07T00:02:29.579+0000] {processor.py:208} INFO - Processing /home/airflow/.local/lib/python3.12/site-packages/airflow/example_dags/example_task_group.py took 0.087 seconds
[2025-09-07T00:03:00.410+0000] {processor.py:186} INFO - Started process (PID=4318) to work on /home/airflow/.local/lib/python3.12/site-packages/airflow/example_dags/example_task_group.py
[2025-09-07T00:03:00.411+0000] {processor.py:914} INFO - Processing file /home/airflow/.local/lib/python3.12/site-packages/airflow/example_dags/example_task_group.py for tasks to queue
[2025-09-07T00:03:00.412+0000] {logging_mixin.py:190} INFO - [2025-09-07T00:03:00.412+0000] {dagbag.py:588} INFO - Filling up the DagBag from /home/airflow/.local/lib/python3.12/site-packages/airflow/example_dags/example_task_group.py
[2025-09-07T00:03:00.420+0000] {processor.py:925} INFO - DAG(s) 'example_task_group' retrieved from /home/airflow/.local/lib/python3.12/site-packages/airflow/example_dags/example_task_group.py
[2025-09-07T00:03:00.445+0000] {logging_mixin.py:190} INFO - [2025-09-07T00:03:00.444+0000] {dag.py:3239} INFO - Sync 1 DAGs
[2025-09-07T00:03:00.464+0000] {logging_mixin.py:190} INFO - [2025-09-07T00:03:00.464+0000] {dag.py:4180} INFO - Setting next_dagrun for example_task_group to None, run_after=None
[2025-09-07T00:03:00.484+0000] {processor.py:208} INFO - Processing /home/airflow/.local/lib/python3.12/site-packages/airflow/example_dags/example_task_group.py took 0.079 seconds
[2025-09-07T00:03:31.168+0000] {processor.py:186} INFO - Started process (PID=4384) to work on /home/airflow/.local/lib/python3.12/site-packages/airflow/example_dags/example_task_group.py
[2025-09-07T00:03:31.170+0000] {processor.py:914} INFO - Processing file /home/airflow/.local/lib/python3.12/site-packages/airflow/example_dags/example_task_group.py for tasks to queue
[2025-09-07T00:03:31.172+0000] {logging_mixin.py:190} INFO - [2025-09-07T00:03:31.171+0000] {dagbag.py:588} INFO - Filling up the DagBag from /home/airflow/.local/lib/python3.12/site-packages/airflow/example_dags/example_task_group.py
[2025-09-07T00:03:31.188+0000] {processor.py:925} INFO - DAG(s) 'example_task_group' retrieved from /home/airflow/.local/lib/python3.12/site-packages/airflow/example_dags/example_task_group.py
[2025-09-07T00:03:31.219+0000] {logging_mixin.py:190} INFO - [2025-09-07T00:03:31.219+0000] {dag.py:3239} INFO - Sync 1 DAGs
[2025-09-07T00:03:31.237+0000] {logging_mixin.py:190} INFO - [2025-09-07T00:03:31.237+0000] {dag.py:4180} INFO - Setting next_dagrun for example_task_group to None, run_after=None
[2025-09-07T00:03:31.259+0000] {processor.py:208} INFO - Processing /home/airflow/.local/lib/python3.12/site-packages/airflow/example_dags/example_task_group.py took 0.100 seconds
[2025-09-07T00:04:01.561+0000] {processor.py:186} INFO - Started process (PID=4450) to work on /home/airflow/.local/lib/python3.12/site-packages/airflow/example_dags/example_task_group.py
[2025-09-07T00:04:01.562+0000] {processor.py:914} INFO - Processing file /home/airflow/.local/lib/python3.12/site-packages/airflow/example_dags/example_task_group.py for tasks to queue
[2025-09-07T00:04:01.563+0000] {logging_mixin.py:190} INFO - [2025-09-07T00:04:01.563+0000] {dagbag.py:588} INFO - Filling up the DagBag from /home/airflow/.local/lib/python3.12/site-packages/airflow/example_dags/example_task_group.py
[2025-09-07T00:04:01.571+0000] {processor.py:925} INFO - DAG(s) 'example_task_group' retrieved from /home/airflow/.local/lib/python3.12/site-packages/airflow/example_dags/example_task_group.py
[2025-09-07T00:04:01.590+0000] {logging_mixin.py:190} INFO - [2025-09-07T00:04:01.590+0000] {dag.py:3239} INFO - Sync 1 DAGs
[2025-09-07T00:04:01.604+0000] {logging_mixin.py:190} INFO - [2025-09-07T00:04:01.603+0000] {dag.py:4180} INFO - Setting next_dagrun for example_task_group to None, run_after=None
[2025-09-07T00:04:01.622+0000] {processor.py:208} INFO - Processing /home/airflow/.local/lib/python3.12/site-packages/airflow/example_dags/example_task_group.py took 0.068 seconds
[2025-09-07T00:04:32.264+0000] {processor.py:186} INFO - Started process (PID=4516) to work on /home/airflow/.local/lib/python3.12/site-packages/airflow/example_dags/example_task_group.py
[2025-09-07T00:04:32.266+0000] {processor.py:914} INFO - Processing file /home/airflow/.local/lib/python3.12/site-packages/airflow/example_dags/example_task_group.py for tasks to queue
[2025-09-07T00:04:32.269+0000] {logging_mixin.py:190} INFO - [2025-09-07T00:04:32.268+0000] {dagbag.py:588} INFO - Filling up the DagBag from /home/airflow/.local/lib/python3.12/site-packages/airflow/example_dags/example_task_group.py
[2025-09-07T00:04:32.283+0000] {processor.py:925} INFO - DAG(s) 'example_task_group' retrieved from /home/airflow/.local/lib/python3.12/site-packages/airflow/example_dags/example_task_group.py
[2025-09-07T00:04:32.330+0000] {logging_mixin.py:190} INFO - [2025-09-07T00:04:32.329+0000] {dag.py:3239} INFO - Sync 1 DAGs
[2025-09-07T00:04:32.364+0000] {logging_mixin.py:190} INFO - [2025-09-07T00:04:32.363+0000] {dag.py:4180} INFO - Setting next_dagrun for example_task_group to None, run_after=None
[2025-09-07T00:04:32.425+0000] {processor.py:208} INFO - Processing /home/airflow/.local/lib/python3.12/site-packages/airflow/example_dags/example_task_group.py took 0.173 seconds
[2025-09-07T00:05:03.233+0000] {processor.py:186} INFO - Started process (PID=4582) to work on /home/airflow/.local/lib/python3.12/site-packages/airflow/example_dags/example_task_group.py
[2025-09-07T00:05:03.237+0000] {processor.py:914} INFO - Processing file /home/airflow/.local/lib/python3.12/site-packages/airflow/example_dags/example_task_group.py for tasks to queue
[2025-09-07T00:05:03.240+0000] {logging_mixin.py:190} INFO - [2025-09-07T00:05:03.239+0000] {dagbag.py:588} INFO - Filling up the DagBag from /home/airflow/.local/lib/python3.12/site-packages/airflow/example_dags/example_task_group.py
[2025-09-07T00:05:03.253+0000] {processor.py:925} INFO - DAG(s) 'example_task_group' retrieved from /home/airflow/.local/lib/python3.12/site-packages/airflow/example_dags/example_task_group.py
[2025-09-07T00:05:03.275+0000] {logging_mixin.py:190} INFO - [2025-09-07T00:05:03.275+0000] {dag.py:3239} INFO - Sync 1 DAGs
[2025-09-07T00:05:03.286+0000] {logging_mixin.py:190} INFO - [2025-09-07T00:05:03.285+0000] {dag.py:4180} INFO - Setting next_dagrun for example_task_group to None, run_after=None
[2025-09-07T00:05:03.299+0000] {processor.py:208} INFO - Processing /home/airflow/.local/lib/python3.12/site-packages/airflow/example_dags/example_task_group.py took 0.075 seconds
[2025-09-07T00:05:34.221+0000] {processor.py:186} INFO - Started process (PID=4648) to work on /home/airflow/.local/lib/python3.12/site-packages/airflow/example_dags/example_task_group.py
[2025-09-07T00:05:34.224+0000] {processor.py:914} INFO - Processing file /home/airflow/.local/lib/python3.12/site-packages/airflow/example_dags/example_task_group.py for tasks to queue
[2025-09-07T00:05:34.227+0000] {logging_mixin.py:190} INFO - [2025-09-07T00:05:34.227+0000] {dagbag.py:588} INFO - Filling up the DagBag from /home/airflow/.local/lib/python3.12/site-packages/airflow/example_dags/example_task_group.py
[2025-09-07T00:05:34.243+0000] {processor.py:925} INFO - DAG(s) 'example_task_group' retrieved from /home/airflow/.local/lib/python3.12/site-packages/airflow/example_dags/example_task_group.py
[2025-09-07T00:05:34.271+0000] {logging_mixin.py:190} INFO - [2025-09-07T00:05:34.271+0000] {dag.py:3239} INFO - Sync 1 DAGs
[2025-09-07T00:05:34.291+0000] {logging_mixin.py:190} INFO - [2025-09-07T00:05:34.290+0000] {dag.py:4180} INFO - Setting next_dagrun for example_task_group to None, run_after=None
[2025-09-07T00:05:34.317+0000] {processor.py:208} INFO - Processing /home/airflow/.local/lib/python3.12/site-packages/airflow/example_dags/example_task_group.py took 0.105 seconds
[2025-09-07T00:06:05.190+0000] {processor.py:186} INFO - Started process (PID=4714) to work on /home/airflow/.local/lib/python3.12/site-packages/airflow/example_dags/example_task_group.py
[2025-09-07T00:06:05.191+0000] {processor.py:914} INFO - Processing file /home/airflow/.local/lib/python3.12/site-packages/airflow/example_dags/example_task_group.py for tasks to queue
[2025-09-07T00:06:05.193+0000] {logging_mixin.py:190} INFO - [2025-09-07T00:06:05.192+0000] {dagbag.py:588} INFO - Filling up the DagBag from /home/airflow/.local/lib/python3.12/site-packages/airflow/example_dags/example_task_group.py
[2025-09-07T00:06:05.203+0000] {processor.py:925} INFO - DAG(s) 'example_task_group' retrieved from /home/airflow/.local/lib/python3.12/site-packages/airflow/example_dags/example_task_group.py
[2025-09-07T00:06:05.223+0000] {logging_mixin.py:190} INFO - [2025-09-07T00:06:05.223+0000] {dag.py:3239} INFO - Sync 1 DAGs
[2025-09-07T00:06:05.236+0000] {logging_mixin.py:190} INFO - [2025-09-07T00:06:05.236+0000] {dag.py:4180} INFO - Setting next_dagrun for example_task_group to None, run_after=None
[2025-09-07T00:06:05.250+0000] {processor.py:208} INFO - Processing /home/airflow/.local/lib/python3.12/site-packages/airflow/example_dags/example_task_group.py took 0.066 seconds
[2025-09-07T00:06:35.698+0000] {processor.py:186} INFO - Started process (PID=4780) to work on /home/airflow/.local/lib/python3.12/site-packages/airflow/example_dags/example_task_group.py
[2025-09-07T00:06:35.699+0000] {processor.py:914} INFO - Processing file /home/airflow/.local/lib/python3.12/site-packages/airflow/example_dags/example_task_group.py for tasks to queue
[2025-09-07T00:06:35.701+0000] {logging_mixin.py:190} INFO - [2025-09-07T00:06:35.700+0000] {dagbag.py:588} INFO - Filling up the DagBag from /home/airflow/.local/lib/python3.12/site-packages/airflow/example_dags/example_task_group.py
[2025-09-07T00:06:35.714+0000] {processor.py:925} INFO - DAG(s) 'example_task_group' retrieved from /home/airflow/.local/lib/python3.12/site-packages/airflow/example_dags/example_task_group.py
[2025-09-07T00:06:35.731+0000] {logging_mixin.py:190} INFO - [2025-09-07T00:06:35.730+0000] {dag.py:3239} INFO - Sync 1 DAGs
[2025-09-07T00:06:35.742+0000] {logging_mixin.py:190} INFO - [2025-09-07T00:06:35.742+0000] {dag.py:4180} INFO - Setting next_dagrun for example_task_group to None, run_after=None
[2025-09-07T00:06:35.755+0000] {processor.py:208} INFO - Processing /home/airflow/.local/lib/python3.12/site-packages/airflow/example_dags/example_task_group.py took 0.066 seconds
[2025-09-07T00:07:06.071+0000] {processor.py:186} INFO - Started process (PID=4845) to work on /home/airflow/.local/lib/python3.12/site-packages/airflow/example_dags/example_task_group.py
[2025-09-07T00:07:06.073+0000] {processor.py:914} INFO - Processing file /home/airflow/.local/lib/python3.12/site-packages/airflow/example_dags/example_task_group.py for tasks to queue
[2025-09-07T00:07:06.077+0000] {logging_mixin.py:190} INFO - [2025-09-07T00:07:06.076+0000] {dagbag.py:588} INFO - Filling up the DagBag from /home/airflow/.local/lib/python3.12/site-packages/airflow/example_dags/example_task_group.py
[2025-09-07T00:07:06.093+0000] {processor.py:925} INFO - DAG(s) 'example_task_group' retrieved from /home/airflow/.local/lib/python3.12/site-packages/airflow/example_dags/example_task_group.py
[2025-09-07T00:07:06.118+0000] {logging_mixin.py:190} INFO - [2025-09-07T00:07:06.118+0000] {dag.py:3239} INFO - Sync 1 DAGs
[2025-09-07T00:07:06.136+0000] {logging_mixin.py:190} INFO - [2025-09-07T00:07:06.136+0000] {dag.py:4180} INFO - Setting next_dagrun for example_task_group to None, run_after=None
[2025-09-07T00:07:06.159+0000] {processor.py:208} INFO - Processing /home/airflow/.local/lib/python3.12/site-packages/airflow/example_dags/example_task_group.py took 0.098 seconds
[2025-09-07T00:07:36.646+0000] {processor.py:186} INFO - Started process (PID=4904) to work on /home/airflow/.local/lib/python3.12/site-packages/airflow/example_dags/example_task_group.py
[2025-09-07T00:07:36.647+0000] {processor.py:914} INFO - Processing file /home/airflow/.local/lib/python3.12/site-packages/airflow/example_dags/example_task_group.py for tasks to queue
[2025-09-07T00:07:36.649+0000] {logging_mixin.py:190} INFO - [2025-09-07T00:07:36.649+0000] {dagbag.py:588} INFO - Filling up the DagBag from /home/airflow/.local/lib/python3.12/site-packages/airflow/example_dags/example_task_group.py
[2025-09-07T00:07:36.662+0000] {processor.py:925} INFO - DAG(s) 'example_task_group' retrieved from /home/airflow/.local/lib/python3.12/site-packages/airflow/example_dags/example_task_group.py
[2025-09-07T00:07:36.686+0000] {logging_mixin.py:190} INFO - [2025-09-07T00:07:36.685+0000] {dag.py:3239} INFO - Sync 1 DAGs
[2025-09-07T00:07:36.700+0000] {logging_mixin.py:190} INFO - [2025-09-07T00:07:36.700+0000] {dag.py:4180} INFO - Setting next_dagrun for example_task_group to None, run_after=None
[2025-09-07T00:07:36.717+0000] {processor.py:208} INFO - Processing /home/airflow/.local/lib/python3.12/site-packages/airflow/example_dags/example_task_group.py took 0.081 seconds
[2025-09-07T00:08:06.832+0000] {processor.py:186} INFO - Started process (PID=4968) to work on /home/airflow/.local/lib/python3.12/site-packages/airflow/example_dags/example_task_group.py
[2025-09-07T00:08:06.833+0000] {processor.py:914} INFO - Processing file /home/airflow/.local/lib/python3.12/site-packages/airflow/example_dags/example_task_group.py for tasks to queue
[2025-09-07T00:08:06.834+0000] {logging_mixin.py:190} INFO - [2025-09-07T00:08:06.834+0000] {dagbag.py:588} INFO - Filling up the DagBag from /home/airflow/.local/lib/python3.12/site-packages/airflow/example_dags/example_task_group.py
[2025-09-07T00:08:06.844+0000] {processor.py:925} INFO - DAG(s) 'example_task_group' retrieved from /home/airflow/.local/lib/python3.12/site-packages/airflow/example_dags/example_task_group.py
[2025-09-07T00:08:06.872+0000] {logging_mixin.py:190} INFO - [2025-09-07T00:08:06.872+0000] {dag.py:3239} INFO - Sync 1 DAGs
[2025-09-07T00:08:06.892+0000] {logging_mixin.py:190} INFO - [2025-09-07T00:08:06.891+0000] {dag.py:4180} INFO - Setting next_dagrun for example_task_group to None, run_after=None
[2025-09-07T00:08:06.916+0000] {processor.py:208} INFO - Processing /home/airflow/.local/lib/python3.12/site-packages/airflow/example_dags/example_task_group.py took 0.090 seconds
[2025-09-07T00:08:36.974+0000] {processor.py:186} INFO - Started process (PID=5031) to work on /home/airflow/.local/lib/python3.12/site-packages/airflow/example_dags/example_task_group.py
[2025-09-07T00:08:36.975+0000] {processor.py:914} INFO - Processing file /home/airflow/.local/lib/python3.12/site-packages/airflow/example_dags/example_task_group.py for tasks to queue
[2025-09-07T00:08:36.977+0000] {logging_mixin.py:190} INFO - [2025-09-07T00:08:36.976+0000] {dagbag.py:588} INFO - Filling up the DagBag from /home/airflow/.local/lib/python3.12/site-packages/airflow/example_dags/example_task_group.py
[2025-09-07T00:08:36.987+0000] {processor.py:925} INFO - DAG(s) 'example_task_group' retrieved from /home/airflow/.local/lib/python3.12/site-packages/airflow/example_dags/example_task_group.py
[2025-09-07T00:08:37.011+0000] {logging_mixin.py:190} INFO - [2025-09-07T00:08:37.011+0000] {dag.py:3239} INFO - Sync 1 DAGs
[2025-09-07T00:08:37.031+0000] {logging_mixin.py:190} INFO - [2025-09-07T00:08:37.031+0000] {dag.py:4180} INFO - Setting next_dagrun for example_task_group to None, run_after=None
[2025-09-07T00:08:37.050+0000] {processor.py:208} INFO - Processing /home/airflow/.local/lib/python3.12/site-packages/airflow/example_dags/example_task_group.py took 0.083 seconds
[2025-09-07T00:09:07.160+0000] {processor.py:186} INFO - Started process (PID=5097) to work on /home/airflow/.local/lib/python3.12/site-packages/airflow/example_dags/example_task_group.py
[2025-09-07T00:09:07.161+0000] {processor.py:914} INFO - Processing file /home/airflow/.local/lib/python3.12/site-packages/airflow/example_dags/example_task_group.py for tasks to queue
[2025-09-07T00:09:07.163+0000] {logging_mixin.py:190} INFO - [2025-09-07T00:09:07.162+0000] {dagbag.py:588} INFO - Filling up the DagBag from /home/airflow/.local/lib/python3.12/site-packages/airflow/example_dags/example_task_group.py
[2025-09-07T00:09:07.174+0000] {processor.py:925} INFO - DAG(s) 'example_task_group' retrieved from /home/airflow/.local/lib/python3.12/site-packages/airflow/example_dags/example_task_group.py
[2025-09-07T00:09:07.195+0000] {logging_mixin.py:190} INFO - [2025-09-07T00:09:07.194+0000] {dag.py:3239} INFO - Sync 1 DAGs
[2025-09-07T00:09:07.205+0000] {logging_mixin.py:190} INFO - [2025-09-07T00:09:07.205+0000] {dag.py:4180} INFO - Setting next_dagrun for example_task_group to None, run_after=None
[2025-09-07T00:09:07.223+0000] {processor.py:208} INFO - Processing /home/airflow/.local/lib/python3.12/site-packages/airflow/example_dags/example_task_group.py took 0.069 seconds
[2025-09-07T00:09:37.804+0000] {processor.py:186} INFO - Started process (PID=5163) to work on /home/airflow/.local/lib/python3.12/site-packages/airflow/example_dags/example_task_group.py
[2025-09-07T00:09:37.806+0000] {processor.py:914} INFO - Processing file /home/airflow/.local/lib/python3.12/site-packages/airflow/example_dags/example_task_group.py for tasks to queue
[2025-09-07T00:09:37.812+0000] {logging_mixin.py:190} INFO - [2025-09-07T00:09:37.811+0000] {dagbag.py:588} INFO - Filling up the DagBag from /home/airflow/.local/lib/python3.12/site-packages/airflow/example_dags/example_task_group.py
[2025-09-07T00:09:37.824+0000] {processor.py:925} INFO - DAG(s) 'example_task_group' retrieved from /home/airflow/.local/lib/python3.12/site-packages/airflow/example_dags/example_task_group.py
[2025-09-07T00:09:37.849+0000] {logging_mixin.py:190} INFO - [2025-09-07T00:09:37.849+0000] {dag.py:3239} INFO - Sync 1 DAGs
[2025-09-07T00:09:37.867+0000] {logging_mixin.py:190} INFO - [2025-09-07T00:09:37.866+0000] {dag.py:4180} INFO - Setting next_dagrun for example_task_group to None, run_after=None
[2025-09-07T00:09:37.890+0000] {processor.py:208} INFO - Processing /home/airflow/.local/lib/python3.12/site-packages/airflow/example_dags/example_task_group.py took 0.092 seconds
[2025-09-07T00:10:08.078+0000] {processor.py:186} INFO - Started process (PID=5229) to work on /home/airflow/.local/lib/python3.12/site-packages/airflow/example_dags/example_task_group.py
[2025-09-07T00:10:08.080+0000] {processor.py:914} INFO - Processing file /home/airflow/.local/lib/python3.12/site-packages/airflow/example_dags/example_task_group.py for tasks to queue
[2025-09-07T00:10:08.083+0000] {logging_mixin.py:190} INFO - [2025-09-07T00:10:08.082+0000] {dagbag.py:588} INFO - Filling up the DagBag from /home/airflow/.local/lib/python3.12/site-packages/airflow/example_dags/example_task_group.py
[2025-09-07T00:10:08.098+0000] {processor.py:925} INFO - DAG(s) 'example_task_group' retrieved from /home/airflow/.local/lib/python3.12/site-packages/airflow/example_dags/example_task_group.py
[2025-09-07T00:10:08.124+0000] {logging_mixin.py:190} INFO - [2025-09-07T00:10:08.124+0000] {dag.py:3239} INFO - Sync 1 DAGs
[2025-09-07T00:10:08.137+0000] {logging_mixin.py:190} INFO - [2025-09-07T00:10:08.137+0000] {dag.py:4180} INFO - Setting next_dagrun for example_task_group to None, run_after=None
[2025-09-07T00:10:08.157+0000] {processor.py:208} INFO - Processing /home/airflow/.local/lib/python3.12/site-packages/airflow/example_dags/example_task_group.py took 0.085 seconds
[2025-09-07T00:10:38.802+0000] {processor.py:186} INFO - Started process (PID=5295) to work on /home/airflow/.local/lib/python3.12/site-packages/airflow/example_dags/example_task_group.py
[2025-09-07T00:10:38.804+0000] {processor.py:914} INFO - Processing file /home/airflow/.local/lib/python3.12/site-packages/airflow/example_dags/example_task_group.py for tasks to queue
[2025-09-07T00:10:38.806+0000] {logging_mixin.py:190} INFO - [2025-09-07T00:10:38.806+0000] {dagbag.py:588} INFO - Filling up the DagBag from /home/airflow/.local/lib/python3.12/site-packages/airflow/example_dags/example_task_group.py
[2025-09-07T00:10:38.820+0000] {processor.py:925} INFO - DAG(s) 'example_task_group' retrieved from /home/airflow/.local/lib/python3.12/site-packages/airflow/example_dags/example_task_group.py
[2025-09-07T00:10:38.841+0000] {logging_mixin.py:190} INFO - [2025-09-07T00:10:38.841+0000] {dag.py:3239} INFO - Sync 1 DAGs
[2025-09-07T00:10:38.855+0000] {logging_mixin.py:190} INFO - [2025-09-07T00:10:38.854+0000] {dag.py:4180} INFO - Setting next_dagrun for example_task_group to None, run_after=None
[2025-09-07T00:10:38.871+0000] {processor.py:208} INFO - Processing /home/airflow/.local/lib/python3.12/site-packages/airflow/example_dags/example_task_group.py took 0.074 seconds
[2025-09-07T00:11:09.085+0000] {processor.py:186} INFO - Started process (PID=5361) to work on /home/airflow/.local/lib/python3.12/site-packages/airflow/example_dags/example_task_group.py
[2025-09-07T00:11:09.087+0000] {processor.py:914} INFO - Processing file /home/airflow/.local/lib/python3.12/site-packages/airflow/example_dags/example_task_group.py for tasks to queue
[2025-09-07T00:11:09.089+0000] {logging_mixin.py:190} INFO - [2025-09-07T00:11:09.088+0000] {dagbag.py:588} INFO - Filling up the DagBag from /home/airflow/.local/lib/python3.12/site-packages/airflow/example_dags/example_task_group.py
[2025-09-07T00:11:09.102+0000] {processor.py:925} INFO - DAG(s) 'example_task_group' retrieved from /home/airflow/.local/lib/python3.12/site-packages/airflow/example_dags/example_task_group.py
[2025-09-07T00:11:09.132+0000] {logging_mixin.py:190} INFO - [2025-09-07T00:11:09.132+0000] {dag.py:3239} INFO - Sync 1 DAGs
[2025-09-07T00:11:09.143+0000] {logging_mixin.py:190} INFO - [2025-09-07T00:11:09.143+0000] {dag.py:4180} INFO - Setting next_dagrun for example_task_group to None, run_after=None
[2025-09-07T00:11:09.163+0000] {processor.py:208} INFO - Processing /home/airflow/.local/lib/python3.12/site-packages/airflow/example_dags/example_task_group.py took 0.086 seconds
[2025-09-07T00:11:39.732+0000] {processor.py:186} INFO - Started process (PID=5427) to work on /home/airflow/.local/lib/python3.12/site-packages/airflow/example_dags/example_task_group.py
[2025-09-07T00:11:39.734+0000] {processor.py:914} INFO - Processing file /home/airflow/.local/lib/python3.12/site-packages/airflow/example_dags/example_task_group.py for tasks to queue
[2025-09-07T00:11:39.736+0000] {logging_mixin.py:190} INFO - [2025-09-07T00:11:39.736+0000] {dagbag.py:588} INFO - Filling up the DagBag from /home/airflow/.local/lib/python3.12/site-packages/airflow/example_dags/example_task_group.py
[2025-09-07T00:11:39.754+0000] {processor.py:925} INFO - DAG(s) 'example_task_group' retrieved from /home/airflow/.local/lib/python3.12/site-packages/airflow/example_dags/example_task_group.py
[2025-09-07T00:11:39.789+0000] {logging_mixin.py:190} INFO - [2025-09-07T00:11:39.789+0000] {dag.py:3239} INFO - Sync 1 DAGs
[2025-09-07T00:11:39.813+0000] {logging_mixin.py:190} INFO - [2025-09-07T00:11:39.813+0000] {dag.py:4180} INFO - Setting next_dagrun for example_task_group to None, run_after=None
[2025-09-07T00:11:39.841+0000] {processor.py:208} INFO - Processing /home/airflow/.local/lib/python3.12/site-packages/airflow/example_dags/example_task_group.py took 0.120 seconds
[2025-09-07T00:12:09.913+0000] {processor.py:186} INFO - Started process (PID=5492) to work on /home/airflow/.local/lib/python3.12/site-packages/airflow/example_dags/example_task_group.py
[2025-09-07T00:12:09.915+0000] {processor.py:914} INFO - Processing file /home/airflow/.local/lib/python3.12/site-packages/airflow/example_dags/example_task_group.py for tasks to queue
[2025-09-07T00:12:09.917+0000] {logging_mixin.py:190} INFO - [2025-09-07T00:12:09.916+0000] {dagbag.py:588} INFO - Filling up the DagBag from /home/airflow/.local/lib/python3.12/site-packages/airflow/example_dags/example_task_group.py
[2025-09-07T00:12:09.930+0000] {processor.py:925} INFO - DAG(s) 'example_task_group' retrieved from /home/airflow/.local/lib/python3.12/site-packages/airflow/example_dags/example_task_group.py
[2025-09-07T00:12:09.960+0000] {logging_mixin.py:190} INFO - [2025-09-07T00:12:09.959+0000] {dag.py:3239} INFO - Sync 1 DAGs
[2025-09-07T00:12:09.980+0000] {logging_mixin.py:190} INFO - [2025-09-07T00:12:09.980+0000] {dag.py:4180} INFO - Setting next_dagrun for example_task_group to None, run_after=None
[2025-09-07T00:12:10.006+0000] {processor.py:208} INFO - Processing /home/airflow/.local/lib/python3.12/site-packages/airflow/example_dags/example_task_group.py took 0.102 seconds
[2025-09-07T00:12:40.184+0000] {processor.py:186} INFO - Started process (PID=5558) to work on /home/airflow/.local/lib/python3.12/site-packages/airflow/example_dags/example_task_group.py
[2025-09-07T00:12:40.185+0000] {processor.py:914} INFO - Processing file /home/airflow/.local/lib/python3.12/site-packages/airflow/example_dags/example_task_group.py for tasks to queue
[2025-09-07T00:12:40.187+0000] {logging_mixin.py:190} INFO - [2025-09-07T00:12:40.187+0000] {dagbag.py:588} INFO - Filling up the DagBag from /home/airflow/.local/lib/python3.12/site-packages/airflow/example_dags/example_task_group.py
[2025-09-07T00:12:40.200+0000] {processor.py:925} INFO - DAG(s) 'example_task_group' retrieved from /home/airflow/.local/lib/python3.12/site-packages/airflow/example_dags/example_task_group.py
[2025-09-07T00:12:40.224+0000] {logging_mixin.py:190} INFO - [2025-09-07T00:12:40.224+0000] {dag.py:3239} INFO - Sync 1 DAGs
[2025-09-07T00:12:40.237+0000] {logging_mixin.py:190} INFO - [2025-09-07T00:12:40.237+0000] {dag.py:4180} INFO - Setting next_dagrun for example_task_group to None, run_after=None
[2025-09-07T00:12:40.256+0000] {processor.py:208} INFO - Processing /home/airflow/.local/lib/python3.12/site-packages/airflow/example_dags/example_task_group.py took 0.082 seconds
[2025-09-07T00:13:11.282+0000] {processor.py:186} INFO - Started process (PID=5624) to work on /home/airflow/.local/lib/python3.12/site-packages/airflow/example_dags/example_task_group.py
[2025-09-07T00:13:11.284+0000] {processor.py:914} INFO - Processing file /home/airflow/.local/lib/python3.12/site-packages/airflow/example_dags/example_task_group.py for tasks to queue
[2025-09-07T00:13:11.286+0000] {logging_mixin.py:190} INFO - [2025-09-07T00:13:11.286+0000] {dagbag.py:588} INFO - Filling up the DagBag from /home/airflow/.local/lib/python3.12/site-packages/airflow/example_dags/example_task_group.py
[2025-09-07T00:13:11.304+0000] {processor.py:925} INFO - DAG(s) 'example_task_group' retrieved from /home/airflow/.local/lib/python3.12/site-packages/airflow/example_dags/example_task_group.py
[2025-09-07T00:13:11.327+0000] {logging_mixin.py:190} INFO - [2025-09-07T00:13:11.326+0000] {dag.py:3239} INFO - Sync 1 DAGs
[2025-09-07T00:13:11.341+0000] {logging_mixin.py:190} INFO - [2025-09-07T00:13:11.341+0000] {dag.py:4180} INFO - Setting next_dagrun for example_task_group to None, run_after=None
[2025-09-07T00:13:11.384+0000] {processor.py:208} INFO - Processing /home/airflow/.local/lib/python3.12/site-packages/airflow/example_dags/example_task_group.py took 0.113 seconds
[2025-09-07T00:13:42.432+0000] {processor.py:186} INFO - Started process (PID=5690) to work on /home/airflow/.local/lib/python3.12/site-packages/airflow/example_dags/example_task_group.py
[2025-09-07T00:13:42.434+0000] {processor.py:914} INFO - Processing file /home/airflow/.local/lib/python3.12/site-packages/airflow/example_dags/example_task_group.py for tasks to queue
[2025-09-07T00:13:42.438+0000] {logging_mixin.py:190} INFO - [2025-09-07T00:13:42.437+0000] {dagbag.py:588} INFO - Filling up the DagBag from /home/airflow/.local/lib/python3.12/site-packages/airflow/example_dags/example_task_group.py
[2025-09-07T00:13:42.452+0000] {processor.py:925} INFO - DAG(s) 'example_task_group' retrieved from /home/airflow/.local/lib/python3.12/site-packages/airflow/example_dags/example_task_group.py
[2025-09-07T00:13:42.489+0000] {logging_mixin.py:190} INFO - [2025-09-07T00:13:42.489+0000] {dag.py:3239} INFO - Sync 1 DAGs
[2025-09-07T00:13:42.730+0000] {logging_mixin.py:190} INFO - [2025-09-07T00:13:42.729+0000] {dag.py:4180} INFO - Setting next_dagrun for example_task_group to None, run_after=None
[2025-09-07T00:13:42.756+0000] {processor.py:208} INFO - Processing /home/airflow/.local/lib/python3.12/site-packages/airflow/example_dags/example_task_group.py took 0.335 seconds
[2025-09-07T00:14:13.632+0000] {processor.py:186} INFO - Started process (PID=5756) to work on /home/airflow/.local/lib/python3.12/site-packages/airflow/example_dags/example_task_group.py
[2025-09-07T00:14:13.634+0000] {processor.py:914} INFO - Processing file /home/airflow/.local/lib/python3.12/site-packages/airflow/example_dags/example_task_group.py for tasks to queue
[2025-09-07T00:14:13.636+0000] {logging_mixin.py:190} INFO - [2025-09-07T00:14:13.635+0000] {dagbag.py:588} INFO - Filling up the DagBag from /home/airflow/.local/lib/python3.12/site-packages/airflow/example_dags/example_task_group.py
[2025-09-07T00:14:13.651+0000] {processor.py:925} INFO - DAG(s) 'example_task_group' retrieved from /home/airflow/.local/lib/python3.12/site-packages/airflow/example_dags/example_task_group.py
[2025-09-07T00:14:13.686+0000] {logging_mixin.py:190} INFO - [2025-09-07T00:14:13.686+0000] {dag.py:3239} INFO - Sync 1 DAGs
[2025-09-07T00:14:13.702+0000] {logging_mixin.py:190} INFO - [2025-09-07T00:14:13.702+0000] {dag.py:4180} INFO - Setting next_dagrun for example_task_group to None, run_after=None
[2025-09-07T00:14:13.735+0000] {processor.py:208} INFO - Processing /home/airflow/.local/lib/python3.12/site-packages/airflow/example_dags/example_task_group.py took 0.110 seconds
[2025-09-07T00:14:44.172+0000] {processor.py:186} INFO - Started process (PID=5821) to work on /home/airflow/.local/lib/python3.12/site-packages/airflow/example_dags/example_task_group.py
[2025-09-07T00:14:44.175+0000] {processor.py:914} INFO - Processing file /home/airflow/.local/lib/python3.12/site-packages/airflow/example_dags/example_task_group.py for tasks to queue
[2025-09-07T00:14:44.180+0000] {logging_mixin.py:190} INFO - [2025-09-07T00:14:44.179+0000] {dagbag.py:588} INFO - Filling up the DagBag from /home/airflow/.local/lib/python3.12/site-packages/airflow/example_dags/example_task_group.py
[2025-09-07T00:14:44.197+0000] {processor.py:925} INFO - DAG(s) 'example_task_group' retrieved from /home/airflow/.local/lib/python3.12/site-packages/airflow/example_dags/example_task_group.py
[2025-09-07T00:14:44.227+0000] {logging_mixin.py:190} INFO - [2025-09-07T00:14:44.227+0000] {dag.py:3239} INFO - Sync 1 DAGs
[2025-09-07T00:14:44.253+0000] {logging_mixin.py:190} INFO - [2025-09-07T00:14:44.251+0000] {dag.py:4180} INFO - Setting next_dagrun for example_task_group to None, run_after=None
[2025-09-07T00:14:44.281+0000] {processor.py:208} INFO - Processing /home/airflow/.local/lib/python3.12/site-packages/airflow/example_dags/example_task_group.py took 0.117 seconds
[2025-09-07T00:15:14.383+0000] {processor.py:186} INFO - Started process (PID=5887) to work on /home/airflow/.local/lib/python3.12/site-packages/airflow/example_dags/example_task_group.py
[2025-09-07T00:15:14.384+0000] {processor.py:914} INFO - Processing file /home/airflow/.local/lib/python3.12/site-packages/airflow/example_dags/example_task_group.py for tasks to queue
[2025-09-07T00:15:14.386+0000] {logging_mixin.py:190} INFO - [2025-09-07T00:15:14.385+0000] {dagbag.py:588} INFO - Filling up the DagBag from /home/airflow/.local/lib/python3.12/site-packages/airflow/example_dags/example_task_group.py
[2025-09-07T00:15:14.401+0000] {processor.py:925} INFO - DAG(s) 'example_task_group' retrieved from /home/airflow/.local/lib/python3.12/site-packages/airflow/example_dags/example_task_group.py
[2025-09-07T00:15:14.427+0000] {logging_mixin.py:190} INFO - [2025-09-07T00:15:14.427+0000] {dag.py:3239} INFO - Sync 1 DAGs
[2025-09-07T00:15:14.450+0000] {logging_mixin.py:190} INFO - [2025-09-07T00:15:14.449+0000] {dag.py:4180} INFO - Setting next_dagrun for example_task_group to None, run_after=None
[2025-09-07T00:15:14.472+0000] {processor.py:208} INFO - Processing /home/airflow/.local/lib/python3.12/site-packages/airflow/example_dags/example_task_group.py took 0.097 seconds
[2025-09-07T00:15:44.982+0000] {processor.py:186} INFO - Started process (PID=5953) to work on /home/airflow/.local/lib/python3.12/site-packages/airflow/example_dags/example_task_group.py
[2025-09-07T00:15:44.984+0000] {processor.py:914} INFO - Processing file /home/airflow/.local/lib/python3.12/site-packages/airflow/example_dags/example_task_group.py for tasks to queue
[2025-09-07T00:15:44.987+0000] {logging_mixin.py:190} INFO - [2025-09-07T00:15:44.986+0000] {dagbag.py:588} INFO - Filling up the DagBag from /home/airflow/.local/lib/python3.12/site-packages/airflow/example_dags/example_task_group.py
[2025-09-07T00:15:45.003+0000] {processor.py:925} INFO - DAG(s) 'example_task_group' retrieved from /home/airflow/.local/lib/python3.12/site-packages/airflow/example_dags/example_task_group.py
[2025-09-07T00:15:45.033+0000] {logging_mixin.py:190} INFO - [2025-09-07T00:15:45.032+0000] {dag.py:3239} INFO - Sync 1 DAGs
[2025-09-07T00:15:45.059+0000] {logging_mixin.py:190} INFO - [2025-09-07T00:15:45.058+0000] {dag.py:4180} INFO - Setting next_dagrun for example_task_group to None, run_after=None
[2025-09-07T00:15:45.082+0000] {processor.py:208} INFO - Processing /home/airflow/.local/lib/python3.12/site-packages/airflow/example_dags/example_task_group.py took 0.111 seconds
[2025-09-07T00:16:15.613+0000] {processor.py:186} INFO - Started process (PID=6011) to work on /home/airflow/.local/lib/python3.12/site-packages/airflow/example_dags/example_task_group.py
[2025-09-07T00:16:15.616+0000] {processor.py:914} INFO - Processing file /home/airflow/.local/lib/python3.12/site-packages/airflow/example_dags/example_task_group.py for tasks to queue
[2025-09-07T00:16:15.618+0000] {logging_mixin.py:190} INFO - [2025-09-07T00:16:15.618+0000] {dagbag.py:588} INFO - Filling up the DagBag from /home/airflow/.local/lib/python3.12/site-packages/airflow/example_dags/example_task_group.py
[2025-09-07T00:16:15.633+0000] {processor.py:925} INFO - DAG(s) 'example_task_group' retrieved from /home/airflow/.local/lib/python3.12/site-packages/airflow/example_dags/example_task_group.py
[2025-09-07T00:16:15.666+0000] {logging_mixin.py:190} INFO - [2025-09-07T00:16:15.665+0000] {dag.py:3239} INFO - Sync 1 DAGs
[2025-09-07T00:16:15.689+0000] {logging_mixin.py:190} INFO - [2025-09-07T00:16:15.689+0000] {dag.py:4180} INFO - Setting next_dagrun for example_task_group to None, run_after=None
[2025-09-07T00:16:15.717+0000] {processor.py:208} INFO - Processing /home/airflow/.local/lib/python3.12/site-packages/airflow/example_dags/example_task_group.py took 0.113 seconds
[2025-09-07T00:16:46.207+0000] {processor.py:186} INFO - Started process (PID=6077) to work on /home/airflow/.local/lib/python3.12/site-packages/airflow/example_dags/example_task_group.py
[2025-09-07T00:16:46.208+0000] {processor.py:914} INFO - Processing file /home/airflow/.local/lib/python3.12/site-packages/airflow/example_dags/example_task_group.py for tasks to queue
[2025-09-07T00:16:46.211+0000] {logging_mixin.py:190} INFO - [2025-09-07T00:16:46.210+0000] {dagbag.py:588} INFO - Filling up the DagBag from /home/airflow/.local/lib/python3.12/site-packages/airflow/example_dags/example_task_group.py
[2025-09-07T00:16:46.226+0000] {processor.py:925} INFO - DAG(s) 'example_task_group' retrieved from /home/airflow/.local/lib/python3.12/site-packages/airflow/example_dags/example_task_group.py
[2025-09-07T00:16:46.257+0000] {logging_mixin.py:190} INFO - [2025-09-07T00:16:46.257+0000] {dag.py:3239} INFO - Sync 1 DAGs
[2025-09-07T00:16:46.278+0000] {logging_mixin.py:190} INFO - [2025-09-07T00:16:46.278+0000] {dag.py:4180} INFO - Setting next_dagrun for example_task_group to None, run_after=None
[2025-09-07T00:16:46.301+0000] {processor.py:208} INFO - Processing /home/airflow/.local/lib/python3.12/site-packages/airflow/example_dags/example_task_group.py took 0.102 seconds
[2025-09-07T00:17:16.924+0000] {processor.py:186} INFO - Started process (PID=6143) to work on /home/airflow/.local/lib/python3.12/site-packages/airflow/example_dags/example_task_group.py
[2025-09-07T00:17:16.926+0000] {processor.py:914} INFO - Processing file /home/airflow/.local/lib/python3.12/site-packages/airflow/example_dags/example_task_group.py for tasks to queue
[2025-09-07T00:17:16.929+0000] {logging_mixin.py:190} INFO - [2025-09-07T00:17:16.928+0000] {dagbag.py:588} INFO - Filling up the DagBag from /home/airflow/.local/lib/python3.12/site-packages/airflow/example_dags/example_task_group.py
[2025-09-07T00:17:16.945+0000] {processor.py:925} INFO - DAG(s) 'example_task_group' retrieved from /home/airflow/.local/lib/python3.12/site-packages/airflow/example_dags/example_task_group.py
[2025-09-07T00:17:16.977+0000] {logging_mixin.py:190} INFO - [2025-09-07T00:17:16.977+0000] {dag.py:3239} INFO - Sync 1 DAGs
[2025-09-07T00:17:17.002+0000] {logging_mixin.py:190} INFO - [2025-09-07T00:17:17.002+0000] {dag.py:4180} INFO - Setting next_dagrun for example_task_group to None, run_after=None
[2025-09-07T00:17:17.028+0000] {processor.py:208} INFO - Processing /home/airflow/.local/lib/python3.12/site-packages/airflow/example_dags/example_task_group.py took 0.113 seconds
[2025-09-07T00:17:47.586+0000] {processor.py:186} INFO - Started process (PID=6209) to work on /home/airflow/.local/lib/python3.12/site-packages/airflow/example_dags/example_task_group.py
[2025-09-07T00:17:47.588+0000] {processor.py:914} INFO - Processing file /home/airflow/.local/lib/python3.12/site-packages/airflow/example_dags/example_task_group.py for tasks to queue
[2025-09-07T00:17:47.590+0000] {logging_mixin.py:190} INFO - [2025-09-07T00:17:47.589+0000] {dagbag.py:588} INFO - Filling up the DagBag from /home/airflow/.local/lib/python3.12/site-packages/airflow/example_dags/example_task_group.py
[2025-09-07T00:17:47.606+0000] {processor.py:925} INFO - DAG(s) 'example_task_group' retrieved from /home/airflow/.local/lib/python3.12/site-packages/airflow/example_dags/example_task_group.py
[2025-09-07T00:17:47.634+0000] {logging_mixin.py:190} INFO - [2025-09-07T00:17:47.634+0000] {dag.py:3239} INFO - Sync 1 DAGs
[2025-09-07T00:17:47.654+0000] {logging_mixin.py:190} INFO - [2025-09-07T00:17:47.654+0000] {dag.py:4180} INFO - Setting next_dagrun for example_task_group to None, run_after=None
[2025-09-07T00:17:47.684+0000] {processor.py:208} INFO - Processing /home/airflow/.local/lib/python3.12/site-packages/airflow/example_dags/example_task_group.py took 0.108 seconds
[2025-09-07T00:18:18.336+0000] {processor.py:186} INFO - Started process (PID=6275) to work on /home/airflow/.local/lib/python3.12/site-packages/airflow/example_dags/example_task_group.py
[2025-09-07T00:18:18.338+0000] {processor.py:914} INFO - Processing file /home/airflow/.local/lib/python3.12/site-packages/airflow/example_dags/example_task_group.py for tasks to queue
[2025-09-07T00:18:18.340+0000] {logging_mixin.py:190} INFO - [2025-09-07T00:18:18.340+0000] {dagbag.py:588} INFO - Filling up the DagBag from /home/airflow/.local/lib/python3.12/site-packages/airflow/example_dags/example_task_group.py
[2025-09-07T00:18:18.353+0000] {processor.py:925} INFO - DAG(s) 'example_task_group' retrieved from /home/airflow/.local/lib/python3.12/site-packages/airflow/example_dags/example_task_group.py
[2025-09-07T00:18:18.388+0000] {logging_mixin.py:190} INFO - [2025-09-07T00:18:18.387+0000] {dag.py:3239} INFO - Sync 1 DAGs
[2025-09-07T00:18:18.409+0000] {logging_mixin.py:190} INFO - [2025-09-07T00:18:18.409+0000] {dag.py:4180} INFO - Setting next_dagrun for example_task_group to None, run_after=None
[2025-09-07T00:18:18.437+0000] {processor.py:208} INFO - Processing /home/airflow/.local/lib/python3.12/site-packages/airflow/example_dags/example_task_group.py took 0.111 seconds
[2025-09-07T00:18:49.162+0000] {processor.py:186} INFO - Started process (PID=6341) to work on /home/airflow/.local/lib/python3.12/site-packages/airflow/example_dags/example_task_group.py
[2025-09-07T00:18:49.164+0000] {processor.py:914} INFO - Processing file /home/airflow/.local/lib/python3.12/site-packages/airflow/example_dags/example_task_group.py for tasks to queue
[2025-09-07T00:18:49.167+0000] {logging_mixin.py:190} INFO - [2025-09-07T00:18:49.166+0000] {dagbag.py:588} INFO - Filling up the DagBag from /home/airflow/.local/lib/python3.12/site-packages/airflow/example_dags/example_task_group.py
[2025-09-07T00:18:49.184+0000] {processor.py:925} INFO - DAG(s) 'example_task_group' retrieved from /home/airflow/.local/lib/python3.12/site-packages/airflow/example_dags/example_task_group.py
[2025-09-07T00:18:49.219+0000] {logging_mixin.py:190} INFO - [2025-09-07T00:18:49.219+0000] {dag.py:3239} INFO - Sync 1 DAGs
[2025-09-07T00:18:49.236+0000] {logging_mixin.py:190} INFO - [2025-09-07T00:18:49.236+0000] {dag.py:4180} INFO - Setting next_dagrun for example_task_group to None, run_after=None
[2025-09-07T00:18:49.264+0000] {processor.py:208} INFO - Processing /home/airflow/.local/lib/python3.12/site-packages/airflow/example_dags/example_task_group.py took 0.111 seconds
[2025-09-07T00:19:19.740+0000] {processor.py:186} INFO - Started process (PID=6406) to work on /home/airflow/.local/lib/python3.12/site-packages/airflow/example_dags/example_task_group.py
[2025-09-07T00:19:19.741+0000] {processor.py:914} INFO - Processing file /home/airflow/.local/lib/python3.12/site-packages/airflow/example_dags/example_task_group.py for tasks to queue
[2025-09-07T00:19:19.743+0000] {logging_mixin.py:190} INFO - [2025-09-07T00:19:19.743+0000] {dagbag.py:588} INFO - Filling up the DagBag from /home/airflow/.local/lib/python3.12/site-packages/airflow/example_dags/example_task_group.py
[2025-09-07T00:19:19.757+0000] {processor.py:925} INFO - DAG(s) 'example_task_group' retrieved from /home/airflow/.local/lib/python3.12/site-packages/airflow/example_dags/example_task_group.py
[2025-09-07T00:19:19.789+0000] {logging_mixin.py:190} INFO - [2025-09-07T00:19:19.788+0000] {dag.py:3239} INFO - Sync 1 DAGs
[2025-09-07T00:19:19.808+0000] {logging_mixin.py:190} INFO - [2025-09-07T00:19:19.808+0000] {dag.py:4180} INFO - Setting next_dagrun for example_task_group to None, run_after=None
[2025-09-07T00:19:19.831+0000] {processor.py:208} INFO - Processing /home/airflow/.local/lib/python3.12/site-packages/airflow/example_dags/example_task_group.py took 0.099 seconds
[2025-09-07T00:19:50.623+0000] {processor.py:186} INFO - Started process (PID=6472) to work on /home/airflow/.local/lib/python3.12/site-packages/airflow/example_dags/example_task_group.py
[2025-09-07T00:19:50.624+0000] {processor.py:914} INFO - Processing file /home/airflow/.local/lib/python3.12/site-packages/airflow/example_dags/example_task_group.py for tasks to queue
[2025-09-07T00:19:50.627+0000] {logging_mixin.py:190} INFO - [2025-09-07T00:19:50.627+0000] {dagbag.py:588} INFO - Filling up the DagBag from /home/airflow/.local/lib/python3.12/site-packages/airflow/example_dags/example_task_group.py
[2025-09-07T00:19:50.641+0000] {processor.py:925} INFO - DAG(s) 'example_task_group' retrieved from /home/airflow/.local/lib/python3.12/site-packages/airflow/example_dags/example_task_group.py
[2025-09-07T00:19:50.660+0000] {logging_mixin.py:190} INFO - [2025-09-07T00:19:50.660+0000] {dag.py:3239} INFO - Sync 1 DAGs
[2025-09-07T00:19:50.676+0000] {logging_mixin.py:190} INFO - [2025-09-07T00:19:50.675+0000] {dag.py:4180} INFO - Setting next_dagrun for example_task_group to None, run_after=None
[2025-09-07T00:19:50.702+0000] {processor.py:208} INFO - Processing /home/airflow/.local/lib/python3.12/site-packages/airflow/example_dags/example_task_group.py took 0.088 seconds
[2025-09-07T00:20:21.328+0000] {processor.py:186} INFO - Started process (PID=6538) to work on /home/airflow/.local/lib/python3.12/site-packages/airflow/example_dags/example_task_group.py
[2025-09-07T00:20:21.330+0000] {processor.py:914} INFO - Processing file /home/airflow/.local/lib/python3.12/site-packages/airflow/example_dags/example_task_group.py for tasks to queue
[2025-09-07T00:20:21.336+0000] {logging_mixin.py:190} INFO - [2025-09-07T00:20:21.336+0000] {dagbag.py:588} INFO - Filling up the DagBag from /home/airflow/.local/lib/python3.12/site-packages/airflow/example_dags/example_task_group.py
[2025-09-07T00:20:21.362+0000] {processor.py:925} INFO - DAG(s) 'example_task_group' retrieved from /home/airflow/.local/lib/python3.12/site-packages/airflow/example_dags/example_task_group.py
[2025-09-07T00:20:21.398+0000] {logging_mixin.py:190} INFO - [2025-09-07T00:20:21.398+0000] {dag.py:3239} INFO - Sync 1 DAGs
[2025-09-07T00:20:21.413+0000] {logging_mixin.py:190} INFO - [2025-09-07T00:20:21.413+0000] {dag.py:4180} INFO - Setting next_dagrun for example_task_group to None, run_after=None
[2025-09-07T00:20:21.442+0000] {processor.py:208} INFO - Processing /home/airflow/.local/lib/python3.12/site-packages/airflow/example_dags/example_task_group.py took 0.126 seconds
