[2025-09-07T00:00:18.817+0000] {processor.py:186} INFO - Started process (PID=3959) to work on /home/airflow/.local/lib/python3.12/site-packages/airflow/example_dags/example_dataset_alias_with_no_taskflow.py
[2025-09-07T00:00:18.819+0000] {processor.py:914} INFO - Processing file /home/airflow/.local/lib/python3.12/site-packages/airflow/example_dags/example_dataset_alias_with_no_taskflow.py for tasks to queue
[2025-09-07T00:00:18.821+0000] {logging_mixin.py:190} INFO - [2025-09-07T00:00:18.820+0000] {dagbag.py:588} INFO - Filling up the DagBag from /home/airflow/.local/lib/python3.12/site-packages/airflow/example_dags/example_dataset_alias_with_no_taskflow.py
[2025-09-07T00:00:19.292+0000] {processor.py:925} INFO - DAG(s) 'dataset_s3_bucket_consumer_with_no_taskflow', 'dataset_alias_example_alias_producer_with_no_taskflow', 'dataset_alias_example_alias_consumer_with_no_taskflow', 'dataset_s3_bucket_producer_with_no_taskflow' retrieved from /home/airflow/.local/lib/python3.12/site-packages/airflow/example_dags/example_dataset_alias_with_no_taskflow.py
[2025-09-07T00:00:19.313+0000] {logging_mixin.py:190} INFO - [2025-09-07T00:00:19.310+0000] {dag.py:3239} INFO - Sync 4 DAGs
[2025-09-07T00:00:19.344+0000] {logging_mixin.py:190} INFO - [2025-09-07T00:00:19.343+0000] {dag.py:4180} INFO - Setting next_dagrun for dataset_alias_example_alias_consumer_with_no_taskflow to None, run_after=None
[2025-09-07T00:00:19.348+0000] {logging_mixin.py:190} INFO - [2025-09-07T00:00:19.347+0000] {dag.py:4180} INFO - Setting next_dagrun for dataset_alias_example_alias_producer_with_no_taskflow to None, run_after=None
[2025-09-07T00:00:19.350+0000] {logging_mixin.py:190} INFO - [2025-09-07T00:00:19.350+0000] {dag.py:4180} INFO - Setting next_dagrun for dataset_s3_bucket_consumer_with_no_taskflow to None, run_after=None
[2025-09-07T00:00:19.353+0000] {logging_mixin.py:190} INFO - [2025-09-07T00:00:19.352+0000] {dag.py:4180} INFO - Setting next_dagrun for dataset_s3_bucket_producer_with_no_taskflow to None, run_after=None
[2025-09-07T00:00:19.380+0000] {processor.py:208} INFO - Processing /home/airflow/.local/lib/python3.12/site-packages/airflow/example_dags/example_dataset_alias_with_no_taskflow.py took 0.572 seconds
[2025-09-07T00:00:50.023+0000] {processor.py:186} INFO - Started process (PID=4026) to work on /home/airflow/.local/lib/python3.12/site-packages/airflow/example_dags/example_dataset_alias_with_no_taskflow.py
[2025-09-07T00:00:50.025+0000] {processor.py:914} INFO - Processing file /home/airflow/.local/lib/python3.12/site-packages/airflow/example_dags/example_dataset_alias_with_no_taskflow.py for tasks to queue
[2025-09-07T00:00:50.028+0000] {logging_mixin.py:190} INFO - [2025-09-07T00:00:50.027+0000] {dagbag.py:588} INFO - Filling up the DagBag from /home/airflow/.local/lib/python3.12/site-packages/airflow/example_dags/example_dataset_alias_with_no_taskflow.py
[2025-09-07T00:00:50.625+0000] {processor.py:925} INFO - DAG(s) 'dataset_alias_example_alias_producer_with_no_taskflow', 'dataset_s3_bucket_consumer_with_no_taskflow', 'dataset_alias_example_alias_consumer_with_no_taskflow', 'dataset_s3_bucket_producer_with_no_taskflow' retrieved from /home/airflow/.local/lib/python3.12/site-packages/airflow/example_dags/example_dataset_alias_with_no_taskflow.py
[2025-09-07T00:00:50.651+0000] {logging_mixin.py:190} INFO - [2025-09-07T00:00:50.650+0000] {dag.py:3239} INFO - Sync 4 DAGs
[2025-09-07T00:00:50.675+0000] {logging_mixin.py:190} INFO - [2025-09-07T00:00:50.675+0000] {dag.py:4180} INFO - Setting next_dagrun for dataset_alias_example_alias_consumer_with_no_taskflow to None, run_after=None
[2025-09-07T00:00:50.678+0000] {logging_mixin.py:190} INFO - [2025-09-07T00:00:50.678+0000] {dag.py:4180} INFO - Setting next_dagrun for dataset_alias_example_alias_producer_with_no_taskflow to None, run_after=None
[2025-09-07T00:00:50.681+0000] {logging_mixin.py:190} INFO - [2025-09-07T00:00:50.680+0000] {dag.py:4180} INFO - Setting next_dagrun for dataset_s3_bucket_consumer_with_no_taskflow to None, run_after=None
[2025-09-07T00:00:50.683+0000] {logging_mixin.py:190} INFO - [2025-09-07T00:00:50.683+0000] {dag.py:4180} INFO - Setting next_dagrun for dataset_s3_bucket_producer_with_no_taskflow to None, run_after=None
[2025-09-07T00:00:50.709+0000] {processor.py:208} INFO - Processing /home/airflow/.local/lib/python3.12/site-packages/airflow/example_dags/example_dataset_alias_with_no_taskflow.py took 0.694 seconds
[2025-09-07T00:01:21.081+0000] {processor.py:186} INFO - Started process (PID=4092) to work on /home/airflow/.local/lib/python3.12/site-packages/airflow/example_dags/example_dataset_alias_with_no_taskflow.py
[2025-09-07T00:01:21.082+0000] {processor.py:914} INFO - Processing file /home/airflow/.local/lib/python3.12/site-packages/airflow/example_dags/example_dataset_alias_with_no_taskflow.py for tasks to queue
[2025-09-07T00:01:21.084+0000] {logging_mixin.py:190} INFO - [2025-09-07T00:01:21.084+0000] {dagbag.py:588} INFO - Filling up the DagBag from /home/airflow/.local/lib/python3.12/site-packages/airflow/example_dags/example_dataset_alias_with_no_taskflow.py
[2025-09-07T00:01:21.678+0000] {processor.py:925} INFO - DAG(s) 'dataset_s3_bucket_consumer_with_no_taskflow', 'dataset_s3_bucket_producer_with_no_taskflow', 'dataset_alias_example_alias_consumer_with_no_taskflow', 'dataset_alias_example_alias_producer_with_no_taskflow' retrieved from /home/airflow/.local/lib/python3.12/site-packages/airflow/example_dags/example_dataset_alias_with_no_taskflow.py
[2025-09-07T00:01:21.710+0000] {logging_mixin.py:190} INFO - [2025-09-07T00:01:21.709+0000] {dag.py:3239} INFO - Sync 4 DAGs
[2025-09-07T00:01:21.734+0000] {logging_mixin.py:190} INFO - [2025-09-07T00:01:21.734+0000] {dag.py:4180} INFO - Setting next_dagrun for dataset_alias_example_alias_consumer_with_no_taskflow to None, run_after=None
[2025-09-07T00:01:21.737+0000] {logging_mixin.py:190} INFO - [2025-09-07T00:01:21.737+0000] {dag.py:4180} INFO - Setting next_dagrun for dataset_alias_example_alias_producer_with_no_taskflow to None, run_after=None
[2025-09-07T00:01:21.740+0000] {logging_mixin.py:190} INFO - [2025-09-07T00:01:21.739+0000] {dag.py:4180} INFO - Setting next_dagrun for dataset_s3_bucket_consumer_with_no_taskflow to None, run_after=None
[2025-09-07T00:01:21.742+0000] {logging_mixin.py:190} INFO - [2025-09-07T00:01:21.741+0000] {dag.py:4180} INFO - Setting next_dagrun for dataset_s3_bucket_producer_with_no_taskflow to None, run_after=None
[2025-09-07T00:01:21.769+0000] {processor.py:208} INFO - Processing /home/airflow/.local/lib/python3.12/site-packages/airflow/example_dags/example_dataset_alias_with_no_taskflow.py took 0.695 seconds
[2025-09-07T00:01:51.844+0000] {processor.py:186} INFO - Started process (PID=4155) to work on /home/airflow/.local/lib/python3.12/site-packages/airflow/example_dags/example_dataset_alias_with_no_taskflow.py
[2025-09-07T00:01:51.846+0000] {processor.py:914} INFO - Processing file /home/airflow/.local/lib/python3.12/site-packages/airflow/example_dags/example_dataset_alias_with_no_taskflow.py for tasks to queue
[2025-09-07T00:01:51.848+0000] {logging_mixin.py:190} INFO - [2025-09-07T00:01:51.847+0000] {dagbag.py:588} INFO - Filling up the DagBag from /home/airflow/.local/lib/python3.12/site-packages/airflow/example_dags/example_dataset_alias_with_no_taskflow.py
[2025-09-07T00:01:52.322+0000] {processor.py:925} INFO - DAG(s) 'dataset_alias_example_alias_consumer_with_no_taskflow', 'dataset_s3_bucket_producer_with_no_taskflow', 'dataset_alias_example_alias_producer_with_no_taskflow', 'dataset_s3_bucket_consumer_with_no_taskflow' retrieved from /home/airflow/.local/lib/python3.12/site-packages/airflow/example_dags/example_dataset_alias_with_no_taskflow.py
[2025-09-07T00:01:52.344+0000] {logging_mixin.py:190} INFO - [2025-09-07T00:01:52.343+0000] {dag.py:3239} INFO - Sync 4 DAGs
[2025-09-07T00:01:52.373+0000] {logging_mixin.py:190} INFO - [2025-09-07T00:01:52.372+0000] {dag.py:4180} INFO - Setting next_dagrun for dataset_alias_example_alias_consumer_with_no_taskflow to None, run_after=None
[2025-09-07T00:01:52.377+0000] {logging_mixin.py:190} INFO - [2025-09-07T00:01:52.376+0000] {dag.py:4180} INFO - Setting next_dagrun for dataset_alias_example_alias_producer_with_no_taskflow to None, run_after=None
[2025-09-07T00:01:52.380+0000] {logging_mixin.py:190} INFO - [2025-09-07T00:01:52.379+0000] {dag.py:4180} INFO - Setting next_dagrun for dataset_s3_bucket_consumer_with_no_taskflow to None, run_after=None
[2025-09-07T00:01:52.382+0000] {logging_mixin.py:190} INFO - [2025-09-07T00:01:52.382+0000] {dag.py:4180} INFO - Setting next_dagrun for dataset_s3_bucket_producer_with_no_taskflow to None, run_after=None
[2025-09-07T00:01:52.415+0000] {processor.py:208} INFO - Processing /home/airflow/.local/lib/python3.12/site-packages/airflow/example_dags/example_dataset_alias_with_no_taskflow.py took 0.576 seconds
[2025-09-07T00:02:22.759+0000] {processor.py:186} INFO - Started process (PID=4221) to work on /home/airflow/.local/lib/python3.12/site-packages/airflow/example_dags/example_dataset_alias_with_no_taskflow.py
[2025-09-07T00:02:22.760+0000] {processor.py:914} INFO - Processing file /home/airflow/.local/lib/python3.12/site-packages/airflow/example_dags/example_dataset_alias_with_no_taskflow.py for tasks to queue
[2025-09-07T00:02:22.761+0000] {logging_mixin.py:190} INFO - [2025-09-07T00:02:22.761+0000] {dagbag.py:588} INFO - Filling up the DagBag from /home/airflow/.local/lib/python3.12/site-packages/airflow/example_dags/example_dataset_alias_with_no_taskflow.py
[2025-09-07T00:02:23.353+0000] {processor.py:925} INFO - DAG(s) 'dataset_s3_bucket_producer_with_no_taskflow', 'dataset_s3_bucket_consumer_with_no_taskflow', 'dataset_alias_example_alias_producer_with_no_taskflow', 'dataset_alias_example_alias_consumer_with_no_taskflow' retrieved from /home/airflow/.local/lib/python3.12/site-packages/airflow/example_dags/example_dataset_alias_with_no_taskflow.py
[2025-09-07T00:02:23.379+0000] {logging_mixin.py:190} INFO - [2025-09-07T00:02:23.379+0000] {dag.py:3239} INFO - Sync 4 DAGs
[2025-09-07T00:02:23.406+0000] {logging_mixin.py:190} INFO - [2025-09-07T00:02:23.406+0000] {dag.py:4180} INFO - Setting next_dagrun for dataset_alias_example_alias_consumer_with_no_taskflow to None, run_after=None
[2025-09-07T00:02:23.410+0000] {logging_mixin.py:190} INFO - [2025-09-07T00:02:23.410+0000] {dag.py:4180} INFO - Setting next_dagrun for dataset_alias_example_alias_producer_with_no_taskflow to None, run_after=None
[2025-09-07T00:02:23.413+0000] {logging_mixin.py:190} INFO - [2025-09-07T00:02:23.412+0000] {dag.py:4180} INFO - Setting next_dagrun for dataset_s3_bucket_consumer_with_no_taskflow to None, run_after=None
[2025-09-07T00:02:23.414+0000] {logging_mixin.py:190} INFO - [2025-09-07T00:02:23.414+0000] {dag.py:4180} INFO - Setting next_dagrun for dataset_s3_bucket_producer_with_no_taskflow to None, run_after=None
[2025-09-07T00:02:23.439+0000] {processor.py:208} INFO - Processing /home/airflow/.local/lib/python3.12/site-packages/airflow/example_dags/example_dataset_alias_with_no_taskflow.py took 0.689 seconds
[2025-09-07T00:02:53.697+0000] {processor.py:186} INFO - Started process (PID=4288) to work on /home/airflow/.local/lib/python3.12/site-packages/airflow/example_dags/example_dataset_alias_with_no_taskflow.py
[2025-09-07T00:02:53.698+0000] {processor.py:914} INFO - Processing file /home/airflow/.local/lib/python3.12/site-packages/airflow/example_dags/example_dataset_alias_with_no_taskflow.py for tasks to queue
[2025-09-07T00:02:53.700+0000] {logging_mixin.py:190} INFO - [2025-09-07T00:02:53.699+0000] {dagbag.py:588} INFO - Filling up the DagBag from /home/airflow/.local/lib/python3.12/site-packages/airflow/example_dags/example_dataset_alias_with_no_taskflow.py
[2025-09-07T00:02:54.175+0000] {processor.py:925} INFO - DAG(s) 'dataset_s3_bucket_producer_with_no_taskflow', 'dataset_alias_example_alias_producer_with_no_taskflow', 'dataset_s3_bucket_consumer_with_no_taskflow', 'dataset_alias_example_alias_consumer_with_no_taskflow' retrieved from /home/airflow/.local/lib/python3.12/site-packages/airflow/example_dags/example_dataset_alias_with_no_taskflow.py
[2025-09-07T00:02:54.208+0000] {logging_mixin.py:190} INFO - [2025-09-07T00:02:54.207+0000] {dag.py:3239} INFO - Sync 4 DAGs
[2025-09-07T00:02:54.244+0000] {logging_mixin.py:190} INFO - [2025-09-07T00:02:54.243+0000] {dag.py:4180} INFO - Setting next_dagrun for dataset_alias_example_alias_consumer_with_no_taskflow to None, run_after=None
[2025-09-07T00:02:54.249+0000] {logging_mixin.py:190} INFO - [2025-09-07T00:02:54.248+0000] {dag.py:4180} INFO - Setting next_dagrun for dataset_alias_example_alias_producer_with_no_taskflow to None, run_after=None
[2025-09-07T00:02:54.252+0000] {logging_mixin.py:190} INFO - [2025-09-07T00:02:54.252+0000] {dag.py:4180} INFO - Setting next_dagrun for dataset_s3_bucket_consumer_with_no_taskflow to None, run_after=None
[2025-09-07T00:02:54.255+0000] {logging_mixin.py:190} INFO - [2025-09-07T00:02:54.255+0000] {dag.py:4180} INFO - Setting next_dagrun for dataset_s3_bucket_producer_with_no_taskflow to None, run_after=None
[2025-09-07T00:02:54.285+0000] {processor.py:208} INFO - Processing /home/airflow/.local/lib/python3.12/site-packages/airflow/example_dags/example_dataset_alias_with_no_taskflow.py took 0.598 seconds
[2025-09-07T00:03:24.487+0000] {processor.py:186} INFO - Started process (PID=4354) to work on /home/airflow/.local/lib/python3.12/site-packages/airflow/example_dags/example_dataset_alias_with_no_taskflow.py
[2025-09-07T00:03:24.489+0000] {processor.py:914} INFO - Processing file /home/airflow/.local/lib/python3.12/site-packages/airflow/example_dags/example_dataset_alias_with_no_taskflow.py for tasks to queue
[2025-09-07T00:03:24.491+0000] {logging_mixin.py:190} INFO - [2025-09-07T00:03:24.490+0000] {dagbag.py:588} INFO - Filling up the DagBag from /home/airflow/.local/lib/python3.12/site-packages/airflow/example_dags/example_dataset_alias_with_no_taskflow.py
[2025-09-07T00:03:24.986+0000] {processor.py:925} INFO - DAG(s) 'dataset_s3_bucket_consumer_with_no_taskflow', 'dataset_alias_example_alias_consumer_with_no_taskflow', 'dataset_alias_example_alias_producer_with_no_taskflow', 'dataset_s3_bucket_producer_with_no_taskflow' retrieved from /home/airflow/.local/lib/python3.12/site-packages/airflow/example_dags/example_dataset_alias_with_no_taskflow.py
[2025-09-07T00:03:25.017+0000] {logging_mixin.py:190} INFO - [2025-09-07T00:03:25.016+0000] {dag.py:3239} INFO - Sync 4 DAGs
[2025-09-07T00:03:25.046+0000] {logging_mixin.py:190} INFO - [2025-09-07T00:03:25.045+0000] {dag.py:4180} INFO - Setting next_dagrun for dataset_alias_example_alias_consumer_with_no_taskflow to None, run_after=None
[2025-09-07T00:03:25.050+0000] {logging_mixin.py:190} INFO - [2025-09-07T00:03:25.049+0000] {dag.py:4180} INFO - Setting next_dagrun for dataset_alias_example_alias_producer_with_no_taskflow to None, run_after=None
[2025-09-07T00:03:25.052+0000] {logging_mixin.py:190} INFO - [2025-09-07T00:03:25.052+0000] {dag.py:4180} INFO - Setting next_dagrun for dataset_s3_bucket_consumer_with_no_taskflow to None, run_after=None
[2025-09-07T00:03:25.054+0000] {logging_mixin.py:190} INFO - [2025-09-07T00:03:25.054+0000] {dag.py:4180} INFO - Setting next_dagrun for dataset_s3_bucket_producer_with_no_taskflow to None, run_after=None
[2025-09-07T00:03:25.081+0000] {processor.py:208} INFO - Processing /home/airflow/.local/lib/python3.12/site-packages/airflow/example_dags/example_dataset_alias_with_no_taskflow.py took 0.602 seconds
[2025-09-07T00:03:55.222+0000] {processor.py:186} INFO - Started process (PID=4419) to work on /home/airflow/.local/lib/python3.12/site-packages/airflow/example_dags/example_dataset_alias_with_no_taskflow.py
[2025-09-07T00:03:55.223+0000] {processor.py:914} INFO - Processing file /home/airflow/.local/lib/python3.12/site-packages/airflow/example_dags/example_dataset_alias_with_no_taskflow.py for tasks to queue
[2025-09-07T00:03:55.226+0000] {logging_mixin.py:190} INFO - [2025-09-07T00:03:55.225+0000] {dagbag.py:588} INFO - Filling up the DagBag from /home/airflow/.local/lib/python3.12/site-packages/airflow/example_dags/example_dataset_alias_with_no_taskflow.py
[2025-09-07T00:03:56.094+0000] {processor.py:925} INFO - DAG(s) 'dataset_alias_example_alias_consumer_with_no_taskflow', 'dataset_s3_bucket_consumer_with_no_taskflow', 'dataset_alias_example_alias_producer_with_no_taskflow', 'dataset_s3_bucket_producer_with_no_taskflow' retrieved from /home/airflow/.local/lib/python3.12/site-packages/airflow/example_dags/example_dataset_alias_with_no_taskflow.py
[2025-09-07T00:03:56.145+0000] {logging_mixin.py:190} INFO - [2025-09-07T00:03:56.144+0000] {dag.py:3239} INFO - Sync 4 DAGs
[2025-09-07T00:03:56.194+0000] {logging_mixin.py:190} INFO - [2025-09-07T00:03:56.193+0000] {dag.py:4180} INFO - Setting next_dagrun for dataset_alias_example_alias_consumer_with_no_taskflow to None, run_after=None
[2025-09-07T00:03:56.200+0000] {logging_mixin.py:190} INFO - [2025-09-07T00:03:56.199+0000] {dag.py:4180} INFO - Setting next_dagrun for dataset_alias_example_alias_producer_with_no_taskflow to None, run_after=None
[2025-09-07T00:03:56.205+0000] {logging_mixin.py:190} INFO - [2025-09-07T00:03:56.205+0000] {dag.py:4180} INFO - Setting next_dagrun for dataset_s3_bucket_consumer_with_no_taskflow to None, run_after=None
[2025-09-07T00:03:56.208+0000] {logging_mixin.py:190} INFO - [2025-09-07T00:03:56.208+0000] {dag.py:4180} INFO - Setting next_dagrun for dataset_s3_bucket_producer_with_no_taskflow to None, run_after=None
[2025-09-07T00:03:56.254+0000] {processor.py:208} INFO - Processing /home/airflow/.local/lib/python3.12/site-packages/airflow/example_dags/example_dataset_alias_with_no_taskflow.py took 1.039 seconds
[2025-09-07T00:04:26.926+0000] {processor.py:186} INFO - Started process (PID=4487) to work on /home/airflow/.local/lib/python3.12/site-packages/airflow/example_dags/example_dataset_alias_with_no_taskflow.py
[2025-09-07T00:04:26.929+0000] {processor.py:914} INFO - Processing file /home/airflow/.local/lib/python3.12/site-packages/airflow/example_dags/example_dataset_alias_with_no_taskflow.py for tasks to queue
[2025-09-07T00:04:26.934+0000] {logging_mixin.py:190} INFO - [2025-09-07T00:04:26.932+0000] {dagbag.py:588} INFO - Filling up the DagBag from /home/airflow/.local/lib/python3.12/site-packages/airflow/example_dags/example_dataset_alias_with_no_taskflow.py
[2025-09-07T00:04:28.499+0000] {processor.py:925} INFO - DAG(s) 'dataset_s3_bucket_producer_with_no_taskflow', 'dataset_alias_example_alias_consumer_with_no_taskflow', 'dataset_s3_bucket_consumer_with_no_taskflow', 'dataset_alias_example_alias_producer_with_no_taskflow' retrieved from /home/airflow/.local/lib/python3.12/site-packages/airflow/example_dags/example_dataset_alias_with_no_taskflow.py
[2025-09-07T00:04:28.592+0000] {logging_mixin.py:190} INFO - [2025-09-07T00:04:28.591+0000] {dag.py:3239} INFO - Sync 4 DAGs
[2025-09-07T00:04:28.649+0000] {logging_mixin.py:190} INFO - [2025-09-07T00:04:28.648+0000] {dag.py:4180} INFO - Setting next_dagrun for dataset_alias_example_alias_consumer_with_no_taskflow to None, run_after=None
[2025-09-07T00:04:28.658+0000] {logging_mixin.py:190} INFO - [2025-09-07T00:04:28.657+0000] {dag.py:4180} INFO - Setting next_dagrun for dataset_alias_example_alias_producer_with_no_taskflow to None, run_after=None
[2025-09-07T00:04:28.675+0000] {logging_mixin.py:190} INFO - [2025-09-07T00:04:28.668+0000] {dag.py:4180} INFO - Setting next_dagrun for dataset_s3_bucket_consumer_with_no_taskflow to None, run_after=None
[2025-09-07T00:04:28.687+0000] {logging_mixin.py:190} INFO - [2025-09-07T00:04:28.687+0000] {dag.py:4180} INFO - Setting next_dagrun for dataset_s3_bucket_producer_with_no_taskflow to None, run_after=None
[2025-09-07T00:04:28.751+0000] {processor.py:208} INFO - Processing /home/airflow/.local/lib/python3.12/site-packages/airflow/example_dags/example_dataset_alias_with_no_taskflow.py took 1.840 seconds
[2025-09-07T00:04:59.856+0000] {processor.py:186} INFO - Started process (PID=4558) to work on /home/airflow/.local/lib/python3.12/site-packages/airflow/example_dags/example_dataset_alias_with_no_taskflow.py
[2025-09-07T00:04:59.857+0000] {processor.py:914} INFO - Processing file /home/airflow/.local/lib/python3.12/site-packages/airflow/example_dags/example_dataset_alias_with_no_taskflow.py for tasks to queue
[2025-09-07T00:04:59.858+0000] {logging_mixin.py:190} INFO - [2025-09-07T00:04:59.858+0000] {dagbag.py:588} INFO - Filling up the DagBag from /home/airflow/.local/lib/python3.12/site-packages/airflow/example_dags/example_dataset_alias_with_no_taskflow.py
[2025-09-07T00:05:00.400+0000] {processor.py:925} INFO - DAG(s) 'dataset_s3_bucket_consumer_with_no_taskflow', 'dataset_alias_example_alias_consumer_with_no_taskflow', 'dataset_s3_bucket_producer_with_no_taskflow', 'dataset_alias_example_alias_producer_with_no_taskflow' retrieved from /home/airflow/.local/lib/python3.12/site-packages/airflow/example_dags/example_dataset_alias_with_no_taskflow.py
[2025-09-07T00:05:00.436+0000] {logging_mixin.py:190} INFO - [2025-09-07T00:05:00.435+0000] {dag.py:3239} INFO - Sync 4 DAGs
[2025-09-07T00:05:00.464+0000] {logging_mixin.py:190} INFO - [2025-09-07T00:05:00.464+0000] {dag.py:4180} INFO - Setting next_dagrun for dataset_alias_example_alias_consumer_with_no_taskflow to None, run_after=None
[2025-09-07T00:05:00.467+0000] {logging_mixin.py:190} INFO - [2025-09-07T00:05:00.467+0000] {dag.py:4180} INFO - Setting next_dagrun for dataset_alias_example_alias_producer_with_no_taskflow to None, run_after=None
[2025-09-07T00:05:00.469+0000] {logging_mixin.py:190} INFO - [2025-09-07T00:05:00.469+0000] {dag.py:4180} INFO - Setting next_dagrun for dataset_s3_bucket_consumer_with_no_taskflow to None, run_after=None
[2025-09-07T00:05:00.471+0000] {logging_mixin.py:190} INFO - [2025-09-07T00:05:00.470+0000] {dag.py:4180} INFO - Setting next_dagrun for dataset_s3_bucket_producer_with_no_taskflow to None, run_after=None
[2025-09-07T00:05:00.501+0000] {processor.py:208} INFO - Processing /home/airflow/.local/lib/python3.12/site-packages/airflow/example_dags/example_dataset_alias_with_no_taskflow.py took 0.652 seconds
[2025-09-07T00:05:30.554+0000] {processor.py:186} INFO - Started process (PID=4624) to work on /home/airflow/.local/lib/python3.12/site-packages/airflow/example_dags/example_dataset_alias_with_no_taskflow.py
[2025-09-07T00:05:30.555+0000] {processor.py:914} INFO - Processing file /home/airflow/.local/lib/python3.12/site-packages/airflow/example_dags/example_dataset_alias_with_no_taskflow.py for tasks to queue
[2025-09-07T00:05:30.557+0000] {logging_mixin.py:190} INFO - [2025-09-07T00:05:30.556+0000] {dagbag.py:588} INFO - Filling up the DagBag from /home/airflow/.local/lib/python3.12/site-packages/airflow/example_dags/example_dataset_alias_with_no_taskflow.py
[2025-09-07T00:05:31.063+0000] {processor.py:925} INFO - DAG(s) 'dataset_alias_example_alias_consumer_with_no_taskflow', 'dataset_s3_bucket_consumer_with_no_taskflow', 'dataset_alias_example_alias_producer_with_no_taskflow', 'dataset_s3_bucket_producer_with_no_taskflow' retrieved from /home/airflow/.local/lib/python3.12/site-packages/airflow/example_dags/example_dataset_alias_with_no_taskflow.py
[2025-09-07T00:05:31.083+0000] {logging_mixin.py:190} INFO - [2025-09-07T00:05:31.082+0000] {dag.py:3239} INFO - Sync 4 DAGs
[2025-09-07T00:05:31.113+0000] {logging_mixin.py:190} INFO - [2025-09-07T00:05:31.112+0000] {dag.py:4180} INFO - Setting next_dagrun for dataset_alias_example_alias_consumer_with_no_taskflow to None, run_after=None
[2025-09-07T00:05:31.116+0000] {logging_mixin.py:190} INFO - [2025-09-07T00:05:31.116+0000] {dag.py:4180} INFO - Setting next_dagrun for dataset_alias_example_alias_producer_with_no_taskflow to None, run_after=None
[2025-09-07T00:05:31.119+0000] {logging_mixin.py:190} INFO - [2025-09-07T00:05:31.118+0000] {dag.py:4180} INFO - Setting next_dagrun for dataset_s3_bucket_consumer_with_no_taskflow to None, run_after=None
[2025-09-07T00:05:31.121+0000] {logging_mixin.py:190} INFO - [2025-09-07T00:05:31.121+0000] {dag.py:4180} INFO - Setting next_dagrun for dataset_s3_bucket_producer_with_no_taskflow to None, run_after=None
[2025-09-07T00:05:31.150+0000] {processor.py:208} INFO - Processing /home/airflow/.local/lib/python3.12/site-packages/airflow/example_dags/example_dataset_alias_with_no_taskflow.py took 0.603 seconds
[2025-09-07T00:06:01.791+0000] {processor.py:186} INFO - Started process (PID=4691) to work on /home/airflow/.local/lib/python3.12/site-packages/airflow/example_dags/example_dataset_alias_with_no_taskflow.py
[2025-09-07T00:06:01.793+0000] {processor.py:914} INFO - Processing file /home/airflow/.local/lib/python3.12/site-packages/airflow/example_dags/example_dataset_alias_with_no_taskflow.py for tasks to queue
[2025-09-07T00:06:01.796+0000] {logging_mixin.py:190} INFO - [2025-09-07T00:06:01.795+0000] {dagbag.py:588} INFO - Filling up the DagBag from /home/airflow/.local/lib/python3.12/site-packages/airflow/example_dags/example_dataset_alias_with_no_taskflow.py
[2025-09-07T00:06:02.478+0000] {processor.py:925} INFO - DAG(s) 'dataset_s3_bucket_producer_with_no_taskflow', 'dataset_alias_example_alias_consumer_with_no_taskflow', 'dataset_alias_example_alias_producer_with_no_taskflow', 'dataset_s3_bucket_consumer_with_no_taskflow' retrieved from /home/airflow/.local/lib/python3.12/site-packages/airflow/example_dags/example_dataset_alias_with_no_taskflow.py
[2025-09-07T00:06:02.508+0000] {logging_mixin.py:190} INFO - [2025-09-07T00:06:02.507+0000] {dag.py:3239} INFO - Sync 4 DAGs
[2025-09-07T00:06:02.529+0000] {logging_mixin.py:190} INFO - [2025-09-07T00:06:02.528+0000] {dag.py:4180} INFO - Setting next_dagrun for dataset_alias_example_alias_consumer_with_no_taskflow to None, run_after=None
[2025-09-07T00:06:02.534+0000] {logging_mixin.py:190} INFO - [2025-09-07T00:06:02.534+0000] {dag.py:4180} INFO - Setting next_dagrun for dataset_alias_example_alias_producer_with_no_taskflow to None, run_after=None
[2025-09-07T00:06:02.537+0000] {logging_mixin.py:190} INFO - [2025-09-07T00:06:02.537+0000] {dag.py:4180} INFO - Setting next_dagrun for dataset_s3_bucket_consumer_with_no_taskflow to None, run_after=None
[2025-09-07T00:06:02.539+0000] {logging_mixin.py:190} INFO - [2025-09-07T00:06:02.539+0000] {dag.py:4180} INFO - Setting next_dagrun for dataset_s3_bucket_producer_with_no_taskflow to None, run_after=None
[2025-09-07T00:06:02.571+0000] {processor.py:208} INFO - Processing /home/airflow/.local/lib/python3.12/site-packages/airflow/example_dags/example_dataset_alias_with_no_taskflow.py took 0.788 seconds
[2025-09-07T00:06:33.407+0000] {processor.py:186} INFO - Started process (PID=4758) to work on /home/airflow/.local/lib/python3.12/site-packages/airflow/example_dags/example_dataset_alias_with_no_taskflow.py
[2025-09-07T00:06:33.409+0000] {processor.py:914} INFO - Processing file /home/airflow/.local/lib/python3.12/site-packages/airflow/example_dags/example_dataset_alias_with_no_taskflow.py for tasks to queue
[2025-09-07T00:06:33.411+0000] {logging_mixin.py:190} INFO - [2025-09-07T00:06:33.410+0000] {dagbag.py:588} INFO - Filling up the DagBag from /home/airflow/.local/lib/python3.12/site-packages/airflow/example_dags/example_dataset_alias_with_no_taskflow.py
[2025-09-07T00:06:34.130+0000] {processor.py:925} INFO - DAG(s) 'dataset_alias_example_alias_consumer_with_no_taskflow', 'dataset_s3_bucket_consumer_with_no_taskflow', 'dataset_alias_example_alias_producer_with_no_taskflow', 'dataset_s3_bucket_producer_with_no_taskflow' retrieved from /home/airflow/.local/lib/python3.12/site-packages/airflow/example_dags/example_dataset_alias_with_no_taskflow.py
[2025-09-07T00:06:34.161+0000] {logging_mixin.py:190} INFO - [2025-09-07T00:06:34.160+0000] {dag.py:3239} INFO - Sync 4 DAGs
[2025-09-07T00:06:34.189+0000] {logging_mixin.py:190} INFO - [2025-09-07T00:06:34.189+0000] {dag.py:4180} INFO - Setting next_dagrun for dataset_alias_example_alias_consumer_with_no_taskflow to None, run_after=None
[2025-09-07T00:06:34.193+0000] {logging_mixin.py:190} INFO - [2025-09-07T00:06:34.193+0000] {dag.py:4180} INFO - Setting next_dagrun for dataset_alias_example_alias_producer_with_no_taskflow to None, run_after=None
[2025-09-07T00:06:34.196+0000] {logging_mixin.py:190} INFO - [2025-09-07T00:06:34.195+0000] {dag.py:4180} INFO - Setting next_dagrun for dataset_s3_bucket_consumer_with_no_taskflow to None, run_after=None
[2025-09-07T00:06:34.199+0000] {logging_mixin.py:190} INFO - [2025-09-07T00:06:34.198+0000] {dag.py:4180} INFO - Setting next_dagrun for dataset_s3_bucket_producer_with_no_taskflow to None, run_after=None
[2025-09-07T00:06:34.232+0000] {processor.py:208} INFO - Processing /home/airflow/.local/lib/python3.12/site-packages/airflow/example_dags/example_dataset_alias_with_no_taskflow.py took 0.835 seconds
[2025-09-07T00:07:04.988+0000] {processor.py:186} INFO - Started process (PID=4830) to work on /home/airflow/.local/lib/python3.12/site-packages/airflow/example_dags/example_dataset_alias_with_no_taskflow.py
[2025-09-07T00:07:04.990+0000] {processor.py:914} INFO - Processing file /home/airflow/.local/lib/python3.12/site-packages/airflow/example_dags/example_dataset_alias_with_no_taskflow.py for tasks to queue
[2025-09-07T00:07:04.993+0000] {logging_mixin.py:190} INFO - [2025-09-07T00:07:04.992+0000] {dagbag.py:588} INFO - Filling up the DagBag from /home/airflow/.local/lib/python3.12/site-packages/airflow/example_dags/example_dataset_alias_with_no_taskflow.py
[2025-09-07T00:07:05.772+0000] {processor.py:925} INFO - DAG(s) 'dataset_s3_bucket_producer_with_no_taskflow', 'dataset_alias_example_alias_consumer_with_no_taskflow', 'dataset_s3_bucket_consumer_with_no_taskflow', 'dataset_alias_example_alias_producer_with_no_taskflow' retrieved from /home/airflow/.local/lib/python3.12/site-packages/airflow/example_dags/example_dataset_alias_with_no_taskflow.py
[2025-09-07T00:07:05.801+0000] {logging_mixin.py:190} INFO - [2025-09-07T00:07:05.800+0000] {dag.py:3239} INFO - Sync 4 DAGs
[2025-09-07T00:07:05.829+0000] {logging_mixin.py:190} INFO - [2025-09-07T00:07:05.829+0000] {dag.py:4180} INFO - Setting next_dagrun for dataset_alias_example_alias_consumer_with_no_taskflow to None, run_after=None
[2025-09-07T00:07:05.833+0000] {logging_mixin.py:190} INFO - [2025-09-07T00:07:05.833+0000] {dag.py:4180} INFO - Setting next_dagrun for dataset_alias_example_alias_producer_with_no_taskflow to None, run_after=None
[2025-09-07T00:07:05.836+0000] {logging_mixin.py:190} INFO - [2025-09-07T00:07:05.835+0000] {dag.py:4180} INFO - Setting next_dagrun for dataset_s3_bucket_consumer_with_no_taskflow to None, run_after=None
[2025-09-07T00:07:05.838+0000] {logging_mixin.py:190} INFO - [2025-09-07T00:07:05.837+0000] {dag.py:4180} INFO - Setting next_dagrun for dataset_s3_bucket_producer_with_no_taskflow to None, run_after=None
[2025-09-07T00:07:05.867+0000] {processor.py:208} INFO - Processing /home/airflow/.local/lib/python3.12/site-packages/airflow/example_dags/example_dataset_alias_with_no_taskflow.py took 0.886 seconds
[2025-09-07T00:07:36.283+0000] {processor.py:186} INFO - Started process (PID=4897) to work on /home/airflow/.local/lib/python3.12/site-packages/airflow/example_dags/example_dataset_alias_with_no_taskflow.py
[2025-09-07T00:07:36.284+0000] {processor.py:914} INFO - Processing file /home/airflow/.local/lib/python3.12/site-packages/airflow/example_dags/example_dataset_alias_with_no_taskflow.py for tasks to queue
[2025-09-07T00:07:36.286+0000] {logging_mixin.py:190} INFO - [2025-09-07T00:07:36.285+0000] {dagbag.py:588} INFO - Filling up the DagBag from /home/airflow/.local/lib/python3.12/site-packages/airflow/example_dags/example_dataset_alias_with_no_taskflow.py
[2025-09-07T00:07:36.914+0000] {processor.py:925} INFO - DAG(s) 'dataset_alias_example_alias_consumer_with_no_taskflow', 'dataset_s3_bucket_producer_with_no_taskflow', 'dataset_alias_example_alias_producer_with_no_taskflow', 'dataset_s3_bucket_consumer_with_no_taskflow' retrieved from /home/airflow/.local/lib/python3.12/site-packages/airflow/example_dags/example_dataset_alias_with_no_taskflow.py
[2025-09-07T00:07:36.934+0000] {logging_mixin.py:190} INFO - [2025-09-07T00:07:36.934+0000] {dag.py:3239} INFO - Sync 4 DAGs
[2025-09-07T00:07:36.948+0000] {logging_mixin.py:190} INFO - [2025-09-07T00:07:36.948+0000] {dag.py:4180} INFO - Setting next_dagrun for dataset_alias_example_alias_consumer_with_no_taskflow to None, run_after=None
[2025-09-07T00:07:36.951+0000] {logging_mixin.py:190} INFO - [2025-09-07T00:07:36.950+0000] {dag.py:4180} INFO - Setting next_dagrun for dataset_alias_example_alias_producer_with_no_taskflow to None, run_after=None
[2025-09-07T00:07:36.952+0000] {logging_mixin.py:190} INFO - [2025-09-07T00:07:36.952+0000] {dag.py:4180} INFO - Setting next_dagrun for dataset_s3_bucket_consumer_with_no_taskflow to None, run_after=None
[2025-09-07T00:07:36.953+0000] {logging_mixin.py:190} INFO - [2025-09-07T00:07:36.953+0000] {dag.py:4180} INFO - Setting next_dagrun for dataset_s3_bucket_producer_with_no_taskflow to None, run_after=None
[2025-09-07T00:07:36.970+0000] {processor.py:208} INFO - Processing /home/airflow/.local/lib/python3.12/site-packages/airflow/example_dags/example_dataset_alias_with_no_taskflow.py took 0.695 seconds
[2025-09-07T00:08:07.222+0000] {processor.py:186} INFO - Started process (PID=4970) to work on /home/airflow/.local/lib/python3.12/site-packages/airflow/example_dags/example_dataset_alias_with_no_taskflow.py
[2025-09-07T00:08:07.223+0000] {processor.py:914} INFO - Processing file /home/airflow/.local/lib/python3.12/site-packages/airflow/example_dags/example_dataset_alias_with_no_taskflow.py for tasks to queue
[2025-09-07T00:08:07.226+0000] {logging_mixin.py:190} INFO - [2025-09-07T00:08:07.225+0000] {dagbag.py:588} INFO - Filling up the DagBag from /home/airflow/.local/lib/python3.12/site-packages/airflow/example_dags/example_dataset_alias_with_no_taskflow.py
[2025-09-07T00:08:07.667+0000] {processor.py:925} INFO - DAG(s) 'dataset_s3_bucket_producer_with_no_taskflow', 'dataset_s3_bucket_consumer_with_no_taskflow', 'dataset_alias_example_alias_consumer_with_no_taskflow', 'dataset_alias_example_alias_producer_with_no_taskflow' retrieved from /home/airflow/.local/lib/python3.12/site-packages/airflow/example_dags/example_dataset_alias_with_no_taskflow.py
[2025-09-07T00:08:07.684+0000] {logging_mixin.py:190} INFO - [2025-09-07T00:08:07.684+0000] {dag.py:3239} INFO - Sync 4 DAGs
[2025-09-07T00:08:07.702+0000] {logging_mixin.py:190} INFO - [2025-09-07T00:08:07.702+0000] {dag.py:4180} INFO - Setting next_dagrun for dataset_alias_example_alias_consumer_with_no_taskflow to None, run_after=None
[2025-09-07T00:08:07.706+0000] {logging_mixin.py:190} INFO - [2025-09-07T00:08:07.705+0000] {dag.py:4180} INFO - Setting next_dagrun for dataset_alias_example_alias_producer_with_no_taskflow to None, run_after=None
[2025-09-07T00:08:07.708+0000] {logging_mixin.py:190} INFO - [2025-09-07T00:08:07.707+0000] {dag.py:4180} INFO - Setting next_dagrun for dataset_s3_bucket_consumer_with_no_taskflow to None, run_after=None
[2025-09-07T00:08:07.709+0000] {logging_mixin.py:190} INFO - [2025-09-07T00:08:07.709+0000] {dag.py:4180} INFO - Setting next_dagrun for dataset_s3_bucket_producer_with_no_taskflow to None, run_after=None
[2025-09-07T00:08:07.727+0000] {processor.py:208} INFO - Processing /home/airflow/.local/lib/python3.12/site-packages/airflow/example_dags/example_dataset_alias_with_no_taskflow.py took 0.511 seconds
[2025-09-07T00:08:38.103+0000] {processor.py:186} INFO - Started process (PID=5034) to work on /home/airflow/.local/lib/python3.12/site-packages/airflow/example_dags/example_dataset_alias_with_no_taskflow.py
[2025-09-07T00:08:38.104+0000] {processor.py:914} INFO - Processing file /home/airflow/.local/lib/python3.12/site-packages/airflow/example_dags/example_dataset_alias_with_no_taskflow.py for tasks to queue
[2025-09-07T00:08:38.106+0000] {logging_mixin.py:190} INFO - [2025-09-07T00:08:38.106+0000] {dagbag.py:588} INFO - Filling up the DagBag from /home/airflow/.local/lib/python3.12/site-packages/airflow/example_dags/example_dataset_alias_with_no_taskflow.py
[2025-09-07T00:08:38.741+0000] {processor.py:925} INFO - DAG(s) 'dataset_alias_example_alias_producer_with_no_taskflow', 'dataset_s3_bucket_consumer_with_no_taskflow', 'dataset_s3_bucket_producer_with_no_taskflow', 'dataset_alias_example_alias_consumer_with_no_taskflow' retrieved from /home/airflow/.local/lib/python3.12/site-packages/airflow/example_dags/example_dataset_alias_with_no_taskflow.py
[2025-09-07T00:08:38.767+0000] {logging_mixin.py:190} INFO - [2025-09-07T00:08:38.766+0000] {dag.py:3239} INFO - Sync 4 DAGs
[2025-09-07T00:08:38.792+0000] {logging_mixin.py:190} INFO - [2025-09-07T00:08:38.791+0000] {dag.py:4180} INFO - Setting next_dagrun for dataset_alias_example_alias_consumer_with_no_taskflow to None, run_after=None
[2025-09-07T00:08:38.795+0000] {logging_mixin.py:190} INFO - [2025-09-07T00:08:38.795+0000] {dag.py:4180} INFO - Setting next_dagrun for dataset_alias_example_alias_producer_with_no_taskflow to None, run_after=None
[2025-09-07T00:08:38.797+0000] {logging_mixin.py:190} INFO - [2025-09-07T00:08:38.797+0000] {dag.py:4180} INFO - Setting next_dagrun for dataset_s3_bucket_consumer_with_no_taskflow to None, run_after=None
[2025-09-07T00:08:38.799+0000] {logging_mixin.py:190} INFO - [2025-09-07T00:08:38.799+0000] {dag.py:4180} INFO - Setting next_dagrun for dataset_s3_bucket_producer_with_no_taskflow to None, run_after=None
[2025-09-07T00:08:38.830+0000] {processor.py:208} INFO - Processing /home/airflow/.local/lib/python3.12/site-packages/airflow/example_dags/example_dataset_alias_with_no_taskflow.py took 0.737 seconds
[2025-09-07T00:09:09.262+0000] {processor.py:186} INFO - Started process (PID=5100) to work on /home/airflow/.local/lib/python3.12/site-packages/airflow/example_dags/example_dataset_alias_with_no_taskflow.py
[2025-09-07T00:09:09.264+0000] {processor.py:914} INFO - Processing file /home/airflow/.local/lib/python3.12/site-packages/airflow/example_dags/example_dataset_alias_with_no_taskflow.py for tasks to queue
[2025-09-07T00:09:09.266+0000] {logging_mixin.py:190} INFO - [2025-09-07T00:09:09.266+0000] {dagbag.py:588} INFO - Filling up the DagBag from /home/airflow/.local/lib/python3.12/site-packages/airflow/example_dags/example_dataset_alias_with_no_taskflow.py
[2025-09-07T00:09:09.989+0000] {processor.py:925} INFO - DAG(s) 'dataset_s3_bucket_consumer_with_no_taskflow', 'dataset_s3_bucket_producer_with_no_taskflow', 'dataset_alias_example_alias_consumer_with_no_taskflow', 'dataset_alias_example_alias_producer_with_no_taskflow' retrieved from /home/airflow/.local/lib/python3.12/site-packages/airflow/example_dags/example_dataset_alias_with_no_taskflow.py
[2025-09-07T00:09:10.012+0000] {logging_mixin.py:190} INFO - [2025-09-07T00:09:10.012+0000] {dag.py:3239} INFO - Sync 4 DAGs
[2025-09-07T00:09:10.034+0000] {logging_mixin.py:190} INFO - [2025-09-07T00:09:10.034+0000] {dag.py:4180} INFO - Setting next_dagrun for dataset_alias_example_alias_consumer_with_no_taskflow to None, run_after=None
[2025-09-07T00:09:10.038+0000] {logging_mixin.py:190} INFO - [2025-09-07T00:09:10.038+0000] {dag.py:4180} INFO - Setting next_dagrun for dataset_alias_example_alias_producer_with_no_taskflow to None, run_after=None
[2025-09-07T00:09:10.040+0000] {logging_mixin.py:190} INFO - [2025-09-07T00:09:10.040+0000] {dag.py:4180} INFO - Setting next_dagrun for dataset_s3_bucket_consumer_with_no_taskflow to None, run_after=None
[2025-09-07T00:09:10.042+0000] {logging_mixin.py:190} INFO - [2025-09-07T00:09:10.041+0000] {dag.py:4180} INFO - Setting next_dagrun for dataset_s3_bucket_producer_with_no_taskflow to None, run_after=None
[2025-09-07T00:09:10.066+0000] {processor.py:208} INFO - Processing /home/airflow/.local/lib/python3.12/site-packages/airflow/example_dags/example_dataset_alias_with_no_taskflow.py took 0.811 seconds
[2025-09-07T00:09:40.609+0000] {processor.py:186} INFO - Started process (PID=5171) to work on /home/airflow/.local/lib/python3.12/site-packages/airflow/example_dags/example_dataset_alias_with_no_taskflow.py
[2025-09-07T00:09:40.610+0000] {processor.py:914} INFO - Processing file /home/airflow/.local/lib/python3.12/site-packages/airflow/example_dags/example_dataset_alias_with_no_taskflow.py for tasks to queue
[2025-09-07T00:09:40.612+0000] {logging_mixin.py:190} INFO - [2025-09-07T00:09:40.611+0000] {dagbag.py:588} INFO - Filling up the DagBag from /home/airflow/.local/lib/python3.12/site-packages/airflow/example_dags/example_dataset_alias_with_no_taskflow.py
[2025-09-07T00:09:41.231+0000] {processor.py:925} INFO - DAG(s) 'dataset_s3_bucket_producer_with_no_taskflow', 'dataset_alias_example_alias_consumer_with_no_taskflow', 'dataset_s3_bucket_consumer_with_no_taskflow', 'dataset_alias_example_alias_producer_with_no_taskflow' retrieved from /home/airflow/.local/lib/python3.12/site-packages/airflow/example_dags/example_dataset_alias_with_no_taskflow.py
[2025-09-07T00:09:41.251+0000] {logging_mixin.py:190} INFO - [2025-09-07T00:09:41.251+0000] {dag.py:3239} INFO - Sync 4 DAGs
[2025-09-07T00:09:41.272+0000] {logging_mixin.py:190} INFO - [2025-09-07T00:09:41.272+0000] {dag.py:4180} INFO - Setting next_dagrun for dataset_alias_example_alias_consumer_with_no_taskflow to None, run_after=None
[2025-09-07T00:09:41.276+0000] {logging_mixin.py:190} INFO - [2025-09-07T00:09:41.275+0000] {dag.py:4180} INFO - Setting next_dagrun for dataset_alias_example_alias_producer_with_no_taskflow to None, run_after=None
[2025-09-07T00:09:41.278+0000] {logging_mixin.py:190} INFO - [2025-09-07T00:09:41.278+0000] {dag.py:4180} INFO - Setting next_dagrun for dataset_s3_bucket_consumer_with_no_taskflow to None, run_after=None
[2025-09-07T00:09:41.280+0000] {logging_mixin.py:190} INFO - [2025-09-07T00:09:41.280+0000] {dag.py:4180} INFO - Setting next_dagrun for dataset_s3_bucket_producer_with_no_taskflow to None, run_after=None
[2025-09-07T00:09:41.305+0000] {processor.py:208} INFO - Processing /home/airflow/.local/lib/python3.12/site-packages/airflow/example_dags/example_dataset_alias_with_no_taskflow.py took 0.702 seconds
[2025-09-07T00:10:11.366+0000] {processor.py:186} INFO - Started process (PID=5236) to work on /home/airflow/.local/lib/python3.12/site-packages/airflow/example_dags/example_dataset_alias_with_no_taskflow.py
[2025-09-07T00:10:11.367+0000] {processor.py:914} INFO - Processing file /home/airflow/.local/lib/python3.12/site-packages/airflow/example_dags/example_dataset_alias_with_no_taskflow.py for tasks to queue
[2025-09-07T00:10:11.369+0000] {logging_mixin.py:190} INFO - [2025-09-07T00:10:11.368+0000] {dagbag.py:588} INFO - Filling up the DagBag from /home/airflow/.local/lib/python3.12/site-packages/airflow/example_dags/example_dataset_alias_with_no_taskflow.py
[2025-09-07T00:10:12.011+0000] {processor.py:925} INFO - DAG(s) 'dataset_alias_example_alias_producer_with_no_taskflow', 'dataset_s3_bucket_producer_with_no_taskflow', 'dataset_s3_bucket_consumer_with_no_taskflow', 'dataset_alias_example_alias_consumer_with_no_taskflow' retrieved from /home/airflow/.local/lib/python3.12/site-packages/airflow/example_dags/example_dataset_alias_with_no_taskflow.py
[2025-09-07T00:10:12.040+0000] {logging_mixin.py:190} INFO - [2025-09-07T00:10:12.039+0000] {dag.py:3239} INFO - Sync 4 DAGs
[2025-09-07T00:10:12.071+0000] {logging_mixin.py:190} INFO - [2025-09-07T00:10:12.071+0000] {dag.py:4180} INFO - Setting next_dagrun for dataset_alias_example_alias_consumer_with_no_taskflow to None, run_after=None
[2025-09-07T00:10:12.075+0000] {logging_mixin.py:190} INFO - [2025-09-07T00:10:12.075+0000] {dag.py:4180} INFO - Setting next_dagrun for dataset_alias_example_alias_producer_with_no_taskflow to None, run_after=None
[2025-09-07T00:10:12.077+0000] {logging_mixin.py:190} INFO - [2025-09-07T00:10:12.077+0000] {dag.py:4180} INFO - Setting next_dagrun for dataset_s3_bucket_consumer_with_no_taskflow to None, run_after=None
[2025-09-07T00:10:12.079+0000] {logging_mixin.py:190} INFO - [2025-09-07T00:10:12.079+0000] {dag.py:4180} INFO - Setting next_dagrun for dataset_s3_bucket_producer_with_no_taskflow to None, run_after=None
[2025-09-07T00:10:12.105+0000] {processor.py:208} INFO - Processing /home/airflow/.local/lib/python3.12/site-packages/airflow/example_dags/example_dataset_alias_with_no_taskflow.py took 0.746 seconds
[2025-09-07T00:10:42.210+0000] {processor.py:186} INFO - Started process (PID=5305) to work on /home/airflow/.local/lib/python3.12/site-packages/airflow/example_dags/example_dataset_alias_with_no_taskflow.py
[2025-09-07T00:10:42.212+0000] {processor.py:914} INFO - Processing file /home/airflow/.local/lib/python3.12/site-packages/airflow/example_dags/example_dataset_alias_with_no_taskflow.py for tasks to queue
[2025-09-07T00:10:42.214+0000] {logging_mixin.py:190} INFO - [2025-09-07T00:10:42.214+0000] {dagbag.py:588} INFO - Filling up the DagBag from /home/airflow/.local/lib/python3.12/site-packages/airflow/example_dags/example_dataset_alias_with_no_taskflow.py
[2025-09-07T00:10:42.701+0000] {processor.py:925} INFO - DAG(s) 'dataset_s3_bucket_producer_with_no_taskflow', 'dataset_s3_bucket_consumer_with_no_taskflow', 'dataset_alias_example_alias_consumer_with_no_taskflow', 'dataset_alias_example_alias_producer_with_no_taskflow' retrieved from /home/airflow/.local/lib/python3.12/site-packages/airflow/example_dags/example_dataset_alias_with_no_taskflow.py
[2025-09-07T00:10:42.726+0000] {logging_mixin.py:190} INFO - [2025-09-07T00:10:42.724+0000] {dag.py:3239} INFO - Sync 4 DAGs
[2025-09-07T00:10:42.752+0000] {logging_mixin.py:190} INFO - [2025-09-07T00:10:42.751+0000] {dag.py:4180} INFO - Setting next_dagrun for dataset_alias_example_alias_consumer_with_no_taskflow to None, run_after=None
[2025-09-07T00:10:42.755+0000] {logging_mixin.py:190} INFO - [2025-09-07T00:10:42.755+0000] {dag.py:4180} INFO - Setting next_dagrun for dataset_alias_example_alias_producer_with_no_taskflow to None, run_after=None
[2025-09-07T00:10:42.758+0000] {logging_mixin.py:190} INFO - [2025-09-07T00:10:42.757+0000] {dag.py:4180} INFO - Setting next_dagrun for dataset_s3_bucket_consumer_with_no_taskflow to None, run_after=None
[2025-09-07T00:10:42.760+0000] {logging_mixin.py:190} INFO - [2025-09-07T00:10:42.760+0000] {dag.py:4180} INFO - Setting next_dagrun for dataset_s3_bucket_producer_with_no_taskflow to None, run_after=None
[2025-09-07T00:10:42.787+0000] {processor.py:208} INFO - Processing /home/airflow/.local/lib/python3.12/site-packages/airflow/example_dags/example_dataset_alias_with_no_taskflow.py took 0.584 seconds
[2025-09-07T00:11:13.402+0000] {processor.py:186} INFO - Started process (PID=5371) to work on /home/airflow/.local/lib/python3.12/site-packages/airflow/example_dags/example_dataset_alias_with_no_taskflow.py
[2025-09-07T00:11:13.404+0000] {processor.py:914} INFO - Processing file /home/airflow/.local/lib/python3.12/site-packages/airflow/example_dags/example_dataset_alias_with_no_taskflow.py for tasks to queue
[2025-09-07T00:11:13.407+0000] {logging_mixin.py:190} INFO - [2025-09-07T00:11:13.406+0000] {dagbag.py:588} INFO - Filling up the DagBag from /home/airflow/.local/lib/python3.12/site-packages/airflow/example_dags/example_dataset_alias_with_no_taskflow.py
[2025-09-07T00:11:13.976+0000] {processor.py:925} INFO - DAG(s) 'dataset_s3_bucket_producer_with_no_taskflow', 'dataset_alias_example_alias_producer_with_no_taskflow', 'dataset_alias_example_alias_consumer_with_no_taskflow', 'dataset_s3_bucket_consumer_with_no_taskflow' retrieved from /home/airflow/.local/lib/python3.12/site-packages/airflow/example_dags/example_dataset_alias_with_no_taskflow.py
[2025-09-07T00:11:14.005+0000] {logging_mixin.py:190} INFO - [2025-09-07T00:11:14.004+0000] {dag.py:3239} INFO - Sync 4 DAGs
[2025-09-07T00:11:14.031+0000] {logging_mixin.py:190} INFO - [2025-09-07T00:11:14.031+0000] {dag.py:4180} INFO - Setting next_dagrun for dataset_alias_example_alias_consumer_with_no_taskflow to None, run_after=None
[2025-09-07T00:11:14.034+0000] {logging_mixin.py:190} INFO - [2025-09-07T00:11:14.034+0000] {dag.py:4180} INFO - Setting next_dagrun for dataset_alias_example_alias_producer_with_no_taskflow to None, run_after=None
[2025-09-07T00:11:14.036+0000] {logging_mixin.py:190} INFO - [2025-09-07T00:11:14.036+0000] {dag.py:4180} INFO - Setting next_dagrun for dataset_s3_bucket_consumer_with_no_taskflow to None, run_after=None
[2025-09-07T00:11:14.038+0000] {logging_mixin.py:190} INFO - [2025-09-07T00:11:14.038+0000] {dag.py:4180} INFO - Setting next_dagrun for dataset_s3_bucket_producer_with_no_taskflow to None, run_after=None
[2025-09-07T00:11:14.067+0000] {processor.py:208} INFO - Processing /home/airflow/.local/lib/python3.12/site-packages/airflow/example_dags/example_dataset_alias_with_no_taskflow.py took 0.674 seconds
[2025-09-07T00:11:44.284+0000] {processor.py:186} INFO - Started process (PID=5438) to work on /home/airflow/.local/lib/python3.12/site-packages/airflow/example_dags/example_dataset_alias_with_no_taskflow.py
[2025-09-07T00:11:44.287+0000] {processor.py:914} INFO - Processing file /home/airflow/.local/lib/python3.12/site-packages/airflow/example_dags/example_dataset_alias_with_no_taskflow.py for tasks to queue
[2025-09-07T00:11:44.289+0000] {logging_mixin.py:190} INFO - [2025-09-07T00:11:44.289+0000] {dagbag.py:588} INFO - Filling up the DagBag from /home/airflow/.local/lib/python3.12/site-packages/airflow/example_dags/example_dataset_alias_with_no_taskflow.py
[2025-09-07T00:11:44.984+0000] {processor.py:925} INFO - DAG(s) 'dataset_s3_bucket_producer_with_no_taskflow', 'dataset_alias_example_alias_consumer_with_no_taskflow', 'dataset_s3_bucket_consumer_with_no_taskflow', 'dataset_alias_example_alias_producer_with_no_taskflow' retrieved from /home/airflow/.local/lib/python3.12/site-packages/airflow/example_dags/example_dataset_alias_with_no_taskflow.py
[2025-09-07T00:11:45.013+0000] {logging_mixin.py:190} INFO - [2025-09-07T00:11:45.012+0000] {dag.py:3239} INFO - Sync 4 DAGs
[2025-09-07T00:11:45.039+0000] {logging_mixin.py:190} INFO - [2025-09-07T00:11:45.039+0000] {dag.py:4180} INFO - Setting next_dagrun for dataset_alias_example_alias_consumer_with_no_taskflow to None, run_after=None
[2025-09-07T00:11:45.042+0000] {logging_mixin.py:190} INFO - [2025-09-07T00:11:45.042+0000] {dag.py:4180} INFO - Setting next_dagrun for dataset_alias_example_alias_producer_with_no_taskflow to None, run_after=None
[2025-09-07T00:11:45.046+0000] {logging_mixin.py:190} INFO - [2025-09-07T00:11:45.046+0000] {dag.py:4180} INFO - Setting next_dagrun for dataset_s3_bucket_consumer_with_no_taskflow to None, run_after=None
[2025-09-07T00:11:45.048+0000] {logging_mixin.py:190} INFO - [2025-09-07T00:11:45.048+0000] {dag.py:4180} INFO - Setting next_dagrun for dataset_s3_bucket_producer_with_no_taskflow to None, run_after=None
[2025-09-07T00:11:45.080+0000] {processor.py:208} INFO - Processing /home/airflow/.local/lib/python3.12/site-packages/airflow/example_dags/example_dataset_alias_with_no_taskflow.py took 0.806 seconds
[2025-09-07T00:12:15.572+0000] {processor.py:186} INFO - Started process (PID=5510) to work on /home/airflow/.local/lib/python3.12/site-packages/airflow/example_dags/example_dataset_alias_with_no_taskflow.py
[2025-09-07T00:12:15.573+0000] {processor.py:914} INFO - Processing file /home/airflow/.local/lib/python3.12/site-packages/airflow/example_dags/example_dataset_alias_with_no_taskflow.py for tasks to queue
[2025-09-07T00:12:15.576+0000] {logging_mixin.py:190} INFO - [2025-09-07T00:12:15.575+0000] {dagbag.py:588} INFO - Filling up the DagBag from /home/airflow/.local/lib/python3.12/site-packages/airflow/example_dags/example_dataset_alias_with_no_taskflow.py
[2025-09-07T00:12:16.208+0000] {processor.py:925} INFO - DAG(s) 'dataset_s3_bucket_producer_with_no_taskflow', 'dataset_alias_example_alias_consumer_with_no_taskflow', 'dataset_s3_bucket_consumer_with_no_taskflow', 'dataset_alias_example_alias_producer_with_no_taskflow' retrieved from /home/airflow/.local/lib/python3.12/site-packages/airflow/example_dags/example_dataset_alias_with_no_taskflow.py
[2025-09-07T00:12:16.239+0000] {logging_mixin.py:190} INFO - [2025-09-07T00:12:16.238+0000] {dag.py:3239} INFO - Sync 4 DAGs
[2025-09-07T00:12:16.265+0000] {logging_mixin.py:190} INFO - [2025-09-07T00:12:16.265+0000] {dag.py:4180} INFO - Setting next_dagrun for dataset_alias_example_alias_consumer_with_no_taskflow to None, run_after=None
[2025-09-07T00:12:16.268+0000] {logging_mixin.py:190} INFO - [2025-09-07T00:12:16.268+0000] {dag.py:4180} INFO - Setting next_dagrun for dataset_alias_example_alias_producer_with_no_taskflow to None, run_after=None
[2025-09-07T00:12:16.270+0000] {logging_mixin.py:190} INFO - [2025-09-07T00:12:16.270+0000] {dag.py:4180} INFO - Setting next_dagrun for dataset_s3_bucket_consumer_with_no_taskflow to None, run_after=None
[2025-09-07T00:12:16.272+0000] {logging_mixin.py:190} INFO - [2025-09-07T00:12:16.272+0000] {dag.py:4180} INFO - Setting next_dagrun for dataset_s3_bucket_producer_with_no_taskflow to None, run_after=None
[2025-09-07T00:12:16.298+0000] {processor.py:208} INFO - Processing /home/airflow/.local/lib/python3.12/site-packages/airflow/example_dags/example_dataset_alias_with_no_taskflow.py took 0.735 seconds
[2025-09-07T00:12:46.333+0000] {processor.py:186} INFO - Started process (PID=5577) to work on /home/airflow/.local/lib/python3.12/site-packages/airflow/example_dags/example_dataset_alias_with_no_taskflow.py
[2025-09-07T00:12:46.334+0000] {processor.py:914} INFO - Processing file /home/airflow/.local/lib/python3.12/site-packages/airflow/example_dags/example_dataset_alias_with_no_taskflow.py for tasks to queue
[2025-09-07T00:12:46.335+0000] {logging_mixin.py:190} INFO - [2025-09-07T00:12:46.334+0000] {dagbag.py:588} INFO - Filling up the DagBag from /home/airflow/.local/lib/python3.12/site-packages/airflow/example_dags/example_dataset_alias_with_no_taskflow.py
[2025-09-07T00:12:46.781+0000] {processor.py:925} INFO - DAG(s) 'dataset_s3_bucket_consumer_with_no_taskflow', 'dataset_alias_example_alias_consumer_with_no_taskflow', 'dataset_alias_example_alias_producer_with_no_taskflow', 'dataset_s3_bucket_producer_with_no_taskflow' retrieved from /home/airflow/.local/lib/python3.12/site-packages/airflow/example_dags/example_dataset_alias_with_no_taskflow.py
[2025-09-07T00:12:46.800+0000] {logging_mixin.py:190} INFO - [2025-09-07T00:12:46.800+0000] {dag.py:3239} INFO - Sync 4 DAGs
[2025-09-07T00:12:46.816+0000] {logging_mixin.py:190} INFO - [2025-09-07T00:12:46.816+0000] {dag.py:4180} INFO - Setting next_dagrun for dataset_alias_example_alias_consumer_with_no_taskflow to None, run_after=None
[2025-09-07T00:12:46.819+0000] {logging_mixin.py:190} INFO - [2025-09-07T00:12:46.818+0000] {dag.py:4180} INFO - Setting next_dagrun for dataset_alias_example_alias_producer_with_no_taskflow to None, run_after=None
[2025-09-07T00:12:46.821+0000] {logging_mixin.py:190} INFO - [2025-09-07T00:12:46.821+0000] {dag.py:4180} INFO - Setting next_dagrun for dataset_s3_bucket_consumer_with_no_taskflow to None, run_after=None
[2025-09-07T00:12:46.822+0000] {logging_mixin.py:190} INFO - [2025-09-07T00:12:46.822+0000] {dag.py:4180} INFO - Setting next_dagrun for dataset_s3_bucket_producer_with_no_taskflow to None, run_after=None
[2025-09-07T00:12:46.839+0000] {processor.py:208} INFO - Processing /home/airflow/.local/lib/python3.12/site-packages/airflow/example_dags/example_dataset_alias_with_no_taskflow.py took 0.511 seconds
[2025-09-07T00:13:17.095+0000] {processor.py:186} INFO - Started process (PID=5640) to work on /home/airflow/.local/lib/python3.12/site-packages/airflow/example_dags/example_dataset_alias_with_no_taskflow.py
[2025-09-07T00:13:17.096+0000] {processor.py:914} INFO - Processing file /home/airflow/.local/lib/python3.12/site-packages/airflow/example_dags/example_dataset_alias_with_no_taskflow.py for tasks to queue
[2025-09-07T00:13:17.098+0000] {logging_mixin.py:190} INFO - [2025-09-07T00:13:17.098+0000] {dagbag.py:588} INFO - Filling up the DagBag from /home/airflow/.local/lib/python3.12/site-packages/airflow/example_dags/example_dataset_alias_with_no_taskflow.py
[2025-09-07T00:13:17.706+0000] {processor.py:925} INFO - DAG(s) 'dataset_s3_bucket_consumer_with_no_taskflow', 'dataset_alias_example_alias_producer_with_no_taskflow', 'dataset_s3_bucket_producer_with_no_taskflow', 'dataset_alias_example_alias_consumer_with_no_taskflow' retrieved from /home/airflow/.local/lib/python3.12/site-packages/airflow/example_dags/example_dataset_alias_with_no_taskflow.py
[2025-09-07T00:13:17.737+0000] {logging_mixin.py:190} INFO - [2025-09-07T00:13:17.736+0000] {dag.py:3239} INFO - Sync 4 DAGs
[2025-09-07T00:13:17.764+0000] {logging_mixin.py:190} INFO - [2025-09-07T00:13:17.764+0000] {dag.py:4180} INFO - Setting next_dagrun for dataset_alias_example_alias_consumer_with_no_taskflow to None, run_after=None
[2025-09-07T00:13:17.768+0000] {logging_mixin.py:190} INFO - [2025-09-07T00:13:17.768+0000] {dag.py:4180} INFO - Setting next_dagrun for dataset_alias_example_alias_producer_with_no_taskflow to None, run_after=None
[2025-09-07T00:13:17.771+0000] {logging_mixin.py:190} INFO - [2025-09-07T00:13:17.771+0000] {dag.py:4180} INFO - Setting next_dagrun for dataset_s3_bucket_consumer_with_no_taskflow to None, run_after=None
[2025-09-07T00:13:17.773+0000] {logging_mixin.py:190} INFO - [2025-09-07T00:13:17.773+0000] {dag.py:4180} INFO - Setting next_dagrun for dataset_s3_bucket_producer_with_no_taskflow to None, run_after=None
[2025-09-07T00:13:17.798+0000] {processor.py:208} INFO - Processing /home/airflow/.local/lib/python3.12/site-packages/airflow/example_dags/example_dataset_alias_with_no_taskflow.py took 0.711 seconds
[2025-09-07T00:13:47.947+0000] {processor.py:186} INFO - Started process (PID=5706) to work on /home/airflow/.local/lib/python3.12/site-packages/airflow/example_dags/example_dataset_alias_with_no_taskflow.py
[2025-09-07T00:13:47.947+0000] {processor.py:914} INFO - Processing file /home/airflow/.local/lib/python3.12/site-packages/airflow/example_dags/example_dataset_alias_with_no_taskflow.py for tasks to queue
[2025-09-07T00:13:47.949+0000] {logging_mixin.py:190} INFO - [2025-09-07T00:13:47.948+0000] {dagbag.py:588} INFO - Filling up the DagBag from /home/airflow/.local/lib/python3.12/site-packages/airflow/example_dags/example_dataset_alias_with_no_taskflow.py
[2025-09-07T00:13:48.627+0000] {processor.py:925} INFO - DAG(s) 'dataset_s3_bucket_consumer_with_no_taskflow', 'dataset_alias_example_alias_consumer_with_no_taskflow', 'dataset_alias_example_alias_producer_with_no_taskflow', 'dataset_s3_bucket_producer_with_no_taskflow' retrieved from /home/airflow/.local/lib/python3.12/site-packages/airflow/example_dags/example_dataset_alias_with_no_taskflow.py
[2025-09-07T00:13:48.654+0000] {logging_mixin.py:190} INFO - [2025-09-07T00:13:48.652+0000] {dag.py:3239} INFO - Sync 4 DAGs
[2025-09-07T00:13:48.677+0000] {logging_mixin.py:190} INFO - [2025-09-07T00:13:48.677+0000] {dag.py:4180} INFO - Setting next_dagrun for dataset_alias_example_alias_consumer_with_no_taskflow to None, run_after=None
[2025-09-07T00:13:48.681+0000] {logging_mixin.py:190} INFO - [2025-09-07T00:13:48.681+0000] {dag.py:4180} INFO - Setting next_dagrun for dataset_alias_example_alias_producer_with_no_taskflow to None, run_after=None
[2025-09-07T00:13:48.683+0000] {logging_mixin.py:190} INFO - [2025-09-07T00:13:48.683+0000] {dag.py:4180} INFO - Setting next_dagrun for dataset_s3_bucket_consumer_with_no_taskflow to None, run_after=None
[2025-09-07T00:13:48.686+0000] {logging_mixin.py:190} INFO - [2025-09-07T00:13:48.685+0000] {dag.py:4180} INFO - Setting next_dagrun for dataset_s3_bucket_producer_with_no_taskflow to None, run_after=None
[2025-09-07T00:13:48.711+0000] {processor.py:208} INFO - Processing /home/airflow/.local/lib/python3.12/site-packages/airflow/example_dags/example_dataset_alias_with_no_taskflow.py took 0.769 seconds
[2025-09-07T00:14:18.777+0000] {processor.py:186} INFO - Started process (PID=5772) to work on /home/airflow/.local/lib/python3.12/site-packages/airflow/example_dags/example_dataset_alias_with_no_taskflow.py
[2025-09-07T00:14:18.778+0000] {processor.py:914} INFO - Processing file /home/airflow/.local/lib/python3.12/site-packages/airflow/example_dags/example_dataset_alias_with_no_taskflow.py for tasks to queue
[2025-09-07T00:14:18.780+0000] {logging_mixin.py:190} INFO - [2025-09-07T00:14:18.780+0000] {dagbag.py:588} INFO - Filling up the DagBag from /home/airflow/.local/lib/python3.12/site-packages/airflow/example_dags/example_dataset_alias_with_no_taskflow.py
[2025-09-07T00:14:19.486+0000] {processor.py:925} INFO - DAG(s) 'dataset_s3_bucket_consumer_with_no_taskflow', 'dataset_alias_example_alias_consumer_with_no_taskflow', 'dataset_s3_bucket_producer_with_no_taskflow', 'dataset_alias_example_alias_producer_with_no_taskflow' retrieved from /home/airflow/.local/lib/python3.12/site-packages/airflow/example_dags/example_dataset_alias_with_no_taskflow.py
[2025-09-07T00:14:19.511+0000] {logging_mixin.py:190} INFO - [2025-09-07T00:14:19.510+0000] {dag.py:3239} INFO - Sync 4 DAGs
[2025-09-07T00:14:19.537+0000] {logging_mixin.py:190} INFO - [2025-09-07T00:14:19.537+0000] {dag.py:4180} INFO - Setting next_dagrun for dataset_alias_example_alias_consumer_with_no_taskflow to None, run_after=None
[2025-09-07T00:14:19.540+0000] {logging_mixin.py:190} INFO - [2025-09-07T00:14:19.540+0000] {dag.py:4180} INFO - Setting next_dagrun for dataset_alias_example_alias_producer_with_no_taskflow to None, run_after=None
[2025-09-07T00:14:19.542+0000] {logging_mixin.py:190} INFO - [2025-09-07T00:14:19.542+0000] {dag.py:4180} INFO - Setting next_dagrun for dataset_s3_bucket_consumer_with_no_taskflow to None, run_after=None
[2025-09-07T00:14:19.544+0000] {logging_mixin.py:190} INFO - [2025-09-07T00:14:19.544+0000] {dag.py:4180} INFO - Setting next_dagrun for dataset_s3_bucket_producer_with_no_taskflow to None, run_after=None
[2025-09-07T00:14:19.566+0000] {processor.py:208} INFO - Processing /home/airflow/.local/lib/python3.12/site-packages/airflow/example_dags/example_dataset_alias_with_no_taskflow.py took 0.797 seconds
[2025-09-07T00:14:49.652+0000] {processor.py:186} INFO - Started process (PID=5848) to work on /home/airflow/.local/lib/python3.12/site-packages/airflow/example_dags/example_dataset_alias_with_no_taskflow.py
[2025-09-07T00:14:49.654+0000] {processor.py:914} INFO - Processing file /home/airflow/.local/lib/python3.12/site-packages/airflow/example_dags/example_dataset_alias_with_no_taskflow.py for tasks to queue
[2025-09-07T00:14:49.656+0000] {logging_mixin.py:190} INFO - [2025-09-07T00:14:49.655+0000] {dagbag.py:588} INFO - Filling up the DagBag from /home/airflow/.local/lib/python3.12/site-packages/airflow/example_dags/example_dataset_alias_with_no_taskflow.py
[2025-09-07T00:14:50.022+0000] {processor.py:925} INFO - DAG(s) 'dataset_alias_example_alias_producer_with_no_taskflow', 'dataset_s3_bucket_consumer_with_no_taskflow', 'dataset_s3_bucket_producer_with_no_taskflow', 'dataset_alias_example_alias_consumer_with_no_taskflow' retrieved from /home/airflow/.local/lib/python3.12/site-packages/airflow/example_dags/example_dataset_alias_with_no_taskflow.py
[2025-09-07T00:14:50.036+0000] {logging_mixin.py:190} INFO - [2025-09-07T00:14:50.036+0000] {dag.py:3239} INFO - Sync 4 DAGs
[2025-09-07T00:14:50.051+0000] {logging_mixin.py:190} INFO - [2025-09-07T00:14:50.050+0000] {dag.py:4180} INFO - Setting next_dagrun for dataset_alias_example_alias_consumer_with_no_taskflow to None, run_after=None
[2025-09-07T00:14:50.053+0000] {logging_mixin.py:190} INFO - [2025-09-07T00:14:50.052+0000] {dag.py:4180} INFO - Setting next_dagrun for dataset_alias_example_alias_producer_with_no_taskflow to None, run_after=None
[2025-09-07T00:14:50.054+0000] {logging_mixin.py:190} INFO - [2025-09-07T00:14:50.054+0000] {dag.py:4180} INFO - Setting next_dagrun for dataset_s3_bucket_consumer_with_no_taskflow to None, run_after=None
[2025-09-07T00:14:50.055+0000] {logging_mixin.py:190} INFO - [2025-09-07T00:14:50.055+0000] {dag.py:4180} INFO - Setting next_dagrun for dataset_s3_bucket_producer_with_no_taskflow to None, run_after=None
[2025-09-07T00:14:50.070+0000] {processor.py:208} INFO - Processing /home/airflow/.local/lib/python3.12/site-packages/airflow/example_dags/example_dataset_alias_with_no_taskflow.py took 0.423 seconds
[2025-09-07T00:15:20.207+0000] {processor.py:186} INFO - Started process (PID=5914) to work on /home/airflow/.local/lib/python3.12/site-packages/airflow/example_dags/example_dataset_alias_with_no_taskflow.py
[2025-09-07T00:15:20.208+0000] {processor.py:914} INFO - Processing file /home/airflow/.local/lib/python3.12/site-packages/airflow/example_dags/example_dataset_alias_with_no_taskflow.py for tasks to queue
[2025-09-07T00:15:20.210+0000] {logging_mixin.py:190} INFO - [2025-09-07T00:15:20.210+0000] {dagbag.py:588} INFO - Filling up the DagBag from /home/airflow/.local/lib/python3.12/site-packages/airflow/example_dags/example_dataset_alias_with_no_taskflow.py
[2025-09-07T00:15:20.477+0000] {processor.py:925} INFO - DAG(s) 'dataset_alias_example_alias_producer_with_no_taskflow', 'dataset_alias_example_alias_consumer_with_no_taskflow', 'dataset_s3_bucket_producer_with_no_taskflow', 'dataset_s3_bucket_consumer_with_no_taskflow' retrieved from /home/airflow/.local/lib/python3.12/site-packages/airflow/example_dags/example_dataset_alias_with_no_taskflow.py
[2025-09-07T00:15:20.500+0000] {logging_mixin.py:190} INFO - [2025-09-07T00:15:20.500+0000] {dag.py:3239} INFO - Sync 4 DAGs
[2025-09-07T00:15:20.519+0000] {logging_mixin.py:190} INFO - [2025-09-07T00:15:20.519+0000] {dag.py:4180} INFO - Setting next_dagrun for dataset_alias_example_alias_consumer_with_no_taskflow to None, run_after=None
[2025-09-07T00:15:20.521+0000] {logging_mixin.py:190} INFO - [2025-09-07T00:15:20.521+0000] {dag.py:4180} INFO - Setting next_dagrun for dataset_alias_example_alias_producer_with_no_taskflow to None, run_after=None
[2025-09-07T00:15:20.522+0000] {logging_mixin.py:190} INFO - [2025-09-07T00:15:20.522+0000] {dag.py:4180} INFO - Setting next_dagrun for dataset_s3_bucket_consumer_with_no_taskflow to None, run_after=None
[2025-09-07T00:15:20.524+0000] {logging_mixin.py:190} INFO - [2025-09-07T00:15:20.524+0000] {dag.py:4180} INFO - Setting next_dagrun for dataset_s3_bucket_producer_with_no_taskflow to None, run_after=None
[2025-09-07T00:15:20.544+0000] {processor.py:208} INFO - Processing /home/airflow/.local/lib/python3.12/site-packages/airflow/example_dags/example_dataset_alias_with_no_taskflow.py took 0.345 seconds
[2025-09-07T00:15:50.605+0000] {processor.py:186} INFO - Started process (PID=5970) to work on /home/airflow/.local/lib/python3.12/site-packages/airflow/example_dags/example_dataset_alias_with_no_taskflow.py
[2025-09-07T00:15:50.609+0000] {processor.py:914} INFO - Processing file /home/airflow/.local/lib/python3.12/site-packages/airflow/example_dags/example_dataset_alias_with_no_taskflow.py for tasks to queue
[2025-09-07T00:15:50.611+0000] {logging_mixin.py:190} INFO - [2025-09-07T00:15:50.610+0000] {dagbag.py:588} INFO - Filling up the DagBag from /home/airflow/.local/lib/python3.12/site-packages/airflow/example_dags/example_dataset_alias_with_no_taskflow.py
[2025-09-07T00:15:51.012+0000] {processor.py:925} INFO - DAG(s) 'dataset_s3_bucket_consumer_with_no_taskflow', 'dataset_alias_example_alias_producer_with_no_taskflow', 'dataset_s3_bucket_producer_with_no_taskflow', 'dataset_alias_example_alias_consumer_with_no_taskflow' retrieved from /home/airflow/.local/lib/python3.12/site-packages/airflow/example_dags/example_dataset_alias_with_no_taskflow.py
[2025-09-07T00:15:51.039+0000] {logging_mixin.py:190} INFO - [2025-09-07T00:15:51.038+0000] {dag.py:3239} INFO - Sync 4 DAGs
[2025-09-07T00:15:51.067+0000] {logging_mixin.py:190} INFO - [2025-09-07T00:15:51.066+0000] {dag.py:4180} INFO - Setting next_dagrun for dataset_alias_example_alias_consumer_with_no_taskflow to None, run_after=None
[2025-09-07T00:15:51.071+0000] {logging_mixin.py:190} INFO - [2025-09-07T00:15:51.070+0000] {dag.py:4180} INFO - Setting next_dagrun for dataset_alias_example_alias_producer_with_no_taskflow to None, run_after=None
[2025-09-07T00:15:51.073+0000] {logging_mixin.py:190} INFO - [2025-09-07T00:15:51.073+0000] {dag.py:4180} INFO - Setting next_dagrun for dataset_s3_bucket_consumer_with_no_taskflow to None, run_after=None
[2025-09-07T00:15:51.075+0000] {logging_mixin.py:190} INFO - [2025-09-07T00:15:51.075+0000] {dag.py:4180} INFO - Setting next_dagrun for dataset_s3_bucket_producer_with_no_taskflow to None, run_after=None
[2025-09-07T00:15:51.098+0000] {processor.py:208} INFO - Processing /home/airflow/.local/lib/python3.12/site-packages/airflow/example_dags/example_dataset_alias_with_no_taskflow.py took 0.502 seconds
[2025-09-07T00:16:21.299+0000] {processor.py:186} INFO - Started process (PID=6035) to work on /home/airflow/.local/lib/python3.12/site-packages/airflow/example_dags/example_dataset_alias_with_no_taskflow.py
[2025-09-07T00:16:21.301+0000] {processor.py:914} INFO - Processing file /home/airflow/.local/lib/python3.12/site-packages/airflow/example_dags/example_dataset_alias_with_no_taskflow.py for tasks to queue
[2025-09-07T00:16:21.304+0000] {logging_mixin.py:190} INFO - [2025-09-07T00:16:21.303+0000] {dagbag.py:588} INFO - Filling up the DagBag from /home/airflow/.local/lib/python3.12/site-packages/airflow/example_dags/example_dataset_alias_with_no_taskflow.py
[2025-09-07T00:16:21.704+0000] {processor.py:925} INFO - DAG(s) 'dataset_alias_example_alias_consumer_with_no_taskflow', 'dataset_s3_bucket_producer_with_no_taskflow', 'dataset_alias_example_alias_producer_with_no_taskflow', 'dataset_s3_bucket_consumer_with_no_taskflow' retrieved from /home/airflow/.local/lib/python3.12/site-packages/airflow/example_dags/example_dataset_alias_with_no_taskflow.py
[2025-09-07T00:16:21.725+0000] {logging_mixin.py:190} INFO - [2025-09-07T00:16:21.725+0000] {dag.py:3239} INFO - Sync 4 DAGs
[2025-09-07T00:16:21.746+0000] {logging_mixin.py:190} INFO - [2025-09-07T00:16:21.746+0000] {dag.py:4180} INFO - Setting next_dagrun for dataset_alias_example_alias_consumer_with_no_taskflow to None, run_after=None
[2025-09-07T00:16:21.749+0000] {logging_mixin.py:190} INFO - [2025-09-07T00:16:21.749+0000] {dag.py:4180} INFO - Setting next_dagrun for dataset_alias_example_alias_producer_with_no_taskflow to None, run_after=None
[2025-09-07T00:16:21.750+0000] {logging_mixin.py:190} INFO - [2025-09-07T00:16:21.750+0000] {dag.py:4180} INFO - Setting next_dagrun for dataset_s3_bucket_consumer_with_no_taskflow to None, run_after=None
[2025-09-07T00:16:21.751+0000] {logging_mixin.py:190} INFO - [2025-09-07T00:16:21.751+0000] {dag.py:4180} INFO - Setting next_dagrun for dataset_s3_bucket_producer_with_no_taskflow to None, run_after=None
[2025-09-07T00:16:21.770+0000] {processor.py:208} INFO - Processing /home/airflow/.local/lib/python3.12/site-packages/airflow/example_dags/example_dataset_alias_with_no_taskflow.py took 0.481 seconds
[2025-09-07T00:16:51.840+0000] {processor.py:186} INFO - Started process (PID=6101) to work on /home/airflow/.local/lib/python3.12/site-packages/airflow/example_dags/example_dataset_alias_with_no_taskflow.py
[2025-09-07T00:16:51.841+0000] {processor.py:914} INFO - Processing file /home/airflow/.local/lib/python3.12/site-packages/airflow/example_dags/example_dataset_alias_with_no_taskflow.py for tasks to queue
[2025-09-07T00:16:51.844+0000] {logging_mixin.py:190} INFO - [2025-09-07T00:16:51.843+0000] {dagbag.py:588} INFO - Filling up the DagBag from /home/airflow/.local/lib/python3.12/site-packages/airflow/example_dags/example_dataset_alias_with_no_taskflow.py
[2025-09-07T00:16:52.218+0000] {processor.py:925} INFO - DAG(s) 'dataset_s3_bucket_producer_with_no_taskflow', 'dataset_alias_example_alias_consumer_with_no_taskflow', 'dataset_s3_bucket_consumer_with_no_taskflow', 'dataset_alias_example_alias_producer_with_no_taskflow' retrieved from /home/airflow/.local/lib/python3.12/site-packages/airflow/example_dags/example_dataset_alias_with_no_taskflow.py
[2025-09-07T00:16:52.232+0000] {logging_mixin.py:190} INFO - [2025-09-07T00:16:52.232+0000] {dag.py:3239} INFO - Sync 4 DAGs
[2025-09-07T00:16:52.246+0000] {logging_mixin.py:190} INFO - [2025-09-07T00:16:52.246+0000] {dag.py:4180} INFO - Setting next_dagrun for dataset_alias_example_alias_consumer_with_no_taskflow to None, run_after=None
[2025-09-07T00:16:52.248+0000] {logging_mixin.py:190} INFO - [2025-09-07T00:16:52.248+0000] {dag.py:4180} INFO - Setting next_dagrun for dataset_alias_example_alias_producer_with_no_taskflow to None, run_after=None
[2025-09-07T00:16:52.249+0000] {logging_mixin.py:190} INFO - [2025-09-07T00:16:52.249+0000] {dag.py:4180} INFO - Setting next_dagrun for dataset_s3_bucket_consumer_with_no_taskflow to None, run_after=None
[2025-09-07T00:16:52.251+0000] {logging_mixin.py:190} INFO - [2025-09-07T00:16:52.250+0000] {dag.py:4180} INFO - Setting next_dagrun for dataset_s3_bucket_producer_with_no_taskflow to None, run_after=None
[2025-09-07T00:16:52.265+0000] {processor.py:208} INFO - Processing /home/airflow/.local/lib/python3.12/site-packages/airflow/example_dags/example_dataset_alias_with_no_taskflow.py took 0.431 seconds
[2025-09-07T00:17:22.539+0000] {processor.py:186} INFO - Started process (PID=6167) to work on /home/airflow/.local/lib/python3.12/site-packages/airflow/example_dags/example_dataset_alias_with_no_taskflow.py
[2025-09-07T00:17:22.541+0000] {processor.py:914} INFO - Processing file /home/airflow/.local/lib/python3.12/site-packages/airflow/example_dags/example_dataset_alias_with_no_taskflow.py for tasks to queue
[2025-09-07T00:17:22.543+0000] {logging_mixin.py:190} INFO - [2025-09-07T00:17:22.542+0000] {dagbag.py:588} INFO - Filling up the DagBag from /home/airflow/.local/lib/python3.12/site-packages/airflow/example_dags/example_dataset_alias_with_no_taskflow.py
[2025-09-07T00:17:22.968+0000] {processor.py:925} INFO - DAG(s) 'dataset_alias_example_alias_consumer_with_no_taskflow', 'dataset_s3_bucket_consumer_with_no_taskflow', 'dataset_s3_bucket_producer_with_no_taskflow', 'dataset_alias_example_alias_producer_with_no_taskflow' retrieved from /home/airflow/.local/lib/python3.12/site-packages/airflow/example_dags/example_dataset_alias_with_no_taskflow.py
[2025-09-07T00:17:22.989+0000] {logging_mixin.py:190} INFO - [2025-09-07T00:17:22.989+0000] {dag.py:3239} INFO - Sync 4 DAGs
[2025-09-07T00:17:23.018+0000] {logging_mixin.py:190} INFO - [2025-09-07T00:17:23.017+0000] {dag.py:4180} INFO - Setting next_dagrun for dataset_alias_example_alias_consumer_with_no_taskflow to None, run_after=None
[2025-09-07T00:17:23.022+0000] {logging_mixin.py:190} INFO - [2025-09-07T00:17:23.021+0000] {dag.py:4180} INFO - Setting next_dagrun for dataset_alias_example_alias_producer_with_no_taskflow to None, run_after=None
[2025-09-07T00:17:23.024+0000] {logging_mixin.py:190} INFO - [2025-09-07T00:17:23.024+0000] {dag.py:4180} INFO - Setting next_dagrun for dataset_s3_bucket_consumer_with_no_taskflow to None, run_after=None
[2025-09-07T00:17:23.026+0000] {logging_mixin.py:190} INFO - [2025-09-07T00:17:23.026+0000] {dag.py:4180} INFO - Setting next_dagrun for dataset_s3_bucket_producer_with_no_taskflow to None, run_after=None
[2025-09-07T00:17:23.047+0000] {processor.py:208} INFO - Processing /home/airflow/.local/lib/python3.12/site-packages/airflow/example_dags/example_dataset_alias_with_no_taskflow.py took 0.517 seconds
[2025-09-07T00:17:53.225+0000] {processor.py:186} INFO - Started process (PID=6232) to work on /home/airflow/.local/lib/python3.12/site-packages/airflow/example_dags/example_dataset_alias_with_no_taskflow.py
[2025-09-07T00:17:53.226+0000] {processor.py:914} INFO - Processing file /home/airflow/.local/lib/python3.12/site-packages/airflow/example_dags/example_dataset_alias_with_no_taskflow.py for tasks to queue
[2025-09-07T00:17:53.229+0000] {logging_mixin.py:190} INFO - [2025-09-07T00:17:53.228+0000] {dagbag.py:588} INFO - Filling up the DagBag from /home/airflow/.local/lib/python3.12/site-packages/airflow/example_dags/example_dataset_alias_with_no_taskflow.py
[2025-09-07T00:17:53.766+0000] {processor.py:925} INFO - DAG(s) 'dataset_s3_bucket_consumer_with_no_taskflow', 'dataset_s3_bucket_producer_with_no_taskflow', 'dataset_alias_example_alias_consumer_with_no_taskflow', 'dataset_alias_example_alias_producer_with_no_taskflow' retrieved from /home/airflow/.local/lib/python3.12/site-packages/airflow/example_dags/example_dataset_alias_with_no_taskflow.py
[2025-09-07T00:17:53.790+0000] {logging_mixin.py:190} INFO - [2025-09-07T00:17:53.789+0000] {dag.py:3239} INFO - Sync 4 DAGs
[2025-09-07T00:17:53.820+0000] {logging_mixin.py:190} INFO - [2025-09-07T00:17:53.820+0000] {dag.py:4180} INFO - Setting next_dagrun for dataset_alias_example_alias_consumer_with_no_taskflow to None, run_after=None
[2025-09-07T00:17:53.824+0000] {logging_mixin.py:190} INFO - [2025-09-07T00:17:53.823+0000] {dag.py:4180} INFO - Setting next_dagrun for dataset_alias_example_alias_producer_with_no_taskflow to None, run_after=None
[2025-09-07T00:17:53.826+0000] {logging_mixin.py:190} INFO - [2025-09-07T00:17:53.826+0000] {dag.py:4180} INFO - Setting next_dagrun for dataset_s3_bucket_consumer_with_no_taskflow to None, run_after=None
[2025-09-07T00:17:53.828+0000] {logging_mixin.py:190} INFO - [2025-09-07T00:17:53.828+0000] {dag.py:4180} INFO - Setting next_dagrun for dataset_s3_bucket_producer_with_no_taskflow to None, run_after=None
[2025-09-07T00:17:53.854+0000] {processor.py:208} INFO - Processing /home/airflow/.local/lib/python3.12/site-packages/airflow/example_dags/example_dataset_alias_with_no_taskflow.py took 0.638 seconds
[2025-09-07T00:18:23.955+0000] {processor.py:186} INFO - Started process (PID=6291) to work on /home/airflow/.local/lib/python3.12/site-packages/airflow/example_dags/example_dataset_alias_with_no_taskflow.py
[2025-09-07T00:18:23.957+0000] {processor.py:914} INFO - Processing file /home/airflow/.local/lib/python3.12/site-packages/airflow/example_dags/example_dataset_alias_with_no_taskflow.py for tasks to queue
[2025-09-07T00:18:23.959+0000] {logging_mixin.py:190} INFO - [2025-09-07T00:18:23.958+0000] {dagbag.py:588} INFO - Filling up the DagBag from /home/airflow/.local/lib/python3.12/site-packages/airflow/example_dags/example_dataset_alias_with_no_taskflow.py
[2025-09-07T00:18:24.324+0000] {processor.py:925} INFO - DAG(s) 'dataset_s3_bucket_consumer_with_no_taskflow', 'dataset_alias_example_alias_producer_with_no_taskflow', 'dataset_s3_bucket_producer_with_no_taskflow', 'dataset_alias_example_alias_consumer_with_no_taskflow' retrieved from /home/airflow/.local/lib/python3.12/site-packages/airflow/example_dags/example_dataset_alias_with_no_taskflow.py
[2025-09-07T00:18:24.343+0000] {logging_mixin.py:190} INFO - [2025-09-07T00:18:24.343+0000] {dag.py:3239} INFO - Sync 4 DAGs
[2025-09-07T00:18:24.370+0000] {logging_mixin.py:190} INFO - [2025-09-07T00:18:24.370+0000] {dag.py:4180} INFO - Setting next_dagrun for dataset_alias_example_alias_consumer_with_no_taskflow to None, run_after=None
[2025-09-07T00:18:24.374+0000] {logging_mixin.py:190} INFO - [2025-09-07T00:18:24.373+0000] {dag.py:4180} INFO - Setting next_dagrun for dataset_alias_example_alias_producer_with_no_taskflow to None, run_after=None
[2025-09-07T00:18:24.375+0000] {logging_mixin.py:190} INFO - [2025-09-07T00:18:24.375+0000] {dag.py:4180} INFO - Setting next_dagrun for dataset_s3_bucket_consumer_with_no_taskflow to None, run_after=None
[2025-09-07T00:18:24.377+0000] {logging_mixin.py:190} INFO - [2025-09-07T00:18:24.377+0000] {dag.py:4180} INFO - Setting next_dagrun for dataset_s3_bucket_producer_with_no_taskflow to None, run_after=None
[2025-09-07T00:18:24.397+0000] {processor.py:208} INFO - Processing /home/airflow/.local/lib/python3.12/site-packages/airflow/example_dags/example_dataset_alias_with_no_taskflow.py took 0.447 seconds
[2025-09-07T00:18:54.706+0000] {processor.py:186} INFO - Started process (PID=6357) to work on /home/airflow/.local/lib/python3.12/site-packages/airflow/example_dags/example_dataset_alias_with_no_taskflow.py
[2025-09-07T00:18:54.708+0000] {processor.py:914} INFO - Processing file /home/airflow/.local/lib/python3.12/site-packages/airflow/example_dags/example_dataset_alias_with_no_taskflow.py for tasks to queue
[2025-09-07T00:18:54.710+0000] {logging_mixin.py:190} INFO - [2025-09-07T00:18:54.709+0000] {dagbag.py:588} INFO - Filling up the DagBag from /home/airflow/.local/lib/python3.12/site-packages/airflow/example_dags/example_dataset_alias_with_no_taskflow.py
[2025-09-07T00:18:55.087+0000] {processor.py:925} INFO - DAG(s) 'dataset_s3_bucket_consumer_with_no_taskflow', 'dataset_alias_example_alias_producer_with_no_taskflow', 'dataset_s3_bucket_producer_with_no_taskflow', 'dataset_alias_example_alias_consumer_with_no_taskflow' retrieved from /home/airflow/.local/lib/python3.12/site-packages/airflow/example_dags/example_dataset_alias_with_no_taskflow.py
[2025-09-07T00:18:55.102+0000] {logging_mixin.py:190} INFO - [2025-09-07T00:18:55.101+0000] {dag.py:3239} INFO - Sync 4 DAGs
[2025-09-07T00:18:55.116+0000] {logging_mixin.py:190} INFO - [2025-09-07T00:18:55.116+0000] {dag.py:4180} INFO - Setting next_dagrun for dataset_alias_example_alias_consumer_with_no_taskflow to None, run_after=None
[2025-09-07T00:18:55.118+0000] {logging_mixin.py:190} INFO - [2025-09-07T00:18:55.118+0000] {dag.py:4180} INFO - Setting next_dagrun for dataset_alias_example_alias_producer_with_no_taskflow to None, run_after=None
[2025-09-07T00:18:55.120+0000] {logging_mixin.py:190} INFO - [2025-09-07T00:18:55.120+0000] {dag.py:4180} INFO - Setting next_dagrun for dataset_s3_bucket_consumer_with_no_taskflow to None, run_after=None
[2025-09-07T00:18:55.121+0000] {logging_mixin.py:190} INFO - [2025-09-07T00:18:55.121+0000] {dag.py:4180} INFO - Setting next_dagrun for dataset_s3_bucket_producer_with_no_taskflow to None, run_after=None
[2025-09-07T00:18:55.139+0000] {processor.py:208} INFO - Processing /home/airflow/.local/lib/python3.12/site-packages/airflow/example_dags/example_dataset_alias_with_no_taskflow.py took 0.438 seconds
[2025-09-07T00:19:25.292+0000] {processor.py:186} INFO - Started process (PID=6422) to work on /home/airflow/.local/lib/python3.12/site-packages/airflow/example_dags/example_dataset_alias_with_no_taskflow.py
[2025-09-07T00:19:25.294+0000] {processor.py:914} INFO - Processing file /home/airflow/.local/lib/python3.12/site-packages/airflow/example_dags/example_dataset_alias_with_no_taskflow.py for tasks to queue
[2025-09-07T00:19:25.295+0000] {logging_mixin.py:190} INFO - [2025-09-07T00:19:25.295+0000] {dagbag.py:588} INFO - Filling up the DagBag from /home/airflow/.local/lib/python3.12/site-packages/airflow/example_dags/example_dataset_alias_with_no_taskflow.py
[2025-09-07T00:19:25.732+0000] {processor.py:925} INFO - DAG(s) 'dataset_s3_bucket_producer_with_no_taskflow', 'dataset_alias_example_alias_consumer_with_no_taskflow', 'dataset_s3_bucket_consumer_with_no_taskflow', 'dataset_alias_example_alias_producer_with_no_taskflow' retrieved from /home/airflow/.local/lib/python3.12/site-packages/airflow/example_dags/example_dataset_alias_with_no_taskflow.py
[2025-09-07T00:19:25.753+0000] {logging_mixin.py:190} INFO - [2025-09-07T00:19:25.752+0000] {dag.py:3239} INFO - Sync 4 DAGs
[2025-09-07T00:19:25.776+0000] {logging_mixin.py:190} INFO - [2025-09-07T00:19:25.776+0000] {dag.py:4180} INFO - Setting next_dagrun for dataset_alias_example_alias_consumer_with_no_taskflow to None, run_after=None
[2025-09-07T00:19:25.780+0000] {logging_mixin.py:190} INFO - [2025-09-07T00:19:25.779+0000] {dag.py:4180} INFO - Setting next_dagrun for dataset_alias_example_alias_producer_with_no_taskflow to None, run_after=None
[2025-09-07T00:19:25.782+0000] {logging_mixin.py:190} INFO - [2025-09-07T00:19:25.782+0000] {dag.py:4180} INFO - Setting next_dagrun for dataset_s3_bucket_consumer_with_no_taskflow to None, run_after=None
[2025-09-07T00:19:25.785+0000] {logging_mixin.py:190} INFO - [2025-09-07T00:19:25.785+0000] {dag.py:4180} INFO - Setting next_dagrun for dataset_s3_bucket_producer_with_no_taskflow to None, run_after=None
[2025-09-07T00:19:25.811+0000] {processor.py:208} INFO - Processing /home/airflow/.local/lib/python3.12/site-packages/airflow/example_dags/example_dataset_alias_with_no_taskflow.py took 0.527 seconds
[2025-09-07T00:19:56.171+0000] {processor.py:186} INFO - Started process (PID=6488) to work on /home/airflow/.local/lib/python3.12/site-packages/airflow/example_dags/example_dataset_alias_with_no_taskflow.py
[2025-09-07T00:19:56.172+0000] {processor.py:914} INFO - Processing file /home/airflow/.local/lib/python3.12/site-packages/airflow/example_dags/example_dataset_alias_with_no_taskflow.py for tasks to queue
[2025-09-07T00:19:56.173+0000] {logging_mixin.py:190} INFO - [2025-09-07T00:19:56.173+0000] {dagbag.py:588} INFO - Filling up the DagBag from /home/airflow/.local/lib/python3.12/site-packages/airflow/example_dags/example_dataset_alias_with_no_taskflow.py
[2025-09-07T00:19:56.632+0000] {processor.py:925} INFO - DAG(s) 'dataset_s3_bucket_consumer_with_no_taskflow', 'dataset_s3_bucket_producer_with_no_taskflow', 'dataset_alias_example_alias_consumer_with_no_taskflow', 'dataset_alias_example_alias_producer_with_no_taskflow' retrieved from /home/airflow/.local/lib/python3.12/site-packages/airflow/example_dags/example_dataset_alias_with_no_taskflow.py
[2025-09-07T00:19:56.653+0000] {logging_mixin.py:190} INFO - [2025-09-07T00:19:56.652+0000] {dag.py:3239} INFO - Sync 4 DAGs
[2025-09-07T00:19:56.673+0000] {logging_mixin.py:190} INFO - [2025-09-07T00:19:56.673+0000] {dag.py:4180} INFO - Setting next_dagrun for dataset_alias_example_alias_consumer_with_no_taskflow to None, run_after=None
[2025-09-07T00:19:56.676+0000] {logging_mixin.py:190} INFO - [2025-09-07T00:19:56.676+0000] {dag.py:4180} INFO - Setting next_dagrun for dataset_alias_example_alias_producer_with_no_taskflow to None, run_after=None
[2025-09-07T00:19:56.677+0000] {logging_mixin.py:190} INFO - [2025-09-07T00:19:56.677+0000] {dag.py:4180} INFO - Setting next_dagrun for dataset_s3_bucket_consumer_with_no_taskflow to None, run_after=None
[2025-09-07T00:19:56.678+0000] {logging_mixin.py:190} INFO - [2025-09-07T00:19:56.678+0000] {dag.py:4180} INFO - Setting next_dagrun for dataset_s3_bucket_producer_with_no_taskflow to None, run_after=None
[2025-09-07T00:19:56.695+0000] {processor.py:208} INFO - Processing /home/airflow/.local/lib/python3.12/site-packages/airflow/example_dags/example_dataset_alias_with_no_taskflow.py took 0.531 seconds
[2025-09-07T00:20:26.977+0000] {processor.py:186} INFO - Started process (PID=6554) to work on /home/airflow/.local/lib/python3.12/site-packages/airflow/example_dags/example_dataset_alias_with_no_taskflow.py
[2025-09-07T00:20:26.978+0000] {processor.py:914} INFO - Processing file /home/airflow/.local/lib/python3.12/site-packages/airflow/example_dags/example_dataset_alias_with_no_taskflow.py for tasks to queue
[2025-09-07T00:20:26.981+0000] {logging_mixin.py:190} INFO - [2025-09-07T00:20:26.981+0000] {dagbag.py:588} INFO - Filling up the DagBag from /home/airflow/.local/lib/python3.12/site-packages/airflow/example_dags/example_dataset_alias_with_no_taskflow.py
[2025-09-07T00:20:27.374+0000] {processor.py:925} INFO - DAG(s) 'dataset_alias_example_alias_consumer_with_no_taskflow', 'dataset_alias_example_alias_producer_with_no_taskflow', 'dataset_s3_bucket_consumer_with_no_taskflow', 'dataset_s3_bucket_producer_with_no_taskflow' retrieved from /home/airflow/.local/lib/python3.12/site-packages/airflow/example_dags/example_dataset_alias_with_no_taskflow.py
[2025-09-07T00:20:27.390+0000] {logging_mixin.py:190} INFO - [2025-09-07T00:20:27.389+0000] {dag.py:3239} INFO - Sync 4 DAGs
[2025-09-07T00:20:27.409+0000] {logging_mixin.py:190} INFO - [2025-09-07T00:20:27.408+0000] {dag.py:4180} INFO - Setting next_dagrun for dataset_alias_example_alias_consumer_with_no_taskflow to None, run_after=None
[2025-09-07T00:20:27.411+0000] {logging_mixin.py:190} INFO - [2025-09-07T00:20:27.411+0000] {dag.py:4180} INFO - Setting next_dagrun for dataset_alias_example_alias_producer_with_no_taskflow to None, run_after=None
[2025-09-07T00:20:27.412+0000] {logging_mixin.py:190} INFO - [2025-09-07T00:20:27.412+0000] {dag.py:4180} INFO - Setting next_dagrun for dataset_s3_bucket_consumer_with_no_taskflow to None, run_after=None
[2025-09-07T00:20:27.413+0000] {logging_mixin.py:190} INFO - [2025-09-07T00:20:27.413+0000] {dag.py:4180} INFO - Setting next_dagrun for dataset_s3_bucket_producer_with_no_taskflow to None, run_after=None
[2025-09-07T00:20:27.431+0000] {processor.py:208} INFO - Processing /home/airflow/.local/lib/python3.12/site-packages/airflow/example_dags/example_dataset_alias_with_no_taskflow.py took 0.459 seconds
