[2025-09-07T00:00:19.426+0000] {processor.py:186} INFO - Started process (PID=3962) to work on /home/airflow/.local/lib/python3.12/site-packages/airflow/example_dags/example_dataset_alias.py
[2025-09-07T00:00:19.427+0000] {processor.py:914} INFO - Processing file /home/airflow/.local/lib/python3.12/site-packages/airflow/example_dags/example_dataset_alias.py for tasks to queue
[2025-09-07T00:00:19.430+0000] {logging_mixin.py:190} INFO - [2025-09-07T00:00:19.429+0000] {dagbag.py:588} INFO - Filling up the DagBag from /home/airflow/.local/lib/python3.12/site-packages/airflow/example_dags/example_dataset_alias.py
[2025-09-07T00:00:19.893+0000] {processor.py:925} INFO - DAG(s) 'dataset_alias_example_alias_consumer', 'dataset_alias_example_alias_producer', 'dataset_s3_bucket_consumer', 'dataset_s3_bucket_producer' retrieved from /home/airflow/.local/lib/python3.12/site-packages/airflow/example_dags/example_dataset_alias.py
[2025-09-07T00:00:19.915+0000] {logging_mixin.py:190} INFO - [2025-09-07T00:00:19.915+0000] {dag.py:3239} INFO - Sync 4 DAGs
[2025-09-07T00:00:19.931+0000] {logging_mixin.py:190} INFO - [2025-09-07T00:00:19.931+0000] {dag.py:4180} INFO - Setting next_dagrun for dataset_alias_example_alias_consumer to None, run_after=None
[2025-09-07T00:00:19.934+0000] {logging_mixin.py:190} INFO - [2025-09-07T00:00:19.934+0000] {dag.py:4180} INFO - Setting next_dagrun for dataset_alias_example_alias_producer to None, run_after=None
[2025-09-07T00:00:19.936+0000] {logging_mixin.py:190} INFO - [2025-09-07T00:00:19.935+0000] {dag.py:4180} INFO - Setting next_dagrun for dataset_s3_bucket_consumer to None, run_after=None
[2025-09-07T00:00:19.937+0000] {logging_mixin.py:190} INFO - [2025-09-07T00:00:19.937+0000] {dag.py:4180} INFO - Setting next_dagrun for dataset_s3_bucket_producer to None, run_after=None
[2025-09-07T00:00:19.961+0000] {processor.py:208} INFO - Processing /home/airflow/.local/lib/python3.12/site-packages/airflow/example_dags/example_dataset_alias.py took 0.540 seconds
[2025-09-07T00:00:50.019+0000] {processor.py:186} INFO - Started process (PID=4025) to work on /home/airflow/.local/lib/python3.12/site-packages/airflow/example_dags/example_dataset_alias.py
[2025-09-07T00:00:50.021+0000] {processor.py:914} INFO - Processing file /home/airflow/.local/lib/python3.12/site-packages/airflow/example_dags/example_dataset_alias.py for tasks to queue
[2025-09-07T00:00:50.024+0000] {logging_mixin.py:190} INFO - [2025-09-07T00:00:50.023+0000] {dagbag.py:588} INFO - Filling up the DagBag from /home/airflow/.local/lib/python3.12/site-packages/airflow/example_dags/example_dataset_alias.py
[2025-09-07T00:00:50.660+0000] {processor.py:925} INFO - DAG(s) 'dataset_s3_bucket_producer', 'dataset_s3_bucket_consumer', 'dataset_alias_example_alias_consumer', 'dataset_alias_example_alias_producer' retrieved from /home/airflow/.local/lib/python3.12/site-packages/airflow/example_dags/example_dataset_alias.py
[2025-09-07T00:00:50.679+0000] {logging_mixin.py:190} INFO - [2025-09-07T00:00:50.679+0000] {dag.py:3239} INFO - Sync 4 DAGs
[2025-09-07T00:00:50.702+0000] {logging_mixin.py:190} INFO - [2025-09-07T00:00:50.701+0000] {dag.py:4180} INFO - Setting next_dagrun for dataset_alias_example_alias_consumer to None, run_after=None
[2025-09-07T00:00:50.706+0000] {logging_mixin.py:190} INFO - [2025-09-07T00:00:50.705+0000] {dag.py:4180} INFO - Setting next_dagrun for dataset_alias_example_alias_producer to None, run_after=None
[2025-09-07T00:00:50.708+0000] {logging_mixin.py:190} INFO - [2025-09-07T00:00:50.708+0000] {dag.py:4180} INFO - Setting next_dagrun for dataset_s3_bucket_consumer to None, run_after=None
[2025-09-07T00:00:50.710+0000] {logging_mixin.py:190} INFO - [2025-09-07T00:00:50.710+0000] {dag.py:4180} INFO - Setting next_dagrun for dataset_s3_bucket_producer to None, run_after=None
[2025-09-07T00:00:50.736+0000] {processor.py:208} INFO - Processing /home/airflow/.local/lib/python3.12/site-packages/airflow/example_dags/example_dataset_alias.py took 0.725 seconds
[2025-09-07T00:01:21.077+0000] {processor.py:186} INFO - Started process (PID=4091) to work on /home/airflow/.local/lib/python3.12/site-packages/airflow/example_dags/example_dataset_alias.py
[2025-09-07T00:01:21.079+0000] {processor.py:914} INFO - Processing file /home/airflow/.local/lib/python3.12/site-packages/airflow/example_dags/example_dataset_alias.py for tasks to queue
[2025-09-07T00:01:21.082+0000] {logging_mixin.py:190} INFO - [2025-09-07T00:01:21.081+0000] {dagbag.py:588} INFO - Filling up the DagBag from /home/airflow/.local/lib/python3.12/site-packages/airflow/example_dags/example_dataset_alias.py
[2025-09-07T00:01:21.849+0000] {processor.py:925} INFO - DAG(s) 'dataset_alias_example_alias_producer', 'dataset_alias_example_alias_consumer', 'dataset_s3_bucket_consumer', 'dataset_s3_bucket_producer' retrieved from /home/airflow/.local/lib/python3.12/site-packages/airflow/example_dags/example_dataset_alias.py
[2025-09-07T00:01:21.874+0000] {logging_mixin.py:190} INFO - [2025-09-07T00:01:21.874+0000] {dag.py:3239} INFO - Sync 4 DAGs
[2025-09-07T00:01:21.894+0000] {logging_mixin.py:190} INFO - [2025-09-07T00:01:21.894+0000] {dag.py:4180} INFO - Setting next_dagrun for dataset_alias_example_alias_consumer to None, run_after=None
[2025-09-07T00:01:21.896+0000] {logging_mixin.py:190} INFO - [2025-09-07T00:01:21.896+0000] {dag.py:4180} INFO - Setting next_dagrun for dataset_alias_example_alias_producer to None, run_after=None
[2025-09-07T00:01:21.899+0000] {logging_mixin.py:190} INFO - [2025-09-07T00:01:21.899+0000] {dag.py:4180} INFO - Setting next_dagrun for dataset_s3_bucket_consumer to None, run_after=None
[2025-09-07T00:01:21.900+0000] {logging_mixin.py:190} INFO - [2025-09-07T00:01:21.900+0000] {dag.py:4180} INFO - Setting next_dagrun for dataset_s3_bucket_producer to None, run_after=None
[2025-09-07T00:01:21.923+0000] {processor.py:208} INFO - Processing /home/airflow/.local/lib/python3.12/site-packages/airflow/example_dags/example_dataset_alias.py took 0.856 seconds
[2025-09-07T00:01:52.161+0000] {processor.py:186} INFO - Started process (PID=4158) to work on /home/airflow/.local/lib/python3.12/site-packages/airflow/example_dags/example_dataset_alias.py
[2025-09-07T00:01:52.162+0000] {processor.py:914} INFO - Processing file /home/airflow/.local/lib/python3.12/site-packages/airflow/example_dags/example_dataset_alias.py for tasks to queue
[2025-09-07T00:01:52.164+0000] {logging_mixin.py:190} INFO - [2025-09-07T00:01:52.164+0000] {dagbag.py:588} INFO - Filling up the DagBag from /home/airflow/.local/lib/python3.12/site-packages/airflow/example_dags/example_dataset_alias.py
[2025-09-07T00:01:52.705+0000] {processor.py:925} INFO - DAG(s) 'dataset_s3_bucket_consumer', 'dataset_alias_example_alias_consumer', 'dataset_s3_bucket_producer', 'dataset_alias_example_alias_producer' retrieved from /home/airflow/.local/lib/python3.12/site-packages/airflow/example_dags/example_dataset_alias.py
[2025-09-07T00:01:52.727+0000] {logging_mixin.py:190} INFO - [2025-09-07T00:01:52.726+0000] {dag.py:3239} INFO - Sync 4 DAGs
[2025-09-07T00:01:52.748+0000] {logging_mixin.py:190} INFO - [2025-09-07T00:01:52.748+0000] {dag.py:4180} INFO - Setting next_dagrun for dataset_alias_example_alias_consumer to None, run_after=None
[2025-09-07T00:01:52.753+0000] {logging_mixin.py:190} INFO - [2025-09-07T00:01:52.752+0000] {dag.py:4180} INFO - Setting next_dagrun for dataset_alias_example_alias_producer to None, run_after=None
[2025-09-07T00:01:52.755+0000] {logging_mixin.py:190} INFO - [2025-09-07T00:01:52.755+0000] {dag.py:4180} INFO - Setting next_dagrun for dataset_s3_bucket_consumer to None, run_after=None
[2025-09-07T00:01:52.757+0000] {logging_mixin.py:190} INFO - [2025-09-07T00:01:52.757+0000] {dag.py:4180} INFO - Setting next_dagrun for dataset_s3_bucket_producer to None, run_after=None
[2025-09-07T00:01:52.780+0000] {processor.py:208} INFO - Processing /home/airflow/.local/lib/python3.12/site-packages/airflow/example_dags/example_dataset_alias.py took 0.628 seconds
[2025-09-07T00:02:23.015+0000] {processor.py:186} INFO - Started process (PID=4224) to work on /home/airflow/.local/lib/python3.12/site-packages/airflow/example_dags/example_dataset_alias.py
[2025-09-07T00:02:23.016+0000] {processor.py:914} INFO - Processing file /home/airflow/.local/lib/python3.12/site-packages/airflow/example_dags/example_dataset_alias.py for tasks to queue
[2025-09-07T00:02:23.017+0000] {logging_mixin.py:190} INFO - [2025-09-07T00:02:23.017+0000] {dagbag.py:588} INFO - Filling up the DagBag from /home/airflow/.local/lib/python3.12/site-packages/airflow/example_dags/example_dataset_alias.py
[2025-09-07T00:02:23.629+0000] {processor.py:925} INFO - DAG(s) 'dataset_alias_example_alias_consumer', 'dataset_s3_bucket_consumer', 'dataset_alias_example_alias_producer', 'dataset_s3_bucket_producer' retrieved from /home/airflow/.local/lib/python3.12/site-packages/airflow/example_dags/example_dataset_alias.py
[2025-09-07T00:02:23.657+0000] {logging_mixin.py:190} INFO - [2025-09-07T00:02:23.654+0000] {dag.py:3239} INFO - Sync 4 DAGs
[2025-09-07T00:02:23.675+0000] {logging_mixin.py:190} INFO - [2025-09-07T00:02:23.675+0000] {dag.py:4180} INFO - Setting next_dagrun for dataset_alias_example_alias_consumer to None, run_after=None
[2025-09-07T00:02:23.678+0000] {logging_mixin.py:190} INFO - [2025-09-07T00:02:23.678+0000] {dag.py:4180} INFO - Setting next_dagrun for dataset_alias_example_alias_producer to None, run_after=None
[2025-09-07T00:02:23.679+0000] {logging_mixin.py:190} INFO - [2025-09-07T00:02:23.679+0000] {dag.py:4180} INFO - Setting next_dagrun for dataset_s3_bucket_consumer to None, run_after=None
[2025-09-07T00:02:23.681+0000] {logging_mixin.py:190} INFO - [2025-09-07T00:02:23.680+0000] {dag.py:4180} INFO - Setting next_dagrun for dataset_s3_bucket_producer to None, run_after=None
[2025-09-07T00:02:23.694+0000] {processor.py:208} INFO - Processing /home/airflow/.local/lib/python3.12/site-packages/airflow/example_dags/example_dataset_alias.py took 0.686 seconds
[2025-09-07T00:02:53.964+0000] {processor.py:186} INFO - Started process (PID=4290) to work on /home/airflow/.local/lib/python3.12/site-packages/airflow/example_dags/example_dataset_alias.py
[2025-09-07T00:02:53.965+0000] {processor.py:914} INFO - Processing file /home/airflow/.local/lib/python3.12/site-packages/airflow/example_dags/example_dataset_alias.py for tasks to queue
[2025-09-07T00:02:53.967+0000] {logging_mixin.py:190} INFO - [2025-09-07T00:02:53.967+0000] {dagbag.py:588} INFO - Filling up the DagBag from /home/airflow/.local/lib/python3.12/site-packages/airflow/example_dags/example_dataset_alias.py
[2025-09-07T00:02:54.512+0000] {processor.py:925} INFO - DAG(s) 'dataset_alias_example_alias_consumer', 'dataset_s3_bucket_producer', 'dataset_s3_bucket_consumer', 'dataset_alias_example_alias_producer' retrieved from /home/airflow/.local/lib/python3.12/site-packages/airflow/example_dags/example_dataset_alias.py
[2025-09-07T00:02:54.530+0000] {logging_mixin.py:190} INFO - [2025-09-07T00:02:54.530+0000] {dag.py:3239} INFO - Sync 4 DAGs
[2025-09-07T00:02:54.550+0000] {logging_mixin.py:190} INFO - [2025-09-07T00:02:54.549+0000] {dag.py:4180} INFO - Setting next_dagrun for dataset_alias_example_alias_consumer to None, run_after=None
[2025-09-07T00:02:54.552+0000] {logging_mixin.py:190} INFO - [2025-09-07T00:02:54.552+0000] {dag.py:4180} INFO - Setting next_dagrun for dataset_alias_example_alias_producer to None, run_after=None
[2025-09-07T00:02:54.553+0000] {logging_mixin.py:190} INFO - [2025-09-07T00:02:54.553+0000] {dag.py:4180} INFO - Setting next_dagrun for dataset_s3_bucket_consumer to None, run_after=None
[2025-09-07T00:02:54.554+0000] {logging_mixin.py:190} INFO - [2025-09-07T00:02:54.554+0000] {dag.py:4180} INFO - Setting next_dagrun for dataset_s3_bucket_producer to None, run_after=None
[2025-09-07T00:02:54.572+0000] {processor.py:208} INFO - Processing /home/airflow/.local/lib/python3.12/site-packages/airflow/example_dags/example_dataset_alias.py took 0.616 seconds
[2025-09-07T00:03:24.707+0000] {processor.py:186} INFO - Started process (PID=4355) to work on /home/airflow/.local/lib/python3.12/site-packages/airflow/example_dags/example_dataset_alias.py
[2025-09-07T00:03:24.709+0000] {processor.py:914} INFO - Processing file /home/airflow/.local/lib/python3.12/site-packages/airflow/example_dags/example_dataset_alias.py for tasks to queue
[2025-09-07T00:03:24.711+0000] {logging_mixin.py:190} INFO - [2025-09-07T00:03:24.711+0000] {dagbag.py:588} INFO - Filling up the DagBag from /home/airflow/.local/lib/python3.12/site-packages/airflow/example_dags/example_dataset_alias.py
[2025-09-07T00:03:25.264+0000] {processor.py:925} INFO - DAG(s) 'dataset_s3_bucket_consumer', 'dataset_alias_example_alias_consumer', 'dataset_alias_example_alias_producer', 'dataset_s3_bucket_producer' retrieved from /home/airflow/.local/lib/python3.12/site-packages/airflow/example_dags/example_dataset_alias.py
[2025-09-07T00:03:25.287+0000] {logging_mixin.py:190} INFO - [2025-09-07T00:03:25.287+0000] {dag.py:3239} INFO - Sync 4 DAGs
[2025-09-07T00:03:25.314+0000] {logging_mixin.py:190} INFO - [2025-09-07T00:03:25.314+0000] {dag.py:4180} INFO - Setting next_dagrun for dataset_alias_example_alias_consumer to None, run_after=None
[2025-09-07T00:03:25.318+0000] {logging_mixin.py:190} INFO - [2025-09-07T00:03:25.317+0000] {dag.py:4180} INFO - Setting next_dagrun for dataset_alias_example_alias_producer to None, run_after=None
[2025-09-07T00:03:25.321+0000] {logging_mixin.py:190} INFO - [2025-09-07T00:03:25.320+0000] {dag.py:4180} INFO - Setting next_dagrun for dataset_s3_bucket_consumer to None, run_after=None
[2025-09-07T00:03:25.323+0000] {logging_mixin.py:190} INFO - [2025-09-07T00:03:25.323+0000] {dag.py:4180} INFO - Setting next_dagrun for dataset_s3_bucket_producer to None, run_after=None
[2025-09-07T00:03:25.339+0000] {processor.py:208} INFO - Processing /home/airflow/.local/lib/python3.12/site-packages/airflow/example_dags/example_dataset_alias.py took 0.640 seconds
[2025-09-07T00:03:55.554+0000] {processor.py:186} INFO - Started process (PID=4421) to work on /home/airflow/.local/lib/python3.12/site-packages/airflow/example_dags/example_dataset_alias.py
[2025-09-07T00:03:55.558+0000] {processor.py:914} INFO - Processing file /home/airflow/.local/lib/python3.12/site-packages/airflow/example_dags/example_dataset_alias.py for tasks to queue
[2025-09-07T00:03:55.562+0000] {logging_mixin.py:190} INFO - [2025-09-07T00:03:55.561+0000] {dagbag.py:588} INFO - Filling up the DagBag from /home/airflow/.local/lib/python3.12/site-packages/airflow/example_dags/example_dataset_alias.py
[2025-09-07T00:03:56.563+0000] {processor.py:925} INFO - DAG(s) 'dataset_s3_bucket_producer', 'dataset_s3_bucket_consumer', 'dataset_alias_example_alias_producer', 'dataset_alias_example_alias_consumer' retrieved from /home/airflow/.local/lib/python3.12/site-packages/airflow/example_dags/example_dataset_alias.py
[2025-09-07T00:03:56.605+0000] {logging_mixin.py:190} INFO - [2025-09-07T00:03:56.604+0000] {dag.py:3239} INFO - Sync 4 DAGs
[2025-09-07T00:03:56.643+0000] {logging_mixin.py:190} INFO - [2025-09-07T00:03:56.642+0000] {dag.py:4180} INFO - Setting next_dagrun for dataset_alias_example_alias_consumer to None, run_after=None
[2025-09-07T00:03:56.648+0000] {logging_mixin.py:190} INFO - [2025-09-07T00:03:56.647+0000] {dag.py:4180} INFO - Setting next_dagrun for dataset_alias_example_alias_producer to None, run_after=None
[2025-09-07T00:03:56.651+0000] {logging_mixin.py:190} INFO - [2025-09-07T00:03:56.651+0000] {dag.py:4180} INFO - Setting next_dagrun for dataset_s3_bucket_consumer to None, run_after=None
[2025-09-07T00:03:56.660+0000] {logging_mixin.py:190} INFO - [2025-09-07T00:03:56.660+0000] {dag.py:4180} INFO - Setting next_dagrun for dataset_s3_bucket_producer to None, run_after=None
[2025-09-07T00:03:56.706+0000] {processor.py:208} INFO - Processing /home/airflow/.local/lib/python3.12/site-packages/airflow/example_dags/example_dataset_alias.py took 1.170 seconds
[2025-09-07T00:04:26.896+0000] {processor.py:186} INFO - Started process (PID=4486) to work on /home/airflow/.local/lib/python3.12/site-packages/airflow/example_dags/example_dataset_alias.py
[2025-09-07T00:04:26.900+0000] {processor.py:914} INFO - Processing file /home/airflow/.local/lib/python3.12/site-packages/airflow/example_dags/example_dataset_alias.py for tasks to queue
[2025-09-07T00:04:26.905+0000] {logging_mixin.py:190} INFO - [2025-09-07T00:04:26.903+0000] {dagbag.py:588} INFO - Filling up the DagBag from /home/airflow/.local/lib/python3.12/site-packages/airflow/example_dags/example_dataset_alias.py
[2025-09-07T00:04:28.613+0000] {processor.py:925} INFO - DAG(s) 'dataset_alias_example_alias_producer', 'dataset_s3_bucket_producer', 'dataset_alias_example_alias_consumer', 'dataset_s3_bucket_consumer' retrieved from /home/airflow/.local/lib/python3.12/site-packages/airflow/example_dags/example_dataset_alias.py
[2025-09-07T00:04:28.694+0000] {logging_mixin.py:190} INFO - [2025-09-07T00:04:28.693+0000] {dag.py:3239} INFO - Sync 4 DAGs
[2025-09-07T00:04:28.748+0000] {logging_mixin.py:190} INFO - [2025-09-07T00:04:28.748+0000] {dag.py:4180} INFO - Setting next_dagrun for dataset_alias_example_alias_consumer to None, run_after=None
[2025-09-07T00:04:28.753+0000] {logging_mixin.py:190} INFO - [2025-09-07T00:04:28.753+0000] {dag.py:4180} INFO - Setting next_dagrun for dataset_alias_example_alias_producer to None, run_after=None
[2025-09-07T00:04:28.766+0000] {logging_mixin.py:190} INFO - [2025-09-07T00:04:28.766+0000] {dag.py:4180} INFO - Setting next_dagrun for dataset_s3_bucket_consumer to None, run_after=None
[2025-09-07T00:04:28.778+0000] {logging_mixin.py:190} INFO - [2025-09-07T00:04:28.778+0000] {dag.py:4180} INFO - Setting next_dagrun for dataset_s3_bucket_producer to None, run_after=None
[2025-09-07T00:04:28.869+0000] {processor.py:208} INFO - Processing /home/airflow/.local/lib/python3.12/site-packages/airflow/example_dags/example_dataset_alias.py took 1.984 seconds
[2025-09-07T00:04:59.765+0000] {processor.py:186} INFO - Started process (PID=4557) to work on /home/airflow/.local/lib/python3.12/site-packages/airflow/example_dags/example_dataset_alias.py
[2025-09-07T00:04:59.766+0000] {processor.py:914} INFO - Processing file /home/airflow/.local/lib/python3.12/site-packages/airflow/example_dags/example_dataset_alias.py for tasks to queue
[2025-09-07T00:04:59.769+0000] {logging_mixin.py:190} INFO - [2025-09-07T00:04:59.768+0000] {dagbag.py:588} INFO - Filling up the DagBag from /home/airflow/.local/lib/python3.12/site-packages/airflow/example_dags/example_dataset_alias.py
[2025-09-07T00:05:00.446+0000] {processor.py:925} INFO - DAG(s) 'dataset_alias_example_alias_consumer', 'dataset_s3_bucket_consumer', 'dataset_alias_example_alias_producer', 'dataset_s3_bucket_producer' retrieved from /home/airflow/.local/lib/python3.12/site-packages/airflow/example_dags/example_dataset_alias.py
[2025-09-07T00:05:00.464+0000] {logging_mixin.py:190} INFO - [2025-09-07T00:05:00.463+0000] {dag.py:3239} INFO - Sync 4 DAGs
[2025-09-07T00:05:00.485+0000] {logging_mixin.py:190} INFO - [2025-09-07T00:05:00.485+0000] {dag.py:4180} INFO - Setting next_dagrun for dataset_alias_example_alias_consumer to None, run_after=None
[2025-09-07T00:05:00.489+0000] {logging_mixin.py:190} INFO - [2025-09-07T00:05:00.489+0000] {dag.py:4180} INFO - Setting next_dagrun for dataset_alias_example_alias_producer to None, run_after=None
[2025-09-07T00:05:00.491+0000] {logging_mixin.py:190} INFO - [2025-09-07T00:05:00.491+0000] {dag.py:4180} INFO - Setting next_dagrun for dataset_s3_bucket_consumer to None, run_after=None
[2025-09-07T00:05:00.493+0000] {logging_mixin.py:190} INFO - [2025-09-07T00:05:00.493+0000] {dag.py:4180} INFO - Setting next_dagrun for dataset_s3_bucket_producer to None, run_after=None
[2025-09-07T00:05:00.519+0000] {processor.py:208} INFO - Processing /home/airflow/.local/lib/python3.12/site-packages/airflow/example_dags/example_dataset_alias.py took 0.762 seconds
[2025-09-07T00:05:30.546+0000] {processor.py:186} INFO - Started process (PID=4623) to work on /home/airflow/.local/lib/python3.12/site-packages/airflow/example_dags/example_dataset_alias.py
[2025-09-07T00:05:30.546+0000] {processor.py:914} INFO - Processing file /home/airflow/.local/lib/python3.12/site-packages/airflow/example_dags/example_dataset_alias.py for tasks to queue
[2025-09-07T00:05:30.548+0000] {logging_mixin.py:190} INFO - [2025-09-07T00:05:30.547+0000] {dagbag.py:588} INFO - Filling up the DagBag from /home/airflow/.local/lib/python3.12/site-packages/airflow/example_dags/example_dataset_alias.py
[2025-09-07T00:05:31.047+0000] {processor.py:925} INFO - DAG(s) 'dataset_alias_example_alias_consumer', 'dataset_s3_bucket_consumer', 'dataset_alias_example_alias_producer', 'dataset_s3_bucket_producer' retrieved from /home/airflow/.local/lib/python3.12/site-packages/airflow/example_dags/example_dataset_alias.py
[2025-09-07T00:05:31.078+0000] {logging_mixin.py:190} INFO - [2025-09-07T00:05:31.077+0000] {dag.py:3239} INFO - Sync 4 DAGs
[2025-09-07T00:05:31.101+0000] {logging_mixin.py:190} INFO - [2025-09-07T00:05:31.101+0000] {dag.py:4180} INFO - Setting next_dagrun for dataset_alias_example_alias_consumer to None, run_after=None
[2025-09-07T00:05:31.105+0000] {logging_mixin.py:190} INFO - [2025-09-07T00:05:31.105+0000] {dag.py:4180} INFO - Setting next_dagrun for dataset_alias_example_alias_producer to None, run_after=None
[2025-09-07T00:05:31.107+0000] {logging_mixin.py:190} INFO - [2025-09-07T00:05:31.107+0000] {dag.py:4180} INFO - Setting next_dagrun for dataset_s3_bucket_consumer to None, run_after=None
[2025-09-07T00:05:31.109+0000] {logging_mixin.py:190} INFO - [2025-09-07T00:05:31.109+0000] {dag.py:4180} INFO - Setting next_dagrun for dataset_s3_bucket_producer to None, run_after=None
[2025-09-07T00:05:31.130+0000] {processor.py:208} INFO - Processing /home/airflow/.local/lib/python3.12/site-packages/airflow/example_dags/example_dataset_alias.py took 0.589 seconds
[2025-09-07T00:06:01.787+0000] {processor.py:186} INFO - Started process (PID=4690) to work on /home/airflow/.local/lib/python3.12/site-packages/airflow/example_dags/example_dataset_alias.py
[2025-09-07T00:06:01.788+0000] {processor.py:914} INFO - Processing file /home/airflow/.local/lib/python3.12/site-packages/airflow/example_dags/example_dataset_alias.py for tasks to queue
[2025-09-07T00:06:01.789+0000] {logging_mixin.py:190} INFO - [2025-09-07T00:06:01.789+0000] {dagbag.py:588} INFO - Filling up the DagBag from /home/airflow/.local/lib/python3.12/site-packages/airflow/example_dags/example_dataset_alias.py
[2025-09-07T00:06:02.438+0000] {processor.py:925} INFO - DAG(s) 'dataset_s3_bucket_consumer', 'dataset_s3_bucket_producer', 'dataset_alias_example_alias_producer', 'dataset_alias_example_alias_consumer' retrieved from /home/airflow/.local/lib/python3.12/site-packages/airflow/example_dags/example_dataset_alias.py
[2025-09-07T00:06:02.465+0000] {logging_mixin.py:190} INFO - [2025-09-07T00:06:02.464+0000] {dag.py:3239} INFO - Sync 4 DAGs
[2025-09-07T00:06:02.492+0000] {logging_mixin.py:190} INFO - [2025-09-07T00:06:02.492+0000] {dag.py:4180} INFO - Setting next_dagrun for dataset_alias_example_alias_consumer to None, run_after=None
[2025-09-07T00:06:02.497+0000] {logging_mixin.py:190} INFO - [2025-09-07T00:06:02.497+0000] {dag.py:4180} INFO - Setting next_dagrun for dataset_alias_example_alias_producer to None, run_after=None
[2025-09-07T00:06:02.500+0000] {logging_mixin.py:190} INFO - [2025-09-07T00:06:02.499+0000] {dag.py:4180} INFO - Setting next_dagrun for dataset_s3_bucket_consumer to None, run_after=None
[2025-09-07T00:06:02.504+0000] {logging_mixin.py:190} INFO - [2025-09-07T00:06:02.503+0000] {dag.py:4180} INFO - Setting next_dagrun for dataset_s3_bucket_producer to None, run_after=None
[2025-09-07T00:06:02.526+0000] {processor.py:208} INFO - Processing /home/airflow/.local/lib/python3.12/site-packages/airflow/example_dags/example_dataset_alias.py took 0.748 seconds
[2025-09-07T00:06:33.397+0000] {processor.py:186} INFO - Started process (PID=4757) to work on /home/airflow/.local/lib/python3.12/site-packages/airflow/example_dags/example_dataset_alias.py
[2025-09-07T00:06:33.398+0000] {processor.py:914} INFO - Processing file /home/airflow/.local/lib/python3.12/site-packages/airflow/example_dags/example_dataset_alias.py for tasks to queue
[2025-09-07T00:06:33.401+0000] {logging_mixin.py:190} INFO - [2025-09-07T00:06:33.400+0000] {dagbag.py:588} INFO - Filling up the DagBag from /home/airflow/.local/lib/python3.12/site-packages/airflow/example_dags/example_dataset_alias.py
[2025-09-07T00:06:34.029+0000] {processor.py:925} INFO - DAG(s) 'dataset_s3_bucket_consumer', 'dataset_s3_bucket_producer', 'dataset_alias_example_alias_producer', 'dataset_alias_example_alias_consumer' retrieved from /home/airflow/.local/lib/python3.12/site-packages/airflow/example_dags/example_dataset_alias.py
[2025-09-07T00:06:34.061+0000] {logging_mixin.py:190} INFO - [2025-09-07T00:06:34.061+0000] {dag.py:3239} INFO - Sync 4 DAGs
[2025-09-07T00:06:34.091+0000] {logging_mixin.py:190} INFO - [2025-09-07T00:06:34.091+0000] {dag.py:4180} INFO - Setting next_dagrun for dataset_alias_example_alias_consumer to None, run_after=None
[2025-09-07T00:06:34.096+0000] {logging_mixin.py:190} INFO - [2025-09-07T00:06:34.096+0000] {dag.py:4180} INFO - Setting next_dagrun for dataset_alias_example_alias_producer to None, run_after=None
[2025-09-07T00:06:34.098+0000] {logging_mixin.py:190} INFO - [2025-09-07T00:06:34.097+0000] {dag.py:4180} INFO - Setting next_dagrun for dataset_s3_bucket_consumer to None, run_after=None
[2025-09-07T00:06:34.100+0000] {logging_mixin.py:190} INFO - [2025-09-07T00:06:34.099+0000] {dag.py:4180} INFO - Setting next_dagrun for dataset_s3_bucket_producer to None, run_after=None
[2025-09-07T00:06:34.127+0000] {processor.py:208} INFO - Processing /home/airflow/.local/lib/python3.12/site-packages/airflow/example_dags/example_dataset_alias.py took 0.740 seconds
[2025-09-07T00:07:04.357+0000] {processor.py:186} INFO - Started process (PID=4824) to work on /home/airflow/.local/lib/python3.12/site-packages/airflow/example_dags/example_dataset_alias.py
[2025-09-07T00:07:04.359+0000] {processor.py:914} INFO - Processing file /home/airflow/.local/lib/python3.12/site-packages/airflow/example_dags/example_dataset_alias.py for tasks to queue
[2025-09-07T00:07:04.362+0000] {logging_mixin.py:190} INFO - [2025-09-07T00:07:04.362+0000] {dagbag.py:588} INFO - Filling up the DagBag from /home/airflow/.local/lib/python3.12/site-packages/airflow/example_dags/example_dataset_alias.py
[2025-09-07T00:07:05.170+0000] {processor.py:925} INFO - DAG(s) 'dataset_s3_bucket_consumer', 'dataset_s3_bucket_producer', 'dataset_alias_example_alias_producer', 'dataset_alias_example_alias_consumer' retrieved from /home/airflow/.local/lib/python3.12/site-packages/airflow/example_dags/example_dataset_alias.py
[2025-09-07T00:07:05.222+0000] {logging_mixin.py:190} INFO - [2025-09-07T00:07:05.218+0000] {dag.py:3239} INFO - Sync 4 DAGs
[2025-09-07T00:07:05.261+0000] {logging_mixin.py:190} INFO - [2025-09-07T00:07:05.261+0000] {dag.py:4180} INFO - Setting next_dagrun for dataset_alias_example_alias_consumer to None, run_after=None
[2025-09-07T00:07:05.266+0000] {logging_mixin.py:190} INFO - [2025-09-07T00:07:05.266+0000] {dag.py:4180} INFO - Setting next_dagrun for dataset_alias_example_alias_producer to None, run_after=None
[2025-09-07T00:07:05.272+0000] {logging_mixin.py:190} INFO - [2025-09-07T00:07:05.272+0000] {dag.py:4180} INFO - Setting next_dagrun for dataset_s3_bucket_consumer to None, run_after=None
[2025-09-07T00:07:05.277+0000] {logging_mixin.py:190} INFO - [2025-09-07T00:07:05.277+0000] {dag.py:4180} INFO - Setting next_dagrun for dataset_s3_bucket_producer to None, run_after=None
[2025-09-07T00:07:05.325+0000] {processor.py:208} INFO - Processing /home/airflow/.local/lib/python3.12/site-packages/airflow/example_dags/example_dataset_alias.py took 0.984 seconds
[2025-09-07T00:07:35.499+0000] {processor.py:186} INFO - Started process (PID=4881) to work on /home/airflow/.local/lib/python3.12/site-packages/airflow/example_dags/example_dataset_alias.py
[2025-09-07T00:07:35.500+0000] {processor.py:914} INFO - Processing file /home/airflow/.local/lib/python3.12/site-packages/airflow/example_dags/example_dataset_alias.py for tasks to queue
[2025-09-07T00:07:35.502+0000] {logging_mixin.py:190} INFO - [2025-09-07T00:07:35.501+0000] {dagbag.py:588} INFO - Filling up the DagBag from /home/airflow/.local/lib/python3.12/site-packages/airflow/example_dags/example_dataset_alias.py
[2025-09-07T00:07:36.156+0000] {processor.py:925} INFO - DAG(s) 'dataset_s3_bucket_consumer', 'dataset_alias_example_alias_consumer', 'dataset_alias_example_alias_producer', 'dataset_s3_bucket_producer' retrieved from /home/airflow/.local/lib/python3.12/site-packages/airflow/example_dags/example_dataset_alias.py
[2025-09-07T00:07:36.181+0000] {logging_mixin.py:190} INFO - [2025-09-07T00:07:36.181+0000] {dag.py:3239} INFO - Sync 4 DAGs
[2025-09-07T00:07:36.215+0000] {logging_mixin.py:190} INFO - [2025-09-07T00:07:36.214+0000] {dag.py:4180} INFO - Setting next_dagrun for dataset_alias_example_alias_consumer to None, run_after=None
[2025-09-07T00:07:36.218+0000] {logging_mixin.py:190} INFO - [2025-09-07T00:07:36.218+0000] {dag.py:4180} INFO - Setting next_dagrun for dataset_alias_example_alias_producer to None, run_after=None
[2025-09-07T00:07:36.221+0000] {logging_mixin.py:190} INFO - [2025-09-07T00:07:36.220+0000] {dag.py:4180} INFO - Setting next_dagrun for dataset_s3_bucket_consumer to None, run_after=None
[2025-09-07T00:07:36.223+0000] {logging_mixin.py:190} INFO - [2025-09-07T00:07:36.223+0000] {dag.py:4180} INFO - Setting next_dagrun for dataset_s3_bucket_producer to None, run_after=None
[2025-09-07T00:07:36.253+0000] {processor.py:208} INFO - Processing /home/airflow/.local/lib/python3.12/site-packages/airflow/example_dags/example_dataset_alias.py took 0.763 seconds
[2025-09-07T00:08:06.338+0000] {processor.py:186} INFO - Started process (PID=4955) to work on /home/airflow/.local/lib/python3.12/site-packages/airflow/example_dags/example_dataset_alias.py
[2025-09-07T00:08:06.339+0000] {processor.py:914} INFO - Processing file /home/airflow/.local/lib/python3.12/site-packages/airflow/example_dags/example_dataset_alias.py for tasks to queue
[2025-09-07T00:08:06.341+0000] {logging_mixin.py:190} INFO - [2025-09-07T00:08:06.340+0000] {dagbag.py:588} INFO - Filling up the DagBag from /home/airflow/.local/lib/python3.12/site-packages/airflow/example_dags/example_dataset_alias.py
[2025-09-07T00:08:07.102+0000] {processor.py:925} INFO - DAG(s) 'dataset_alias_example_alias_consumer', 'dataset_s3_bucket_consumer', 'dataset_alias_example_alias_producer', 'dataset_s3_bucket_producer' retrieved from /home/airflow/.local/lib/python3.12/site-packages/airflow/example_dags/example_dataset_alias.py
[2025-09-07T00:08:07.128+0000] {logging_mixin.py:190} INFO - [2025-09-07T00:08:07.127+0000] {dag.py:3239} INFO - Sync 4 DAGs
[2025-09-07T00:08:07.156+0000] {logging_mixin.py:190} INFO - [2025-09-07T00:08:07.156+0000] {dag.py:4180} INFO - Setting next_dagrun for dataset_alias_example_alias_consumer to None, run_after=None
[2025-09-07T00:08:07.159+0000] {logging_mixin.py:190} INFO - [2025-09-07T00:08:07.159+0000] {dag.py:4180} INFO - Setting next_dagrun for dataset_alias_example_alias_producer to None, run_after=None
[2025-09-07T00:08:07.160+0000] {logging_mixin.py:190} INFO - [2025-09-07T00:08:07.160+0000] {dag.py:4180} INFO - Setting next_dagrun for dataset_s3_bucket_consumer to None, run_after=None
[2025-09-07T00:08:07.162+0000] {logging_mixin.py:190} INFO - [2025-09-07T00:08:07.161+0000] {dag.py:4180} INFO - Setting next_dagrun for dataset_s3_bucket_producer to None, run_after=None
[2025-09-07T00:08:07.182+0000] {processor.py:208} INFO - Processing /home/airflow/.local/lib/python3.12/site-packages/airflow/example_dags/example_dataset_alias.py took 0.851 seconds
[2025-09-07T00:08:38.093+0000] {processor.py:186} INFO - Started process (PID=5033) to work on /home/airflow/.local/lib/python3.12/site-packages/airflow/example_dags/example_dataset_alias.py
[2025-09-07T00:08:38.095+0000] {processor.py:914} INFO - Processing file /home/airflow/.local/lib/python3.12/site-packages/airflow/example_dags/example_dataset_alias.py for tasks to queue
[2025-09-07T00:08:38.098+0000] {logging_mixin.py:190} INFO - [2025-09-07T00:08:38.097+0000] {dagbag.py:588} INFO - Filling up the DagBag from /home/airflow/.local/lib/python3.12/site-packages/airflow/example_dags/example_dataset_alias.py
[2025-09-07T00:08:38.727+0000] {processor.py:925} INFO - DAG(s) 'dataset_s3_bucket_producer', 'dataset_alias_example_alias_consumer', 'dataset_s3_bucket_consumer', 'dataset_alias_example_alias_producer' retrieved from /home/airflow/.local/lib/python3.12/site-packages/airflow/example_dags/example_dataset_alias.py
[2025-09-07T00:08:38.755+0000] {logging_mixin.py:190} INFO - [2025-09-07T00:08:38.754+0000] {dag.py:3239} INFO - Sync 4 DAGs
[2025-09-07T00:08:38.785+0000] {logging_mixin.py:190} INFO - [2025-09-07T00:08:38.784+0000] {dag.py:4180} INFO - Setting next_dagrun for dataset_alias_example_alias_consumer to None, run_after=None
[2025-09-07T00:08:38.789+0000] {logging_mixin.py:190} INFO - [2025-09-07T00:08:38.788+0000] {dag.py:4180} INFO - Setting next_dagrun for dataset_alias_example_alias_producer to None, run_after=None
[2025-09-07T00:08:38.791+0000] {logging_mixin.py:190} INFO - [2025-09-07T00:08:38.791+0000] {dag.py:4180} INFO - Setting next_dagrun for dataset_s3_bucket_consumer to None, run_after=None
[2025-09-07T00:08:38.794+0000] {logging_mixin.py:190} INFO - [2025-09-07T00:08:38.794+0000] {dag.py:4180} INFO - Setting next_dagrun for dataset_s3_bucket_producer to None, run_after=None
[2025-09-07T00:08:38.823+0000] {processor.py:208} INFO - Processing /home/airflow/.local/lib/python3.12/site-packages/airflow/example_dags/example_dataset_alias.py took 0.736 seconds
[2025-09-07T00:09:09.255+0000] {processor.py:186} INFO - Started process (PID=5099) to work on /home/airflow/.local/lib/python3.12/site-packages/airflow/example_dags/example_dataset_alias.py
[2025-09-07T00:09:09.257+0000] {processor.py:914} INFO - Processing file /home/airflow/.local/lib/python3.12/site-packages/airflow/example_dags/example_dataset_alias.py for tasks to queue
[2025-09-07T00:09:09.259+0000] {logging_mixin.py:190} INFO - [2025-09-07T00:09:09.259+0000] {dagbag.py:588} INFO - Filling up the DagBag from /home/airflow/.local/lib/python3.12/site-packages/airflow/example_dags/example_dataset_alias.py
[2025-09-07T00:09:09.882+0000] {processor.py:925} INFO - DAG(s) 'dataset_alias_example_alias_producer', 'dataset_s3_bucket_producer', 'dataset_s3_bucket_consumer', 'dataset_alias_example_alias_consumer' retrieved from /home/airflow/.local/lib/python3.12/site-packages/airflow/example_dags/example_dataset_alias.py
[2025-09-07T00:09:09.907+0000] {logging_mixin.py:190} INFO - [2025-09-07T00:09:09.906+0000] {dag.py:3239} INFO - Sync 4 DAGs
[2025-09-07T00:09:09.926+0000] {logging_mixin.py:190} INFO - [2025-09-07T00:09:09.926+0000] {dag.py:4180} INFO - Setting next_dagrun for dataset_alias_example_alias_consumer to None, run_after=None
[2025-09-07T00:09:09.929+0000] {logging_mixin.py:190} INFO - [2025-09-07T00:09:09.929+0000] {dag.py:4180} INFO - Setting next_dagrun for dataset_alias_example_alias_producer to None, run_after=None
[2025-09-07T00:09:09.931+0000] {logging_mixin.py:190} INFO - [2025-09-07T00:09:09.931+0000] {dag.py:4180} INFO - Setting next_dagrun for dataset_s3_bucket_consumer to None, run_after=None
[2025-09-07T00:09:09.933+0000] {logging_mixin.py:190} INFO - [2025-09-07T00:09:09.933+0000] {dag.py:4180} INFO - Setting next_dagrun for dataset_s3_bucket_producer to None, run_after=None
[2025-09-07T00:09:09.955+0000] {processor.py:208} INFO - Processing /home/airflow/.local/lib/python3.12/site-packages/airflow/example_dags/example_dataset_alias.py took 0.708 seconds
[2025-09-07T00:09:40.053+0000] {processor.py:186} INFO - Started process (PID=5169) to work on /home/airflow/.local/lib/python3.12/site-packages/airflow/example_dags/example_dataset_alias.py
[2025-09-07T00:09:40.055+0000] {processor.py:914} INFO - Processing file /home/airflow/.local/lib/python3.12/site-packages/airflow/example_dags/example_dataset_alias.py for tasks to queue
[2025-09-07T00:09:40.057+0000] {logging_mixin.py:190} INFO - [2025-09-07T00:09:40.056+0000] {dagbag.py:588} INFO - Filling up the DagBag from /home/airflow/.local/lib/python3.12/site-packages/airflow/example_dags/example_dataset_alias.py
[2025-09-07T00:09:40.553+0000] {processor.py:925} INFO - DAG(s) 'dataset_alias_example_alias_consumer', 'dataset_s3_bucket_producer', 'dataset_alias_example_alias_producer', 'dataset_s3_bucket_consumer' retrieved from /home/airflow/.local/lib/python3.12/site-packages/airflow/example_dags/example_dataset_alias.py
[2025-09-07T00:09:40.574+0000] {logging_mixin.py:190} INFO - [2025-09-07T00:09:40.574+0000] {dag.py:3239} INFO - Sync 4 DAGs
[2025-09-07T00:09:40.590+0000] {logging_mixin.py:190} INFO - [2025-09-07T00:09:40.590+0000] {dag.py:4180} INFO - Setting next_dagrun for dataset_alias_example_alias_consumer to None, run_after=None
[2025-09-07T00:09:40.593+0000] {logging_mixin.py:190} INFO - [2025-09-07T00:09:40.592+0000] {dag.py:4180} INFO - Setting next_dagrun for dataset_alias_example_alias_producer to None, run_after=None
[2025-09-07T00:09:40.594+0000] {logging_mixin.py:190} INFO - [2025-09-07T00:09:40.594+0000] {dag.py:4180} INFO - Setting next_dagrun for dataset_s3_bucket_consumer to None, run_after=None
[2025-09-07T00:09:40.596+0000] {logging_mixin.py:190} INFO - [2025-09-07T00:09:40.596+0000] {dag.py:4180} INFO - Setting next_dagrun for dataset_s3_bucket_producer to None, run_after=None
[2025-09-07T00:09:40.627+0000] {processor.py:208} INFO - Processing /home/airflow/.local/lib/python3.12/site-packages/airflow/example_dags/example_dataset_alias.py took 0.583 seconds
[2025-09-07T00:10:11.364+0000] {processor.py:186} INFO - Started process (PID=5235) to work on /home/airflow/.local/lib/python3.12/site-packages/airflow/example_dags/example_dataset_alias.py
[2025-09-07T00:10:11.366+0000] {processor.py:914} INFO - Processing file /home/airflow/.local/lib/python3.12/site-packages/airflow/example_dags/example_dataset_alias.py for tasks to queue
[2025-09-07T00:10:11.368+0000] {logging_mixin.py:190} INFO - [2025-09-07T00:10:11.367+0000] {dagbag.py:588} INFO - Filling up the DagBag from /home/airflow/.local/lib/python3.12/site-packages/airflow/example_dags/example_dataset_alias.py
[2025-09-07T00:10:12.008+0000] {processor.py:925} INFO - DAG(s) 'dataset_s3_bucket_consumer', 'dataset_alias_example_alias_consumer', 'dataset_s3_bucket_producer', 'dataset_alias_example_alias_producer' retrieved from /home/airflow/.local/lib/python3.12/site-packages/airflow/example_dags/example_dataset_alias.py
[2025-09-07T00:10:12.028+0000] {logging_mixin.py:190} INFO - [2025-09-07T00:10:12.027+0000] {dag.py:3239} INFO - Sync 4 DAGs
[2025-09-07T00:10:12.053+0000] {logging_mixin.py:190} INFO - [2025-09-07T00:10:12.053+0000] {dag.py:4180} INFO - Setting next_dagrun for dataset_alias_example_alias_consumer to None, run_after=None
[2025-09-07T00:10:12.057+0000] {logging_mixin.py:190} INFO - [2025-09-07T00:10:12.057+0000] {dag.py:4180} INFO - Setting next_dagrun for dataset_alias_example_alias_producer to None, run_after=None
[2025-09-07T00:10:12.060+0000] {logging_mixin.py:190} INFO - [2025-09-07T00:10:12.059+0000] {dag.py:4180} INFO - Setting next_dagrun for dataset_s3_bucket_consumer to None, run_after=None
[2025-09-07T00:10:12.062+0000] {logging_mixin.py:190} INFO - [2025-09-07T00:10:12.061+0000] {dag.py:4180} INFO - Setting next_dagrun for dataset_s3_bucket_producer to None, run_after=None
[2025-09-07T00:10:12.089+0000] {processor.py:208} INFO - Processing /home/airflow/.local/lib/python3.12/site-packages/airflow/example_dags/example_dataset_alias.py took 0.735 seconds
[2025-09-07T00:10:42.200+0000] {processor.py:186} INFO - Started process (PID=5304) to work on /home/airflow/.local/lib/python3.12/site-packages/airflow/example_dags/example_dataset_alias.py
[2025-09-07T00:10:42.201+0000] {processor.py:914} INFO - Processing file /home/airflow/.local/lib/python3.12/site-packages/airflow/example_dags/example_dataset_alias.py for tasks to queue
[2025-09-07T00:10:42.203+0000] {logging_mixin.py:190} INFO - [2025-09-07T00:10:42.203+0000] {dagbag.py:588} INFO - Filling up the DagBag from /home/airflow/.local/lib/python3.12/site-packages/airflow/example_dags/example_dataset_alias.py
[2025-09-07T00:10:42.680+0000] {processor.py:925} INFO - DAG(s) 'dataset_alias_example_alias_consumer', 'dataset_s3_bucket_consumer', 'dataset_s3_bucket_producer', 'dataset_alias_example_alias_producer' retrieved from /home/airflow/.local/lib/python3.12/site-packages/airflow/example_dags/example_dataset_alias.py
[2025-09-07T00:10:42.705+0000] {logging_mixin.py:190} INFO - [2025-09-07T00:10:42.704+0000] {dag.py:3239} INFO - Sync 4 DAGs
[2025-09-07T00:10:42.723+0000] {logging_mixin.py:190} INFO - [2025-09-07T00:10:42.723+0000] {dag.py:4180} INFO - Setting next_dagrun for dataset_alias_example_alias_consumer to None, run_after=None
[2025-09-07T00:10:42.726+0000] {logging_mixin.py:190} INFO - [2025-09-07T00:10:42.726+0000] {dag.py:4180} INFO - Setting next_dagrun for dataset_alias_example_alias_producer to None, run_after=None
[2025-09-07T00:10:42.731+0000] {logging_mixin.py:190} INFO - [2025-09-07T00:10:42.731+0000] {dag.py:4180} INFO - Setting next_dagrun for dataset_s3_bucket_consumer to None, run_after=None
[2025-09-07T00:10:42.733+0000] {logging_mixin.py:190} INFO - [2025-09-07T00:10:42.732+0000] {dag.py:4180} INFO - Setting next_dagrun for dataset_s3_bucket_producer to None, run_after=None
[2025-09-07T00:10:42.751+0000] {processor.py:208} INFO - Processing /home/airflow/.local/lib/python3.12/site-packages/airflow/example_dags/example_dataset_alias.py took 0.557 seconds
[2025-09-07T00:11:13.393+0000] {processor.py:186} INFO - Started process (PID=5370) to work on /home/airflow/.local/lib/python3.12/site-packages/airflow/example_dags/example_dataset_alias.py
[2025-09-07T00:11:13.394+0000] {processor.py:914} INFO - Processing file /home/airflow/.local/lib/python3.12/site-packages/airflow/example_dags/example_dataset_alias.py for tasks to queue
[2025-09-07T00:11:13.398+0000] {logging_mixin.py:190} INFO - [2025-09-07T00:11:13.398+0000] {dagbag.py:588} INFO - Filling up the DagBag from /home/airflow/.local/lib/python3.12/site-packages/airflow/example_dags/example_dataset_alias.py
[2025-09-07T00:11:14.009+0000] {processor.py:925} INFO - DAG(s) 'dataset_alias_example_alias_producer', 'dataset_s3_bucket_consumer', 'dataset_s3_bucket_producer', 'dataset_alias_example_alias_consumer' retrieved from /home/airflow/.local/lib/python3.12/site-packages/airflow/example_dags/example_dataset_alias.py
[2025-09-07T00:11:14.036+0000] {logging_mixin.py:190} INFO - [2025-09-07T00:11:14.036+0000] {dag.py:3239} INFO - Sync 4 DAGs
[2025-09-07T00:11:14.067+0000] {logging_mixin.py:190} INFO - [2025-09-07T00:11:14.066+0000] {dag.py:4180} INFO - Setting next_dagrun for dataset_alias_example_alias_consumer to None, run_after=None
[2025-09-07T00:11:14.070+0000] {logging_mixin.py:190} INFO - [2025-09-07T00:11:14.070+0000] {dag.py:4180} INFO - Setting next_dagrun for dataset_alias_example_alias_producer to None, run_after=None
[2025-09-07T00:11:14.073+0000] {logging_mixin.py:190} INFO - [2025-09-07T00:11:14.072+0000] {dag.py:4180} INFO - Setting next_dagrun for dataset_s3_bucket_consumer to None, run_after=None
[2025-09-07T00:11:14.075+0000] {logging_mixin.py:190} INFO - [2025-09-07T00:11:14.074+0000] {dag.py:4180} INFO - Setting next_dagrun for dataset_s3_bucket_producer to None, run_after=None
[2025-09-07T00:11:14.099+0000] {processor.py:208} INFO - Processing /home/airflow/.local/lib/python3.12/site-packages/airflow/example_dags/example_dataset_alias.py took 0.711 seconds
[2025-09-07T00:11:44.276+0000] {processor.py:186} INFO - Started process (PID=5437) to work on /home/airflow/.local/lib/python3.12/site-packages/airflow/example_dags/example_dataset_alias.py
[2025-09-07T00:11:44.278+0000] {processor.py:914} INFO - Processing file /home/airflow/.local/lib/python3.12/site-packages/airflow/example_dags/example_dataset_alias.py for tasks to queue
[2025-09-07T00:11:44.281+0000] {logging_mixin.py:190} INFO - [2025-09-07T00:11:44.280+0000] {dagbag.py:588} INFO - Filling up the DagBag from /home/airflow/.local/lib/python3.12/site-packages/airflow/example_dags/example_dataset_alias.py
[2025-09-07T00:11:45.078+0000] {processor.py:925} INFO - DAG(s) 'dataset_alias_example_alias_producer', 'dataset_s3_bucket_producer', 'dataset_alias_example_alias_consumer', 'dataset_s3_bucket_consumer' retrieved from /home/airflow/.local/lib/python3.12/site-packages/airflow/example_dags/example_dataset_alias.py
[2025-09-07T00:11:45.112+0000] {logging_mixin.py:190} INFO - [2025-09-07T00:11:45.111+0000] {dag.py:3239} INFO - Sync 4 DAGs
[2025-09-07T00:11:45.136+0000] {logging_mixin.py:190} INFO - [2025-09-07T00:11:45.135+0000] {dag.py:4180} INFO - Setting next_dagrun for dataset_alias_example_alias_consumer to None, run_after=None
[2025-09-07T00:11:45.139+0000] {logging_mixin.py:190} INFO - [2025-09-07T00:11:45.139+0000] {dag.py:4180} INFO - Setting next_dagrun for dataset_alias_example_alias_producer to None, run_after=None
[2025-09-07T00:11:45.142+0000] {logging_mixin.py:190} INFO - [2025-09-07T00:11:45.142+0000] {dag.py:4180} INFO - Setting next_dagrun for dataset_s3_bucket_consumer to None, run_after=None
[2025-09-07T00:11:45.144+0000] {logging_mixin.py:190} INFO - [2025-09-07T00:11:45.144+0000] {dag.py:4180} INFO - Setting next_dagrun for dataset_s3_bucket_producer to None, run_after=None
[2025-09-07T00:11:45.173+0000] {processor.py:208} INFO - Processing /home/airflow/.local/lib/python3.12/site-packages/airflow/example_dags/example_dataset_alias.py took 0.906 seconds
[2025-09-07T00:12:15.561+0000] {processor.py:186} INFO - Started process (PID=5509) to work on /home/airflow/.local/lib/python3.12/site-packages/airflow/example_dags/example_dataset_alias.py
[2025-09-07T00:12:15.562+0000] {processor.py:914} INFO - Processing file /home/airflow/.local/lib/python3.12/site-packages/airflow/example_dags/example_dataset_alias.py for tasks to queue
[2025-09-07T00:12:15.564+0000] {logging_mixin.py:190} INFO - [2025-09-07T00:12:15.563+0000] {dagbag.py:588} INFO - Filling up the DagBag from /home/airflow/.local/lib/python3.12/site-packages/airflow/example_dags/example_dataset_alias.py
[2025-09-07T00:12:16.352+0000] {processor.py:925} INFO - DAG(s) 'dataset_alias_example_alias_consumer', 'dataset_s3_bucket_consumer', 'dataset_s3_bucket_producer', 'dataset_alias_example_alias_producer' retrieved from /home/airflow/.local/lib/python3.12/site-packages/airflow/example_dags/example_dataset_alias.py
[2025-09-07T00:12:16.386+0000] {logging_mixin.py:190} INFO - [2025-09-07T00:12:16.385+0000] {dag.py:3239} INFO - Sync 4 DAGs
[2025-09-07T00:12:16.421+0000] {logging_mixin.py:190} INFO - [2025-09-07T00:12:16.421+0000] {dag.py:4180} INFO - Setting next_dagrun for dataset_alias_example_alias_consumer to None, run_after=None
[2025-09-07T00:12:16.425+0000] {logging_mixin.py:190} INFO - [2025-09-07T00:12:16.425+0000] {dag.py:4180} INFO - Setting next_dagrun for dataset_alias_example_alias_producer to None, run_after=None
[2025-09-07T00:12:16.428+0000] {logging_mixin.py:190} INFO - [2025-09-07T00:12:16.428+0000] {dag.py:4180} INFO - Setting next_dagrun for dataset_s3_bucket_consumer to None, run_after=None
[2025-09-07T00:12:16.431+0000] {logging_mixin.py:190} INFO - [2025-09-07T00:12:16.430+0000] {dag.py:4180} INFO - Setting next_dagrun for dataset_s3_bucket_producer to None, run_after=None
[2025-09-07T00:12:16.463+0000] {processor.py:208} INFO - Processing /home/airflow/.local/lib/python3.12/site-packages/airflow/example_dags/example_dataset_alias.py took 0.907 seconds
[2025-09-07T00:12:46.881+0000] {processor.py:186} INFO - Started process (PID=5579) to work on /home/airflow/.local/lib/python3.12/site-packages/airflow/example_dags/example_dataset_alias.py
[2025-09-07T00:12:46.882+0000] {processor.py:914} INFO - Processing file /home/airflow/.local/lib/python3.12/site-packages/airflow/example_dags/example_dataset_alias.py for tasks to queue
[2025-09-07T00:12:46.884+0000] {logging_mixin.py:190} INFO - [2025-09-07T00:12:46.884+0000] {dagbag.py:588} INFO - Filling up the DagBag from /home/airflow/.local/lib/python3.12/site-packages/airflow/example_dags/example_dataset_alias.py
[2025-09-07T00:12:47.476+0000] {processor.py:925} INFO - DAG(s) 'dataset_alias_example_alias_producer', 'dataset_s3_bucket_producer', 'dataset_s3_bucket_consumer', 'dataset_alias_example_alias_consumer' retrieved from /home/airflow/.local/lib/python3.12/site-packages/airflow/example_dags/example_dataset_alias.py
[2025-09-07T00:12:47.496+0000] {logging_mixin.py:190} INFO - [2025-09-07T00:12:47.496+0000] {dag.py:3239} INFO - Sync 4 DAGs
[2025-09-07T00:12:47.515+0000] {logging_mixin.py:190} INFO - [2025-09-07T00:12:47.515+0000] {dag.py:4180} INFO - Setting next_dagrun for dataset_alias_example_alias_consumer to None, run_after=None
[2025-09-07T00:12:47.518+0000] {logging_mixin.py:190} INFO - [2025-09-07T00:12:47.518+0000] {dag.py:4180} INFO - Setting next_dagrun for dataset_alias_example_alias_producer to None, run_after=None
[2025-09-07T00:12:47.520+0000] {logging_mixin.py:190} INFO - [2025-09-07T00:12:47.520+0000] {dag.py:4180} INFO - Setting next_dagrun for dataset_s3_bucket_consumer to None, run_after=None
[2025-09-07T00:12:47.522+0000] {logging_mixin.py:190} INFO - [2025-09-07T00:12:47.522+0000] {dag.py:4180} INFO - Setting next_dagrun for dataset_s3_bucket_producer to None, run_after=None
[2025-09-07T00:12:47.544+0000] {processor.py:208} INFO - Processing /home/airflow/.local/lib/python3.12/site-packages/airflow/example_dags/example_dataset_alias.py took 0.673 seconds
[2025-09-07T00:13:17.729+0000] {processor.py:186} INFO - Started process (PID=5653) to work on /home/airflow/.local/lib/python3.12/site-packages/airflow/example_dags/example_dataset_alias.py
[2025-09-07T00:13:17.730+0000] {processor.py:914} INFO - Processing file /home/airflow/.local/lib/python3.12/site-packages/airflow/example_dags/example_dataset_alias.py for tasks to queue
[2025-09-07T00:13:17.733+0000] {logging_mixin.py:190} INFO - [2025-09-07T00:13:17.732+0000] {dagbag.py:588} INFO - Filling up the DagBag from /home/airflow/.local/lib/python3.12/site-packages/airflow/example_dags/example_dataset_alias.py
[2025-09-07T00:13:18.404+0000] {processor.py:925} INFO - DAG(s) 'dataset_s3_bucket_consumer', 'dataset_s3_bucket_producer', 'dataset_alias_example_alias_consumer', 'dataset_alias_example_alias_producer' retrieved from /home/airflow/.local/lib/python3.12/site-packages/airflow/example_dags/example_dataset_alias.py
[2025-09-07T00:13:18.433+0000] {logging_mixin.py:190} INFO - [2025-09-07T00:13:18.432+0000] {dag.py:3239} INFO - Sync 4 DAGs
[2025-09-07T00:13:18.460+0000] {logging_mixin.py:190} INFO - [2025-09-07T00:13:18.460+0000] {dag.py:4180} INFO - Setting next_dagrun for dataset_alias_example_alias_consumer to None, run_after=None
[2025-09-07T00:13:18.462+0000] {logging_mixin.py:190} INFO - [2025-09-07T00:13:18.462+0000] {dag.py:4180} INFO - Setting next_dagrun for dataset_alias_example_alias_producer to None, run_after=None
[2025-09-07T00:13:18.464+0000] {logging_mixin.py:190} INFO - [2025-09-07T00:13:18.464+0000] {dag.py:4180} INFO - Setting next_dagrun for dataset_s3_bucket_consumer to None, run_after=None
[2025-09-07T00:13:18.466+0000] {logging_mixin.py:190} INFO - [2025-09-07T00:13:18.466+0000] {dag.py:4180} INFO - Setting next_dagrun for dataset_s3_bucket_producer to None, run_after=None
[2025-09-07T00:13:18.483+0000] {processor.py:208} INFO - Processing /home/airflow/.local/lib/python3.12/site-packages/airflow/example_dags/example_dataset_alias.py took 0.763 seconds
[2025-09-07T00:13:48.749+0000] {processor.py:186} INFO - Started process (PID=5720) to work on /home/airflow/.local/lib/python3.12/site-packages/airflow/example_dags/example_dataset_alias.py
[2025-09-07T00:13:48.750+0000] {processor.py:914} INFO - Processing file /home/airflow/.local/lib/python3.12/site-packages/airflow/example_dags/example_dataset_alias.py for tasks to queue
[2025-09-07T00:13:48.752+0000] {logging_mixin.py:190} INFO - [2025-09-07T00:13:48.751+0000] {dagbag.py:588} INFO - Filling up the DagBag from /home/airflow/.local/lib/python3.12/site-packages/airflow/example_dags/example_dataset_alias.py
[2025-09-07T00:13:49.245+0000] {processor.py:925} INFO - DAG(s) 'dataset_s3_bucket_consumer', 'dataset_s3_bucket_producer', 'dataset_alias_example_alias_producer', 'dataset_alias_example_alias_consumer' retrieved from /home/airflow/.local/lib/python3.12/site-packages/airflow/example_dags/example_dataset_alias.py
[2025-09-07T00:13:49.263+0000] {logging_mixin.py:190} INFO - [2025-09-07T00:13:49.263+0000] {dag.py:3239} INFO - Sync 4 DAGs
[2025-09-07T00:13:49.281+0000] {logging_mixin.py:190} INFO - [2025-09-07T00:13:49.281+0000] {dag.py:4180} INFO - Setting next_dagrun for dataset_alias_example_alias_consumer to None, run_after=None
[2025-09-07T00:13:49.284+0000] {logging_mixin.py:190} INFO - [2025-09-07T00:13:49.284+0000] {dag.py:4180} INFO - Setting next_dagrun for dataset_alias_example_alias_producer to None, run_after=None
[2025-09-07T00:13:49.285+0000] {logging_mixin.py:190} INFO - [2025-09-07T00:13:49.285+0000] {dag.py:4180} INFO - Setting next_dagrun for dataset_s3_bucket_consumer to None, run_after=None
[2025-09-07T00:13:49.286+0000] {logging_mixin.py:190} INFO - [2025-09-07T00:13:49.286+0000] {dag.py:4180} INFO - Setting next_dagrun for dataset_s3_bucket_producer to None, run_after=None
[2025-09-07T00:13:49.299+0000] {processor.py:208} INFO - Processing /home/airflow/.local/lib/python3.12/site-packages/airflow/example_dags/example_dataset_alias.py took 0.555 seconds
[2025-09-07T00:14:19.608+0000] {processor.py:186} INFO - Started process (PID=5786) to work on /home/airflow/.local/lib/python3.12/site-packages/airflow/example_dags/example_dataset_alias.py
[2025-09-07T00:14:19.609+0000] {processor.py:914} INFO - Processing file /home/airflow/.local/lib/python3.12/site-packages/airflow/example_dags/example_dataset_alias.py for tasks to queue
[2025-09-07T00:14:19.611+0000] {logging_mixin.py:190} INFO - [2025-09-07T00:14:19.611+0000] {dagbag.py:588} INFO - Filling up the DagBag from /home/airflow/.local/lib/python3.12/site-packages/airflow/example_dags/example_dataset_alias.py
[2025-09-07T00:14:20.054+0000] {processor.py:925} INFO - DAG(s) 'dataset_s3_bucket_consumer', 'dataset_alias_example_alias_producer', 'dataset_s3_bucket_producer', 'dataset_alias_example_alias_consumer' retrieved from /home/airflow/.local/lib/python3.12/site-packages/airflow/example_dags/example_dataset_alias.py
[2025-09-07T00:14:20.074+0000] {logging_mixin.py:190} INFO - [2025-09-07T00:14:20.073+0000] {dag.py:3239} INFO - Sync 4 DAGs
[2025-09-07T00:14:20.092+0000] {logging_mixin.py:190} INFO - [2025-09-07T00:14:20.092+0000] {dag.py:4180} INFO - Setting next_dagrun for dataset_alias_example_alias_consumer to None, run_after=None
[2025-09-07T00:14:20.095+0000] {logging_mixin.py:190} INFO - [2025-09-07T00:14:20.095+0000] {dag.py:4180} INFO - Setting next_dagrun for dataset_alias_example_alias_producer to None, run_after=None
[2025-09-07T00:14:20.097+0000] {logging_mixin.py:190} INFO - [2025-09-07T00:14:20.096+0000] {dag.py:4180} INFO - Setting next_dagrun for dataset_s3_bucket_consumer to None, run_after=None
[2025-09-07T00:14:20.098+0000] {logging_mixin.py:190} INFO - [2025-09-07T00:14:20.098+0000] {dag.py:4180} INFO - Setting next_dagrun for dataset_s3_bucket_producer to None, run_after=None
[2025-09-07T00:14:20.115+0000] {processor.py:208} INFO - Processing /home/airflow/.local/lib/python3.12/site-packages/airflow/example_dags/example_dataset_alias.py took 0.514 seconds
[2025-09-07T00:14:50.686+0000] {processor.py:186} INFO - Started process (PID=5852) to work on /home/airflow/.local/lib/python3.12/site-packages/airflow/example_dags/example_dataset_alias.py
[2025-09-07T00:14:50.689+0000] {processor.py:914} INFO - Processing file /home/airflow/.local/lib/python3.12/site-packages/airflow/example_dags/example_dataset_alias.py for tasks to queue
[2025-09-07T00:14:50.691+0000] {logging_mixin.py:190} INFO - [2025-09-07T00:14:50.690+0000] {dagbag.py:588} INFO - Filling up the DagBag from /home/airflow/.local/lib/python3.12/site-packages/airflow/example_dags/example_dataset_alias.py
[2025-09-07T00:14:51.092+0000] {processor.py:925} INFO - DAG(s) 'dataset_s3_bucket_consumer', 'dataset_alias_example_alias_producer', 'dataset_alias_example_alias_consumer', 'dataset_s3_bucket_producer' retrieved from /home/airflow/.local/lib/python3.12/site-packages/airflow/example_dags/example_dataset_alias.py
[2025-09-07T00:14:51.121+0000] {logging_mixin.py:190} INFO - [2025-09-07T00:14:51.119+0000] {dag.py:3239} INFO - Sync 4 DAGs
[2025-09-07T00:14:51.138+0000] {logging_mixin.py:190} INFO - [2025-09-07T00:14:51.138+0000] {dag.py:4180} INFO - Setting next_dagrun for dataset_alias_example_alias_consumer to None, run_after=None
[2025-09-07T00:14:51.140+0000] {logging_mixin.py:190} INFO - [2025-09-07T00:14:51.140+0000] {dag.py:4180} INFO - Setting next_dagrun for dataset_alias_example_alias_producer to None, run_after=None
[2025-09-07T00:14:51.142+0000] {logging_mixin.py:190} INFO - [2025-09-07T00:14:51.141+0000] {dag.py:4180} INFO - Setting next_dagrun for dataset_s3_bucket_consumer to None, run_after=None
[2025-09-07T00:14:51.143+0000] {logging_mixin.py:190} INFO - [2025-09-07T00:14:51.143+0000] {dag.py:4180} INFO - Setting next_dagrun for dataset_s3_bucket_producer to None, run_after=None
[2025-09-07T00:14:51.159+0000] {processor.py:208} INFO - Processing /home/airflow/.local/lib/python3.12/site-packages/airflow/example_dags/example_dataset_alias.py took 0.481 seconds
[2025-09-07T00:15:21.269+0000] {processor.py:186} INFO - Started process (PID=5916) to work on /home/airflow/.local/lib/python3.12/site-packages/airflow/example_dags/example_dataset_alias.py
[2025-09-07T00:15:21.270+0000] {processor.py:914} INFO - Processing file /home/airflow/.local/lib/python3.12/site-packages/airflow/example_dags/example_dataset_alias.py for tasks to queue
[2025-09-07T00:15:21.272+0000] {logging_mixin.py:190} INFO - [2025-09-07T00:15:21.272+0000] {dagbag.py:588} INFO - Filling up the DagBag from /home/airflow/.local/lib/python3.12/site-packages/airflow/example_dags/example_dataset_alias.py
[2025-09-07T00:15:21.571+0000] {processor.py:925} INFO - DAG(s) 'dataset_alias_example_alias_consumer', 'dataset_s3_bucket_producer', 'dataset_alias_example_alias_producer', 'dataset_s3_bucket_consumer' retrieved from /home/airflow/.local/lib/python3.12/site-packages/airflow/example_dags/example_dataset_alias.py
[2025-09-07T00:15:21.593+0000] {logging_mixin.py:190} INFO - [2025-09-07T00:15:21.591+0000] {dag.py:3239} INFO - Sync 4 DAGs
[2025-09-07T00:15:21.614+0000] {logging_mixin.py:190} INFO - [2025-09-07T00:15:21.614+0000] {dag.py:4180} INFO - Setting next_dagrun for dataset_alias_example_alias_consumer to None, run_after=None
[2025-09-07T00:15:21.619+0000] {logging_mixin.py:190} INFO - [2025-09-07T00:15:21.619+0000] {dag.py:4180} INFO - Setting next_dagrun for dataset_alias_example_alias_producer to None, run_after=None
[2025-09-07T00:15:21.621+0000] {logging_mixin.py:190} INFO - [2025-09-07T00:15:21.621+0000] {dag.py:4180} INFO - Setting next_dagrun for dataset_s3_bucket_consumer to None, run_after=None
[2025-09-07T00:15:21.623+0000] {logging_mixin.py:190} INFO - [2025-09-07T00:15:21.623+0000] {dag.py:4180} INFO - Setting next_dagrun for dataset_s3_bucket_producer to None, run_after=None
[2025-09-07T00:15:21.650+0000] {processor.py:208} INFO - Processing /home/airflow/.local/lib/python3.12/site-packages/airflow/example_dags/example_dataset_alias.py took 0.388 seconds
[2025-09-07T00:15:51.868+0000] {processor.py:186} INFO - Started process (PID=5981) to work on /home/airflow/.local/lib/python3.12/site-packages/airflow/example_dags/example_dataset_alias.py
[2025-09-07T00:15:51.869+0000] {processor.py:914} INFO - Processing file /home/airflow/.local/lib/python3.12/site-packages/airflow/example_dags/example_dataset_alias.py for tasks to queue
[2025-09-07T00:15:51.875+0000] {logging_mixin.py:190} INFO - [2025-09-07T00:15:51.874+0000] {dagbag.py:588} INFO - Filling up the DagBag from /home/airflow/.local/lib/python3.12/site-packages/airflow/example_dags/example_dataset_alias.py
[2025-09-07T00:15:52.171+0000] {processor.py:925} INFO - DAG(s) 'dataset_s3_bucket_producer', 'dataset_s3_bucket_consumer', 'dataset_alias_example_alias_consumer', 'dataset_alias_example_alias_producer' retrieved from /home/airflow/.local/lib/python3.12/site-packages/airflow/example_dags/example_dataset_alias.py
[2025-09-07T00:15:52.190+0000] {logging_mixin.py:190} INFO - [2025-09-07T00:15:52.189+0000] {dag.py:3239} INFO - Sync 4 DAGs
[2025-09-07T00:15:52.213+0000] {logging_mixin.py:190} INFO - [2025-09-07T00:15:52.213+0000] {dag.py:4180} INFO - Setting next_dagrun for dataset_alias_example_alias_consumer to None, run_after=None
[2025-09-07T00:15:52.217+0000] {logging_mixin.py:190} INFO - [2025-09-07T00:15:52.217+0000] {dag.py:4180} INFO - Setting next_dagrun for dataset_alias_example_alias_producer to None, run_after=None
[2025-09-07T00:15:52.219+0000] {logging_mixin.py:190} INFO - [2025-09-07T00:15:52.219+0000] {dag.py:4180} INFO - Setting next_dagrun for dataset_s3_bucket_consumer to None, run_after=None
[2025-09-07T00:15:52.221+0000] {logging_mixin.py:190} INFO - [2025-09-07T00:15:52.221+0000] {dag.py:4180} INFO - Setting next_dagrun for dataset_s3_bucket_producer to None, run_after=None
[2025-09-07T00:15:52.242+0000] {processor.py:208} INFO - Processing /home/airflow/.local/lib/python3.12/site-packages/airflow/example_dags/example_dataset_alias.py took 0.383 seconds
[2025-09-07T00:16:22.595+0000] {processor.py:186} INFO - Started process (PID=6047) to work on /home/airflow/.local/lib/python3.12/site-packages/airflow/example_dags/example_dataset_alias.py
[2025-09-07T00:16:22.596+0000] {processor.py:914} INFO - Processing file /home/airflow/.local/lib/python3.12/site-packages/airflow/example_dags/example_dataset_alias.py for tasks to queue
[2025-09-07T00:16:22.598+0000] {logging_mixin.py:190} INFO - [2025-09-07T00:16:22.598+0000] {dagbag.py:588} INFO - Filling up the DagBag from /home/airflow/.local/lib/python3.12/site-packages/airflow/example_dags/example_dataset_alias.py
[2025-09-07T00:16:22.905+0000] {processor.py:925} INFO - DAG(s) 'dataset_alias_example_alias_producer', 'dataset_s3_bucket_producer', 'dataset_s3_bucket_consumer', 'dataset_alias_example_alias_consumer' retrieved from /home/airflow/.local/lib/python3.12/site-packages/airflow/example_dags/example_dataset_alias.py
[2025-09-07T00:16:22.930+0000] {logging_mixin.py:190} INFO - [2025-09-07T00:16:22.929+0000] {dag.py:3239} INFO - Sync 4 DAGs
[2025-09-07T00:16:22.949+0000] {logging_mixin.py:190} INFO - [2025-09-07T00:16:22.949+0000] {dag.py:4180} INFO - Setting next_dagrun for dataset_alias_example_alias_consumer to None, run_after=None
[2025-09-07T00:16:22.953+0000] {logging_mixin.py:190} INFO - [2025-09-07T00:16:22.953+0000] {dag.py:4180} INFO - Setting next_dagrun for dataset_alias_example_alias_producer to None, run_after=None
[2025-09-07T00:16:22.955+0000] {logging_mixin.py:190} INFO - [2025-09-07T00:16:22.955+0000] {dag.py:4180} INFO - Setting next_dagrun for dataset_s3_bucket_consumer to None, run_after=None
[2025-09-07T00:16:22.957+0000] {logging_mixin.py:190} INFO - [2025-09-07T00:16:22.957+0000] {dag.py:4180} INFO - Setting next_dagrun for dataset_s3_bucket_producer to None, run_after=None
[2025-09-07T00:16:22.982+0000] {processor.py:208} INFO - Processing /home/airflow/.local/lib/python3.12/site-packages/airflow/example_dags/example_dataset_alias.py took 0.393 seconds
[2025-09-07T00:16:53.135+0000] {processor.py:186} INFO - Started process (PID=6113) to work on /home/airflow/.local/lib/python3.12/site-packages/airflow/example_dags/example_dataset_alias.py
[2025-09-07T00:16:53.137+0000] {processor.py:914} INFO - Processing file /home/airflow/.local/lib/python3.12/site-packages/airflow/example_dags/example_dataset_alias.py for tasks to queue
[2025-09-07T00:16:53.140+0000] {logging_mixin.py:190} INFO - [2025-09-07T00:16:53.139+0000] {dagbag.py:588} INFO - Filling up the DagBag from /home/airflow/.local/lib/python3.12/site-packages/airflow/example_dags/example_dataset_alias.py
[2025-09-07T00:16:53.488+0000] {processor.py:925} INFO - DAG(s) 'dataset_s3_bucket_producer', 'dataset_alias_example_alias_producer', 'dataset_s3_bucket_consumer', 'dataset_alias_example_alias_consumer' retrieved from /home/airflow/.local/lib/python3.12/site-packages/airflow/example_dags/example_dataset_alias.py
[2025-09-07T00:16:53.511+0000] {logging_mixin.py:190} INFO - [2025-09-07T00:16:53.511+0000] {dag.py:3239} INFO - Sync 4 DAGs
[2025-09-07T00:16:53.534+0000] {logging_mixin.py:190} INFO - [2025-09-07T00:16:53.533+0000] {dag.py:4180} INFO - Setting next_dagrun for dataset_alias_example_alias_consumer to None, run_after=None
[2025-09-07T00:16:53.538+0000] {logging_mixin.py:190} INFO - [2025-09-07T00:16:53.537+0000] {dag.py:4180} INFO - Setting next_dagrun for dataset_alias_example_alias_producer to None, run_after=None
[2025-09-07T00:16:53.540+0000] {logging_mixin.py:190} INFO - [2025-09-07T00:16:53.540+0000] {dag.py:4180} INFO - Setting next_dagrun for dataset_s3_bucket_consumer to None, run_after=None
[2025-09-07T00:16:53.541+0000] {logging_mixin.py:190} INFO - [2025-09-07T00:16:53.541+0000] {dag.py:4180} INFO - Setting next_dagrun for dataset_s3_bucket_producer to None, run_after=None
[2025-09-07T00:16:53.565+0000] {processor.py:208} INFO - Processing /home/airflow/.local/lib/python3.12/site-packages/airflow/example_dags/example_dataset_alias.py took 0.435 seconds
[2025-09-07T00:17:23.854+0000] {processor.py:186} INFO - Started process (PID=6179) to work on /home/airflow/.local/lib/python3.12/site-packages/airflow/example_dags/example_dataset_alias.py
[2025-09-07T00:17:23.856+0000] {processor.py:914} INFO - Processing file /home/airflow/.local/lib/python3.12/site-packages/airflow/example_dags/example_dataset_alias.py for tasks to queue
[2025-09-07T00:17:23.858+0000] {logging_mixin.py:190} INFO - [2025-09-07T00:17:23.857+0000] {dagbag.py:588} INFO - Filling up the DagBag from /home/airflow/.local/lib/python3.12/site-packages/airflow/example_dags/example_dataset_alias.py
[2025-09-07T00:17:24.404+0000] {processor.py:925} INFO - DAG(s) 'dataset_alias_example_alias_producer', 'dataset_alias_example_alias_consumer', 'dataset_s3_bucket_consumer', 'dataset_s3_bucket_producer' retrieved from /home/airflow/.local/lib/python3.12/site-packages/airflow/example_dags/example_dataset_alias.py
[2025-09-07T00:17:24.424+0000] {logging_mixin.py:190} INFO - [2025-09-07T00:17:24.423+0000] {dag.py:3239} INFO - Sync 4 DAGs
[2025-09-07T00:17:24.441+0000] {logging_mixin.py:190} INFO - [2025-09-07T00:17:24.440+0000] {dag.py:4180} INFO - Setting next_dagrun for dataset_alias_example_alias_consumer to None, run_after=None
[2025-09-07T00:17:24.443+0000] {logging_mixin.py:190} INFO - [2025-09-07T00:17:24.443+0000] {dag.py:4180} INFO - Setting next_dagrun for dataset_alias_example_alias_producer to None, run_after=None
[2025-09-07T00:17:24.444+0000] {logging_mixin.py:190} INFO - [2025-09-07T00:17:24.444+0000] {dag.py:4180} INFO - Setting next_dagrun for dataset_s3_bucket_consumer to None, run_after=None
[2025-09-07T00:17:24.445+0000] {logging_mixin.py:190} INFO - [2025-09-07T00:17:24.445+0000] {dag.py:4180} INFO - Setting next_dagrun for dataset_s3_bucket_producer to None, run_after=None
[2025-09-07T00:17:24.459+0000] {processor.py:208} INFO - Processing /home/airflow/.local/lib/python3.12/site-packages/airflow/example_dags/example_dataset_alias.py took 0.610 seconds
[2025-09-07T00:17:54.550+0000] {processor.py:186} INFO - Started process (PID=6244) to work on /home/airflow/.local/lib/python3.12/site-packages/airflow/example_dags/example_dataset_alias.py
[2025-09-07T00:17:54.551+0000] {processor.py:914} INFO - Processing file /home/airflow/.local/lib/python3.12/site-packages/airflow/example_dags/example_dataset_alias.py for tasks to queue
[2025-09-07T00:17:54.554+0000] {logging_mixin.py:190} INFO - [2025-09-07T00:17:54.553+0000] {dagbag.py:588} INFO - Filling up the DagBag from /home/airflow/.local/lib/python3.12/site-packages/airflow/example_dags/example_dataset_alias.py
[2025-09-07T00:17:55.086+0000] {processor.py:925} INFO - DAG(s) 'dataset_s3_bucket_consumer', 'dataset_s3_bucket_producer', 'dataset_alias_example_alias_producer', 'dataset_alias_example_alias_consumer' retrieved from /home/airflow/.local/lib/python3.12/site-packages/airflow/example_dags/example_dataset_alias.py
[2025-09-07T00:17:55.113+0000] {logging_mixin.py:190} INFO - [2025-09-07T00:17:55.113+0000] {dag.py:3239} INFO - Sync 4 DAGs
[2025-09-07T00:17:55.149+0000] {logging_mixin.py:190} INFO - [2025-09-07T00:17:55.149+0000] {dag.py:4180} INFO - Setting next_dagrun for dataset_alias_example_alias_consumer to None, run_after=None
[2025-09-07T00:17:55.153+0000] {logging_mixin.py:190} INFO - [2025-09-07T00:17:55.153+0000] {dag.py:4180} INFO - Setting next_dagrun for dataset_alias_example_alias_producer to None, run_after=None
[2025-09-07T00:17:55.156+0000] {logging_mixin.py:190} INFO - [2025-09-07T00:17:55.156+0000] {dag.py:4180} INFO - Setting next_dagrun for dataset_s3_bucket_consumer to None, run_after=None
[2025-09-07T00:17:55.159+0000] {logging_mixin.py:190} INFO - [2025-09-07T00:17:55.158+0000] {dag.py:4180} INFO - Setting next_dagrun for dataset_s3_bucket_producer to None, run_after=None
[2025-09-07T00:17:55.188+0000] {processor.py:208} INFO - Processing /home/airflow/.local/lib/python3.12/site-packages/airflow/example_dags/example_dataset_alias.py took 0.648 seconds
[2025-09-07T00:18:25.229+0000] {processor.py:186} INFO - Started process (PID=6302) to work on /home/airflow/.local/lib/python3.12/site-packages/airflow/example_dags/example_dataset_alias.py
[2025-09-07T00:18:25.230+0000] {processor.py:914} INFO - Processing file /home/airflow/.local/lib/python3.12/site-packages/airflow/example_dags/example_dataset_alias.py for tasks to queue
[2025-09-07T00:18:25.233+0000] {logging_mixin.py:190} INFO - [2025-09-07T00:18:25.232+0000] {dagbag.py:588} INFO - Filling up the DagBag from /home/airflow/.local/lib/python3.12/site-packages/airflow/example_dags/example_dataset_alias.py
[2025-09-07T00:18:25.555+0000] {processor.py:925} INFO - DAG(s) 'dataset_s3_bucket_consumer', 'dataset_s3_bucket_producer', 'dataset_alias_example_alias_producer', 'dataset_alias_example_alias_consumer' retrieved from /home/airflow/.local/lib/python3.12/site-packages/airflow/example_dags/example_dataset_alias.py
[2025-09-07T00:18:25.585+0000] {logging_mixin.py:190} INFO - [2025-09-07T00:18:25.584+0000] {dag.py:3239} INFO - Sync 4 DAGs
[2025-09-07T00:18:25.616+0000] {logging_mixin.py:190} INFO - [2025-09-07T00:18:25.616+0000] {dag.py:4180} INFO - Setting next_dagrun for dataset_alias_example_alias_consumer to None, run_after=None
[2025-09-07T00:18:25.619+0000] {logging_mixin.py:190} INFO - [2025-09-07T00:18:25.619+0000] {dag.py:4180} INFO - Setting next_dagrun for dataset_alias_example_alias_producer to None, run_after=None
[2025-09-07T00:18:25.621+0000] {logging_mixin.py:190} INFO - [2025-09-07T00:18:25.621+0000] {dag.py:4180} INFO - Setting next_dagrun for dataset_s3_bucket_consumer to None, run_after=None
[2025-09-07T00:18:25.623+0000] {logging_mixin.py:190} INFO - [2025-09-07T00:18:25.623+0000] {dag.py:4180} INFO - Setting next_dagrun for dataset_s3_bucket_producer to None, run_after=None
[2025-09-07T00:18:25.645+0000] {processor.py:208} INFO - Processing /home/airflow/.local/lib/python3.12/site-packages/airflow/example_dags/example_dataset_alias.py took 0.423 seconds
[2025-09-07T00:18:55.969+0000] {processor.py:186} INFO - Started process (PID=6368) to work on /home/airflow/.local/lib/python3.12/site-packages/airflow/example_dags/example_dataset_alias.py
[2025-09-07T00:18:55.970+0000] {processor.py:914} INFO - Processing file /home/airflow/.local/lib/python3.12/site-packages/airflow/example_dags/example_dataset_alias.py for tasks to queue
[2025-09-07T00:18:55.973+0000] {logging_mixin.py:190} INFO - [2025-09-07T00:18:55.972+0000] {dagbag.py:588} INFO - Filling up the DagBag from /home/airflow/.local/lib/python3.12/site-packages/airflow/example_dags/example_dataset_alias.py
[2025-09-07T00:18:56.278+0000] {processor.py:925} INFO - DAG(s) 'dataset_s3_bucket_producer', 'dataset_s3_bucket_consumer', 'dataset_alias_example_alias_producer', 'dataset_alias_example_alias_consumer' retrieved from /home/airflow/.local/lib/python3.12/site-packages/airflow/example_dags/example_dataset_alias.py
[2025-09-07T00:18:56.301+0000] {logging_mixin.py:190} INFO - [2025-09-07T00:18:56.301+0000] {dag.py:3239} INFO - Sync 4 DAGs
[2025-09-07T00:18:56.325+0000] {logging_mixin.py:190} INFO - [2025-09-07T00:18:56.325+0000] {dag.py:4180} INFO - Setting next_dagrun for dataset_alias_example_alias_consumer to None, run_after=None
[2025-09-07T00:18:56.329+0000] {logging_mixin.py:190} INFO - [2025-09-07T00:18:56.329+0000] {dag.py:4180} INFO - Setting next_dagrun for dataset_alias_example_alias_producer to None, run_after=None
[2025-09-07T00:18:56.331+0000] {logging_mixin.py:190} INFO - [2025-09-07T00:18:56.331+0000] {dag.py:4180} INFO - Setting next_dagrun for dataset_s3_bucket_consumer to None, run_after=None
[2025-09-07T00:18:56.333+0000] {logging_mixin.py:190} INFO - [2025-09-07T00:18:56.333+0000] {dag.py:4180} INFO - Setting next_dagrun for dataset_s3_bucket_producer to None, run_after=None
[2025-09-07T00:18:56.358+0000] {processor.py:208} INFO - Processing /home/airflow/.local/lib/python3.12/site-packages/airflow/example_dags/example_dataset_alias.py took 0.396 seconds
[2025-09-07T00:19:26.585+0000] {processor.py:186} INFO - Started process (PID=6433) to work on /home/airflow/.local/lib/python3.12/site-packages/airflow/example_dags/example_dataset_alias.py
[2025-09-07T00:19:26.588+0000] {processor.py:914} INFO - Processing file /home/airflow/.local/lib/python3.12/site-packages/airflow/example_dags/example_dataset_alias.py for tasks to queue
[2025-09-07T00:19:26.590+0000] {logging_mixin.py:190} INFO - [2025-09-07T00:19:26.589+0000] {dagbag.py:588} INFO - Filling up the DagBag from /home/airflow/.local/lib/python3.12/site-packages/airflow/example_dags/example_dataset_alias.py
[2025-09-07T00:19:27.206+0000] {processor.py:925} INFO - DAG(s) 'dataset_s3_bucket_consumer', 'dataset_alias_example_alias_consumer', 'dataset_alias_example_alias_producer', 'dataset_s3_bucket_producer' retrieved from /home/airflow/.local/lib/python3.12/site-packages/airflow/example_dags/example_dataset_alias.py
[2025-09-07T00:19:27.233+0000] {logging_mixin.py:190} INFO - [2025-09-07T00:19:27.232+0000] {dag.py:3239} INFO - Sync 4 DAGs
[2025-09-07T00:19:27.260+0000] {logging_mixin.py:190} INFO - [2025-09-07T00:19:27.260+0000] {dag.py:4180} INFO - Setting next_dagrun for dataset_alias_example_alias_consumer to None, run_after=None
[2025-09-07T00:19:27.263+0000] {logging_mixin.py:190} INFO - [2025-09-07T00:19:27.263+0000] {dag.py:4180} INFO - Setting next_dagrun for dataset_alias_example_alias_producer to None, run_after=None
[2025-09-07T00:19:27.266+0000] {logging_mixin.py:190} INFO - [2025-09-07T00:19:27.266+0000] {dag.py:4180} INFO - Setting next_dagrun for dataset_s3_bucket_consumer to None, run_after=None
[2025-09-07T00:19:27.268+0000] {logging_mixin.py:190} INFO - [2025-09-07T00:19:27.268+0000] {dag.py:4180} INFO - Setting next_dagrun for dataset_s3_bucket_producer to None, run_after=None
[2025-09-07T00:19:27.292+0000] {processor.py:208} INFO - Processing /home/airflow/.local/lib/python3.12/site-packages/airflow/example_dags/example_dataset_alias.py took 0.717 seconds
[2025-09-07T00:19:57.465+0000] {processor.py:186} INFO - Started process (PID=6499) to work on /home/airflow/.local/lib/python3.12/site-packages/airflow/example_dags/example_dataset_alias.py
[2025-09-07T00:19:57.466+0000] {processor.py:914} INFO - Processing file /home/airflow/.local/lib/python3.12/site-packages/airflow/example_dags/example_dataset_alias.py for tasks to queue
[2025-09-07T00:19:57.468+0000] {logging_mixin.py:190} INFO - [2025-09-07T00:19:57.468+0000] {dagbag.py:588} INFO - Filling up the DagBag from /home/airflow/.local/lib/python3.12/site-packages/airflow/example_dags/example_dataset_alias.py
[2025-09-07T00:19:57.916+0000] {processor.py:925} INFO - DAG(s) 'dataset_alias_example_alias_producer', 'dataset_s3_bucket_consumer', 'dataset_s3_bucket_producer', 'dataset_alias_example_alias_consumer' retrieved from /home/airflow/.local/lib/python3.12/site-packages/airflow/example_dags/example_dataset_alias.py
[2025-09-07T00:19:57.941+0000] {logging_mixin.py:190} INFO - [2025-09-07T00:19:57.941+0000] {dag.py:3239} INFO - Sync 4 DAGs
[2025-09-07T00:19:57.968+0000] {logging_mixin.py:190} INFO - [2025-09-07T00:19:57.968+0000] {dag.py:4180} INFO - Setting next_dagrun for dataset_alias_example_alias_consumer to None, run_after=None
[2025-09-07T00:19:57.971+0000] {logging_mixin.py:190} INFO - [2025-09-07T00:19:57.971+0000] {dag.py:4180} INFO - Setting next_dagrun for dataset_alias_example_alias_producer to None, run_after=None
[2025-09-07T00:19:57.973+0000] {logging_mixin.py:190} INFO - [2025-09-07T00:19:57.972+0000] {dag.py:4180} INFO - Setting next_dagrun for dataset_s3_bucket_consumer to None, run_after=None
[2025-09-07T00:19:57.974+0000] {logging_mixin.py:190} INFO - [2025-09-07T00:19:57.974+0000] {dag.py:4180} INFO - Setting next_dagrun for dataset_s3_bucket_producer to None, run_after=None
[2025-09-07T00:19:57.997+0000] {processor.py:208} INFO - Processing /home/airflow/.local/lib/python3.12/site-packages/airflow/example_dags/example_dataset_alias.py took 0.542 seconds
[2025-09-07T00:20:28.280+0000] {processor.py:186} INFO - Started process (PID=6566) to work on /home/airflow/.local/lib/python3.12/site-packages/airflow/example_dags/example_dataset_alias.py
[2025-09-07T00:20:28.282+0000] {processor.py:914} INFO - Processing file /home/airflow/.local/lib/python3.12/site-packages/airflow/example_dags/example_dataset_alias.py for tasks to queue
[2025-09-07T00:20:28.286+0000] {logging_mixin.py:190} INFO - [2025-09-07T00:20:28.285+0000] {dagbag.py:588} INFO - Filling up the DagBag from /home/airflow/.local/lib/python3.12/site-packages/airflow/example_dags/example_dataset_alias.py
[2025-09-07T00:20:28.665+0000] {processor.py:925} INFO - DAG(s) 'dataset_alias_example_alias_producer', 'dataset_alias_example_alias_consumer', 'dataset_s3_bucket_consumer', 'dataset_s3_bucket_producer' retrieved from /home/airflow/.local/lib/python3.12/site-packages/airflow/example_dags/example_dataset_alias.py
[2025-09-07T00:20:28.693+0000] {logging_mixin.py:190} INFO - [2025-09-07T00:20:28.692+0000] {dag.py:3239} INFO - Sync 4 DAGs
[2025-09-07T00:20:28.718+0000] {logging_mixin.py:190} INFO - [2025-09-07T00:20:28.717+0000] {dag.py:4180} INFO - Setting next_dagrun for dataset_alias_example_alias_consumer to None, run_after=None
[2025-09-07T00:20:28.721+0000] {logging_mixin.py:190} INFO - [2025-09-07T00:20:28.721+0000] {dag.py:4180} INFO - Setting next_dagrun for dataset_alias_example_alias_producer to None, run_after=None
[2025-09-07T00:20:28.724+0000] {logging_mixin.py:190} INFO - [2025-09-07T00:20:28.723+0000] {dag.py:4180} INFO - Setting next_dagrun for dataset_s3_bucket_consumer to None, run_after=None
[2025-09-07T00:20:28.726+0000] {logging_mixin.py:190} INFO - [2025-09-07T00:20:28.725+0000] {dag.py:4180} INFO - Setting next_dagrun for dataset_s3_bucket_producer to None, run_after=None
[2025-09-07T00:20:28.750+0000] {processor.py:208} INFO - Processing /home/airflow/.local/lib/python3.12/site-packages/airflow/example_dags/example_dataset_alias.py took 0.481 seconds
