[2025-09-07T00:00:01.128+0000] {processor.py:186} INFO - Started process (PID=3945) to work on /home/airflow/.local/lib/python3.12/site-packages/airflow/example_dags/example_bash_operator.py
[2025-09-07T00:00:01.129+0000] {processor.py:914} INFO - Processing file /home/airflow/.local/lib/python3.12/site-packages/airflow/example_dags/example_bash_operator.py for tasks to queue
[2025-09-07T00:00:01.131+0000] {logging_mixin.py:190} INFO - [2025-09-07T00:00:01.131+0000] {dagbag.py:588} INFO - Filling up the DagBag from /home/airflow/.local/lib/python3.12/site-packages/airflow/example_dags/example_bash_operator.py
[2025-09-07T00:00:01.148+0000] {processor.py:925} INFO - DAG(s) 'example_bash_operator' retrieved from /home/airflow/.local/lib/python3.12/site-packages/airflow/example_dags/example_bash_operator.py
[2025-09-07T00:00:01.178+0000] {logging_mixin.py:190} INFO - [2025-09-07T00:00:01.178+0000] {dag.py:3239} INFO - Sync 1 DAGs
[2025-09-07T00:00:01.204+0000] {logging_mixin.py:190} INFO - [2025-09-07T00:00:01.204+0000] {dag.py:4180} INFO - Setting next_dagrun for example_bash_operator to 2025-09-06 00:00:00+00:00, run_after=2025-09-07 00:00:00+00:00
[2025-09-07T00:00:01.231+0000] {processor.py:208} INFO - Processing /home/airflow/.local/lib/python3.12/site-packages/airflow/example_dags/example_bash_operator.py took 0.110 seconds
[2025-09-07T00:00:31.393+0000] {processor.py:186} INFO - Started process (PID=4010) to work on /home/airflow/.local/lib/python3.12/site-packages/airflow/example_dags/example_bash_operator.py
[2025-09-07T00:00:31.395+0000] {processor.py:914} INFO - Processing file /home/airflow/.local/lib/python3.12/site-packages/airflow/example_dags/example_bash_operator.py for tasks to queue
[2025-09-07T00:00:31.398+0000] {logging_mixin.py:190} INFO - [2025-09-07T00:00:31.398+0000] {dagbag.py:588} INFO - Filling up the DagBag from /home/airflow/.local/lib/python3.12/site-packages/airflow/example_dags/example_bash_operator.py
[2025-09-07T00:00:31.413+0000] {processor.py:925} INFO - DAG(s) 'example_bash_operator' retrieved from /home/airflow/.local/lib/python3.12/site-packages/airflow/example_dags/example_bash_operator.py
[2025-09-07T00:00:31.447+0000] {logging_mixin.py:190} INFO - [2025-09-07T00:00:31.446+0000] {dag.py:3239} INFO - Sync 1 DAGs
[2025-09-07T00:00:31.478+0000] {logging_mixin.py:190} INFO - [2025-09-07T00:00:31.477+0000] {dag.py:4180} INFO - Setting next_dagrun for example_bash_operator to 2025-09-06 00:00:00+00:00, run_after=2025-09-07 00:00:00+00:00
[2025-09-07T00:00:31.505+0000] {processor.py:208} INFO - Processing /home/airflow/.local/lib/python3.12/site-packages/airflow/example_dags/example_bash_operator.py took 0.123 seconds
[2025-09-07T00:01:02.025+0000] {processor.py:186} INFO - Started process (PID=4069) to work on /home/airflow/.local/lib/python3.12/site-packages/airflow/example_dags/example_bash_operator.py
[2025-09-07T00:01:02.026+0000] {processor.py:914} INFO - Processing file /home/airflow/.local/lib/python3.12/site-packages/airflow/example_dags/example_bash_operator.py for tasks to queue
[2025-09-07T00:01:02.029+0000] {logging_mixin.py:190} INFO - [2025-09-07T00:01:02.028+0000] {dagbag.py:588} INFO - Filling up the DagBag from /home/airflow/.local/lib/python3.12/site-packages/airflow/example_dags/example_bash_operator.py
[2025-09-07T00:01:02.050+0000] {processor.py:925} INFO - DAG(s) 'example_bash_operator' retrieved from /home/airflow/.local/lib/python3.12/site-packages/airflow/example_dags/example_bash_operator.py
[2025-09-07T00:01:02.086+0000] {logging_mixin.py:190} INFO - [2025-09-07T00:01:02.085+0000] {dag.py:3239} INFO - Sync 1 DAGs
[2025-09-07T00:01:02.122+0000] {logging_mixin.py:190} INFO - [2025-09-07T00:01:02.122+0000] {dag.py:4180} INFO - Setting next_dagrun for example_bash_operator to 2025-09-06 00:00:00+00:00, run_after=2025-09-07 00:00:00+00:00
[2025-09-07T00:01:02.146+0000] {processor.py:208} INFO - Processing /home/airflow/.local/lib/python3.12/site-packages/airflow/example_dags/example_bash_operator.py took 0.131 seconds
[2025-09-07T00:01:32.236+0000] {processor.py:186} INFO - Started process (PID=4135) to work on /home/airflow/.local/lib/python3.12/site-packages/airflow/example_dags/example_bash_operator.py
[2025-09-07T00:01:32.237+0000] {processor.py:914} INFO - Processing file /home/airflow/.local/lib/python3.12/site-packages/airflow/example_dags/example_bash_operator.py for tasks to queue
[2025-09-07T00:01:32.240+0000] {logging_mixin.py:190} INFO - [2025-09-07T00:01:32.239+0000] {dagbag.py:588} INFO - Filling up the DagBag from /home/airflow/.local/lib/python3.12/site-packages/airflow/example_dags/example_bash_operator.py
[2025-09-07T00:01:32.262+0000] {processor.py:925} INFO - DAG(s) 'example_bash_operator' retrieved from /home/airflow/.local/lib/python3.12/site-packages/airflow/example_dags/example_bash_operator.py
[2025-09-07T00:01:32.300+0000] {logging_mixin.py:190} INFO - [2025-09-07T00:01:32.299+0000] {dag.py:3239} INFO - Sync 1 DAGs
[2025-09-07T00:01:32.328+0000] {logging_mixin.py:190} INFO - [2025-09-07T00:01:32.327+0000] {dag.py:4180} INFO - Setting next_dagrun for example_bash_operator to 2025-09-06 00:00:00+00:00, run_after=2025-09-07 00:00:00+00:00
[2025-09-07T00:01:32.348+0000] {processor.py:208} INFO - Processing /home/airflow/.local/lib/python3.12/site-packages/airflow/example_dags/example_bash_operator.py took 0.121 seconds
[2025-09-07T00:02:03.071+0000] {processor.py:186} INFO - Started process (PID=4200) to work on /home/airflow/.local/lib/python3.12/site-packages/airflow/example_dags/example_bash_operator.py
[2025-09-07T00:02:03.072+0000] {processor.py:914} INFO - Processing file /home/airflow/.local/lib/python3.12/site-packages/airflow/example_dags/example_bash_operator.py for tasks to queue
[2025-09-07T00:02:03.074+0000] {logging_mixin.py:190} INFO - [2025-09-07T00:02:03.073+0000] {dagbag.py:588} INFO - Filling up the DagBag from /home/airflow/.local/lib/python3.12/site-packages/airflow/example_dags/example_bash_operator.py
[2025-09-07T00:02:03.091+0000] {processor.py:925} INFO - DAG(s) 'example_bash_operator' retrieved from /home/airflow/.local/lib/python3.12/site-packages/airflow/example_dags/example_bash_operator.py
[2025-09-07T00:02:03.118+0000] {logging_mixin.py:190} INFO - [2025-09-07T00:02:03.118+0000] {dag.py:3239} INFO - Sync 1 DAGs
[2025-09-07T00:02:03.154+0000] {logging_mixin.py:190} INFO - [2025-09-07T00:02:03.154+0000] {dag.py:4180} INFO - Setting next_dagrun for example_bash_operator to 2025-09-06 00:00:00+00:00, run_after=2025-09-07 00:00:00+00:00
[2025-09-07T00:02:03.182+0000] {processor.py:208} INFO - Processing /home/airflow/.local/lib/python3.12/site-packages/airflow/example_dags/example_bash_operator.py took 0.119 seconds
[2025-09-07T00:02:33.954+0000] {processor.py:186} INFO - Started process (PID=4266) to work on /home/airflow/.local/lib/python3.12/site-packages/airflow/example_dags/example_bash_operator.py
[2025-09-07T00:02:33.955+0000] {processor.py:914} INFO - Processing file /home/airflow/.local/lib/python3.12/site-packages/airflow/example_dags/example_bash_operator.py for tasks to queue
[2025-09-07T00:02:33.958+0000] {logging_mixin.py:190} INFO - [2025-09-07T00:02:33.957+0000] {dagbag.py:588} INFO - Filling up the DagBag from /home/airflow/.local/lib/python3.12/site-packages/airflow/example_dags/example_bash_operator.py
[2025-09-07T00:02:33.979+0000] {processor.py:925} INFO - DAG(s) 'example_bash_operator' retrieved from /home/airflow/.local/lib/python3.12/site-packages/airflow/example_dags/example_bash_operator.py
[2025-09-07T00:02:34.012+0000] {logging_mixin.py:190} INFO - [2025-09-07T00:02:34.011+0000] {dag.py:3239} INFO - Sync 1 DAGs
[2025-09-07T00:02:34.049+0000] {logging_mixin.py:190} INFO - [2025-09-07T00:02:34.048+0000] {dag.py:4180} INFO - Setting next_dagrun for example_bash_operator to 2025-09-06 00:00:00+00:00, run_after=2025-09-07 00:00:00+00:00
[2025-09-07T00:02:34.070+0000] {processor.py:208} INFO - Processing /home/airflow/.local/lib/python3.12/site-packages/airflow/example_dags/example_bash_operator.py took 0.126 seconds
[2025-09-07T00:03:04.820+0000] {processor.py:186} INFO - Started process (PID=4332) to work on /home/airflow/.local/lib/python3.12/site-packages/airflow/example_dags/example_bash_operator.py
[2025-09-07T00:03:04.821+0000] {processor.py:914} INFO - Processing file /home/airflow/.local/lib/python3.12/site-packages/airflow/example_dags/example_bash_operator.py for tasks to queue
[2025-09-07T00:03:04.823+0000] {logging_mixin.py:190} INFO - [2025-09-07T00:03:04.822+0000] {dagbag.py:588} INFO - Filling up the DagBag from /home/airflow/.local/lib/python3.12/site-packages/airflow/example_dags/example_bash_operator.py
[2025-09-07T00:03:04.843+0000] {processor.py:925} INFO - DAG(s) 'example_bash_operator' retrieved from /home/airflow/.local/lib/python3.12/site-packages/airflow/example_dags/example_bash_operator.py
[2025-09-07T00:03:04.878+0000] {logging_mixin.py:190} INFO - [2025-09-07T00:03:04.878+0000] {dag.py:3239} INFO - Sync 1 DAGs
[2025-09-07T00:03:04.913+0000] {logging_mixin.py:190} INFO - [2025-09-07T00:03:04.913+0000] {dag.py:4180} INFO - Setting next_dagrun for example_bash_operator to 2025-09-06 00:00:00+00:00, run_after=2025-09-07 00:00:00+00:00
[2025-09-07T00:03:04.943+0000] {processor.py:208} INFO - Processing /home/airflow/.local/lib/python3.12/site-packages/airflow/example_dags/example_bash_operator.py took 0.133 seconds
[2025-09-07T00:03:35.530+0000] {processor.py:186} INFO - Started process (PID=4398) to work on /home/airflow/.local/lib/python3.12/site-packages/airflow/example_dags/example_bash_operator.py
[2025-09-07T00:03:35.531+0000] {processor.py:914} INFO - Processing file /home/airflow/.local/lib/python3.12/site-packages/airflow/example_dags/example_bash_operator.py for tasks to queue
[2025-09-07T00:03:35.534+0000] {logging_mixin.py:190} INFO - [2025-09-07T00:03:35.533+0000] {dagbag.py:588} INFO - Filling up the DagBag from /home/airflow/.local/lib/python3.12/site-packages/airflow/example_dags/example_bash_operator.py
[2025-09-07T00:03:35.556+0000] {processor.py:925} INFO - DAG(s) 'example_bash_operator' retrieved from /home/airflow/.local/lib/python3.12/site-packages/airflow/example_dags/example_bash_operator.py
[2025-09-07T00:03:35.597+0000] {logging_mixin.py:190} INFO - [2025-09-07T00:03:35.596+0000] {dag.py:3239} INFO - Sync 1 DAGs
[2025-09-07T00:03:35.633+0000] {logging_mixin.py:190} INFO - [2025-09-07T00:03:35.633+0000] {dag.py:4180} INFO - Setting next_dagrun for example_bash_operator to 2025-09-06 00:00:00+00:00, run_after=2025-09-07 00:00:00+00:00
[2025-09-07T00:03:35.659+0000] {processor.py:208} INFO - Processing /home/airflow/.local/lib/python3.12/site-packages/airflow/example_dags/example_bash_operator.py took 0.136 seconds
[2025-09-07T00:04:06.009+0000] {processor.py:186} INFO - Started process (PID=4464) to work on /home/airflow/.local/lib/python3.12/site-packages/airflow/example_dags/example_bash_operator.py
[2025-09-07T00:04:06.011+0000] {processor.py:914} INFO - Processing file /home/airflow/.local/lib/python3.12/site-packages/airflow/example_dags/example_bash_operator.py for tasks to queue
[2025-09-07T00:04:06.013+0000] {logging_mixin.py:190} INFO - [2025-09-07T00:04:06.012+0000] {dagbag.py:588} INFO - Filling up the DagBag from /home/airflow/.local/lib/python3.12/site-packages/airflow/example_dags/example_bash_operator.py
[2025-09-07T00:04:06.035+0000] {processor.py:925} INFO - DAG(s) 'example_bash_operator' retrieved from /home/airflow/.local/lib/python3.12/site-packages/airflow/example_dags/example_bash_operator.py
[2025-09-07T00:04:06.073+0000] {logging_mixin.py:190} INFO - [2025-09-07T00:04:06.073+0000] {dag.py:3239} INFO - Sync 1 DAGs
[2025-09-07T00:04:06.102+0000] {logging_mixin.py:190} INFO - [2025-09-07T00:04:06.102+0000] {dag.py:4180} INFO - Setting next_dagrun for example_bash_operator to 2025-09-06 00:00:00+00:00, run_after=2025-09-07 00:00:00+00:00
[2025-09-07T00:04:06.127+0000] {processor.py:208} INFO - Processing /home/airflow/.local/lib/python3.12/site-packages/airflow/example_dags/example_bash_operator.py took 0.129 seconds
[2025-09-07T00:04:37.047+0000] {processor.py:186} INFO - Started process (PID=4530) to work on /home/airflow/.local/lib/python3.12/site-packages/airflow/example_dags/example_bash_operator.py
[2025-09-07T00:04:37.048+0000] {processor.py:914} INFO - Processing file /home/airflow/.local/lib/python3.12/site-packages/airflow/example_dags/example_bash_operator.py for tasks to queue
[2025-09-07T00:04:37.050+0000] {logging_mixin.py:190} INFO - [2025-09-07T00:04:37.050+0000] {dagbag.py:588} INFO - Filling up the DagBag from /home/airflow/.local/lib/python3.12/site-packages/airflow/example_dags/example_bash_operator.py
[2025-09-07T00:04:37.068+0000] {processor.py:925} INFO - DAG(s) 'example_bash_operator' retrieved from /home/airflow/.local/lib/python3.12/site-packages/airflow/example_dags/example_bash_operator.py
[2025-09-07T00:04:37.107+0000] {logging_mixin.py:190} INFO - [2025-09-07T00:04:37.107+0000] {dag.py:3239} INFO - Sync 1 DAGs
[2025-09-07T00:04:37.143+0000] {logging_mixin.py:190} INFO - [2025-09-07T00:04:37.142+0000] {dag.py:4180} INFO - Setting next_dagrun for example_bash_operator to 2025-09-06 00:00:00+00:00, run_after=2025-09-07 00:00:00+00:00
[2025-09-07T00:04:37.171+0000] {processor.py:208} INFO - Processing /home/airflow/.local/lib/python3.12/site-packages/airflow/example_dags/example_bash_operator.py took 0.132 seconds
[2025-09-07T00:05:07.638+0000] {processor.py:186} INFO - Started process (PID=4596) to work on /home/airflow/.local/lib/python3.12/site-packages/airflow/example_dags/example_bash_operator.py
[2025-09-07T00:05:07.639+0000] {processor.py:914} INFO - Processing file /home/airflow/.local/lib/python3.12/site-packages/airflow/example_dags/example_bash_operator.py for tasks to queue
[2025-09-07T00:05:07.642+0000] {logging_mixin.py:190} INFO - [2025-09-07T00:05:07.642+0000] {dagbag.py:588} INFO - Filling up the DagBag from /home/airflow/.local/lib/python3.12/site-packages/airflow/example_dags/example_bash_operator.py
[2025-09-07T00:05:07.678+0000] {processor.py:925} INFO - DAG(s) 'example_bash_operator' retrieved from /home/airflow/.local/lib/python3.12/site-packages/airflow/example_dags/example_bash_operator.py
[2025-09-07T00:05:07.712+0000] {logging_mixin.py:190} INFO - [2025-09-07T00:05:07.712+0000] {dag.py:3239} INFO - Sync 1 DAGs
[2025-09-07T00:05:07.740+0000] {logging_mixin.py:190} INFO - [2025-09-07T00:05:07.739+0000] {dag.py:4180} INFO - Setting next_dagrun for example_bash_operator to 2025-09-06 00:00:00+00:00, run_after=2025-09-07 00:00:00+00:00
[2025-09-07T00:05:07.775+0000] {processor.py:208} INFO - Processing /home/airflow/.local/lib/python3.12/site-packages/airflow/example_dags/example_bash_operator.py took 0.144 seconds
[2025-09-07T00:05:38.635+0000] {processor.py:186} INFO - Started process (PID=4662) to work on /home/airflow/.local/lib/python3.12/site-packages/airflow/example_dags/example_bash_operator.py
[2025-09-07T00:05:38.636+0000] {processor.py:914} INFO - Processing file /home/airflow/.local/lib/python3.12/site-packages/airflow/example_dags/example_bash_operator.py for tasks to queue
[2025-09-07T00:05:38.638+0000] {logging_mixin.py:190} INFO - [2025-09-07T00:05:38.638+0000] {dagbag.py:588} INFO - Filling up the DagBag from /home/airflow/.local/lib/python3.12/site-packages/airflow/example_dags/example_bash_operator.py
[2025-09-07T00:05:38.659+0000] {processor.py:925} INFO - DAG(s) 'example_bash_operator' retrieved from /home/airflow/.local/lib/python3.12/site-packages/airflow/example_dags/example_bash_operator.py
[2025-09-07T00:05:38.696+0000] {logging_mixin.py:190} INFO - [2025-09-07T00:05:38.695+0000] {dag.py:3239} INFO - Sync 1 DAGs
[2025-09-07T00:05:38.732+0000] {logging_mixin.py:190} INFO - [2025-09-07T00:05:38.732+0000] {dag.py:4180} INFO - Setting next_dagrun for example_bash_operator to 2025-09-06 00:00:00+00:00, run_after=2025-09-07 00:00:00+00:00
[2025-09-07T00:05:38.752+0000] {processor.py:208} INFO - Processing /home/airflow/.local/lib/python3.12/site-packages/airflow/example_dags/example_bash_operator.py took 0.127 seconds
[2025-09-07T00:06:09.522+0000] {processor.py:186} INFO - Started process (PID=4728) to work on /home/airflow/.local/lib/python3.12/site-packages/airflow/example_dags/example_bash_operator.py
[2025-09-07T00:06:09.523+0000] {processor.py:914} INFO - Processing file /home/airflow/.local/lib/python3.12/site-packages/airflow/example_dags/example_bash_operator.py for tasks to queue
[2025-09-07T00:06:09.526+0000] {logging_mixin.py:190} INFO - [2025-09-07T00:06:09.525+0000] {dagbag.py:588} INFO - Filling up the DagBag from /home/airflow/.local/lib/python3.12/site-packages/airflow/example_dags/example_bash_operator.py
[2025-09-07T00:06:09.546+0000] {processor.py:925} INFO - DAG(s) 'example_bash_operator' retrieved from /home/airflow/.local/lib/python3.12/site-packages/airflow/example_dags/example_bash_operator.py
[2025-09-07T00:06:09.578+0000] {logging_mixin.py:190} INFO - [2025-09-07T00:06:09.578+0000] {dag.py:3239} INFO - Sync 1 DAGs
[2025-09-07T00:06:09.609+0000] {logging_mixin.py:190} INFO - [2025-09-07T00:06:09.609+0000] {dag.py:4180} INFO - Setting next_dagrun for example_bash_operator to 2025-09-06 00:00:00+00:00, run_after=2025-09-07 00:00:00+00:00
[2025-09-07T00:06:09.630+0000] {processor.py:208} INFO - Processing /home/airflow/.local/lib/python3.12/site-packages/airflow/example_dags/example_bash_operator.py took 0.116 seconds
[2025-09-07T00:06:40.093+0000] {processor.py:186} INFO - Started process (PID=4794) to work on /home/airflow/.local/lib/python3.12/site-packages/airflow/example_dags/example_bash_operator.py
[2025-09-07T00:06:40.094+0000] {processor.py:914} INFO - Processing file /home/airflow/.local/lib/python3.12/site-packages/airflow/example_dags/example_bash_operator.py for tasks to queue
[2025-09-07T00:06:40.097+0000] {logging_mixin.py:190} INFO - [2025-09-07T00:06:40.096+0000] {dagbag.py:588} INFO - Filling up the DagBag from /home/airflow/.local/lib/python3.12/site-packages/airflow/example_dags/example_bash_operator.py
[2025-09-07T00:06:40.117+0000] {processor.py:925} INFO - DAG(s) 'example_bash_operator' retrieved from /home/airflow/.local/lib/python3.12/site-packages/airflow/example_dags/example_bash_operator.py
[2025-09-07T00:06:40.152+0000] {logging_mixin.py:190} INFO - [2025-09-07T00:06:40.152+0000] {dag.py:3239} INFO - Sync 1 DAGs
[2025-09-07T00:06:40.189+0000] {logging_mixin.py:190} INFO - [2025-09-07T00:06:40.189+0000] {dag.py:4180} INFO - Setting next_dagrun for example_bash_operator to 2025-09-06 00:00:00+00:00, run_after=2025-09-07 00:00:00+00:00
[2025-09-07T00:06:40.206+0000] {processor.py:208} INFO - Processing /home/airflow/.local/lib/python3.12/site-packages/airflow/example_dags/example_bash_operator.py took 0.122 seconds
[2025-09-07T00:07:10.520+0000] {processor.py:186} INFO - Started process (PID=4860) to work on /home/airflow/.local/lib/python3.12/site-packages/airflow/example_dags/example_bash_operator.py
[2025-09-07T00:07:10.521+0000] {processor.py:914} INFO - Processing file /home/airflow/.local/lib/python3.12/site-packages/airflow/example_dags/example_bash_operator.py for tasks to queue
[2025-09-07T00:07:10.523+0000] {logging_mixin.py:190} INFO - [2025-09-07T00:07:10.523+0000] {dagbag.py:588} INFO - Filling up the DagBag from /home/airflow/.local/lib/python3.12/site-packages/airflow/example_dags/example_bash_operator.py
[2025-09-07T00:07:10.537+0000] {processor.py:925} INFO - DAG(s) 'example_bash_operator' retrieved from /home/airflow/.local/lib/python3.12/site-packages/airflow/example_dags/example_bash_operator.py
[2025-09-07T00:07:10.574+0000] {logging_mixin.py:190} INFO - [2025-09-07T00:07:10.574+0000] {dag.py:3239} INFO - Sync 1 DAGs
[2025-09-07T00:07:10.611+0000] {logging_mixin.py:190} INFO - [2025-09-07T00:07:10.611+0000] {dag.py:4180} INFO - Setting next_dagrun for example_bash_operator to 2025-09-06 00:00:00+00:00, run_after=2025-09-07 00:00:00+00:00
[2025-09-07T00:07:10.637+0000] {processor.py:208} INFO - Processing /home/airflow/.local/lib/python3.12/site-packages/airflow/example_dags/example_bash_operator.py took 0.127 seconds
[2025-09-07T00:07:41.069+0000] {processor.py:186} INFO - Started process (PID=4926) to work on /home/airflow/.local/lib/python3.12/site-packages/airflow/example_dags/example_bash_operator.py
[2025-09-07T00:07:41.071+0000] {processor.py:914} INFO - Processing file /home/airflow/.local/lib/python3.12/site-packages/airflow/example_dags/example_bash_operator.py for tasks to queue
[2025-09-07T00:07:41.074+0000] {logging_mixin.py:190} INFO - [2025-09-07T00:07:41.073+0000] {dagbag.py:588} INFO - Filling up the DagBag from /home/airflow/.local/lib/python3.12/site-packages/airflow/example_dags/example_bash_operator.py
[2025-09-07T00:07:41.097+0000] {processor.py:925} INFO - DAG(s) 'example_bash_operator' retrieved from /home/airflow/.local/lib/python3.12/site-packages/airflow/example_dags/example_bash_operator.py
[2025-09-07T00:07:41.138+0000] {logging_mixin.py:190} INFO - [2025-09-07T00:07:41.137+0000] {dag.py:3239} INFO - Sync 1 DAGs
[2025-09-07T00:07:41.176+0000] {logging_mixin.py:190} INFO - [2025-09-07T00:07:41.176+0000] {dag.py:4180} INFO - Setting next_dagrun for example_bash_operator to 2025-09-06 00:00:00+00:00, run_after=2025-09-07 00:00:00+00:00
[2025-09-07T00:07:41.204+0000] {processor.py:208} INFO - Processing /home/airflow/.local/lib/python3.12/site-packages/airflow/example_dags/example_bash_operator.py took 0.144 seconds
[2025-09-07T00:08:11.874+0000] {processor.py:186} INFO - Started process (PID=4992) to work on /home/airflow/.local/lib/python3.12/site-packages/airflow/example_dags/example_bash_operator.py
[2025-09-07T00:08:11.875+0000] {processor.py:914} INFO - Processing file /home/airflow/.local/lib/python3.12/site-packages/airflow/example_dags/example_bash_operator.py for tasks to queue
[2025-09-07T00:08:11.879+0000] {logging_mixin.py:190} INFO - [2025-09-07T00:08:11.878+0000] {dagbag.py:588} INFO - Filling up the DagBag from /home/airflow/.local/lib/python3.12/site-packages/airflow/example_dags/example_bash_operator.py
[2025-09-07T00:08:11.900+0000] {processor.py:925} INFO - DAG(s) 'example_bash_operator' retrieved from /home/airflow/.local/lib/python3.12/site-packages/airflow/example_dags/example_bash_operator.py
[2025-09-07T00:08:11.938+0000] {logging_mixin.py:190} INFO - [2025-09-07T00:08:11.938+0000] {dag.py:3239} INFO - Sync 1 DAGs
[2025-09-07T00:08:11.972+0000] {logging_mixin.py:190} INFO - [2025-09-07T00:08:11.972+0000] {dag.py:4180} INFO - Setting next_dagrun for example_bash_operator to 2025-09-06 00:00:00+00:00, run_after=2025-09-07 00:00:00+00:00
[2025-09-07T00:08:11.996+0000] {processor.py:208} INFO - Processing /home/airflow/.local/lib/python3.12/site-packages/airflow/example_dags/example_bash_operator.py took 0.132 seconds
[2025-09-07T00:08:42.119+0000] {processor.py:186} INFO - Started process (PID=5050) to work on /home/airflow/.local/lib/python3.12/site-packages/airflow/example_dags/example_bash_operator.py
[2025-09-07T00:08:42.121+0000] {processor.py:914} INFO - Processing file /home/airflow/.local/lib/python3.12/site-packages/airflow/example_dags/example_bash_operator.py for tasks to queue
[2025-09-07T00:08:42.123+0000] {logging_mixin.py:190} INFO - [2025-09-07T00:08:42.123+0000] {dagbag.py:588} INFO - Filling up the DagBag from /home/airflow/.local/lib/python3.12/site-packages/airflow/example_dags/example_bash_operator.py
[2025-09-07T00:08:42.145+0000] {processor.py:925} INFO - DAG(s) 'example_bash_operator' retrieved from /home/airflow/.local/lib/python3.12/site-packages/airflow/example_dags/example_bash_operator.py
[2025-09-07T00:08:42.183+0000] {logging_mixin.py:190} INFO - [2025-09-07T00:08:42.182+0000] {dag.py:3239} INFO - Sync 1 DAGs
[2025-09-07T00:08:42.220+0000] {logging_mixin.py:190} INFO - [2025-09-07T00:08:42.219+0000] {dag.py:4180} INFO - Setting next_dagrun for example_bash_operator to 2025-09-06 00:00:00+00:00, run_after=2025-09-07 00:00:00+00:00
[2025-09-07T00:08:42.247+0000] {processor.py:208} INFO - Processing /home/airflow/.local/lib/python3.12/site-packages/airflow/example_dags/example_bash_operator.py took 0.138 seconds
[2025-09-07T00:09:12.362+0000] {processor.py:186} INFO - Started process (PID=5116) to work on /home/airflow/.local/lib/python3.12/site-packages/airflow/example_dags/example_bash_operator.py
[2025-09-07T00:09:12.363+0000] {processor.py:914} INFO - Processing file /home/airflow/.local/lib/python3.12/site-packages/airflow/example_dags/example_bash_operator.py for tasks to queue
[2025-09-07T00:09:12.365+0000] {logging_mixin.py:190} INFO - [2025-09-07T00:09:12.365+0000] {dagbag.py:588} INFO - Filling up the DagBag from /home/airflow/.local/lib/python3.12/site-packages/airflow/example_dags/example_bash_operator.py
[2025-09-07T00:09:12.388+0000] {processor.py:925} INFO - DAG(s) 'example_bash_operator' retrieved from /home/airflow/.local/lib/python3.12/site-packages/airflow/example_dags/example_bash_operator.py
[2025-09-07T00:09:12.420+0000] {logging_mixin.py:190} INFO - [2025-09-07T00:09:12.419+0000] {dag.py:3239} INFO - Sync 1 DAGs
[2025-09-07T00:09:12.450+0000] {logging_mixin.py:190} INFO - [2025-09-07T00:09:12.449+0000] {dag.py:4180} INFO - Setting next_dagrun for example_bash_operator to 2025-09-06 00:00:00+00:00, run_after=2025-09-07 00:00:00+00:00
[2025-09-07T00:09:12.472+0000] {processor.py:208} INFO - Processing /home/airflow/.local/lib/python3.12/site-packages/airflow/example_dags/example_bash_operator.py took 0.119 seconds
[2025-09-07T00:09:42.615+0000] {processor.py:186} INFO - Started process (PID=5182) to work on /home/airflow/.local/lib/python3.12/site-packages/airflow/example_dags/example_bash_operator.py
[2025-09-07T00:09:42.617+0000] {processor.py:914} INFO - Processing file /home/airflow/.local/lib/python3.12/site-packages/airflow/example_dags/example_bash_operator.py for tasks to queue
[2025-09-07T00:09:42.619+0000] {logging_mixin.py:190} INFO - [2025-09-07T00:09:42.619+0000] {dagbag.py:588} INFO - Filling up the DagBag from /home/airflow/.local/lib/python3.12/site-packages/airflow/example_dags/example_bash_operator.py
[2025-09-07T00:09:42.640+0000] {processor.py:925} INFO - DAG(s) 'example_bash_operator' retrieved from /home/airflow/.local/lib/python3.12/site-packages/airflow/example_dags/example_bash_operator.py
[2025-09-07T00:09:42.680+0000] {logging_mixin.py:190} INFO - [2025-09-07T00:09:42.679+0000] {dag.py:3239} INFO - Sync 1 DAGs
[2025-09-07T00:09:42.717+0000] {logging_mixin.py:190} INFO - [2025-09-07T00:09:42.717+0000] {dag.py:4180} INFO - Setting next_dagrun for example_bash_operator to 2025-09-06 00:00:00+00:00, run_after=2025-09-07 00:00:00+00:00
[2025-09-07T00:09:42.745+0000] {processor.py:208} INFO - Processing /home/airflow/.local/lib/python3.12/site-packages/airflow/example_dags/example_bash_operator.py took 0.137 seconds
[2025-09-07T00:10:13.301+0000] {processor.py:186} INFO - Started process (PID=5248) to work on /home/airflow/.local/lib/python3.12/site-packages/airflow/example_dags/example_bash_operator.py
[2025-09-07T00:10:13.303+0000] {processor.py:914} INFO - Processing file /home/airflow/.local/lib/python3.12/site-packages/airflow/example_dags/example_bash_operator.py for tasks to queue
[2025-09-07T00:10:13.305+0000] {logging_mixin.py:190} INFO - [2025-09-07T00:10:13.305+0000] {dagbag.py:588} INFO - Filling up the DagBag from /home/airflow/.local/lib/python3.12/site-packages/airflow/example_dags/example_bash_operator.py
[2025-09-07T00:10:13.319+0000] {processor.py:925} INFO - DAG(s) 'example_bash_operator' retrieved from /home/airflow/.local/lib/python3.12/site-packages/airflow/example_dags/example_bash_operator.py
[2025-09-07T00:10:13.358+0000] {logging_mixin.py:190} INFO - [2025-09-07T00:10:13.357+0000] {dag.py:3239} INFO - Sync 1 DAGs
[2025-09-07T00:10:13.397+0000] {logging_mixin.py:190} INFO - [2025-09-07T00:10:13.397+0000] {dag.py:4180} INFO - Setting next_dagrun for example_bash_operator to 2025-09-06 00:00:00+00:00, run_after=2025-09-07 00:00:00+00:00
[2025-09-07T00:10:13.425+0000] {processor.py:208} INFO - Processing /home/airflow/.local/lib/python3.12/site-packages/airflow/example_dags/example_bash_operator.py took 0.134 seconds
[2025-09-07T00:10:43.509+0000] {processor.py:186} INFO - Started process (PID=5314) to work on /home/airflow/.local/lib/python3.12/site-packages/airflow/example_dags/example_bash_operator.py
[2025-09-07T00:10:43.510+0000] {processor.py:914} INFO - Processing file /home/airflow/.local/lib/python3.12/site-packages/airflow/example_dags/example_bash_operator.py for tasks to queue
[2025-09-07T00:10:43.513+0000] {logging_mixin.py:190} INFO - [2025-09-07T00:10:43.512+0000] {dagbag.py:588} INFO - Filling up the DagBag from /home/airflow/.local/lib/python3.12/site-packages/airflow/example_dags/example_bash_operator.py
[2025-09-07T00:10:43.534+0000] {processor.py:925} INFO - DAG(s) 'example_bash_operator' retrieved from /home/airflow/.local/lib/python3.12/site-packages/airflow/example_dags/example_bash_operator.py
[2025-09-07T00:10:43.566+0000] {logging_mixin.py:190} INFO - [2025-09-07T00:10:43.565+0000] {dag.py:3239} INFO - Sync 1 DAGs
[2025-09-07T00:10:43.598+0000] {logging_mixin.py:190} INFO - [2025-09-07T00:10:43.597+0000] {dag.py:4180} INFO - Setting next_dagrun for example_bash_operator to 2025-09-06 00:00:00+00:00, run_after=2025-09-07 00:00:00+00:00
[2025-09-07T00:10:43.618+0000] {processor.py:208} INFO - Processing /home/airflow/.local/lib/python3.12/site-packages/airflow/example_dags/example_bash_operator.py took 0.118 seconds
[2025-09-07T00:11:14.271+0000] {processor.py:186} INFO - Started process (PID=5380) to work on /home/airflow/.local/lib/python3.12/site-packages/airflow/example_dags/example_bash_operator.py
[2025-09-07T00:11:14.272+0000] {processor.py:914} INFO - Processing file /home/airflow/.local/lib/python3.12/site-packages/airflow/example_dags/example_bash_operator.py for tasks to queue
[2025-09-07T00:11:14.275+0000] {logging_mixin.py:190} INFO - [2025-09-07T00:11:14.274+0000] {dagbag.py:588} INFO - Filling up the DagBag from /home/airflow/.local/lib/python3.12/site-packages/airflow/example_dags/example_bash_operator.py
[2025-09-07T00:11:14.297+0000] {processor.py:925} INFO - DAG(s) 'example_bash_operator' retrieved from /home/airflow/.local/lib/python3.12/site-packages/airflow/example_dags/example_bash_operator.py
[2025-09-07T00:11:14.341+0000] {logging_mixin.py:190} INFO - [2025-09-07T00:11:14.341+0000] {dag.py:3239} INFO - Sync 1 DAGs
[2025-09-07T00:11:14.376+0000] {logging_mixin.py:190} INFO - [2025-09-07T00:11:14.376+0000] {dag.py:4180} INFO - Setting next_dagrun for example_bash_operator to 2025-09-06 00:00:00+00:00, run_after=2025-09-07 00:00:00+00:00
[2025-09-07T00:11:14.398+0000] {processor.py:208} INFO - Processing /home/airflow/.local/lib/python3.12/site-packages/airflow/example_dags/example_bash_operator.py took 0.137 seconds
[2025-09-07T00:11:44.950+0000] {processor.py:186} INFO - Started process (PID=5446) to work on /home/airflow/.local/lib/python3.12/site-packages/airflow/example_dags/example_bash_operator.py
[2025-09-07T00:11:44.951+0000] {processor.py:914} INFO - Processing file /home/airflow/.local/lib/python3.12/site-packages/airflow/example_dags/example_bash_operator.py for tasks to queue
[2025-09-07T00:11:44.953+0000] {logging_mixin.py:190} INFO - [2025-09-07T00:11:44.953+0000] {dagbag.py:588} INFO - Filling up the DagBag from /home/airflow/.local/lib/python3.12/site-packages/airflow/example_dags/example_bash_operator.py
[2025-09-07T00:11:44.968+0000] {processor.py:925} INFO - DAG(s) 'example_bash_operator' retrieved from /home/airflow/.local/lib/python3.12/site-packages/airflow/example_dags/example_bash_operator.py
[2025-09-07T00:11:45.004+0000] {logging_mixin.py:190} INFO - [2025-09-07T00:11:45.003+0000] {dag.py:3239} INFO - Sync 1 DAGs
[2025-09-07T00:11:45.030+0000] {logging_mixin.py:190} INFO - [2025-09-07T00:11:45.029+0000] {dag.py:4180} INFO - Setting next_dagrun for example_bash_operator to 2025-09-06 00:00:00+00:00, run_after=2025-09-07 00:00:00+00:00
[2025-09-07T00:11:45.056+0000] {processor.py:208} INFO - Processing /home/airflow/.local/lib/python3.12/site-packages/airflow/example_dags/example_bash_operator.py took 0.112 seconds
[2025-09-07T00:12:15.587+0000] {processor.py:186} INFO - Started process (PID=5512) to work on /home/airflow/.local/lib/python3.12/site-packages/airflow/example_dags/example_bash_operator.py
[2025-09-07T00:12:15.588+0000] {processor.py:914} INFO - Processing file /home/airflow/.local/lib/python3.12/site-packages/airflow/example_dags/example_bash_operator.py for tasks to queue
[2025-09-07T00:12:15.590+0000] {logging_mixin.py:190} INFO - [2025-09-07T00:12:15.590+0000] {dagbag.py:588} INFO - Filling up the DagBag from /home/airflow/.local/lib/python3.12/site-packages/airflow/example_dags/example_bash_operator.py
[2025-09-07T00:12:15.604+0000] {processor.py:925} INFO - DAG(s) 'example_bash_operator' retrieved from /home/airflow/.local/lib/python3.12/site-packages/airflow/example_dags/example_bash_operator.py
[2025-09-07T00:12:15.629+0000] {logging_mixin.py:190} INFO - [2025-09-07T00:12:15.629+0000] {dag.py:3239} INFO - Sync 1 DAGs
[2025-09-07T00:12:15.656+0000] {logging_mixin.py:190} INFO - [2025-09-07T00:12:15.656+0000] {dag.py:4180} INFO - Setting next_dagrun for example_bash_operator to 2025-09-06 00:00:00+00:00, run_after=2025-09-07 00:00:00+00:00
[2025-09-07T00:12:15.914+0000] {processor.py:208} INFO - Processing /home/airflow/.local/lib/python3.12/site-packages/airflow/example_dags/example_bash_operator.py took 0.336 seconds
[2025-09-07T00:12:45.947+0000] {processor.py:186} INFO - Started process (PID=5574) to work on /home/airflow/.local/lib/python3.12/site-packages/airflow/example_dags/example_bash_operator.py
[2025-09-07T00:12:45.948+0000] {processor.py:914} INFO - Processing file /home/airflow/.local/lib/python3.12/site-packages/airflow/example_dags/example_bash_operator.py for tasks to queue
[2025-09-07T00:12:45.949+0000] {logging_mixin.py:190} INFO - [2025-09-07T00:12:45.949+0000] {dagbag.py:588} INFO - Filling up the DagBag from /home/airflow/.local/lib/python3.12/site-packages/airflow/example_dags/example_bash_operator.py
[2025-09-07T00:12:45.960+0000] {processor.py:925} INFO - DAG(s) 'example_bash_operator' retrieved from /home/airflow/.local/lib/python3.12/site-packages/airflow/example_dags/example_bash_operator.py
[2025-09-07T00:12:45.985+0000] {logging_mixin.py:190} INFO - [2025-09-07T00:12:45.985+0000] {dag.py:3239} INFO - Sync 1 DAGs
[2025-09-07T00:12:46.005+0000] {logging_mixin.py:190} INFO - [2025-09-07T00:12:46.005+0000] {dag.py:4180} INFO - Setting next_dagrun for example_bash_operator to 2025-09-06 00:00:00+00:00, run_after=2025-09-07 00:00:00+00:00
[2025-09-07T00:12:46.023+0000] {processor.py:208} INFO - Processing /home/airflow/.local/lib/python3.12/site-packages/airflow/example_dags/example_bash_operator.py took 0.081 seconds
[2025-09-07T00:13:16.083+0000] {processor.py:186} INFO - Started process (PID=5639) to work on /home/airflow/.local/lib/python3.12/site-packages/airflow/example_dags/example_bash_operator.py
[2025-09-07T00:13:16.084+0000] {processor.py:914} INFO - Processing file /home/airflow/.local/lib/python3.12/site-packages/airflow/example_dags/example_bash_operator.py for tasks to queue
[2025-09-07T00:13:16.085+0000] {logging_mixin.py:190} INFO - [2025-09-07T00:13:16.085+0000] {dagbag.py:588} INFO - Filling up the DagBag from /home/airflow/.local/lib/python3.12/site-packages/airflow/example_dags/example_bash_operator.py
[2025-09-07T00:13:16.095+0000] {processor.py:925} INFO - DAG(s) 'example_bash_operator' retrieved from /home/airflow/.local/lib/python3.12/site-packages/airflow/example_dags/example_bash_operator.py
[2025-09-07T00:13:16.117+0000] {logging_mixin.py:190} INFO - [2025-09-07T00:13:16.116+0000] {dag.py:3239} INFO - Sync 1 DAGs
[2025-09-07T00:13:16.134+0000] {logging_mixin.py:190} INFO - [2025-09-07T00:13:16.133+0000] {dag.py:4180} INFO - Setting next_dagrun for example_bash_operator to 2025-09-06 00:00:00+00:00, run_after=2025-09-07 00:00:00+00:00
[2025-09-07T00:13:16.148+0000] {processor.py:208} INFO - Processing /home/airflow/.local/lib/python3.12/site-packages/airflow/example_dags/example_bash_operator.py took 0.071 seconds
[2025-09-07T00:13:46.887+0000] {processor.py:186} INFO - Started process (PID=5704) to work on /home/airflow/.local/lib/python3.12/site-packages/airflow/example_dags/example_bash_operator.py
[2025-09-07T00:13:46.889+0000] {processor.py:914} INFO - Processing file /home/airflow/.local/lib/python3.12/site-packages/airflow/example_dags/example_bash_operator.py for tasks to queue
[2025-09-07T00:13:46.891+0000] {logging_mixin.py:190} INFO - [2025-09-07T00:13:46.891+0000] {dagbag.py:588} INFO - Filling up the DagBag from /home/airflow/.local/lib/python3.12/site-packages/airflow/example_dags/example_bash_operator.py
[2025-09-07T00:13:46.913+0000] {processor.py:925} INFO - DAG(s) 'example_bash_operator' retrieved from /home/airflow/.local/lib/python3.12/site-packages/airflow/example_dags/example_bash_operator.py
[2025-09-07T00:13:47.125+0000] {logging_mixin.py:190} INFO - [2025-09-07T00:13:47.125+0000] {dag.py:3239} INFO - Sync 1 DAGs
[2025-09-07T00:13:47.147+0000] {logging_mixin.py:190} INFO - [2025-09-07T00:13:47.147+0000] {dag.py:4180} INFO - Setting next_dagrun for example_bash_operator to 2025-09-06 00:00:00+00:00, run_after=2025-09-07 00:00:00+00:00
[2025-09-07T00:13:47.163+0000] {processor.py:208} INFO - Processing /home/airflow/.local/lib/python3.12/site-packages/airflow/example_dags/example_bash_operator.py took 0.284 seconds
[2025-09-07T00:14:17.717+0000] {processor.py:186} INFO - Started process (PID=5770) to work on /home/airflow/.local/lib/python3.12/site-packages/airflow/example_dags/example_bash_operator.py
[2025-09-07T00:14:17.719+0000] {processor.py:914} INFO - Processing file /home/airflow/.local/lib/python3.12/site-packages/airflow/example_dags/example_bash_operator.py for tasks to queue
[2025-09-07T00:14:17.721+0000] {logging_mixin.py:190} INFO - [2025-09-07T00:14:17.721+0000] {dagbag.py:588} INFO - Filling up the DagBag from /home/airflow/.local/lib/python3.12/site-packages/airflow/example_dags/example_bash_operator.py
[2025-09-07T00:14:17.739+0000] {processor.py:925} INFO - DAG(s) 'example_bash_operator' retrieved from /home/airflow/.local/lib/python3.12/site-packages/airflow/example_dags/example_bash_operator.py
[2025-09-07T00:14:17.760+0000] {logging_mixin.py:190} INFO - [2025-09-07T00:14:17.760+0000] {dag.py:3239} INFO - Sync 1 DAGs
[2025-09-07T00:14:17.928+0000] {logging_mixin.py:190} INFO - [2025-09-07T00:14:17.927+0000] {dag.py:4180} INFO - Setting next_dagrun for example_bash_operator to 2025-09-06 00:00:00+00:00, run_after=2025-09-07 00:00:00+00:00
[2025-09-07T00:14:17.952+0000] {processor.py:208} INFO - Processing /home/airflow/.local/lib/python3.12/site-packages/airflow/example_dags/example_bash_operator.py took 0.241 seconds
[2025-09-07T00:14:48.140+0000] {processor.py:186} INFO - Started process (PID=5836) to work on /home/airflow/.local/lib/python3.12/site-packages/airflow/example_dags/example_bash_operator.py
[2025-09-07T00:14:48.141+0000] {processor.py:914} INFO - Processing file /home/airflow/.local/lib/python3.12/site-packages/airflow/example_dags/example_bash_operator.py for tasks to queue
[2025-09-07T00:14:48.144+0000] {logging_mixin.py:190} INFO - [2025-09-07T00:14:48.144+0000] {dagbag.py:588} INFO - Filling up the DagBag from /home/airflow/.local/lib/python3.12/site-packages/airflow/example_dags/example_bash_operator.py
[2025-09-07T00:14:48.167+0000] {processor.py:925} INFO - DAG(s) 'example_bash_operator' retrieved from /home/airflow/.local/lib/python3.12/site-packages/airflow/example_dags/example_bash_operator.py
[2025-09-07T00:14:48.189+0000] {logging_mixin.py:190} INFO - [2025-09-07T00:14:48.188+0000] {dag.py:3239} INFO - Sync 1 DAGs
[2025-09-07T00:14:48.212+0000] {logging_mixin.py:190} INFO - [2025-09-07T00:14:48.212+0000] {dag.py:4180} INFO - Setting next_dagrun for example_bash_operator to 2025-09-06 00:00:00+00:00, run_after=2025-09-07 00:00:00+00:00
[2025-09-07T00:14:48.407+0000] {processor.py:208} INFO - Processing /home/airflow/.local/lib/python3.12/site-packages/airflow/example_dags/example_bash_operator.py took 0.276 seconds
[2025-09-07T00:15:18.975+0000] {processor.py:186} INFO - Started process (PID=5902) to work on /home/airflow/.local/lib/python3.12/site-packages/airflow/example_dags/example_bash_operator.py
[2025-09-07T00:15:18.976+0000] {processor.py:914} INFO - Processing file /home/airflow/.local/lib/python3.12/site-packages/airflow/example_dags/example_bash_operator.py for tasks to queue
[2025-09-07T00:15:18.981+0000] {logging_mixin.py:190} INFO - [2025-09-07T00:15:18.981+0000] {dagbag.py:588} INFO - Filling up the DagBag from /home/airflow/.local/lib/python3.12/site-packages/airflow/example_dags/example_bash_operator.py
[2025-09-07T00:15:18.996+0000] {processor.py:925} INFO - DAG(s) 'example_bash_operator' retrieved from /home/airflow/.local/lib/python3.12/site-packages/airflow/example_dags/example_bash_operator.py
[2025-09-07T00:15:19.019+0000] {logging_mixin.py:190} INFO - [2025-09-07T00:15:19.019+0000] {dag.py:3239} INFO - Sync 1 DAGs
[2025-09-07T00:15:19.040+0000] {logging_mixin.py:190} INFO - [2025-09-07T00:15:19.039+0000] {dag.py:4180} INFO - Setting next_dagrun for example_bash_operator to 2025-09-06 00:00:00+00:00, run_after=2025-09-07 00:00:00+00:00
[2025-09-07T00:15:19.068+0000] {processor.py:208} INFO - Processing /home/airflow/.local/lib/python3.12/site-packages/airflow/example_dags/example_bash_operator.py took 0.099 seconds
[2025-09-07T00:15:49.558+0000] {processor.py:186} INFO - Started process (PID=5968) to work on /home/airflow/.local/lib/python3.12/site-packages/airflow/example_dags/example_bash_operator.py
[2025-09-07T00:15:49.559+0000] {processor.py:914} INFO - Processing file /home/airflow/.local/lib/python3.12/site-packages/airflow/example_dags/example_bash_operator.py for tasks to queue
[2025-09-07T00:15:49.561+0000] {logging_mixin.py:190} INFO - [2025-09-07T00:15:49.561+0000] {dagbag.py:588} INFO - Filling up the DagBag from /home/airflow/.local/lib/python3.12/site-packages/airflow/example_dags/example_bash_operator.py
[2025-09-07T00:15:49.573+0000] {processor.py:925} INFO - DAG(s) 'example_bash_operator' retrieved from /home/airflow/.local/lib/python3.12/site-packages/airflow/example_dags/example_bash_operator.py
[2025-09-07T00:15:49.596+0000] {logging_mixin.py:190} INFO - [2025-09-07T00:15:49.596+0000] {dag.py:3239} INFO - Sync 1 DAGs
[2025-09-07T00:15:49.625+0000] {logging_mixin.py:190} INFO - [2025-09-07T00:15:49.625+0000] {dag.py:4180} INFO - Setting next_dagrun for example_bash_operator to 2025-09-06 00:00:00+00:00, run_after=2025-09-07 00:00:00+00:00
[2025-09-07T00:15:49.641+0000] {processor.py:208} INFO - Processing /home/airflow/.local/lib/python3.12/site-packages/airflow/example_dags/example_bash_operator.py took 0.090 seconds
[2025-09-07T00:16:20.257+0000] {processor.py:186} INFO - Started process (PID=6033) to work on /home/airflow/.local/lib/python3.12/site-packages/airflow/example_dags/example_bash_operator.py
[2025-09-07T00:16:20.258+0000] {processor.py:914} INFO - Processing file /home/airflow/.local/lib/python3.12/site-packages/airflow/example_dags/example_bash_operator.py for tasks to queue
[2025-09-07T00:16:20.261+0000] {logging_mixin.py:190} INFO - [2025-09-07T00:16:20.260+0000] {dagbag.py:588} INFO - Filling up the DagBag from /home/airflow/.local/lib/python3.12/site-packages/airflow/example_dags/example_bash_operator.py
[2025-09-07T00:16:20.273+0000] {processor.py:925} INFO - DAG(s) 'example_bash_operator' retrieved from /home/airflow/.local/lib/python3.12/site-packages/airflow/example_dags/example_bash_operator.py
[2025-09-07T00:16:20.299+0000] {logging_mixin.py:190} INFO - [2025-09-07T00:16:20.299+0000] {dag.py:3239} INFO - Sync 1 DAGs
[2025-09-07T00:16:20.316+0000] {logging_mixin.py:190} INFO - [2025-09-07T00:16:20.315+0000] {dag.py:4180} INFO - Setting next_dagrun for example_bash_operator to 2025-09-06 00:00:00+00:00, run_after=2025-09-07 00:00:00+00:00
[2025-09-07T00:16:20.334+0000] {processor.py:208} INFO - Processing /home/airflow/.local/lib/python3.12/site-packages/airflow/example_dags/example_bash_operator.py took 0.081 seconds
[2025-09-07T00:16:50.712+0000] {processor.py:186} INFO - Started process (PID=6099) to work on /home/airflow/.local/lib/python3.12/site-packages/airflow/example_dags/example_bash_operator.py
[2025-09-07T00:16:50.714+0000] {processor.py:914} INFO - Processing file /home/airflow/.local/lib/python3.12/site-packages/airflow/example_dags/example_bash_operator.py for tasks to queue
[2025-09-07T00:16:50.717+0000] {logging_mixin.py:190} INFO - [2025-09-07T00:16:50.716+0000] {dagbag.py:588} INFO - Filling up the DagBag from /home/airflow/.local/lib/python3.12/site-packages/airflow/example_dags/example_bash_operator.py
[2025-09-07T00:16:50.731+0000] {processor.py:925} INFO - DAG(s) 'example_bash_operator' retrieved from /home/airflow/.local/lib/python3.12/site-packages/airflow/example_dags/example_bash_operator.py
[2025-09-07T00:16:50.763+0000] {logging_mixin.py:190} INFO - [2025-09-07T00:16:50.762+0000] {dag.py:3239} INFO - Sync 1 DAGs
[2025-09-07T00:16:50.790+0000] {logging_mixin.py:190} INFO - [2025-09-07T00:16:50.789+0000] {dag.py:4180} INFO - Setting next_dagrun for example_bash_operator to 2025-09-06 00:00:00+00:00, run_after=2025-09-07 00:00:00+00:00
[2025-09-07T00:16:50.809+0000] {processor.py:208} INFO - Processing /home/airflow/.local/lib/python3.12/site-packages/airflow/example_dags/example_bash_operator.py took 0.104 seconds
[2025-09-07T00:17:21.491+0000] {processor.py:186} INFO - Started process (PID=6164) to work on /home/airflow/.local/lib/python3.12/site-packages/airflow/example_dags/example_bash_operator.py
[2025-09-07T00:17:21.492+0000] {processor.py:914} INFO - Processing file /home/airflow/.local/lib/python3.12/site-packages/airflow/example_dags/example_bash_operator.py for tasks to queue
[2025-09-07T00:17:21.494+0000] {logging_mixin.py:190} INFO - [2025-09-07T00:17:21.494+0000] {dagbag.py:588} INFO - Filling up the DagBag from /home/airflow/.local/lib/python3.12/site-packages/airflow/example_dags/example_bash_operator.py
[2025-09-07T00:17:21.516+0000] {processor.py:925} INFO - DAG(s) 'example_bash_operator' retrieved from /home/airflow/.local/lib/python3.12/site-packages/airflow/example_dags/example_bash_operator.py
[2025-09-07T00:17:21.552+0000] {logging_mixin.py:190} INFO - [2025-09-07T00:17:21.551+0000] {dag.py:3239} INFO - Sync 1 DAGs
[2025-09-07T00:17:21.584+0000] {logging_mixin.py:190} INFO - [2025-09-07T00:17:21.584+0000] {dag.py:4180} INFO - Setting next_dagrun for example_bash_operator to 2025-09-06 00:00:00+00:00, run_after=2025-09-07 00:00:00+00:00
[2025-09-07T00:17:21.611+0000] {processor.py:208} INFO - Processing /home/airflow/.local/lib/python3.12/site-packages/airflow/example_dags/example_bash_operator.py took 0.128 seconds
[2025-09-07T00:17:52.121+0000] {processor.py:186} INFO - Started process (PID=6223) to work on /home/airflow/.local/lib/python3.12/site-packages/airflow/example_dags/example_bash_operator.py
[2025-09-07T00:17:52.122+0000] {processor.py:914} INFO - Processing file /home/airflow/.local/lib/python3.12/site-packages/airflow/example_dags/example_bash_operator.py for tasks to queue
[2025-09-07T00:17:52.123+0000] {logging_mixin.py:190} INFO - [2025-09-07T00:17:52.122+0000] {dagbag.py:588} INFO - Filling up the DagBag from /home/airflow/.local/lib/python3.12/site-packages/airflow/example_dags/example_bash_operator.py
[2025-09-07T00:17:52.133+0000] {processor.py:925} INFO - DAG(s) 'example_bash_operator' retrieved from /home/airflow/.local/lib/python3.12/site-packages/airflow/example_dags/example_bash_operator.py
[2025-09-07T00:17:52.153+0000] {logging_mixin.py:190} INFO - [2025-09-07T00:17:52.152+0000] {dag.py:3239} INFO - Sync 1 DAGs
[2025-09-07T00:17:52.169+0000] {logging_mixin.py:190} INFO - [2025-09-07T00:17:52.168+0000] {dag.py:4180} INFO - Setting next_dagrun for example_bash_operator to 2025-09-06 00:00:00+00:00, run_after=2025-09-07 00:00:00+00:00
[2025-09-07T00:17:52.181+0000] {processor.py:208} INFO - Processing /home/airflow/.local/lib/python3.12/site-packages/airflow/example_dags/example_bash_operator.py took 0.068 seconds
[2025-09-07T00:18:22.913+0000] {processor.py:186} INFO - Started process (PID=6289) to work on /home/airflow/.local/lib/python3.12/site-packages/airflow/example_dags/example_bash_operator.py
[2025-09-07T00:18:22.914+0000] {processor.py:914} INFO - Processing file /home/airflow/.local/lib/python3.12/site-packages/airflow/example_dags/example_bash_operator.py for tasks to queue
[2025-09-07T00:18:22.916+0000] {logging_mixin.py:190} INFO - [2025-09-07T00:18:22.915+0000] {dagbag.py:588} INFO - Filling up the DagBag from /home/airflow/.local/lib/python3.12/site-packages/airflow/example_dags/example_bash_operator.py
[2025-09-07T00:18:22.934+0000] {processor.py:925} INFO - DAG(s) 'example_bash_operator' retrieved from /home/airflow/.local/lib/python3.12/site-packages/airflow/example_dags/example_bash_operator.py
[2025-09-07T00:18:22.958+0000] {logging_mixin.py:190} INFO - [2025-09-07T00:18:22.958+0000] {dag.py:3239} INFO - Sync 1 DAGs
[2025-09-07T00:18:22.981+0000] {logging_mixin.py:190} INFO - [2025-09-07T00:18:22.981+0000] {dag.py:4180} INFO - Setting next_dagrun for example_bash_operator to 2025-09-06 00:00:00+00:00, run_after=2025-09-07 00:00:00+00:00
[2025-09-07T00:18:23.001+0000] {processor.py:208} INFO - Processing /home/airflow/.local/lib/python3.12/site-packages/airflow/example_dags/example_bash_operator.py took 0.097 seconds
[2025-09-07T00:18:53.668+0000] {processor.py:186} INFO - Started process (PID=6355) to work on /home/airflow/.local/lib/python3.12/site-packages/airflow/example_dags/example_bash_operator.py
[2025-09-07T00:18:53.669+0000] {processor.py:914} INFO - Processing file /home/airflow/.local/lib/python3.12/site-packages/airflow/example_dags/example_bash_operator.py for tasks to queue
[2025-09-07T00:18:53.671+0000] {logging_mixin.py:190} INFO - [2025-09-07T00:18:53.671+0000] {dagbag.py:588} INFO - Filling up the DagBag from /home/airflow/.local/lib/python3.12/site-packages/airflow/example_dags/example_bash_operator.py
[2025-09-07T00:18:53.688+0000] {processor.py:925} INFO - DAG(s) 'example_bash_operator' retrieved from /home/airflow/.local/lib/python3.12/site-packages/airflow/example_dags/example_bash_operator.py
[2025-09-07T00:18:53.712+0000] {logging_mixin.py:190} INFO - [2025-09-07T00:18:53.711+0000] {dag.py:3239} INFO - Sync 1 DAGs
[2025-09-07T00:18:53.732+0000] {logging_mixin.py:190} INFO - [2025-09-07T00:18:53.732+0000] {dag.py:4180} INFO - Setting next_dagrun for example_bash_operator to 2025-09-06 00:00:00+00:00, run_after=2025-09-07 00:00:00+00:00
[2025-09-07T00:18:53.752+0000] {processor.py:208} INFO - Processing /home/airflow/.local/lib/python3.12/site-packages/airflow/example_dags/example_bash_operator.py took 0.092 seconds
[2025-09-07T00:19:24.256+0000] {processor.py:186} INFO - Started process (PID=6420) to work on /home/airflow/.local/lib/python3.12/site-packages/airflow/example_dags/example_bash_operator.py
[2025-09-07T00:19:24.257+0000] {processor.py:914} INFO - Processing file /home/airflow/.local/lib/python3.12/site-packages/airflow/example_dags/example_bash_operator.py for tasks to queue
[2025-09-07T00:19:24.259+0000] {logging_mixin.py:190} INFO - [2025-09-07T00:19:24.259+0000] {dagbag.py:588} INFO - Filling up the DagBag from /home/airflow/.local/lib/python3.12/site-packages/airflow/example_dags/example_bash_operator.py
[2025-09-07T00:19:24.274+0000] {processor.py:925} INFO - DAG(s) 'example_bash_operator' retrieved from /home/airflow/.local/lib/python3.12/site-packages/airflow/example_dags/example_bash_operator.py
[2025-09-07T00:19:24.307+0000] {logging_mixin.py:190} INFO - [2025-09-07T00:19:24.306+0000] {dag.py:3239} INFO - Sync 1 DAGs
[2025-09-07T00:19:24.336+0000] {logging_mixin.py:190} INFO - [2025-09-07T00:19:24.336+0000] {dag.py:4180} INFO - Setting next_dagrun for example_bash_operator to 2025-09-06 00:00:00+00:00, run_after=2025-09-07 00:00:00+00:00
[2025-09-07T00:19:24.364+0000] {processor.py:208} INFO - Processing /home/airflow/.local/lib/python3.12/site-packages/airflow/example_dags/example_bash_operator.py took 0.115 seconds
[2025-09-07T00:19:55.141+0000] {processor.py:186} INFO - Started process (PID=6486) to work on /home/airflow/.local/lib/python3.12/site-packages/airflow/example_dags/example_bash_operator.py
[2025-09-07T00:19:55.142+0000] {processor.py:914} INFO - Processing file /home/airflow/.local/lib/python3.12/site-packages/airflow/example_dags/example_bash_operator.py for tasks to queue
[2025-09-07T00:19:55.144+0000] {logging_mixin.py:190} INFO - [2025-09-07T00:19:55.144+0000] {dagbag.py:588} INFO - Filling up the DagBag from /home/airflow/.local/lib/python3.12/site-packages/airflow/example_dags/example_bash_operator.py
[2025-09-07T00:19:55.156+0000] {processor.py:925} INFO - DAG(s) 'example_bash_operator' retrieved from /home/airflow/.local/lib/python3.12/site-packages/airflow/example_dags/example_bash_operator.py
[2025-09-07T00:19:55.186+0000] {logging_mixin.py:190} INFO - [2025-09-07T00:19:55.186+0000] {dag.py:3239} INFO - Sync 1 DAGs
[2025-09-07T00:19:55.208+0000] {logging_mixin.py:190} INFO - [2025-09-07T00:19:55.207+0000] {dag.py:4180} INFO - Setting next_dagrun for example_bash_operator to 2025-09-06 00:00:00+00:00, run_after=2025-09-07 00:00:00+00:00
[2025-09-07T00:19:55.229+0000] {processor.py:208} INFO - Processing /home/airflow/.local/lib/python3.12/site-packages/airflow/example_dags/example_bash_operator.py took 0.096 seconds
[2025-09-07T00:20:25.862+0000] {processor.py:186} INFO - Started process (PID=6552) to work on /home/airflow/.local/lib/python3.12/site-packages/airflow/example_dags/example_bash_operator.py
[2025-09-07T00:20:25.863+0000] {processor.py:914} INFO - Processing file /home/airflow/.local/lib/python3.12/site-packages/airflow/example_dags/example_bash_operator.py for tasks to queue
[2025-09-07T00:20:25.865+0000] {logging_mixin.py:190} INFO - [2025-09-07T00:20:25.865+0000] {dagbag.py:588} INFO - Filling up the DagBag from /home/airflow/.local/lib/python3.12/site-packages/airflow/example_dags/example_bash_operator.py
[2025-09-07T00:20:25.879+0000] {processor.py:925} INFO - DAG(s) 'example_bash_operator' retrieved from /home/airflow/.local/lib/python3.12/site-packages/airflow/example_dags/example_bash_operator.py
[2025-09-07T00:20:25.899+0000] {logging_mixin.py:190} INFO - [2025-09-07T00:20:25.899+0000] {dag.py:3239} INFO - Sync 1 DAGs
[2025-09-07T00:20:25.915+0000] {logging_mixin.py:190} INFO - [2025-09-07T00:20:25.914+0000] {dag.py:4180} INFO - Setting next_dagrun for example_bash_operator to 2025-09-06 00:00:00+00:00, run_after=2025-09-07 00:00:00+00:00
[2025-09-07T00:20:25.928+0000] {processor.py:208} INFO - Processing /home/airflow/.local/lib/python3.12/site-packages/airflow/example_dags/example_bash_operator.py took 0.071 seconds
