[2025-09-07T00:00:26.781+0000] {processor.py:186} INFO - Started process (PID=3986) to work on /home/airflow/.local/lib/python3.12/site-packages/airflow/example_dags/example_latest_only.py
[2025-09-07T00:00:26.782+0000] {processor.py:914} INFO - Processing file /home/airflow/.local/lib/python3.12/site-packages/airflow/example_dags/example_latest_only.py for tasks to queue
[2025-09-07T00:00:26.784+0000] {logging_mixin.py:190} INFO - [2025-09-07T00:00:26.784+0000] {dagbag.py:588} INFO - Filling up the DagBag from /home/airflow/.local/lib/python3.12/site-packages/airflow/example_dags/example_latest_only.py
[2025-09-07T00:00:26.793+0000] {processor.py:925} INFO - DAG(s) 'latest_only' retrieved from /home/airflow/.local/lib/python3.12/site-packages/airflow/example_dags/example_latest_only.py
[2025-09-07T00:00:26.813+0000] {logging_mixin.py:190} INFO - [2025-09-07T00:00:26.813+0000] {dag.py:3239} INFO - Sync 1 DAGs
[2025-09-07T00:00:26.848+0000] {logging_mixin.py:190} INFO - [2025-09-07T00:00:26.848+0000] {dag.py:4180} INFO - Setting next_dagrun for latest_only to 2025-09-06 20:00:00+00:00, run_after=2025-09-07 00:00:00+00:00
[2025-09-07T00:00:26.876+0000] {processor.py:208} INFO - Processing /home/airflow/.local/lib/python3.12/site-packages/airflow/example_dags/example_latest_only.py took 0.102 seconds
[2025-09-07T00:00:57.458+0000] {processor.py:186} INFO - Started process (PID=4052) to work on /home/airflow/.local/lib/python3.12/site-packages/airflow/example_dags/example_latest_only.py
[2025-09-07T00:00:57.459+0000] {processor.py:914} INFO - Processing file /home/airflow/.local/lib/python3.12/site-packages/airflow/example_dags/example_latest_only.py for tasks to queue
[2025-09-07T00:00:57.461+0000] {logging_mixin.py:190} INFO - [2025-09-07T00:00:57.461+0000] {dagbag.py:588} INFO - Filling up the DagBag from /home/airflow/.local/lib/python3.12/site-packages/airflow/example_dags/example_latest_only.py
[2025-09-07T00:00:57.471+0000] {processor.py:925} INFO - DAG(s) 'latest_only' retrieved from /home/airflow/.local/lib/python3.12/site-packages/airflow/example_dags/example_latest_only.py
[2025-09-07T00:00:57.497+0000] {logging_mixin.py:190} INFO - [2025-09-07T00:00:57.497+0000] {dag.py:3239} INFO - Sync 1 DAGs
[2025-09-07T00:00:57.530+0000] {logging_mixin.py:190} INFO - [2025-09-07T00:00:57.530+0000] {dag.py:4180} INFO - Setting next_dagrun for latest_only to 2025-09-06 20:00:00+00:00, run_after=2025-09-07 00:00:00+00:00
[2025-09-07T00:00:57.553+0000] {processor.py:208} INFO - Processing /home/airflow/.local/lib/python3.12/site-packages/airflow/example_dags/example_latest_only.py took 0.104 seconds
[2025-09-07T00:01:27.629+0000] {processor.py:186} INFO - Started process (PID=4118) to work on /home/airflow/.local/lib/python3.12/site-packages/airflow/example_dags/example_latest_only.py
[2025-09-07T00:01:27.632+0000] {processor.py:914} INFO - Processing file /home/airflow/.local/lib/python3.12/site-packages/airflow/example_dags/example_latest_only.py for tasks to queue
[2025-09-07T00:01:27.634+0000] {logging_mixin.py:190} INFO - [2025-09-07T00:01:27.633+0000] {dagbag.py:588} INFO - Filling up the DagBag from /home/airflow/.local/lib/python3.12/site-packages/airflow/example_dags/example_latest_only.py
[2025-09-07T00:01:27.647+0000] {processor.py:925} INFO - DAG(s) 'latest_only' retrieved from /home/airflow/.local/lib/python3.12/site-packages/airflow/example_dags/example_latest_only.py
[2025-09-07T00:01:27.677+0000] {logging_mixin.py:190} INFO - [2025-09-07T00:01:27.677+0000] {dag.py:3239} INFO - Sync 1 DAGs
[2025-09-07T00:01:27.703+0000] {logging_mixin.py:190} INFO - [2025-09-07T00:01:27.702+0000] {dag.py:4180} INFO - Setting next_dagrun for latest_only to 2025-09-06 20:00:00+00:00, run_after=2025-09-07 00:00:00+00:00
[2025-09-07T00:01:27.727+0000] {processor.py:208} INFO - Processing /home/airflow/.local/lib/python3.12/site-packages/airflow/example_dags/example_latest_only.py took 0.105 seconds
[2025-09-07T00:01:58.487+0000] {processor.py:186} INFO - Started process (PID=4183) to work on /home/airflow/.local/lib/python3.12/site-packages/airflow/example_dags/example_latest_only.py
[2025-09-07T00:01:58.489+0000] {processor.py:914} INFO - Processing file /home/airflow/.local/lib/python3.12/site-packages/airflow/example_dags/example_latest_only.py for tasks to queue
[2025-09-07T00:01:58.491+0000] {logging_mixin.py:190} INFO - [2025-09-07T00:01:58.491+0000] {dagbag.py:588} INFO - Filling up the DagBag from /home/airflow/.local/lib/python3.12/site-packages/airflow/example_dags/example_latest_only.py
[2025-09-07T00:01:58.503+0000] {processor.py:925} INFO - DAG(s) 'latest_only' retrieved from /home/airflow/.local/lib/python3.12/site-packages/airflow/example_dags/example_latest_only.py
[2025-09-07T00:01:58.527+0000] {logging_mixin.py:190} INFO - [2025-09-07T00:01:58.527+0000] {dag.py:3239} INFO - Sync 1 DAGs
[2025-09-07T00:01:58.560+0000] {logging_mixin.py:190} INFO - [2025-09-07T00:01:58.559+0000] {dag.py:4180} INFO - Setting next_dagrun for latest_only to 2025-09-06 20:00:00+00:00, run_after=2025-09-07 00:00:00+00:00
[2025-09-07T00:01:58.588+0000] {processor.py:208} INFO - Processing /home/airflow/.local/lib/python3.12/site-packages/airflow/example_dags/example_latest_only.py took 0.107 seconds
[2025-09-07T00:02:29.362+0000] {processor.py:186} INFO - Started process (PID=4249) to work on /home/airflow/.local/lib/python3.12/site-packages/airflow/example_dags/example_latest_only.py
[2025-09-07T00:02:29.364+0000] {processor.py:914} INFO - Processing file /home/airflow/.local/lib/python3.12/site-packages/airflow/example_dags/example_latest_only.py for tasks to queue
[2025-09-07T00:02:29.366+0000] {logging_mixin.py:190} INFO - [2025-09-07T00:02:29.365+0000] {dagbag.py:588} INFO - Filling up the DagBag from /home/airflow/.local/lib/python3.12/site-packages/airflow/example_dags/example_latest_only.py
[2025-09-07T00:02:29.380+0000] {processor.py:925} INFO - DAG(s) 'latest_only' retrieved from /home/airflow/.local/lib/python3.12/site-packages/airflow/example_dags/example_latest_only.py
[2025-09-07T00:02:29.406+0000] {logging_mixin.py:190} INFO - [2025-09-07T00:02:29.405+0000] {dag.py:3239} INFO - Sync 1 DAGs
[2025-09-07T00:02:29.439+0000] {logging_mixin.py:190} INFO - [2025-09-07T00:02:29.439+0000] {dag.py:4180} INFO - Setting next_dagrun for latest_only to 2025-09-06 20:00:00+00:00, run_after=2025-09-07 00:00:00+00:00
[2025-09-07T00:02:29.467+0000] {processor.py:208} INFO - Processing /home/airflow/.local/lib/python3.12/site-packages/airflow/example_dags/example_latest_only.py took 0.114 seconds
[2025-09-07T00:03:00.262+0000] {processor.py:186} INFO - Started process (PID=4315) to work on /home/airflow/.local/lib/python3.12/site-packages/airflow/example_dags/example_latest_only.py
[2025-09-07T00:03:00.263+0000] {processor.py:914} INFO - Processing file /home/airflow/.local/lib/python3.12/site-packages/airflow/example_dags/example_latest_only.py for tasks to queue
[2025-09-07T00:03:00.266+0000] {logging_mixin.py:190} INFO - [2025-09-07T00:03:00.265+0000] {dagbag.py:588} INFO - Filling up the DagBag from /home/airflow/.local/lib/python3.12/site-packages/airflow/example_dags/example_latest_only.py
[2025-09-07T00:03:00.279+0000] {processor.py:925} INFO - DAG(s) 'latest_only' retrieved from /home/airflow/.local/lib/python3.12/site-packages/airflow/example_dags/example_latest_only.py
[2025-09-07T00:03:00.303+0000] {logging_mixin.py:190} INFO - [2025-09-07T00:03:00.303+0000] {dag.py:3239} INFO - Sync 1 DAGs
[2025-09-07T00:03:00.336+0000] {logging_mixin.py:190} INFO - [2025-09-07T00:03:00.336+0000] {dag.py:4180} INFO - Setting next_dagrun for latest_only to 2025-09-06 20:00:00+00:00, run_after=2025-09-07 00:00:00+00:00
[2025-09-07T00:03:00.368+0000] {processor.py:208} INFO - Processing /home/airflow/.local/lib/python3.12/site-packages/airflow/example_dags/example_latest_only.py took 0.114 seconds
[2025-09-07T00:03:31.025+0000] {processor.py:186} INFO - Started process (PID=4381) to work on /home/airflow/.local/lib/python3.12/site-packages/airflow/example_dags/example_latest_only.py
[2025-09-07T00:03:31.026+0000] {processor.py:914} INFO - Processing file /home/airflow/.local/lib/python3.12/site-packages/airflow/example_dags/example_latest_only.py for tasks to queue
[2025-09-07T00:03:31.029+0000] {logging_mixin.py:190} INFO - [2025-09-07T00:03:31.028+0000] {dagbag.py:588} INFO - Filling up the DagBag from /home/airflow/.local/lib/python3.12/site-packages/airflow/example_dags/example_latest_only.py
[2025-09-07T00:03:31.042+0000] {processor.py:925} INFO - DAG(s) 'latest_only' retrieved from /home/airflow/.local/lib/python3.12/site-packages/airflow/example_dags/example_latest_only.py
[2025-09-07T00:03:31.065+0000] {logging_mixin.py:190} INFO - [2025-09-07T00:03:31.065+0000] {dag.py:3239} INFO - Sync 1 DAGs
[2025-09-07T00:03:31.102+0000] {logging_mixin.py:190} INFO - [2025-09-07T00:03:31.101+0000] {dag.py:4180} INFO - Setting next_dagrun for latest_only to 2025-09-06 20:00:00+00:00, run_after=2025-09-07 00:00:00+00:00
[2025-09-07T00:03:31.133+0000] {processor.py:208} INFO - Processing /home/airflow/.local/lib/python3.12/site-packages/airflow/example_dags/example_latest_only.py took 0.118 seconds
[2025-09-07T00:04:01.427+0000] {processor.py:186} INFO - Started process (PID=4447) to work on /home/airflow/.local/lib/python3.12/site-packages/airflow/example_dags/example_latest_only.py
[2025-09-07T00:04:01.428+0000] {processor.py:914} INFO - Processing file /home/airflow/.local/lib/python3.12/site-packages/airflow/example_dags/example_latest_only.py for tasks to queue
[2025-09-07T00:04:01.430+0000] {logging_mixin.py:190} INFO - [2025-09-07T00:04:01.430+0000] {dagbag.py:588} INFO - Filling up the DagBag from /home/airflow/.local/lib/python3.12/site-packages/airflow/example_dags/example_latest_only.py
[2025-09-07T00:04:01.443+0000] {processor.py:925} INFO - DAG(s) 'latest_only' retrieved from /home/airflow/.local/lib/python3.12/site-packages/airflow/example_dags/example_latest_only.py
[2025-09-07T00:04:01.468+0000] {logging_mixin.py:190} INFO - [2025-09-07T00:04:01.468+0000] {dag.py:3239} INFO - Sync 1 DAGs
[2025-09-07T00:04:01.503+0000] {logging_mixin.py:190} INFO - [2025-09-07T00:04:01.503+0000] {dag.py:4180} INFO - Setting next_dagrun for latest_only to 2025-09-06 20:00:00+00:00, run_after=2025-09-07 00:00:00+00:00
[2025-09-07T00:04:01.532+0000] {processor.py:208} INFO - Processing /home/airflow/.local/lib/python3.12/site-packages/airflow/example_dags/example_latest_only.py took 0.114 seconds
[2025-09-07T00:04:32.038+0000] {processor.py:186} INFO - Started process (PID=4513) to work on /home/airflow/.local/lib/python3.12/site-packages/airflow/example_dags/example_latest_only.py
[2025-09-07T00:04:32.049+0000] {processor.py:914} INFO - Processing file /home/airflow/.local/lib/python3.12/site-packages/airflow/example_dags/example_latest_only.py for tasks to queue
[2025-09-07T00:04:32.058+0000] {logging_mixin.py:190} INFO - [2025-09-07T00:04:32.057+0000] {dagbag.py:588} INFO - Filling up the DagBag from /home/airflow/.local/lib/python3.12/site-packages/airflow/example_dags/example_latest_only.py
[2025-09-07T00:04:32.149+0000] {processor.py:925} INFO - DAG(s) 'latest_only' retrieved from /home/airflow/.local/lib/python3.12/site-packages/airflow/example_dags/example_latest_only.py
[2025-09-07T00:04:32.292+0000] {logging_mixin.py:190} INFO - [2025-09-07T00:04:32.292+0000] {dag.py:3239} INFO - Sync 1 DAGs
[2025-09-07T00:04:32.494+0000] {logging_mixin.py:190} INFO - [2025-09-07T00:04:32.493+0000] {dag.py:4180} INFO - Setting next_dagrun for latest_only to 2025-09-06 20:00:00+00:00, run_after=2025-09-07 00:00:00+00:00
[2025-09-07T00:04:32.572+0000] {processor.py:208} INFO - Processing /home/airflow/.local/lib/python3.12/site-packages/airflow/example_dags/example_latest_only.py took 0.581 seconds
[2025-09-07T00:05:03.121+0000] {processor.py:186} INFO - Started process (PID=4579) to work on /home/airflow/.local/lib/python3.12/site-packages/airflow/example_dags/example_latest_only.py
[2025-09-07T00:05:03.122+0000] {processor.py:914} INFO - Processing file /home/airflow/.local/lib/python3.12/site-packages/airflow/example_dags/example_latest_only.py for tasks to queue
[2025-09-07T00:05:03.124+0000] {logging_mixin.py:190} INFO - [2025-09-07T00:05:03.123+0000] {dagbag.py:588} INFO - Filling up the DagBag from /home/airflow/.local/lib/python3.12/site-packages/airflow/example_dags/example_latest_only.py
[2025-09-07T00:05:03.138+0000] {processor.py:925} INFO - DAG(s) 'latest_only' retrieved from /home/airflow/.local/lib/python3.12/site-packages/airflow/example_dags/example_latest_only.py
[2025-09-07T00:05:03.166+0000] {logging_mixin.py:190} INFO - [2025-09-07T00:05:03.166+0000] {dag.py:3239} INFO - Sync 1 DAGs
[2025-09-07T00:05:03.202+0000] {logging_mixin.py:190} INFO - [2025-09-07T00:05:03.201+0000] {dag.py:4180} INFO - Setting next_dagrun for latest_only to 2025-09-06 20:00:00+00:00, run_after=2025-09-07 00:00:00+00:00
[2025-09-07T00:05:03.227+0000] {processor.py:208} INFO - Processing /home/airflow/.local/lib/python3.12/site-packages/airflow/example_dags/example_latest_only.py took 0.113 seconds
[2025-09-07T00:05:34.106+0000] {processor.py:186} INFO - Started process (PID=4645) to work on /home/airflow/.local/lib/python3.12/site-packages/airflow/example_dags/example_latest_only.py
[2025-09-07T00:05:34.107+0000] {processor.py:914} INFO - Processing file /home/airflow/.local/lib/python3.12/site-packages/airflow/example_dags/example_latest_only.py for tasks to queue
[2025-09-07T00:05:34.109+0000] {logging_mixin.py:190} INFO - [2025-09-07T00:05:34.109+0000] {dagbag.py:588} INFO - Filling up the DagBag from /home/airflow/.local/lib/python3.12/site-packages/airflow/example_dags/example_latest_only.py
[2025-09-07T00:05:34.127+0000] {processor.py:925} INFO - DAG(s) 'latest_only' retrieved from /home/airflow/.local/lib/python3.12/site-packages/airflow/example_dags/example_latest_only.py
[2025-09-07T00:05:34.155+0000] {logging_mixin.py:190} INFO - [2025-09-07T00:05:34.155+0000] {dag.py:3239} INFO - Sync 1 DAGs
[2025-09-07T00:05:34.193+0000] {logging_mixin.py:190} INFO - [2025-09-07T00:05:34.192+0000] {dag.py:4180} INFO - Setting next_dagrun for latest_only to 2025-09-06 20:00:00+00:00, run_after=2025-09-07 00:00:00+00:00
[2025-09-07T00:05:34.220+0000] {processor.py:208} INFO - Processing /home/airflow/.local/lib/python3.12/site-packages/airflow/example_dags/example_latest_only.py took 0.122 seconds
[2025-09-07T00:06:05.066+0000] {processor.py:186} INFO - Started process (PID=4711) to work on /home/airflow/.local/lib/python3.12/site-packages/airflow/example_dags/example_latest_only.py
[2025-09-07T00:06:05.067+0000] {processor.py:914} INFO - Processing file /home/airflow/.local/lib/python3.12/site-packages/airflow/example_dags/example_latest_only.py for tasks to queue
[2025-09-07T00:06:05.069+0000] {logging_mixin.py:190} INFO - [2025-09-07T00:06:05.069+0000] {dagbag.py:588} INFO - Filling up the DagBag from /home/airflow/.local/lib/python3.12/site-packages/airflow/example_dags/example_latest_only.py
[2025-09-07T00:06:05.084+0000] {processor.py:925} INFO - DAG(s) 'latest_only' retrieved from /home/airflow/.local/lib/python3.12/site-packages/airflow/example_dags/example_latest_only.py
[2025-09-07T00:06:05.112+0000] {logging_mixin.py:190} INFO - [2025-09-07T00:06:05.111+0000] {dag.py:3239} INFO - Sync 1 DAGs
[2025-09-07T00:06:05.144+0000] {logging_mixin.py:190} INFO - [2025-09-07T00:06:05.143+0000] {dag.py:4180} INFO - Setting next_dagrun for latest_only to 2025-09-06 20:00:00+00:00, run_after=2025-09-07 00:00:00+00:00
[2025-09-07T00:06:05.169+0000] {processor.py:208} INFO - Processing /home/airflow/.local/lib/python3.12/site-packages/airflow/example_dags/example_latest_only.py took 0.112 seconds
[2025-09-07T00:06:35.583+0000] {processor.py:186} INFO - Started process (PID=4777) to work on /home/airflow/.local/lib/python3.12/site-packages/airflow/example_dags/example_latest_only.py
[2025-09-07T00:06:35.585+0000] {processor.py:914} INFO - Processing file /home/airflow/.local/lib/python3.12/site-packages/airflow/example_dags/example_latest_only.py for tasks to queue
[2025-09-07T00:06:35.587+0000] {logging_mixin.py:190} INFO - [2025-09-07T00:06:35.586+0000] {dagbag.py:588} INFO - Filling up the DagBag from /home/airflow/.local/lib/python3.12/site-packages/airflow/example_dags/example_latest_only.py
[2025-09-07T00:06:35.603+0000] {processor.py:925} INFO - DAG(s) 'latest_only' retrieved from /home/airflow/.local/lib/python3.12/site-packages/airflow/example_dags/example_latest_only.py
[2025-09-07T00:06:35.630+0000] {logging_mixin.py:190} INFO - [2025-09-07T00:06:35.630+0000] {dag.py:3239} INFO - Sync 1 DAGs
[2025-09-07T00:06:35.662+0000] {logging_mixin.py:190} INFO - [2025-09-07T00:06:35.662+0000] {dag.py:4180} INFO - Setting next_dagrun for latest_only to 2025-09-06 20:00:00+00:00, run_after=2025-09-07 00:00:00+00:00
[2025-09-07T00:06:35.688+0000] {processor.py:208} INFO - Processing /home/airflow/.local/lib/python3.12/site-packages/airflow/example_dags/example_latest_only.py took 0.114 seconds
[2025-09-07T00:07:05.926+0000] {processor.py:186} INFO - Started process (PID=4842) to work on /home/airflow/.local/lib/python3.12/site-packages/airflow/example_dags/example_latest_only.py
[2025-09-07T00:07:05.928+0000] {processor.py:914} INFO - Processing file /home/airflow/.local/lib/python3.12/site-packages/airflow/example_dags/example_latest_only.py for tasks to queue
[2025-09-07T00:07:05.930+0000] {logging_mixin.py:190} INFO - [2025-09-07T00:07:05.930+0000] {dagbag.py:588} INFO - Filling up the DagBag from /home/airflow/.local/lib/python3.12/site-packages/airflow/example_dags/example_latest_only.py
[2025-09-07T00:07:05.945+0000] {processor.py:925} INFO - DAG(s) 'latest_only' retrieved from /home/airflow/.local/lib/python3.12/site-packages/airflow/example_dags/example_latest_only.py
[2025-09-07T00:07:05.976+0000] {logging_mixin.py:190} INFO - [2025-09-07T00:07:05.975+0000] {dag.py:3239} INFO - Sync 1 DAGs
[2025-09-07T00:07:06.006+0000] {logging_mixin.py:190} INFO - [2025-09-07T00:07:06.006+0000] {dag.py:4180} INFO - Setting next_dagrun for latest_only to 2025-09-06 20:00:00+00:00, run_after=2025-09-07 00:00:00+00:00
[2025-09-07T00:07:06.037+0000] {processor.py:208} INFO - Processing /home/airflow/.local/lib/python3.12/site-packages/airflow/example_dags/example_latest_only.py took 0.121 seconds
[2025-09-07T00:07:36.488+0000] {processor.py:186} INFO - Started process (PID=4901) to work on /home/airflow/.local/lib/python3.12/site-packages/airflow/example_dags/example_latest_only.py
[2025-09-07T00:07:36.490+0000] {processor.py:914} INFO - Processing file /home/airflow/.local/lib/python3.12/site-packages/airflow/example_dags/example_latest_only.py for tasks to queue
[2025-09-07T00:07:36.492+0000] {logging_mixin.py:190} INFO - [2025-09-07T00:07:36.492+0000] {dagbag.py:588} INFO - Filling up the DagBag from /home/airflow/.local/lib/python3.12/site-packages/airflow/example_dags/example_latest_only.py
[2025-09-07T00:07:36.506+0000] {processor.py:925} INFO - DAG(s) 'latest_only' retrieved from /home/airflow/.local/lib/python3.12/site-packages/airflow/example_dags/example_latest_only.py
[2025-09-07T00:07:36.534+0000] {logging_mixin.py:190} INFO - [2025-09-07T00:07:36.534+0000] {dag.py:3239} INFO - Sync 1 DAGs
[2025-09-07T00:07:36.568+0000] {logging_mixin.py:190} INFO - [2025-09-07T00:07:36.568+0000] {dag.py:4180} INFO - Setting next_dagrun for latest_only to 2025-09-06 20:00:00+00:00, run_after=2025-09-07 00:00:00+00:00
[2025-09-07T00:07:36.600+0000] {processor.py:208} INFO - Processing /home/airflow/.local/lib/python3.12/site-packages/airflow/example_dags/example_latest_only.py took 0.118 seconds
[2025-09-07T00:08:06.682+0000] {processor.py:186} INFO - Started process (PID=4964) to work on /home/airflow/.local/lib/python3.12/site-packages/airflow/example_dags/example_latest_only.py
[2025-09-07T00:08:06.684+0000] {processor.py:914} INFO - Processing file /home/airflow/.local/lib/python3.12/site-packages/airflow/example_dags/example_latest_only.py for tasks to queue
[2025-09-07T00:08:06.687+0000] {logging_mixin.py:190} INFO - [2025-09-07T00:08:06.686+0000] {dagbag.py:588} INFO - Filling up the DagBag from /home/airflow/.local/lib/python3.12/site-packages/airflow/example_dags/example_latest_only.py
[2025-09-07T00:08:06.700+0000] {processor.py:925} INFO - DAG(s) 'latest_only' retrieved from /home/airflow/.local/lib/python3.12/site-packages/airflow/example_dags/example_latest_only.py
[2025-09-07T00:08:06.729+0000] {logging_mixin.py:190} INFO - [2025-09-07T00:08:06.729+0000] {dag.py:3239} INFO - Sync 1 DAGs
[2025-09-07T00:08:06.754+0000] {logging_mixin.py:190} INFO - [2025-09-07T00:08:06.754+0000] {dag.py:4180} INFO - Setting next_dagrun for latest_only to 2025-09-06 20:00:00+00:00, run_after=2025-09-07 00:00:00+00:00
[2025-09-07T00:08:06.780+0000] {processor.py:208} INFO - Processing /home/airflow/.local/lib/python3.12/site-packages/airflow/example_dags/example_latest_only.py took 0.106 seconds
[2025-09-07T00:08:36.847+0000] {processor.py:186} INFO - Started process (PID=5028) to work on /home/airflow/.local/lib/python3.12/site-packages/airflow/example_dags/example_latest_only.py
[2025-09-07T00:08:36.848+0000] {processor.py:914} INFO - Processing file /home/airflow/.local/lib/python3.12/site-packages/airflow/example_dags/example_latest_only.py for tasks to queue
[2025-09-07T00:08:36.851+0000] {logging_mixin.py:190} INFO - [2025-09-07T00:08:36.850+0000] {dagbag.py:588} INFO - Filling up the DagBag from /home/airflow/.local/lib/python3.12/site-packages/airflow/example_dags/example_latest_only.py
[2025-09-07T00:08:36.864+0000] {processor.py:925} INFO - DAG(s) 'latest_only' retrieved from /home/airflow/.local/lib/python3.12/site-packages/airflow/example_dags/example_latest_only.py
[2025-09-07T00:08:36.888+0000] {logging_mixin.py:190} INFO - [2025-09-07T00:08:36.888+0000] {dag.py:3239} INFO - Sync 1 DAGs
[2025-09-07T00:08:36.914+0000] {logging_mixin.py:190} INFO - [2025-09-07T00:08:36.914+0000] {dag.py:4180} INFO - Setting next_dagrun for latest_only to 2025-09-06 20:00:00+00:00, run_after=2025-09-07 00:00:00+00:00
[2025-09-07T00:08:36.936+0000] {processor.py:208} INFO - Processing /home/airflow/.local/lib/python3.12/site-packages/airflow/example_dags/example_latest_only.py took 0.098 seconds
[2025-09-07T00:09:07.045+0000] {processor.py:186} INFO - Started process (PID=5094) to work on /home/airflow/.local/lib/python3.12/site-packages/airflow/example_dags/example_latest_only.py
[2025-09-07T00:09:07.046+0000] {processor.py:914} INFO - Processing file /home/airflow/.local/lib/python3.12/site-packages/airflow/example_dags/example_latest_only.py for tasks to queue
[2025-09-07T00:09:07.048+0000] {logging_mixin.py:190} INFO - [2025-09-07T00:09:07.048+0000] {dagbag.py:588} INFO - Filling up the DagBag from /home/airflow/.local/lib/python3.12/site-packages/airflow/example_dags/example_latest_only.py
[2025-09-07T00:09:07.060+0000] {processor.py:925} INFO - DAG(s) 'latest_only' retrieved from /home/airflow/.local/lib/python3.12/site-packages/airflow/example_dags/example_latest_only.py
[2025-09-07T00:09:07.082+0000] {logging_mixin.py:190} INFO - [2025-09-07T00:09:07.081+0000] {dag.py:3239} INFO - Sync 1 DAGs
[2025-09-07T00:09:07.104+0000] {logging_mixin.py:190} INFO - [2025-09-07T00:09:07.104+0000] {dag.py:4180} INFO - Setting next_dagrun for latest_only to 2025-09-06 20:00:00+00:00, run_after=2025-09-07 00:00:00+00:00
[2025-09-07T00:09:07.125+0000] {processor.py:208} INFO - Processing /home/airflow/.local/lib/python3.12/site-packages/airflow/example_dags/example_latest_only.py took 0.089 seconds
[2025-09-07T00:09:37.725+0000] {processor.py:186} INFO - Started process (PID=5160) to work on /home/airflow/.local/lib/python3.12/site-packages/airflow/example_dags/example_latest_only.py
[2025-09-07T00:09:37.727+0000] {processor.py:914} INFO - Processing file /home/airflow/.local/lib/python3.12/site-packages/airflow/example_dags/example_latest_only.py for tasks to queue
[2025-09-07T00:09:37.728+0000] {logging_mixin.py:190} INFO - [2025-09-07T00:09:37.728+0000] {dagbag.py:588} INFO - Filling up the DagBag from /home/airflow/.local/lib/python3.12/site-packages/airflow/example_dags/example_latest_only.py
[2025-09-07T00:09:37.738+0000] {processor.py:925} INFO - DAG(s) 'latest_only' retrieved from /home/airflow/.local/lib/python3.12/site-packages/airflow/example_dags/example_latest_only.py
[2025-09-07T00:09:37.766+0000] {logging_mixin.py:190} INFO - [2025-09-07T00:09:37.765+0000] {dag.py:3239} INFO - Sync 1 DAGs
[2025-09-07T00:09:37.799+0000] {logging_mixin.py:190} INFO - [2025-09-07T00:09:37.799+0000] {dag.py:4180} INFO - Setting next_dagrun for latest_only to 2025-09-06 20:00:00+00:00, run_after=2025-09-07 00:00:00+00:00
[2025-09-07T00:09:37.825+0000] {processor.py:208} INFO - Processing /home/airflow/.local/lib/python3.12/site-packages/airflow/example_dags/example_latest_only.py took 0.108 seconds
[2025-09-07T00:10:07.977+0000] {processor.py:186} INFO - Started process (PID=5226) to work on /home/airflow/.local/lib/python3.12/site-packages/airflow/example_dags/example_latest_only.py
[2025-09-07T00:10:07.979+0000] {processor.py:914} INFO - Processing file /home/airflow/.local/lib/python3.12/site-packages/airflow/example_dags/example_latest_only.py for tasks to queue
[2025-09-07T00:10:07.982+0000] {logging_mixin.py:190} INFO - [2025-09-07T00:10:07.982+0000] {dagbag.py:588} INFO - Filling up the DagBag from /home/airflow/.local/lib/python3.12/site-packages/airflow/example_dags/example_latest_only.py
[2025-09-07T00:10:07.994+0000] {processor.py:925} INFO - DAG(s) 'latest_only' retrieved from /home/airflow/.local/lib/python3.12/site-packages/airflow/example_dags/example_latest_only.py
[2025-09-07T00:10:08.021+0000] {logging_mixin.py:190} INFO - [2025-09-07T00:10:08.021+0000] {dag.py:3239} INFO - Sync 1 DAGs
[2025-09-07T00:10:08.057+0000] {logging_mixin.py:190} INFO - [2025-09-07T00:10:08.056+0000] {dag.py:4180} INFO - Setting next_dagrun for latest_only to 2025-09-06 20:00:00+00:00, run_after=2025-09-07 00:00:00+00:00
[2025-09-07T00:10:08.087+0000] {processor.py:208} INFO - Processing /home/airflow/.local/lib/python3.12/site-packages/airflow/example_dags/example_latest_only.py took 0.119 seconds
[2025-09-07T00:10:38.702+0000] {processor.py:186} INFO - Started process (PID=5292) to work on /home/airflow/.local/lib/python3.12/site-packages/airflow/example_dags/example_latest_only.py
[2025-09-07T00:10:38.703+0000] {processor.py:914} INFO - Processing file /home/airflow/.local/lib/python3.12/site-packages/airflow/example_dags/example_latest_only.py for tasks to queue
[2025-09-07T00:10:38.706+0000] {logging_mixin.py:190} INFO - [2025-09-07T00:10:38.705+0000] {dagbag.py:588} INFO - Filling up the DagBag from /home/airflow/.local/lib/python3.12/site-packages/airflow/example_dags/example_latest_only.py
[2025-09-07T00:10:38.718+0000] {processor.py:925} INFO - DAG(s) 'latest_only' retrieved from /home/airflow/.local/lib/python3.12/site-packages/airflow/example_dags/example_latest_only.py
[2025-09-07T00:10:38.742+0000] {logging_mixin.py:190} INFO - [2025-09-07T00:10:38.742+0000] {dag.py:3239} INFO - Sync 1 DAGs
[2025-09-07T00:10:38.779+0000] {logging_mixin.py:190} INFO - [2025-09-07T00:10:38.778+0000] {dag.py:4180} INFO - Setting next_dagrun for latest_only to 2025-09-06 20:00:00+00:00, run_after=2025-09-07 00:00:00+00:00
[2025-09-07T00:10:38.804+0000] {processor.py:208} INFO - Processing /home/airflow/.local/lib/python3.12/site-packages/airflow/example_dags/example_latest_only.py took 0.111 seconds
[2025-09-07T00:11:08.950+0000] {processor.py:186} INFO - Started process (PID=5358) to work on /home/airflow/.local/lib/python3.12/site-packages/airflow/example_dags/example_latest_only.py
[2025-09-07T00:11:08.951+0000] {processor.py:914} INFO - Processing file /home/airflow/.local/lib/python3.12/site-packages/airflow/example_dags/example_latest_only.py for tasks to queue
[2025-09-07T00:11:08.954+0000] {logging_mixin.py:190} INFO - [2025-09-07T00:11:08.954+0000] {dagbag.py:588} INFO - Filling up the DagBag from /home/airflow/.local/lib/python3.12/site-packages/airflow/example_dags/example_latest_only.py
[2025-09-07T00:11:08.967+0000] {processor.py:925} INFO - DAG(s) 'latest_only' retrieved from /home/airflow/.local/lib/python3.12/site-packages/airflow/example_dags/example_latest_only.py
[2025-09-07T00:11:09.003+0000] {logging_mixin.py:190} INFO - [2025-09-07T00:11:09.002+0000] {dag.py:3239} INFO - Sync 1 DAGs
[2025-09-07T00:11:09.041+0000] {logging_mixin.py:190} INFO - [2025-09-07T00:11:09.040+0000] {dag.py:4180} INFO - Setting next_dagrun for latest_only to 2025-09-06 20:00:00+00:00, run_after=2025-09-07 00:00:00+00:00
[2025-09-07T00:11:09.066+0000] {processor.py:208} INFO - Processing /home/airflow/.local/lib/python3.12/site-packages/airflow/example_dags/example_latest_only.py took 0.125 seconds
[2025-09-07T00:11:39.673+0000] {processor.py:186} INFO - Started process (PID=5424) to work on /home/airflow/.local/lib/python3.12/site-packages/airflow/example_dags/example_latest_only.py
[2025-09-07T00:11:39.674+0000] {processor.py:914} INFO - Processing file /home/airflow/.local/lib/python3.12/site-packages/airflow/example_dags/example_latest_only.py for tasks to queue
[2025-09-07T00:11:39.676+0000] {logging_mixin.py:190} INFO - [2025-09-07T00:11:39.675+0000] {dagbag.py:588} INFO - Filling up the DagBag from /home/airflow/.local/lib/python3.12/site-packages/airflow/example_dags/example_latest_only.py
[2025-09-07T00:11:39.688+0000] {processor.py:925} INFO - DAG(s) 'latest_only' retrieved from /home/airflow/.local/lib/python3.12/site-packages/airflow/example_dags/example_latest_only.py
[2025-09-07T00:11:39.723+0000] {logging_mixin.py:190} INFO - [2025-09-07T00:11:39.722+0000] {dag.py:3239} INFO - Sync 1 DAGs
[2025-09-07T00:11:39.765+0000] {logging_mixin.py:190} INFO - [2025-09-07T00:11:39.764+0000] {dag.py:4180} INFO - Setting next_dagrun for latest_only to 2025-09-06 20:00:00+00:00, run_after=2025-09-07 00:00:00+00:00
[2025-09-07T00:11:39.796+0000] {processor.py:208} INFO - Processing /home/airflow/.local/lib/python3.12/site-packages/airflow/example_dags/example_latest_only.py took 0.131 seconds
[2025-09-07T00:12:09.879+0000] {processor.py:186} INFO - Started process (PID=5490) to work on /home/airflow/.local/lib/python3.12/site-packages/airflow/example_dags/example_latest_only.py
[2025-09-07T00:12:09.882+0000] {processor.py:914} INFO - Processing file /home/airflow/.local/lib/python3.12/site-packages/airflow/example_dags/example_latest_only.py for tasks to queue
[2025-09-07T00:12:09.884+0000] {logging_mixin.py:190} INFO - [2025-09-07T00:12:09.884+0000] {dagbag.py:588} INFO - Filling up the DagBag from /home/airflow/.local/lib/python3.12/site-packages/airflow/example_dags/example_latest_only.py
[2025-09-07T00:12:09.898+0000] {processor.py:925} INFO - DAG(s) 'latest_only' retrieved from /home/airflow/.local/lib/python3.12/site-packages/airflow/example_dags/example_latest_only.py
[2025-09-07T00:12:09.922+0000] {logging_mixin.py:190} INFO - [2025-09-07T00:12:09.922+0000] {dag.py:3239} INFO - Sync 1 DAGs
[2025-09-07T00:12:09.950+0000] {logging_mixin.py:190} INFO - [2025-09-07T00:12:09.949+0000] {dag.py:4180} INFO - Setting next_dagrun for latest_only to 2025-09-06 20:00:00+00:00, run_after=2025-09-07 00:00:00+00:00
[2025-09-07T00:12:09.974+0000] {processor.py:208} INFO - Processing /home/airflow/.local/lib/python3.12/site-packages/airflow/example_dags/example_latest_only.py took 0.103 seconds
[2025-09-07T00:12:40.058+0000] {processor.py:186} INFO - Started process (PID=5555) to work on /home/airflow/.local/lib/python3.12/site-packages/airflow/example_dags/example_latest_only.py
[2025-09-07T00:12:40.061+0000] {processor.py:914} INFO - Processing file /home/airflow/.local/lib/python3.12/site-packages/airflow/example_dags/example_latest_only.py for tasks to queue
[2025-09-07T00:12:40.064+0000] {logging_mixin.py:190} INFO - [2025-09-07T00:12:40.063+0000] {dagbag.py:588} INFO - Filling up the DagBag from /home/airflow/.local/lib/python3.12/site-packages/airflow/example_dags/example_latest_only.py
[2025-09-07T00:12:40.076+0000] {processor.py:925} INFO - DAG(s) 'latest_only' retrieved from /home/airflow/.local/lib/python3.12/site-packages/airflow/example_dags/example_latest_only.py
[2025-09-07T00:12:40.107+0000] {logging_mixin.py:190} INFO - [2025-09-07T00:12:40.107+0000] {dag.py:3239} INFO - Sync 1 DAGs
[2025-09-07T00:12:40.142+0000] {logging_mixin.py:190} INFO - [2025-09-07T00:12:40.141+0000] {dag.py:4180} INFO - Setting next_dagrun for latest_only to 2025-09-06 20:00:00+00:00, run_after=2025-09-07 00:00:00+00:00
[2025-09-07T00:12:40.168+0000] {processor.py:208} INFO - Processing /home/airflow/.local/lib/python3.12/site-packages/airflow/example_dags/example_latest_only.py took 0.117 seconds
[2025-09-07T00:13:11.224+0000] {processor.py:186} INFO - Started process (PID=5621) to work on /home/airflow/.local/lib/python3.12/site-packages/airflow/example_dags/example_latest_only.py
[2025-09-07T00:13:11.227+0000] {processor.py:914} INFO - Processing file /home/airflow/.local/lib/python3.12/site-packages/airflow/example_dags/example_latest_only.py for tasks to queue
[2025-09-07T00:13:11.230+0000] {logging_mixin.py:190} INFO - [2025-09-07T00:13:11.229+0000] {dagbag.py:588} INFO - Filling up the DagBag from /home/airflow/.local/lib/python3.12/site-packages/airflow/example_dags/example_latest_only.py
[2025-09-07T00:13:11.246+0000] {processor.py:925} INFO - DAG(s) 'latest_only' retrieved from /home/airflow/.local/lib/python3.12/site-packages/airflow/example_dags/example_latest_only.py
[2025-09-07T00:13:11.281+0000] {logging_mixin.py:190} INFO - [2025-09-07T00:13:11.280+0000] {dag.py:3239} INFO - Sync 1 DAGs
[2025-09-07T00:13:11.319+0000] {logging_mixin.py:190} INFO - [2025-09-07T00:13:11.319+0000] {dag.py:4180} INFO - Setting next_dagrun for latest_only to 2025-09-06 20:00:00+00:00, run_after=2025-09-07 00:00:00+00:00
[2025-09-07T00:13:11.347+0000] {processor.py:208} INFO - Processing /home/airflow/.local/lib/python3.12/site-packages/airflow/example_dags/example_latest_only.py took 0.132 seconds
[2025-09-07T00:13:42.379+0000] {processor.py:186} INFO - Started process (PID=5687) to work on /home/airflow/.local/lib/python3.12/site-packages/airflow/example_dags/example_latest_only.py
[2025-09-07T00:13:42.381+0000] {processor.py:914} INFO - Processing file /home/airflow/.local/lib/python3.12/site-packages/airflow/example_dags/example_latest_only.py for tasks to queue
[2025-09-07T00:13:42.384+0000] {logging_mixin.py:190} INFO - [2025-09-07T00:13:42.383+0000] {dagbag.py:588} INFO - Filling up the DagBag from /home/airflow/.local/lib/python3.12/site-packages/airflow/example_dags/example_latest_only.py
[2025-09-07T00:13:42.396+0000] {processor.py:925} INFO - DAG(s) 'latest_only' retrieved from /home/airflow/.local/lib/python3.12/site-packages/airflow/example_dags/example_latest_only.py
[2025-09-07T00:13:42.434+0000] {logging_mixin.py:190} INFO - [2025-09-07T00:13:42.433+0000] {dag.py:3239} INFO - Sync 1 DAGs
[2025-09-07T00:13:42.727+0000] {logging_mixin.py:190} INFO - [2025-09-07T00:13:42.727+0000] {dag.py:4180} INFO - Setting next_dagrun for latest_only to 2025-09-06 20:00:00+00:00, run_after=2025-09-07 00:00:00+00:00
[2025-09-07T00:13:42.753+0000] {processor.py:208} INFO - Processing /home/airflow/.local/lib/python3.12/site-packages/airflow/example_dags/example_latest_only.py took 0.384 seconds
[2025-09-07T00:14:13.502+0000] {processor.py:186} INFO - Started process (PID=5753) to work on /home/airflow/.local/lib/python3.12/site-packages/airflow/example_dags/example_latest_only.py
[2025-09-07T00:14:13.504+0000] {processor.py:914} INFO - Processing file /home/airflow/.local/lib/python3.12/site-packages/airflow/example_dags/example_latest_only.py for tasks to queue
[2025-09-07T00:14:13.506+0000] {logging_mixin.py:190} INFO - [2025-09-07T00:14:13.506+0000] {dagbag.py:588} INFO - Filling up the DagBag from /home/airflow/.local/lib/python3.12/site-packages/airflow/example_dags/example_latest_only.py
[2025-09-07T00:14:13.520+0000] {processor.py:925} INFO - DAG(s) 'latest_only' retrieved from /home/airflow/.local/lib/python3.12/site-packages/airflow/example_dags/example_latest_only.py
[2025-09-07T00:14:13.547+0000] {logging_mixin.py:190} INFO - [2025-09-07T00:14:13.546+0000] {dag.py:3239} INFO - Sync 1 DAGs
[2025-09-07T00:14:13.578+0000] {logging_mixin.py:190} INFO - [2025-09-07T00:14:13.577+0000] {dag.py:4180} INFO - Setting next_dagrun for latest_only to 2025-09-06 20:00:00+00:00, run_after=2025-09-07 00:00:00+00:00
[2025-09-07T00:14:13.804+0000] {processor.py:208} INFO - Processing /home/airflow/.local/lib/python3.12/site-packages/airflow/example_dags/example_latest_only.py took 0.312 seconds
[2025-09-07T00:14:44.136+0000] {processor.py:186} INFO - Started process (PID=5819) to work on /home/airflow/.local/lib/python3.12/site-packages/airflow/example_dags/example_latest_only.py
[2025-09-07T00:14:44.138+0000] {processor.py:914} INFO - Processing file /home/airflow/.local/lib/python3.12/site-packages/airflow/example_dags/example_latest_only.py for tasks to queue
[2025-09-07T00:14:44.139+0000] {logging_mixin.py:190} INFO - [2025-09-07T00:14:44.139+0000] {dagbag.py:588} INFO - Filling up the DagBag from /home/airflow/.local/lib/python3.12/site-packages/airflow/example_dags/example_latest_only.py
[2025-09-07T00:14:44.147+0000] {processor.py:925} INFO - DAG(s) 'latest_only' retrieved from /home/airflow/.local/lib/python3.12/site-packages/airflow/example_dags/example_latest_only.py
[2025-09-07T00:14:44.172+0000] {logging_mixin.py:190} INFO - [2025-09-07T00:14:44.171+0000] {dag.py:3239} INFO - Sync 1 DAGs
[2025-09-07T00:14:44.206+0000] {logging_mixin.py:190} INFO - [2025-09-07T00:14:44.206+0000] {dag.py:4180} INFO - Setting next_dagrun for latest_only to 2025-09-06 20:00:00+00:00, run_after=2025-09-07 00:00:00+00:00
[2025-09-07T00:14:44.234+0000] {processor.py:208} INFO - Processing /home/airflow/.local/lib/python3.12/site-packages/airflow/example_dags/example_latest_only.py took 0.102 seconds
[2025-09-07T00:15:14.341+0000] {processor.py:186} INFO - Started process (PID=5885) to work on /home/airflow/.local/lib/python3.12/site-packages/airflow/example_dags/example_latest_only.py
[2025-09-07T00:15:14.343+0000] {processor.py:914} INFO - Processing file /home/airflow/.local/lib/python3.12/site-packages/airflow/example_dags/example_latest_only.py for tasks to queue
[2025-09-07T00:15:14.345+0000] {logging_mixin.py:190} INFO - [2025-09-07T00:15:14.344+0000] {dagbag.py:588} INFO - Filling up the DagBag from /home/airflow/.local/lib/python3.12/site-packages/airflow/example_dags/example_latest_only.py
[2025-09-07T00:15:14.360+0000] {processor.py:925} INFO - DAG(s) 'latest_only' retrieved from /home/airflow/.local/lib/python3.12/site-packages/airflow/example_dags/example_latest_only.py
[2025-09-07T00:15:14.402+0000] {logging_mixin.py:190} INFO - [2025-09-07T00:15:14.401+0000] {dag.py:3239} INFO - Sync 1 DAGs
[2025-09-07T00:15:14.441+0000] {logging_mixin.py:190} INFO - [2025-09-07T00:15:14.441+0000] {dag.py:4180} INFO - Setting next_dagrun for latest_only to 2025-09-06 20:00:00+00:00, run_after=2025-09-07 00:00:00+00:00
[2025-09-07T00:15:14.464+0000] {processor.py:208} INFO - Processing /home/airflow/.local/lib/python3.12/site-packages/airflow/example_dags/example_latest_only.py took 0.132 seconds
[2025-09-07T00:15:44.958+0000] {processor.py:186} INFO - Started process (PID=5950) to work on /home/airflow/.local/lib/python3.12/site-packages/airflow/example_dags/example_latest_only.py
[2025-09-07T00:15:44.960+0000] {processor.py:914} INFO - Processing file /home/airflow/.local/lib/python3.12/site-packages/airflow/example_dags/example_latest_only.py for tasks to queue
[2025-09-07T00:15:44.965+0000] {logging_mixin.py:190} INFO - [2025-09-07T00:15:44.964+0000] {dagbag.py:588} INFO - Filling up the DagBag from /home/airflow/.local/lib/python3.12/site-packages/airflow/example_dags/example_latest_only.py
[2025-09-07T00:15:44.984+0000] {processor.py:925} INFO - DAG(s) 'latest_only' retrieved from /home/airflow/.local/lib/python3.12/site-packages/airflow/example_dags/example_latest_only.py
[2025-09-07T00:15:45.018+0000] {logging_mixin.py:190} INFO - [2025-09-07T00:15:45.018+0000] {dag.py:3239} INFO - Sync 1 DAGs
[2025-09-07T00:15:45.055+0000] {logging_mixin.py:190} INFO - [2025-09-07T00:15:45.055+0000] {dag.py:4180} INFO - Setting next_dagrun for latest_only to 2025-09-06 20:00:00+00:00, run_after=2025-09-07 00:00:00+00:00
[2025-09-07T00:15:45.082+0000] {processor.py:208} INFO - Processing /home/airflow/.local/lib/python3.12/site-packages/airflow/example_dags/example_latest_only.py took 0.133 seconds
[2025-09-07T00:16:15.690+0000] {processor.py:186} INFO - Started process (PID=6012) to work on /home/airflow/.local/lib/python3.12/site-packages/airflow/example_dags/example_latest_only.py
[2025-09-07T00:16:15.691+0000] {processor.py:914} INFO - Processing file /home/airflow/.local/lib/python3.12/site-packages/airflow/example_dags/example_latest_only.py for tasks to queue
[2025-09-07T00:16:15.694+0000] {logging_mixin.py:190} INFO - [2025-09-07T00:16:15.693+0000] {dagbag.py:588} INFO - Filling up the DagBag from /home/airflow/.local/lib/python3.12/site-packages/airflow/example_dags/example_latest_only.py
[2025-09-07T00:16:15.708+0000] {processor.py:925} INFO - DAG(s) 'latest_only' retrieved from /home/airflow/.local/lib/python3.12/site-packages/airflow/example_dags/example_latest_only.py
[2025-09-07T00:16:15.738+0000] {logging_mixin.py:190} INFO - [2025-09-07T00:16:15.737+0000] {dag.py:3239} INFO - Sync 1 DAGs
[2025-09-07T00:16:15.782+0000] {logging_mixin.py:190} INFO - [2025-09-07T00:16:15.782+0000] {dag.py:4180} INFO - Setting next_dagrun for latest_only to 2025-09-06 20:00:00+00:00, run_after=2025-09-07 00:00:00+00:00
[2025-09-07T00:16:15.825+0000] {processor.py:208} INFO - Processing /home/airflow/.local/lib/python3.12/site-packages/airflow/example_dags/example_latest_only.py took 0.146 seconds
[2025-09-07T00:16:46.191+0000] {processor.py:186} INFO - Started process (PID=6075) to work on /home/airflow/.local/lib/python3.12/site-packages/airflow/example_dags/example_latest_only.py
[2025-09-07T00:16:46.193+0000] {processor.py:914} INFO - Processing file /home/airflow/.local/lib/python3.12/site-packages/airflow/example_dags/example_latest_only.py for tasks to queue
[2025-09-07T00:16:46.196+0000] {logging_mixin.py:190} INFO - [2025-09-07T00:16:46.196+0000] {dagbag.py:588} INFO - Filling up the DagBag from /home/airflow/.local/lib/python3.12/site-packages/airflow/example_dags/example_latest_only.py
[2025-09-07T00:16:46.209+0000] {processor.py:925} INFO - DAG(s) 'latest_only' retrieved from /home/airflow/.local/lib/python3.12/site-packages/airflow/example_dags/example_latest_only.py
[2025-09-07T00:16:46.231+0000] {logging_mixin.py:190} INFO - [2025-09-07T00:16:46.231+0000] {dag.py:3239} INFO - Sync 1 DAGs
[2025-09-07T00:16:46.265+0000] {logging_mixin.py:190} INFO - [2025-09-07T00:16:46.265+0000] {dag.py:4180} INFO - Setting next_dagrun for latest_only to 2025-09-06 20:00:00+00:00, run_after=2025-09-07 00:00:00+00:00
[2025-09-07T00:16:46.286+0000] {processor.py:208} INFO - Processing /home/airflow/.local/lib/python3.12/site-packages/airflow/example_dags/example_latest_only.py took 0.104 seconds
[2025-09-07T00:17:16.850+0000] {processor.py:186} INFO - Started process (PID=6140) to work on /home/airflow/.local/lib/python3.12/site-packages/airflow/example_dags/example_latest_only.py
[2025-09-07T00:17:16.851+0000] {processor.py:914} INFO - Processing file /home/airflow/.local/lib/python3.12/site-packages/airflow/example_dags/example_latest_only.py for tasks to queue
[2025-09-07T00:17:16.854+0000] {logging_mixin.py:190} INFO - [2025-09-07T00:17:16.853+0000] {dagbag.py:588} INFO - Filling up the DagBag from /home/airflow/.local/lib/python3.12/site-packages/airflow/example_dags/example_latest_only.py
[2025-09-07T00:17:16.866+0000] {processor.py:925} INFO - DAG(s) 'latest_only' retrieved from /home/airflow/.local/lib/python3.12/site-packages/airflow/example_dags/example_latest_only.py
[2025-09-07T00:17:16.893+0000] {logging_mixin.py:190} INFO - [2025-09-07T00:17:16.892+0000] {dag.py:3239} INFO - Sync 1 DAGs
[2025-09-07T00:17:16.928+0000] {logging_mixin.py:190} INFO - [2025-09-07T00:17:16.928+0000] {dag.py:4180} INFO - Setting next_dagrun for latest_only to 2025-09-06 20:00:00+00:00, run_after=2025-09-07 00:00:00+00:00
[2025-09-07T00:17:16.953+0000] {processor.py:208} INFO - Processing /home/airflow/.local/lib/python3.12/site-packages/airflow/example_dags/example_latest_only.py took 0.113 seconds
[2025-09-07T00:17:47.498+0000] {processor.py:186} INFO - Started process (PID=6206) to work on /home/airflow/.local/lib/python3.12/site-packages/airflow/example_dags/example_latest_only.py
[2025-09-07T00:17:47.500+0000] {processor.py:914} INFO - Processing file /home/airflow/.local/lib/python3.12/site-packages/airflow/example_dags/example_latest_only.py for tasks to queue
[2025-09-07T00:17:47.503+0000] {logging_mixin.py:190} INFO - [2025-09-07T00:17:47.502+0000] {dagbag.py:588} INFO - Filling up the DagBag from /home/airflow/.local/lib/python3.12/site-packages/airflow/example_dags/example_latest_only.py
[2025-09-07T00:17:47.517+0000] {processor.py:925} INFO - DAG(s) 'latest_only' retrieved from /home/airflow/.local/lib/python3.12/site-packages/airflow/example_dags/example_latest_only.py
[2025-09-07T00:17:47.547+0000] {logging_mixin.py:190} INFO - [2025-09-07T00:17:47.547+0000] {dag.py:3239} INFO - Sync 1 DAGs
[2025-09-07T00:17:47.578+0000] {logging_mixin.py:190} INFO - [2025-09-07T00:17:47.578+0000] {dag.py:4180} INFO - Setting next_dagrun for latest_only to 2025-09-06 20:00:00+00:00, run_after=2025-09-07 00:00:00+00:00
[2025-09-07T00:17:47.602+0000] {processor.py:208} INFO - Processing /home/airflow/.local/lib/python3.12/site-packages/airflow/example_dags/example_latest_only.py took 0.113 seconds
[2025-09-07T00:18:18.254+0000] {processor.py:186} INFO - Started process (PID=6272) to work on /home/airflow/.local/lib/python3.12/site-packages/airflow/example_dags/example_latest_only.py
[2025-09-07T00:18:18.255+0000] {processor.py:914} INFO - Processing file /home/airflow/.local/lib/python3.12/site-packages/airflow/example_dags/example_latest_only.py for tasks to queue
[2025-09-07T00:18:18.258+0000] {logging_mixin.py:190} INFO - [2025-09-07T00:18:18.257+0000] {dagbag.py:588} INFO - Filling up the DagBag from /home/airflow/.local/lib/python3.12/site-packages/airflow/example_dags/example_latest_only.py
[2025-09-07T00:18:18.271+0000] {processor.py:925} INFO - DAG(s) 'latest_only' retrieved from /home/airflow/.local/lib/python3.12/site-packages/airflow/example_dags/example_latest_only.py
[2025-09-07T00:18:18.303+0000] {logging_mixin.py:190} INFO - [2025-09-07T00:18:18.303+0000] {dag.py:3239} INFO - Sync 1 DAGs
[2025-09-07T00:18:18.341+0000] {logging_mixin.py:190} INFO - [2025-09-07T00:18:18.340+0000] {dag.py:4180} INFO - Setting next_dagrun for latest_only to 2025-09-06 20:00:00+00:00, run_after=2025-09-07 00:00:00+00:00
[2025-09-07T00:18:18.368+0000] {processor.py:208} INFO - Processing /home/airflow/.local/lib/python3.12/site-packages/airflow/example_dags/example_latest_only.py took 0.121 seconds
[2025-09-07T00:18:49.061+0000] {processor.py:186} INFO - Started process (PID=6338) to work on /home/airflow/.local/lib/python3.12/site-packages/airflow/example_dags/example_latest_only.py
[2025-09-07T00:18:49.062+0000] {processor.py:914} INFO - Processing file /home/airflow/.local/lib/python3.12/site-packages/airflow/example_dags/example_latest_only.py for tasks to queue
[2025-09-07T00:18:49.064+0000] {logging_mixin.py:190} INFO - [2025-09-07T00:18:49.063+0000] {dagbag.py:588} INFO - Filling up the DagBag from /home/airflow/.local/lib/python3.12/site-packages/airflow/example_dags/example_latest_only.py
[2025-09-07T00:18:49.078+0000] {processor.py:925} INFO - DAG(s) 'latest_only' retrieved from /home/airflow/.local/lib/python3.12/site-packages/airflow/example_dags/example_latest_only.py
[2025-09-07T00:18:49.105+0000] {logging_mixin.py:190} INFO - [2025-09-07T00:18:49.105+0000] {dag.py:3239} INFO - Sync 1 DAGs
[2025-09-07T00:18:49.137+0000] {logging_mixin.py:190} INFO - [2025-09-07T00:18:49.136+0000] {dag.py:4180} INFO - Setting next_dagrun for latest_only to 2025-09-06 20:00:00+00:00, run_after=2025-09-07 00:00:00+00:00
[2025-09-07T00:18:49.161+0000] {processor.py:208} INFO - Processing /home/airflow/.local/lib/python3.12/site-packages/airflow/example_dags/example_latest_only.py took 0.106 seconds
[2025-09-07T00:19:19.645+0000] {processor.py:186} INFO - Started process (PID=6403) to work on /home/airflow/.local/lib/python3.12/site-packages/airflow/example_dags/example_latest_only.py
[2025-09-07T00:19:19.647+0000] {processor.py:914} INFO - Processing file /home/airflow/.local/lib/python3.12/site-packages/airflow/example_dags/example_latest_only.py for tasks to queue
[2025-09-07T00:19:19.649+0000] {logging_mixin.py:190} INFO - [2025-09-07T00:19:19.649+0000] {dagbag.py:588} INFO - Filling up the DagBag from /home/airflow/.local/lib/python3.12/site-packages/airflow/example_dags/example_latest_only.py
[2025-09-07T00:19:19.664+0000] {processor.py:925} INFO - DAG(s) 'latest_only' retrieved from /home/airflow/.local/lib/python3.12/site-packages/airflow/example_dags/example_latest_only.py
[2025-09-07T00:19:19.686+0000] {logging_mixin.py:190} INFO - [2025-09-07T00:19:19.686+0000] {dag.py:3239} INFO - Sync 1 DAGs
[2025-09-07T00:19:19.712+0000] {logging_mixin.py:190} INFO - [2025-09-07T00:19:19.712+0000] {dag.py:4180} INFO - Setting next_dagrun for latest_only to 2025-09-06 20:00:00+00:00, run_after=2025-09-07 00:00:00+00:00
[2025-09-07T00:19:19.736+0000] {processor.py:208} INFO - Processing /home/airflow/.local/lib/python3.12/site-packages/airflow/example_dags/example_latest_only.py took 0.100 seconds
[2025-09-07T00:19:50.496+0000] {processor.py:186} INFO - Started process (PID=6469) to work on /home/airflow/.local/lib/python3.12/site-packages/airflow/example_dags/example_latest_only.py
[2025-09-07T00:19:50.498+0000] {processor.py:914} INFO - Processing file /home/airflow/.local/lib/python3.12/site-packages/airflow/example_dags/example_latest_only.py for tasks to queue
[2025-09-07T00:19:50.507+0000] {logging_mixin.py:190} INFO - [2025-09-07T00:19:50.505+0000] {dagbag.py:588} INFO - Filling up the DagBag from /home/airflow/.local/lib/python3.12/site-packages/airflow/example_dags/example_latest_only.py
[2025-09-07T00:19:50.522+0000] {processor.py:925} INFO - DAG(s) 'latest_only' retrieved from /home/airflow/.local/lib/python3.12/site-packages/airflow/example_dags/example_latest_only.py
[2025-09-07T00:19:50.545+0000] {logging_mixin.py:190} INFO - [2025-09-07T00:19:50.545+0000] {dag.py:3239} INFO - Sync 1 DAGs
[2025-09-07T00:19:50.570+0000] {logging_mixin.py:190} INFO - [2025-09-07T00:19:50.569+0000] {dag.py:4180} INFO - Setting next_dagrun for latest_only to 2025-09-06 20:00:00+00:00, run_after=2025-09-07 00:00:00+00:00
[2025-09-07T00:19:50.594+0000] {processor.py:208} INFO - Processing /home/airflow/.local/lib/python3.12/site-packages/airflow/example_dags/example_latest_only.py took 0.106 seconds
[2025-09-07T00:20:21.250+0000] {processor.py:186} INFO - Started process (PID=6535) to work on /home/airflow/.local/lib/python3.12/site-packages/airflow/example_dags/example_latest_only.py
[2025-09-07T00:20:21.252+0000] {processor.py:914} INFO - Processing file /home/airflow/.local/lib/python3.12/site-packages/airflow/example_dags/example_latest_only.py for tasks to queue
[2025-09-07T00:20:21.255+0000] {logging_mixin.py:190} INFO - [2025-09-07T00:20:21.254+0000] {dagbag.py:588} INFO - Filling up the DagBag from /home/airflow/.local/lib/python3.12/site-packages/airflow/example_dags/example_latest_only.py
[2025-09-07T00:20:21.271+0000] {processor.py:925} INFO - DAG(s) 'latest_only' retrieved from /home/airflow/.local/lib/python3.12/site-packages/airflow/example_dags/example_latest_only.py
[2025-09-07T00:20:21.298+0000] {logging_mixin.py:190} INFO - [2025-09-07T00:20:21.298+0000] {dag.py:3239} INFO - Sync 1 DAGs
[2025-09-07T00:20:21.331+0000] {logging_mixin.py:190} INFO - [2025-09-07T00:20:21.331+0000] {dag.py:4180} INFO - Setting next_dagrun for latest_only to 2025-09-06 20:00:00+00:00, run_after=2025-09-07 00:00:00+00:00
[2025-09-07T00:20:21.368+0000] {processor.py:208} INFO - Processing /home/airflow/.local/lib/python3.12/site-packages/airflow/example_dags/example_latest_only.py took 0.129 seconds
