[2025-09-07T00:00:01.257+0000] {processor.py:186} INFO - Started process (PID=3947) to work on /home/airflow/.local/lib/python3.12/site-packages/airflow/example_dags/example_latest_only_with_trigger.py
[2025-09-07T00:00:01.258+0000] {processor.py:914} INFO - Processing file /home/airflow/.local/lib/python3.12/site-packages/airflow/example_dags/example_latest_only_with_trigger.py for tasks to queue
[2025-09-07T00:00:01.261+0000] {logging_mixin.py:190} INFO - [2025-09-07T00:00:01.260+0000] {dagbag.py:588} INFO - Filling up the DagBag from /home/airflow/.local/lib/python3.12/site-packages/airflow/example_dags/example_latest_only_with_trigger.py
[2025-09-07T00:00:01.275+0000] {processor.py:925} INFO - DAG(s) 'latest_only_with_trigger' retrieved from /home/airflow/.local/lib/python3.12/site-packages/airflow/example_dags/example_latest_only_with_trigger.py
[2025-09-07T00:00:01.309+0000] {logging_mixin.py:190} INFO - [2025-09-07T00:00:01.308+0000] {dag.py:3239} INFO - Sync 1 DAGs
[2025-09-07T00:00:01.344+0000] {logging_mixin.py:190} INFO - [2025-09-07T00:00:01.344+0000] {dag.py:4180} INFO - Setting next_dagrun for latest_only_with_trigger to 2025-09-06 20:00:00+00:00, run_after=2025-09-07 00:00:00+00:00
[2025-09-07T00:00:01.377+0000] {processor.py:208} INFO - Processing /home/airflow/.local/lib/python3.12/site-packages/airflow/example_dags/example_latest_only_with_trigger.py took 0.128 seconds
[2025-09-07T00:00:31.444+0000] {processor.py:186} INFO - Started process (PID=4012) to work on /home/airflow/.local/lib/python3.12/site-packages/airflow/example_dags/example_latest_only_with_trigger.py
[2025-09-07T00:00:31.446+0000] {processor.py:914} INFO - Processing file /home/airflow/.local/lib/python3.12/site-packages/airflow/example_dags/example_latest_only_with_trigger.py for tasks to queue
[2025-09-07T00:00:31.448+0000] {logging_mixin.py:190} INFO - [2025-09-07T00:00:31.448+0000] {dagbag.py:588} INFO - Filling up the DagBag from /home/airflow/.local/lib/python3.12/site-packages/airflow/example_dags/example_latest_only_with_trigger.py
[2025-09-07T00:00:31.462+0000] {processor.py:925} INFO - DAG(s) 'latest_only_with_trigger' retrieved from /home/airflow/.local/lib/python3.12/site-packages/airflow/example_dags/example_latest_only_with_trigger.py
[2025-09-07T00:00:31.491+0000] {logging_mixin.py:190} INFO - [2025-09-07T00:00:31.490+0000] {dag.py:3239} INFO - Sync 1 DAGs
[2025-09-07T00:00:31.523+0000] {logging_mixin.py:190} INFO - [2025-09-07T00:00:31.523+0000] {dag.py:4180} INFO - Setting next_dagrun for latest_only_with_trigger to 2025-09-06 20:00:00+00:00, run_after=2025-09-07 00:00:00+00:00
[2025-09-07T00:00:31.550+0000] {processor.py:208} INFO - Processing /home/airflow/.local/lib/python3.12/site-packages/airflow/example_dags/example_latest_only_with_trigger.py took 0.116 seconds
[2025-09-07T00:01:02.128+0000] {processor.py:186} INFO - Started process (PID=4071) to work on /home/airflow/.local/lib/python3.12/site-packages/airflow/example_dags/example_latest_only_with_trigger.py
[2025-09-07T00:01:02.129+0000] {processor.py:914} INFO - Processing file /home/airflow/.local/lib/python3.12/site-packages/airflow/example_dags/example_latest_only_with_trigger.py for tasks to queue
[2025-09-07T00:01:02.131+0000] {logging_mixin.py:190} INFO - [2025-09-07T00:01:02.131+0000] {dagbag.py:588} INFO - Filling up the DagBag from /home/airflow/.local/lib/python3.12/site-packages/airflow/example_dags/example_latest_only_with_trigger.py
[2025-09-07T00:01:02.143+0000] {processor.py:925} INFO - DAG(s) 'latest_only_with_trigger' retrieved from /home/airflow/.local/lib/python3.12/site-packages/airflow/example_dags/example_latest_only_with_trigger.py
[2025-09-07T00:01:02.172+0000] {logging_mixin.py:190} INFO - [2025-09-07T00:01:02.171+0000] {dag.py:3239} INFO - Sync 1 DAGs
[2025-09-07T00:01:02.207+0000] {logging_mixin.py:190} INFO - [2025-09-07T00:01:02.206+0000] {dag.py:4180} INFO - Setting next_dagrun for latest_only_with_trigger to 2025-09-06 20:00:00+00:00, run_after=2025-09-07 00:00:00+00:00
[2025-09-07T00:01:02.233+0000] {processor.py:208} INFO - Processing /home/airflow/.local/lib/python3.12/site-packages/airflow/example_dags/example_latest_only_with_trigger.py took 0.113 seconds
[2025-09-07T00:01:32.313+0000] {processor.py:186} INFO - Started process (PID=4137) to work on /home/airflow/.local/lib/python3.12/site-packages/airflow/example_dags/example_latest_only_with_trigger.py
[2025-09-07T00:01:32.315+0000] {processor.py:914} INFO - Processing file /home/airflow/.local/lib/python3.12/site-packages/airflow/example_dags/example_latest_only_with_trigger.py for tasks to queue
[2025-09-07T00:01:32.317+0000] {logging_mixin.py:190} INFO - [2025-09-07T00:01:32.317+0000] {dagbag.py:588} INFO - Filling up the DagBag from /home/airflow/.local/lib/python3.12/site-packages/airflow/example_dags/example_latest_only_with_trigger.py
[2025-09-07T00:01:32.330+0000] {processor.py:925} INFO - DAG(s) 'latest_only_with_trigger' retrieved from /home/airflow/.local/lib/python3.12/site-packages/airflow/example_dags/example_latest_only_with_trigger.py
[2025-09-07T00:01:32.355+0000] {logging_mixin.py:190} INFO - [2025-09-07T00:01:32.354+0000] {dag.py:3239} INFO - Sync 1 DAGs
[2025-09-07T00:01:32.388+0000] {logging_mixin.py:190} INFO - [2025-09-07T00:01:32.387+0000] {dag.py:4180} INFO - Setting next_dagrun for latest_only_with_trigger to 2025-09-06 20:00:00+00:00, run_after=2025-09-07 00:00:00+00:00
[2025-09-07T00:01:32.412+0000] {processor.py:208} INFO - Processing /home/airflow/.local/lib/python3.12/site-packages/airflow/example_dags/example_latest_only_with_trigger.py took 0.106 seconds
[2025-09-07T00:02:03.200+0000] {processor.py:186} INFO - Started process (PID=4202) to work on /home/airflow/.local/lib/python3.12/site-packages/airflow/example_dags/example_latest_only_with_trigger.py
[2025-09-07T00:02:03.202+0000] {processor.py:914} INFO - Processing file /home/airflow/.local/lib/python3.12/site-packages/airflow/example_dags/example_latest_only_with_trigger.py for tasks to queue
[2025-09-07T00:02:03.205+0000] {logging_mixin.py:190} INFO - [2025-09-07T00:02:03.204+0000] {dagbag.py:588} INFO - Filling up the DagBag from /home/airflow/.local/lib/python3.12/site-packages/airflow/example_dags/example_latest_only_with_trigger.py
[2025-09-07T00:02:03.217+0000] {processor.py:925} INFO - DAG(s) 'latest_only_with_trigger' retrieved from /home/airflow/.local/lib/python3.12/site-packages/airflow/example_dags/example_latest_only_with_trigger.py
[2025-09-07T00:02:03.241+0000] {logging_mixin.py:190} INFO - [2025-09-07T00:02:03.241+0000] {dag.py:3239} INFO - Sync 1 DAGs
[2025-09-07T00:02:03.272+0000] {logging_mixin.py:190} INFO - [2025-09-07T00:02:03.272+0000] {dag.py:4180} INFO - Setting next_dagrun for latest_only_with_trigger to 2025-09-06 20:00:00+00:00, run_after=2025-09-07 00:00:00+00:00
[2025-09-07T00:02:03.297+0000] {processor.py:208} INFO - Processing /home/airflow/.local/lib/python3.12/site-packages/airflow/example_dags/example_latest_only_with_trigger.py took 0.104 seconds
[2025-09-07T00:02:34.084+0000] {processor.py:186} INFO - Started process (PID=4268) to work on /home/airflow/.local/lib/python3.12/site-packages/airflow/example_dags/example_latest_only_with_trigger.py
[2025-09-07T00:02:34.088+0000] {processor.py:914} INFO - Processing file /home/airflow/.local/lib/python3.12/site-packages/airflow/example_dags/example_latest_only_with_trigger.py for tasks to queue
[2025-09-07T00:02:34.090+0000] {logging_mixin.py:190} INFO - [2025-09-07T00:02:34.090+0000] {dagbag.py:588} INFO - Filling up the DagBag from /home/airflow/.local/lib/python3.12/site-packages/airflow/example_dags/example_latest_only_with_trigger.py
[2025-09-07T00:02:34.105+0000] {processor.py:925} INFO - DAG(s) 'latest_only_with_trigger' retrieved from /home/airflow/.local/lib/python3.12/site-packages/airflow/example_dags/example_latest_only_with_trigger.py
[2025-09-07T00:02:34.132+0000] {logging_mixin.py:190} INFO - [2025-09-07T00:02:34.131+0000] {dag.py:3239} INFO - Sync 1 DAGs
[2025-09-07T00:02:34.161+0000] {logging_mixin.py:190} INFO - [2025-09-07T00:02:34.161+0000] {dag.py:4180} INFO - Setting next_dagrun for latest_only_with_trigger to 2025-09-06 20:00:00+00:00, run_after=2025-09-07 00:00:00+00:00
[2025-09-07T00:02:34.195+0000] {processor.py:208} INFO - Processing /home/airflow/.local/lib/python3.12/site-packages/airflow/example_dags/example_latest_only_with_trigger.py took 0.119 seconds
[2025-09-07T00:03:04.929+0000] {processor.py:186} INFO - Started process (PID=4334) to work on /home/airflow/.local/lib/python3.12/site-packages/airflow/example_dags/example_latest_only_with_trigger.py
[2025-09-07T00:03:04.930+0000] {processor.py:914} INFO - Processing file /home/airflow/.local/lib/python3.12/site-packages/airflow/example_dags/example_latest_only_with_trigger.py for tasks to queue
[2025-09-07T00:03:04.933+0000] {logging_mixin.py:190} INFO - [2025-09-07T00:03:04.933+0000] {dagbag.py:588} INFO - Filling up the DagBag from /home/airflow/.local/lib/python3.12/site-packages/airflow/example_dags/example_latest_only_with_trigger.py
[2025-09-07T00:03:04.946+0000] {processor.py:925} INFO - DAG(s) 'latest_only_with_trigger' retrieved from /home/airflow/.local/lib/python3.12/site-packages/airflow/example_dags/example_latest_only_with_trigger.py
[2025-09-07T00:03:04.970+0000] {logging_mixin.py:190} INFO - [2025-09-07T00:03:04.970+0000] {dag.py:3239} INFO - Sync 1 DAGs
[2025-09-07T00:03:05.003+0000] {logging_mixin.py:190} INFO - [2025-09-07T00:03:05.002+0000] {dag.py:4180} INFO - Setting next_dagrun for latest_only_with_trigger to 2025-09-06 20:00:00+00:00, run_after=2025-09-07 00:00:00+00:00
[2025-09-07T00:03:05.028+0000] {processor.py:208} INFO - Processing /home/airflow/.local/lib/python3.12/site-packages/airflow/example_dags/example_latest_only_with_trigger.py took 0.108 seconds
[2025-09-07T00:03:35.698+0000] {processor.py:186} INFO - Started process (PID=4400) to work on /home/airflow/.local/lib/python3.12/site-packages/airflow/example_dags/example_latest_only_with_trigger.py
[2025-09-07T00:03:35.700+0000] {processor.py:914} INFO - Processing file /home/airflow/.local/lib/python3.12/site-packages/airflow/example_dags/example_latest_only_with_trigger.py for tasks to queue
[2025-09-07T00:03:35.703+0000] {logging_mixin.py:190} INFO - [2025-09-07T00:03:35.702+0000] {dagbag.py:588} INFO - Filling up the DagBag from /home/airflow/.local/lib/python3.12/site-packages/airflow/example_dags/example_latest_only_with_trigger.py
[2025-09-07T00:03:35.716+0000] {processor.py:925} INFO - DAG(s) 'latest_only_with_trigger' retrieved from /home/airflow/.local/lib/python3.12/site-packages/airflow/example_dags/example_latest_only_with_trigger.py
[2025-09-07T00:03:35.747+0000] {logging_mixin.py:190} INFO - [2025-09-07T00:03:35.746+0000] {dag.py:3239} INFO - Sync 1 DAGs
[2025-09-07T00:03:35.781+0000] {logging_mixin.py:190} INFO - [2025-09-07T00:03:35.781+0000] {dag.py:4180} INFO - Setting next_dagrun for latest_only_with_trigger to 2025-09-06 20:00:00+00:00, run_after=2025-09-07 00:00:00+00:00
[2025-09-07T00:03:35.809+0000] {processor.py:208} INFO - Processing /home/airflow/.local/lib/python3.12/site-packages/airflow/example_dags/example_latest_only_with_trigger.py took 0.120 seconds
[2025-09-07T00:04:06.128+0000] {processor.py:186} INFO - Started process (PID=4466) to work on /home/airflow/.local/lib/python3.12/site-packages/airflow/example_dags/example_latest_only_with_trigger.py
[2025-09-07T00:04:06.130+0000] {processor.py:914} INFO - Processing file /home/airflow/.local/lib/python3.12/site-packages/airflow/example_dags/example_latest_only_with_trigger.py for tasks to queue
[2025-09-07T00:04:06.132+0000] {logging_mixin.py:190} INFO - [2025-09-07T00:04:06.131+0000] {dagbag.py:588} INFO - Filling up the DagBag from /home/airflow/.local/lib/python3.12/site-packages/airflow/example_dags/example_latest_only_with_trigger.py
[2025-09-07T00:04:06.140+0000] {processor.py:925} INFO - DAG(s) 'latest_only_with_trigger' retrieved from /home/airflow/.local/lib/python3.12/site-packages/airflow/example_dags/example_latest_only_with_trigger.py
[2025-09-07T00:04:06.173+0000] {logging_mixin.py:190} INFO - [2025-09-07T00:04:06.172+0000] {dag.py:3239} INFO - Sync 1 DAGs
[2025-09-07T00:04:06.222+0000] {logging_mixin.py:190} INFO - [2025-09-07T00:04:06.222+0000] {dag.py:4180} INFO - Setting next_dagrun for latest_only_with_trigger to 2025-09-06 20:00:00+00:00, run_after=2025-09-07 00:00:00+00:00
[2025-09-07T00:04:06.269+0000] {processor.py:208} INFO - Processing /home/airflow/.local/lib/python3.12/site-packages/airflow/example_dags/example_latest_only_with_trigger.py took 0.149 seconds
[2025-09-07T00:04:37.181+0000] {processor.py:186} INFO - Started process (PID=4532) to work on /home/airflow/.local/lib/python3.12/site-packages/airflow/example_dags/example_latest_only_with_trigger.py
[2025-09-07T00:04:37.182+0000] {processor.py:914} INFO - Processing file /home/airflow/.local/lib/python3.12/site-packages/airflow/example_dags/example_latest_only_with_trigger.py for tasks to queue
[2025-09-07T00:04:37.185+0000] {logging_mixin.py:190} INFO - [2025-09-07T00:04:37.184+0000] {dagbag.py:588} INFO - Filling up the DagBag from /home/airflow/.local/lib/python3.12/site-packages/airflow/example_dags/example_latest_only_with_trigger.py
[2025-09-07T00:04:37.200+0000] {processor.py:925} INFO - DAG(s) 'latest_only_with_trigger' retrieved from /home/airflow/.local/lib/python3.12/site-packages/airflow/example_dags/example_latest_only_with_trigger.py
[2025-09-07T00:04:37.238+0000] {logging_mixin.py:190} INFO - [2025-09-07T00:04:37.237+0000] {dag.py:3239} INFO - Sync 1 DAGs
[2025-09-07T00:04:37.270+0000] {logging_mixin.py:190} INFO - [2025-09-07T00:04:37.269+0000] {dag.py:4180} INFO - Setting next_dagrun for latest_only_with_trigger to 2025-09-06 20:00:00+00:00, run_after=2025-09-07 00:00:00+00:00
[2025-09-07T00:04:37.300+0000] {processor.py:208} INFO - Processing /home/airflow/.local/lib/python3.12/site-packages/airflow/example_dags/example_latest_only_with_trigger.py took 0.128 seconds
[2025-09-07T00:05:07.778+0000] {processor.py:186} INFO - Started process (PID=4598) to work on /home/airflow/.local/lib/python3.12/site-packages/airflow/example_dags/example_latest_only_with_trigger.py
[2025-09-07T00:05:07.779+0000] {processor.py:914} INFO - Processing file /home/airflow/.local/lib/python3.12/site-packages/airflow/example_dags/example_latest_only_with_trigger.py for tasks to queue
[2025-09-07T00:05:07.782+0000] {logging_mixin.py:190} INFO - [2025-09-07T00:05:07.781+0000] {dagbag.py:588} INFO - Filling up the DagBag from /home/airflow/.local/lib/python3.12/site-packages/airflow/example_dags/example_latest_only_with_trigger.py
[2025-09-07T00:05:07.795+0000] {processor.py:925} INFO - DAG(s) 'latest_only_with_trigger' retrieved from /home/airflow/.local/lib/python3.12/site-packages/airflow/example_dags/example_latest_only_with_trigger.py
[2025-09-07T00:05:07.825+0000] {logging_mixin.py:190} INFO - [2025-09-07T00:05:07.825+0000] {dag.py:3239} INFO - Sync 1 DAGs
[2025-09-07T00:05:07.858+0000] {logging_mixin.py:190} INFO - [2025-09-07T00:05:07.858+0000] {dag.py:4180} INFO - Setting next_dagrun for latest_only_with_trigger to 2025-09-06 20:00:00+00:00, run_after=2025-09-07 00:00:00+00:00
[2025-09-07T00:05:07.878+0000] {processor.py:208} INFO - Processing /home/airflow/.local/lib/python3.12/site-packages/airflow/example_dags/example_latest_only_with_trigger.py took 0.108 seconds
[2025-09-07T00:05:38.748+0000] {processor.py:186} INFO - Started process (PID=4664) to work on /home/airflow/.local/lib/python3.12/site-packages/airflow/example_dags/example_latest_only_with_trigger.py
[2025-09-07T00:05:38.749+0000] {processor.py:914} INFO - Processing file /home/airflow/.local/lib/python3.12/site-packages/airflow/example_dags/example_latest_only_with_trigger.py for tasks to queue
[2025-09-07T00:05:38.751+0000] {logging_mixin.py:190} INFO - [2025-09-07T00:05:38.751+0000] {dagbag.py:588} INFO - Filling up the DagBag from /home/airflow/.local/lib/python3.12/site-packages/airflow/example_dags/example_latest_only_with_trigger.py
[2025-09-07T00:05:38.764+0000] {processor.py:925} INFO - DAG(s) 'latest_only_with_trigger' retrieved from /home/airflow/.local/lib/python3.12/site-packages/airflow/example_dags/example_latest_only_with_trigger.py
[2025-09-07T00:05:38.798+0000] {logging_mixin.py:190} INFO - [2025-09-07T00:05:38.798+0000] {dag.py:3239} INFO - Sync 1 DAGs
[2025-09-07T00:05:38.839+0000] {logging_mixin.py:190} INFO - [2025-09-07T00:05:38.839+0000] {dag.py:4180} INFO - Setting next_dagrun for latest_only_with_trigger to 2025-09-06 20:00:00+00:00, run_after=2025-09-07 00:00:00+00:00
[2025-09-07T00:05:38.865+0000] {processor.py:208} INFO - Processing /home/airflow/.local/lib/python3.12/site-packages/airflow/example_dags/example_latest_only_with_trigger.py took 0.124 seconds
[2025-09-07T00:06:09.643+0000] {processor.py:186} INFO - Started process (PID=4730) to work on /home/airflow/.local/lib/python3.12/site-packages/airflow/example_dags/example_latest_only_with_trigger.py
[2025-09-07T00:06:09.644+0000] {processor.py:914} INFO - Processing file /home/airflow/.local/lib/python3.12/site-packages/airflow/example_dags/example_latest_only_with_trigger.py for tasks to queue
[2025-09-07T00:06:09.647+0000] {logging_mixin.py:190} INFO - [2025-09-07T00:06:09.646+0000] {dagbag.py:588} INFO - Filling up the DagBag from /home/airflow/.local/lib/python3.12/site-packages/airflow/example_dags/example_latest_only_with_trigger.py
[2025-09-07T00:06:09.659+0000] {processor.py:925} INFO - DAG(s) 'latest_only_with_trigger' retrieved from /home/airflow/.local/lib/python3.12/site-packages/airflow/example_dags/example_latest_only_with_trigger.py
[2025-09-07T00:06:09.690+0000] {logging_mixin.py:190} INFO - [2025-09-07T00:06:09.690+0000] {dag.py:3239} INFO - Sync 1 DAGs
[2025-09-07T00:06:09.716+0000] {logging_mixin.py:190} INFO - [2025-09-07T00:06:09.716+0000] {dag.py:4180} INFO - Setting next_dagrun for latest_only_with_trigger to 2025-09-06 20:00:00+00:00, run_after=2025-09-07 00:00:00+00:00
[2025-09-07T00:06:09.741+0000] {processor.py:208} INFO - Processing /home/airflow/.local/lib/python3.12/site-packages/airflow/example_dags/example_latest_only_with_trigger.py took 0.103 seconds
[2025-09-07T00:06:40.216+0000] {processor.py:186} INFO - Started process (PID=4796) to work on /home/airflow/.local/lib/python3.12/site-packages/airflow/example_dags/example_latest_only_with_trigger.py
[2025-09-07T00:06:40.217+0000] {processor.py:914} INFO - Processing file /home/airflow/.local/lib/python3.12/site-packages/airflow/example_dags/example_latest_only_with_trigger.py for tasks to queue
[2025-09-07T00:06:40.219+0000] {logging_mixin.py:190} INFO - [2025-09-07T00:06:40.219+0000] {dagbag.py:588} INFO - Filling up the DagBag from /home/airflow/.local/lib/python3.12/site-packages/airflow/example_dags/example_latest_only_with_trigger.py
[2025-09-07T00:06:40.231+0000] {processor.py:925} INFO - DAG(s) 'latest_only_with_trigger' retrieved from /home/airflow/.local/lib/python3.12/site-packages/airflow/example_dags/example_latest_only_with_trigger.py
[2025-09-07T00:06:40.266+0000] {logging_mixin.py:190} INFO - [2025-09-07T00:06:40.266+0000] {dag.py:3239} INFO - Sync 1 DAGs
[2025-09-07T00:06:40.297+0000] {logging_mixin.py:190} INFO - [2025-09-07T00:06:40.296+0000] {dag.py:4180} INFO - Setting next_dagrun for latest_only_with_trigger to 2025-09-06 20:00:00+00:00, run_after=2025-09-07 00:00:00+00:00
[2025-09-07T00:06:40.325+0000] {processor.py:208} INFO - Processing /home/airflow/.local/lib/python3.12/site-packages/airflow/example_dags/example_latest_only_with_trigger.py took 0.117 seconds
[2025-09-07T00:07:10.671+0000] {processor.py:186} INFO - Started process (PID=4862) to work on /home/airflow/.local/lib/python3.12/site-packages/airflow/example_dags/example_latest_only_with_trigger.py
[2025-09-07T00:07:10.673+0000] {processor.py:914} INFO - Processing file /home/airflow/.local/lib/python3.12/site-packages/airflow/example_dags/example_latest_only_with_trigger.py for tasks to queue
[2025-09-07T00:07:10.675+0000] {logging_mixin.py:190} INFO - [2025-09-07T00:07:10.675+0000] {dagbag.py:588} INFO - Filling up the DagBag from /home/airflow/.local/lib/python3.12/site-packages/airflow/example_dags/example_latest_only_with_trigger.py
[2025-09-07T00:07:10.689+0000] {processor.py:925} INFO - DAG(s) 'latest_only_with_trigger' retrieved from /home/airflow/.local/lib/python3.12/site-packages/airflow/example_dags/example_latest_only_with_trigger.py
[2025-09-07T00:07:10.721+0000] {logging_mixin.py:190} INFO - [2025-09-07T00:07:10.721+0000] {dag.py:3239} INFO - Sync 1 DAGs
[2025-09-07T00:07:10.748+0000] {logging_mixin.py:190} INFO - [2025-09-07T00:07:10.748+0000] {dag.py:4180} INFO - Setting next_dagrun for latest_only_with_trigger to 2025-09-06 20:00:00+00:00, run_after=2025-09-07 00:00:00+00:00
[2025-09-07T00:07:10.775+0000] {processor.py:208} INFO - Processing /home/airflow/.local/lib/python3.12/site-packages/airflow/example_dags/example_latest_only_with_trigger.py took 0.112 seconds
[2025-09-07T00:07:41.184+0000] {processor.py:186} INFO - Started process (PID=4928) to work on /home/airflow/.local/lib/python3.12/site-packages/airflow/example_dags/example_latest_only_with_trigger.py
[2025-09-07T00:07:41.189+0000] {processor.py:914} INFO - Processing file /home/airflow/.local/lib/python3.12/site-packages/airflow/example_dags/example_latest_only_with_trigger.py for tasks to queue
[2025-09-07T00:07:41.191+0000] {logging_mixin.py:190} INFO - [2025-09-07T00:07:41.190+0000] {dagbag.py:588} INFO - Filling up the DagBag from /home/airflow/.local/lib/python3.12/site-packages/airflow/example_dags/example_latest_only_with_trigger.py
[2025-09-07T00:07:41.205+0000] {processor.py:925} INFO - DAG(s) 'latest_only_with_trigger' retrieved from /home/airflow/.local/lib/python3.12/site-packages/airflow/example_dags/example_latest_only_with_trigger.py
[2025-09-07T00:07:41.247+0000] {logging_mixin.py:190} INFO - [2025-09-07T00:07:41.247+0000] {dag.py:3239} INFO - Sync 1 DAGs
[2025-09-07T00:07:41.283+0000] {logging_mixin.py:190} INFO - [2025-09-07T00:07:41.283+0000] {dag.py:4180} INFO - Setting next_dagrun for latest_only_with_trigger to 2025-09-06 20:00:00+00:00, run_after=2025-09-07 00:00:00+00:00
[2025-09-07T00:07:41.309+0000] {processor.py:208} INFO - Processing /home/airflow/.local/lib/python3.12/site-packages/airflow/example_dags/example_latest_only_with_trigger.py took 0.132 seconds
[2025-09-07T00:08:12.027+0000] {processor.py:186} INFO - Started process (PID=4994) to work on /home/airflow/.local/lib/python3.12/site-packages/airflow/example_dags/example_latest_only_with_trigger.py
[2025-09-07T00:08:12.029+0000] {processor.py:914} INFO - Processing file /home/airflow/.local/lib/python3.12/site-packages/airflow/example_dags/example_latest_only_with_trigger.py for tasks to queue
[2025-09-07T00:08:12.032+0000] {logging_mixin.py:190} INFO - [2025-09-07T00:08:12.032+0000] {dagbag.py:588} INFO - Filling up the DagBag from /home/airflow/.local/lib/python3.12/site-packages/airflow/example_dags/example_latest_only_with_trigger.py
[2025-09-07T00:08:12.046+0000] {processor.py:925} INFO - DAG(s) 'latest_only_with_trigger' retrieved from /home/airflow/.local/lib/python3.12/site-packages/airflow/example_dags/example_latest_only_with_trigger.py
[2025-09-07T00:08:12.080+0000] {logging_mixin.py:190} INFO - [2025-09-07T00:08:12.080+0000] {dag.py:3239} INFO - Sync 1 DAGs
[2025-09-07T00:08:12.115+0000] {logging_mixin.py:190} INFO - [2025-09-07T00:08:12.115+0000] {dag.py:4180} INFO - Setting next_dagrun for latest_only_with_trigger to 2025-09-06 20:00:00+00:00, run_after=2025-09-07 00:00:00+00:00
[2025-09-07T00:08:12.144+0000] {processor.py:208} INFO - Processing /home/airflow/.local/lib/python3.12/site-packages/airflow/example_dags/example_latest_only_with_trigger.py took 0.122 seconds
[2025-09-07T00:08:42.239+0000] {processor.py:186} INFO - Started process (PID=5052) to work on /home/airflow/.local/lib/python3.12/site-packages/airflow/example_dags/example_latest_only_with_trigger.py
[2025-09-07T00:08:42.240+0000] {processor.py:914} INFO - Processing file /home/airflow/.local/lib/python3.12/site-packages/airflow/example_dags/example_latest_only_with_trigger.py for tasks to queue
[2025-09-07T00:08:42.241+0000] {logging_mixin.py:190} INFO - [2025-09-07T00:08:42.241+0000] {dagbag.py:588} INFO - Filling up the DagBag from /home/airflow/.local/lib/python3.12/site-packages/airflow/example_dags/example_latest_only_with_trigger.py
[2025-09-07T00:08:42.251+0000] {processor.py:925} INFO - DAG(s) 'latest_only_with_trigger' retrieved from /home/airflow/.local/lib/python3.12/site-packages/airflow/example_dags/example_latest_only_with_trigger.py
[2025-09-07T00:08:42.277+0000] {logging_mixin.py:190} INFO - [2025-09-07T00:08:42.276+0000] {dag.py:3239} INFO - Sync 1 DAGs
[2025-09-07T00:08:42.311+0000] {logging_mixin.py:190} INFO - [2025-09-07T00:08:42.311+0000] {dag.py:4180} INFO - Setting next_dagrun for latest_only_with_trigger to 2025-09-06 20:00:00+00:00, run_after=2025-09-07 00:00:00+00:00
[2025-09-07T00:08:42.335+0000] {processor.py:208} INFO - Processing /home/airflow/.local/lib/python3.12/site-packages/airflow/example_dags/example_latest_only_with_trigger.py took 0.104 seconds
[2025-09-07T00:09:12.439+0000] {processor.py:186} INFO - Started process (PID=5119) to work on /home/airflow/.local/lib/python3.12/site-packages/airflow/example_dags/example_latest_only_with_trigger.py
[2025-09-07T00:09:12.440+0000] {processor.py:914} INFO - Processing file /home/airflow/.local/lib/python3.12/site-packages/airflow/example_dags/example_latest_only_with_trigger.py for tasks to queue
[2025-09-07T00:09:12.442+0000] {logging_mixin.py:190} INFO - [2025-09-07T00:09:12.441+0000] {dagbag.py:588} INFO - Filling up the DagBag from /home/airflow/.local/lib/python3.12/site-packages/airflow/example_dags/example_latest_only_with_trigger.py
[2025-09-07T00:09:12.450+0000] {processor.py:925} INFO - DAG(s) 'latest_only_with_trigger' retrieved from /home/airflow/.local/lib/python3.12/site-packages/airflow/example_dags/example_latest_only_with_trigger.py
[2025-09-07T00:09:12.476+0000] {logging_mixin.py:190} INFO - [2025-09-07T00:09:12.476+0000] {dag.py:3239} INFO - Sync 1 DAGs
[2025-09-07T00:09:12.508+0000] {logging_mixin.py:190} INFO - [2025-09-07T00:09:12.507+0000] {dag.py:4180} INFO - Setting next_dagrun for latest_only_with_trigger to 2025-09-06 20:00:00+00:00, run_after=2025-09-07 00:00:00+00:00
[2025-09-07T00:09:12.534+0000] {processor.py:208} INFO - Processing /home/airflow/.local/lib/python3.12/site-packages/airflow/example_dags/example_latest_only_with_trigger.py took 0.102 seconds
[2025-09-07T00:09:42.643+0000] {processor.py:186} INFO - Started process (PID=5184) to work on /home/airflow/.local/lib/python3.12/site-packages/airflow/example_dags/example_latest_only_with_trigger.py
[2025-09-07T00:09:42.644+0000] {processor.py:914} INFO - Processing file /home/airflow/.local/lib/python3.12/site-packages/airflow/example_dags/example_latest_only_with_trigger.py for tasks to queue
[2025-09-07T00:09:42.647+0000] {logging_mixin.py:190} INFO - [2025-09-07T00:09:42.646+0000] {dagbag.py:588} INFO - Filling up the DagBag from /home/airflow/.local/lib/python3.12/site-packages/airflow/example_dags/example_latest_only_with_trigger.py
[2025-09-07T00:09:42.660+0000] {processor.py:925} INFO - DAG(s) 'latest_only_with_trigger' retrieved from /home/airflow/.local/lib/python3.12/site-packages/airflow/example_dags/example_latest_only_with_trigger.py
[2025-09-07T00:09:42.691+0000] {logging_mixin.py:190} INFO - [2025-09-07T00:09:42.691+0000] {dag.py:3239} INFO - Sync 1 DAGs
[2025-09-07T00:09:42.717+0000] {logging_mixin.py:190} INFO - [2025-09-07T00:09:42.717+0000] {dag.py:4180} INFO - Setting next_dagrun for latest_only_with_trigger to 2025-09-06 20:00:00+00:00, run_after=2025-09-07 00:00:00+00:00
[2025-09-07T00:09:42.745+0000] {processor.py:208} INFO - Processing /home/airflow/.local/lib/python3.12/site-packages/airflow/example_dags/example_latest_only_with_trigger.py took 0.111 seconds
[2025-09-07T00:10:13.420+0000] {processor.py:186} INFO - Started process (PID=5250) to work on /home/airflow/.local/lib/python3.12/site-packages/airflow/example_dags/example_latest_only_with_trigger.py
[2025-09-07T00:10:13.422+0000] {processor.py:914} INFO - Processing file /home/airflow/.local/lib/python3.12/site-packages/airflow/example_dags/example_latest_only_with_trigger.py for tasks to queue
[2025-09-07T00:10:13.424+0000] {logging_mixin.py:190} INFO - [2025-09-07T00:10:13.424+0000] {dagbag.py:588} INFO - Filling up the DagBag from /home/airflow/.local/lib/python3.12/site-packages/airflow/example_dags/example_latest_only_with_trigger.py
[2025-09-07T00:10:13.435+0000] {processor.py:925} INFO - DAG(s) 'latest_only_with_trigger' retrieved from /home/airflow/.local/lib/python3.12/site-packages/airflow/example_dags/example_latest_only_with_trigger.py
[2025-09-07T00:10:13.470+0000] {logging_mixin.py:190} INFO - [2025-09-07T00:10:13.469+0000] {dag.py:3239} INFO - Sync 1 DAGs
[2025-09-07T00:10:13.506+0000] {logging_mixin.py:190} INFO - [2025-09-07T00:10:13.506+0000] {dag.py:4180} INFO - Setting next_dagrun for latest_only_with_trigger to 2025-09-06 20:00:00+00:00, run_after=2025-09-07 00:00:00+00:00
[2025-09-07T00:10:13.533+0000] {processor.py:208} INFO - Processing /home/airflow/.local/lib/python3.12/site-packages/airflow/example_dags/example_latest_only_with_trigger.py took 0.120 seconds
[2025-09-07T00:10:43.610+0000] {processor.py:186} INFO - Started process (PID=5316) to work on /home/airflow/.local/lib/python3.12/site-packages/airflow/example_dags/example_latest_only_with_trigger.py
[2025-09-07T00:10:43.611+0000] {processor.py:914} INFO - Processing file /home/airflow/.local/lib/python3.12/site-packages/airflow/example_dags/example_latest_only_with_trigger.py for tasks to queue
[2025-09-07T00:10:43.613+0000] {logging_mixin.py:190} INFO - [2025-09-07T00:10:43.613+0000] {dagbag.py:588} INFO - Filling up the DagBag from /home/airflow/.local/lib/python3.12/site-packages/airflow/example_dags/example_latest_only_with_trigger.py
[2025-09-07T00:10:43.626+0000] {processor.py:925} INFO - DAG(s) 'latest_only_with_trigger' retrieved from /home/airflow/.local/lib/python3.12/site-packages/airflow/example_dags/example_latest_only_with_trigger.py
[2025-09-07T00:10:43.662+0000] {logging_mixin.py:190} INFO - [2025-09-07T00:10:43.661+0000] {dag.py:3239} INFO - Sync 1 DAGs
[2025-09-07T00:10:43.694+0000] {logging_mixin.py:190} INFO - [2025-09-07T00:10:43.694+0000] {dag.py:4180} INFO - Setting next_dagrun for latest_only_with_trigger to 2025-09-06 20:00:00+00:00, run_after=2025-09-07 00:00:00+00:00
[2025-09-07T00:10:43.717+0000] {processor.py:208} INFO - Processing /home/airflow/.local/lib/python3.12/site-packages/airflow/example_dags/example_latest_only_with_trigger.py took 0.112 seconds
[2025-09-07T00:11:14.306+0000] {processor.py:186} INFO - Started process (PID=5382) to work on /home/airflow/.local/lib/python3.12/site-packages/airflow/example_dags/example_latest_only_with_trigger.py
[2025-09-07T00:11:14.307+0000] {processor.py:914} INFO - Processing file /home/airflow/.local/lib/python3.12/site-packages/airflow/example_dags/example_latest_only_with_trigger.py for tasks to queue
[2025-09-07T00:11:14.312+0000] {logging_mixin.py:190} INFO - [2025-09-07T00:11:14.311+0000] {dagbag.py:588} INFO - Filling up the DagBag from /home/airflow/.local/lib/python3.12/site-packages/airflow/example_dags/example_latest_only_with_trigger.py
[2025-09-07T00:11:14.322+0000] {processor.py:925} INFO - DAG(s) 'latest_only_with_trigger' retrieved from /home/airflow/.local/lib/python3.12/site-packages/airflow/example_dags/example_latest_only_with_trigger.py
[2025-09-07T00:11:14.353+0000] {logging_mixin.py:190} INFO - [2025-09-07T00:11:14.352+0000] {dag.py:3239} INFO - Sync 1 DAGs
[2025-09-07T00:11:14.385+0000] {logging_mixin.py:190} INFO - [2025-09-07T00:11:14.385+0000] {dag.py:4180} INFO - Setting next_dagrun for latest_only_with_trigger to 2025-09-06 20:00:00+00:00, run_after=2025-09-07 00:00:00+00:00
[2025-09-07T00:11:14.411+0000] {processor.py:208} INFO - Processing /home/airflow/.local/lib/python3.12/site-packages/airflow/example_dags/example_latest_only_with_trigger.py took 0.113 seconds
[2025-09-07T00:11:45.097+0000] {processor.py:186} INFO - Started process (PID=5448) to work on /home/airflow/.local/lib/python3.12/site-packages/airflow/example_dags/example_latest_only_with_trigger.py
[2025-09-07T00:11:45.099+0000] {processor.py:914} INFO - Processing file /home/airflow/.local/lib/python3.12/site-packages/airflow/example_dags/example_latest_only_with_trigger.py for tasks to queue
[2025-09-07T00:11:45.102+0000] {logging_mixin.py:190} INFO - [2025-09-07T00:11:45.101+0000] {dagbag.py:588} INFO - Filling up the DagBag from /home/airflow/.local/lib/python3.12/site-packages/airflow/example_dags/example_latest_only_with_trigger.py
[2025-09-07T00:11:45.117+0000] {processor.py:925} INFO - DAG(s) 'latest_only_with_trigger' retrieved from /home/airflow/.local/lib/python3.12/site-packages/airflow/example_dags/example_latest_only_with_trigger.py
[2025-09-07T00:11:45.145+0000] {logging_mixin.py:190} INFO - [2025-09-07T00:11:45.144+0000] {dag.py:3239} INFO - Sync 1 DAGs
[2025-09-07T00:11:45.185+0000] {logging_mixin.py:190} INFO - [2025-09-07T00:11:45.185+0000] {dag.py:4180} INFO - Setting next_dagrun for latest_only_with_trigger to 2025-09-06 20:00:00+00:00, run_after=2025-09-07 00:00:00+00:00
[2025-09-07T00:11:45.209+0000] {processor.py:208} INFO - Processing /home/airflow/.local/lib/python3.12/site-packages/airflow/example_dags/example_latest_only_with_trigger.py took 0.121 seconds
[2025-09-07T00:12:15.735+0000] {processor.py:186} INFO - Started process (PID=5514) to work on /home/airflow/.local/lib/python3.12/site-packages/airflow/example_dags/example_latest_only_with_trigger.py
[2025-09-07T00:12:15.737+0000] {processor.py:914} INFO - Processing file /home/airflow/.local/lib/python3.12/site-packages/airflow/example_dags/example_latest_only_with_trigger.py for tasks to queue
[2025-09-07T00:12:15.741+0000] {logging_mixin.py:190} INFO - [2025-09-07T00:12:15.740+0000] {dagbag.py:588} INFO - Filling up the DagBag from /home/airflow/.local/lib/python3.12/site-packages/airflow/example_dags/example_latest_only_with_trigger.py
[2025-09-07T00:12:15.758+0000] {processor.py:925} INFO - DAG(s) 'latest_only_with_trigger' retrieved from /home/airflow/.local/lib/python3.12/site-packages/airflow/example_dags/example_latest_only_with_trigger.py
[2025-09-07T00:12:15.798+0000] {logging_mixin.py:190} INFO - [2025-09-07T00:12:15.797+0000] {dag.py:3239} INFO - Sync 1 DAGs
[2025-09-07T00:12:15.833+0000] {logging_mixin.py:190} INFO - [2025-09-07T00:12:15.833+0000] {dag.py:4180} INFO - Setting next_dagrun for latest_only_with_trigger to 2025-09-06 20:00:00+00:00, run_after=2025-09-07 00:00:00+00:00
[2025-09-07T00:12:16.031+0000] {processor.py:208} INFO - Processing /home/airflow/.local/lib/python3.12/site-packages/airflow/example_dags/example_latest_only_with_trigger.py took 0.306 seconds
[2025-09-07T00:12:46.233+0000] {processor.py:186} INFO - Started process (PID=5575) to work on /home/airflow/.local/lib/python3.12/site-packages/airflow/example_dags/example_latest_only_with_trigger.py
[2025-09-07T00:12:46.234+0000] {processor.py:914} INFO - Processing file /home/airflow/.local/lib/python3.12/site-packages/airflow/example_dags/example_latest_only_with_trigger.py for tasks to queue
[2025-09-07T00:12:46.235+0000] {logging_mixin.py:190} INFO - [2025-09-07T00:12:46.235+0000] {dagbag.py:588} INFO - Filling up the DagBag from /home/airflow/.local/lib/python3.12/site-packages/airflow/example_dags/example_latest_only_with_trigger.py
[2025-09-07T00:12:46.246+0000] {processor.py:925} INFO - DAG(s) 'latest_only_with_trigger' retrieved from /home/airflow/.local/lib/python3.12/site-packages/airflow/example_dags/example_latest_only_with_trigger.py
[2025-09-07T00:12:46.268+0000] {logging_mixin.py:190} INFO - [2025-09-07T00:12:46.268+0000] {dag.py:3239} INFO - Sync 1 DAGs
[2025-09-07T00:12:46.289+0000] {logging_mixin.py:190} INFO - [2025-09-07T00:12:46.289+0000] {dag.py:4180} INFO - Setting next_dagrun for latest_only_with_trigger to 2025-09-06 20:00:00+00:00, run_after=2025-09-07 00:00:00+00:00
[2025-09-07T00:12:46.310+0000] {processor.py:208} INFO - Processing /home/airflow/.local/lib/python3.12/site-packages/airflow/example_dags/example_latest_only_with_trigger.py took 0.083 seconds
[2025-09-07T00:13:17.105+0000] {processor.py:186} INFO - Started process (PID=5642) to work on /home/airflow/.local/lib/python3.12/site-packages/airflow/example_dags/example_latest_only_with_trigger.py
[2025-09-07T00:13:17.106+0000] {processor.py:914} INFO - Processing file /home/airflow/.local/lib/python3.12/site-packages/airflow/example_dags/example_latest_only_with_trigger.py for tasks to queue
[2025-09-07T00:13:17.109+0000] {logging_mixin.py:190} INFO - [2025-09-07T00:13:17.109+0000] {dagbag.py:588} INFO - Filling up the DagBag from /home/airflow/.local/lib/python3.12/site-packages/airflow/example_dags/example_latest_only_with_trigger.py
[2025-09-07T00:13:17.124+0000] {processor.py:925} INFO - DAG(s) 'latest_only_with_trigger' retrieved from /home/airflow/.local/lib/python3.12/site-packages/airflow/example_dags/example_latest_only_with_trigger.py
[2025-09-07T00:13:17.153+0000] {logging_mixin.py:190} INFO - [2025-09-07T00:13:17.153+0000] {dag.py:3239} INFO - Sync 1 DAGs
[2025-09-07T00:13:17.191+0000] {logging_mixin.py:190} INFO - [2025-09-07T00:13:17.191+0000] {dag.py:4180} INFO - Setting next_dagrun for latest_only_with_trigger to 2025-09-06 20:00:00+00:00, run_after=2025-09-07 00:00:00+00:00
[2025-09-07T00:13:17.219+0000] {processor.py:208} INFO - Processing /home/airflow/.local/lib/python3.12/site-packages/airflow/example_dags/example_latest_only_with_trigger.py took 0.123 seconds
[2025-09-07T00:13:47.964+0000] {processor.py:186} INFO - Started process (PID=5708) to work on /home/airflow/.local/lib/python3.12/site-packages/airflow/example_dags/example_latest_only_with_trigger.py
[2025-09-07T00:13:47.965+0000] {processor.py:914} INFO - Processing file /home/airflow/.local/lib/python3.12/site-packages/airflow/example_dags/example_latest_only_with_trigger.py for tasks to queue
[2025-09-07T00:13:47.966+0000] {logging_mixin.py:190} INFO - [2025-09-07T00:13:47.966+0000] {dagbag.py:588} INFO - Filling up the DagBag from /home/airflow/.local/lib/python3.12/site-packages/airflow/example_dags/example_latest_only_with_trigger.py
[2025-09-07T00:13:47.979+0000] {processor.py:925} INFO - DAG(s) 'latest_only_with_trigger' retrieved from /home/airflow/.local/lib/python3.12/site-packages/airflow/example_dags/example_latest_only_with_trigger.py
[2025-09-07T00:13:48.212+0000] {logging_mixin.py:190} INFO - [2025-09-07T00:13:48.212+0000] {dag.py:3239} INFO - Sync 1 DAGs
[2025-09-07T00:13:48.243+0000] {logging_mixin.py:190} INFO - [2025-09-07T00:13:48.242+0000] {dag.py:4180} INFO - Setting next_dagrun for latest_only_with_trigger to 2025-09-06 20:00:00+00:00, run_after=2025-09-07 00:00:00+00:00
[2025-09-07T00:13:48.272+0000] {processor.py:208} INFO - Processing /home/airflow/.local/lib/python3.12/site-packages/airflow/example_dags/example_latest_only_with_trigger.py took 0.315 seconds
[2025-09-07T00:14:18.779+0000] {processor.py:186} INFO - Started process (PID=5773) to work on /home/airflow/.local/lib/python3.12/site-packages/airflow/example_dags/example_latest_only_with_trigger.py
[2025-09-07T00:14:18.780+0000] {processor.py:914} INFO - Processing file /home/airflow/.local/lib/python3.12/site-packages/airflow/example_dags/example_latest_only_with_trigger.py for tasks to queue
[2025-09-07T00:14:18.782+0000] {logging_mixin.py:190} INFO - [2025-09-07T00:14:18.781+0000] {dagbag.py:588} INFO - Filling up the DagBag from /home/airflow/.local/lib/python3.12/site-packages/airflow/example_dags/example_latest_only_with_trigger.py
[2025-09-07T00:14:18.794+0000] {processor.py:925} INFO - DAG(s) 'latest_only_with_trigger' retrieved from /home/airflow/.local/lib/python3.12/site-packages/airflow/example_dags/example_latest_only_with_trigger.py
[2025-09-07T00:14:18.827+0000] {logging_mixin.py:190} INFO - [2025-09-07T00:14:18.826+0000] {dag.py:3239} INFO - Sync 1 DAGs
[2025-09-07T00:14:19.067+0000] {logging_mixin.py:190} INFO - [2025-09-07T00:14:19.067+0000] {dag.py:4180} INFO - Setting next_dagrun for latest_only_with_trigger to 2025-09-06 20:00:00+00:00, run_after=2025-09-07 00:00:00+00:00
[2025-09-07T00:14:19.088+0000] {processor.py:208} INFO - Processing /home/airflow/.local/lib/python3.12/site-packages/airflow/example_dags/example_latest_only_with_trigger.py took 0.315 seconds
[2025-09-07T00:14:49.277+0000] {processor.py:186} INFO - Started process (PID=5838) to work on /home/airflow/.local/lib/python3.12/site-packages/airflow/example_dags/example_latest_only_with_trigger.py
[2025-09-07T00:14:49.278+0000] {processor.py:914} INFO - Processing file /home/airflow/.local/lib/python3.12/site-packages/airflow/example_dags/example_latest_only_with_trigger.py for tasks to queue
[2025-09-07T00:14:49.280+0000] {logging_mixin.py:190} INFO - [2025-09-07T00:14:49.280+0000] {dagbag.py:588} INFO - Filling up the DagBag from /home/airflow/.local/lib/python3.12/site-packages/airflow/example_dags/example_latest_only_with_trigger.py
[2025-09-07T00:14:49.293+0000] {processor.py:925} INFO - DAG(s) 'latest_only_with_trigger' retrieved from /home/airflow/.local/lib/python3.12/site-packages/airflow/example_dags/example_latest_only_with_trigger.py
[2025-09-07T00:14:49.328+0000] {logging_mixin.py:190} INFO - [2025-09-07T00:14:49.327+0000] {dag.py:3239} INFO - Sync 1 DAGs
[2025-09-07T00:14:49.594+0000] {logging_mixin.py:190} INFO - [2025-09-07T00:14:49.594+0000] {dag.py:4180} INFO - Setting next_dagrun for latest_only_with_trigger to 2025-09-06 20:00:00+00:00, run_after=2025-09-07 00:00:00+00:00
[2025-09-07T00:14:49.621+0000] {processor.py:208} INFO - Processing /home/airflow/.local/lib/python3.12/site-packages/airflow/example_dags/example_latest_only_with_trigger.py took 0.349 seconds
[2025-09-07T00:15:20.018+0000] {processor.py:186} INFO - Started process (PID=5904) to work on /home/airflow/.local/lib/python3.12/site-packages/airflow/example_dags/example_latest_only_with_trigger.py
[2025-09-07T00:15:20.020+0000] {processor.py:914} INFO - Processing file /home/airflow/.local/lib/python3.12/site-packages/airflow/example_dags/example_latest_only_with_trigger.py for tasks to queue
[2025-09-07T00:15:20.025+0000] {logging_mixin.py:190} INFO - [2025-09-07T00:15:20.025+0000] {dagbag.py:588} INFO - Filling up the DagBag from /home/airflow/.local/lib/python3.12/site-packages/airflow/example_dags/example_latest_only_with_trigger.py
[2025-09-07T00:15:20.037+0000] {processor.py:925} INFO - DAG(s) 'latest_only_with_trigger' retrieved from /home/airflow/.local/lib/python3.12/site-packages/airflow/example_dags/example_latest_only_with_trigger.py
[2025-09-07T00:15:20.065+0000] {logging_mixin.py:190} INFO - [2025-09-07T00:15:20.064+0000] {dag.py:3239} INFO - Sync 1 DAGs
[2025-09-07T00:15:20.089+0000] {logging_mixin.py:190} INFO - [2025-09-07T00:15:20.088+0000] {dag.py:4180} INFO - Setting next_dagrun for latest_only_with_trigger to 2025-09-06 20:00:00+00:00, run_after=2025-09-07 00:00:00+00:00
[2025-09-07T00:15:20.111+0000] {processor.py:208} INFO - Processing /home/airflow/.local/lib/python3.12/site-packages/airflow/example_dags/example_latest_only_with_trigger.py took 0.101 seconds
[2025-09-07T00:15:50.604+0000] {processor.py:186} INFO - Started process (PID=5971) to work on /home/airflow/.local/lib/python3.12/site-packages/airflow/example_dags/example_latest_only_with_trigger.py
[2025-09-07T00:15:50.609+0000] {processor.py:914} INFO - Processing file /home/airflow/.local/lib/python3.12/site-packages/airflow/example_dags/example_latest_only_with_trigger.py for tasks to queue
[2025-09-07T00:15:50.611+0000] {logging_mixin.py:190} INFO - [2025-09-07T00:15:50.610+0000] {dagbag.py:588} INFO - Filling up the DagBag from /home/airflow/.local/lib/python3.12/site-packages/airflow/example_dags/example_latest_only_with_trigger.py
[2025-09-07T00:15:50.625+0000] {processor.py:925} INFO - DAG(s) 'latest_only_with_trigger' retrieved from /home/airflow/.local/lib/python3.12/site-packages/airflow/example_dags/example_latest_only_with_trigger.py
[2025-09-07T00:15:50.656+0000] {logging_mixin.py:190} INFO - [2025-09-07T00:15:50.655+0000] {dag.py:3239} INFO - Sync 1 DAGs
[2025-09-07T00:15:50.690+0000] {logging_mixin.py:190} INFO - [2025-09-07T00:15:50.690+0000] {dag.py:4180} INFO - Setting next_dagrun for latest_only_with_trigger to 2025-09-06 20:00:00+00:00, run_after=2025-09-07 00:00:00+00:00
[2025-09-07T00:15:50.714+0000] {processor.py:208} INFO - Processing /home/airflow/.local/lib/python3.12/site-packages/airflow/example_dags/example_latest_only_with_trigger.py took 0.115 seconds
[2025-09-07T00:16:21.309+0000] {processor.py:186} INFO - Started process (PID=6036) to work on /home/airflow/.local/lib/python3.12/site-packages/airflow/example_dags/example_latest_only_with_trigger.py
[2025-09-07T00:16:21.311+0000] {processor.py:914} INFO - Processing file /home/airflow/.local/lib/python3.12/site-packages/airflow/example_dags/example_latest_only_with_trigger.py for tasks to queue
[2025-09-07T00:16:21.317+0000] {logging_mixin.py:190} INFO - [2025-09-07T00:16:21.317+0000] {dagbag.py:588} INFO - Filling up the DagBag from /home/airflow/.local/lib/python3.12/site-packages/airflow/example_dags/example_latest_only_with_trigger.py
[2025-09-07T00:16:21.334+0000] {processor.py:925} INFO - DAG(s) 'latest_only_with_trigger' retrieved from /home/airflow/.local/lib/python3.12/site-packages/airflow/example_dags/example_latest_only_with_trigger.py
[2025-09-07T00:16:21.372+0000] {logging_mixin.py:190} INFO - [2025-09-07T00:16:21.371+0000] {dag.py:3239} INFO - Sync 1 DAGs
[2025-09-07T00:16:21.412+0000] {logging_mixin.py:190} INFO - [2025-09-07T00:16:21.411+0000] {dag.py:4180} INFO - Setting next_dagrun for latest_only_with_trigger to 2025-09-06 20:00:00+00:00, run_after=2025-09-07 00:00:00+00:00
[2025-09-07T00:16:21.440+0000] {processor.py:208} INFO - Processing /home/airflow/.local/lib/python3.12/site-packages/airflow/example_dags/example_latest_only_with_trigger.py took 0.142 seconds
[2025-09-07T00:16:51.846+0000] {processor.py:186} INFO - Started process (PID=6102) to work on /home/airflow/.local/lib/python3.12/site-packages/airflow/example_dags/example_latest_only_with_trigger.py
[2025-09-07T00:16:51.847+0000] {processor.py:914} INFO - Processing file /home/airflow/.local/lib/python3.12/site-packages/airflow/example_dags/example_latest_only_with_trigger.py for tasks to queue
[2025-09-07T00:16:51.849+0000] {logging_mixin.py:190} INFO - [2025-09-07T00:16:51.849+0000] {dagbag.py:588} INFO - Filling up the DagBag from /home/airflow/.local/lib/python3.12/site-packages/airflow/example_dags/example_latest_only_with_trigger.py
[2025-09-07T00:16:51.863+0000] {processor.py:925} INFO - DAG(s) 'latest_only_with_trigger' retrieved from /home/airflow/.local/lib/python3.12/site-packages/airflow/example_dags/example_latest_only_with_trigger.py
[2025-09-07T00:16:51.888+0000] {logging_mixin.py:190} INFO - [2025-09-07T00:16:51.887+0000] {dag.py:3239} INFO - Sync 1 DAGs
[2025-09-07T00:16:51.910+0000] {logging_mixin.py:190} INFO - [2025-09-07T00:16:51.910+0000] {dag.py:4180} INFO - Setting next_dagrun for latest_only_with_trigger to 2025-09-06 20:00:00+00:00, run_after=2025-09-07 00:00:00+00:00
[2025-09-07T00:16:51.933+0000] {processor.py:208} INFO - Processing /home/airflow/.local/lib/python3.12/site-packages/airflow/example_dags/example_latest_only_with_trigger.py took 0.093 seconds
[2025-09-07T00:17:22.548+0000] {processor.py:186} INFO - Started process (PID=6168) to work on /home/airflow/.local/lib/python3.12/site-packages/airflow/example_dags/example_latest_only_with_trigger.py
[2025-09-07T00:17:22.550+0000] {processor.py:914} INFO - Processing file /home/airflow/.local/lib/python3.12/site-packages/airflow/example_dags/example_latest_only_with_trigger.py for tasks to queue
[2025-09-07T00:17:22.551+0000] {logging_mixin.py:190} INFO - [2025-09-07T00:17:22.551+0000] {dagbag.py:588} INFO - Filling up the DagBag from /home/airflow/.local/lib/python3.12/site-packages/airflow/example_dags/example_latest_only_with_trigger.py
[2025-09-07T00:17:22.562+0000] {processor.py:925} INFO - DAG(s) 'latest_only_with_trigger' retrieved from /home/airflow/.local/lib/python3.12/site-packages/airflow/example_dags/example_latest_only_with_trigger.py
[2025-09-07T00:17:22.592+0000] {logging_mixin.py:190} INFO - [2025-09-07T00:17:22.592+0000] {dag.py:3239} INFO - Sync 1 DAGs
[2025-09-07T00:17:22.630+0000] {logging_mixin.py:190} INFO - [2025-09-07T00:17:22.630+0000] {dag.py:4180} INFO - Setting next_dagrun for latest_only_with_trigger to 2025-09-06 20:00:00+00:00, run_after=2025-09-07 00:00:00+00:00
[2025-09-07T00:17:22.658+0000] {processor.py:208} INFO - Processing /home/airflow/.local/lib/python3.12/site-packages/airflow/example_dags/example_latest_only_with_trigger.py took 0.119 seconds
[2025-09-07T00:17:53.237+0000] {processor.py:186} INFO - Started process (PID=6233) to work on /home/airflow/.local/lib/python3.12/site-packages/airflow/example_dags/example_latest_only_with_trigger.py
[2025-09-07T00:17:53.239+0000] {processor.py:914} INFO - Processing file /home/airflow/.local/lib/python3.12/site-packages/airflow/example_dags/example_latest_only_with_trigger.py for tasks to queue
[2025-09-07T00:17:53.244+0000] {logging_mixin.py:190} INFO - [2025-09-07T00:17:53.244+0000] {dagbag.py:588} INFO - Filling up the DagBag from /home/airflow/.local/lib/python3.12/site-packages/airflow/example_dags/example_latest_only_with_trigger.py
[2025-09-07T00:17:53.260+0000] {processor.py:925} INFO - DAG(s) 'latest_only_with_trigger' retrieved from /home/airflow/.local/lib/python3.12/site-packages/airflow/example_dags/example_latest_only_with_trigger.py
[2025-09-07T00:17:53.295+0000] {logging_mixin.py:190} INFO - [2025-09-07T00:17:53.295+0000] {dag.py:3239} INFO - Sync 1 DAGs
[2025-09-07T00:17:53.334+0000] {logging_mixin.py:190} INFO - [2025-09-07T00:17:53.333+0000] {dag.py:4180} INFO - Setting next_dagrun for latest_only_with_trigger to 2025-09-06 20:00:00+00:00, run_after=2025-09-07 00:00:00+00:00
[2025-09-07T00:17:53.364+0000] {processor.py:208} INFO - Processing /home/airflow/.local/lib/python3.12/site-packages/airflow/example_dags/example_latest_only_with_trigger.py took 0.137 seconds
[2025-09-07T00:18:23.965+0000] {processor.py:186} INFO - Started process (PID=6292) to work on /home/airflow/.local/lib/python3.12/site-packages/airflow/example_dags/example_latest_only_with_trigger.py
[2025-09-07T00:18:23.966+0000] {processor.py:914} INFO - Processing file /home/airflow/.local/lib/python3.12/site-packages/airflow/example_dags/example_latest_only_with_trigger.py for tasks to queue
[2025-09-07T00:18:23.968+0000] {logging_mixin.py:190} INFO - [2025-09-07T00:18:23.967+0000] {dagbag.py:588} INFO - Filling up the DagBag from /home/airflow/.local/lib/python3.12/site-packages/airflow/example_dags/example_latest_only_with_trigger.py
[2025-09-07T00:18:23.981+0000] {processor.py:925} INFO - DAG(s) 'latest_only_with_trigger' retrieved from /home/airflow/.local/lib/python3.12/site-packages/airflow/example_dags/example_latest_only_with_trigger.py
[2025-09-07T00:18:24.012+0000] {logging_mixin.py:190} INFO - [2025-09-07T00:18:24.011+0000] {dag.py:3239} INFO - Sync 1 DAGs
[2025-09-07T00:18:24.038+0000] {logging_mixin.py:190} INFO - [2025-09-07T00:18:24.038+0000] {dag.py:4180} INFO - Setting next_dagrun for latest_only_with_trigger to 2025-09-06 20:00:00+00:00, run_after=2025-09-07 00:00:00+00:00
[2025-09-07T00:18:24.058+0000] {processor.py:208} INFO - Processing /home/airflow/.local/lib/python3.12/site-packages/airflow/example_dags/example_latest_only_with_trigger.py took 0.101 seconds
[2025-09-07T00:18:54.719+0000] {processor.py:186} INFO - Started process (PID=6358) to work on /home/airflow/.local/lib/python3.12/site-packages/airflow/example_dags/example_latest_only_with_trigger.py
[2025-09-07T00:18:54.720+0000] {processor.py:914} INFO - Processing file /home/airflow/.local/lib/python3.12/site-packages/airflow/example_dags/example_latest_only_with_trigger.py for tasks to queue
[2025-09-07T00:18:54.722+0000] {logging_mixin.py:190} INFO - [2025-09-07T00:18:54.721+0000] {dagbag.py:588} INFO - Filling up the DagBag from /home/airflow/.local/lib/python3.12/site-packages/airflow/example_dags/example_latest_only_with_trigger.py
[2025-09-07T00:18:54.730+0000] {processor.py:925} INFO - DAG(s) 'latest_only_with_trigger' retrieved from /home/airflow/.local/lib/python3.12/site-packages/airflow/example_dags/example_latest_only_with_trigger.py
[2025-09-07T00:18:54.761+0000] {logging_mixin.py:190} INFO - [2025-09-07T00:18:54.761+0000] {dag.py:3239} INFO - Sync 1 DAGs
[2025-09-07T00:18:54.790+0000] {logging_mixin.py:190} INFO - [2025-09-07T00:18:54.790+0000] {dag.py:4180} INFO - Setting next_dagrun for latest_only_with_trigger to 2025-09-06 20:00:00+00:00, run_after=2025-09-07 00:00:00+00:00
[2025-09-07T00:18:54.813+0000] {processor.py:208} INFO - Processing /home/airflow/.local/lib/python3.12/site-packages/airflow/example_dags/example_latest_only_with_trigger.py took 0.103 seconds
[2025-09-07T00:19:25.300+0000] {processor.py:186} INFO - Started process (PID=6423) to work on /home/airflow/.local/lib/python3.12/site-packages/airflow/example_dags/example_latest_only_with_trigger.py
[2025-09-07T00:19:25.302+0000] {processor.py:914} INFO - Processing file /home/airflow/.local/lib/python3.12/site-packages/airflow/example_dags/example_latest_only_with_trigger.py for tasks to queue
[2025-09-07T00:19:25.304+0000] {logging_mixin.py:190} INFO - [2025-09-07T00:19:25.303+0000] {dagbag.py:588} INFO - Filling up the DagBag from /home/airflow/.local/lib/python3.12/site-packages/airflow/example_dags/example_latest_only_with_trigger.py
[2025-09-07T00:19:25.314+0000] {processor.py:925} INFO - DAG(s) 'latest_only_with_trigger' retrieved from /home/airflow/.local/lib/python3.12/site-packages/airflow/example_dags/example_latest_only_with_trigger.py
[2025-09-07T00:19:25.341+0000] {logging_mixin.py:190} INFO - [2025-09-07T00:19:25.341+0000] {dag.py:3239} INFO - Sync 1 DAGs
[2025-09-07T00:19:25.378+0000] {logging_mixin.py:190} INFO - [2025-09-07T00:19:25.377+0000] {dag.py:4180} INFO - Setting next_dagrun for latest_only_with_trigger to 2025-09-06 20:00:00+00:00, run_after=2025-09-07 00:00:00+00:00
[2025-09-07T00:19:25.418+0000] {processor.py:208} INFO - Processing /home/airflow/.local/lib/python3.12/site-packages/airflow/example_dags/example_latest_only_with_trigger.py took 0.126 seconds
[2025-09-07T00:19:56.182+0000] {processor.py:186} INFO - Started process (PID=6489) to work on /home/airflow/.local/lib/python3.12/site-packages/airflow/example_dags/example_latest_only_with_trigger.py
[2025-09-07T00:19:56.184+0000] {processor.py:914} INFO - Processing file /home/airflow/.local/lib/python3.12/site-packages/airflow/example_dags/example_latest_only_with_trigger.py for tasks to queue
[2025-09-07T00:19:56.186+0000] {logging_mixin.py:190} INFO - [2025-09-07T00:19:56.185+0000] {dagbag.py:588} INFO - Filling up the DagBag from /home/airflow/.local/lib/python3.12/site-packages/airflow/example_dags/example_latest_only_with_trigger.py
[2025-09-07T00:19:56.201+0000] {processor.py:925} INFO - DAG(s) 'latest_only_with_trigger' retrieved from /home/airflow/.local/lib/python3.12/site-packages/airflow/example_dags/example_latest_only_with_trigger.py
[2025-09-07T00:19:56.236+0000] {logging_mixin.py:190} INFO - [2025-09-07T00:19:56.236+0000] {dag.py:3239} INFO - Sync 1 DAGs
[2025-09-07T00:19:56.266+0000] {logging_mixin.py:190} INFO - [2025-09-07T00:19:56.265+0000] {dag.py:4180} INFO - Setting next_dagrun for latest_only_with_trigger to 2025-09-06 20:00:00+00:00, run_after=2025-09-07 00:00:00+00:00
[2025-09-07T00:19:56.288+0000] {processor.py:208} INFO - Processing /home/airflow/.local/lib/python3.12/site-packages/airflow/example_dags/example_latest_only_with_trigger.py took 0.114 seconds
[2025-09-07T00:20:26.991+0000] {processor.py:186} INFO - Started process (PID=6555) to work on /home/airflow/.local/lib/python3.12/site-packages/airflow/example_dags/example_latest_only_with_trigger.py
[2025-09-07T00:20:26.993+0000] {processor.py:914} INFO - Processing file /home/airflow/.local/lib/python3.12/site-packages/airflow/example_dags/example_latest_only_with_trigger.py for tasks to queue
[2025-09-07T00:20:26.995+0000] {logging_mixin.py:190} INFO - [2025-09-07T00:20:26.995+0000] {dagbag.py:588} INFO - Filling up the DagBag from /home/airflow/.local/lib/python3.12/site-packages/airflow/example_dags/example_latest_only_with_trigger.py
[2025-09-07T00:20:27.014+0000] {processor.py:925} INFO - DAG(s) 'latest_only_with_trigger' retrieved from /home/airflow/.local/lib/python3.12/site-packages/airflow/example_dags/example_latest_only_with_trigger.py
[2025-09-07T00:20:27.043+0000] {logging_mixin.py:190} INFO - [2025-09-07T00:20:27.043+0000] {dag.py:3239} INFO - Sync 1 DAGs
[2025-09-07T00:20:27.076+0000] {logging_mixin.py:190} INFO - [2025-09-07T00:20:27.075+0000] {dag.py:4180} INFO - Setting next_dagrun for latest_only_with_trigger to 2025-09-06 20:00:00+00:00, run_after=2025-09-07 00:00:00+00:00
[2025-09-07T00:20:27.103+0000] {processor.py:208} INFO - Processing /home/airflow/.local/lib/python3.12/site-packages/airflow/example_dags/example_latest_only_with_trigger.py took 0.123 seconds
