[2025-09-07T00:00:26.777+0000] {processor.py:186} INFO - Started process (PID=3985) to work on /home/airflow/.local/lib/python3.12/site-packages/airflow/example_dags/example_setup_teardown.py
[2025-09-07T00:00:26.779+0000] {processor.py:914} INFO - Processing file /home/airflow/.local/lib/python3.12/site-packages/airflow/example_dags/example_setup_teardown.py for tasks to queue
[2025-09-07T00:00:26.781+0000] {logging_mixin.py:190} INFO - [2025-09-07T00:00:26.780+0000] {dagbag.py:588} INFO - Filling up the DagBag from /home/airflow/.local/lib/python3.12/site-packages/airflow/example_dags/example_setup_teardown.py
[2025-09-07T00:00:26.791+0000] {processor.py:925} INFO - DAG(s) 'example_setup_teardown' retrieved from /home/airflow/.local/lib/python3.12/site-packages/airflow/example_dags/example_setup_teardown.py
[2025-09-07T00:00:26.816+0000] {logging_mixin.py:190} INFO - [2025-09-07T00:00:26.815+0000] {dag.py:3239} INFO - Sync 1 DAGs
[2025-09-07T00:00:26.834+0000] {logging_mixin.py:190} INFO - [2025-09-07T00:00:26.833+0000] {dag.py:4180} INFO - Setting next_dagrun for example_setup_teardown to None, run_after=None
[2025-09-07T00:00:26.860+0000] {processor.py:208} INFO - Processing /home/airflow/.local/lib/python3.12/site-packages/airflow/example_dags/example_setup_teardown.py took 0.093 seconds
[2025-09-07T00:00:57.448+0000] {processor.py:186} INFO - Started process (PID=4051) to work on /home/airflow/.local/lib/python3.12/site-packages/airflow/example_dags/example_setup_teardown.py
[2025-09-07T00:00:57.449+0000] {processor.py:914} INFO - Processing file /home/airflow/.local/lib/python3.12/site-packages/airflow/example_dags/example_setup_teardown.py for tasks to queue
[2025-09-07T00:00:57.452+0000] {logging_mixin.py:190} INFO - [2025-09-07T00:00:57.451+0000] {dagbag.py:588} INFO - Filling up the DagBag from /home/airflow/.local/lib/python3.12/site-packages/airflow/example_dags/example_setup_teardown.py
[2025-09-07T00:00:57.465+0000] {processor.py:925} INFO - DAG(s) 'example_setup_teardown' retrieved from /home/airflow/.local/lib/python3.12/site-packages/airflow/example_dags/example_setup_teardown.py
[2025-09-07T00:00:57.489+0000] {logging_mixin.py:190} INFO - [2025-09-07T00:00:57.489+0000] {dag.py:3239} INFO - Sync 1 DAGs
[2025-09-07T00:00:57.511+0000] {logging_mixin.py:190} INFO - [2025-09-07T00:00:57.510+0000] {dag.py:4180} INFO - Setting next_dagrun for example_setup_teardown to None, run_after=None
[2025-09-07T00:00:57.536+0000] {processor.py:208} INFO - Processing /home/airflow/.local/lib/python3.12/site-packages/airflow/example_dags/example_setup_teardown.py took 0.096 seconds
[2025-09-07T00:01:27.623+0000] {processor.py:186} INFO - Started process (PID=4117) to work on /home/airflow/.local/lib/python3.12/site-packages/airflow/example_dags/example_setup_teardown.py
[2025-09-07T00:01:27.625+0000] {processor.py:914} INFO - Processing file /home/airflow/.local/lib/python3.12/site-packages/airflow/example_dags/example_setup_teardown.py for tasks to queue
[2025-09-07T00:01:27.627+0000] {logging_mixin.py:190} INFO - [2025-09-07T00:01:27.626+0000] {dagbag.py:588} INFO - Filling up the DagBag from /home/airflow/.local/lib/python3.12/site-packages/airflow/example_dags/example_setup_teardown.py
[2025-09-07T00:01:27.637+0000] {processor.py:925} INFO - DAG(s) 'example_setup_teardown' retrieved from /home/airflow/.local/lib/python3.12/site-packages/airflow/example_dags/example_setup_teardown.py
[2025-09-07T00:01:27.659+0000] {logging_mixin.py:190} INFO - [2025-09-07T00:01:27.658+0000] {dag.py:3239} INFO - Sync 1 DAGs
[2025-09-07T00:01:27.677+0000] {logging_mixin.py:190} INFO - [2025-09-07T00:01:27.676+0000] {dag.py:4180} INFO - Setting next_dagrun for example_setup_teardown to None, run_after=None
[2025-09-07T00:01:27.704+0000] {processor.py:208} INFO - Processing /home/airflow/.local/lib/python3.12/site-packages/airflow/example_dags/example_setup_teardown.py took 0.090 seconds
[2025-09-07T00:01:58.476+0000] {processor.py:186} INFO - Started process (PID=4182) to work on /home/airflow/.local/lib/python3.12/site-packages/airflow/example_dags/example_setup_teardown.py
[2025-09-07T00:01:58.478+0000] {processor.py:914} INFO - Processing file /home/airflow/.local/lib/python3.12/site-packages/airflow/example_dags/example_setup_teardown.py for tasks to queue
[2025-09-07T00:01:58.481+0000] {logging_mixin.py:190} INFO - [2025-09-07T00:01:58.480+0000] {dagbag.py:588} INFO - Filling up the DagBag from /home/airflow/.local/lib/python3.12/site-packages/airflow/example_dags/example_setup_teardown.py
[2025-09-07T00:01:58.496+0000] {processor.py:925} INFO - DAG(s) 'example_setup_teardown' retrieved from /home/airflow/.local/lib/python3.12/site-packages/airflow/example_dags/example_setup_teardown.py
[2025-09-07T00:01:58.523+0000] {logging_mixin.py:190} INFO - [2025-09-07T00:01:58.523+0000] {dag.py:3239} INFO - Sync 1 DAGs
[2025-09-07T00:01:58.544+0000] {logging_mixin.py:190} INFO - [2025-09-07T00:01:58.543+0000] {dag.py:4180} INFO - Setting next_dagrun for example_setup_teardown to None, run_after=None
[2025-09-07T00:01:58.570+0000] {processor.py:208} INFO - Processing /home/airflow/.local/lib/python3.12/site-packages/airflow/example_dags/example_setup_teardown.py took 0.103 seconds
[2025-09-07T00:02:29.356+0000] {processor.py:186} INFO - Started process (PID=4248) to work on /home/airflow/.local/lib/python3.12/site-packages/airflow/example_dags/example_setup_teardown.py
[2025-09-07T00:02:29.358+0000] {processor.py:914} INFO - Processing file /home/airflow/.local/lib/python3.12/site-packages/airflow/example_dags/example_setup_teardown.py for tasks to queue
[2025-09-07T00:02:29.361+0000] {logging_mixin.py:190} INFO - [2025-09-07T00:02:29.360+0000] {dagbag.py:588} INFO - Filling up the DagBag from /home/airflow/.local/lib/python3.12/site-packages/airflow/example_dags/example_setup_teardown.py
[2025-09-07T00:02:29.376+0000] {processor.py:925} INFO - DAG(s) 'example_setup_teardown' retrieved from /home/airflow/.local/lib/python3.12/site-packages/airflow/example_dags/example_setup_teardown.py
[2025-09-07T00:02:29.406+0000] {logging_mixin.py:190} INFO - [2025-09-07T00:02:29.405+0000] {dag.py:3239} INFO - Sync 1 DAGs
[2025-09-07T00:02:29.425+0000] {logging_mixin.py:190} INFO - [2025-09-07T00:02:29.425+0000] {dag.py:4180} INFO - Setting next_dagrun for example_setup_teardown to None, run_after=None
[2025-09-07T00:02:29.452+0000] {processor.py:208} INFO - Processing /home/airflow/.local/lib/python3.12/site-packages/airflow/example_dags/example_setup_teardown.py took 0.105 seconds
[2025-09-07T00:03:00.257+0000] {processor.py:186} INFO - Started process (PID=4314) to work on /home/airflow/.local/lib/python3.12/site-packages/airflow/example_dags/example_setup_teardown.py
[2025-09-07T00:03:00.259+0000] {processor.py:914} INFO - Processing file /home/airflow/.local/lib/python3.12/site-packages/airflow/example_dags/example_setup_teardown.py for tasks to queue
[2025-09-07T00:03:00.262+0000] {logging_mixin.py:190} INFO - [2025-09-07T00:03:00.261+0000] {dagbag.py:588} INFO - Filling up the DagBag from /home/airflow/.local/lib/python3.12/site-packages/airflow/example_dags/example_setup_teardown.py
[2025-09-07T00:03:00.271+0000] {processor.py:925} INFO - DAG(s) 'example_setup_teardown' retrieved from /home/airflow/.local/lib/python3.12/site-packages/airflow/example_dags/example_setup_teardown.py
[2025-09-07T00:03:00.296+0000] {logging_mixin.py:190} INFO - [2025-09-07T00:03:00.296+0000] {dag.py:3239} INFO - Sync 1 DAGs
[2025-09-07T00:03:00.316+0000] {logging_mixin.py:190} INFO - [2025-09-07T00:03:00.316+0000] {dag.py:4180} INFO - Setting next_dagrun for example_setup_teardown to None, run_after=None
[2025-09-07T00:03:00.344+0000] {processor.py:208} INFO - Processing /home/airflow/.local/lib/python3.12/site-packages/airflow/example_dags/example_setup_teardown.py took 0.096 seconds
[2025-09-07T00:03:31.011+0000] {processor.py:186} INFO - Started process (PID=4380) to work on /home/airflow/.local/lib/python3.12/site-packages/airflow/example_dags/example_setup_teardown.py
[2025-09-07T00:03:31.013+0000] {processor.py:914} INFO - Processing file /home/airflow/.local/lib/python3.12/site-packages/airflow/example_dags/example_setup_teardown.py for tasks to queue
[2025-09-07T00:03:31.015+0000] {logging_mixin.py:190} INFO - [2025-09-07T00:03:31.015+0000] {dagbag.py:588} INFO - Filling up the DagBag from /home/airflow/.local/lib/python3.12/site-packages/airflow/example_dags/example_setup_teardown.py
[2025-09-07T00:03:31.029+0000] {processor.py:925} INFO - DAG(s) 'example_setup_teardown' retrieved from /home/airflow/.local/lib/python3.12/site-packages/airflow/example_dags/example_setup_teardown.py
[2025-09-07T00:03:31.061+0000] {logging_mixin.py:190} INFO - [2025-09-07T00:03:31.061+0000] {dag.py:3239} INFO - Sync 1 DAGs
[2025-09-07T00:03:31.083+0000] {logging_mixin.py:190} INFO - [2025-09-07T00:03:31.083+0000] {dag.py:4180} INFO - Setting next_dagrun for example_setup_teardown to None, run_after=None
[2025-09-07T00:03:31.115+0000] {processor.py:208} INFO - Processing /home/airflow/.local/lib/python3.12/site-packages/airflow/example_dags/example_setup_teardown.py took 0.110 seconds
[2025-09-07T00:04:01.418+0000] {processor.py:186} INFO - Started process (PID=4446) to work on /home/airflow/.local/lib/python3.12/site-packages/airflow/example_dags/example_setup_teardown.py
[2025-09-07T00:04:01.420+0000] {processor.py:914} INFO - Processing file /home/airflow/.local/lib/python3.12/site-packages/airflow/example_dags/example_setup_teardown.py for tasks to queue
[2025-09-07T00:04:01.422+0000] {logging_mixin.py:190} INFO - [2025-09-07T00:04:01.422+0000] {dagbag.py:588} INFO - Filling up the DagBag from /home/airflow/.local/lib/python3.12/site-packages/airflow/example_dags/example_setup_teardown.py
[2025-09-07T00:04:01.432+0000] {processor.py:925} INFO - DAG(s) 'example_setup_teardown' retrieved from /home/airflow/.local/lib/python3.12/site-packages/airflow/example_dags/example_setup_teardown.py
[2025-09-07T00:04:01.460+0000] {logging_mixin.py:190} INFO - [2025-09-07T00:04:01.460+0000] {dag.py:3239} INFO - Sync 1 DAGs
[2025-09-07T00:04:01.482+0000] {logging_mixin.py:190} INFO - [2025-09-07T00:04:01.482+0000] {dag.py:4180} INFO - Setting next_dagrun for example_setup_teardown to None, run_after=None
[2025-09-07T00:04:01.509+0000] {processor.py:208} INFO - Processing /home/airflow/.local/lib/python3.12/site-packages/airflow/example_dags/example_setup_teardown.py took 0.101 seconds
[2025-09-07T00:04:31.834+0000] {processor.py:186} INFO - Started process (PID=4511) to work on /home/airflow/.local/lib/python3.12/site-packages/airflow/example_dags/example_setup_teardown.py
[2025-09-07T00:04:31.836+0000] {processor.py:914} INFO - Processing file /home/airflow/.local/lib/python3.12/site-packages/airflow/example_dags/example_setup_teardown.py for tasks to queue
[2025-09-07T00:04:31.846+0000] {logging_mixin.py:190} INFO - [2025-09-07T00:04:31.844+0000] {dagbag.py:588} INFO - Filling up the DagBag from /home/airflow/.local/lib/python3.12/site-packages/airflow/example_dags/example_setup_teardown.py
[2025-09-07T00:04:31.890+0000] {processor.py:925} INFO - DAG(s) 'example_setup_teardown' retrieved from /home/airflow/.local/lib/python3.12/site-packages/airflow/example_dags/example_setup_teardown.py
[2025-09-07T00:04:32.030+0000] {logging_mixin.py:190} INFO - [2025-09-07T00:04:32.029+0000] {dag.py:3239} INFO - Sync 1 DAGs
[2025-09-07T00:04:32.083+0000] {logging_mixin.py:190} INFO - [2025-09-07T00:04:32.083+0000] {dag.py:4180} INFO - Setting next_dagrun for example_setup_teardown to None, run_after=None
[2025-09-07T00:04:32.144+0000] {processor.py:208} INFO - Processing /home/airflow/.local/lib/python3.12/site-packages/airflow/example_dags/example_setup_teardown.py took 0.321 seconds
[2025-09-07T00:05:03.112+0000] {processor.py:186} INFO - Started process (PID=4578) to work on /home/airflow/.local/lib/python3.12/site-packages/airflow/example_dags/example_setup_teardown.py
[2025-09-07T00:05:03.113+0000] {processor.py:914} INFO - Processing file /home/airflow/.local/lib/python3.12/site-packages/airflow/example_dags/example_setup_teardown.py for tasks to queue
[2025-09-07T00:05:03.116+0000] {logging_mixin.py:190} INFO - [2025-09-07T00:05:03.114+0000] {dagbag.py:588} INFO - Filling up the DagBag from /home/airflow/.local/lib/python3.12/site-packages/airflow/example_dags/example_setup_teardown.py
[2025-09-07T00:05:03.125+0000] {processor.py:925} INFO - DAG(s) 'example_setup_teardown' retrieved from /home/airflow/.local/lib/python3.12/site-packages/airflow/example_dags/example_setup_teardown.py
[2025-09-07T00:05:03.152+0000] {logging_mixin.py:190} INFO - [2025-09-07T00:05:03.151+0000] {dag.py:3239} INFO - Sync 1 DAGs
[2025-09-07T00:05:03.166+0000] {logging_mixin.py:190} INFO - [2025-09-07T00:05:03.166+0000] {dag.py:4180} INFO - Setting next_dagrun for example_setup_teardown to None, run_after=None
[2025-09-07T00:05:03.194+0000] {processor.py:208} INFO - Processing /home/airflow/.local/lib/python3.12/site-packages/airflow/example_dags/example_setup_teardown.py took 0.087 seconds
[2025-09-07T00:05:34.099+0000] {processor.py:186} INFO - Started process (PID=4644) to work on /home/airflow/.local/lib/python3.12/site-packages/airflow/example_dags/example_setup_teardown.py
[2025-09-07T00:05:34.100+0000] {processor.py:914} INFO - Processing file /home/airflow/.local/lib/python3.12/site-packages/airflow/example_dags/example_setup_teardown.py for tasks to queue
[2025-09-07T00:05:34.102+0000] {logging_mixin.py:190} INFO - [2025-09-07T00:05:34.101+0000] {dagbag.py:588} INFO - Filling up the DagBag from /home/airflow/.local/lib/python3.12/site-packages/airflow/example_dags/example_setup_teardown.py
[2025-09-07T00:05:34.111+0000] {processor.py:925} INFO - DAG(s) 'example_setup_teardown' retrieved from /home/airflow/.local/lib/python3.12/site-packages/airflow/example_dags/example_setup_teardown.py
[2025-09-07T00:05:34.142+0000] {logging_mixin.py:190} INFO - [2025-09-07T00:05:34.142+0000] {dag.py:3239} INFO - Sync 1 DAGs
[2025-09-07T00:05:34.156+0000] {logging_mixin.py:190} INFO - [2025-09-07T00:05:34.156+0000] {dag.py:4180} INFO - Setting next_dagrun for example_setup_teardown to None, run_after=None
[2025-09-07T00:05:34.179+0000] {processor.py:208} INFO - Processing /home/airflow/.local/lib/python3.12/site-packages/airflow/example_dags/example_setup_teardown.py took 0.086 seconds
[2025-09-07T00:06:05.057+0000] {processor.py:186} INFO - Started process (PID=4710) to work on /home/airflow/.local/lib/python3.12/site-packages/airflow/example_dags/example_setup_teardown.py
[2025-09-07T00:06:05.058+0000] {processor.py:914} INFO - Processing file /home/airflow/.local/lib/python3.12/site-packages/airflow/example_dags/example_setup_teardown.py for tasks to queue
[2025-09-07T00:06:05.060+0000] {logging_mixin.py:190} INFO - [2025-09-07T00:06:05.060+0000] {dagbag.py:588} INFO - Filling up the DagBag from /home/airflow/.local/lib/python3.12/site-packages/airflow/example_dags/example_setup_teardown.py
[2025-09-07T00:06:05.075+0000] {processor.py:925} INFO - DAG(s) 'example_setup_teardown' retrieved from /home/airflow/.local/lib/python3.12/site-packages/airflow/example_dags/example_setup_teardown.py
[2025-09-07T00:06:05.106+0000] {logging_mixin.py:190} INFO - [2025-09-07T00:06:05.105+0000] {dag.py:3239} INFO - Sync 1 DAGs
[2025-09-07T00:06:05.127+0000] {logging_mixin.py:190} INFO - [2025-09-07T00:06:05.127+0000] {dag.py:4180} INFO - Setting next_dagrun for example_setup_teardown to None, run_after=None
[2025-09-07T00:06:05.157+0000] {processor.py:208} INFO - Processing /home/airflow/.local/lib/python3.12/site-packages/airflow/example_dags/example_setup_teardown.py took 0.109 seconds
[2025-09-07T00:06:35.580+0000] {processor.py:186} INFO - Started process (PID=4776) to work on /home/airflow/.local/lib/python3.12/site-packages/airflow/example_dags/example_setup_teardown.py
[2025-09-07T00:06:35.582+0000] {processor.py:914} INFO - Processing file /home/airflow/.local/lib/python3.12/site-packages/airflow/example_dags/example_setup_teardown.py for tasks to queue
[2025-09-07T00:06:35.584+0000] {logging_mixin.py:190} INFO - [2025-09-07T00:06:35.583+0000] {dagbag.py:588} INFO - Filling up the DagBag from /home/airflow/.local/lib/python3.12/site-packages/airflow/example_dags/example_setup_teardown.py
[2025-09-07T00:06:35.600+0000] {processor.py:925} INFO - DAG(s) 'example_setup_teardown' retrieved from /home/airflow/.local/lib/python3.12/site-packages/airflow/example_dags/example_setup_teardown.py
[2025-09-07T00:06:35.625+0000] {logging_mixin.py:190} INFO - [2025-09-07T00:06:35.624+0000] {dag.py:3239} INFO - Sync 1 DAGs
[2025-09-07T00:06:35.639+0000] {logging_mixin.py:190} INFO - [2025-09-07T00:06:35.639+0000] {dag.py:4180} INFO - Setting next_dagrun for example_setup_teardown to None, run_after=None
[2025-09-07T00:06:35.662+0000] {processor.py:208} INFO - Processing /home/airflow/.local/lib/python3.12/site-packages/airflow/example_dags/example_setup_teardown.py took 0.091 seconds
[2025-09-07T00:07:05.919+0000] {processor.py:186} INFO - Started process (PID=4841) to work on /home/airflow/.local/lib/python3.12/site-packages/airflow/example_dags/example_setup_teardown.py
[2025-09-07T00:07:05.920+0000] {processor.py:914} INFO - Processing file /home/airflow/.local/lib/python3.12/site-packages/airflow/example_dags/example_setup_teardown.py for tasks to queue
[2025-09-07T00:07:05.924+0000] {logging_mixin.py:190} INFO - [2025-09-07T00:07:05.923+0000] {dagbag.py:588} INFO - Filling up the DagBag from /home/airflow/.local/lib/python3.12/site-packages/airflow/example_dags/example_setup_teardown.py
[2025-09-07T00:07:05.941+0000] {processor.py:925} INFO - DAG(s) 'example_setup_teardown' retrieved from /home/airflow/.local/lib/python3.12/site-packages/airflow/example_dags/example_setup_teardown.py
[2025-09-07T00:07:05.969+0000] {logging_mixin.py:190} INFO - [2025-09-07T00:07:05.969+0000] {dag.py:3239} INFO - Sync 1 DAGs
[2025-09-07T00:07:05.991+0000] {logging_mixin.py:190} INFO - [2025-09-07T00:07:05.991+0000] {dag.py:4180} INFO - Setting next_dagrun for example_setup_teardown to None, run_after=None
[2025-09-07T00:07:06.019+0000] {processor.py:208} INFO - Processing /home/airflow/.local/lib/python3.12/site-packages/airflow/example_dags/example_setup_teardown.py took 0.110 seconds
[2025-09-07T00:07:36.462+0000] {processor.py:186} INFO - Started process (PID=4900) to work on /home/airflow/.local/lib/python3.12/site-packages/airflow/example_dags/example_setup_teardown.py
[2025-09-07T00:07:36.463+0000] {processor.py:914} INFO - Processing file /home/airflow/.local/lib/python3.12/site-packages/airflow/example_dags/example_setup_teardown.py for tasks to queue
[2025-09-07T00:07:36.465+0000] {logging_mixin.py:190} INFO - [2025-09-07T00:07:36.465+0000] {dagbag.py:588} INFO - Filling up the DagBag from /home/airflow/.local/lib/python3.12/site-packages/airflow/example_dags/example_setup_teardown.py
[2025-09-07T00:07:36.476+0000] {processor.py:925} INFO - DAG(s) 'example_setup_teardown' retrieved from /home/airflow/.local/lib/python3.12/site-packages/airflow/example_dags/example_setup_teardown.py
[2025-09-07T00:07:36.501+0000] {logging_mixin.py:190} INFO - [2025-09-07T00:07:36.501+0000] {dag.py:3239} INFO - Sync 1 DAGs
[2025-09-07T00:07:36.517+0000] {logging_mixin.py:190} INFO - [2025-09-07T00:07:36.516+0000] {dag.py:4180} INFO - Setting next_dagrun for example_setup_teardown to None, run_after=None
[2025-09-07T00:07:36.544+0000] {processor.py:208} INFO - Processing /home/airflow/.local/lib/python3.12/site-packages/airflow/example_dags/example_setup_teardown.py took 0.090 seconds
[2025-09-07T00:08:06.681+0000] {processor.py:186} INFO - Started process (PID=4963) to work on /home/airflow/.local/lib/python3.12/site-packages/airflow/example_dags/example_setup_teardown.py
[2025-09-07T00:08:06.683+0000] {processor.py:914} INFO - Processing file /home/airflow/.local/lib/python3.12/site-packages/airflow/example_dags/example_setup_teardown.py for tasks to queue
[2025-09-07T00:08:06.685+0000] {logging_mixin.py:190} INFO - [2025-09-07T00:08:06.685+0000] {dagbag.py:588} INFO - Filling up the DagBag from /home/airflow/.local/lib/python3.12/site-packages/airflow/example_dags/example_setup_teardown.py
[2025-09-07T00:08:06.700+0000] {processor.py:925} INFO - DAG(s) 'example_setup_teardown' retrieved from /home/airflow/.local/lib/python3.12/site-packages/airflow/example_dags/example_setup_teardown.py
[2025-09-07T00:08:06.730+0000] {logging_mixin.py:190} INFO - [2025-09-07T00:08:06.729+0000] {dag.py:3239} INFO - Sync 1 DAGs
[2025-09-07T00:08:06.745+0000] {logging_mixin.py:190} INFO - [2025-09-07T00:08:06.744+0000] {dag.py:4180} INFO - Setting next_dagrun for example_setup_teardown to None, run_after=None
[2025-09-07T00:08:06.769+0000] {processor.py:208} INFO - Processing /home/airflow/.local/lib/python3.12/site-packages/airflow/example_dags/example_setup_teardown.py took 0.097 seconds
[2025-09-07T00:08:36.843+0000] {processor.py:186} INFO - Started process (PID=5027) to work on /home/airflow/.local/lib/python3.12/site-packages/airflow/example_dags/example_setup_teardown.py
[2025-09-07T00:08:36.844+0000] {processor.py:914} INFO - Processing file /home/airflow/.local/lib/python3.12/site-packages/airflow/example_dags/example_setup_teardown.py for tasks to queue
[2025-09-07T00:08:36.846+0000] {logging_mixin.py:190} INFO - [2025-09-07T00:08:36.845+0000] {dagbag.py:588} INFO - Filling up the DagBag from /home/airflow/.local/lib/python3.12/site-packages/airflow/example_dags/example_setup_teardown.py
[2025-09-07T00:08:36.857+0000] {processor.py:925} INFO - DAG(s) 'example_setup_teardown' retrieved from /home/airflow/.local/lib/python3.12/site-packages/airflow/example_dags/example_setup_teardown.py
[2025-09-07T00:08:36.880+0000] {logging_mixin.py:190} INFO - [2025-09-07T00:08:36.880+0000] {dag.py:3239} INFO - Sync 1 DAGs
[2025-09-07T00:08:36.893+0000] {logging_mixin.py:190} INFO - [2025-09-07T00:08:36.893+0000] {dag.py:4180} INFO - Setting next_dagrun for example_setup_teardown to None, run_after=None
[2025-09-07T00:08:36.917+0000] {processor.py:208} INFO - Processing /home/airflow/.local/lib/python3.12/site-packages/airflow/example_dags/example_setup_teardown.py took 0.083 seconds
[2025-09-07T00:09:06.955+0000] {processor.py:186} INFO - Started process (PID=5093) to work on /home/airflow/.local/lib/python3.12/site-packages/airflow/example_dags/example_setup_teardown.py
[2025-09-07T00:09:06.956+0000] {processor.py:914} INFO - Processing file /home/airflow/.local/lib/python3.12/site-packages/airflow/example_dags/example_setup_teardown.py for tasks to queue
[2025-09-07T00:09:06.958+0000] {logging_mixin.py:190} INFO - [2025-09-07T00:09:06.957+0000] {dagbag.py:588} INFO - Filling up the DagBag from /home/airflow/.local/lib/python3.12/site-packages/airflow/example_dags/example_setup_teardown.py
[2025-09-07T00:09:06.970+0000] {processor.py:925} INFO - DAG(s) 'example_setup_teardown' retrieved from /home/airflow/.local/lib/python3.12/site-packages/airflow/example_dags/example_setup_teardown.py
[2025-09-07T00:09:06.996+0000] {logging_mixin.py:190} INFO - [2025-09-07T00:09:06.996+0000] {dag.py:3239} INFO - Sync 1 DAGs
[2025-09-07T00:09:07.017+0000] {logging_mixin.py:190} INFO - [2025-09-07T00:09:07.016+0000] {dag.py:4180} INFO - Setting next_dagrun for example_setup_teardown to None, run_after=None
[2025-09-07T00:09:07.034+0000] {processor.py:208} INFO - Processing /home/airflow/.local/lib/python3.12/site-packages/airflow/example_dags/example_setup_teardown.py took 0.085 seconds
[2025-09-07T00:09:37.706+0000] {processor.py:186} INFO - Started process (PID=5159) to work on /home/airflow/.local/lib/python3.12/site-packages/airflow/example_dags/example_setup_teardown.py
[2025-09-07T00:09:37.711+0000] {processor.py:914} INFO - Processing file /home/airflow/.local/lib/python3.12/site-packages/airflow/example_dags/example_setup_teardown.py for tasks to queue
[2025-09-07T00:09:37.713+0000] {logging_mixin.py:190} INFO - [2025-09-07T00:09:37.713+0000] {dagbag.py:588} INFO - Filling up the DagBag from /home/airflow/.local/lib/python3.12/site-packages/airflow/example_dags/example_setup_teardown.py
[2025-09-07T00:09:37.722+0000] {processor.py:925} INFO - DAG(s) 'example_setup_teardown' retrieved from /home/airflow/.local/lib/python3.12/site-packages/airflow/example_dags/example_setup_teardown.py
[2025-09-07T00:09:37.746+0000] {logging_mixin.py:190} INFO - [2025-09-07T00:09:37.745+0000] {dag.py:3239} INFO - Sync 1 DAGs
[2025-09-07T00:09:37.769+0000] {logging_mixin.py:190} INFO - [2025-09-07T00:09:37.769+0000] {dag.py:4180} INFO - Setting next_dagrun for example_setup_teardown to None, run_after=None
[2025-09-07T00:09:37.793+0000] {processor.py:208} INFO - Processing /home/airflow/.local/lib/python3.12/site-packages/airflow/example_dags/example_setup_teardown.py took 0.095 seconds
[2025-09-07T00:10:07.948+0000] {processor.py:186} INFO - Started process (PID=5225) to work on /home/airflow/.local/lib/python3.12/site-packages/airflow/example_dags/example_setup_teardown.py
[2025-09-07T00:10:07.949+0000] {processor.py:914} INFO - Processing file /home/airflow/.local/lib/python3.12/site-packages/airflow/example_dags/example_setup_teardown.py for tasks to queue
[2025-09-07T00:10:07.951+0000] {logging_mixin.py:190} INFO - [2025-09-07T00:10:07.951+0000] {dagbag.py:588} INFO - Filling up the DagBag from /home/airflow/.local/lib/python3.12/site-packages/airflow/example_dags/example_setup_teardown.py
[2025-09-07T00:10:07.962+0000] {processor.py:925} INFO - DAG(s) 'example_setup_teardown' retrieved from /home/airflow/.local/lib/python3.12/site-packages/airflow/example_dags/example_setup_teardown.py
[2025-09-07T00:10:07.990+0000] {logging_mixin.py:190} INFO - [2025-09-07T00:10:07.990+0000] {dag.py:3239} INFO - Sync 1 DAGs
[2025-09-07T00:10:08.010+0000] {logging_mixin.py:190} INFO - [2025-09-07T00:10:08.010+0000] {dag.py:4180} INFO - Setting next_dagrun for example_setup_teardown to None, run_after=None
[2025-09-07T00:10:08.036+0000] {processor.py:208} INFO - Processing /home/airflow/.local/lib/python3.12/site-packages/airflow/example_dags/example_setup_teardown.py took 0.095 seconds
[2025-09-07T00:10:38.689+0000] {processor.py:186} INFO - Started process (PID=5291) to work on /home/airflow/.local/lib/python3.12/site-packages/airflow/example_dags/example_setup_teardown.py
[2025-09-07T00:10:38.690+0000] {processor.py:914} INFO - Processing file /home/airflow/.local/lib/python3.12/site-packages/airflow/example_dags/example_setup_teardown.py for tasks to queue
[2025-09-07T00:10:38.692+0000] {logging_mixin.py:190} INFO - [2025-09-07T00:10:38.692+0000] {dagbag.py:588} INFO - Filling up the DagBag from /home/airflow/.local/lib/python3.12/site-packages/airflow/example_dags/example_setup_teardown.py
[2025-09-07T00:10:38.701+0000] {processor.py:925} INFO - DAG(s) 'example_setup_teardown' retrieved from /home/airflow/.local/lib/python3.12/site-packages/airflow/example_dags/example_setup_teardown.py
[2025-09-07T00:10:38.727+0000] {logging_mixin.py:190} INFO - [2025-09-07T00:10:38.726+0000] {dag.py:3239} INFO - Sync 1 DAGs
[2025-09-07T00:10:38.748+0000] {logging_mixin.py:190} INFO - [2025-09-07T00:10:38.748+0000] {dag.py:4180} INFO - Setting next_dagrun for example_setup_teardown to None, run_after=None
[2025-09-07T00:10:38.778+0000] {processor.py:208} INFO - Processing /home/airflow/.local/lib/python3.12/site-packages/airflow/example_dags/example_setup_teardown.py took 0.094 seconds
[2025-09-07T00:11:08.940+0000] {processor.py:186} INFO - Started process (PID=5357) to work on /home/airflow/.local/lib/python3.12/site-packages/airflow/example_dags/example_setup_teardown.py
[2025-09-07T00:11:08.941+0000] {processor.py:914} INFO - Processing file /home/airflow/.local/lib/python3.12/site-packages/airflow/example_dags/example_setup_teardown.py for tasks to queue
[2025-09-07T00:11:08.943+0000] {logging_mixin.py:190} INFO - [2025-09-07T00:11:08.942+0000] {dagbag.py:588} INFO - Filling up the DagBag from /home/airflow/.local/lib/python3.12/site-packages/airflow/example_dags/example_setup_teardown.py
[2025-09-07T00:11:08.954+0000] {processor.py:925} INFO - DAG(s) 'example_setup_teardown' retrieved from /home/airflow/.local/lib/python3.12/site-packages/airflow/example_dags/example_setup_teardown.py
[2025-09-07T00:11:08.991+0000] {logging_mixin.py:190} INFO - [2025-09-07T00:11:08.991+0000] {dag.py:3239} INFO - Sync 1 DAGs
[2025-09-07T00:11:09.017+0000] {logging_mixin.py:190} INFO - [2025-09-07T00:11:09.017+0000] {dag.py:4180} INFO - Setting next_dagrun for example_setup_teardown to None, run_after=None
[2025-09-07T00:11:09.046+0000] {processor.py:208} INFO - Processing /home/airflow/.local/lib/python3.12/site-packages/airflow/example_dags/example_setup_teardown.py took 0.113 seconds
[2025-09-07T00:11:39.648+0000] {processor.py:186} INFO - Started process (PID=5423) to work on /home/airflow/.local/lib/python3.12/site-packages/airflow/example_dags/example_setup_teardown.py
[2025-09-07T00:11:39.650+0000] {processor.py:914} INFO - Processing file /home/airflow/.local/lib/python3.12/site-packages/airflow/example_dags/example_setup_teardown.py for tasks to queue
[2025-09-07T00:11:39.652+0000] {logging_mixin.py:190} INFO - [2025-09-07T00:11:39.652+0000] {dagbag.py:588} INFO - Filling up the DagBag from /home/airflow/.local/lib/python3.12/site-packages/airflow/example_dags/example_setup_teardown.py
[2025-09-07T00:11:39.660+0000] {processor.py:925} INFO - DAG(s) 'example_setup_teardown' retrieved from /home/airflow/.local/lib/python3.12/site-packages/airflow/example_dags/example_setup_teardown.py
[2025-09-07T00:11:39.685+0000] {logging_mixin.py:190} INFO - [2025-09-07T00:11:39.685+0000] {dag.py:3239} INFO - Sync 1 DAGs
[2025-09-07T00:11:39.705+0000] {logging_mixin.py:190} INFO - [2025-09-07T00:11:39.704+0000] {dag.py:4180} INFO - Setting next_dagrun for example_setup_teardown to None, run_after=None
[2025-09-07T00:11:39.741+0000] {processor.py:208} INFO - Processing /home/airflow/.local/lib/python3.12/site-packages/airflow/example_dags/example_setup_teardown.py took 0.103 seconds
[2025-09-07T00:12:09.828+0000] {processor.py:186} INFO - Started process (PID=5489) to work on /home/airflow/.local/lib/python3.12/site-packages/airflow/example_dags/example_setup_teardown.py
[2025-09-07T00:12:09.830+0000] {processor.py:914} INFO - Processing file /home/airflow/.local/lib/python3.12/site-packages/airflow/example_dags/example_setup_teardown.py for tasks to queue
[2025-09-07T00:12:09.832+0000] {logging_mixin.py:190} INFO - [2025-09-07T00:12:09.832+0000] {dagbag.py:588} INFO - Filling up the DagBag from /home/airflow/.local/lib/python3.12/site-packages/airflow/example_dags/example_setup_teardown.py
[2025-09-07T00:12:09.849+0000] {processor.py:925} INFO - DAG(s) 'example_setup_teardown' retrieved from /home/airflow/.local/lib/python3.12/site-packages/airflow/example_dags/example_setup_teardown.py
[2025-09-07T00:12:09.883+0000] {logging_mixin.py:190} INFO - [2025-09-07T00:12:09.882+0000] {dag.py:3239} INFO - Sync 1 DAGs
[2025-09-07T00:12:09.906+0000] {logging_mixin.py:190} INFO - [2025-09-07T00:12:09.905+0000] {dag.py:4180} INFO - Setting next_dagrun for example_setup_teardown to None, run_after=None
[2025-09-07T00:12:09.929+0000] {processor.py:208} INFO - Processing /home/airflow/.local/lib/python3.12/site-packages/airflow/example_dags/example_setup_teardown.py took 0.111 seconds
[2025-09-07T00:12:40.060+0000] {processor.py:186} INFO - Started process (PID=5554) to work on /home/airflow/.local/lib/python3.12/site-packages/airflow/example_dags/example_setup_teardown.py
[2025-09-07T00:12:40.062+0000] {processor.py:914} INFO - Processing file /home/airflow/.local/lib/python3.12/site-packages/airflow/example_dags/example_setup_teardown.py for tasks to queue
[2025-09-07T00:12:40.064+0000] {logging_mixin.py:190} INFO - [2025-09-07T00:12:40.064+0000] {dagbag.py:588} INFO - Filling up the DagBag from /home/airflow/.local/lib/python3.12/site-packages/airflow/example_dags/example_setup_teardown.py
[2025-09-07T00:12:40.078+0000] {processor.py:925} INFO - DAG(s) 'example_setup_teardown' retrieved from /home/airflow/.local/lib/python3.12/site-packages/airflow/example_dags/example_setup_teardown.py
[2025-09-07T00:12:40.113+0000] {logging_mixin.py:190} INFO - [2025-09-07T00:12:40.113+0000] {dag.py:3239} INFO - Sync 1 DAGs
[2025-09-07T00:12:40.132+0000] {logging_mixin.py:190} INFO - [2025-09-07T00:12:40.132+0000] {dag.py:4180} INFO - Setting next_dagrun for example_setup_teardown to None, run_after=None
[2025-09-07T00:12:40.161+0000] {processor.py:208} INFO - Processing /home/airflow/.local/lib/python3.12/site-packages/airflow/example_dags/example_setup_teardown.py took 0.111 seconds
[2025-09-07T00:13:11.158+0000] {processor.py:186} INFO - Started process (PID=5620) to work on /home/airflow/.local/lib/python3.12/site-packages/airflow/example_dags/example_setup_teardown.py
[2025-09-07T00:13:11.160+0000] {processor.py:914} INFO - Processing file /home/airflow/.local/lib/python3.12/site-packages/airflow/example_dags/example_setup_teardown.py for tasks to queue
[2025-09-07T00:13:11.162+0000] {logging_mixin.py:190} INFO - [2025-09-07T00:13:11.162+0000] {dagbag.py:588} INFO - Filling up the DagBag from /home/airflow/.local/lib/python3.12/site-packages/airflow/example_dags/example_setup_teardown.py
[2025-09-07T00:13:11.174+0000] {processor.py:925} INFO - DAG(s) 'example_setup_teardown' retrieved from /home/airflow/.local/lib/python3.12/site-packages/airflow/example_dags/example_setup_teardown.py
[2025-09-07T00:13:11.209+0000] {logging_mixin.py:190} INFO - [2025-09-07T00:13:11.209+0000] {dag.py:3239} INFO - Sync 1 DAGs
[2025-09-07T00:13:11.230+0000] {logging_mixin.py:190} INFO - [2025-09-07T00:13:11.229+0000] {dag.py:4180} INFO - Setting next_dagrun for example_setup_teardown to None, run_after=None
[2025-09-07T00:13:11.261+0000] {processor.py:208} INFO - Processing /home/airflow/.local/lib/python3.12/site-packages/airflow/example_dags/example_setup_teardown.py took 0.110 seconds
[2025-09-07T00:13:42.341+0000] {processor.py:186} INFO - Started process (PID=5686) to work on /home/airflow/.local/lib/python3.12/site-packages/airflow/example_dags/example_setup_teardown.py
[2025-09-07T00:13:42.343+0000] {processor.py:914} INFO - Processing file /home/airflow/.local/lib/python3.12/site-packages/airflow/example_dags/example_setup_teardown.py for tasks to queue
[2025-09-07T00:13:42.346+0000] {logging_mixin.py:190} INFO - [2025-09-07T00:13:42.346+0000] {dagbag.py:588} INFO - Filling up the DagBag from /home/airflow/.local/lib/python3.12/site-packages/airflow/example_dags/example_setup_teardown.py
[2025-09-07T00:13:42.360+0000] {processor.py:925} INFO - DAG(s) 'example_setup_teardown' retrieved from /home/airflow/.local/lib/python3.12/site-packages/airflow/example_dags/example_setup_teardown.py
[2025-09-07T00:13:42.393+0000] {logging_mixin.py:190} INFO - [2025-09-07T00:13:42.393+0000] {dag.py:3239} INFO - Sync 1 DAGs
[2025-09-07T00:13:42.683+0000] {logging_mixin.py:190} INFO - [2025-09-07T00:13:42.682+0000] {dag.py:4180} INFO - Setting next_dagrun for example_setup_teardown to None, run_after=None
[2025-09-07T00:13:42.714+0000] {processor.py:208} INFO - Processing /home/airflow/.local/lib/python3.12/site-packages/airflow/example_dags/example_setup_teardown.py took 0.380 seconds
[2025-09-07T00:14:13.352+0000] {processor.py:186} INFO - Started process (PID=5752) to work on /home/airflow/.local/lib/python3.12/site-packages/airflow/example_dags/example_setup_teardown.py
[2025-09-07T00:14:13.354+0000] {processor.py:914} INFO - Processing file /home/airflow/.local/lib/python3.12/site-packages/airflow/example_dags/example_setup_teardown.py for tasks to queue
[2025-09-07T00:14:13.357+0000] {logging_mixin.py:190} INFO - [2025-09-07T00:14:13.356+0000] {dagbag.py:588} INFO - Filling up the DagBag from /home/airflow/.local/lib/python3.12/site-packages/airflow/example_dags/example_setup_teardown.py
[2025-09-07T00:14:13.367+0000] {processor.py:925} INFO - DAG(s) 'example_setup_teardown' retrieved from /home/airflow/.local/lib/python3.12/site-packages/airflow/example_dags/example_setup_teardown.py
[2025-09-07T00:14:13.400+0000] {logging_mixin.py:190} INFO - [2025-09-07T00:14:13.399+0000] {dag.py:3239} INFO - Sync 1 DAGs
[2025-09-07T00:14:13.421+0000] {logging_mixin.py:190} INFO - [2025-09-07T00:14:13.420+0000] {dag.py:4180} INFO - Setting next_dagrun for example_setup_teardown to None, run_after=None
[2025-09-07T00:14:13.455+0000] {processor.py:208} INFO - Processing /home/airflow/.local/lib/python3.12/site-packages/airflow/example_dags/example_setup_teardown.py took 0.109 seconds
[2025-09-07T00:14:44.109+0000] {processor.py:186} INFO - Started process (PID=5818) to work on /home/airflow/.local/lib/python3.12/site-packages/airflow/example_dags/example_setup_teardown.py
[2025-09-07T00:14:44.110+0000] {processor.py:914} INFO - Processing file /home/airflow/.local/lib/python3.12/site-packages/airflow/example_dags/example_setup_teardown.py for tasks to queue
[2025-09-07T00:14:44.112+0000] {logging_mixin.py:190} INFO - [2025-09-07T00:14:44.112+0000] {dagbag.py:588} INFO - Filling up the DagBag from /home/airflow/.local/lib/python3.12/site-packages/airflow/example_dags/example_setup_teardown.py
[2025-09-07T00:14:44.125+0000] {processor.py:925} INFO - DAG(s) 'example_setup_teardown' retrieved from /home/airflow/.local/lib/python3.12/site-packages/airflow/example_dags/example_setup_teardown.py
[2025-09-07T00:14:44.153+0000] {logging_mixin.py:190} INFO - [2025-09-07T00:14:44.153+0000] {dag.py:3239} INFO - Sync 1 DAGs
[2025-09-07T00:14:44.174+0000] {logging_mixin.py:190} INFO - [2025-09-07T00:14:44.174+0000] {dag.py:4180} INFO - Setting next_dagrun for example_setup_teardown to None, run_after=None
[2025-09-07T00:14:44.198+0000] {processor.py:208} INFO - Processing /home/airflow/.local/lib/python3.12/site-packages/airflow/example_dags/example_setup_teardown.py took 0.095 seconds
[2025-09-07T00:15:14.314+0000] {processor.py:186} INFO - Started process (PID=5884) to work on /home/airflow/.local/lib/python3.12/site-packages/airflow/example_dags/example_setup_teardown.py
[2025-09-07T00:15:14.316+0000] {processor.py:914} INFO - Processing file /home/airflow/.local/lib/python3.12/site-packages/airflow/example_dags/example_setup_teardown.py for tasks to queue
[2025-09-07T00:15:14.319+0000] {logging_mixin.py:190} INFO - [2025-09-07T00:15:14.318+0000] {dagbag.py:588} INFO - Filling up the DagBag from /home/airflow/.local/lib/python3.12/site-packages/airflow/example_dags/example_setup_teardown.py
[2025-09-07T00:15:14.334+0000] {processor.py:925} INFO - DAG(s) 'example_setup_teardown' retrieved from /home/airflow/.local/lib/python3.12/site-packages/airflow/example_dags/example_setup_teardown.py
[2025-09-07T00:15:14.369+0000] {logging_mixin.py:190} INFO - [2025-09-07T00:15:14.368+0000] {dag.py:3239} INFO - Sync 1 DAGs
[2025-09-07T00:15:14.398+0000] {logging_mixin.py:190} INFO - [2025-09-07T00:15:14.398+0000] {dag.py:4180} INFO - Setting next_dagrun for example_setup_teardown to None, run_after=None
[2025-09-07T00:15:14.426+0000] {processor.py:208} INFO - Processing /home/airflow/.local/lib/python3.12/site-packages/airflow/example_dags/example_setup_teardown.py took 0.122 seconds
[2025-09-07T00:15:44.878+0000] {processor.py:186} INFO - Started process (PID=5948) to work on /home/airflow/.local/lib/python3.12/site-packages/airflow/example_dags/example_setup_teardown.py
[2025-09-07T00:15:44.879+0000] {processor.py:914} INFO - Processing file /home/airflow/.local/lib/python3.12/site-packages/airflow/example_dags/example_setup_teardown.py for tasks to queue
[2025-09-07T00:15:44.881+0000] {logging_mixin.py:190} INFO - [2025-09-07T00:15:44.881+0000] {dagbag.py:588} INFO - Filling up the DagBag from /home/airflow/.local/lib/python3.12/site-packages/airflow/example_dags/example_setup_teardown.py
[2025-09-07T00:15:44.895+0000] {processor.py:925} INFO - DAG(s) 'example_setup_teardown' retrieved from /home/airflow/.local/lib/python3.12/site-packages/airflow/example_dags/example_setup_teardown.py
[2025-09-07T00:15:44.929+0000] {logging_mixin.py:190} INFO - [2025-09-07T00:15:44.928+0000] {dag.py:3239} INFO - Sync 1 DAGs
[2025-09-07T00:15:44.949+0000] {logging_mixin.py:190} INFO - [2025-09-07T00:15:44.948+0000] {dag.py:4180} INFO - Setting next_dagrun for example_setup_teardown to None, run_after=None
[2025-09-07T00:15:44.978+0000] {processor.py:208} INFO - Processing /home/airflow/.local/lib/python3.12/site-packages/airflow/example_dags/example_setup_teardown.py took 0.106 seconds
[2025-09-07T00:16:15.552+0000] {processor.py:186} INFO - Started process (PID=6008) to work on /home/airflow/.local/lib/python3.12/site-packages/airflow/example_dags/example_setup_teardown.py
[2025-09-07T00:16:15.553+0000] {processor.py:914} INFO - Processing file /home/airflow/.local/lib/python3.12/site-packages/airflow/example_dags/example_setup_teardown.py for tasks to queue
[2025-09-07T00:16:15.556+0000] {logging_mixin.py:190} INFO - [2025-09-07T00:16:15.555+0000] {dagbag.py:588} INFO - Filling up the DagBag from /home/airflow/.local/lib/python3.12/site-packages/airflow/example_dags/example_setup_teardown.py
[2025-09-07T00:16:15.571+0000] {processor.py:925} INFO - DAG(s) 'example_setup_teardown' retrieved from /home/airflow/.local/lib/python3.12/site-packages/airflow/example_dags/example_setup_teardown.py
[2025-09-07T00:16:15.601+0000] {logging_mixin.py:190} INFO - [2025-09-07T00:16:15.601+0000] {dag.py:3239} INFO - Sync 1 DAGs
[2025-09-07T00:16:15.616+0000] {logging_mixin.py:190} INFO - [2025-09-07T00:16:15.616+0000] {dag.py:4180} INFO - Setting next_dagrun for example_setup_teardown to None, run_after=None
[2025-09-07T00:16:15.642+0000] {processor.py:208} INFO - Processing /home/airflow/.local/lib/python3.12/site-packages/airflow/example_dags/example_setup_teardown.py took 0.099 seconds
[2025-09-07T00:16:46.078+0000] {processor.py:186} INFO - Started process (PID=6073) to work on /home/airflow/.local/lib/python3.12/site-packages/airflow/example_dags/example_setup_teardown.py
[2025-09-07T00:16:46.079+0000] {processor.py:914} INFO - Processing file /home/airflow/.local/lib/python3.12/site-packages/airflow/example_dags/example_setup_teardown.py for tasks to queue
[2025-09-07T00:16:46.081+0000] {logging_mixin.py:190} INFO - [2025-09-07T00:16:46.081+0000] {dagbag.py:588} INFO - Filling up the DagBag from /home/airflow/.local/lib/python3.12/site-packages/airflow/example_dags/example_setup_teardown.py
[2025-09-07T00:16:46.096+0000] {processor.py:925} INFO - DAG(s) 'example_setup_teardown' retrieved from /home/airflow/.local/lib/python3.12/site-packages/airflow/example_dags/example_setup_teardown.py
[2025-09-07T00:16:46.117+0000] {logging_mixin.py:190} INFO - [2025-09-07T00:16:46.116+0000] {dag.py:3239} INFO - Sync 1 DAGs
[2025-09-07T00:16:46.131+0000] {logging_mixin.py:190} INFO - [2025-09-07T00:16:46.131+0000] {dag.py:4180} INFO - Setting next_dagrun for example_setup_teardown to None, run_after=None
[2025-09-07T00:16:46.155+0000] {processor.py:208} INFO - Processing /home/airflow/.local/lib/python3.12/site-packages/airflow/example_dags/example_setup_teardown.py took 0.084 seconds
[2025-09-07T00:17:16.825+0000] {processor.py:186} INFO - Started process (PID=6139) to work on /home/airflow/.local/lib/python3.12/site-packages/airflow/example_dags/example_setup_teardown.py
[2025-09-07T00:17:16.826+0000] {processor.py:914} INFO - Processing file /home/airflow/.local/lib/python3.12/site-packages/airflow/example_dags/example_setup_teardown.py for tasks to queue
[2025-09-07T00:17:16.829+0000] {logging_mixin.py:190} INFO - [2025-09-07T00:17:16.828+0000] {dagbag.py:588} INFO - Filling up the DagBag from /home/airflow/.local/lib/python3.12/site-packages/airflow/example_dags/example_setup_teardown.py
[2025-09-07T00:17:16.842+0000] {processor.py:925} INFO - DAG(s) 'example_setup_teardown' retrieved from /home/airflow/.local/lib/python3.12/site-packages/airflow/example_dags/example_setup_teardown.py
[2025-09-07T00:17:16.864+0000] {logging_mixin.py:190} INFO - [2025-09-07T00:17:16.864+0000] {dag.py:3239} INFO - Sync 1 DAGs
[2025-09-07T00:17:16.882+0000] {logging_mixin.py:190} INFO - [2025-09-07T00:17:16.882+0000] {dag.py:4180} INFO - Setting next_dagrun for example_setup_teardown to None, run_after=None
[2025-09-07T00:17:16.907+0000] {processor.py:208} INFO - Processing /home/airflow/.local/lib/python3.12/site-packages/airflow/example_dags/example_setup_teardown.py took 0.090 seconds
[2025-09-07T00:17:47.468+0000] {processor.py:186} INFO - Started process (PID=6205) to work on /home/airflow/.local/lib/python3.12/site-packages/airflow/example_dags/example_setup_teardown.py
[2025-09-07T00:17:47.470+0000] {processor.py:914} INFO - Processing file /home/airflow/.local/lib/python3.12/site-packages/airflow/example_dags/example_setup_teardown.py for tasks to queue
[2025-09-07T00:17:47.473+0000] {logging_mixin.py:190} INFO - [2025-09-07T00:17:47.472+0000] {dagbag.py:588} INFO - Filling up the DagBag from /home/airflow/.local/lib/python3.12/site-packages/airflow/example_dags/example_setup_teardown.py
[2025-09-07T00:17:47.487+0000] {processor.py:925} INFO - DAG(s) 'example_setup_teardown' retrieved from /home/airflow/.local/lib/python3.12/site-packages/airflow/example_dags/example_setup_teardown.py
[2025-09-07T00:17:47.515+0000] {logging_mixin.py:190} INFO - [2025-09-07T00:17:47.515+0000] {dag.py:3239} INFO - Sync 1 DAGs
[2025-09-07T00:17:47.536+0000] {logging_mixin.py:190} INFO - [2025-09-07T00:17:47.535+0000] {dag.py:4180} INFO - Setting next_dagrun for example_setup_teardown to None, run_after=None
[2025-09-07T00:17:47.560+0000] {processor.py:208} INFO - Processing /home/airflow/.local/lib/python3.12/site-packages/airflow/example_dags/example_setup_teardown.py took 0.102 seconds
[2025-09-07T00:18:18.251+0000] {processor.py:186} INFO - Started process (PID=6271) to work on /home/airflow/.local/lib/python3.12/site-packages/airflow/example_dags/example_setup_teardown.py
[2025-09-07T00:18:18.255+0000] {processor.py:914} INFO - Processing file /home/airflow/.local/lib/python3.12/site-packages/airflow/example_dags/example_setup_teardown.py for tasks to queue
[2025-09-07T00:18:18.258+0000] {logging_mixin.py:190} INFO - [2025-09-07T00:18:18.257+0000] {dagbag.py:588} INFO - Filling up the DagBag from /home/airflow/.local/lib/python3.12/site-packages/airflow/example_dags/example_setup_teardown.py
[2025-09-07T00:18:18.276+0000] {processor.py:925} INFO - DAG(s) 'example_setup_teardown' retrieved from /home/airflow/.local/lib/python3.12/site-packages/airflow/example_dags/example_setup_teardown.py
[2025-09-07T00:18:18.313+0000] {logging_mixin.py:190} INFO - [2025-09-07T00:18:18.313+0000] {dag.py:3239} INFO - Sync 1 DAGs
[2025-09-07T00:18:18.337+0000] {logging_mixin.py:190} INFO - [2025-09-07T00:18:18.336+0000] {dag.py:4180} INFO - Setting next_dagrun for example_setup_teardown to None, run_after=None
[2025-09-07T00:18:18.364+0000] {processor.py:208} INFO - Processing /home/airflow/.local/lib/python3.12/site-packages/airflow/example_dags/example_setup_teardown.py took 0.123 seconds
[2025-09-07T00:18:49.052+0000] {processor.py:186} INFO - Started process (PID=6337) to work on /home/airflow/.local/lib/python3.12/site-packages/airflow/example_dags/example_setup_teardown.py
[2025-09-07T00:18:49.054+0000] {processor.py:914} INFO - Processing file /home/airflow/.local/lib/python3.12/site-packages/airflow/example_dags/example_setup_teardown.py for tasks to queue
[2025-09-07T00:18:49.056+0000] {logging_mixin.py:190} INFO - [2025-09-07T00:18:49.055+0000] {dagbag.py:588} INFO - Filling up the DagBag from /home/airflow/.local/lib/python3.12/site-packages/airflow/example_dags/example_setup_teardown.py
[2025-09-07T00:18:49.071+0000] {processor.py:925} INFO - DAG(s) 'example_setup_teardown' retrieved from /home/airflow/.local/lib/python3.12/site-packages/airflow/example_dags/example_setup_teardown.py
[2025-09-07T00:18:49.099+0000] {logging_mixin.py:190} INFO - [2025-09-07T00:18:49.099+0000] {dag.py:3239} INFO - Sync 1 DAGs
[2025-09-07T00:18:49.114+0000] {logging_mixin.py:190} INFO - [2025-09-07T00:18:49.114+0000] {dag.py:4180} INFO - Setting next_dagrun for example_setup_teardown to None, run_after=None
[2025-09-07T00:18:49.139+0000] {processor.py:208} INFO - Processing /home/airflow/.local/lib/python3.12/site-packages/airflow/example_dags/example_setup_teardown.py took 0.096 seconds
[2025-09-07T00:19:19.610+0000] {processor.py:186} INFO - Started process (PID=6402) to work on /home/airflow/.local/lib/python3.12/site-packages/airflow/example_dags/example_setup_teardown.py
[2025-09-07T00:19:19.611+0000] {processor.py:914} INFO - Processing file /home/airflow/.local/lib/python3.12/site-packages/airflow/example_dags/example_setup_teardown.py for tasks to queue
[2025-09-07T00:19:19.613+0000] {logging_mixin.py:190} INFO - [2025-09-07T00:19:19.613+0000] {dagbag.py:588} INFO - Filling up the DagBag from /home/airflow/.local/lib/python3.12/site-packages/airflow/example_dags/example_setup_teardown.py
[2025-09-07T00:19:19.623+0000] {processor.py:925} INFO - DAG(s) 'example_setup_teardown' retrieved from /home/airflow/.local/lib/python3.12/site-packages/airflow/example_dags/example_setup_teardown.py
[2025-09-07T00:19:19.652+0000] {logging_mixin.py:190} INFO - [2025-09-07T00:19:19.652+0000] {dag.py:3239} INFO - Sync 1 DAGs
[2025-09-07T00:19:19.669+0000] {logging_mixin.py:190} INFO - [2025-09-07T00:19:19.668+0000] {dag.py:4180} INFO - Setting next_dagrun for example_setup_teardown to None, run_after=None
[2025-09-07T00:19:19.697+0000] {processor.py:208} INFO - Processing /home/airflow/.local/lib/python3.12/site-packages/airflow/example_dags/example_setup_teardown.py took 0.098 seconds
[2025-09-07T00:19:50.493+0000] {processor.py:186} INFO - Started process (PID=6468) to work on /home/airflow/.local/lib/python3.12/site-packages/airflow/example_dags/example_setup_teardown.py
[2025-09-07T00:19:50.497+0000] {processor.py:914} INFO - Processing file /home/airflow/.local/lib/python3.12/site-packages/airflow/example_dags/example_setup_teardown.py for tasks to queue
[2025-09-07T00:19:50.500+0000] {logging_mixin.py:190} INFO - [2025-09-07T00:19:50.500+0000] {dagbag.py:588} INFO - Filling up the DagBag from /home/airflow/.local/lib/python3.12/site-packages/airflow/example_dags/example_setup_teardown.py
[2025-09-07T00:19:50.520+0000] {processor.py:925} INFO - DAG(s) 'example_setup_teardown' retrieved from /home/airflow/.local/lib/python3.12/site-packages/airflow/example_dags/example_setup_teardown.py
[2025-09-07T00:19:50.549+0000] {logging_mixin.py:190} INFO - [2025-09-07T00:19:50.549+0000] {dag.py:3239} INFO - Sync 1 DAGs
[2025-09-07T00:19:50.571+0000] {logging_mixin.py:190} INFO - [2025-09-07T00:19:50.570+0000] {dag.py:4180} INFO - Setting next_dagrun for example_setup_teardown to None, run_after=None
[2025-09-07T00:19:50.596+0000] {processor.py:208} INFO - Processing /home/airflow/.local/lib/python3.12/site-packages/airflow/example_dags/example_setup_teardown.py took 0.114 seconds
[2025-09-07T00:20:21.226+0000] {processor.py:186} INFO - Started process (PID=6534) to work on /home/airflow/.local/lib/python3.12/site-packages/airflow/example_dags/example_setup_teardown.py
[2025-09-07T00:20:21.228+0000] {processor.py:914} INFO - Processing file /home/airflow/.local/lib/python3.12/site-packages/airflow/example_dags/example_setup_teardown.py for tasks to queue
[2025-09-07T00:20:21.230+0000] {logging_mixin.py:190} INFO - [2025-09-07T00:20:21.229+0000] {dagbag.py:588} INFO - Filling up the DagBag from /home/airflow/.local/lib/python3.12/site-packages/airflow/example_dags/example_setup_teardown.py
[2025-09-07T00:20:21.240+0000] {processor.py:925} INFO - DAG(s) 'example_setup_teardown' retrieved from /home/airflow/.local/lib/python3.12/site-packages/airflow/example_dags/example_setup_teardown.py
[2025-09-07T00:20:21.268+0000] {logging_mixin.py:190} INFO - [2025-09-07T00:20:21.268+0000] {dag.py:3239} INFO - Sync 1 DAGs
[2025-09-07T00:20:21.290+0000] {logging_mixin.py:190} INFO - [2025-09-07T00:20:21.290+0000] {dag.py:4180} INFO - Setting next_dagrun for example_setup_teardown to None, run_after=None
[2025-09-07T00:20:21.320+0000] {processor.py:208} INFO - Processing /home/airflow/.local/lib/python3.12/site-packages/airflow/example_dags/example_setup_teardown.py took 0.103 seconds
