[2025-09-07T00:00:25.577+0000] {processor.py:186} INFO - Started process (PID=3978) to work on /home/airflow/.local/lib/python3.12/site-packages/airflow/example_dags/example_task_group_decorator.py
[2025-09-07T00:00:25.578+0000] {processor.py:914} INFO - Processing file /home/airflow/.local/lib/python3.12/site-packages/airflow/example_dags/example_task_group_decorator.py for tasks to queue
[2025-09-07T00:00:25.580+0000] {logging_mixin.py:190} INFO - [2025-09-07T00:00:25.580+0000] {dagbag.py:588} INFO - Filling up the DagBag from /home/airflow/.local/lib/python3.12/site-packages/airflow/example_dags/example_task_group_decorator.py
[2025-09-07T00:00:25.603+0000] {processor.py:925} INFO - DAG(s) 'example_task_group_decorator' retrieved from /home/airflow/.local/lib/python3.12/site-packages/airflow/example_dags/example_task_group_decorator.py
[2025-09-07T00:00:25.634+0000] {logging_mixin.py:190} INFO - [2025-09-07T00:00:25.634+0000] {dag.py:3239} INFO - Sync 1 DAGs
[2025-09-07T00:00:25.656+0000] {logging_mixin.py:190} INFO - [2025-09-07T00:00:25.656+0000] {dag.py:4180} INFO - Setting next_dagrun for example_task_group_decorator to None, run_after=None
[2025-09-07T00:00:25.680+0000] {processor.py:208} INFO - Processing /home/airflow/.local/lib/python3.12/site-packages/airflow/example_dags/example_task_group_decorator.py took 0.109 seconds
[2025-09-07T00:00:56.246+0000] {processor.py:186} INFO - Started process (PID=4044) to work on /home/airflow/.local/lib/python3.12/site-packages/airflow/example_dags/example_task_group_decorator.py
[2025-09-07T00:00:56.248+0000] {processor.py:914} INFO - Processing file /home/airflow/.local/lib/python3.12/site-packages/airflow/example_dags/example_task_group_decorator.py for tasks to queue
[2025-09-07T00:00:56.250+0000] {logging_mixin.py:190} INFO - [2025-09-07T00:00:56.249+0000] {dagbag.py:588} INFO - Filling up the DagBag from /home/airflow/.local/lib/python3.12/site-packages/airflow/example_dags/example_task_group_decorator.py
[2025-09-07T00:00:56.275+0000] {processor.py:925} INFO - DAG(s) 'example_task_group_decorator' retrieved from /home/airflow/.local/lib/python3.12/site-packages/airflow/example_dags/example_task_group_decorator.py
[2025-09-07T00:00:56.310+0000] {logging_mixin.py:190} INFO - [2025-09-07T00:00:56.309+0000] {dag.py:3239} INFO - Sync 1 DAGs
[2025-09-07T00:00:56.330+0000] {logging_mixin.py:190} INFO - [2025-09-07T00:00:56.330+0000] {dag.py:4180} INFO - Setting next_dagrun for example_task_group_decorator to None, run_after=None
[2025-09-07T00:00:56.360+0000] {processor.py:208} INFO - Processing /home/airflow/.local/lib/python3.12/site-packages/airflow/example_dags/example_task_group_decorator.py took 0.123 seconds
[2025-09-07T00:01:26.433+0000] {processor.py:186} INFO - Started process (PID=4110) to work on /home/airflow/.local/lib/python3.12/site-packages/airflow/example_dags/example_task_group_decorator.py
[2025-09-07T00:01:26.435+0000] {processor.py:914} INFO - Processing file /home/airflow/.local/lib/python3.12/site-packages/airflow/example_dags/example_task_group_decorator.py for tasks to queue
[2025-09-07T00:01:26.437+0000] {logging_mixin.py:190} INFO - [2025-09-07T00:01:26.436+0000] {dagbag.py:588} INFO - Filling up the DagBag from /home/airflow/.local/lib/python3.12/site-packages/airflow/example_dags/example_task_group_decorator.py
[2025-09-07T00:01:26.451+0000] {processor.py:925} INFO - DAG(s) 'example_task_group_decorator' retrieved from /home/airflow/.local/lib/python3.12/site-packages/airflow/example_dags/example_task_group_decorator.py
[2025-09-07T00:01:26.475+0000] {logging_mixin.py:190} INFO - [2025-09-07T00:01:26.475+0000] {dag.py:3239} INFO - Sync 1 DAGs
[2025-09-07T00:01:26.489+0000] {logging_mixin.py:190} INFO - [2025-09-07T00:01:26.489+0000] {dag.py:4180} INFO - Setting next_dagrun for example_task_group_decorator to None, run_after=None
[2025-09-07T00:01:26.508+0000] {processor.py:208} INFO - Processing /home/airflow/.local/lib/python3.12/site-packages/airflow/example_dags/example_task_group_decorator.py took 0.080 seconds
[2025-09-07T00:01:57.267+0000] {processor.py:186} INFO - Started process (PID=4175) to work on /home/airflow/.local/lib/python3.12/site-packages/airflow/example_dags/example_task_group_decorator.py
[2025-09-07T00:01:57.274+0000] {processor.py:914} INFO - Processing file /home/airflow/.local/lib/python3.12/site-packages/airflow/example_dags/example_task_group_decorator.py for tasks to queue
[2025-09-07T00:01:57.277+0000] {logging_mixin.py:190} INFO - [2025-09-07T00:01:57.276+0000] {dagbag.py:588} INFO - Filling up the DagBag from /home/airflow/.local/lib/python3.12/site-packages/airflow/example_dags/example_task_group_decorator.py
[2025-09-07T00:01:57.297+0000] {processor.py:925} INFO - DAG(s) 'example_task_group_decorator' retrieved from /home/airflow/.local/lib/python3.12/site-packages/airflow/example_dags/example_task_group_decorator.py
[2025-09-07T00:01:57.330+0000] {logging_mixin.py:190} INFO - [2025-09-07T00:01:57.329+0000] {dag.py:3239} INFO - Sync 1 DAGs
[2025-09-07T00:01:57.350+0000] {logging_mixin.py:190} INFO - [2025-09-07T00:01:57.349+0000] {dag.py:4180} INFO - Setting next_dagrun for example_task_group_decorator to None, run_after=None
[2025-09-07T00:01:57.372+0000] {processor.py:208} INFO - Processing /home/airflow/.local/lib/python3.12/site-packages/airflow/example_dags/example_task_group_decorator.py took 0.111 seconds
[2025-09-07T00:02:28.165+0000] {processor.py:186} INFO - Started process (PID=4241) to work on /home/airflow/.local/lib/python3.12/site-packages/airflow/example_dags/example_task_group_decorator.py
[2025-09-07T00:02:28.167+0000] {processor.py:914} INFO - Processing file /home/airflow/.local/lib/python3.12/site-packages/airflow/example_dags/example_task_group_decorator.py for tasks to queue
[2025-09-07T00:02:28.169+0000] {logging_mixin.py:190} INFO - [2025-09-07T00:02:28.168+0000] {dagbag.py:588} INFO - Filling up the DagBag from /home/airflow/.local/lib/python3.12/site-packages/airflow/example_dags/example_task_group_decorator.py
[2025-09-07T00:02:28.198+0000] {processor.py:925} INFO - DAG(s) 'example_task_group_decorator' retrieved from /home/airflow/.local/lib/python3.12/site-packages/airflow/example_dags/example_task_group_decorator.py
[2025-09-07T00:02:28.235+0000] {logging_mixin.py:190} INFO - [2025-09-07T00:02:28.235+0000] {dag.py:3239} INFO - Sync 1 DAGs
[2025-09-07T00:02:28.261+0000] {logging_mixin.py:190} INFO - [2025-09-07T00:02:28.261+0000] {dag.py:4180} INFO - Setting next_dagrun for example_task_group_decorator to None, run_after=None
[2025-09-07T00:02:28.284+0000] {processor.py:208} INFO - Processing /home/airflow/.local/lib/python3.12/site-packages/airflow/example_dags/example_task_group_decorator.py took 0.128 seconds
[2025-09-07T00:02:59.038+0000] {processor.py:186} INFO - Started process (PID=4307) to work on /home/airflow/.local/lib/python3.12/site-packages/airflow/example_dags/example_task_group_decorator.py
[2025-09-07T00:02:59.042+0000] {processor.py:914} INFO - Processing file /home/airflow/.local/lib/python3.12/site-packages/airflow/example_dags/example_task_group_decorator.py for tasks to queue
[2025-09-07T00:02:59.045+0000] {logging_mixin.py:190} INFO - [2025-09-07T00:02:59.044+0000] {dagbag.py:588} INFO - Filling up the DagBag from /home/airflow/.local/lib/python3.12/site-packages/airflow/example_dags/example_task_group_decorator.py
[2025-09-07T00:02:59.059+0000] {processor.py:925} INFO - DAG(s) 'example_task_group_decorator' retrieved from /home/airflow/.local/lib/python3.12/site-packages/airflow/example_dags/example_task_group_decorator.py
[2025-09-07T00:02:59.080+0000] {logging_mixin.py:190} INFO - [2025-09-07T00:02:59.080+0000] {dag.py:3239} INFO - Sync 1 DAGs
[2025-09-07T00:02:59.093+0000] {logging_mixin.py:190} INFO - [2025-09-07T00:02:59.093+0000] {dag.py:4180} INFO - Setting next_dagrun for example_task_group_decorator to None, run_after=None
[2025-09-07T00:02:59.118+0000] {processor.py:208} INFO - Processing /home/airflow/.local/lib/python3.12/site-packages/airflow/example_dags/example_task_group_decorator.py took 0.088 seconds
[2025-09-07T00:03:29.838+0000] {processor.py:186} INFO - Started process (PID=4373) to work on /home/airflow/.local/lib/python3.12/site-packages/airflow/example_dags/example_task_group_decorator.py
[2025-09-07T00:03:29.839+0000] {processor.py:914} INFO - Processing file /home/airflow/.local/lib/python3.12/site-packages/airflow/example_dags/example_task_group_decorator.py for tasks to queue
[2025-09-07T00:03:29.841+0000] {logging_mixin.py:190} INFO - [2025-09-07T00:03:29.841+0000] {dagbag.py:588} INFO - Filling up the DagBag from /home/airflow/.local/lib/python3.12/site-packages/airflow/example_dags/example_task_group_decorator.py
[2025-09-07T00:03:29.857+0000] {processor.py:925} INFO - DAG(s) 'example_task_group_decorator' retrieved from /home/airflow/.local/lib/python3.12/site-packages/airflow/example_dags/example_task_group_decorator.py
[2025-09-07T00:03:29.889+0000] {logging_mixin.py:190} INFO - [2025-09-07T00:03:29.889+0000] {dag.py:3239} INFO - Sync 1 DAGs
[2025-09-07T00:03:29.911+0000] {logging_mixin.py:190} INFO - [2025-09-07T00:03:29.911+0000] {dag.py:4180} INFO - Setting next_dagrun for example_task_group_decorator to None, run_after=None
[2025-09-07T00:03:29.933+0000] {processor.py:208} INFO - Processing /home/airflow/.local/lib/python3.12/site-packages/airflow/example_dags/example_task_group_decorator.py took 0.101 seconds
[2025-09-07T00:04:00.201+0000] {processor.py:186} INFO - Started process (PID=4439) to work on /home/airflow/.local/lib/python3.12/site-packages/airflow/example_dags/example_task_group_decorator.py
[2025-09-07T00:04:00.202+0000] {processor.py:914} INFO - Processing file /home/airflow/.local/lib/python3.12/site-packages/airflow/example_dags/example_task_group_decorator.py for tasks to queue
[2025-09-07T00:04:00.205+0000] {logging_mixin.py:190} INFO - [2025-09-07T00:04:00.204+0000] {dagbag.py:588} INFO - Filling up the DagBag from /home/airflow/.local/lib/python3.12/site-packages/airflow/example_dags/example_task_group_decorator.py
[2025-09-07T00:04:00.230+0000] {processor.py:925} INFO - DAG(s) 'example_task_group_decorator' retrieved from /home/airflow/.local/lib/python3.12/site-packages/airflow/example_dags/example_task_group_decorator.py
[2025-09-07T00:04:00.263+0000] {logging_mixin.py:190} INFO - [2025-09-07T00:04:00.263+0000] {dag.py:3239} INFO - Sync 1 DAGs
[2025-09-07T00:04:00.276+0000] {logging_mixin.py:190} INFO - [2025-09-07T00:04:00.276+0000] {dag.py:4180} INFO - Setting next_dagrun for example_task_group_decorator to None, run_after=None
[2025-09-07T00:04:00.300+0000] {processor.py:208} INFO - Processing /home/airflow/.local/lib/python3.12/site-packages/airflow/example_dags/example_task_group_decorator.py took 0.108 seconds
[2025-09-07T00:04:31.310+0000] {processor.py:186} INFO - Started process (PID=4505) to work on /home/airflow/.local/lib/python3.12/site-packages/airflow/example_dags/example_task_group_decorator.py
[2025-09-07T00:04:31.321+0000] {processor.py:914} INFO - Processing file /home/airflow/.local/lib/python3.12/site-packages/airflow/example_dags/example_task_group_decorator.py for tasks to queue
[2025-09-07T00:04:31.328+0000] {logging_mixin.py:190} INFO - [2025-09-07T00:04:31.327+0000] {dagbag.py:588} INFO - Filling up the DagBag from /home/airflow/.local/lib/python3.12/site-packages/airflow/example_dags/example_task_group_decorator.py
[2025-09-07T00:04:31.414+0000] {processor.py:925} INFO - DAG(s) 'example_task_group_decorator' retrieved from /home/airflow/.local/lib/python3.12/site-packages/airflow/example_dags/example_task_group_decorator.py
[2025-09-07T00:04:31.506+0000] {logging_mixin.py:190} INFO - [2025-09-07T00:04:31.505+0000] {dag.py:3239} INFO - Sync 1 DAGs
[2025-09-07T00:04:31.535+0000] {logging_mixin.py:190} INFO - [2025-09-07T00:04:31.534+0000] {dag.py:4180} INFO - Setting next_dagrun for example_task_group_decorator to None, run_after=None
[2025-09-07T00:04:31.685+0000] {processor.py:208} INFO - Processing /home/airflow/.local/lib/python3.12/site-packages/airflow/example_dags/example_task_group_decorator.py took 0.425 seconds
[2025-09-07T00:05:01.914+0000] {processor.py:186} INFO - Started process (PID=4571) to work on /home/airflow/.local/lib/python3.12/site-packages/airflow/example_dags/example_task_group_decorator.py
[2025-09-07T00:05:01.916+0000] {processor.py:914} INFO - Processing file /home/airflow/.local/lib/python3.12/site-packages/airflow/example_dags/example_task_group_decorator.py for tasks to queue
[2025-09-07T00:05:01.918+0000] {logging_mixin.py:190} INFO - [2025-09-07T00:05:01.917+0000] {dagbag.py:588} INFO - Filling up the DagBag from /home/airflow/.local/lib/python3.12/site-packages/airflow/example_dags/example_task_group_decorator.py
[2025-09-07T00:05:01.932+0000] {processor.py:925} INFO - DAG(s) 'example_task_group_decorator' retrieved from /home/airflow/.local/lib/python3.12/site-packages/airflow/example_dags/example_task_group_decorator.py
[2025-09-07T00:05:01.958+0000] {logging_mixin.py:190} INFO - [2025-09-07T00:05:01.957+0000] {dag.py:3239} INFO - Sync 1 DAGs
[2025-09-07T00:05:01.971+0000] {logging_mixin.py:190} INFO - [2025-09-07T00:05:01.970+0000] {dag.py:4180} INFO - Setting next_dagrun for example_task_group_decorator to None, run_after=None
[2025-09-07T00:05:01.997+0000] {processor.py:208} INFO - Processing /home/airflow/.local/lib/python3.12/site-packages/airflow/example_dags/example_task_group_decorator.py took 0.092 seconds
[2025-09-07T00:05:32.894+0000] {processor.py:186} INFO - Started process (PID=4637) to work on /home/airflow/.local/lib/python3.12/site-packages/airflow/example_dags/example_task_group_decorator.py
[2025-09-07T00:05:32.895+0000] {processor.py:914} INFO - Processing file /home/airflow/.local/lib/python3.12/site-packages/airflow/example_dags/example_task_group_decorator.py for tasks to queue
[2025-09-07T00:05:32.897+0000] {logging_mixin.py:190} INFO - [2025-09-07T00:05:32.897+0000] {dagbag.py:588} INFO - Filling up the DagBag from /home/airflow/.local/lib/python3.12/site-packages/airflow/example_dags/example_task_group_decorator.py
[2025-09-07T00:05:32.912+0000] {processor.py:925} INFO - DAG(s) 'example_task_group_decorator' retrieved from /home/airflow/.local/lib/python3.12/site-packages/airflow/example_dags/example_task_group_decorator.py
[2025-09-07T00:05:32.940+0000] {logging_mixin.py:190} INFO - [2025-09-07T00:05:32.940+0000] {dag.py:3239} INFO - Sync 1 DAGs
[2025-09-07T00:05:32.961+0000] {logging_mixin.py:190} INFO - [2025-09-07T00:05:32.961+0000] {dag.py:4180} INFO - Setting next_dagrun for example_task_group_decorator to None, run_after=None
[2025-09-07T00:05:32.986+0000] {processor.py:208} INFO - Processing /home/airflow/.local/lib/python3.12/site-packages/airflow/example_dags/example_task_group_decorator.py took 0.100 seconds
[2025-09-07T00:06:03.815+0000] {processor.py:186} INFO - Started process (PID=4703) to work on /home/airflow/.local/lib/python3.12/site-packages/airflow/example_dags/example_task_group_decorator.py
[2025-09-07T00:06:03.817+0000] {processor.py:914} INFO - Processing file /home/airflow/.local/lib/python3.12/site-packages/airflow/example_dags/example_task_group_decorator.py for tasks to queue
[2025-09-07T00:06:03.819+0000] {logging_mixin.py:190} INFO - [2025-09-07T00:06:03.819+0000] {dagbag.py:588} INFO - Filling up the DagBag from /home/airflow/.local/lib/python3.12/site-packages/airflow/example_dags/example_task_group_decorator.py
[2025-09-07T00:06:03.841+0000] {processor.py:925} INFO - DAG(s) 'example_task_group_decorator' retrieved from /home/airflow/.local/lib/python3.12/site-packages/airflow/example_dags/example_task_group_decorator.py
[2025-09-07T00:06:03.870+0000] {logging_mixin.py:190} INFO - [2025-09-07T00:06:03.870+0000] {dag.py:3239} INFO - Sync 1 DAGs
[2025-09-07T00:06:03.888+0000] {logging_mixin.py:190} INFO - [2025-09-07T00:06:03.887+0000] {dag.py:4180} INFO - Setting next_dagrun for example_task_group_decorator to None, run_after=None
[2025-09-07T00:06:03.918+0000] {processor.py:208} INFO - Processing /home/airflow/.local/lib/python3.12/site-packages/airflow/example_dags/example_task_group_decorator.py took 0.111 seconds
[2025-09-07T00:06:34.288+0000] {processor.py:186} INFO - Started process (PID=4769) to work on /home/airflow/.local/lib/python3.12/site-packages/airflow/example_dags/example_task_group_decorator.py
[2025-09-07T00:06:34.291+0000] {processor.py:914} INFO - Processing file /home/airflow/.local/lib/python3.12/site-packages/airflow/example_dags/example_task_group_decorator.py for tasks to queue
[2025-09-07T00:06:34.294+0000] {logging_mixin.py:190} INFO - [2025-09-07T00:06:34.293+0000] {dagbag.py:588} INFO - Filling up the DagBag from /home/airflow/.local/lib/python3.12/site-packages/airflow/example_dags/example_task_group_decorator.py
[2025-09-07T00:06:34.320+0000] {processor.py:925} INFO - DAG(s) 'example_task_group_decorator' retrieved from /home/airflow/.local/lib/python3.12/site-packages/airflow/example_dags/example_task_group_decorator.py
[2025-09-07T00:06:34.352+0000] {logging_mixin.py:190} INFO - [2025-09-07T00:06:34.352+0000] {dag.py:3239} INFO - Sync 1 DAGs
[2025-09-07T00:06:34.369+0000] {logging_mixin.py:190} INFO - [2025-09-07T00:06:34.369+0000] {dag.py:4180} INFO - Setting next_dagrun for example_task_group_decorator to None, run_after=None
[2025-09-07T00:06:34.394+0000] {processor.py:208} INFO - Processing /home/airflow/.local/lib/python3.12/site-packages/airflow/example_dags/example_task_group_decorator.py took 0.116 seconds
[2025-09-07T00:07:05.379+0000] {processor.py:186} INFO - Started process (PID=4834) to work on /home/airflow/.local/lib/python3.12/site-packages/airflow/example_dags/example_task_group_decorator.py
[2025-09-07T00:07:05.382+0000] {processor.py:914} INFO - Processing file /home/airflow/.local/lib/python3.12/site-packages/airflow/example_dags/example_task_group_decorator.py for tasks to queue
[2025-09-07T00:07:05.384+0000] {logging_mixin.py:190} INFO - [2025-09-07T00:07:05.383+0000] {dagbag.py:588} INFO - Filling up the DagBag from /home/airflow/.local/lib/python3.12/site-packages/airflow/example_dags/example_task_group_decorator.py
[2025-09-07T00:07:05.403+0000] {processor.py:925} INFO - DAG(s) 'example_task_group_decorator' retrieved from /home/airflow/.local/lib/python3.12/site-packages/airflow/example_dags/example_task_group_decorator.py
[2025-09-07T00:07:05.445+0000] {logging_mixin.py:190} INFO - [2025-09-07T00:07:05.444+0000] {dag.py:3239} INFO - Sync 1 DAGs
[2025-09-07T00:07:05.465+0000] {logging_mixin.py:190} INFO - [2025-09-07T00:07:05.465+0000] {dag.py:4180} INFO - Setting next_dagrun for example_task_group_decorator to None, run_after=None
[2025-09-07T00:07:05.510+0000] {processor.py:208} INFO - Processing /home/airflow/.local/lib/python3.12/site-packages/airflow/example_dags/example_task_group_decorator.py took 0.141 seconds
[2025-09-07T00:07:35.937+0000] {processor.py:186} INFO - Started process (PID=4892) to work on /home/airflow/.local/lib/python3.12/site-packages/airflow/example_dags/example_task_group_decorator.py
[2025-09-07T00:07:35.939+0000] {processor.py:914} INFO - Processing file /home/airflow/.local/lib/python3.12/site-packages/airflow/example_dags/example_task_group_decorator.py for tasks to queue
[2025-09-07T00:07:35.942+0000] {logging_mixin.py:190} INFO - [2025-09-07T00:07:35.941+0000] {dagbag.py:588} INFO - Filling up the DagBag from /home/airflow/.local/lib/python3.12/site-packages/airflow/example_dags/example_task_group_decorator.py
[2025-09-07T00:07:35.962+0000] {processor.py:925} INFO - DAG(s) 'example_task_group_decorator' retrieved from /home/airflow/.local/lib/python3.12/site-packages/airflow/example_dags/example_task_group_decorator.py
[2025-09-07T00:07:35.989+0000] {logging_mixin.py:190} INFO - [2025-09-07T00:07:35.989+0000] {dag.py:3239} INFO - Sync 1 DAGs
[2025-09-07T00:07:36.004+0000] {logging_mixin.py:190} INFO - [2025-09-07T00:07:36.004+0000] {dag.py:4180} INFO - Setting next_dagrun for example_task_group_decorator to None, run_after=None
[2025-09-07T00:07:36.032+0000] {processor.py:208} INFO - Processing /home/airflow/.local/lib/python3.12/site-packages/airflow/example_dags/example_task_group_decorator.py took 0.100 seconds
[2025-09-07T00:08:06.270+0000] {processor.py:186} INFO - Started process (PID=4954) to work on /home/airflow/.local/lib/python3.12/site-packages/airflow/example_dags/example_task_group_decorator.py
[2025-09-07T00:08:06.272+0000] {processor.py:914} INFO - Processing file /home/airflow/.local/lib/python3.12/site-packages/airflow/example_dags/example_task_group_decorator.py for tasks to queue
[2025-09-07T00:08:06.273+0000] {logging_mixin.py:190} INFO - [2025-09-07T00:08:06.273+0000] {dagbag.py:588} INFO - Filling up the DagBag from /home/airflow/.local/lib/python3.12/site-packages/airflow/example_dags/example_task_group_decorator.py
[2025-09-07T00:08:06.289+0000] {processor.py:925} INFO - DAG(s) 'example_task_group_decorator' retrieved from /home/airflow/.local/lib/python3.12/site-packages/airflow/example_dags/example_task_group_decorator.py
[2025-09-07T00:08:06.317+0000] {logging_mixin.py:190} INFO - [2025-09-07T00:08:06.316+0000] {dag.py:3239} INFO - Sync 1 DAGs
[2025-09-07T00:08:06.332+0000] {logging_mixin.py:190} INFO - [2025-09-07T00:08:06.331+0000] {dag.py:4180} INFO - Setting next_dagrun for example_task_group_decorator to None, run_after=None
[2025-09-07T00:08:06.360+0000] {processor.py:208} INFO - Processing /home/airflow/.local/lib/python3.12/site-packages/airflow/example_dags/example_task_group_decorator.py took 0.095 seconds
[2025-09-07T00:08:36.471+0000] {processor.py:186} INFO - Started process (PID=5020) to work on /home/airflow/.local/lib/python3.12/site-packages/airflow/example_dags/example_task_group_decorator.py
[2025-09-07T00:08:36.472+0000] {processor.py:914} INFO - Processing file /home/airflow/.local/lib/python3.12/site-packages/airflow/example_dags/example_task_group_decorator.py for tasks to queue
[2025-09-07T00:08:36.473+0000] {logging_mixin.py:190} INFO - [2025-09-07T00:08:36.473+0000] {dagbag.py:588} INFO - Filling up the DagBag from /home/airflow/.local/lib/python3.12/site-packages/airflow/example_dags/example_task_group_decorator.py
[2025-09-07T00:08:36.485+0000] {processor.py:925} INFO - DAG(s) 'example_task_group_decorator' retrieved from /home/airflow/.local/lib/python3.12/site-packages/airflow/example_dags/example_task_group_decorator.py
[2025-09-07T00:08:36.514+0000] {logging_mixin.py:190} INFO - [2025-09-07T00:08:36.514+0000] {dag.py:3239} INFO - Sync 1 DAGs
[2025-09-07T00:08:36.525+0000] {logging_mixin.py:190} INFO - [2025-09-07T00:08:36.525+0000] {dag.py:4180} INFO - Setting next_dagrun for example_task_group_decorator to None, run_after=None
[2025-09-07T00:08:36.546+0000] {processor.py:208} INFO - Processing /home/airflow/.local/lib/python3.12/site-packages/airflow/example_dags/example_task_group_decorator.py took 0.080 seconds
[2025-09-07T00:09:06.679+0000] {processor.py:186} INFO - Started process (PID=5086) to work on /home/airflow/.local/lib/python3.12/site-packages/airflow/example_dags/example_task_group_decorator.py
[2025-09-07T00:09:06.680+0000] {processor.py:914} INFO - Processing file /home/airflow/.local/lib/python3.12/site-packages/airflow/example_dags/example_task_group_decorator.py for tasks to queue
[2025-09-07T00:09:06.682+0000] {logging_mixin.py:190} INFO - [2025-09-07T00:09:06.681+0000] {dagbag.py:588} INFO - Filling up the DagBag from /home/airflow/.local/lib/python3.12/site-packages/airflow/example_dags/example_task_group_decorator.py
[2025-09-07T00:09:06.700+0000] {processor.py:925} INFO - DAG(s) 'example_task_group_decorator' retrieved from /home/airflow/.local/lib/python3.12/site-packages/airflow/example_dags/example_task_group_decorator.py
[2025-09-07T00:09:06.720+0000] {logging_mixin.py:190} INFO - [2025-09-07T00:09:06.720+0000] {dag.py:3239} INFO - Sync 1 DAGs
[2025-09-07T00:09:06.741+0000] {logging_mixin.py:190} INFO - [2025-09-07T00:09:06.740+0000] {dag.py:4180} INFO - Setting next_dagrun for example_task_group_decorator to None, run_after=None
[2025-09-07T00:09:06.766+0000] {processor.py:208} INFO - Processing /home/airflow/.local/lib/python3.12/site-packages/airflow/example_dags/example_task_group_decorator.py took 0.095 seconds
[2025-09-07T00:09:37.493+0000] {processor.py:186} INFO - Started process (PID=5152) to work on /home/airflow/.local/lib/python3.12/site-packages/airflow/example_dags/example_task_group_decorator.py
[2025-09-07T00:09:37.495+0000] {processor.py:914} INFO - Processing file /home/airflow/.local/lib/python3.12/site-packages/airflow/example_dags/example_task_group_decorator.py for tasks to queue
[2025-09-07T00:09:37.497+0000] {logging_mixin.py:190} INFO - [2025-09-07T00:09:37.497+0000] {dagbag.py:588} INFO - Filling up the DagBag from /home/airflow/.local/lib/python3.12/site-packages/airflow/example_dags/example_task_group_decorator.py
[2025-09-07T00:09:37.512+0000] {processor.py:925} INFO - DAG(s) 'example_task_group_decorator' retrieved from /home/airflow/.local/lib/python3.12/site-packages/airflow/example_dags/example_task_group_decorator.py
[2025-09-07T00:09:37.541+0000] {logging_mixin.py:190} INFO - [2025-09-07T00:09:37.541+0000] {dag.py:3239} INFO - Sync 1 DAGs
[2025-09-07T00:09:37.560+0000] {logging_mixin.py:190} INFO - [2025-09-07T00:09:37.560+0000] {dag.py:4180} INFO - Setting next_dagrun for example_task_group_decorator to None, run_after=None
[2025-09-07T00:09:37.588+0000] {processor.py:208} INFO - Processing /home/airflow/.local/lib/python3.12/site-packages/airflow/example_dags/example_task_group_decorator.py took 0.103 seconds
[2025-09-07T00:10:07.778+0000] {processor.py:186} INFO - Started process (PID=5218) to work on /home/airflow/.local/lib/python3.12/site-packages/airflow/example_dags/example_task_group_decorator.py
[2025-09-07T00:10:07.779+0000] {processor.py:914} INFO - Processing file /home/airflow/.local/lib/python3.12/site-packages/airflow/example_dags/example_task_group_decorator.py for tasks to queue
[2025-09-07T00:10:07.782+0000] {logging_mixin.py:190} INFO - [2025-09-07T00:10:07.781+0000] {dagbag.py:588} INFO - Filling up the DagBag from /home/airflow/.local/lib/python3.12/site-packages/airflow/example_dags/example_task_group_decorator.py
[2025-09-07T00:10:07.805+0000] {processor.py:925} INFO - DAG(s) 'example_task_group_decorator' retrieved from /home/airflow/.local/lib/python3.12/site-packages/airflow/example_dags/example_task_group_decorator.py
[2025-09-07T00:10:07.830+0000] {logging_mixin.py:190} INFO - [2025-09-07T00:10:07.829+0000] {dag.py:3239} INFO - Sync 1 DAGs
[2025-09-07T00:10:07.849+0000] {logging_mixin.py:190} INFO - [2025-09-07T00:10:07.849+0000] {dag.py:4180} INFO - Setting next_dagrun for example_task_group_decorator to None, run_after=None
[2025-09-07T00:10:07.876+0000] {processor.py:208} INFO - Processing /home/airflow/.local/lib/python3.12/site-packages/airflow/example_dags/example_task_group_decorator.py took 0.106 seconds
[2025-09-07T00:10:38.498+0000] {processor.py:186} INFO - Started process (PID=5284) to work on /home/airflow/.local/lib/python3.12/site-packages/airflow/example_dags/example_task_group_decorator.py
[2025-09-07T00:10:38.500+0000] {processor.py:914} INFO - Processing file /home/airflow/.local/lib/python3.12/site-packages/airflow/example_dags/example_task_group_decorator.py for tasks to queue
[2025-09-07T00:10:38.501+0000] {logging_mixin.py:190} INFO - [2025-09-07T00:10:38.501+0000] {dagbag.py:588} INFO - Filling up the DagBag from /home/airflow/.local/lib/python3.12/site-packages/airflow/example_dags/example_task_group_decorator.py
[2025-09-07T00:10:38.516+0000] {processor.py:925} INFO - DAG(s) 'example_task_group_decorator' retrieved from /home/airflow/.local/lib/python3.12/site-packages/airflow/example_dags/example_task_group_decorator.py
[2025-09-07T00:10:38.548+0000] {logging_mixin.py:190} INFO - [2025-09-07T00:10:38.548+0000] {dag.py:3239} INFO - Sync 1 DAGs
[2025-09-07T00:10:38.570+0000] {logging_mixin.py:190} INFO - [2025-09-07T00:10:38.569+0000] {dag.py:4180} INFO - Setting next_dagrun for example_task_group_decorator to None, run_after=None
[2025-09-07T00:10:38.597+0000] {processor.py:208} INFO - Processing /home/airflow/.local/lib/python3.12/site-packages/airflow/example_dags/example_task_group_decorator.py took 0.106 seconds
[2025-09-07T00:11:08.707+0000] {processor.py:186} INFO - Started process (PID=5350) to work on /home/airflow/.local/lib/python3.12/site-packages/airflow/example_dags/example_task_group_decorator.py
[2025-09-07T00:11:08.708+0000] {processor.py:914} INFO - Processing file /home/airflow/.local/lib/python3.12/site-packages/airflow/example_dags/example_task_group_decorator.py for tasks to queue
[2025-09-07T00:11:08.710+0000] {logging_mixin.py:190} INFO - [2025-09-07T00:11:08.710+0000] {dagbag.py:588} INFO - Filling up the DagBag from /home/airflow/.local/lib/python3.12/site-packages/airflow/example_dags/example_task_group_decorator.py
[2025-09-07T00:11:08.735+0000] {processor.py:925} INFO - DAG(s) 'example_task_group_decorator' retrieved from /home/airflow/.local/lib/python3.12/site-packages/airflow/example_dags/example_task_group_decorator.py
[2025-09-07T00:11:08.768+0000] {logging_mixin.py:190} INFO - [2025-09-07T00:11:08.768+0000] {dag.py:3239} INFO - Sync 1 DAGs
[2025-09-07T00:11:08.792+0000] {logging_mixin.py:190} INFO - [2025-09-07T00:11:08.792+0000] {dag.py:4180} INFO - Setting next_dagrun for example_task_group_decorator to None, run_after=None
[2025-09-07T00:11:08.822+0000] {processor.py:208} INFO - Processing /home/airflow/.local/lib/python3.12/site-packages/airflow/example_dags/example_task_group_decorator.py took 0.121 seconds
[2025-09-07T00:11:39.416+0000] {processor.py:186} INFO - Started process (PID=5416) to work on /home/airflow/.local/lib/python3.12/site-packages/airflow/example_dags/example_task_group_decorator.py
[2025-09-07T00:11:39.419+0000] {processor.py:914} INFO - Processing file /home/airflow/.local/lib/python3.12/site-packages/airflow/example_dags/example_task_group_decorator.py for tasks to queue
[2025-09-07T00:11:39.422+0000] {logging_mixin.py:190} INFO - [2025-09-07T00:11:39.421+0000] {dagbag.py:588} INFO - Filling up the DagBag from /home/airflow/.local/lib/python3.12/site-packages/airflow/example_dags/example_task_group_decorator.py
[2025-09-07T00:11:39.442+0000] {processor.py:925} INFO - DAG(s) 'example_task_group_decorator' retrieved from /home/airflow/.local/lib/python3.12/site-packages/airflow/example_dags/example_task_group_decorator.py
[2025-09-07T00:11:39.465+0000] {logging_mixin.py:190} INFO - [2025-09-07T00:11:39.465+0000] {dag.py:3239} INFO - Sync 1 DAGs
[2025-09-07T00:11:39.477+0000] {logging_mixin.py:190} INFO - [2025-09-07T00:11:39.477+0000] {dag.py:4180} INFO - Setting next_dagrun for example_task_group_decorator to None, run_after=None
[2025-09-07T00:11:39.497+0000] {processor.py:208} INFO - Processing /home/airflow/.local/lib/python3.12/site-packages/airflow/example_dags/example_task_group_decorator.py took 0.089 seconds
[2025-09-07T00:12:09.609+0000] {processor.py:186} INFO - Started process (PID=5481) to work on /home/airflow/.local/lib/python3.12/site-packages/airflow/example_dags/example_task_group_decorator.py
[2025-09-07T00:12:09.610+0000] {processor.py:914} INFO - Processing file /home/airflow/.local/lib/python3.12/site-packages/airflow/example_dags/example_task_group_decorator.py for tasks to queue
[2025-09-07T00:12:09.612+0000] {logging_mixin.py:190} INFO - [2025-09-07T00:12:09.612+0000] {dagbag.py:588} INFO - Filling up the DagBag from /home/airflow/.local/lib/python3.12/site-packages/airflow/example_dags/example_task_group_decorator.py
[2025-09-07T00:12:09.629+0000] {processor.py:925} INFO - DAG(s) 'example_task_group_decorator' retrieved from /home/airflow/.local/lib/python3.12/site-packages/airflow/example_dags/example_task_group_decorator.py
[2025-09-07T00:12:09.650+0000] {logging_mixin.py:190} INFO - [2025-09-07T00:12:09.650+0000] {dag.py:3239} INFO - Sync 1 DAGs
[2025-09-07T00:12:09.670+0000] {logging_mixin.py:190} INFO - [2025-09-07T00:12:09.669+0000] {dag.py:4180} INFO - Setting next_dagrun for example_task_group_decorator to None, run_after=None
[2025-09-07T00:12:09.692+0000] {processor.py:208} INFO - Processing /home/airflow/.local/lib/python3.12/site-packages/airflow/example_dags/example_task_group_decorator.py took 0.089 seconds
[2025-09-07T00:12:39.769+0000] {processor.py:186} INFO - Started process (PID=5546) to work on /home/airflow/.local/lib/python3.12/site-packages/airflow/example_dags/example_task_group_decorator.py
[2025-09-07T00:12:39.771+0000] {processor.py:914} INFO - Processing file /home/airflow/.local/lib/python3.12/site-packages/airflow/example_dags/example_task_group_decorator.py for tasks to queue
[2025-09-07T00:12:39.774+0000] {logging_mixin.py:190} INFO - [2025-09-07T00:12:39.773+0000] {dagbag.py:588} INFO - Filling up the DagBag from /home/airflow/.local/lib/python3.12/site-packages/airflow/example_dags/example_task_group_decorator.py
[2025-09-07T00:12:39.793+0000] {processor.py:925} INFO - DAG(s) 'example_task_group_decorator' retrieved from /home/airflow/.local/lib/python3.12/site-packages/airflow/example_dags/example_task_group_decorator.py
[2025-09-07T00:12:39.828+0000] {logging_mixin.py:190} INFO - [2025-09-07T00:12:39.828+0000] {dag.py:3239} INFO - Sync 1 DAGs
[2025-09-07T00:12:39.851+0000] {logging_mixin.py:190} INFO - [2025-09-07T00:12:39.851+0000] {dag.py:4180} INFO - Setting next_dagrun for example_task_group_decorator to None, run_after=None
[2025-09-07T00:12:39.884+0000] {processor.py:208} INFO - Processing /home/airflow/.local/lib/python3.12/site-packages/airflow/example_dags/example_task_group_decorator.py took 0.125 seconds
[2025-09-07T00:13:10.947+0000] {processor.py:186} INFO - Started process (PID=5613) to work on /home/airflow/.local/lib/python3.12/site-packages/airflow/example_dags/example_task_group_decorator.py
[2025-09-07T00:13:10.949+0000] {processor.py:914} INFO - Processing file /home/airflow/.local/lib/python3.12/site-packages/airflow/example_dags/example_task_group_decorator.py for tasks to queue
[2025-09-07T00:13:10.951+0000] {logging_mixin.py:190} INFO - [2025-09-07T00:13:10.950+0000] {dagbag.py:588} INFO - Filling up the DagBag from /home/airflow/.local/lib/python3.12/site-packages/airflow/example_dags/example_task_group_decorator.py
[2025-09-07T00:13:10.980+0000] {processor.py:925} INFO - DAG(s) 'example_task_group_decorator' retrieved from /home/airflow/.local/lib/python3.12/site-packages/airflow/example_dags/example_task_group_decorator.py
[2025-09-07T00:13:11.014+0000] {logging_mixin.py:190} INFO - [2025-09-07T00:13:11.014+0000] {dag.py:3239} INFO - Sync 1 DAGs
[2025-09-07T00:13:11.030+0000] {logging_mixin.py:190} INFO - [2025-09-07T00:13:11.030+0000] {dag.py:4180} INFO - Setting next_dagrun for example_task_group_decorator to None, run_after=None
[2025-09-07T00:13:11.056+0000] {processor.py:208} INFO - Processing /home/airflow/.local/lib/python3.12/site-packages/airflow/example_dags/example_task_group_decorator.py took 0.118 seconds
[2025-09-07T00:13:41.604+0000] {processor.py:186} INFO - Started process (PID=5679) to work on /home/airflow/.local/lib/python3.12/site-packages/airflow/example_dags/example_task_group_decorator.py
[2025-09-07T00:13:41.605+0000] {processor.py:914} INFO - Processing file /home/airflow/.local/lib/python3.12/site-packages/airflow/example_dags/example_task_group_decorator.py for tasks to queue
[2025-09-07T00:13:41.608+0000] {logging_mixin.py:190} INFO - [2025-09-07T00:13:41.607+0000] {dagbag.py:588} INFO - Filling up the DagBag from /home/airflow/.local/lib/python3.12/site-packages/airflow/example_dags/example_task_group_decorator.py
[2025-09-07T00:13:41.633+0000] {processor.py:925} INFO - DAG(s) 'example_task_group_decorator' retrieved from /home/airflow/.local/lib/python3.12/site-packages/airflow/example_dags/example_task_group_decorator.py
[2025-09-07T00:13:41.665+0000] {logging_mixin.py:190} INFO - [2025-09-07T00:13:41.664+0000] {dag.py:3239} INFO - Sync 1 DAGs
[2025-09-07T00:13:41.885+0000] {logging_mixin.py:190} INFO - [2025-09-07T00:13:41.885+0000] {dag.py:4180} INFO - Setting next_dagrun for example_task_group_decorator to None, run_after=None
[2025-09-07T00:13:41.910+0000] {processor.py:208} INFO - Processing /home/airflow/.local/lib/python3.12/site-packages/airflow/example_dags/example_task_group_decorator.py took 0.318 seconds
[2025-09-07T00:14:12.111+0000] {processor.py:186} INFO - Started process (PID=5745) to work on /home/airflow/.local/lib/python3.12/site-packages/airflow/example_dags/example_task_group_decorator.py
[2025-09-07T00:14:12.111+0000] {processor.py:914} INFO - Processing file /home/airflow/.local/lib/python3.12/site-packages/airflow/example_dags/example_task_group_decorator.py for tasks to queue
[2025-09-07T00:14:12.114+0000] {logging_mixin.py:190} INFO - [2025-09-07T00:14:12.113+0000] {dagbag.py:588} INFO - Filling up the DagBag from /home/airflow/.local/lib/python3.12/site-packages/airflow/example_dags/example_task_group_decorator.py
[2025-09-07T00:14:12.132+0000] {processor.py:925} INFO - DAG(s) 'example_task_group_decorator' retrieved from /home/airflow/.local/lib/python3.12/site-packages/airflow/example_dags/example_task_group_decorator.py
[2025-09-07T00:14:12.162+0000] {logging_mixin.py:190} INFO - [2025-09-07T00:14:12.162+0000] {dag.py:3239} INFO - Sync 1 DAGs
[2025-09-07T00:14:12.175+0000] {logging_mixin.py:190} INFO - [2025-09-07T00:14:12.175+0000] {dag.py:4180} INFO - Setting next_dagrun for example_task_group_decorator to None, run_after=None
[2025-09-07T00:14:12.195+0000] {processor.py:208} INFO - Processing /home/airflow/.local/lib/python3.12/site-packages/airflow/example_dags/example_task_group_decorator.py took 0.090 seconds
[2025-09-07T00:14:42.856+0000] {processor.py:186} INFO - Started process (PID=5811) to work on /home/airflow/.local/lib/python3.12/site-packages/airflow/example_dags/example_task_group_decorator.py
[2025-09-07T00:14:42.859+0000] {processor.py:914} INFO - Processing file /home/airflow/.local/lib/python3.12/site-packages/airflow/example_dags/example_task_group_decorator.py for tasks to queue
[2025-09-07T00:14:42.861+0000] {logging_mixin.py:190} INFO - [2025-09-07T00:14:42.860+0000] {dagbag.py:588} INFO - Filling up the DagBag from /home/airflow/.local/lib/python3.12/site-packages/airflow/example_dags/example_task_group_decorator.py
[2025-09-07T00:14:42.880+0000] {processor.py:925} INFO - DAG(s) 'example_task_group_decorator' retrieved from /home/airflow/.local/lib/python3.12/site-packages/airflow/example_dags/example_task_group_decorator.py
[2025-09-07T00:14:42.909+0000] {logging_mixin.py:190} INFO - [2025-09-07T00:14:42.909+0000] {dag.py:3239} INFO - Sync 1 DAGs
[2025-09-07T00:14:42.924+0000] {logging_mixin.py:190} INFO - [2025-09-07T00:14:42.924+0000] {dag.py:4180} INFO - Setting next_dagrun for example_task_group_decorator to None, run_after=None
[2025-09-07T00:14:42.944+0000] {processor.py:208} INFO - Processing /home/airflow/.local/lib/python3.12/site-packages/airflow/example_dags/example_task_group_decorator.py took 0.096 seconds
[2025-09-07T00:15:14.088+0000] {processor.py:186} INFO - Started process (PID=5877) to work on /home/airflow/.local/lib/python3.12/site-packages/airflow/example_dags/example_task_group_decorator.py
[2025-09-07T00:15:14.091+0000] {processor.py:914} INFO - Processing file /home/airflow/.local/lib/python3.12/site-packages/airflow/example_dags/example_task_group_decorator.py for tasks to queue
[2025-09-07T00:15:14.093+0000] {logging_mixin.py:190} INFO - [2025-09-07T00:15:14.092+0000] {dagbag.py:588} INFO - Filling up the DagBag from /home/airflow/.local/lib/python3.12/site-packages/airflow/example_dags/example_task_group_decorator.py
[2025-09-07T00:15:14.106+0000] {processor.py:925} INFO - DAG(s) 'example_task_group_decorator' retrieved from /home/airflow/.local/lib/python3.12/site-packages/airflow/example_dags/example_task_group_decorator.py
[2025-09-07T00:15:14.125+0000] {logging_mixin.py:190} INFO - [2025-09-07T00:15:14.124+0000] {dag.py:3239} INFO - Sync 1 DAGs
[2025-09-07T00:15:14.136+0000] {logging_mixin.py:190} INFO - [2025-09-07T00:15:14.136+0000] {dag.py:4180} INFO - Setting next_dagrun for example_task_group_decorator to None, run_after=None
[2025-09-07T00:15:14.153+0000] {processor.py:208} INFO - Processing /home/airflow/.local/lib/python3.12/site-packages/airflow/example_dags/example_task_group_decorator.py took 0.071 seconds
[2025-09-07T00:15:44.651+0000] {processor.py:186} INFO - Started process (PID=5942) to work on /home/airflow/.local/lib/python3.12/site-packages/airflow/example_dags/example_task_group_decorator.py
[2025-09-07T00:15:44.653+0000] {processor.py:914} INFO - Processing file /home/airflow/.local/lib/python3.12/site-packages/airflow/example_dags/example_task_group_decorator.py for tasks to queue
[2025-09-07T00:15:44.655+0000] {logging_mixin.py:190} INFO - [2025-09-07T00:15:44.654+0000] {dagbag.py:588} INFO - Filling up the DagBag from /home/airflow/.local/lib/python3.12/site-packages/airflow/example_dags/example_task_group_decorator.py
[2025-09-07T00:15:44.679+0000] {processor.py:925} INFO - DAG(s) 'example_task_group_decorator' retrieved from /home/airflow/.local/lib/python3.12/site-packages/airflow/example_dags/example_task_group_decorator.py
[2025-09-07T00:15:44.712+0000] {logging_mixin.py:190} INFO - [2025-09-07T00:15:44.711+0000] {dag.py:3239} INFO - Sync 1 DAGs
[2025-09-07T00:15:44.738+0000] {logging_mixin.py:190} INFO - [2025-09-07T00:15:44.737+0000] {dag.py:4180} INFO - Setting next_dagrun for example_task_group_decorator to None, run_after=None
[2025-09-07T00:15:44.765+0000] {processor.py:208} INFO - Processing /home/airflow/.local/lib/python3.12/site-packages/airflow/example_dags/example_task_group_decorator.py took 0.119 seconds
[2025-09-07T00:16:15.303+0000] {processor.py:186} INFO - Started process (PID=6001) to work on /home/airflow/.local/lib/python3.12/site-packages/airflow/example_dags/example_task_group_decorator.py
[2025-09-07T00:16:15.304+0000] {processor.py:914} INFO - Processing file /home/airflow/.local/lib/python3.12/site-packages/airflow/example_dags/example_task_group_decorator.py for tasks to queue
[2025-09-07T00:16:15.306+0000] {logging_mixin.py:190} INFO - [2025-09-07T00:16:15.306+0000] {dagbag.py:588} INFO - Filling up the DagBag from /home/airflow/.local/lib/python3.12/site-packages/airflow/example_dags/example_task_group_decorator.py
[2025-09-07T00:16:15.328+0000] {processor.py:925} INFO - DAG(s) 'example_task_group_decorator' retrieved from /home/airflow/.local/lib/python3.12/site-packages/airflow/example_dags/example_task_group_decorator.py
[2025-09-07T00:16:15.364+0000] {logging_mixin.py:190} INFO - [2025-09-07T00:16:15.364+0000] {dag.py:3239} INFO - Sync 1 DAGs
[2025-09-07T00:16:15.378+0000] {logging_mixin.py:190} INFO - [2025-09-07T00:16:15.377+0000] {dag.py:4180} INFO - Setting next_dagrun for example_task_group_decorator to None, run_after=None
[2025-09-07T00:16:15.400+0000] {processor.py:208} INFO - Processing /home/airflow/.local/lib/python3.12/site-packages/airflow/example_dags/example_task_group_decorator.py took 0.107 seconds
[2025-09-07T00:16:45.900+0000] {processor.py:186} INFO - Started process (PID=6066) to work on /home/airflow/.local/lib/python3.12/site-packages/airflow/example_dags/example_task_group_decorator.py
[2025-09-07T00:16:45.901+0000] {processor.py:914} INFO - Processing file /home/airflow/.local/lib/python3.12/site-packages/airflow/example_dags/example_task_group_decorator.py for tasks to queue
[2025-09-07T00:16:45.902+0000] {logging_mixin.py:190} INFO - [2025-09-07T00:16:45.902+0000] {dagbag.py:588} INFO - Filling up the DagBag from /home/airflow/.local/lib/python3.12/site-packages/airflow/example_dags/example_task_group_decorator.py
[2025-09-07T00:16:45.917+0000] {processor.py:925} INFO - DAG(s) 'example_task_group_decorator' retrieved from /home/airflow/.local/lib/python3.12/site-packages/airflow/example_dags/example_task_group_decorator.py
[2025-09-07T00:16:45.948+0000] {logging_mixin.py:190} INFO - [2025-09-07T00:16:45.947+0000] {dag.py:3239} INFO - Sync 1 DAGs
[2025-09-07T00:16:45.968+0000] {logging_mixin.py:190} INFO - [2025-09-07T00:16:45.968+0000] {dag.py:4180} INFO - Setting next_dagrun for example_task_group_decorator to None, run_after=None
[2025-09-07T00:16:45.994+0000] {processor.py:208} INFO - Processing /home/airflow/.local/lib/python3.12/site-packages/airflow/example_dags/example_task_group_decorator.py took 0.100 seconds
[2025-09-07T00:17:16.600+0000] {processor.py:186} INFO - Started process (PID=6132) to work on /home/airflow/.local/lib/python3.12/site-packages/airflow/example_dags/example_task_group_decorator.py
[2025-09-07T00:17:16.601+0000] {processor.py:914} INFO - Processing file /home/airflow/.local/lib/python3.12/site-packages/airflow/example_dags/example_task_group_decorator.py for tasks to queue
[2025-09-07T00:17:16.604+0000] {logging_mixin.py:190} INFO - [2025-09-07T00:17:16.603+0000] {dagbag.py:588} INFO - Filling up the DagBag from /home/airflow/.local/lib/python3.12/site-packages/airflow/example_dags/example_task_group_decorator.py
[2025-09-07T00:17:16.621+0000] {processor.py:925} INFO - DAG(s) 'example_task_group_decorator' retrieved from /home/airflow/.local/lib/python3.12/site-packages/airflow/example_dags/example_task_group_decorator.py
[2025-09-07T00:17:16.653+0000] {logging_mixin.py:190} INFO - [2025-09-07T00:17:16.653+0000] {dag.py:3239} INFO - Sync 1 DAGs
[2025-09-07T00:17:16.673+0000] {logging_mixin.py:190} INFO - [2025-09-07T00:17:16.672+0000] {dag.py:4180} INFO - Setting next_dagrun for example_task_group_decorator to None, run_after=None
[2025-09-07T00:17:16.702+0000] {processor.py:208} INFO - Processing /home/airflow/.local/lib/python3.12/site-packages/airflow/example_dags/example_task_group_decorator.py took 0.109 seconds
[2025-09-07T00:17:47.281+0000] {processor.py:186} INFO - Started process (PID=6198) to work on /home/airflow/.local/lib/python3.12/site-packages/airflow/example_dags/example_task_group_decorator.py
[2025-09-07T00:17:47.282+0000] {processor.py:914} INFO - Processing file /home/airflow/.local/lib/python3.12/site-packages/airflow/example_dags/example_task_group_decorator.py for tasks to queue
[2025-09-07T00:17:47.284+0000] {logging_mixin.py:190} INFO - [2025-09-07T00:17:47.283+0000] {dagbag.py:588} INFO - Filling up the DagBag from /home/airflow/.local/lib/python3.12/site-packages/airflow/example_dags/example_task_group_decorator.py
[2025-09-07T00:17:47.308+0000] {processor.py:925} INFO - DAG(s) 'example_task_group_decorator' retrieved from /home/airflow/.local/lib/python3.12/site-packages/airflow/example_dags/example_task_group_decorator.py
[2025-09-07T00:17:47.334+0000] {logging_mixin.py:190} INFO - [2025-09-07T00:17:47.334+0000] {dag.py:3239} INFO - Sync 1 DAGs
[2025-09-07T00:17:47.348+0000] {logging_mixin.py:190} INFO - [2025-09-07T00:17:47.348+0000] {dag.py:4180} INFO - Setting next_dagrun for example_task_group_decorator to None, run_after=None
[2025-09-07T00:17:47.370+0000] {processor.py:208} INFO - Processing /home/airflow/.local/lib/python3.12/site-packages/airflow/example_dags/example_task_group_decorator.py took 0.098 seconds
[2025-09-07T00:18:18.032+0000] {processor.py:186} INFO - Started process (PID=6264) to work on /home/airflow/.local/lib/python3.12/site-packages/airflow/example_dags/example_task_group_decorator.py
[2025-09-07T00:18:18.034+0000] {processor.py:914} INFO - Processing file /home/airflow/.local/lib/python3.12/site-packages/airflow/example_dags/example_task_group_decorator.py for tasks to queue
[2025-09-07T00:18:18.037+0000] {logging_mixin.py:190} INFO - [2025-09-07T00:18:18.036+0000] {dagbag.py:588} INFO - Filling up the DagBag from /home/airflow/.local/lib/python3.12/site-packages/airflow/example_dags/example_task_group_decorator.py
[2025-09-07T00:18:18.061+0000] {processor.py:925} INFO - DAG(s) 'example_task_group_decorator' retrieved from /home/airflow/.local/lib/python3.12/site-packages/airflow/example_dags/example_task_group_decorator.py
[2025-09-07T00:18:18.095+0000] {logging_mixin.py:190} INFO - [2025-09-07T00:18:18.095+0000] {dag.py:3239} INFO - Sync 1 DAGs
[2025-09-07T00:18:18.113+0000] {logging_mixin.py:190} INFO - [2025-09-07T00:18:18.113+0000] {dag.py:4180} INFO - Setting next_dagrun for example_task_group_decorator to None, run_after=None
[2025-09-07T00:18:18.139+0000] {processor.py:208} INFO - Processing /home/airflow/.local/lib/python3.12/site-packages/airflow/example_dags/example_task_group_decorator.py took 0.116 seconds
[2025-09-07T00:18:48.865+0000] {processor.py:186} INFO - Started process (PID=6330) to work on /home/airflow/.local/lib/python3.12/site-packages/airflow/example_dags/example_task_group_decorator.py
[2025-09-07T00:18:48.866+0000] {processor.py:914} INFO - Processing file /home/airflow/.local/lib/python3.12/site-packages/airflow/example_dags/example_task_group_decorator.py for tasks to queue
[2025-09-07T00:18:48.868+0000] {logging_mixin.py:190} INFO - [2025-09-07T00:18:48.867+0000] {dagbag.py:588} INFO - Filling up the DagBag from /home/airflow/.local/lib/python3.12/site-packages/airflow/example_dags/example_task_group_decorator.py
[2025-09-07T00:18:48.881+0000] {processor.py:925} INFO - DAG(s) 'example_task_group_decorator' retrieved from /home/airflow/.local/lib/python3.12/site-packages/airflow/example_dags/example_task_group_decorator.py
[2025-09-07T00:18:48.908+0000] {logging_mixin.py:190} INFO - [2025-09-07T00:18:48.908+0000] {dag.py:3239} INFO - Sync 1 DAGs
[2025-09-07T00:18:48.930+0000] {logging_mixin.py:190} INFO - [2025-09-07T00:18:48.930+0000] {dag.py:4180} INFO - Setting next_dagrun for example_task_group_decorator to None, run_after=None
[2025-09-07T00:18:48.956+0000] {processor.py:208} INFO - Processing /home/airflow/.local/lib/python3.12/site-packages/airflow/example_dags/example_task_group_decorator.py took 0.097 seconds
[2025-09-07T00:19:19.430+0000] {processor.py:186} INFO - Started process (PID=6395) to work on /home/airflow/.local/lib/python3.12/site-packages/airflow/example_dags/example_task_group_decorator.py
[2025-09-07T00:19:19.432+0000] {processor.py:914} INFO - Processing file /home/airflow/.local/lib/python3.12/site-packages/airflow/example_dags/example_task_group_decorator.py for tasks to queue
[2025-09-07T00:19:19.435+0000] {logging_mixin.py:190} INFO - [2025-09-07T00:19:19.434+0000] {dagbag.py:588} INFO - Filling up the DagBag from /home/airflow/.local/lib/python3.12/site-packages/airflow/example_dags/example_task_group_decorator.py
[2025-09-07T00:19:19.453+0000] {processor.py:925} INFO - DAG(s) 'example_task_group_decorator' retrieved from /home/airflow/.local/lib/python3.12/site-packages/airflow/example_dags/example_task_group_decorator.py
[2025-09-07T00:19:19.485+0000] {logging_mixin.py:190} INFO - [2025-09-07T00:19:19.485+0000] {dag.py:3239} INFO - Sync 1 DAGs
[2025-09-07T00:19:19.509+0000] {logging_mixin.py:190} INFO - [2025-09-07T00:19:19.509+0000] {dag.py:4180} INFO - Setting next_dagrun for example_task_group_decorator to None, run_after=None
[2025-09-07T00:19:19.533+0000] {processor.py:208} INFO - Processing /home/airflow/.local/lib/python3.12/site-packages/airflow/example_dags/example_task_group_decorator.py took 0.113 seconds
[2025-09-07T00:19:50.296+0000] {processor.py:186} INFO - Started process (PID=6461) to work on /home/airflow/.local/lib/python3.12/site-packages/airflow/example_dags/example_task_group_decorator.py
[2025-09-07T00:19:50.297+0000] {processor.py:914} INFO - Processing file /home/airflow/.local/lib/python3.12/site-packages/airflow/example_dags/example_task_group_decorator.py for tasks to queue
[2025-09-07T00:19:50.299+0000] {logging_mixin.py:190} INFO - [2025-09-07T00:19:50.299+0000] {dagbag.py:588} INFO - Filling up the DagBag from /home/airflow/.local/lib/python3.12/site-packages/airflow/example_dags/example_task_group_decorator.py
[2025-09-07T00:19:50.318+0000] {processor.py:925} INFO - DAG(s) 'example_task_group_decorator' retrieved from /home/airflow/.local/lib/python3.12/site-packages/airflow/example_dags/example_task_group_decorator.py
[2025-09-07T00:19:50.355+0000] {logging_mixin.py:190} INFO - [2025-09-07T00:19:50.354+0000] {dag.py:3239} INFO - Sync 1 DAGs
[2025-09-07T00:19:50.377+0000] {logging_mixin.py:190} INFO - [2025-09-07T00:19:50.377+0000] {dag.py:4180} INFO - Setting next_dagrun for example_task_group_decorator to None, run_after=None
[2025-09-07T00:19:50.405+0000] {processor.py:208} INFO - Processing /home/airflow/.local/lib/python3.12/site-packages/airflow/example_dags/example_task_group_decorator.py took 0.117 seconds
[2025-09-07T00:20:20.976+0000] {processor.py:186} INFO - Started process (PID=6527) to work on /home/airflow/.local/lib/python3.12/site-packages/airflow/example_dags/example_task_group_decorator.py
[2025-09-07T00:20:20.977+0000] {processor.py:914} INFO - Processing file /home/airflow/.local/lib/python3.12/site-packages/airflow/example_dags/example_task_group_decorator.py for tasks to queue
[2025-09-07T00:20:20.979+0000] {logging_mixin.py:190} INFO - [2025-09-07T00:20:20.979+0000] {dagbag.py:588} INFO - Filling up the DagBag from /home/airflow/.local/lib/python3.12/site-packages/airflow/example_dags/example_task_group_decorator.py
[2025-09-07T00:20:21.001+0000] {processor.py:925} INFO - DAG(s) 'example_task_group_decorator' retrieved from /home/airflow/.local/lib/python3.12/site-packages/airflow/example_dags/example_task_group_decorator.py
[2025-09-07T00:20:21.033+0000] {logging_mixin.py:190} INFO - [2025-09-07T00:20:21.033+0000] {dag.py:3239} INFO - Sync 1 DAGs
[2025-09-07T00:20:21.048+0000] {logging_mixin.py:190} INFO - [2025-09-07T00:20:21.047+0000] {dag.py:4180} INFO - Setting next_dagrun for example_task_group_decorator to None, run_after=None
[2025-09-07T00:20:21.080+0000] {processor.py:208} INFO - Processing /home/airflow/.local/lib/python3.12/site-packages/airflow/example_dags/example_task_group_decorator.py took 0.113 seconds
