[2025-09-07T00:00:27.944+0000] {processor.py:186} INFO - Started process (PID=3991) to work on /home/airflow/.local/lib/python3.12/site-packages/airflow/example_dags/example_xcomargs.py
[2025-09-07T00:00:27.945+0000] {processor.py:914} INFO - Processing file /home/airflow/.local/lib/python3.12/site-packages/airflow/example_dags/example_xcomargs.py for tasks to queue
[2025-09-07T00:00:27.950+0000] {logging_mixin.py:190} INFO - [2025-09-07T00:00:27.950+0000] {dagbag.py:588} INFO - Filling up the DagBag from /home/airflow/.local/lib/python3.12/site-packages/airflow/example_dags/example_xcomargs.py
[2025-09-07T00:00:27.966+0000] {processor.py:925} INFO - DAG(s) 'example_xcom_args', 'example_xcom_args_with_operators' retrieved from /home/airflow/.local/lib/python3.12/site-packages/airflow/example_dags/example_xcomargs.py
[2025-09-07T00:00:27.998+0000] {logging_mixin.py:190} INFO - [2025-09-07T00:00:27.998+0000] {dag.py:3239} INFO - Sync 2 DAGs
[2025-09-07T00:00:28.016+0000] {logging_mixin.py:190} INFO - [2025-09-07T00:00:28.016+0000] {dag.py:4180} INFO - Setting next_dagrun for example_xcom_args to None, run_after=None
[2025-09-07T00:00:28.022+0000] {logging_mixin.py:190} INFO - [2025-09-07T00:00:28.021+0000] {dag.py:4180} INFO - Setting next_dagrun for example_xcom_args_with_operators to None, run_after=None
[2025-09-07T00:00:28.042+0000] {processor.py:208} INFO - Processing /home/airflow/.local/lib/python3.12/site-packages/airflow/example_dags/example_xcomargs.py took 0.107 seconds
[2025-09-07T00:00:58.696+0000] {processor.py:186} INFO - Started process (PID=4057) to work on /home/airflow/.local/lib/python3.12/site-packages/airflow/example_dags/example_xcomargs.py
[2025-09-07T00:00:58.698+0000] {processor.py:914} INFO - Processing file /home/airflow/.local/lib/python3.12/site-packages/airflow/example_dags/example_xcomargs.py for tasks to queue
[2025-09-07T00:00:58.700+0000] {logging_mixin.py:190} INFO - [2025-09-07T00:00:58.700+0000] {dagbag.py:588} INFO - Filling up the DagBag from /home/airflow/.local/lib/python3.12/site-packages/airflow/example_dags/example_xcomargs.py
[2025-09-07T00:00:58.718+0000] {processor.py:925} INFO - DAG(s) 'example_xcom_args', 'example_xcom_args_with_operators' retrieved from /home/airflow/.local/lib/python3.12/site-packages/airflow/example_dags/example_xcomargs.py
[2025-09-07T00:00:58.752+0000] {logging_mixin.py:190} INFO - [2025-09-07T00:00:58.751+0000] {dag.py:3239} INFO - Sync 2 DAGs
[2025-09-07T00:00:58.776+0000] {logging_mixin.py:190} INFO - [2025-09-07T00:00:58.775+0000] {dag.py:4180} INFO - Setting next_dagrun for example_xcom_args to None, run_after=None
[2025-09-07T00:00:58.781+0000] {logging_mixin.py:190} INFO - [2025-09-07T00:00:58.781+0000] {dag.py:4180} INFO - Setting next_dagrun for example_xcom_args_with_operators to None, run_after=None
[2025-09-07T00:00:58.802+0000] {processor.py:208} INFO - Processing /home/airflow/.local/lib/python3.12/site-packages/airflow/example_dags/example_xcomargs.py took 0.114 seconds
[2025-09-07T00:01:28.881+0000] {processor.py:186} INFO - Started process (PID=4123) to work on /home/airflow/.local/lib/python3.12/site-packages/airflow/example_dags/example_xcomargs.py
[2025-09-07T00:01:28.882+0000] {processor.py:914} INFO - Processing file /home/airflow/.local/lib/python3.12/site-packages/airflow/example_dags/example_xcomargs.py for tasks to queue
[2025-09-07T00:01:28.884+0000] {logging_mixin.py:190} INFO - [2025-09-07T00:01:28.883+0000] {dagbag.py:588} INFO - Filling up the DagBag from /home/airflow/.local/lib/python3.12/site-packages/airflow/example_dags/example_xcomargs.py
[2025-09-07T00:01:28.896+0000] {processor.py:925} INFO - DAG(s) 'example_xcom_args_with_operators', 'example_xcom_args' retrieved from /home/airflow/.local/lib/python3.12/site-packages/airflow/example_dags/example_xcomargs.py
[2025-09-07T00:01:28.928+0000] {logging_mixin.py:190} INFO - [2025-09-07T00:01:28.928+0000] {dag.py:3239} INFO - Sync 2 DAGs
[2025-09-07T00:01:28.942+0000] {logging_mixin.py:190} INFO - [2025-09-07T00:01:28.941+0000] {dag.py:4180} INFO - Setting next_dagrun for example_xcom_args to None, run_after=None
[2025-09-07T00:01:28.946+0000] {logging_mixin.py:190} INFO - [2025-09-07T00:01:28.945+0000] {dag.py:4180} INFO - Setting next_dagrun for example_xcom_args_with_operators to None, run_after=None
[2025-09-07T00:01:28.964+0000] {processor.py:208} INFO - Processing /home/airflow/.local/lib/python3.12/site-packages/airflow/example_dags/example_xcomargs.py took 0.091 seconds
[2025-09-07T00:01:59.730+0000] {processor.py:186} INFO - Started process (PID=4188) to work on /home/airflow/.local/lib/python3.12/site-packages/airflow/example_dags/example_xcomargs.py
[2025-09-07T00:01:59.731+0000] {processor.py:914} INFO - Processing file /home/airflow/.local/lib/python3.12/site-packages/airflow/example_dags/example_xcomargs.py for tasks to queue
[2025-09-07T00:01:59.733+0000] {logging_mixin.py:190} INFO - [2025-09-07T00:01:59.733+0000] {dagbag.py:588} INFO - Filling up the DagBag from /home/airflow/.local/lib/python3.12/site-packages/airflow/example_dags/example_xcomargs.py
[2025-09-07T00:01:59.748+0000] {processor.py:925} INFO - DAG(s) 'example_xcom_args', 'example_xcom_args_with_operators' retrieved from /home/airflow/.local/lib/python3.12/site-packages/airflow/example_dags/example_xcomargs.py
[2025-09-07T00:01:59.773+0000] {logging_mixin.py:190} INFO - [2025-09-07T00:01:59.773+0000] {dag.py:3239} INFO - Sync 2 DAGs
[2025-09-07T00:01:59.793+0000] {logging_mixin.py:190} INFO - [2025-09-07T00:01:59.793+0000] {dag.py:4180} INFO - Setting next_dagrun for example_xcom_args to None, run_after=None
[2025-09-07T00:01:59.798+0000] {logging_mixin.py:190} INFO - [2025-09-07T00:01:59.798+0000] {dag.py:4180} INFO - Setting next_dagrun for example_xcom_args_with_operators to None, run_after=None
[2025-09-07T00:01:59.820+0000] {processor.py:208} INFO - Processing /home/airflow/.local/lib/python3.12/site-packages/airflow/example_dags/example_xcomargs.py took 0.099 seconds
[2025-09-07T00:02:30.613+0000] {processor.py:186} INFO - Started process (PID=4254) to work on /home/airflow/.local/lib/python3.12/site-packages/airflow/example_dags/example_xcomargs.py
[2025-09-07T00:02:30.614+0000] {processor.py:914} INFO - Processing file /home/airflow/.local/lib/python3.12/site-packages/airflow/example_dags/example_xcomargs.py for tasks to queue
[2025-09-07T00:02:30.616+0000] {logging_mixin.py:190} INFO - [2025-09-07T00:02:30.615+0000] {dagbag.py:588} INFO - Filling up the DagBag from /home/airflow/.local/lib/python3.12/site-packages/airflow/example_dags/example_xcomargs.py
[2025-09-07T00:02:30.632+0000] {processor.py:925} INFO - DAG(s) 'example_xcom_args_with_operators', 'example_xcom_args' retrieved from /home/airflow/.local/lib/python3.12/site-packages/airflow/example_dags/example_xcomargs.py
[2025-09-07T00:02:30.663+0000] {logging_mixin.py:190} INFO - [2025-09-07T00:02:30.662+0000] {dag.py:3239} INFO - Sync 2 DAGs
[2025-09-07T00:02:30.684+0000] {logging_mixin.py:190} INFO - [2025-09-07T00:02:30.683+0000] {dag.py:4180} INFO - Setting next_dagrun for example_xcom_args to None, run_after=None
[2025-09-07T00:02:30.689+0000] {logging_mixin.py:190} INFO - [2025-09-07T00:02:30.689+0000] {dag.py:4180} INFO - Setting next_dagrun for example_xcom_args_with_operators to None, run_after=None
[2025-09-07T00:02:30.709+0000] {processor.py:208} INFO - Processing /home/airflow/.local/lib/python3.12/site-packages/airflow/example_dags/example_xcomargs.py took 0.102 seconds
[2025-09-07T00:03:01.545+0000] {processor.py:186} INFO - Started process (PID=4320) to work on /home/airflow/.local/lib/python3.12/site-packages/airflow/example_dags/example_xcomargs.py
[2025-09-07T00:03:01.546+0000] {processor.py:914} INFO - Processing file /home/airflow/.local/lib/python3.12/site-packages/airflow/example_dags/example_xcomargs.py for tasks to queue
[2025-09-07T00:03:01.548+0000] {logging_mixin.py:190} INFO - [2025-09-07T00:03:01.548+0000] {dagbag.py:588} INFO - Filling up the DagBag from /home/airflow/.local/lib/python3.12/site-packages/airflow/example_dags/example_xcomargs.py
[2025-09-07T00:03:01.565+0000] {processor.py:925} INFO - DAG(s) 'example_xcom_args_with_operators', 'example_xcom_args' retrieved from /home/airflow/.local/lib/python3.12/site-packages/airflow/example_dags/example_xcomargs.py
[2025-09-07T00:03:01.596+0000] {logging_mixin.py:190} INFO - [2025-09-07T00:03:01.596+0000] {dag.py:3239} INFO - Sync 2 DAGs
[2025-09-07T00:03:01.613+0000] {logging_mixin.py:190} INFO - [2025-09-07T00:03:01.612+0000] {dag.py:4180} INFO - Setting next_dagrun for example_xcom_args to None, run_after=None
[2025-09-07T00:03:01.617+0000] {logging_mixin.py:190} INFO - [2025-09-07T00:03:01.617+0000] {dag.py:4180} INFO - Setting next_dagrun for example_xcom_args_with_operators to None, run_after=None
[2025-09-07T00:03:01.638+0000] {processor.py:208} INFO - Processing /home/airflow/.local/lib/python3.12/site-packages/airflow/example_dags/example_xcomargs.py took 0.101 seconds
[2025-09-07T00:03:32.301+0000] {processor.py:186} INFO - Started process (PID=4386) to work on /home/airflow/.local/lib/python3.12/site-packages/airflow/example_dags/example_xcomargs.py
[2025-09-07T00:03:32.301+0000] {processor.py:914} INFO - Processing file /home/airflow/.local/lib/python3.12/site-packages/airflow/example_dags/example_xcomargs.py for tasks to queue
[2025-09-07T00:03:32.303+0000] {logging_mixin.py:190} INFO - [2025-09-07T00:03:32.302+0000] {dagbag.py:588} INFO - Filling up the DagBag from /home/airflow/.local/lib/python3.12/site-packages/airflow/example_dags/example_xcomargs.py
[2025-09-07T00:03:32.319+0000] {processor.py:925} INFO - DAG(s) 'example_xcom_args_with_operators', 'example_xcom_args' retrieved from /home/airflow/.local/lib/python3.12/site-packages/airflow/example_dags/example_xcomargs.py
[2025-09-07T00:03:32.350+0000] {logging_mixin.py:190} INFO - [2025-09-07T00:03:32.349+0000] {dag.py:3239} INFO - Sync 2 DAGs
[2025-09-07T00:03:32.372+0000] {logging_mixin.py:190} INFO - [2025-09-07T00:03:32.371+0000] {dag.py:4180} INFO - Setting next_dagrun for example_xcom_args to None, run_after=None
[2025-09-07T00:03:32.377+0000] {logging_mixin.py:190} INFO - [2025-09-07T00:03:32.377+0000] {dag.py:4180} INFO - Setting next_dagrun for example_xcom_args_with_operators to None, run_after=None
[2025-09-07T00:03:32.401+0000] {processor.py:208} INFO - Processing /home/airflow/.local/lib/python3.12/site-packages/airflow/example_dags/example_xcomargs.py took 0.106 seconds
[2025-09-07T00:04:02.667+0000] {processor.py:186} INFO - Started process (PID=4452) to work on /home/airflow/.local/lib/python3.12/site-packages/airflow/example_dags/example_xcomargs.py
[2025-09-07T00:04:02.669+0000] {processor.py:914} INFO - Processing file /home/airflow/.local/lib/python3.12/site-packages/airflow/example_dags/example_xcomargs.py for tasks to queue
[2025-09-07T00:04:02.671+0000] {logging_mixin.py:190} INFO - [2025-09-07T00:04:02.671+0000] {dagbag.py:588} INFO - Filling up the DagBag from /home/airflow/.local/lib/python3.12/site-packages/airflow/example_dags/example_xcomargs.py
[2025-09-07T00:04:02.684+0000] {processor.py:925} INFO - DAG(s) 'example_xcom_args_with_operators', 'example_xcom_args' retrieved from /home/airflow/.local/lib/python3.12/site-packages/airflow/example_dags/example_xcomargs.py
[2025-09-07T00:04:02.709+0000] {logging_mixin.py:190} INFO - [2025-09-07T00:04:02.709+0000] {dag.py:3239} INFO - Sync 2 DAGs
[2025-09-07T00:04:02.727+0000] {logging_mixin.py:190} INFO - [2025-09-07T00:04:02.727+0000] {dag.py:4180} INFO - Setting next_dagrun for example_xcom_args to None, run_after=None
[2025-09-07T00:04:02.732+0000] {logging_mixin.py:190} INFO - [2025-09-07T00:04:02.732+0000] {dag.py:4180} INFO - Setting next_dagrun for example_xcom_args_with_operators to None, run_after=None
[2025-09-07T00:04:02.751+0000] {processor.py:208} INFO - Processing /home/airflow/.local/lib/python3.12/site-packages/airflow/example_dags/example_xcomargs.py took 0.092 seconds
[2025-09-07T00:04:33.634+0000] {processor.py:186} INFO - Started process (PID=4518) to work on /home/airflow/.local/lib/python3.12/site-packages/airflow/example_dags/example_xcomargs.py
[2025-09-07T00:04:33.636+0000] {processor.py:914} INFO - Processing file /home/airflow/.local/lib/python3.12/site-packages/airflow/example_dags/example_xcomargs.py for tasks to queue
[2025-09-07T00:04:33.639+0000] {logging_mixin.py:190} INFO - [2025-09-07T00:04:33.638+0000] {dagbag.py:588} INFO - Filling up the DagBag from /home/airflow/.local/lib/python3.12/site-packages/airflow/example_dags/example_xcomargs.py
[2025-09-07T00:04:33.665+0000] {processor.py:925} INFO - DAG(s) 'example_xcom_args_with_operators', 'example_xcom_args' retrieved from /home/airflow/.local/lib/python3.12/site-packages/airflow/example_dags/example_xcomargs.py
[2025-09-07T00:04:33.718+0000] {logging_mixin.py:190} INFO - [2025-09-07T00:04:33.717+0000] {dag.py:3239} INFO - Sync 2 DAGs
[2025-09-07T00:04:33.753+0000] {logging_mixin.py:190} INFO - [2025-09-07T00:04:33.752+0000] {dag.py:4180} INFO - Setting next_dagrun for example_xcom_args to None, run_after=None
[2025-09-07T00:04:33.761+0000] {logging_mixin.py:190} INFO - [2025-09-07T00:04:33.761+0000] {dag.py:4180} INFO - Setting next_dagrun for example_xcom_args_with_operators to None, run_after=None
[2025-09-07T00:04:33.799+0000] {processor.py:208} INFO - Processing /home/airflow/.local/lib/python3.12/site-packages/airflow/example_dags/example_xcomargs.py took 0.179 seconds
[2025-09-07T00:05:04.308+0000] {processor.py:186} INFO - Started process (PID=4584) to work on /home/airflow/.local/lib/python3.12/site-packages/airflow/example_dags/example_xcomargs.py
[2025-09-07T00:05:04.309+0000] {processor.py:914} INFO - Processing file /home/airflow/.local/lib/python3.12/site-packages/airflow/example_dags/example_xcomargs.py for tasks to queue
[2025-09-07T00:05:04.312+0000] {logging_mixin.py:190} INFO - [2025-09-07T00:05:04.312+0000] {dagbag.py:588} INFO - Filling up the DagBag from /home/airflow/.local/lib/python3.12/site-packages/airflow/example_dags/example_xcomargs.py
[2025-09-07T00:05:04.330+0000] {processor.py:925} INFO - DAG(s) 'example_xcom_args', 'example_xcom_args_with_operators' retrieved from /home/airflow/.local/lib/python3.12/site-packages/airflow/example_dags/example_xcomargs.py
[2025-09-07T00:05:04.359+0000] {logging_mixin.py:190} INFO - [2025-09-07T00:05:04.358+0000] {dag.py:3239} INFO - Sync 2 DAGs
[2025-09-07T00:05:04.378+0000] {logging_mixin.py:190} INFO - [2025-09-07T00:05:04.378+0000] {dag.py:4180} INFO - Setting next_dagrun for example_xcom_args to None, run_after=None
[2025-09-07T00:05:04.383+0000] {logging_mixin.py:190} INFO - [2025-09-07T00:05:04.383+0000] {dag.py:4180} INFO - Setting next_dagrun for example_xcom_args_with_operators to None, run_after=None
[2025-09-07T00:05:04.401+0000] {processor.py:208} INFO - Processing /home/airflow/.local/lib/python3.12/site-packages/airflow/example_dags/example_xcomargs.py took 0.102 seconds
[2025-09-07T00:05:35.309+0000] {processor.py:186} INFO - Started process (PID=4650) to work on /home/airflow/.local/lib/python3.12/site-packages/airflow/example_dags/example_xcomargs.py
[2025-09-07T00:05:35.310+0000] {processor.py:914} INFO - Processing file /home/airflow/.local/lib/python3.12/site-packages/airflow/example_dags/example_xcomargs.py for tasks to queue
[2025-09-07T00:05:35.313+0000] {logging_mixin.py:190} INFO - [2025-09-07T00:05:35.312+0000] {dagbag.py:588} INFO - Filling up the DagBag from /home/airflow/.local/lib/python3.12/site-packages/airflow/example_dags/example_xcomargs.py
[2025-09-07T00:05:35.329+0000] {processor.py:925} INFO - DAG(s) 'example_xcom_args', 'example_xcom_args_with_operators' retrieved from /home/airflow/.local/lib/python3.12/site-packages/airflow/example_dags/example_xcomargs.py
[2025-09-07T00:05:35.355+0000] {logging_mixin.py:190} INFO - [2025-09-07T00:05:35.355+0000] {dag.py:3239} INFO - Sync 2 DAGs
[2025-09-07T00:05:35.376+0000] {logging_mixin.py:190} INFO - [2025-09-07T00:05:35.375+0000] {dag.py:4180} INFO - Setting next_dagrun for example_xcom_args to None, run_after=None
[2025-09-07T00:05:35.381+0000] {logging_mixin.py:190} INFO - [2025-09-07T00:05:35.380+0000] {dag.py:4180} INFO - Setting next_dagrun for example_xcom_args_with_operators to None, run_after=None
[2025-09-07T00:05:35.409+0000] {processor.py:208} INFO - Processing /home/airflow/.local/lib/python3.12/site-packages/airflow/example_dags/example_xcomargs.py took 0.108 seconds
[2025-09-07T00:06:06.250+0000] {processor.py:186} INFO - Started process (PID=4716) to work on /home/airflow/.local/lib/python3.12/site-packages/airflow/example_dags/example_xcomargs.py
[2025-09-07T00:06:06.252+0000] {processor.py:914} INFO - Processing file /home/airflow/.local/lib/python3.12/site-packages/airflow/example_dags/example_xcomargs.py for tasks to queue
[2025-09-07T00:06:06.254+0000] {logging_mixin.py:190} INFO - [2025-09-07T00:06:06.254+0000] {dagbag.py:588} INFO - Filling up the DagBag from /home/airflow/.local/lib/python3.12/site-packages/airflow/example_dags/example_xcomargs.py
[2025-09-07T00:06:06.270+0000] {processor.py:925} INFO - DAG(s) 'example_xcom_args', 'example_xcom_args_with_operators' retrieved from /home/airflow/.local/lib/python3.12/site-packages/airflow/example_dags/example_xcomargs.py
[2025-09-07T00:06:06.304+0000] {logging_mixin.py:190} INFO - [2025-09-07T00:06:06.303+0000] {dag.py:3239} INFO - Sync 2 DAGs
[2025-09-07T00:06:06.318+0000] {logging_mixin.py:190} INFO - [2025-09-07T00:06:06.317+0000] {dag.py:4180} INFO - Setting next_dagrun for example_xcom_args to None, run_after=None
[2025-09-07T00:06:06.321+0000] {logging_mixin.py:190} INFO - [2025-09-07T00:06:06.321+0000] {dag.py:4180} INFO - Setting next_dagrun for example_xcom_args_with_operators to None, run_after=None
[2025-09-07T00:06:06.343+0000] {processor.py:208} INFO - Processing /home/airflow/.local/lib/python3.12/site-packages/airflow/example_dags/example_xcomargs.py took 0.101 seconds
[2025-09-07T00:06:36.758+0000] {processor.py:186} INFO - Started process (PID=4782) to work on /home/airflow/.local/lib/python3.12/site-packages/airflow/example_dags/example_xcomargs.py
[2025-09-07T00:06:36.761+0000] {processor.py:914} INFO - Processing file /home/airflow/.local/lib/python3.12/site-packages/airflow/example_dags/example_xcomargs.py for tasks to queue
[2025-09-07T00:06:36.763+0000] {logging_mixin.py:190} INFO - [2025-09-07T00:06:36.762+0000] {dagbag.py:588} INFO - Filling up the DagBag from /home/airflow/.local/lib/python3.12/site-packages/airflow/example_dags/example_xcomargs.py
[2025-09-07T00:06:36.775+0000] {processor.py:925} INFO - DAG(s) 'example_xcom_args_with_operators', 'example_xcom_args' retrieved from /home/airflow/.local/lib/python3.12/site-packages/airflow/example_dags/example_xcomargs.py
[2025-09-07T00:06:36.798+0000] {logging_mixin.py:190} INFO - [2025-09-07T00:06:36.798+0000] {dag.py:3239} INFO - Sync 2 DAGs
[2025-09-07T00:06:36.818+0000] {logging_mixin.py:190} INFO - [2025-09-07T00:06:36.818+0000] {dag.py:4180} INFO - Setting next_dagrun for example_xcom_args to None, run_after=None
[2025-09-07T00:06:36.823+0000] {logging_mixin.py:190} INFO - [2025-09-07T00:06:36.823+0000] {dag.py:4180} INFO - Setting next_dagrun for example_xcom_args_with_operators to None, run_after=None
[2025-09-07T00:06:36.842+0000] {processor.py:208} INFO - Processing /home/airflow/.local/lib/python3.12/site-packages/airflow/example_dags/example_xcomargs.py took 0.092 seconds
[2025-09-07T00:07:07.133+0000] {processor.py:186} INFO - Started process (PID=4848) to work on /home/airflow/.local/lib/python3.12/site-packages/airflow/example_dags/example_xcomargs.py
[2025-09-07T00:07:07.134+0000] {processor.py:914} INFO - Processing file /home/airflow/.local/lib/python3.12/site-packages/airflow/example_dags/example_xcomargs.py for tasks to queue
[2025-09-07T00:07:07.136+0000] {logging_mixin.py:190} INFO - [2025-09-07T00:07:07.136+0000] {dagbag.py:588} INFO - Filling up the DagBag from /home/airflow/.local/lib/python3.12/site-packages/airflow/example_dags/example_xcomargs.py
[2025-09-07T00:07:07.153+0000] {processor.py:925} INFO - DAG(s) 'example_xcom_args', 'example_xcom_args_with_operators' retrieved from /home/airflow/.local/lib/python3.12/site-packages/airflow/example_dags/example_xcomargs.py
[2025-09-07T00:07:07.188+0000] {logging_mixin.py:190} INFO - [2025-09-07T00:07:07.187+0000] {dag.py:3239} INFO - Sync 2 DAGs
[2025-09-07T00:07:07.211+0000] {logging_mixin.py:190} INFO - [2025-09-07T00:07:07.211+0000] {dag.py:4180} INFO - Setting next_dagrun for example_xcom_args to None, run_after=None
[2025-09-07T00:07:07.217+0000] {logging_mixin.py:190} INFO - [2025-09-07T00:07:07.216+0000] {dag.py:4180} INFO - Setting next_dagrun for example_xcom_args_with_operators to None, run_after=None
[2025-09-07T00:07:07.241+0000] {processor.py:208} INFO - Processing /home/airflow/.local/lib/python3.12/site-packages/airflow/example_dags/example_xcomargs.py took 0.115 seconds
[2025-09-07T00:07:37.805+0000] {processor.py:186} INFO - Started process (PID=4913) to work on /home/airflow/.local/lib/python3.12/site-packages/airflow/example_dags/example_xcomargs.py
[2025-09-07T00:07:37.806+0000] {processor.py:914} INFO - Processing file /home/airflow/.local/lib/python3.12/site-packages/airflow/example_dags/example_xcomargs.py for tasks to queue
[2025-09-07T00:07:37.808+0000] {logging_mixin.py:190} INFO - [2025-09-07T00:07:37.807+0000] {dagbag.py:588} INFO - Filling up the DagBag from /home/airflow/.local/lib/python3.12/site-packages/airflow/example_dags/example_xcomargs.py
[2025-09-07T00:07:37.818+0000] {processor.py:925} INFO - DAG(s) 'example_xcom_args_with_operators', 'example_xcom_args' retrieved from /home/airflow/.local/lib/python3.12/site-packages/airflow/example_dags/example_xcomargs.py
[2025-09-07T00:07:37.856+0000] {logging_mixin.py:190} INFO - [2025-09-07T00:07:37.855+0000] {dag.py:3239} INFO - Sync 2 DAGs
[2025-09-07T00:07:37.879+0000] {logging_mixin.py:190} INFO - [2025-09-07T00:07:37.879+0000] {dag.py:4180} INFO - Setting next_dagrun for example_xcom_args to None, run_after=None
[2025-09-07T00:07:37.886+0000] {logging_mixin.py:190} INFO - [2025-09-07T00:07:37.885+0000] {dag.py:4180} INFO - Setting next_dagrun for example_xcom_args_with_operators to None, run_after=None
[2025-09-07T00:07:37.913+0000] {processor.py:208} INFO - Processing /home/airflow/.local/lib/python3.12/site-packages/airflow/example_dags/example_xcomargs.py took 0.118 seconds
[2025-09-07T00:08:08.513+0000] {processor.py:186} INFO - Started process (PID=4972) to work on /home/airflow/.local/lib/python3.12/site-packages/airflow/example_dags/example_xcomargs.py
[2025-09-07T00:08:08.515+0000] {processor.py:914} INFO - Processing file /home/airflow/.local/lib/python3.12/site-packages/airflow/example_dags/example_xcomargs.py for tasks to queue
[2025-09-07T00:08:08.518+0000] {logging_mixin.py:190} INFO - [2025-09-07T00:08:08.517+0000] {dagbag.py:588} INFO - Filling up the DagBag from /home/airflow/.local/lib/python3.12/site-packages/airflow/example_dags/example_xcomargs.py
[2025-09-07T00:08:08.530+0000] {processor.py:925} INFO - DAG(s) 'example_xcom_args_with_operators', 'example_xcom_args' retrieved from /home/airflow/.local/lib/python3.12/site-packages/airflow/example_dags/example_xcomargs.py
[2025-09-07T00:08:08.561+0000] {logging_mixin.py:190} INFO - [2025-09-07T00:08:08.561+0000] {dag.py:3239} INFO - Sync 2 DAGs
[2025-09-07T00:08:08.580+0000] {logging_mixin.py:190} INFO - [2025-09-07T00:08:08.580+0000] {dag.py:4180} INFO - Setting next_dagrun for example_xcom_args to None, run_after=None
[2025-09-07T00:08:08.585+0000] {logging_mixin.py:190} INFO - [2025-09-07T00:08:08.584+0000] {dag.py:4180} INFO - Setting next_dagrun for example_xcom_args_with_operators to None, run_after=None
[2025-09-07T00:08:08.604+0000] {processor.py:208} INFO - Processing /home/airflow/.local/lib/python3.12/site-packages/airflow/example_dags/example_xcomargs.py took 0.100 seconds
[2025-09-07T00:08:38.799+0000] {processor.py:186} INFO - Started process (PID=5038) to work on /home/airflow/.local/lib/python3.12/site-packages/airflow/example_dags/example_xcomargs.py
[2025-09-07T00:08:38.802+0000] {processor.py:914} INFO - Processing file /home/airflow/.local/lib/python3.12/site-packages/airflow/example_dags/example_xcomargs.py for tasks to queue
[2025-09-07T00:08:38.805+0000] {logging_mixin.py:190} INFO - [2025-09-07T00:08:38.804+0000] {dagbag.py:588} INFO - Filling up the DagBag from /home/airflow/.local/lib/python3.12/site-packages/airflow/example_dags/example_xcomargs.py
[2025-09-07T00:08:38.821+0000] {processor.py:925} INFO - DAG(s) 'example_xcom_args', 'example_xcom_args_with_operators' retrieved from /home/airflow/.local/lib/python3.12/site-packages/airflow/example_dags/example_xcomargs.py
[2025-09-07T00:08:38.857+0000] {logging_mixin.py:190} INFO - [2025-09-07T00:08:38.857+0000] {dag.py:3239} INFO - Sync 2 DAGs
[2025-09-07T00:08:38.878+0000] {logging_mixin.py:190} INFO - [2025-09-07T00:08:38.878+0000] {dag.py:4180} INFO - Setting next_dagrun for example_xcom_args to None, run_after=None
[2025-09-07T00:08:38.883+0000] {logging_mixin.py:190} INFO - [2025-09-07T00:08:38.882+0000] {dag.py:4180} INFO - Setting next_dagrun for example_xcom_args_with_operators to None, run_after=None
[2025-09-07T00:08:38.905+0000] {processor.py:208} INFO - Processing /home/airflow/.local/lib/python3.12/site-packages/airflow/example_dags/example_xcomargs.py took 0.115 seconds
[2025-09-07T00:09:09.425+0000] {processor.py:186} INFO - Started process (PID=5104) to work on /home/airflow/.local/lib/python3.12/site-packages/airflow/example_dags/example_xcomargs.py
[2025-09-07T00:09:09.426+0000] {processor.py:914} INFO - Processing file /home/airflow/.local/lib/python3.12/site-packages/airflow/example_dags/example_xcomargs.py for tasks to queue
[2025-09-07T00:09:09.429+0000] {logging_mixin.py:190} INFO - [2025-09-07T00:09:09.428+0000] {dagbag.py:588} INFO - Filling up the DagBag from /home/airflow/.local/lib/python3.12/site-packages/airflow/example_dags/example_xcomargs.py
[2025-09-07T00:09:09.446+0000] {processor.py:925} INFO - DAG(s) 'example_xcom_args_with_operators', 'example_xcom_args' retrieved from /home/airflow/.local/lib/python3.12/site-packages/airflow/example_dags/example_xcomargs.py
[2025-09-07T00:09:09.489+0000] {logging_mixin.py:190} INFO - [2025-09-07T00:09:09.488+0000] {dag.py:3239} INFO - Sync 2 DAGs
[2025-09-07T00:09:09.514+0000] {logging_mixin.py:190} INFO - [2025-09-07T00:09:09.513+0000] {dag.py:4180} INFO - Setting next_dagrun for example_xcom_args to None, run_after=None
[2025-09-07T00:09:09.520+0000] {logging_mixin.py:190} INFO - [2025-09-07T00:09:09.520+0000] {dag.py:4180} INFO - Setting next_dagrun for example_xcom_args_with_operators to None, run_after=None
[2025-09-07T00:09:09.549+0000] {processor.py:208} INFO - Processing /home/airflow/.local/lib/python3.12/site-packages/airflow/example_dags/example_xcomargs.py took 0.134 seconds
[2025-09-07T00:09:39.894+0000] {processor.py:186} INFO - Started process (PID=5165) to work on /home/airflow/.local/lib/python3.12/site-packages/airflow/example_dags/example_xcomargs.py
[2025-09-07T00:09:39.896+0000] {processor.py:914} INFO - Processing file /home/airflow/.local/lib/python3.12/site-packages/airflow/example_dags/example_xcomargs.py for tasks to queue
[2025-09-07T00:09:39.899+0000] {logging_mixin.py:190} INFO - [2025-09-07T00:09:39.898+0000] {dagbag.py:588} INFO - Filling up the DagBag from /home/airflow/.local/lib/python3.12/site-packages/airflow/example_dags/example_xcomargs.py
[2025-09-07T00:09:39.919+0000] {processor.py:925} INFO - DAG(s) 'example_xcom_args_with_operators', 'example_xcom_args' retrieved from /home/airflow/.local/lib/python3.12/site-packages/airflow/example_dags/example_xcomargs.py
[2025-09-07T00:09:39.961+0000] {logging_mixin.py:190} INFO - [2025-09-07T00:09:39.961+0000] {dag.py:3239} INFO - Sync 2 DAGs
[2025-09-07T00:09:39.987+0000] {logging_mixin.py:190} INFO - [2025-09-07T00:09:39.987+0000] {dag.py:4180} INFO - Setting next_dagrun for example_xcom_args to None, run_after=None
[2025-09-07T00:09:39.992+0000] {logging_mixin.py:190} INFO - [2025-09-07T00:09:39.992+0000] {dag.py:4180} INFO - Setting next_dagrun for example_xcom_args_with_operators to None, run_after=None
[2025-09-07T00:09:40.018+0000] {processor.py:208} INFO - Processing /home/airflow/.local/lib/python3.12/site-packages/airflow/example_dags/example_xcomargs.py took 0.134 seconds
[2025-09-07T00:10:10.226+0000] {processor.py:186} INFO - Started process (PID=5231) to work on /home/airflow/.local/lib/python3.12/site-packages/airflow/example_dags/example_xcomargs.py
[2025-09-07T00:10:10.227+0000] {processor.py:914} INFO - Processing file /home/airflow/.local/lib/python3.12/site-packages/airflow/example_dags/example_xcomargs.py for tasks to queue
[2025-09-07T00:10:10.229+0000] {logging_mixin.py:190} INFO - [2025-09-07T00:10:10.229+0000] {dagbag.py:588} INFO - Filling up the DagBag from /home/airflow/.local/lib/python3.12/site-packages/airflow/example_dags/example_xcomargs.py
[2025-09-07T00:10:10.245+0000] {processor.py:925} INFO - DAG(s) 'example_xcom_args_with_operators', 'example_xcom_args' retrieved from /home/airflow/.local/lib/python3.12/site-packages/airflow/example_dags/example_xcomargs.py
[2025-09-07T00:10:10.271+0000] {logging_mixin.py:190} INFO - [2025-09-07T00:10:10.271+0000] {dag.py:3239} INFO - Sync 2 DAGs
[2025-09-07T00:10:10.290+0000] {logging_mixin.py:190} INFO - [2025-09-07T00:10:10.290+0000] {dag.py:4180} INFO - Setting next_dagrun for example_xcom_args to None, run_after=None
[2025-09-07T00:10:10.294+0000] {logging_mixin.py:190} INFO - [2025-09-07T00:10:10.293+0000] {dag.py:4180} INFO - Setting next_dagrun for example_xcom_args_with_operators to None, run_after=None
[2025-09-07T00:10:10.315+0000] {processor.py:208} INFO - Processing /home/airflow/.local/lib/python3.12/site-packages/airflow/example_dags/example_xcomargs.py took 0.097 seconds
[2025-09-07T00:10:40.921+0000] {processor.py:186} INFO - Started process (PID=5297) to work on /home/airflow/.local/lib/python3.12/site-packages/airflow/example_dags/example_xcomargs.py
[2025-09-07T00:10:40.922+0000] {processor.py:914} INFO - Processing file /home/airflow/.local/lib/python3.12/site-packages/airflow/example_dags/example_xcomargs.py for tasks to queue
[2025-09-07T00:10:40.925+0000] {logging_mixin.py:190} INFO - [2025-09-07T00:10:40.924+0000] {dagbag.py:588} INFO - Filling up the DagBag from /home/airflow/.local/lib/python3.12/site-packages/airflow/example_dags/example_xcomargs.py
[2025-09-07T00:10:40.941+0000] {processor.py:925} INFO - DAG(s) 'example_xcom_args', 'example_xcom_args_with_operators' retrieved from /home/airflow/.local/lib/python3.12/site-packages/airflow/example_dags/example_xcomargs.py
[2025-09-07T00:10:40.972+0000] {logging_mixin.py:190} INFO - [2025-09-07T00:10:40.972+0000] {dag.py:3239} INFO - Sync 2 DAGs
[2025-09-07T00:10:40.991+0000] {logging_mixin.py:190} INFO - [2025-09-07T00:10:40.991+0000] {dag.py:4180} INFO - Setting next_dagrun for example_xcom_args to None, run_after=None
[2025-09-07T00:10:40.998+0000] {logging_mixin.py:190} INFO - [2025-09-07T00:10:40.998+0000] {dag.py:4180} INFO - Setting next_dagrun for example_xcom_args_with_operators to None, run_after=None
[2025-09-07T00:10:41.018+0000] {processor.py:208} INFO - Processing /home/airflow/.local/lib/python3.12/site-packages/airflow/example_dags/example_xcomargs.py took 0.105 seconds
[2025-09-07T00:11:11.204+0000] {processor.py:186} INFO - Started process (PID=5363) to work on /home/airflow/.local/lib/python3.12/site-packages/airflow/example_dags/example_xcomargs.py
[2025-09-07T00:11:11.206+0000] {processor.py:914} INFO - Processing file /home/airflow/.local/lib/python3.12/site-packages/airflow/example_dags/example_xcomargs.py for tasks to queue
[2025-09-07T00:11:11.211+0000] {logging_mixin.py:190} INFO - [2025-09-07T00:11:11.211+0000] {dagbag.py:588} INFO - Filling up the DagBag from /home/airflow/.local/lib/python3.12/site-packages/airflow/example_dags/example_xcomargs.py
[2025-09-07T00:11:11.226+0000] {processor.py:925} INFO - DAG(s) 'example_xcom_args', 'example_xcom_args_with_operators' retrieved from /home/airflow/.local/lib/python3.12/site-packages/airflow/example_dags/example_xcomargs.py
[2025-09-07T00:11:11.253+0000] {logging_mixin.py:190} INFO - [2025-09-07T00:11:11.253+0000] {dag.py:3239} INFO - Sync 2 DAGs
[2025-09-07T00:11:11.272+0000] {logging_mixin.py:190} INFO - [2025-09-07T00:11:11.272+0000] {dag.py:4180} INFO - Setting next_dagrun for example_xcom_args to None, run_after=None
[2025-09-07T00:11:11.276+0000] {logging_mixin.py:190} INFO - [2025-09-07T00:11:11.276+0000] {dag.py:4180} INFO - Setting next_dagrun for example_xcom_args_with_operators to None, run_after=None
[2025-09-07T00:11:11.292+0000] {processor.py:208} INFO - Processing /home/airflow/.local/lib/python3.12/site-packages/airflow/example_dags/example_xcomargs.py took 0.095 seconds
[2025-09-07T00:11:41.897+0000] {processor.py:186} INFO - Started process (PID=5429) to work on /home/airflow/.local/lib/python3.12/site-packages/airflow/example_dags/example_xcomargs.py
[2025-09-07T00:11:41.898+0000] {processor.py:914} INFO - Processing file /home/airflow/.local/lib/python3.12/site-packages/airflow/example_dags/example_xcomargs.py for tasks to queue
[2025-09-07T00:11:41.901+0000] {logging_mixin.py:190} INFO - [2025-09-07T00:11:41.900+0000] {dagbag.py:588} INFO - Filling up the DagBag from /home/airflow/.local/lib/python3.12/site-packages/airflow/example_dags/example_xcomargs.py
[2025-09-07T00:11:41.917+0000] {processor.py:925} INFO - DAG(s) 'example_xcom_args', 'example_xcom_args_with_operators' retrieved from /home/airflow/.local/lib/python3.12/site-packages/airflow/example_dags/example_xcomargs.py
[2025-09-07T00:11:41.949+0000] {logging_mixin.py:190} INFO - [2025-09-07T00:11:41.949+0000] {dag.py:3239} INFO - Sync 2 DAGs
[2025-09-07T00:11:41.966+0000] {logging_mixin.py:190} INFO - [2025-09-07T00:11:41.966+0000] {dag.py:4180} INFO - Setting next_dagrun for example_xcom_args to None, run_after=None
[2025-09-07T00:11:41.970+0000] {logging_mixin.py:190} INFO - [2025-09-07T00:11:41.970+0000] {dag.py:4180} INFO - Setting next_dagrun for example_xcom_args_with_operators to None, run_after=None
[2025-09-07T00:11:41.991+0000] {processor.py:208} INFO - Processing /home/airflow/.local/lib/python3.12/site-packages/airflow/example_dags/example_xcomargs.py took 0.105 seconds
[2025-09-07T00:12:12.071+0000] {processor.py:186} INFO - Started process (PID=5495) to work on /home/airflow/.local/lib/python3.12/site-packages/airflow/example_dags/example_xcomargs.py
[2025-09-07T00:12:12.073+0000] {processor.py:914} INFO - Processing file /home/airflow/.local/lib/python3.12/site-packages/airflow/example_dags/example_xcomargs.py for tasks to queue
[2025-09-07T00:12:12.076+0000] {logging_mixin.py:190} INFO - [2025-09-07T00:12:12.075+0000] {dagbag.py:588} INFO - Filling up the DagBag from /home/airflow/.local/lib/python3.12/site-packages/airflow/example_dags/example_xcomargs.py
[2025-09-07T00:12:12.093+0000] {processor.py:925} INFO - DAG(s) 'example_xcom_args', 'example_xcom_args_with_operators' retrieved from /home/airflow/.local/lib/python3.12/site-packages/airflow/example_dags/example_xcomargs.py
[2025-09-07T00:12:12.127+0000] {logging_mixin.py:190} INFO - [2025-09-07T00:12:12.127+0000] {dag.py:3239} INFO - Sync 2 DAGs
[2025-09-07T00:12:12.149+0000] {logging_mixin.py:190} INFO - [2025-09-07T00:12:12.149+0000] {dag.py:4180} INFO - Setting next_dagrun for example_xcom_args to None, run_after=None
[2025-09-07T00:12:12.154+0000] {logging_mixin.py:190} INFO - [2025-09-07T00:12:12.154+0000] {dag.py:4180} INFO - Setting next_dagrun for example_xcom_args_with_operators to None, run_after=None
[2025-09-07T00:12:12.175+0000] {processor.py:208} INFO - Processing /home/airflow/.local/lib/python3.12/site-packages/airflow/example_dags/example_xcomargs.py took 0.114 seconds
[2025-09-07T00:12:42.323+0000] {processor.py:186} INFO - Started process (PID=5560) to work on /home/airflow/.local/lib/python3.12/site-packages/airflow/example_dags/example_xcomargs.py
[2025-09-07T00:12:42.325+0000] {processor.py:914} INFO - Processing file /home/airflow/.local/lib/python3.12/site-packages/airflow/example_dags/example_xcomargs.py for tasks to queue
[2025-09-07T00:12:42.329+0000] {logging_mixin.py:190} INFO - [2025-09-07T00:12:42.328+0000] {dagbag.py:588} INFO - Filling up the DagBag from /home/airflow/.local/lib/python3.12/site-packages/airflow/example_dags/example_xcomargs.py
[2025-09-07T00:12:42.347+0000] {processor.py:925} INFO - DAG(s) 'example_xcom_args', 'example_xcom_args_with_operators' retrieved from /home/airflow/.local/lib/python3.12/site-packages/airflow/example_dags/example_xcomargs.py
[2025-09-07T00:12:42.370+0000] {logging_mixin.py:190} INFO - [2025-09-07T00:12:42.370+0000] {dag.py:3239} INFO - Sync 2 DAGs
[2025-09-07T00:12:42.382+0000] {logging_mixin.py:190} INFO - [2025-09-07T00:12:42.382+0000] {dag.py:4180} INFO - Setting next_dagrun for example_xcom_args to None, run_after=None
[2025-09-07T00:12:42.386+0000] {logging_mixin.py:190} INFO - [2025-09-07T00:12:42.386+0000] {dag.py:4180} INFO - Setting next_dagrun for example_xcom_args_with_operators to None, run_after=None
[2025-09-07T00:12:42.409+0000] {processor.py:208} INFO - Processing /home/airflow/.local/lib/python3.12/site-packages/airflow/example_dags/example_xcomargs.py took 0.098 seconds
[2025-09-07T00:13:12.460+0000] {processor.py:186} INFO - Started process (PID=5626) to work on /home/airflow/.local/lib/python3.12/site-packages/airflow/example_dags/example_xcomargs.py
[2025-09-07T00:13:12.462+0000] {processor.py:914} INFO - Processing file /home/airflow/.local/lib/python3.12/site-packages/airflow/example_dags/example_xcomargs.py for tasks to queue
[2025-09-07T00:13:12.464+0000] {logging_mixin.py:190} INFO - [2025-09-07T00:13:12.463+0000] {dagbag.py:588} INFO - Filling up the DagBag from /home/airflow/.local/lib/python3.12/site-packages/airflow/example_dags/example_xcomargs.py
[2025-09-07T00:13:12.476+0000] {processor.py:925} INFO - DAG(s) 'example_xcom_args_with_operators', 'example_xcom_args' retrieved from /home/airflow/.local/lib/python3.12/site-packages/airflow/example_dags/example_xcomargs.py
[2025-09-07T00:13:12.511+0000] {logging_mixin.py:190} INFO - [2025-09-07T00:13:12.510+0000] {dag.py:3239} INFO - Sync 2 DAGs
[2025-09-07T00:13:12.533+0000] {logging_mixin.py:190} INFO - [2025-09-07T00:13:12.533+0000] {dag.py:4180} INFO - Setting next_dagrun for example_xcom_args to None, run_after=None
[2025-09-07T00:13:12.538+0000] {logging_mixin.py:190} INFO - [2025-09-07T00:13:12.537+0000] {dag.py:4180} INFO - Setting next_dagrun for example_xcom_args_with_operators to None, run_after=None
[2025-09-07T00:13:12.565+0000] {processor.py:208} INFO - Processing /home/airflow/.local/lib/python3.12/site-packages/airflow/example_dags/example_xcomargs.py took 0.113 seconds
[2025-09-07T00:13:42.795+0000] {processor.py:186} INFO - Started process (PID=5692) to work on /home/airflow/.local/lib/python3.12/site-packages/airflow/example_dags/example_xcomargs.py
[2025-09-07T00:13:42.797+0000] {processor.py:914} INFO - Processing file /home/airflow/.local/lib/python3.12/site-packages/airflow/example_dags/example_xcomargs.py for tasks to queue
[2025-09-07T00:13:42.799+0000] {logging_mixin.py:190} INFO - [2025-09-07T00:13:42.799+0000] {dagbag.py:588} INFO - Filling up the DagBag from /home/airflow/.local/lib/python3.12/site-packages/airflow/example_dags/example_xcomargs.py
[2025-09-07T00:13:42.810+0000] {processor.py:925} INFO - DAG(s) 'example_xcom_args', 'example_xcom_args_with_operators' retrieved from /home/airflow/.local/lib/python3.12/site-packages/airflow/example_dags/example_xcomargs.py
[2025-09-07T00:13:42.847+0000] {logging_mixin.py:190} INFO - [2025-09-07T00:13:42.847+0000] {dag.py:3239} INFO - Sync 2 DAGs
[2025-09-07T00:13:43.037+0000] {logging_mixin.py:190} INFO - [2025-09-07T00:13:43.037+0000] {dag.py:4180} INFO - Setting next_dagrun for example_xcom_args to None, run_after=None
[2025-09-07T00:13:43.042+0000] {logging_mixin.py:190} INFO - [2025-09-07T00:13:43.042+0000] {dag.py:4180} INFO - Setting next_dagrun for example_xcom_args_with_operators to None, run_after=None
[2025-09-07T00:13:43.063+0000] {processor.py:208} INFO - Processing /home/airflow/.local/lib/python3.12/site-packages/airflow/example_dags/example_xcomargs.py took 0.276 seconds
[2025-09-07T00:14:13.650+0000] {processor.py:186} INFO - Started process (PID=5758) to work on /home/airflow/.local/lib/python3.12/site-packages/airflow/example_dags/example_xcomargs.py
[2025-09-07T00:14:13.651+0000] {processor.py:914} INFO - Processing file /home/airflow/.local/lib/python3.12/site-packages/airflow/example_dags/example_xcomargs.py for tasks to queue
[2025-09-07T00:14:13.654+0000] {logging_mixin.py:190} INFO - [2025-09-07T00:14:13.653+0000] {dagbag.py:588} INFO - Filling up the DagBag from /home/airflow/.local/lib/python3.12/site-packages/airflow/example_dags/example_xcomargs.py
[2025-09-07T00:14:13.672+0000] {processor.py:925} INFO - DAG(s) 'example_xcom_args_with_operators', 'example_xcom_args' retrieved from /home/airflow/.local/lib/python3.12/site-packages/airflow/example_dags/example_xcomargs.py
[2025-09-07T00:14:13.708+0000] {logging_mixin.py:190} INFO - [2025-09-07T00:14:13.707+0000] {dag.py:3239} INFO - Sync 2 DAGs
[2025-09-07T00:14:13.731+0000] {logging_mixin.py:190} INFO - [2025-09-07T00:14:13.731+0000] {dag.py:4180} INFO - Setting next_dagrun for example_xcom_args to None, run_after=None
[2025-09-07T00:14:13.737+0000] {logging_mixin.py:190} INFO - [2025-09-07T00:14:13.737+0000] {dag.py:4180} INFO - Setting next_dagrun for example_xcom_args_with_operators to None, run_after=None
[2025-09-07T00:14:13.763+0000] {processor.py:208} INFO - Processing /home/airflow/.local/lib/python3.12/site-packages/airflow/example_dags/example_xcomargs.py took 0.120 seconds
[2025-09-07T00:14:44.179+0000] {processor.py:186} INFO - Started process (PID=5822) to work on /home/airflow/.local/lib/python3.12/site-packages/airflow/example_dags/example_xcomargs.py
[2025-09-07T00:14:44.183+0000] {processor.py:914} INFO - Processing file /home/airflow/.local/lib/python3.12/site-packages/airflow/example_dags/example_xcomargs.py for tasks to queue
[2025-09-07T00:14:44.185+0000] {logging_mixin.py:190} INFO - [2025-09-07T00:14:44.185+0000] {dagbag.py:588} INFO - Filling up the DagBag from /home/airflow/.local/lib/python3.12/site-packages/airflow/example_dags/example_xcomargs.py
[2025-09-07T00:14:44.199+0000] {processor.py:925} INFO - DAG(s) 'example_xcom_args_with_operators', 'example_xcom_args' retrieved from /home/airflow/.local/lib/python3.12/site-packages/airflow/example_dags/example_xcomargs.py
[2025-09-07T00:14:44.225+0000] {logging_mixin.py:190} INFO - [2025-09-07T00:14:44.224+0000] {dag.py:3239} INFO - Sync 2 DAGs
[2025-09-07T00:14:44.248+0000] {logging_mixin.py:190} INFO - [2025-09-07T00:14:44.248+0000] {dag.py:4180} INFO - Setting next_dagrun for example_xcom_args to None, run_after=None
[2025-09-07T00:14:44.253+0000] {logging_mixin.py:190} INFO - [2025-09-07T00:14:44.252+0000] {dag.py:4180} INFO - Setting next_dagrun for example_xcom_args_with_operators to None, run_after=None
[2025-09-07T00:14:44.280+0000] {processor.py:208} INFO - Processing /home/airflow/.local/lib/python3.12/site-packages/airflow/example_dags/example_xcomargs.py took 0.109 seconds
[2025-09-07T00:15:14.396+0000] {processor.py:186} INFO - Started process (PID=5888) to work on /home/airflow/.local/lib/python3.12/site-packages/airflow/example_dags/example_xcomargs.py
[2025-09-07T00:15:14.398+0000] {processor.py:914} INFO - Processing file /home/airflow/.local/lib/python3.12/site-packages/airflow/example_dags/example_xcomargs.py for tasks to queue
[2025-09-07T00:15:14.402+0000] {logging_mixin.py:190} INFO - [2025-09-07T00:15:14.401+0000] {dagbag.py:588} INFO - Filling up the DagBag from /home/airflow/.local/lib/python3.12/site-packages/airflow/example_dags/example_xcomargs.py
[2025-09-07T00:15:14.417+0000] {processor.py:925} INFO - DAG(s) 'example_xcom_args_with_operators', 'example_xcom_args' retrieved from /home/airflow/.local/lib/python3.12/site-packages/airflow/example_dags/example_xcomargs.py
[2025-09-07T00:15:14.450+0000] {logging_mixin.py:190} INFO - [2025-09-07T00:15:14.450+0000] {dag.py:3239} INFO - Sync 2 DAGs
[2025-09-07T00:15:14.475+0000] {logging_mixin.py:190} INFO - [2025-09-07T00:15:14.475+0000] {dag.py:4180} INFO - Setting next_dagrun for example_xcom_args to None, run_after=None
[2025-09-07T00:15:14.481+0000] {logging_mixin.py:190} INFO - [2025-09-07T00:15:14.480+0000] {dag.py:4180} INFO - Setting next_dagrun for example_xcom_args_with_operators to None, run_after=None
[2025-09-07T00:15:14.504+0000] {processor.py:208} INFO - Processing /home/airflow/.local/lib/python3.12/site-packages/airflow/example_dags/example_xcomargs.py took 0.119 seconds
[2025-09-07T00:15:45.119+0000] {processor.py:186} INFO - Started process (PID=5955) to work on /home/airflow/.local/lib/python3.12/site-packages/airflow/example_dags/example_xcomargs.py
[2025-09-07T00:15:45.120+0000] {processor.py:914} INFO - Processing file /home/airflow/.local/lib/python3.12/site-packages/airflow/example_dags/example_xcomargs.py for tasks to queue
[2025-09-07T00:15:45.123+0000] {logging_mixin.py:190} INFO - [2025-09-07T00:15:45.122+0000] {dagbag.py:588} INFO - Filling up the DagBag from /home/airflow/.local/lib/python3.12/site-packages/airflow/example_dags/example_xcomargs.py
[2025-09-07T00:15:45.134+0000] {processor.py:925} INFO - DAG(s) 'example_xcom_args_with_operators', 'example_xcom_args' retrieved from /home/airflow/.local/lib/python3.12/site-packages/airflow/example_dags/example_xcomargs.py
[2025-09-07T00:15:45.155+0000] {logging_mixin.py:190} INFO - [2025-09-07T00:15:45.154+0000] {dag.py:3239} INFO - Sync 2 DAGs
[2025-09-07T00:15:45.170+0000] {logging_mixin.py:190} INFO - [2025-09-07T00:15:45.170+0000] {dag.py:4180} INFO - Setting next_dagrun for example_xcom_args to None, run_after=None
[2025-09-07T00:15:45.176+0000] {logging_mixin.py:190} INFO - [2025-09-07T00:15:45.176+0000] {dag.py:4180} INFO - Setting next_dagrun for example_xcom_args_with_operators to None, run_after=None
[2025-09-07T00:15:45.197+0000] {processor.py:208} INFO - Processing /home/airflow/.local/lib/python3.12/site-packages/airflow/example_dags/example_xcomargs.py took 0.083 seconds
[2025-09-07T00:16:15.728+0000] {processor.py:186} INFO - Started process (PID=6014) to work on /home/airflow/.local/lib/python3.12/site-packages/airflow/example_dags/example_xcomargs.py
[2025-09-07T00:16:15.729+0000] {processor.py:914} INFO - Processing file /home/airflow/.local/lib/python3.12/site-packages/airflow/example_dags/example_xcomargs.py for tasks to queue
[2025-09-07T00:16:15.731+0000] {logging_mixin.py:190} INFO - [2025-09-07T00:16:15.730+0000] {dagbag.py:588} INFO - Filling up the DagBag from /home/airflow/.local/lib/python3.12/site-packages/airflow/example_dags/example_xcomargs.py
[2025-09-07T00:16:15.744+0000] {processor.py:925} INFO - DAG(s) 'example_xcom_args_with_operators', 'example_xcom_args' retrieved from /home/airflow/.local/lib/python3.12/site-packages/airflow/example_dags/example_xcomargs.py
[2025-09-07T00:16:15.801+0000] {logging_mixin.py:190} INFO - [2025-09-07T00:16:15.800+0000] {dag.py:3239} INFO - Sync 2 DAGs
[2025-09-07T00:16:15.836+0000] {logging_mixin.py:190} INFO - [2025-09-07T00:16:15.835+0000] {dag.py:4180} INFO - Setting next_dagrun for example_xcom_args to None, run_after=None
[2025-09-07T00:16:15.845+0000] {logging_mixin.py:190} INFO - [2025-09-07T00:16:15.845+0000] {dag.py:4180} INFO - Setting next_dagrun for example_xcom_args_with_operators to None, run_after=None
[2025-09-07T00:16:15.868+0000] {processor.py:208} INFO - Processing /home/airflow/.local/lib/python3.12/site-packages/airflow/example_dags/example_xcomargs.py took 0.150 seconds
[2025-09-07T00:16:46.251+0000] {processor.py:186} INFO - Started process (PID=6079) to work on /home/airflow/.local/lib/python3.12/site-packages/airflow/example_dags/example_xcomargs.py
[2025-09-07T00:16:46.253+0000] {processor.py:914} INFO - Processing file /home/airflow/.local/lib/python3.12/site-packages/airflow/example_dags/example_xcomargs.py for tasks to queue
[2025-09-07T00:16:46.255+0000] {logging_mixin.py:190} INFO - [2025-09-07T00:16:46.255+0000] {dagbag.py:588} INFO - Filling up the DagBag from /home/airflow/.local/lib/python3.12/site-packages/airflow/example_dags/example_xcomargs.py
[2025-09-07T00:16:46.272+0000] {processor.py:925} INFO - DAG(s) 'example_xcom_args', 'example_xcom_args_with_operators' retrieved from /home/airflow/.local/lib/python3.12/site-packages/airflow/example_dags/example_xcomargs.py
[2025-09-07T00:16:46.304+0000] {logging_mixin.py:190} INFO - [2025-09-07T00:16:46.304+0000] {dag.py:3239} INFO - Sync 2 DAGs
[2025-09-07T00:16:46.326+0000] {logging_mixin.py:190} INFO - [2025-09-07T00:16:46.326+0000] {dag.py:4180} INFO - Setting next_dagrun for example_xcom_args to None, run_after=None
[2025-09-07T00:16:46.331+0000] {logging_mixin.py:190} INFO - [2025-09-07T00:16:46.331+0000] {dag.py:4180} INFO - Setting next_dagrun for example_xcom_args_with_operators to None, run_after=None
[2025-09-07T00:16:46.353+0000] {processor.py:208} INFO - Processing /home/airflow/.local/lib/python3.12/site-packages/airflow/example_dags/example_xcomargs.py took 0.111 seconds
[2025-09-07T00:17:16.997+0000] {processor.py:186} INFO - Started process (PID=6145) to work on /home/airflow/.local/lib/python3.12/site-packages/airflow/example_dags/example_xcomargs.py
[2025-09-07T00:17:16.998+0000] {processor.py:914} INFO - Processing file /home/airflow/.local/lib/python3.12/site-packages/airflow/example_dags/example_xcomargs.py for tasks to queue
[2025-09-07T00:17:17.001+0000] {logging_mixin.py:190} INFO - [2025-09-07T00:17:17.000+0000] {dagbag.py:588} INFO - Filling up the DagBag from /home/airflow/.local/lib/python3.12/site-packages/airflow/example_dags/example_xcomargs.py
[2025-09-07T00:17:17.020+0000] {processor.py:925} INFO - DAG(s) 'example_xcom_args', 'example_xcom_args_with_operators' retrieved from /home/airflow/.local/lib/python3.12/site-packages/airflow/example_dags/example_xcomargs.py
[2025-09-07T00:17:17.057+0000] {logging_mixin.py:190} INFO - [2025-09-07T00:17:17.056+0000] {dag.py:3239} INFO - Sync 2 DAGs
[2025-09-07T00:17:17.081+0000] {logging_mixin.py:190} INFO - [2025-09-07T00:17:17.081+0000] {dag.py:4180} INFO - Setting next_dagrun for example_xcom_args to None, run_after=None
[2025-09-07T00:17:17.087+0000] {logging_mixin.py:190} INFO - [2025-09-07T00:17:17.087+0000] {dag.py:4180} INFO - Setting next_dagrun for example_xcom_args_with_operators to None, run_after=None
[2025-09-07T00:17:17.110+0000] {processor.py:208} INFO - Processing /home/airflow/.local/lib/python3.12/site-packages/airflow/example_dags/example_xcomargs.py took 0.123 seconds
[2025-09-07T00:17:47.669+0000] {processor.py:186} INFO - Started process (PID=6211) to work on /home/airflow/.local/lib/python3.12/site-packages/airflow/example_dags/example_xcomargs.py
[2025-09-07T00:17:47.670+0000] {processor.py:914} INFO - Processing file /home/airflow/.local/lib/python3.12/site-packages/airflow/example_dags/example_xcomargs.py for tasks to queue
[2025-09-07T00:17:47.673+0000] {logging_mixin.py:190} INFO - [2025-09-07T00:17:47.672+0000] {dagbag.py:588} INFO - Filling up the DagBag from /home/airflow/.local/lib/python3.12/site-packages/airflow/example_dags/example_xcomargs.py
[2025-09-07T00:17:47.688+0000] {processor.py:925} INFO - DAG(s) 'example_xcom_args_with_operators', 'example_xcom_args' retrieved from /home/airflow/.local/lib/python3.12/site-packages/airflow/example_dags/example_xcomargs.py
[2025-09-07T00:17:47.716+0000] {logging_mixin.py:190} INFO - [2025-09-07T00:17:47.716+0000] {dag.py:3239} INFO - Sync 2 DAGs
[2025-09-07T00:17:47.738+0000] {logging_mixin.py:190} INFO - [2025-09-07T00:17:47.738+0000] {dag.py:4180} INFO - Setting next_dagrun for example_xcom_args to None, run_after=None
[2025-09-07T00:17:47.744+0000] {logging_mixin.py:190} INFO - [2025-09-07T00:17:47.743+0000] {dag.py:4180} INFO - Setting next_dagrun for example_xcom_args_with_operators to None, run_after=None
[2025-09-07T00:17:47.766+0000] {processor.py:208} INFO - Processing /home/airflow/.local/lib/python3.12/site-packages/airflow/example_dags/example_xcomargs.py took 0.107 seconds
[2025-09-07T00:18:18.431+0000] {processor.py:186} INFO - Started process (PID=6277) to work on /home/airflow/.local/lib/python3.12/site-packages/airflow/example_dags/example_xcomargs.py
[2025-09-07T00:18:18.434+0000] {processor.py:914} INFO - Processing file /home/airflow/.local/lib/python3.12/site-packages/airflow/example_dags/example_xcomargs.py for tasks to queue
[2025-09-07T00:18:18.438+0000] {logging_mixin.py:190} INFO - [2025-09-07T00:18:18.437+0000] {dagbag.py:588} INFO - Filling up the DagBag from /home/airflow/.local/lib/python3.12/site-packages/airflow/example_dags/example_xcomargs.py
[2025-09-07T00:18:18.458+0000] {processor.py:925} INFO - DAG(s) 'example_xcom_args', 'example_xcom_args_with_operators' retrieved from /home/airflow/.local/lib/python3.12/site-packages/airflow/example_dags/example_xcomargs.py
[2025-09-07T00:18:18.487+0000] {logging_mixin.py:190} INFO - [2025-09-07T00:18:18.486+0000] {dag.py:3239} INFO - Sync 2 DAGs
[2025-09-07T00:18:18.509+0000] {logging_mixin.py:190} INFO - [2025-09-07T00:18:18.509+0000] {dag.py:4180} INFO - Setting next_dagrun for example_xcom_args to None, run_after=None
[2025-09-07T00:18:18.514+0000] {logging_mixin.py:190} INFO - [2025-09-07T00:18:18.514+0000] {dag.py:4180} INFO - Setting next_dagrun for example_xcom_args_with_operators to None, run_after=None
[2025-09-07T00:18:18.533+0000] {processor.py:208} INFO - Processing /home/airflow/.local/lib/python3.12/site-packages/airflow/example_dags/example_xcomargs.py took 0.112 seconds
[2025-09-07T00:18:49.201+0000] {processor.py:186} INFO - Started process (PID=6343) to work on /home/airflow/.local/lib/python3.12/site-packages/airflow/example_dags/example_xcomargs.py
[2025-09-07T00:18:49.203+0000] {processor.py:914} INFO - Processing file /home/airflow/.local/lib/python3.12/site-packages/airflow/example_dags/example_xcomargs.py for tasks to queue
[2025-09-07T00:18:49.205+0000] {logging_mixin.py:190} INFO - [2025-09-07T00:18:49.205+0000] {dagbag.py:588} INFO - Filling up the DagBag from /home/airflow/.local/lib/python3.12/site-packages/airflow/example_dags/example_xcomargs.py
[2025-09-07T00:18:49.225+0000] {processor.py:925} INFO - DAG(s) 'example_xcom_args_with_operators', 'example_xcom_args' retrieved from /home/airflow/.local/lib/python3.12/site-packages/airflow/example_dags/example_xcomargs.py
[2025-09-07T00:18:49.252+0000] {logging_mixin.py:190} INFO - [2025-09-07T00:18:49.251+0000] {dag.py:3239} INFO - Sync 2 DAGs
[2025-09-07T00:18:49.269+0000] {logging_mixin.py:190} INFO - [2025-09-07T00:18:49.268+0000] {dag.py:4180} INFO - Setting next_dagrun for example_xcom_args to None, run_after=None
[2025-09-07T00:18:49.274+0000] {logging_mixin.py:190} INFO - [2025-09-07T00:18:49.274+0000] {dag.py:4180} INFO - Setting next_dagrun for example_xcom_args_with_operators to None, run_after=None
[2025-09-07T00:18:49.297+0000] {processor.py:208} INFO - Processing /home/airflow/.local/lib/python3.12/site-packages/airflow/example_dags/example_xcomargs.py took 0.103 seconds
[2025-09-07T00:19:19.777+0000] {processor.py:186} INFO - Started process (PID=6408) to work on /home/airflow/.local/lib/python3.12/site-packages/airflow/example_dags/example_xcomargs.py
[2025-09-07T00:19:19.778+0000] {processor.py:914} INFO - Processing file /home/airflow/.local/lib/python3.12/site-packages/airflow/example_dags/example_xcomargs.py for tasks to queue
[2025-09-07T00:19:19.779+0000] {logging_mixin.py:190} INFO - [2025-09-07T00:19:19.779+0000] {dagbag.py:588} INFO - Filling up the DagBag from /home/airflow/.local/lib/python3.12/site-packages/airflow/example_dags/example_xcomargs.py
[2025-09-07T00:19:19.790+0000] {processor.py:925} INFO - DAG(s) 'example_xcom_args', 'example_xcom_args_with_operators' retrieved from /home/airflow/.local/lib/python3.12/site-packages/airflow/example_dags/example_xcomargs.py
[2025-09-07T00:19:19.822+0000] {logging_mixin.py:190} INFO - [2025-09-07T00:19:19.821+0000] {dag.py:3239} INFO - Sync 2 DAGs
[2025-09-07T00:19:19.846+0000] {logging_mixin.py:190} INFO - [2025-09-07T00:19:19.846+0000] {dag.py:4180} INFO - Setting next_dagrun for example_xcom_args to None, run_after=None
[2025-09-07T00:19:19.853+0000] {logging_mixin.py:190} INFO - [2025-09-07T00:19:19.853+0000] {dag.py:4180} INFO - Setting next_dagrun for example_xcom_args_with_operators to None, run_after=None
[2025-09-07T00:19:19.874+0000] {processor.py:208} INFO - Processing /home/airflow/.local/lib/python3.12/site-packages/airflow/example_dags/example_xcomargs.py took 0.103 seconds
[2025-09-07T00:19:50.683+0000] {processor.py:186} INFO - Started process (PID=6474) to work on /home/airflow/.local/lib/python3.12/site-packages/airflow/example_dags/example_xcomargs.py
[2025-09-07T00:19:50.685+0000] {processor.py:914} INFO - Processing file /home/airflow/.local/lib/python3.12/site-packages/airflow/example_dags/example_xcomargs.py for tasks to queue
[2025-09-07T00:19:50.687+0000] {logging_mixin.py:190} INFO - [2025-09-07T00:19:50.687+0000] {dagbag.py:588} INFO - Filling up the DagBag from /home/airflow/.local/lib/python3.12/site-packages/airflow/example_dags/example_xcomargs.py
[2025-09-07T00:19:50.704+0000] {processor.py:925} INFO - DAG(s) 'example_xcom_args', 'example_xcom_args_with_operators' retrieved from /home/airflow/.local/lib/python3.12/site-packages/airflow/example_dags/example_xcomargs.py
[2025-09-07T00:19:50.730+0000] {logging_mixin.py:190} INFO - [2025-09-07T00:19:50.730+0000] {dag.py:3239} INFO - Sync 2 DAGs
[2025-09-07T00:19:50.752+0000] {logging_mixin.py:190} INFO - [2025-09-07T00:19:50.752+0000] {dag.py:4180} INFO - Setting next_dagrun for example_xcom_args to None, run_after=None
[2025-09-07T00:19:50.758+0000] {logging_mixin.py:190} INFO - [2025-09-07T00:19:50.757+0000] {dag.py:4180} INFO - Setting next_dagrun for example_xcom_args_with_operators to None, run_after=None
[2025-09-07T00:19:50.778+0000] {processor.py:208} INFO - Processing /home/airflow/.local/lib/python3.12/site-packages/airflow/example_dags/example_xcomargs.py took 0.104 seconds
[2025-09-07T00:20:21.415+0000] {processor.py:186} INFO - Started process (PID=6540) to work on /home/airflow/.local/lib/python3.12/site-packages/airflow/example_dags/example_xcomargs.py
[2025-09-07T00:20:21.416+0000] {processor.py:914} INFO - Processing file /home/airflow/.local/lib/python3.12/site-packages/airflow/example_dags/example_xcomargs.py for tasks to queue
[2025-09-07T00:20:21.419+0000] {logging_mixin.py:190} INFO - [2025-09-07T00:20:21.418+0000] {dagbag.py:588} INFO - Filling up the DagBag from /home/airflow/.local/lib/python3.12/site-packages/airflow/example_dags/example_xcomargs.py
[2025-09-07T00:20:21.437+0000] {processor.py:925} INFO - DAG(s) 'example_xcom_args', 'example_xcom_args_with_operators' retrieved from /home/airflow/.local/lib/python3.12/site-packages/airflow/example_dags/example_xcomargs.py
[2025-09-07T00:20:21.472+0000] {logging_mixin.py:190} INFO - [2025-09-07T00:20:21.471+0000] {dag.py:3239} INFO - Sync 2 DAGs
[2025-09-07T00:20:21.488+0000] {logging_mixin.py:190} INFO - [2025-09-07T00:20:21.488+0000] {dag.py:4180} INFO - Setting next_dagrun for example_xcom_args to None, run_after=None
[2025-09-07T00:20:21.493+0000] {logging_mixin.py:190} INFO - [2025-09-07T00:20:21.493+0000] {dag.py:4180} INFO - Setting next_dagrun for example_xcom_args_with_operators to None, run_after=None
[2025-09-07T00:20:21.517+0000] {processor.py:208} INFO - Processing /home/airflow/.local/lib/python3.12/site-packages/airflow/example_dags/example_xcomargs.py took 0.112 seconds
