[2025-09-07T00:00:26.754+0000] {processor.py:186} INFO - Started process (PID=3982) to work on /home/airflow/.local/lib/python3.12/site-packages/airflow/example_dags/example_skip_dag.py
[2025-09-07T00:00:26.755+0000] {processor.py:914} INFO - Processing file /home/airflow/.local/lib/python3.12/site-packages/airflow/example_dags/example_skip_dag.py for tasks to queue
[2025-09-07T00:00:26.758+0000] {logging_mixin.py:190} INFO - [2025-09-07T00:00:26.757+0000] {dagbag.py:588} INFO - Filling up the DagBag from /home/airflow/.local/lib/python3.12/site-packages/airflow/example_dags/example_skip_dag.py
[2025-09-07T00:00:26.773+0000] {processor.py:925} INFO - DAG(s) 'example_skip_dag' retrieved from /home/airflow/.local/lib/python3.12/site-packages/airflow/example_dags/example_skip_dag.py
[2025-09-07T00:00:26.808+0000] {logging_mixin.py:190} INFO - [2025-09-07T00:00:26.808+0000] {dag.py:3239} INFO - Sync 1 DAGs
[2025-09-07T00:00:26.839+0000] {logging_mixin.py:190} INFO - [2025-09-07T00:00:26.838+0000] {dag.py:4180} INFO - Setting next_dagrun for example_skip_dag to 2025-09-06 00:00:00+00:00, run_after=2025-09-07 00:00:00+00:00
[2025-09-07T00:00:26.864+0000] {processor.py:208} INFO - Processing /home/airflow/.local/lib/python3.12/site-packages/airflow/example_dags/example_skip_dag.py took 0.119 seconds
[2025-09-07T00:00:57.427+0000] {processor.py:186} INFO - Started process (PID=4048) to work on /home/airflow/.local/lib/python3.12/site-packages/airflow/example_dags/example_skip_dag.py
[2025-09-07T00:00:57.429+0000] {processor.py:914} INFO - Processing file /home/airflow/.local/lib/python3.12/site-packages/airflow/example_dags/example_skip_dag.py for tasks to queue
[2025-09-07T00:00:57.431+0000] {logging_mixin.py:190} INFO - [2025-09-07T00:00:57.430+0000] {dagbag.py:588} INFO - Filling up the DagBag from /home/airflow/.local/lib/python3.12/site-packages/airflow/example_dags/example_skip_dag.py
[2025-09-07T00:00:57.445+0000] {processor.py:925} INFO - DAG(s) 'example_skip_dag' retrieved from /home/airflow/.local/lib/python3.12/site-packages/airflow/example_dags/example_skip_dag.py
[2025-09-07T00:00:57.478+0000] {logging_mixin.py:190} INFO - [2025-09-07T00:00:57.477+0000] {dag.py:3239} INFO - Sync 1 DAGs
[2025-09-07T00:00:57.511+0000] {logging_mixin.py:190} INFO - [2025-09-07T00:00:57.511+0000] {dag.py:4180} INFO - Setting next_dagrun for example_skip_dag to 2025-09-06 00:00:00+00:00, run_after=2025-09-07 00:00:00+00:00
[2025-09-07T00:00:57.536+0000] {processor.py:208} INFO - Processing /home/airflow/.local/lib/python3.12/site-packages/airflow/example_dags/example_skip_dag.py took 0.118 seconds
[2025-09-07T00:01:27.596+0000] {processor.py:186} INFO - Started process (PID=4114) to work on /home/airflow/.local/lib/python3.12/site-packages/airflow/example_dags/example_skip_dag.py
[2025-09-07T00:01:27.597+0000] {processor.py:914} INFO - Processing file /home/airflow/.local/lib/python3.12/site-packages/airflow/example_dags/example_skip_dag.py for tasks to queue
[2025-09-07T00:01:27.599+0000] {logging_mixin.py:190} INFO - [2025-09-07T00:01:27.599+0000] {dagbag.py:588} INFO - Filling up the DagBag from /home/airflow/.local/lib/python3.12/site-packages/airflow/example_dags/example_skip_dag.py
[2025-09-07T00:01:27.613+0000] {processor.py:925} INFO - DAG(s) 'example_skip_dag' retrieved from /home/airflow/.local/lib/python3.12/site-packages/airflow/example_dags/example_skip_dag.py
[2025-09-07T00:01:27.647+0000] {logging_mixin.py:190} INFO - [2025-09-07T00:01:27.646+0000] {dag.py:3239} INFO - Sync 1 DAGs
[2025-09-07T00:01:27.680+0000] {logging_mixin.py:190} INFO - [2025-09-07T00:01:27.679+0000] {dag.py:4180} INFO - Setting next_dagrun for example_skip_dag to 2025-09-06 00:00:00+00:00, run_after=2025-09-07 00:00:00+00:00
[2025-09-07T00:01:27.705+0000] {processor.py:208} INFO - Processing /home/airflow/.local/lib/python3.12/site-packages/airflow/example_dags/example_skip_dag.py took 0.114 seconds
[2025-09-07T00:01:58.460+0000] {processor.py:186} INFO - Started process (PID=4179) to work on /home/airflow/.local/lib/python3.12/site-packages/airflow/example_dags/example_skip_dag.py
[2025-09-07T00:01:58.462+0000] {processor.py:914} INFO - Processing file /home/airflow/.local/lib/python3.12/site-packages/airflow/example_dags/example_skip_dag.py for tasks to queue
[2025-09-07T00:01:58.464+0000] {logging_mixin.py:190} INFO - [2025-09-07T00:01:58.463+0000] {dagbag.py:588} INFO - Filling up the DagBag from /home/airflow/.local/lib/python3.12/site-packages/airflow/example_dags/example_skip_dag.py
[2025-09-07T00:01:58.474+0000] {processor.py:925} INFO - DAG(s) 'example_skip_dag' retrieved from /home/airflow/.local/lib/python3.12/site-packages/airflow/example_dags/example_skip_dag.py
[2025-09-07T00:01:58.506+0000] {logging_mixin.py:190} INFO - [2025-09-07T00:01:58.506+0000] {dag.py:3239} INFO - Sync 1 DAGs
[2025-09-07T00:01:58.537+0000] {logging_mixin.py:190} INFO - [2025-09-07T00:01:58.536+0000] {dag.py:4180} INFO - Setting next_dagrun for example_skip_dag to 2025-09-06 00:00:00+00:00, run_after=2025-09-07 00:00:00+00:00
[2025-09-07T00:01:58.561+0000] {processor.py:208} INFO - Processing /home/airflow/.local/lib/python3.12/site-packages/airflow/example_dags/example_skip_dag.py took 0.109 seconds
[2025-09-07T00:02:29.348+0000] {processor.py:186} INFO - Started process (PID=4245) to work on /home/airflow/.local/lib/python3.12/site-packages/airflow/example_dags/example_skip_dag.py
[2025-09-07T00:02:29.350+0000] {processor.py:914} INFO - Processing file /home/airflow/.local/lib/python3.12/site-packages/airflow/example_dags/example_skip_dag.py for tasks to queue
[2025-09-07T00:02:29.353+0000] {logging_mixin.py:190} INFO - [2025-09-07T00:02:29.353+0000] {dagbag.py:588} INFO - Filling up the DagBag from /home/airflow/.local/lib/python3.12/site-packages/airflow/example_dags/example_skip_dag.py
[2025-09-07T00:02:29.368+0000] {processor.py:925} INFO - DAG(s) 'example_skip_dag' retrieved from /home/airflow/.local/lib/python3.12/site-packages/airflow/example_dags/example_skip_dag.py
[2025-09-07T00:02:29.398+0000] {logging_mixin.py:190} INFO - [2025-09-07T00:02:29.397+0000] {dag.py:3239} INFO - Sync 1 DAGs
[2025-09-07T00:02:29.426+0000] {logging_mixin.py:190} INFO - [2025-09-07T00:02:29.426+0000] {dag.py:4180} INFO - Setting next_dagrun for example_skip_dag to 2025-09-06 00:00:00+00:00, run_after=2025-09-07 00:00:00+00:00
[2025-09-07T00:02:29.448+0000] {processor.py:208} INFO - Processing /home/airflow/.local/lib/python3.12/site-packages/airflow/example_dags/example_skip_dag.py took 0.109 seconds
[2025-09-07T00:03:00.233+0000] {processor.py:186} INFO - Started process (PID=4311) to work on /home/airflow/.local/lib/python3.12/site-packages/airflow/example_dags/example_skip_dag.py
[2025-09-07T00:03:00.234+0000] {processor.py:914} INFO - Processing file /home/airflow/.local/lib/python3.12/site-packages/airflow/example_dags/example_skip_dag.py for tasks to queue
[2025-09-07T00:03:00.237+0000] {logging_mixin.py:190} INFO - [2025-09-07T00:03:00.236+0000] {dagbag.py:588} INFO - Filling up the DagBag from /home/airflow/.local/lib/python3.12/site-packages/airflow/example_dags/example_skip_dag.py
[2025-09-07T00:03:00.250+0000] {processor.py:925} INFO - DAG(s) 'example_skip_dag' retrieved from /home/airflow/.local/lib/python3.12/site-packages/airflow/example_dags/example_skip_dag.py
[2025-09-07T00:03:00.282+0000] {logging_mixin.py:190} INFO - [2025-09-07T00:03:00.282+0000] {dag.py:3239} INFO - Sync 1 DAGs
[2025-09-07T00:03:00.320+0000] {logging_mixin.py:190} INFO - [2025-09-07T00:03:00.320+0000] {dag.py:4180} INFO - Setting next_dagrun for example_skip_dag to 2025-09-06 00:00:00+00:00, run_after=2025-09-07 00:00:00+00:00
[2025-09-07T00:03:00.347+0000] {processor.py:208} INFO - Processing /home/airflow/.local/lib/python3.12/site-packages/airflow/example_dags/example_skip_dag.py took 0.118 seconds
[2025-09-07T00:03:30.990+0000] {processor.py:186} INFO - Started process (PID=4377) to work on /home/airflow/.local/lib/python3.12/site-packages/airflow/example_dags/example_skip_dag.py
[2025-09-07T00:03:30.991+0000] {processor.py:914} INFO - Processing file /home/airflow/.local/lib/python3.12/site-packages/airflow/example_dags/example_skip_dag.py for tasks to queue
[2025-09-07T00:03:30.995+0000] {logging_mixin.py:190} INFO - [2025-09-07T00:03:30.994+0000] {dagbag.py:588} INFO - Filling up the DagBag from /home/airflow/.local/lib/python3.12/site-packages/airflow/example_dags/example_skip_dag.py
[2025-09-07T00:03:31.009+0000] {processor.py:925} INFO - DAG(s) 'example_skip_dag' retrieved from /home/airflow/.local/lib/python3.12/site-packages/airflow/example_dags/example_skip_dag.py
[2025-09-07T00:03:31.042+0000] {logging_mixin.py:190} INFO - [2025-09-07T00:03:31.042+0000] {dag.py:3239} INFO - Sync 1 DAGs
[2025-09-07T00:03:31.079+0000] {logging_mixin.py:190} INFO - [2025-09-07T00:03:31.079+0000] {dag.py:4180} INFO - Setting next_dagrun for example_skip_dag to 2025-09-06 00:00:00+00:00, run_after=2025-09-07 00:00:00+00:00
[2025-09-07T00:03:31.110+0000] {processor.py:208} INFO - Processing /home/airflow/.local/lib/python3.12/site-packages/airflow/example_dags/example_skip_dag.py took 0.130 seconds
[2025-09-07T00:04:01.393+0000] {processor.py:186} INFO - Started process (PID=4443) to work on /home/airflow/.local/lib/python3.12/site-packages/airflow/example_dags/example_skip_dag.py
[2025-09-07T00:04:01.395+0000] {processor.py:914} INFO - Processing file /home/airflow/.local/lib/python3.12/site-packages/airflow/example_dags/example_skip_dag.py for tasks to queue
[2025-09-07T00:04:01.397+0000] {logging_mixin.py:190} INFO - [2025-09-07T00:04:01.396+0000] {dagbag.py:588} INFO - Filling up the DagBag from /home/airflow/.local/lib/python3.12/site-packages/airflow/example_dags/example_skip_dag.py
[2025-09-07T00:04:01.411+0000] {processor.py:925} INFO - DAG(s) 'example_skip_dag' retrieved from /home/airflow/.local/lib/python3.12/site-packages/airflow/example_dags/example_skip_dag.py
[2025-09-07T00:04:01.439+0000] {logging_mixin.py:190} INFO - [2025-09-07T00:04:01.438+0000] {dag.py:3239} INFO - Sync 1 DAGs
[2025-09-07T00:04:01.471+0000] {logging_mixin.py:190} INFO - [2025-09-07T00:04:01.470+0000] {dag.py:4180} INFO - Setting next_dagrun for example_skip_dag to 2025-09-06 00:00:00+00:00, run_after=2025-09-07 00:00:00+00:00
[2025-09-07T00:04:01.502+0000] {processor.py:208} INFO - Processing /home/airflow/.local/lib/python3.12/site-packages/airflow/example_dags/example_skip_dag.py took 0.116 seconds
[2025-09-07T00:04:31.633+0000] {processor.py:186} INFO - Started process (PID=4509) to work on /home/airflow/.local/lib/python3.12/site-packages/airflow/example_dags/example_skip_dag.py
[2025-09-07T00:04:31.636+0000] {processor.py:914} INFO - Processing file /home/airflow/.local/lib/python3.12/site-packages/airflow/example_dags/example_skip_dag.py for tasks to queue
[2025-09-07T00:04:31.644+0000] {logging_mixin.py:190} INFO - [2025-09-07T00:04:31.642+0000] {dagbag.py:588} INFO - Filling up the DagBag from /home/airflow/.local/lib/python3.12/site-packages/airflow/example_dags/example_skip_dag.py
[2025-09-07T00:04:31.690+0000] {processor.py:925} INFO - DAG(s) 'example_skip_dag' retrieved from /home/airflow/.local/lib/python3.12/site-packages/airflow/example_dags/example_skip_dag.py
[2025-09-07T00:04:31.795+0000] {logging_mixin.py:190} INFO - [2025-09-07T00:04:31.794+0000] {dag.py:3239} INFO - Sync 1 DAGs
[2025-09-07T00:04:31.853+0000] {logging_mixin.py:190} INFO - [2025-09-07T00:04:31.852+0000] {dag.py:4180} INFO - Setting next_dagrun for example_skip_dag to 2025-09-06 00:00:00+00:00, run_after=2025-09-07 00:00:00+00:00
[2025-09-07T00:04:31.918+0000] {processor.py:208} INFO - Processing /home/airflow/.local/lib/python3.12/site-packages/airflow/example_dags/example_skip_dag.py took 0.310 seconds
[2025-09-07T00:05:02.035+0000] {processor.py:186} INFO - Started process (PID=4575) to work on /home/airflow/.local/lib/python3.12/site-packages/airflow/example_dags/example_skip_dag.py
[2025-09-07T00:05:02.037+0000] {processor.py:914} INFO - Processing file /home/airflow/.local/lib/python3.12/site-packages/airflow/example_dags/example_skip_dag.py for tasks to queue
[2025-09-07T00:05:02.039+0000] {logging_mixin.py:190} INFO - [2025-09-07T00:05:02.039+0000] {dagbag.py:588} INFO - Filling up the DagBag from /home/airflow/.local/lib/python3.12/site-packages/airflow/example_dags/example_skip_dag.py
[2025-09-07T00:05:02.054+0000] {processor.py:925} INFO - DAG(s) 'example_skip_dag' retrieved from /home/airflow/.local/lib/python3.12/site-packages/airflow/example_dags/example_skip_dag.py
[2025-09-07T00:05:02.077+0000] {logging_mixin.py:190} INFO - [2025-09-07T00:05:02.077+0000] {dag.py:3239} INFO - Sync 1 DAGs
[2025-09-07T00:05:02.098+0000] {logging_mixin.py:190} INFO - [2025-09-07T00:05:02.098+0000] {dag.py:4180} INFO - Setting next_dagrun for example_skip_dag to 2025-09-06 00:00:00+00:00, run_after=2025-09-07 00:00:00+00:00
[2025-09-07T00:05:02.113+0000] {processor.py:208} INFO - Processing /home/airflow/.local/lib/python3.12/site-packages/airflow/example_dags/example_skip_dag.py took 0.085 seconds
[2025-09-07T00:05:32.983+0000] {processor.py:186} INFO - Started process (PID=4641) to work on /home/airflow/.local/lib/python3.12/site-packages/airflow/example_dags/example_skip_dag.py
[2025-09-07T00:05:32.984+0000] {processor.py:914} INFO - Processing file /home/airflow/.local/lib/python3.12/site-packages/airflow/example_dags/example_skip_dag.py for tasks to queue
[2025-09-07T00:05:32.987+0000] {logging_mixin.py:190} INFO - [2025-09-07T00:05:32.986+0000] {dagbag.py:588} INFO - Filling up the DagBag from /home/airflow/.local/lib/python3.12/site-packages/airflow/example_dags/example_skip_dag.py
[2025-09-07T00:05:32.996+0000] {processor.py:925} INFO - DAG(s) 'example_skip_dag' retrieved from /home/airflow/.local/lib/python3.12/site-packages/airflow/example_dags/example_skip_dag.py
[2025-09-07T00:05:33.017+0000] {logging_mixin.py:190} INFO - [2025-09-07T00:05:33.017+0000] {dag.py:3239} INFO - Sync 1 DAGs
[2025-09-07T00:05:33.047+0000] {logging_mixin.py:190} INFO - [2025-09-07T00:05:33.047+0000] {dag.py:4180} INFO - Setting next_dagrun for example_skip_dag to 2025-09-06 00:00:00+00:00, run_after=2025-09-07 00:00:00+00:00
[2025-09-07T00:05:33.063+0000] {processor.py:208} INFO - Processing /home/airflow/.local/lib/python3.12/site-packages/airflow/example_dags/example_skip_dag.py took 0.088 seconds
[2025-09-07T00:06:03.952+0000] {processor.py:186} INFO - Started process (PID=4707) to work on /home/airflow/.local/lib/python3.12/site-packages/airflow/example_dags/example_skip_dag.py
[2025-09-07T00:06:03.953+0000] {processor.py:914} INFO - Processing file /home/airflow/.local/lib/python3.12/site-packages/airflow/example_dags/example_skip_dag.py for tasks to queue
[2025-09-07T00:06:03.955+0000] {logging_mixin.py:190} INFO - [2025-09-07T00:06:03.955+0000] {dagbag.py:588} INFO - Filling up the DagBag from /home/airflow/.local/lib/python3.12/site-packages/airflow/example_dags/example_skip_dag.py
[2025-09-07T00:06:03.968+0000] {processor.py:925} INFO - DAG(s) 'example_skip_dag' retrieved from /home/airflow/.local/lib/python3.12/site-packages/airflow/example_dags/example_skip_dag.py
[2025-09-07T00:06:03.989+0000] {logging_mixin.py:190} INFO - [2025-09-07T00:06:03.989+0000] {dag.py:3239} INFO - Sync 1 DAGs
[2025-09-07T00:06:04.015+0000] {logging_mixin.py:190} INFO - [2025-09-07T00:06:04.015+0000] {dag.py:4180} INFO - Setting next_dagrun for example_skip_dag to 2025-09-06 00:00:00+00:00, run_after=2025-09-07 00:00:00+00:00
[2025-09-07T00:06:04.027+0000] {processor.py:208} INFO - Processing /home/airflow/.local/lib/python3.12/site-packages/airflow/example_dags/example_skip_dag.py took 0.081 seconds
[2025-09-07T00:06:34.471+0000] {processor.py:186} INFO - Started process (PID=4773) to work on /home/airflow/.local/lib/python3.12/site-packages/airflow/example_dags/example_skip_dag.py
[2025-09-07T00:06:34.472+0000] {processor.py:914} INFO - Processing file /home/airflow/.local/lib/python3.12/site-packages/airflow/example_dags/example_skip_dag.py for tasks to queue
[2025-09-07T00:06:34.474+0000] {logging_mixin.py:190} INFO - [2025-09-07T00:06:34.473+0000] {dagbag.py:588} INFO - Filling up the DagBag from /home/airflow/.local/lib/python3.12/site-packages/airflow/example_dags/example_skip_dag.py
[2025-09-07T00:06:34.481+0000] {processor.py:925} INFO - DAG(s) 'example_skip_dag' retrieved from /home/airflow/.local/lib/python3.12/site-packages/airflow/example_dags/example_skip_dag.py
[2025-09-07T00:06:34.505+0000] {logging_mixin.py:190} INFO - [2025-09-07T00:06:34.505+0000] {dag.py:3239} INFO - Sync 1 DAGs
[2025-09-07T00:06:34.529+0000] {logging_mixin.py:190} INFO - [2025-09-07T00:06:34.529+0000] {dag.py:4180} INFO - Setting next_dagrun for example_skip_dag to 2025-09-06 00:00:00+00:00, run_after=2025-09-07 00:00:00+00:00
[2025-09-07T00:06:34.545+0000] {processor.py:208} INFO - Processing /home/airflow/.local/lib/python3.12/site-packages/airflow/example_dags/example_skip_dag.py took 0.079 seconds
[2025-09-07T00:07:05.480+0000] {processor.py:186} INFO - Started process (PID=4838) to work on /home/airflow/.local/lib/python3.12/site-packages/airflow/example_dags/example_skip_dag.py
[2025-09-07T00:07:05.481+0000] {processor.py:914} INFO - Processing file /home/airflow/.local/lib/python3.12/site-packages/airflow/example_dags/example_skip_dag.py for tasks to queue
[2025-09-07T00:07:05.484+0000] {logging_mixin.py:190} INFO - [2025-09-07T00:07:05.483+0000] {dagbag.py:588} INFO - Filling up the DagBag from /home/airflow/.local/lib/python3.12/site-packages/airflow/example_dags/example_skip_dag.py
[2025-09-07T00:07:05.503+0000] {processor.py:925} INFO - DAG(s) 'example_skip_dag' retrieved from /home/airflow/.local/lib/python3.12/site-packages/airflow/example_dags/example_skip_dag.py
[2025-09-07T00:07:05.552+0000] {logging_mixin.py:190} INFO - [2025-09-07T00:07:05.552+0000] {dag.py:3239} INFO - Sync 1 DAGs
[2025-09-07T00:07:05.590+0000] {logging_mixin.py:190} INFO - [2025-09-07T00:07:05.589+0000] {dag.py:4180} INFO - Setting next_dagrun for example_skip_dag to 2025-09-06 00:00:00+00:00, run_after=2025-09-07 00:00:00+00:00
[2025-09-07T00:07:05.619+0000] {processor.py:208} INFO - Processing /home/airflow/.local/lib/python3.12/site-packages/airflow/example_dags/example_skip_dag.py took 0.150 seconds
[2025-09-07T00:07:36.209+0000] {processor.py:186} INFO - Started process (PID=4896) to work on /home/airflow/.local/lib/python3.12/site-packages/airflow/example_dags/example_skip_dag.py
[2025-09-07T00:07:36.210+0000] {processor.py:914} INFO - Processing file /home/airflow/.local/lib/python3.12/site-packages/airflow/example_dags/example_skip_dag.py for tasks to queue
[2025-09-07T00:07:36.212+0000] {logging_mixin.py:190} INFO - [2025-09-07T00:07:36.211+0000] {dagbag.py:588} INFO - Filling up the DagBag from /home/airflow/.local/lib/python3.12/site-packages/airflow/example_dags/example_skip_dag.py
[2025-09-07T00:07:36.228+0000] {processor.py:925} INFO - DAG(s) 'example_skip_dag' retrieved from /home/airflow/.local/lib/python3.12/site-packages/airflow/example_dags/example_skip_dag.py
[2025-09-07T00:07:36.261+0000] {logging_mixin.py:190} INFO - [2025-09-07T00:07:36.261+0000] {dag.py:3239} INFO - Sync 1 DAGs
[2025-09-07T00:07:36.294+0000] {logging_mixin.py:190} INFO - [2025-09-07T00:07:36.294+0000] {dag.py:4180} INFO - Setting next_dagrun for example_skip_dag to 2025-09-06 00:00:00+00:00, run_after=2025-09-07 00:00:00+00:00
[2025-09-07T00:07:36.321+0000] {processor.py:208} INFO - Processing /home/airflow/.local/lib/python3.12/site-packages/airflow/example_dags/example_skip_dag.py took 0.118 seconds
[2025-09-07T00:08:06.417+0000] {processor.py:186} INFO - Started process (PID=4959) to work on /home/airflow/.local/lib/python3.12/site-packages/airflow/example_dags/example_skip_dag.py
[2025-09-07T00:08:06.418+0000] {processor.py:914} INFO - Processing file /home/airflow/.local/lib/python3.12/site-packages/airflow/example_dags/example_skip_dag.py for tasks to queue
[2025-09-07T00:08:06.421+0000] {logging_mixin.py:190} INFO - [2025-09-07T00:08:06.420+0000] {dagbag.py:588} INFO - Filling up the DagBag from /home/airflow/.local/lib/python3.12/site-packages/airflow/example_dags/example_skip_dag.py
[2025-09-07T00:08:06.432+0000] {processor.py:925} INFO - DAG(s) 'example_skip_dag' retrieved from /home/airflow/.local/lib/python3.12/site-packages/airflow/example_dags/example_skip_dag.py
[2025-09-07T00:08:06.454+0000] {logging_mixin.py:190} INFO - [2025-09-07T00:08:06.454+0000] {dag.py:3239} INFO - Sync 1 DAGs
[2025-09-07T00:08:06.477+0000] {logging_mixin.py:190} INFO - [2025-09-07T00:08:06.477+0000] {dag.py:4180} INFO - Setting next_dagrun for example_skip_dag to 2025-09-06 00:00:00+00:00, run_after=2025-09-07 00:00:00+00:00
[2025-09-07T00:08:06.499+0000] {processor.py:208} INFO - Processing /home/airflow/.local/lib/python3.12/site-packages/airflow/example_dags/example_skip_dag.py took 0.092 seconds
[2025-09-07T00:08:36.607+0000] {processor.py:186} INFO - Started process (PID=5024) to work on /home/airflow/.local/lib/python3.12/site-packages/airflow/example_dags/example_skip_dag.py
[2025-09-07T00:08:36.608+0000] {processor.py:914} INFO - Processing file /home/airflow/.local/lib/python3.12/site-packages/airflow/example_dags/example_skip_dag.py for tasks to queue
[2025-09-07T00:08:36.610+0000] {logging_mixin.py:190} INFO - [2025-09-07T00:08:36.609+0000] {dagbag.py:588} INFO - Filling up the DagBag from /home/airflow/.local/lib/python3.12/site-packages/airflow/example_dags/example_skip_dag.py
[2025-09-07T00:08:36.623+0000] {processor.py:925} INFO - DAG(s) 'example_skip_dag' retrieved from /home/airflow/.local/lib/python3.12/site-packages/airflow/example_dags/example_skip_dag.py
[2025-09-07T00:08:36.647+0000] {logging_mixin.py:190} INFO - [2025-09-07T00:08:36.646+0000] {dag.py:3239} INFO - Sync 1 DAGs
[2025-09-07T00:08:36.680+0000] {logging_mixin.py:190} INFO - [2025-09-07T00:08:36.680+0000] {dag.py:4180} INFO - Setting next_dagrun for example_skip_dag to 2025-09-06 00:00:00+00:00, run_after=2025-09-07 00:00:00+00:00
[2025-09-07T00:08:36.706+0000] {processor.py:208} INFO - Processing /home/airflow/.local/lib/python3.12/site-packages/airflow/example_dags/example_skip_dag.py took 0.109 seconds
[2025-09-07T00:09:06.814+0000] {processor.py:186} INFO - Started process (PID=5090) to work on /home/airflow/.local/lib/python3.12/site-packages/airflow/example_dags/example_skip_dag.py
[2025-09-07T00:09:06.815+0000] {processor.py:914} INFO - Processing file /home/airflow/.local/lib/python3.12/site-packages/airflow/example_dags/example_skip_dag.py for tasks to queue
[2025-09-07T00:09:06.817+0000] {logging_mixin.py:190} INFO - [2025-09-07T00:09:06.817+0000] {dagbag.py:588} INFO - Filling up the DagBag from /home/airflow/.local/lib/python3.12/site-packages/airflow/example_dags/example_skip_dag.py
[2025-09-07T00:09:06.825+0000] {processor.py:925} INFO - DAG(s) 'example_skip_dag' retrieved from /home/airflow/.local/lib/python3.12/site-packages/airflow/example_dags/example_skip_dag.py
[2025-09-07T00:09:06.850+0000] {logging_mixin.py:190} INFO - [2025-09-07T00:09:06.850+0000] {dag.py:3239} INFO - Sync 1 DAGs
[2025-09-07T00:09:06.887+0000] {logging_mixin.py:190} INFO - [2025-09-07T00:09:06.887+0000] {dag.py:4180} INFO - Setting next_dagrun for example_skip_dag to 2025-09-06 00:00:00+00:00, run_after=2025-09-07 00:00:00+00:00
[2025-09-07T00:09:06.915+0000] {processor.py:208} INFO - Processing /home/airflow/.local/lib/python3.12/site-packages/airflow/example_dags/example_skip_dag.py took 0.106 seconds
[2025-09-07T00:09:37.582+0000] {processor.py:186} INFO - Started process (PID=5156) to work on /home/airflow/.local/lib/python3.12/site-packages/airflow/example_dags/example_skip_dag.py
[2025-09-07T00:09:37.585+0000] {processor.py:914} INFO - Processing file /home/airflow/.local/lib/python3.12/site-packages/airflow/example_dags/example_skip_dag.py for tasks to queue
[2025-09-07T00:09:37.588+0000] {logging_mixin.py:190} INFO - [2025-09-07T00:09:37.588+0000] {dagbag.py:588} INFO - Filling up the DagBag from /home/airflow/.local/lib/python3.12/site-packages/airflow/example_dags/example_skip_dag.py
[2025-09-07T00:09:37.600+0000] {processor.py:925} INFO - DAG(s) 'example_skip_dag' retrieved from /home/airflow/.local/lib/python3.12/site-packages/airflow/example_dags/example_skip_dag.py
[2025-09-07T00:09:37.622+0000] {logging_mixin.py:190} INFO - [2025-09-07T00:09:37.622+0000] {dag.py:3239} INFO - Sync 1 DAGs
[2025-09-07T00:09:37.657+0000] {logging_mixin.py:190} INFO - [2025-09-07T00:09:37.656+0000] {dag.py:4180} INFO - Setting next_dagrun for example_skip_dag to 2025-09-06 00:00:00+00:00, run_after=2025-09-07 00:00:00+00:00
[2025-09-07T00:09:37.685+0000] {processor.py:208} INFO - Processing /home/airflow/.local/lib/python3.12/site-packages/airflow/example_dags/example_skip_dag.py took 0.112 seconds
[2025-09-07T00:10:07.863+0000] {processor.py:186} INFO - Started process (PID=5222) to work on /home/airflow/.local/lib/python3.12/site-packages/airflow/example_dags/example_skip_dag.py
[2025-09-07T00:10:07.864+0000] {processor.py:914} INFO - Processing file /home/airflow/.local/lib/python3.12/site-packages/airflow/example_dags/example_skip_dag.py for tasks to queue
[2025-09-07T00:10:07.865+0000] {logging_mixin.py:190} INFO - [2025-09-07T00:10:07.865+0000] {dagbag.py:588} INFO - Filling up the DagBag from /home/airflow/.local/lib/python3.12/site-packages/airflow/example_dags/example_skip_dag.py
[2025-09-07T00:10:07.880+0000] {processor.py:925} INFO - DAG(s) 'example_skip_dag' retrieved from /home/airflow/.local/lib/python3.12/site-packages/airflow/example_dags/example_skip_dag.py
[2025-09-07T00:10:07.912+0000] {logging_mixin.py:190} INFO - [2025-09-07T00:10:07.911+0000] {dag.py:3239} INFO - Sync 1 DAGs
[2025-09-07T00:10:07.947+0000] {logging_mixin.py:190} INFO - [2025-09-07T00:10:07.946+0000] {dag.py:4180} INFO - Setting next_dagrun for example_skip_dag to 2025-09-06 00:00:00+00:00, run_after=2025-09-07 00:00:00+00:00
[2025-09-07T00:10:07.972+0000] {processor.py:208} INFO - Processing /home/airflow/.local/lib/python3.12/site-packages/airflow/example_dags/example_skip_dag.py took 0.115 seconds
[2025-09-07T00:10:38.599+0000] {processor.py:186} INFO - Started process (PID=5288) to work on /home/airflow/.local/lib/python3.12/site-packages/airflow/example_dags/example_skip_dag.py
[2025-09-07T00:10:38.601+0000] {processor.py:914} INFO - Processing file /home/airflow/.local/lib/python3.12/site-packages/airflow/example_dags/example_skip_dag.py for tasks to queue
[2025-09-07T00:10:38.603+0000] {logging_mixin.py:190} INFO - [2025-09-07T00:10:38.603+0000] {dagbag.py:588} INFO - Filling up the DagBag from /home/airflow/.local/lib/python3.12/site-packages/airflow/example_dags/example_skip_dag.py
[2025-09-07T00:10:38.618+0000] {processor.py:925} INFO - DAG(s) 'example_skip_dag' retrieved from /home/airflow/.local/lib/python3.12/site-packages/airflow/example_dags/example_skip_dag.py
[2025-09-07T00:10:38.649+0000] {logging_mixin.py:190} INFO - [2025-09-07T00:10:38.648+0000] {dag.py:3239} INFO - Sync 1 DAGs
[2025-09-07T00:10:38.683+0000] {logging_mixin.py:190} INFO - [2025-09-07T00:10:38.683+0000] {dag.py:4180} INFO - Setting next_dagrun for example_skip_dag to 2025-09-06 00:00:00+00:00, run_after=2025-09-07 00:00:00+00:00
[2025-09-07T00:10:38.709+0000] {processor.py:208} INFO - Processing /home/airflow/.local/lib/python3.12/site-packages/airflow/example_dags/example_skip_dag.py took 0.119 seconds
[2025-09-07T00:11:08.831+0000] {processor.py:186} INFO - Started process (PID=5354) to work on /home/airflow/.local/lib/python3.12/site-packages/airflow/example_dags/example_skip_dag.py
[2025-09-07T00:11:08.838+0000] {processor.py:914} INFO - Processing file /home/airflow/.local/lib/python3.12/site-packages/airflow/example_dags/example_skip_dag.py for tasks to queue
[2025-09-07T00:11:08.840+0000] {logging_mixin.py:190} INFO - [2025-09-07T00:11:08.840+0000] {dagbag.py:588} INFO - Filling up the DagBag from /home/airflow/.local/lib/python3.12/site-packages/airflow/example_dags/example_skip_dag.py
[2025-09-07T00:11:08.850+0000] {processor.py:925} INFO - DAG(s) 'example_skip_dag' retrieved from /home/airflow/.local/lib/python3.12/site-packages/airflow/example_dags/example_skip_dag.py
[2025-09-07T00:11:08.883+0000] {logging_mixin.py:190} INFO - [2025-09-07T00:11:08.883+0000] {dag.py:3239} INFO - Sync 1 DAGs
[2025-09-07T00:11:08.909+0000] {logging_mixin.py:190} INFO - [2025-09-07T00:11:08.909+0000] {dag.py:4180} INFO - Setting next_dagrun for example_skip_dag to 2025-09-06 00:00:00+00:00, run_after=2025-09-07 00:00:00+00:00
[2025-09-07T00:11:08.935+0000] {processor.py:208} INFO - Processing /home/airflow/.local/lib/python3.12/site-packages/airflow/example_dags/example_skip_dag.py took 0.111 seconds
[2025-09-07T00:11:39.529+0000] {processor.py:186} INFO - Started process (PID=5420) to work on /home/airflow/.local/lib/python3.12/site-packages/airflow/example_dags/example_skip_dag.py
[2025-09-07T00:11:39.530+0000] {processor.py:914} INFO - Processing file /home/airflow/.local/lib/python3.12/site-packages/airflow/example_dags/example_skip_dag.py for tasks to queue
[2025-09-07T00:11:39.533+0000] {logging_mixin.py:190} INFO - [2025-09-07T00:11:39.532+0000] {dagbag.py:588} INFO - Filling up the DagBag from /home/airflow/.local/lib/python3.12/site-packages/airflow/example_dags/example_skip_dag.py
[2025-09-07T00:11:39.546+0000] {processor.py:925} INFO - DAG(s) 'example_skip_dag' retrieved from /home/airflow/.local/lib/python3.12/site-packages/airflow/example_dags/example_skip_dag.py
[2025-09-07T00:11:39.575+0000] {logging_mixin.py:190} INFO - [2025-09-07T00:11:39.575+0000] {dag.py:3239} INFO - Sync 1 DAGs
[2025-09-07T00:11:39.608+0000] {logging_mixin.py:190} INFO - [2025-09-07T00:11:39.607+0000] {dag.py:4180} INFO - Setting next_dagrun for example_skip_dag to 2025-09-06 00:00:00+00:00, run_after=2025-09-07 00:00:00+00:00
[2025-09-07T00:11:39.635+0000] {processor.py:208} INFO - Processing /home/airflow/.local/lib/python3.12/site-packages/airflow/example_dags/example_skip_dag.py took 0.115 seconds
[2025-09-07T00:12:09.739+0000] {processor.py:186} INFO - Started process (PID=5486) to work on /home/airflow/.local/lib/python3.12/site-packages/airflow/example_dags/example_skip_dag.py
[2025-09-07T00:12:09.740+0000] {processor.py:914} INFO - Processing file /home/airflow/.local/lib/python3.12/site-packages/airflow/example_dags/example_skip_dag.py for tasks to queue
[2025-09-07T00:12:09.742+0000] {logging_mixin.py:190} INFO - [2025-09-07T00:12:09.742+0000] {dagbag.py:588} INFO - Filling up the DagBag from /home/airflow/.local/lib/python3.12/site-packages/airflow/example_dags/example_skip_dag.py
[2025-09-07T00:12:09.754+0000] {processor.py:925} INFO - DAG(s) 'example_skip_dag' retrieved from /home/airflow/.local/lib/python3.12/site-packages/airflow/example_dags/example_skip_dag.py
[2025-09-07T00:12:09.784+0000] {logging_mixin.py:190} INFO - [2025-09-07T00:12:09.783+0000] {dag.py:3239} INFO - Sync 1 DAGs
[2025-09-07T00:12:09.809+0000] {logging_mixin.py:190} INFO - [2025-09-07T00:12:09.808+0000] {dag.py:4180} INFO - Setting next_dagrun for example_skip_dag to 2025-09-06 00:00:00+00:00, run_after=2025-09-07 00:00:00+00:00
[2025-09-07T00:12:09.837+0000] {processor.py:208} INFO - Processing /home/airflow/.local/lib/python3.12/site-packages/airflow/example_dags/example_skip_dag.py took 0.106 seconds
[2025-09-07T00:12:39.926+0000] {processor.py:186} INFO - Started process (PID=5551) to work on /home/airflow/.local/lib/python3.12/site-packages/airflow/example_dags/example_skip_dag.py
[2025-09-07T00:12:39.927+0000] {processor.py:914} INFO - Processing file /home/airflow/.local/lib/python3.12/site-packages/airflow/example_dags/example_skip_dag.py for tasks to queue
[2025-09-07T00:12:39.929+0000] {logging_mixin.py:190} INFO - [2025-09-07T00:12:39.929+0000] {dagbag.py:588} INFO - Filling up the DagBag from /home/airflow/.local/lib/python3.12/site-packages/airflow/example_dags/example_skip_dag.py
[2025-09-07T00:12:39.944+0000] {processor.py:925} INFO - DAG(s) 'example_skip_dag' retrieved from /home/airflow/.local/lib/python3.12/site-packages/airflow/example_dags/example_skip_dag.py
[2025-09-07T00:12:39.982+0000] {logging_mixin.py:190} INFO - [2025-09-07T00:12:39.981+0000] {dag.py:3239} INFO - Sync 1 DAGs
[2025-09-07T00:12:40.019+0000] {logging_mixin.py:190} INFO - [2025-09-07T00:12:40.019+0000] {dag.py:4180} INFO - Setting next_dagrun for example_skip_dag to 2025-09-06 00:00:00+00:00, run_after=2025-09-07 00:00:00+00:00
[2025-09-07T00:12:40.053+0000] {processor.py:208} INFO - Processing /home/airflow/.local/lib/python3.12/site-packages/airflow/example_dags/example_skip_dag.py took 0.133 seconds
[2025-09-07T00:13:11.066+0000] {processor.py:186} INFO - Started process (PID=5617) to work on /home/airflow/.local/lib/python3.12/site-packages/airflow/example_dags/example_skip_dag.py
[2025-09-07T00:13:11.068+0000] {processor.py:914} INFO - Processing file /home/airflow/.local/lib/python3.12/site-packages/airflow/example_dags/example_skip_dag.py for tasks to queue
[2025-09-07T00:13:11.070+0000] {logging_mixin.py:190} INFO - [2025-09-07T00:13:11.070+0000] {dagbag.py:588} INFO - Filling up the DagBag from /home/airflow/.local/lib/python3.12/site-packages/airflow/example_dags/example_skip_dag.py
[2025-09-07T00:13:11.085+0000] {processor.py:925} INFO - DAG(s) 'example_skip_dag' retrieved from /home/airflow/.local/lib/python3.12/site-packages/airflow/example_dags/example_skip_dag.py
[2025-09-07T00:13:11.120+0000] {logging_mixin.py:190} INFO - [2025-09-07T00:13:11.120+0000] {dag.py:3239} INFO - Sync 1 DAGs
[2025-09-07T00:13:11.148+0000] {logging_mixin.py:190} INFO - [2025-09-07T00:13:11.148+0000] {dag.py:4180} INFO - Setting next_dagrun for example_skip_dag to 2025-09-06 00:00:00+00:00, run_after=2025-09-07 00:00:00+00:00
[2025-09-07T00:13:11.178+0000] {processor.py:208} INFO - Processing /home/airflow/.local/lib/python3.12/site-packages/airflow/example_dags/example_skip_dag.py took 0.122 seconds
[2025-09-07T00:13:41.934+0000] {processor.py:186} INFO - Started process (PID=5683) to work on /home/airflow/.local/lib/python3.12/site-packages/airflow/example_dags/example_skip_dag.py
[2025-09-07T00:13:41.935+0000] {processor.py:914} INFO - Processing file /home/airflow/.local/lib/python3.12/site-packages/airflow/example_dags/example_skip_dag.py for tasks to queue
[2025-09-07T00:13:41.938+0000] {logging_mixin.py:190} INFO - [2025-09-07T00:13:41.937+0000] {dagbag.py:588} INFO - Filling up the DagBag from /home/airflow/.local/lib/python3.12/site-packages/airflow/example_dags/example_skip_dag.py
[2025-09-07T00:13:41.952+0000] {processor.py:925} INFO - DAG(s) 'example_skip_dag' retrieved from /home/airflow/.local/lib/python3.12/site-packages/airflow/example_dags/example_skip_dag.py
[2025-09-07T00:13:41.985+0000] {logging_mixin.py:190} INFO - [2025-09-07T00:13:41.984+0000] {dag.py:3239} INFO - Sync 1 DAGs
[2025-09-07T00:13:42.276+0000] {logging_mixin.py:190} INFO - [2025-09-07T00:13:42.276+0000] {dag.py:4180} INFO - Setting next_dagrun for example_skip_dag to 2025-09-06 00:00:00+00:00, run_after=2025-09-07 00:00:00+00:00
[2025-09-07T00:13:42.309+0000] {processor.py:208} INFO - Processing /home/airflow/.local/lib/python3.12/site-packages/airflow/example_dags/example_skip_dag.py took 0.382 seconds
[2025-09-07T00:14:13.240+0000] {processor.py:186} INFO - Started process (PID=5749) to work on /home/airflow/.local/lib/python3.12/site-packages/airflow/example_dags/example_skip_dag.py
[2025-09-07T00:14:13.241+0000] {processor.py:914} INFO - Processing file /home/airflow/.local/lib/python3.12/site-packages/airflow/example_dags/example_skip_dag.py for tasks to queue
[2025-09-07T00:14:13.244+0000] {logging_mixin.py:190} INFO - [2025-09-07T00:14:13.243+0000] {dagbag.py:588} INFO - Filling up the DagBag from /home/airflow/.local/lib/python3.12/site-packages/airflow/example_dags/example_skip_dag.py
[2025-09-07T00:14:13.258+0000] {processor.py:925} INFO - DAG(s) 'example_skip_dag' retrieved from /home/airflow/.local/lib/python3.12/site-packages/airflow/example_dags/example_skip_dag.py
[2025-09-07T00:14:13.288+0000] {logging_mixin.py:190} INFO - [2025-09-07T00:14:13.288+0000] {dag.py:3239} INFO - Sync 1 DAGs
[2025-09-07T00:14:13.323+0000] {logging_mixin.py:190} INFO - [2025-09-07T00:14:13.322+0000] {dag.py:4180} INFO - Setting next_dagrun for example_skip_dag to 2025-09-06 00:00:00+00:00, run_after=2025-09-07 00:00:00+00:00
[2025-09-07T00:14:13.558+0000] {processor.py:208} INFO - Processing /home/airflow/.local/lib/python3.12/site-packages/airflow/example_dags/example_skip_dag.py took 0.327 seconds
[2025-09-07T00:14:43.994+0000] {processor.py:186} INFO - Started process (PID=5815) to work on /home/airflow/.local/lib/python3.12/site-packages/airflow/example_dags/example_skip_dag.py
[2025-09-07T00:14:43.996+0000] {processor.py:914} INFO - Processing file /home/airflow/.local/lib/python3.12/site-packages/airflow/example_dags/example_skip_dag.py for tasks to queue
[2025-09-07T00:14:43.999+0000] {logging_mixin.py:190} INFO - [2025-09-07T00:14:43.998+0000] {dagbag.py:588} INFO - Filling up the DagBag from /home/airflow/.local/lib/python3.12/site-packages/airflow/example_dags/example_skip_dag.py
[2025-09-07T00:14:44.012+0000] {processor.py:925} INFO - DAG(s) 'example_skip_dag' retrieved from /home/airflow/.local/lib/python3.12/site-packages/airflow/example_dags/example_skip_dag.py
[2025-09-07T00:14:44.042+0000] {logging_mixin.py:190} INFO - [2025-09-07T00:14:44.041+0000] {dag.py:3239} INFO - Sync 1 DAGs
[2025-09-07T00:14:44.077+0000] {logging_mixin.py:190} INFO - [2025-09-07T00:14:44.076+0000] {dag.py:4180} INFO - Setting next_dagrun for example_skip_dag to 2025-09-06 00:00:00+00:00, run_after=2025-09-07 00:00:00+00:00
[2025-09-07T00:14:44.102+0000] {processor.py:208} INFO - Processing /home/airflow/.local/lib/python3.12/site-packages/airflow/example_dags/example_skip_dag.py took 0.116 seconds
[2025-09-07T00:15:14.186+0000] {processor.py:186} INFO - Started process (PID=5881) to work on /home/airflow/.local/lib/python3.12/site-packages/airflow/example_dags/example_skip_dag.py
[2025-09-07T00:15:14.187+0000] {processor.py:914} INFO - Processing file /home/airflow/.local/lib/python3.12/site-packages/airflow/example_dags/example_skip_dag.py for tasks to queue
[2025-09-07T00:15:14.190+0000] {logging_mixin.py:190} INFO - [2025-09-07T00:15:14.189+0000] {dagbag.py:588} INFO - Filling up the DagBag from /home/airflow/.local/lib/python3.12/site-packages/airflow/example_dags/example_skip_dag.py
[2025-09-07T00:15:14.205+0000] {processor.py:925} INFO - DAG(s) 'example_skip_dag' retrieved from /home/airflow/.local/lib/python3.12/site-packages/airflow/example_dags/example_skip_dag.py
[2025-09-07T00:15:14.233+0000] {logging_mixin.py:190} INFO - [2025-09-07T00:15:14.233+0000] {dag.py:3239} INFO - Sync 1 DAGs
[2025-09-07T00:15:14.268+0000] {logging_mixin.py:190} INFO - [2025-09-07T00:15:14.267+0000] {dag.py:4180} INFO - Setting next_dagrun for example_skip_dag to 2025-09-06 00:00:00+00:00, run_after=2025-09-07 00:00:00+00:00
[2025-09-07T00:15:14.296+0000] {processor.py:208} INFO - Processing /home/airflow/.local/lib/python3.12/site-packages/airflow/example_dags/example_skip_dag.py took 0.121 seconds
[2025-09-07T00:15:44.750+0000] {processor.py:186} INFO - Started process (PID=5946) to work on /home/airflow/.local/lib/python3.12/site-packages/airflow/example_dags/example_skip_dag.py
[2025-09-07T00:15:44.752+0000] {processor.py:914} INFO - Processing file /home/airflow/.local/lib/python3.12/site-packages/airflow/example_dags/example_skip_dag.py for tasks to queue
[2025-09-07T00:15:44.754+0000] {logging_mixin.py:190} INFO - [2025-09-07T00:15:44.754+0000] {dagbag.py:588} INFO - Filling up the DagBag from /home/airflow/.local/lib/python3.12/site-packages/airflow/example_dags/example_skip_dag.py
[2025-09-07T00:15:44.772+0000] {processor.py:925} INFO - DAG(s) 'example_skip_dag' retrieved from /home/airflow/.local/lib/python3.12/site-packages/airflow/example_dags/example_skip_dag.py
[2025-09-07T00:15:44.802+0000] {logging_mixin.py:190} INFO - [2025-09-07T00:15:44.802+0000] {dag.py:3239} INFO - Sync 1 DAGs
[2025-09-07T00:15:44.831+0000] {logging_mixin.py:190} INFO - [2025-09-07T00:15:44.831+0000] {dag.py:4180} INFO - Setting next_dagrun for example_skip_dag to 2025-09-06 00:00:00+00:00, run_after=2025-09-07 00:00:00+00:00
[2025-09-07T00:15:44.852+0000] {processor.py:208} INFO - Processing /home/airflow/.local/lib/python3.12/site-packages/airflow/example_dags/example_skip_dag.py took 0.112 seconds
[2025-09-07T00:16:15.424+0000] {processor.py:186} INFO - Started process (PID=6005) to work on /home/airflow/.local/lib/python3.12/site-packages/airflow/example_dags/example_skip_dag.py
[2025-09-07T00:16:15.425+0000] {processor.py:914} INFO - Processing file /home/airflow/.local/lib/python3.12/site-packages/airflow/example_dags/example_skip_dag.py for tasks to queue
[2025-09-07T00:16:15.429+0000] {logging_mixin.py:190} INFO - [2025-09-07T00:16:15.428+0000] {dagbag.py:588} INFO - Filling up the DagBag from /home/airflow/.local/lib/python3.12/site-packages/airflow/example_dags/example_skip_dag.py
[2025-09-07T00:16:15.444+0000] {processor.py:925} INFO - DAG(s) 'example_skip_dag' retrieved from /home/airflow/.local/lib/python3.12/site-packages/airflow/example_dags/example_skip_dag.py
[2025-09-07T00:16:15.476+0000] {logging_mixin.py:190} INFO - [2025-09-07T00:16:15.476+0000] {dag.py:3239} INFO - Sync 1 DAGs
[2025-09-07T00:16:15.501+0000] {logging_mixin.py:190} INFO - [2025-09-07T00:16:15.500+0000] {dag.py:4180} INFO - Setting next_dagrun for example_skip_dag to 2025-09-06 00:00:00+00:00, run_after=2025-09-07 00:00:00+00:00
[2025-09-07T00:16:15.529+0000] {processor.py:208} INFO - Processing /home/airflow/.local/lib/python3.12/site-packages/airflow/example_dags/example_skip_dag.py took 0.115 seconds
[2025-09-07T00:16:45.991+0000] {processor.py:186} INFO - Started process (PID=6070) to work on /home/airflow/.local/lib/python3.12/site-packages/airflow/example_dags/example_skip_dag.py
[2025-09-07T00:16:45.992+0000] {processor.py:914} INFO - Processing file /home/airflow/.local/lib/python3.12/site-packages/airflow/example_dags/example_skip_dag.py for tasks to queue
[2025-09-07T00:16:45.994+0000] {logging_mixin.py:190} INFO - [2025-09-07T00:16:45.993+0000] {dagbag.py:588} INFO - Filling up the DagBag from /home/airflow/.local/lib/python3.12/site-packages/airflow/example_dags/example_skip_dag.py
[2025-09-07T00:16:46.004+0000] {processor.py:925} INFO - DAG(s) 'example_skip_dag' retrieved from /home/airflow/.local/lib/python3.12/site-packages/airflow/example_dags/example_skip_dag.py
[2025-09-07T00:16:46.034+0000] {logging_mixin.py:190} INFO - [2025-09-07T00:16:46.034+0000] {dag.py:3239} INFO - Sync 1 DAGs
[2025-09-07T00:16:46.059+0000] {logging_mixin.py:190} INFO - [2025-09-07T00:16:46.058+0000] {dag.py:4180} INFO - Setting next_dagrun for example_skip_dag to 2025-09-06 00:00:00+00:00, run_after=2025-09-07 00:00:00+00:00
[2025-09-07T00:16:46.084+0000] {processor.py:208} INFO - Processing /home/airflow/.local/lib/python3.12/site-packages/airflow/example_dags/example_skip_dag.py took 0.099 seconds
[2025-09-07T00:17:16.706+0000] {processor.py:186} INFO - Started process (PID=6136) to work on /home/airflow/.local/lib/python3.12/site-packages/airflow/example_dags/example_skip_dag.py
[2025-09-07T00:17:16.709+0000] {processor.py:914} INFO - Processing file /home/airflow/.local/lib/python3.12/site-packages/airflow/example_dags/example_skip_dag.py for tasks to queue
[2025-09-07T00:17:16.711+0000] {logging_mixin.py:190} INFO - [2025-09-07T00:17:16.710+0000] {dagbag.py:588} INFO - Filling up the DagBag from /home/airflow/.local/lib/python3.12/site-packages/airflow/example_dags/example_skip_dag.py
[2025-09-07T00:17:16.720+0000] {processor.py:925} INFO - DAG(s) 'example_skip_dag' retrieved from /home/airflow/.local/lib/python3.12/site-packages/airflow/example_dags/example_skip_dag.py
[2025-09-07T00:17:16.747+0000] {logging_mixin.py:190} INFO - [2025-09-07T00:17:16.747+0000] {dag.py:3239} INFO - Sync 1 DAGs
[2025-09-07T00:17:16.773+0000] {logging_mixin.py:190} INFO - [2025-09-07T00:17:16.773+0000] {dag.py:4180} INFO - Setting next_dagrun for example_skip_dag to 2025-09-06 00:00:00+00:00, run_after=2025-09-07 00:00:00+00:00
[2025-09-07T00:17:16.801+0000] {processor.py:208} INFO - Processing /home/airflow/.local/lib/python3.12/site-packages/airflow/example_dags/example_skip_dag.py took 0.105 seconds
[2025-09-07T00:17:47.390+0000] {processor.py:186} INFO - Started process (PID=6202) to work on /home/airflow/.local/lib/python3.12/site-packages/airflow/example_dags/example_skip_dag.py
[2025-09-07T00:17:47.392+0000] {processor.py:914} INFO - Processing file /home/airflow/.local/lib/python3.12/site-packages/airflow/example_dags/example_skip_dag.py for tasks to queue
[2025-09-07T00:17:47.394+0000] {logging_mixin.py:190} INFO - [2025-09-07T00:17:47.394+0000] {dagbag.py:588} INFO - Filling up the DagBag from /home/airflow/.local/lib/python3.12/site-packages/airflow/example_dags/example_skip_dag.py
[2025-09-07T00:17:47.409+0000] {processor.py:925} INFO - DAG(s) 'example_skip_dag' retrieved from /home/airflow/.local/lib/python3.12/site-packages/airflow/example_dags/example_skip_dag.py
[2025-09-07T00:17:47.436+0000] {logging_mixin.py:190} INFO - [2025-09-07T00:17:47.435+0000] {dag.py:3239} INFO - Sync 1 DAGs
[2025-09-07T00:17:47.472+0000] {logging_mixin.py:190} INFO - [2025-09-07T00:17:47.472+0000] {dag.py:4180} INFO - Setting next_dagrun for example_skip_dag to 2025-09-06 00:00:00+00:00, run_after=2025-09-07 00:00:00+00:00
[2025-09-07T00:17:47.500+0000] {processor.py:208} INFO - Processing /home/airflow/.local/lib/python3.12/site-packages/airflow/example_dags/example_skip_dag.py took 0.119 seconds
[2025-09-07T00:18:18.124+0000] {processor.py:186} INFO - Started process (PID=6268) to work on /home/airflow/.local/lib/python3.12/site-packages/airflow/example_dags/example_skip_dag.py
[2025-09-07T00:18:18.126+0000] {processor.py:914} INFO - Processing file /home/airflow/.local/lib/python3.12/site-packages/airflow/example_dags/example_skip_dag.py for tasks to queue
[2025-09-07T00:18:18.128+0000] {logging_mixin.py:190} INFO - [2025-09-07T00:18:18.128+0000] {dagbag.py:588} INFO - Filling up the DagBag from /home/airflow/.local/lib/python3.12/site-packages/airflow/example_dags/example_skip_dag.py
[2025-09-07T00:18:18.139+0000] {processor.py:925} INFO - DAG(s) 'example_skip_dag' retrieved from /home/airflow/.local/lib/python3.12/site-packages/airflow/example_dags/example_skip_dag.py
[2025-09-07T00:18:18.170+0000] {logging_mixin.py:190} INFO - [2025-09-07T00:18:18.170+0000] {dag.py:3239} INFO - Sync 1 DAGs
[2025-09-07T00:18:18.201+0000] {logging_mixin.py:190} INFO - [2025-09-07T00:18:18.201+0000] {dag.py:4180} INFO - Setting next_dagrun for example_skip_dag to 2025-09-06 00:00:00+00:00, run_after=2025-09-07 00:00:00+00:00
[2025-09-07T00:18:18.221+0000] {processor.py:208} INFO - Processing /home/airflow/.local/lib/python3.12/site-packages/airflow/example_dags/example_skip_dag.py took 0.104 seconds
[2025-09-07T00:18:48.963+0000] {processor.py:186} INFO - Started process (PID=6334) to work on /home/airflow/.local/lib/python3.12/site-packages/airflow/example_dags/example_skip_dag.py
[2025-09-07T00:18:48.964+0000] {processor.py:914} INFO - Processing file /home/airflow/.local/lib/python3.12/site-packages/airflow/example_dags/example_skip_dag.py for tasks to queue
[2025-09-07T00:18:48.967+0000] {logging_mixin.py:190} INFO - [2025-09-07T00:18:48.966+0000] {dagbag.py:588} INFO - Filling up the DagBag from /home/airflow/.local/lib/python3.12/site-packages/airflow/example_dags/example_skip_dag.py
[2025-09-07T00:18:48.982+0000] {processor.py:925} INFO - DAG(s) 'example_skip_dag' retrieved from /home/airflow/.local/lib/python3.12/site-packages/airflow/example_dags/example_skip_dag.py
[2025-09-07T00:18:49.003+0000] {logging_mixin.py:190} INFO - [2025-09-07T00:18:49.002+0000] {dag.py:3239} INFO - Sync 1 DAGs
[2025-09-07T00:18:49.026+0000] {logging_mixin.py:190} INFO - [2025-09-07T00:18:49.026+0000] {dag.py:4180} INFO - Setting next_dagrun for example_skip_dag to 2025-09-06 00:00:00+00:00, run_after=2025-09-07 00:00:00+00:00
[2025-09-07T00:18:49.050+0000] {processor.py:208} INFO - Processing /home/airflow/.local/lib/python3.12/site-packages/airflow/example_dags/example_skip_dag.py took 0.097 seconds
[2025-09-07T00:19:19.544+0000] {processor.py:186} INFO - Started process (PID=6399) to work on /home/airflow/.local/lib/python3.12/site-packages/airflow/example_dags/example_skip_dag.py
[2025-09-07T00:19:19.545+0000] {processor.py:914} INFO - Processing file /home/airflow/.local/lib/python3.12/site-packages/airflow/example_dags/example_skip_dag.py for tasks to queue
[2025-09-07T00:19:19.548+0000] {logging_mixin.py:190} INFO - [2025-09-07T00:19:19.547+0000] {dagbag.py:588} INFO - Filling up the DagBag from /home/airflow/.local/lib/python3.12/site-packages/airflow/example_dags/example_skip_dag.py
[2025-09-07T00:19:19.563+0000] {processor.py:925} INFO - DAG(s) 'example_skip_dag' retrieved from /home/airflow/.local/lib/python3.12/site-packages/airflow/example_dags/example_skip_dag.py
[2025-09-07T00:19:19.596+0000] {logging_mixin.py:190} INFO - [2025-09-07T00:19:19.595+0000] {dag.py:3239} INFO - Sync 1 DAGs
[2025-09-07T00:19:19.628+0000] {logging_mixin.py:190} INFO - [2025-09-07T00:19:19.628+0000] {dag.py:4180} INFO - Setting next_dagrun for example_skip_dag to 2025-09-06 00:00:00+00:00, run_after=2025-09-07 00:00:00+00:00
[2025-09-07T00:19:19.655+0000] {processor.py:208} INFO - Processing /home/airflow/.local/lib/python3.12/site-packages/airflow/example_dags/example_skip_dag.py took 0.121 seconds
[2025-09-07T00:19:50.393+0000] {processor.py:186} INFO - Started process (PID=6465) to work on /home/airflow/.local/lib/python3.12/site-packages/airflow/example_dags/example_skip_dag.py
[2025-09-07T00:19:50.394+0000] {processor.py:914} INFO - Processing file /home/airflow/.local/lib/python3.12/site-packages/airflow/example_dags/example_skip_dag.py for tasks to queue
[2025-09-07T00:19:50.396+0000] {logging_mixin.py:190} INFO - [2025-09-07T00:19:50.396+0000] {dagbag.py:588} INFO - Filling up the DagBag from /home/airflow/.local/lib/python3.12/site-packages/airflow/example_dags/example_skip_dag.py
[2025-09-07T00:19:50.411+0000] {processor.py:925} INFO - DAG(s) 'example_skip_dag' retrieved from /home/airflow/.local/lib/python3.12/site-packages/airflow/example_dags/example_skip_dag.py
[2025-09-07T00:19:50.434+0000] {logging_mixin.py:190} INFO - [2025-09-07T00:19:50.434+0000] {dag.py:3239} INFO - Sync 1 DAGs
[2025-09-07T00:19:50.469+0000] {logging_mixin.py:190} INFO - [2025-09-07T00:19:50.469+0000] {dag.py:4180} INFO - Setting next_dagrun for example_skip_dag to 2025-09-06 00:00:00+00:00, run_after=2025-09-07 00:00:00+00:00
[2025-09-07T00:19:50.498+0000] {processor.py:208} INFO - Processing /home/airflow/.local/lib/python3.12/site-packages/airflow/example_dags/example_skip_dag.py took 0.112 seconds
[2025-09-07T00:20:21.084+0000] {processor.py:186} INFO - Started process (PID=6531) to work on /home/airflow/.local/lib/python3.12/site-packages/airflow/example_dags/example_skip_dag.py
[2025-09-07T00:20:21.088+0000] {processor.py:914} INFO - Processing file /home/airflow/.local/lib/python3.12/site-packages/airflow/example_dags/example_skip_dag.py for tasks to queue
[2025-09-07T00:20:21.091+0000] {logging_mixin.py:190} INFO - [2025-09-07T00:20:21.091+0000] {dagbag.py:588} INFO - Filling up the DagBag from /home/airflow/.local/lib/python3.12/site-packages/airflow/example_dags/example_skip_dag.py
[2025-09-07T00:20:21.102+0000] {processor.py:925} INFO - DAG(s) 'example_skip_dag' retrieved from /home/airflow/.local/lib/python3.12/site-packages/airflow/example_dags/example_skip_dag.py
[2025-09-07T00:20:21.131+0000] {logging_mixin.py:190} INFO - [2025-09-07T00:20:21.130+0000] {dag.py:3239} INFO - Sync 1 DAGs
[2025-09-07T00:20:21.169+0000] {logging_mixin.py:190} INFO - [2025-09-07T00:20:21.169+0000] {dag.py:4180} INFO - Setting next_dagrun for example_skip_dag to 2025-09-06 00:00:00+00:00, run_after=2025-09-07 00:00:00+00:00
[2025-09-07T00:20:21.197+0000] {processor.py:208} INFO - Processing /home/airflow/.local/lib/python3.12/site-packages/airflow/example_dags/example_skip_dag.py took 0.124 seconds
