[2025-09-07T00:00:29.074+0000] {processor.py:186} INFO - Started process (PID=3994) to work on /home/airflow/.local/lib/python3.12/site-packages/airflow/example_dags/example_branch_operator.py
[2025-09-07T00:00:29.075+0000] {processor.py:914} INFO - Processing file /home/airflow/.local/lib/python3.12/site-packages/airflow/example_dags/example_branch_operator.py for tasks to queue
[2025-09-07T00:00:29.077+0000] {logging_mixin.py:190} INFO - [2025-09-07T00:00:29.077+0000] {dagbag.py:588} INFO - Filling up the DagBag from /home/airflow/.local/lib/python3.12/site-packages/airflow/example_dags/example_branch_operator.py
[2025-09-07T00:00:29.103+0000] {processor.py:925} INFO - DAG(s) 'example_branch_operator' retrieved from /home/airflow/.local/lib/python3.12/site-packages/airflow/example_dags/example_branch_operator.py
[2025-09-07T00:00:29.138+0000] {logging_mixin.py:190} INFO - [2025-09-07T00:00:29.138+0000] {dag.py:3239} INFO - Sync 1 DAGs
[2025-09-07T00:00:29.168+0000] {logging_mixin.py:190} INFO - [2025-09-07T00:00:29.168+0000] {dag.py:4180} INFO - Setting next_dagrun for example_branch_operator to 2025-09-06 00:00:00+00:00, run_after=2025-09-07 00:00:00+00:00
[2025-09-07T00:00:29.189+0000] {processor.py:208} INFO - Processing /home/airflow/.local/lib/python3.12/site-packages/airflow/example_dags/example_branch_operator.py took 0.120 seconds
[2025-09-07T00:00:59.830+0000] {processor.py:186} INFO - Started process (PID=4060) to work on /home/airflow/.local/lib/python3.12/site-packages/airflow/example_dags/example_branch_operator.py
[2025-09-07T00:00:59.831+0000] {processor.py:914} INFO - Processing file /home/airflow/.local/lib/python3.12/site-packages/airflow/example_dags/example_branch_operator.py for tasks to queue
[2025-09-07T00:00:59.834+0000] {logging_mixin.py:190} INFO - [2025-09-07T00:00:59.833+0000] {dagbag.py:588} INFO - Filling up the DagBag from /home/airflow/.local/lib/python3.12/site-packages/airflow/example_dags/example_branch_operator.py
[2025-09-07T00:00:59.852+0000] {processor.py:925} INFO - DAG(s) 'example_branch_operator' retrieved from /home/airflow/.local/lib/python3.12/site-packages/airflow/example_dags/example_branch_operator.py
[2025-09-07T00:00:59.880+0000] {logging_mixin.py:190} INFO - [2025-09-07T00:00:59.880+0000] {dag.py:3239} INFO - Sync 1 DAGs
[2025-09-07T00:00:59.902+0000] {logging_mixin.py:190} INFO - [2025-09-07T00:00:59.902+0000] {dag.py:4180} INFO - Setting next_dagrun for example_branch_operator to 2025-09-06 00:00:00+00:00, run_after=2025-09-07 00:00:00+00:00
[2025-09-07T00:00:59.920+0000] {processor.py:208} INFO - Processing /home/airflow/.local/lib/python3.12/site-packages/airflow/example_dags/example_branch_operator.py took 0.095 seconds
[2025-09-07T00:01:30.007+0000] {processor.py:186} INFO - Started process (PID=4126) to work on /home/airflow/.local/lib/python3.12/site-packages/airflow/example_dags/example_branch_operator.py
[2025-09-07T00:01:30.008+0000] {processor.py:914} INFO - Processing file /home/airflow/.local/lib/python3.12/site-packages/airflow/example_dags/example_branch_operator.py for tasks to queue
[2025-09-07T00:01:30.011+0000] {logging_mixin.py:190} INFO - [2025-09-07T00:01:30.010+0000] {dagbag.py:588} INFO - Filling up the DagBag from /home/airflow/.local/lib/python3.12/site-packages/airflow/example_dags/example_branch_operator.py
[2025-09-07T00:01:30.035+0000] {processor.py:925} INFO - DAG(s) 'example_branch_operator' retrieved from /home/airflow/.local/lib/python3.12/site-packages/airflow/example_dags/example_branch_operator.py
[2025-09-07T00:01:30.062+0000] {logging_mixin.py:190} INFO - [2025-09-07T00:01:30.062+0000] {dag.py:3239} INFO - Sync 1 DAGs
[2025-09-07T00:01:30.085+0000] {logging_mixin.py:190} INFO - [2025-09-07T00:01:30.085+0000] {dag.py:4180} INFO - Setting next_dagrun for example_branch_operator to 2025-09-06 00:00:00+00:00, run_after=2025-09-07 00:00:00+00:00
[2025-09-07T00:01:30.102+0000] {processor.py:208} INFO - Processing /home/airflow/.local/lib/python3.12/site-packages/airflow/example_dags/example_branch_operator.py took 0.100 seconds
[2025-09-07T00:02:00.863+0000] {processor.py:186} INFO - Started process (PID=4191) to work on /home/airflow/.local/lib/python3.12/site-packages/airflow/example_dags/example_branch_operator.py
[2025-09-07T00:02:00.866+0000] {processor.py:914} INFO - Processing file /home/airflow/.local/lib/python3.12/site-packages/airflow/example_dags/example_branch_operator.py for tasks to queue
[2025-09-07T00:02:00.868+0000] {logging_mixin.py:190} INFO - [2025-09-07T00:02:00.867+0000] {dagbag.py:588} INFO - Filling up the DagBag from /home/airflow/.local/lib/python3.12/site-packages/airflow/example_dags/example_branch_operator.py
[2025-09-07T00:02:00.884+0000] {processor.py:925} INFO - DAG(s) 'example_branch_operator' retrieved from /home/airflow/.local/lib/python3.12/site-packages/airflow/example_dags/example_branch_operator.py
[2025-09-07T00:02:00.913+0000] {logging_mixin.py:190} INFO - [2025-09-07T00:02:00.913+0000] {dag.py:3239} INFO - Sync 1 DAGs
[2025-09-07T00:02:00.947+0000] {logging_mixin.py:190} INFO - [2025-09-07T00:02:00.947+0000] {dag.py:4180} INFO - Setting next_dagrun for example_branch_operator to 2025-09-06 00:00:00+00:00, run_after=2025-09-07 00:00:00+00:00
[2025-09-07T00:02:00.973+0000] {processor.py:208} INFO - Processing /home/airflow/.local/lib/python3.12/site-packages/airflow/example_dags/example_branch_operator.py took 0.117 seconds
[2025-09-07T00:02:31.745+0000] {processor.py:186} INFO - Started process (PID=4257) to work on /home/airflow/.local/lib/python3.12/site-packages/airflow/example_dags/example_branch_operator.py
[2025-09-07T00:02:31.747+0000] {processor.py:914} INFO - Processing file /home/airflow/.local/lib/python3.12/site-packages/airflow/example_dags/example_branch_operator.py for tasks to queue
[2025-09-07T00:02:31.749+0000] {logging_mixin.py:190} INFO - [2025-09-07T00:02:31.749+0000] {dagbag.py:588} INFO - Filling up the DagBag from /home/airflow/.local/lib/python3.12/site-packages/airflow/example_dags/example_branch_operator.py
[2025-09-07T00:02:31.776+0000] {processor.py:925} INFO - DAG(s) 'example_branch_operator' retrieved from /home/airflow/.local/lib/python3.12/site-packages/airflow/example_dags/example_branch_operator.py
[2025-09-07T00:02:31.807+0000] {logging_mixin.py:190} INFO - [2025-09-07T00:02:31.806+0000] {dag.py:3239} INFO - Sync 1 DAGs
[2025-09-07T00:02:31.832+0000] {logging_mixin.py:190} INFO - [2025-09-07T00:02:31.832+0000] {dag.py:4180} INFO - Setting next_dagrun for example_branch_operator to 2025-09-06 00:00:00+00:00, run_after=2025-09-07 00:00:00+00:00
[2025-09-07T00:02:31.852+0000] {processor.py:208} INFO - Processing /home/airflow/.local/lib/python3.12/site-packages/airflow/example_dags/example_branch_operator.py took 0.113 seconds
[2025-09-07T00:03:02.608+0000] {processor.py:186} INFO - Started process (PID=4323) to work on /home/airflow/.local/lib/python3.12/site-packages/airflow/example_dags/example_branch_operator.py
[2025-09-07T00:03:02.609+0000] {processor.py:914} INFO - Processing file /home/airflow/.local/lib/python3.12/site-packages/airflow/example_dags/example_branch_operator.py for tasks to queue
[2025-09-07T00:03:02.611+0000] {logging_mixin.py:190} INFO - [2025-09-07T00:03:02.611+0000] {dagbag.py:588} INFO - Filling up the DagBag from /home/airflow/.local/lib/python3.12/site-packages/airflow/example_dags/example_branch_operator.py
[2025-09-07T00:03:02.628+0000] {processor.py:925} INFO - DAG(s) 'example_branch_operator' retrieved from /home/airflow/.local/lib/python3.12/site-packages/airflow/example_dags/example_branch_operator.py
[2025-09-07T00:03:02.660+0000] {logging_mixin.py:190} INFO - [2025-09-07T00:03:02.659+0000] {dag.py:3239} INFO - Sync 1 DAGs
[2025-09-07T00:03:02.680+0000] {logging_mixin.py:190} INFO - [2025-09-07T00:03:02.680+0000] {dag.py:4180} INFO - Setting next_dagrun for example_branch_operator to 2025-09-06 00:00:00+00:00, run_after=2025-09-07 00:00:00+00:00
[2025-09-07T00:03:02.701+0000] {processor.py:208} INFO - Processing /home/airflow/.local/lib/python3.12/site-packages/airflow/example_dags/example_branch_operator.py took 0.102 seconds
[2025-09-07T00:03:33.434+0000] {processor.py:186} INFO - Started process (PID=4389) to work on /home/airflow/.local/lib/python3.12/site-packages/airflow/example_dags/example_branch_operator.py
[2025-09-07T00:03:33.436+0000] {processor.py:914} INFO - Processing file /home/airflow/.local/lib/python3.12/site-packages/airflow/example_dags/example_branch_operator.py for tasks to queue
[2025-09-07T00:03:33.438+0000] {logging_mixin.py:190} INFO - [2025-09-07T00:03:33.438+0000] {dagbag.py:588} INFO - Filling up the DagBag from /home/airflow/.local/lib/python3.12/site-packages/airflow/example_dags/example_branch_operator.py
[2025-09-07T00:03:33.460+0000] {processor.py:925} INFO - DAG(s) 'example_branch_operator' retrieved from /home/airflow/.local/lib/python3.12/site-packages/airflow/example_dags/example_branch_operator.py
[2025-09-07T00:03:33.481+0000] {logging_mixin.py:190} INFO - [2025-09-07T00:03:33.481+0000] {dag.py:3239} INFO - Sync 1 DAGs
[2025-09-07T00:03:33.504+0000] {logging_mixin.py:190} INFO - [2025-09-07T00:03:33.504+0000] {dag.py:4180} INFO - Setting next_dagrun for example_branch_operator to 2025-09-06 00:00:00+00:00, run_after=2025-09-07 00:00:00+00:00
[2025-09-07T00:03:33.527+0000] {processor.py:208} INFO - Processing /home/airflow/.local/lib/python3.12/site-packages/airflow/example_dags/example_branch_operator.py took 0.100 seconds
[2025-09-07T00:04:03.793+0000] {processor.py:186} INFO - Started process (PID=4455) to work on /home/airflow/.local/lib/python3.12/site-packages/airflow/example_dags/example_branch_operator.py
[2025-09-07T00:04:03.794+0000] {processor.py:914} INFO - Processing file /home/airflow/.local/lib/python3.12/site-packages/airflow/example_dags/example_branch_operator.py for tasks to queue
[2025-09-07T00:04:03.796+0000] {logging_mixin.py:190} INFO - [2025-09-07T00:04:03.795+0000] {dagbag.py:588} INFO - Filling up the DagBag from /home/airflow/.local/lib/python3.12/site-packages/airflow/example_dags/example_branch_operator.py
[2025-09-07T00:04:03.812+0000] {processor.py:925} INFO - DAG(s) 'example_branch_operator' retrieved from /home/airflow/.local/lib/python3.12/site-packages/airflow/example_dags/example_branch_operator.py
[2025-09-07T00:04:03.840+0000] {logging_mixin.py:190} INFO - [2025-09-07T00:04:03.840+0000] {dag.py:3239} INFO - Sync 1 DAGs
[2025-09-07T00:04:03.863+0000] {logging_mixin.py:190} INFO - [2025-09-07T00:04:03.863+0000] {dag.py:4180} INFO - Setting next_dagrun for example_branch_operator to 2025-09-06 00:00:00+00:00, run_after=2025-09-07 00:00:00+00:00
[2025-09-07T00:04:03.886+0000] {processor.py:208} INFO - Processing /home/airflow/.local/lib/python3.12/site-packages/airflow/example_dags/example_branch_operator.py took 0.099 seconds
[2025-09-07T00:04:34.829+0000] {processor.py:186} INFO - Started process (PID=4521) to work on /home/airflow/.local/lib/python3.12/site-packages/airflow/example_dags/example_branch_operator.py
[2025-09-07T00:04:34.830+0000] {processor.py:914} INFO - Processing file /home/airflow/.local/lib/python3.12/site-packages/airflow/example_dags/example_branch_operator.py for tasks to queue
[2025-09-07T00:04:34.833+0000] {logging_mixin.py:190} INFO - [2025-09-07T00:04:34.832+0000] {dagbag.py:588} INFO - Filling up the DagBag from /home/airflow/.local/lib/python3.12/site-packages/airflow/example_dags/example_branch_operator.py
[2025-09-07T00:04:34.855+0000] {processor.py:925} INFO - DAG(s) 'example_branch_operator' retrieved from /home/airflow/.local/lib/python3.12/site-packages/airflow/example_dags/example_branch_operator.py
[2025-09-07T00:04:34.896+0000] {logging_mixin.py:190} INFO - [2025-09-07T00:04:34.895+0000] {dag.py:3239} INFO - Sync 1 DAGs
[2025-09-07T00:04:34.927+0000] {logging_mixin.py:190} INFO - [2025-09-07T00:04:34.927+0000] {dag.py:4180} INFO - Setting next_dagrun for example_branch_operator to 2025-09-06 00:00:00+00:00, run_after=2025-09-07 00:00:00+00:00
[2025-09-07T00:04:34.952+0000] {processor.py:208} INFO - Processing /home/airflow/.local/lib/python3.12/site-packages/airflow/example_dags/example_branch_operator.py took 0.131 seconds
[2025-09-07T00:05:05.431+0000] {processor.py:186} INFO - Started process (PID=4587) to work on /home/airflow/.local/lib/python3.12/site-packages/airflow/example_dags/example_branch_operator.py
[2025-09-07T00:05:05.432+0000] {processor.py:914} INFO - Processing file /home/airflow/.local/lib/python3.12/site-packages/airflow/example_dags/example_branch_operator.py for tasks to queue
[2025-09-07T00:05:05.435+0000] {logging_mixin.py:190} INFO - [2025-09-07T00:05:05.434+0000] {dagbag.py:588} INFO - Filling up the DagBag from /home/airflow/.local/lib/python3.12/site-packages/airflow/example_dags/example_branch_operator.py
[2025-09-07T00:05:05.461+0000] {processor.py:925} INFO - DAG(s) 'example_branch_operator' retrieved from /home/airflow/.local/lib/python3.12/site-packages/airflow/example_dags/example_branch_operator.py
[2025-09-07T00:05:05.495+0000] {logging_mixin.py:190} INFO - [2025-09-07T00:05:05.495+0000] {dag.py:3239} INFO - Sync 1 DAGs
[2025-09-07T00:05:05.519+0000] {logging_mixin.py:190} INFO - [2025-09-07T00:05:05.518+0000] {dag.py:4180} INFO - Setting next_dagrun for example_branch_operator to 2025-09-06 00:00:00+00:00, run_after=2025-09-07 00:00:00+00:00
[2025-09-07T00:05:05.540+0000] {processor.py:208} INFO - Processing /home/airflow/.local/lib/python3.12/site-packages/airflow/example_dags/example_branch_operator.py took 0.113 seconds
[2025-09-07T00:05:36.441+0000] {processor.py:186} INFO - Started process (PID=4653) to work on /home/airflow/.local/lib/python3.12/site-packages/airflow/example_dags/example_branch_operator.py
[2025-09-07T00:05:36.442+0000] {processor.py:914} INFO - Processing file /home/airflow/.local/lib/python3.12/site-packages/airflow/example_dags/example_branch_operator.py for tasks to queue
[2025-09-07T00:05:36.445+0000] {logging_mixin.py:190} INFO - [2025-09-07T00:05:36.444+0000] {dagbag.py:588} INFO - Filling up the DagBag from /home/airflow/.local/lib/python3.12/site-packages/airflow/example_dags/example_branch_operator.py
[2025-09-07T00:05:36.471+0000] {processor.py:925} INFO - DAG(s) 'example_branch_operator' retrieved from /home/airflow/.local/lib/python3.12/site-packages/airflow/example_dags/example_branch_operator.py
[2025-09-07T00:05:36.505+0000] {logging_mixin.py:190} INFO - [2025-09-07T00:05:36.504+0000] {dag.py:3239} INFO - Sync 1 DAGs
[2025-09-07T00:05:36.529+0000] {logging_mixin.py:190} INFO - [2025-09-07T00:05:36.529+0000] {dag.py:4180} INFO - Setting next_dagrun for example_branch_operator to 2025-09-06 00:00:00+00:00, run_after=2025-09-07 00:00:00+00:00
[2025-09-07T00:05:36.549+0000] {processor.py:208} INFO - Processing /home/airflow/.local/lib/python3.12/site-packages/airflow/example_dags/example_branch_operator.py took 0.113 seconds
[2025-09-07T00:06:07.319+0000] {processor.py:186} INFO - Started process (PID=4719) to work on /home/airflow/.local/lib/python3.12/site-packages/airflow/example_dags/example_branch_operator.py
[2025-09-07T00:06:07.320+0000] {processor.py:914} INFO - Processing file /home/airflow/.local/lib/python3.12/site-packages/airflow/example_dags/example_branch_operator.py for tasks to queue
[2025-09-07T00:06:07.322+0000] {logging_mixin.py:190} INFO - [2025-09-07T00:06:07.321+0000] {dagbag.py:588} INFO - Filling up the DagBag from /home/airflow/.local/lib/python3.12/site-packages/airflow/example_dags/example_branch_operator.py
[2025-09-07T00:06:07.340+0000] {processor.py:925} INFO - DAG(s) 'example_branch_operator' retrieved from /home/airflow/.local/lib/python3.12/site-packages/airflow/example_dags/example_branch_operator.py
[2025-09-07T00:06:07.376+0000] {logging_mixin.py:190} INFO - [2025-09-07T00:06:07.375+0000] {dag.py:3239} INFO - Sync 1 DAGs
[2025-09-07T00:06:07.403+0000] {logging_mixin.py:190} INFO - [2025-09-07T00:06:07.403+0000] {dag.py:4180} INFO - Setting next_dagrun for example_branch_operator to 2025-09-06 00:00:00+00:00, run_after=2025-09-07 00:00:00+00:00
[2025-09-07T00:06:07.428+0000] {processor.py:208} INFO - Processing /home/airflow/.local/lib/python3.12/site-packages/airflow/example_dags/example_branch_operator.py took 0.117 seconds
[2025-09-07T00:06:37.888+0000] {processor.py:186} INFO - Started process (PID=4785) to work on /home/airflow/.local/lib/python3.12/site-packages/airflow/example_dags/example_branch_operator.py
[2025-09-07T00:06:37.892+0000] {processor.py:914} INFO - Processing file /home/airflow/.local/lib/python3.12/site-packages/airflow/example_dags/example_branch_operator.py for tasks to queue
[2025-09-07T00:06:37.894+0000] {logging_mixin.py:190} INFO - [2025-09-07T00:06:37.893+0000] {dagbag.py:588} INFO - Filling up the DagBag from /home/airflow/.local/lib/python3.12/site-packages/airflow/example_dags/example_branch_operator.py
[2025-09-07T00:06:37.911+0000] {processor.py:925} INFO - DAG(s) 'example_branch_operator' retrieved from /home/airflow/.local/lib/python3.12/site-packages/airflow/example_dags/example_branch_operator.py
[2025-09-07T00:06:37.944+0000] {logging_mixin.py:190} INFO - [2025-09-07T00:06:37.943+0000] {dag.py:3239} INFO - Sync 1 DAGs
[2025-09-07T00:06:37.973+0000] {logging_mixin.py:190} INFO - [2025-09-07T00:06:37.973+0000] {dag.py:4180} INFO - Setting next_dagrun for example_branch_operator to 2025-09-06 00:00:00+00:00, run_after=2025-09-07 00:00:00+00:00
[2025-09-07T00:06:37.995+0000] {processor.py:208} INFO - Processing /home/airflow/.local/lib/python3.12/site-packages/airflow/example_dags/example_branch_operator.py took 0.114 seconds
[2025-09-07T00:07:08.225+0000] {processor.py:186} INFO - Started process (PID=4851) to work on /home/airflow/.local/lib/python3.12/site-packages/airflow/example_dags/example_branch_operator.py
[2025-09-07T00:07:08.227+0000] {processor.py:914} INFO - Processing file /home/airflow/.local/lib/python3.12/site-packages/airflow/example_dags/example_branch_operator.py for tasks to queue
[2025-09-07T00:07:08.230+0000] {logging_mixin.py:190} INFO - [2025-09-07T00:07:08.229+0000] {dagbag.py:588} INFO - Filling up the DagBag from /home/airflow/.local/lib/python3.12/site-packages/airflow/example_dags/example_branch_operator.py
[2025-09-07T00:07:08.259+0000] {processor.py:925} INFO - DAG(s) 'example_branch_operator' retrieved from /home/airflow/.local/lib/python3.12/site-packages/airflow/example_dags/example_branch_operator.py
[2025-09-07T00:07:08.300+0000] {logging_mixin.py:190} INFO - [2025-09-07T00:07:08.300+0000] {dag.py:3239} INFO - Sync 1 DAGs
[2025-09-07T00:07:08.336+0000] {logging_mixin.py:190} INFO - [2025-09-07T00:07:08.336+0000] {dag.py:4180} INFO - Setting next_dagrun for example_branch_operator to 2025-09-06 00:00:00+00:00, run_after=2025-09-07 00:00:00+00:00
[2025-09-07T00:07:08.371+0000] {processor.py:208} INFO - Processing /home/airflow/.local/lib/python3.12/site-packages/airflow/example_dags/example_branch_operator.py took 0.157 seconds
[2025-09-07T00:07:38.836+0000] {processor.py:186} INFO - Started process (PID=4917) to work on /home/airflow/.local/lib/python3.12/site-packages/airflow/example_dags/example_branch_operator.py
[2025-09-07T00:07:38.838+0000] {processor.py:914} INFO - Processing file /home/airflow/.local/lib/python3.12/site-packages/airflow/example_dags/example_branch_operator.py for tasks to queue
[2025-09-07T00:07:38.841+0000] {logging_mixin.py:190} INFO - [2025-09-07T00:07:38.841+0000] {dagbag.py:588} INFO - Filling up the DagBag from /home/airflow/.local/lib/python3.12/site-packages/airflow/example_dags/example_branch_operator.py
[2025-09-07T00:07:38.862+0000] {processor.py:925} INFO - DAG(s) 'example_branch_operator' retrieved from /home/airflow/.local/lib/python3.12/site-packages/airflow/example_dags/example_branch_operator.py
[2025-09-07T00:07:38.900+0000] {logging_mixin.py:190} INFO - [2025-09-07T00:07:38.899+0000] {dag.py:3239} INFO - Sync 1 DAGs
[2025-09-07T00:07:38.936+0000] {logging_mixin.py:190} INFO - [2025-09-07T00:07:38.935+0000] {dag.py:4180} INFO - Setting next_dagrun for example_branch_operator to 2025-09-06 00:00:00+00:00, run_after=2025-09-07 00:00:00+00:00
[2025-09-07T00:07:38.962+0000] {processor.py:208} INFO - Processing /home/airflow/.local/lib/python3.12/site-packages/airflow/example_dags/example_branch_operator.py took 0.134 seconds
[2025-09-07T00:08:09.644+0000] {processor.py:186} INFO - Started process (PID=4982) to work on /home/airflow/.local/lib/python3.12/site-packages/airflow/example_dags/example_branch_operator.py
[2025-09-07T00:08:09.645+0000] {processor.py:914} INFO - Processing file /home/airflow/.local/lib/python3.12/site-packages/airflow/example_dags/example_branch_operator.py for tasks to queue
[2025-09-07T00:08:09.648+0000] {logging_mixin.py:190} INFO - [2025-09-07T00:08:09.647+0000] {dagbag.py:588} INFO - Filling up the DagBag from /home/airflow/.local/lib/python3.12/site-packages/airflow/example_dags/example_branch_operator.py
[2025-09-07T00:08:09.675+0000] {processor.py:925} INFO - DAG(s) 'example_branch_operator' retrieved from /home/airflow/.local/lib/python3.12/site-packages/airflow/example_dags/example_branch_operator.py
[2025-09-07T00:08:09.713+0000] {logging_mixin.py:190} INFO - [2025-09-07T00:08:09.713+0000] {dag.py:3239} INFO - Sync 1 DAGs
[2025-09-07T00:08:09.747+0000] {logging_mixin.py:190} INFO - [2025-09-07T00:08:09.747+0000] {dag.py:4180} INFO - Setting next_dagrun for example_branch_operator to 2025-09-06 00:00:00+00:00, run_after=2025-09-07 00:00:00+00:00
[2025-09-07T00:08:09.772+0000] {processor.py:208} INFO - Processing /home/airflow/.local/lib/python3.12/site-packages/airflow/example_dags/example_branch_operator.py took 0.133 seconds
[2025-09-07T00:08:40.007+0000] {processor.py:186} INFO - Started process (PID=5041) to work on /home/airflow/.local/lib/python3.12/site-packages/airflow/example_dags/example_branch_operator.py
[2025-09-07T00:08:40.008+0000] {processor.py:914} INFO - Processing file /home/airflow/.local/lib/python3.12/site-packages/airflow/example_dags/example_branch_operator.py for tasks to queue
[2025-09-07T00:08:40.010+0000] {logging_mixin.py:190} INFO - [2025-09-07T00:08:40.009+0000] {dagbag.py:588} INFO - Filling up the DagBag from /home/airflow/.local/lib/python3.12/site-packages/airflow/example_dags/example_branch_operator.py
[2025-09-07T00:08:40.032+0000] {processor.py:925} INFO - DAG(s) 'example_branch_operator' retrieved from /home/airflow/.local/lib/python3.12/site-packages/airflow/example_dags/example_branch_operator.py
[2025-09-07T00:08:40.065+0000] {logging_mixin.py:190} INFO - [2025-09-07T00:08:40.065+0000] {dag.py:3239} INFO - Sync 1 DAGs
[2025-09-07T00:08:40.096+0000] {logging_mixin.py:190} INFO - [2025-09-07T00:08:40.096+0000] {dag.py:4180} INFO - Setting next_dagrun for example_branch_operator to 2025-09-06 00:00:00+00:00, run_after=2025-09-07 00:00:00+00:00
[2025-09-07T00:08:40.114+0000] {processor.py:208} INFO - Processing /home/airflow/.local/lib/python3.12/site-packages/airflow/example_dags/example_branch_operator.py took 0.114 seconds
[2025-09-07T00:09:10.224+0000] {processor.py:186} INFO - Started process (PID=5108) to work on /home/airflow/.local/lib/python3.12/site-packages/airflow/example_dags/example_branch_operator.py
[2025-09-07T00:09:10.226+0000] {processor.py:914} INFO - Processing file /home/airflow/.local/lib/python3.12/site-packages/airflow/example_dags/example_branch_operator.py for tasks to queue
[2025-09-07T00:09:10.227+0000] {logging_mixin.py:190} INFO - [2025-09-07T00:09:10.227+0000] {dagbag.py:588} INFO - Filling up the DagBag from /home/airflow/.local/lib/python3.12/site-packages/airflow/example_dags/example_branch_operator.py
[2025-09-07T00:09:10.244+0000] {processor.py:925} INFO - DAG(s) 'example_branch_operator' retrieved from /home/airflow/.local/lib/python3.12/site-packages/airflow/example_dags/example_branch_operator.py
[2025-09-07T00:09:10.268+0000] {logging_mixin.py:190} INFO - [2025-09-07T00:09:10.268+0000] {dag.py:3239} INFO - Sync 1 DAGs
[2025-09-07T00:09:10.297+0000] {logging_mixin.py:190} INFO - [2025-09-07T00:09:10.296+0000] {dag.py:4180} INFO - Setting next_dagrun for example_branch_operator to 2025-09-06 00:00:00+00:00, run_after=2025-09-07 00:00:00+00:00
[2025-09-07T00:09:10.315+0000] {processor.py:208} INFO - Processing /home/airflow/.local/lib/python3.12/site-packages/airflow/example_dags/example_branch_operator.py took 0.099 seconds
[2025-09-07T00:09:40.629+0000] {processor.py:186} INFO - Started process (PID=5173) to work on /home/airflow/.local/lib/python3.12/site-packages/airflow/example_dags/example_branch_operator.py
[2025-09-07T00:09:40.632+0000] {processor.py:914} INFO - Processing file /home/airflow/.local/lib/python3.12/site-packages/airflow/example_dags/example_branch_operator.py for tasks to queue
[2025-09-07T00:09:40.635+0000] {logging_mixin.py:190} INFO - [2025-09-07T00:09:40.634+0000] {dagbag.py:588} INFO - Filling up the DagBag from /home/airflow/.local/lib/python3.12/site-packages/airflow/example_dags/example_branch_operator.py
[2025-09-07T00:09:40.654+0000] {processor.py:925} INFO - DAG(s) 'example_branch_operator' retrieved from /home/airflow/.local/lib/python3.12/site-packages/airflow/example_dags/example_branch_operator.py
[2025-09-07T00:09:40.687+0000] {logging_mixin.py:190} INFO - [2025-09-07T00:09:40.687+0000] {dag.py:3239} INFO - Sync 1 DAGs
[2025-09-07T00:09:40.717+0000] {logging_mixin.py:190} INFO - [2025-09-07T00:09:40.716+0000] {dag.py:4180} INFO - Setting next_dagrun for example_branch_operator to 2025-09-06 00:00:00+00:00, run_after=2025-09-07 00:00:00+00:00
[2025-09-07T00:09:40.745+0000] {processor.py:208} INFO - Processing /home/airflow/.local/lib/python3.12/site-packages/airflow/example_dags/example_branch_operator.py took 0.123 seconds
[2025-09-07T00:10:11.381+0000] {processor.py:186} INFO - Started process (PID=5238) to work on /home/airflow/.local/lib/python3.12/site-packages/airflow/example_dags/example_branch_operator.py
[2025-09-07T00:10:11.383+0000] {processor.py:914} INFO - Processing file /home/airflow/.local/lib/python3.12/site-packages/airflow/example_dags/example_branch_operator.py for tasks to queue
[2025-09-07T00:10:11.386+0000] {logging_mixin.py:190} INFO - [2025-09-07T00:10:11.385+0000] {dagbag.py:588} INFO - Filling up the DagBag from /home/airflow/.local/lib/python3.12/site-packages/airflow/example_dags/example_branch_operator.py
[2025-09-07T00:10:11.409+0000] {processor.py:925} INFO - DAG(s) 'example_branch_operator' retrieved from /home/airflow/.local/lib/python3.12/site-packages/airflow/example_dags/example_branch_operator.py
[2025-09-07T00:10:11.440+0000] {logging_mixin.py:190} INFO - [2025-09-07T00:10:11.440+0000] {dag.py:3239} INFO - Sync 1 DAGs
[2025-09-07T00:10:11.463+0000] {logging_mixin.py:190} INFO - [2025-09-07T00:10:11.463+0000] {dag.py:4180} INFO - Setting next_dagrun for example_branch_operator to 2025-09-06 00:00:00+00:00, run_after=2025-09-07 00:00:00+00:00
[2025-09-07T00:10:11.488+0000] {processor.py:208} INFO - Processing /home/airflow/.local/lib/python3.12/site-packages/airflow/example_dags/example_branch_operator.py took 0.117 seconds
[2025-09-07T00:10:42.065+0000] {processor.py:186} INFO - Started process (PID=5300) to work on /home/airflow/.local/lib/python3.12/site-packages/airflow/example_dags/example_branch_operator.py
[2025-09-07T00:10:42.066+0000] {processor.py:914} INFO - Processing file /home/airflow/.local/lib/python3.12/site-packages/airflow/example_dags/example_branch_operator.py for tasks to queue
[2025-09-07T00:10:42.068+0000] {logging_mixin.py:190} INFO - [2025-09-07T00:10:42.067+0000] {dagbag.py:588} INFO - Filling up the DagBag from /home/airflow/.local/lib/python3.12/site-packages/airflow/example_dags/example_branch_operator.py
[2025-09-07T00:10:42.095+0000] {processor.py:925} INFO - DAG(s) 'example_branch_operator' retrieved from /home/airflow/.local/lib/python3.12/site-packages/airflow/example_dags/example_branch_operator.py
[2025-09-07T00:10:42.132+0000] {logging_mixin.py:190} INFO - [2025-09-07T00:10:42.131+0000] {dag.py:3239} INFO - Sync 1 DAGs
[2025-09-07T00:10:42.165+0000] {logging_mixin.py:190} INFO - [2025-09-07T00:10:42.164+0000] {dag.py:4180} INFO - Setting next_dagrun for example_branch_operator to 2025-09-06 00:00:00+00:00, run_after=2025-09-07 00:00:00+00:00
[2025-09-07T00:10:42.191+0000] {processor.py:208} INFO - Processing /home/airflow/.local/lib/python3.12/site-packages/airflow/example_dags/example_branch_operator.py took 0.133 seconds
[2025-09-07T00:11:12.250+0000] {processor.py:186} INFO - Started process (PID=5366) to work on /home/airflow/.local/lib/python3.12/site-packages/airflow/example_dags/example_branch_operator.py
[2025-09-07T00:11:12.251+0000] {processor.py:914} INFO - Processing file /home/airflow/.local/lib/python3.12/site-packages/airflow/example_dags/example_branch_operator.py for tasks to queue
[2025-09-07T00:11:12.255+0000] {logging_mixin.py:190} INFO - [2025-09-07T00:11:12.254+0000] {dagbag.py:588} INFO - Filling up the DagBag from /home/airflow/.local/lib/python3.12/site-packages/airflow/example_dags/example_branch_operator.py
[2025-09-07T00:11:12.284+0000] {processor.py:925} INFO - DAG(s) 'example_branch_operator' retrieved from /home/airflow/.local/lib/python3.12/site-packages/airflow/example_dags/example_branch_operator.py
[2025-09-07T00:11:12.313+0000] {logging_mixin.py:190} INFO - [2025-09-07T00:11:12.313+0000] {dag.py:3239} INFO - Sync 1 DAGs
[2025-09-07T00:11:12.343+0000] {logging_mixin.py:190} INFO - [2025-09-07T00:11:12.343+0000] {dag.py:4180} INFO - Setting next_dagrun for example_branch_operator to 2025-09-06 00:00:00+00:00, run_after=2025-09-07 00:00:00+00:00
[2025-09-07T00:11:12.369+0000] {processor.py:208} INFO - Processing /home/airflow/.local/lib/python3.12/site-packages/airflow/example_dags/example_branch_operator.py took 0.124 seconds
[2025-09-07T00:11:42.940+0000] {processor.py:186} INFO - Started process (PID=5432) to work on /home/airflow/.local/lib/python3.12/site-packages/airflow/example_dags/example_branch_operator.py
[2025-09-07T00:11:42.941+0000] {processor.py:914} INFO - Processing file /home/airflow/.local/lib/python3.12/site-packages/airflow/example_dags/example_branch_operator.py for tasks to queue
[2025-09-07T00:11:42.944+0000] {logging_mixin.py:190} INFO - [2025-09-07T00:11:42.943+0000] {dagbag.py:588} INFO - Filling up the DagBag from /home/airflow/.local/lib/python3.12/site-packages/airflow/example_dags/example_branch_operator.py
[2025-09-07T00:11:42.968+0000] {processor.py:925} INFO - DAG(s) 'example_branch_operator' retrieved from /home/airflow/.local/lib/python3.12/site-packages/airflow/example_dags/example_branch_operator.py
[2025-09-07T00:11:42.999+0000] {logging_mixin.py:190} INFO - [2025-09-07T00:11:42.998+0000] {dag.py:3239} INFO - Sync 1 DAGs
[2025-09-07T00:11:43.200+0000] {logging_mixin.py:190} INFO - [2025-09-07T00:11:43.199+0000] {dag.py:4180} INFO - Setting next_dagrun for example_branch_operator to 2025-09-06 00:00:00+00:00, run_after=2025-09-07 00:00:00+00:00
[2025-09-07T00:11:43.213+0000] {processor.py:208} INFO - Processing /home/airflow/.local/lib/python3.12/site-packages/airflow/example_dags/example_branch_operator.py took 0.278 seconds
[2025-09-07T00:12:13.308+0000] {processor.py:186} INFO - Started process (PID=5500) to work on /home/airflow/.local/lib/python3.12/site-packages/airflow/example_dags/example_branch_operator.py
[2025-09-07T00:12:13.310+0000] {processor.py:914} INFO - Processing file /home/airflow/.local/lib/python3.12/site-packages/airflow/example_dags/example_branch_operator.py for tasks to queue
[2025-09-07T00:12:13.312+0000] {logging_mixin.py:190} INFO - [2025-09-07T00:12:13.311+0000] {dagbag.py:588} INFO - Filling up the DagBag from /home/airflow/.local/lib/python3.12/site-packages/airflow/example_dags/example_branch_operator.py
[2025-09-07T00:12:13.333+0000] {processor.py:925} INFO - DAG(s) 'example_branch_operator' retrieved from /home/airflow/.local/lib/python3.12/site-packages/airflow/example_dags/example_branch_operator.py
[2025-09-07T00:12:13.363+0000] {logging_mixin.py:190} INFO - [2025-09-07T00:12:13.363+0000] {dag.py:3239} INFO - Sync 1 DAGs
[2025-09-07T00:12:13.390+0000] {logging_mixin.py:190} INFO - [2025-09-07T00:12:13.390+0000] {dag.py:4180} INFO - Setting next_dagrun for example_branch_operator to 2025-09-06 00:00:00+00:00, run_after=2025-09-07 00:00:00+00:00
[2025-09-07T00:12:13.567+0000] {processor.py:208} INFO - Processing /home/airflow/.local/lib/python3.12/site-packages/airflow/example_dags/example_branch_operator.py took 0.267 seconds
[2025-09-07T00:12:44.579+0000] {processor.py:186} INFO - Started process (PID=5565) to work on /home/airflow/.local/lib/python3.12/site-packages/airflow/example_dags/example_branch_operator.py
[2025-09-07T00:12:44.581+0000] {processor.py:914} INFO - Processing file /home/airflow/.local/lib/python3.12/site-packages/airflow/example_dags/example_branch_operator.py for tasks to queue
[2025-09-07T00:12:44.584+0000] {logging_mixin.py:190} INFO - [2025-09-07T00:12:44.583+0000] {dagbag.py:588} INFO - Filling up the DagBag from /home/airflow/.local/lib/python3.12/site-packages/airflow/example_dags/example_branch_operator.py
[2025-09-07T00:12:44.598+0000] {processor.py:925} INFO - DAG(s) 'example_branch_operator' retrieved from /home/airflow/.local/lib/python3.12/site-packages/airflow/example_dags/example_branch_operator.py
[2025-09-07T00:12:44.622+0000] {logging_mixin.py:190} INFO - [2025-09-07T00:12:44.622+0000] {dag.py:3239} INFO - Sync 1 DAGs
[2025-09-07T00:12:44.642+0000] {logging_mixin.py:190} INFO - [2025-09-07T00:12:44.642+0000] {dag.py:4180} INFO - Setting next_dagrun for example_branch_operator to 2025-09-06 00:00:00+00:00, run_after=2025-09-07 00:00:00+00:00
[2025-09-07T00:12:44.805+0000] {processor.py:208} INFO - Processing /home/airflow/.local/lib/python3.12/site-packages/airflow/example_dags/example_branch_operator.py took 0.235 seconds
[2025-09-07T00:13:15.766+0000] {processor.py:186} INFO - Started process (PID=5632) to work on /home/airflow/.local/lib/python3.12/site-packages/airflow/example_dags/example_branch_operator.py
[2025-09-07T00:13:15.767+0000] {processor.py:914} INFO - Processing file /home/airflow/.local/lib/python3.12/site-packages/airflow/example_dags/example_branch_operator.py for tasks to queue
[2025-09-07T00:13:15.769+0000] {logging_mixin.py:190} INFO - [2025-09-07T00:13:15.769+0000] {dagbag.py:588} INFO - Filling up the DagBag from /home/airflow/.local/lib/python3.12/site-packages/airflow/example_dags/example_branch_operator.py
[2025-09-07T00:13:15.785+0000] {processor.py:925} INFO - DAG(s) 'example_branch_operator' retrieved from /home/airflow/.local/lib/python3.12/site-packages/airflow/example_dags/example_branch_operator.py
[2025-09-07T00:13:15.806+0000] {logging_mixin.py:190} INFO - [2025-09-07T00:13:15.806+0000] {dag.py:3239} INFO - Sync 1 DAGs
[2025-09-07T00:13:15.825+0000] {logging_mixin.py:190} INFO - [2025-09-07T00:13:15.825+0000] {dag.py:4180} INFO - Setting next_dagrun for example_branch_operator to 2025-09-06 00:00:00+00:00, run_after=2025-09-07 00:00:00+00:00
[2025-09-07T00:13:15.840+0000] {processor.py:208} INFO - Processing /home/airflow/.local/lib/python3.12/site-packages/airflow/example_dags/example_branch_operator.py took 0.082 seconds
[2025-09-07T00:13:46.460+0000] {processor.py:186} INFO - Started process (PID=5698) to work on /home/airflow/.local/lib/python3.12/site-packages/airflow/example_dags/example_branch_operator.py
[2025-09-07T00:13:46.461+0000] {processor.py:914} INFO - Processing file /home/airflow/.local/lib/python3.12/site-packages/airflow/example_dags/example_branch_operator.py for tasks to queue
[2025-09-07T00:13:46.464+0000] {logging_mixin.py:190} INFO - [2025-09-07T00:13:46.463+0000] {dagbag.py:588} INFO - Filling up the DagBag from /home/airflow/.local/lib/python3.12/site-packages/airflow/example_dags/example_branch_operator.py
[2025-09-07T00:13:46.490+0000] {processor.py:925} INFO - DAG(s) 'example_branch_operator' retrieved from /home/airflow/.local/lib/python3.12/site-packages/airflow/example_dags/example_branch_operator.py
[2025-09-07T00:13:46.811+0000] {logging_mixin.py:190} INFO - [2025-09-07T00:13:46.810+0000] {dag.py:3239} INFO - Sync 1 DAGs
[2025-09-07T00:13:46.850+0000] {logging_mixin.py:190} INFO - [2025-09-07T00:13:46.850+0000] {dag.py:4180} INFO - Setting next_dagrun for example_branch_operator to 2025-09-06 00:00:00+00:00, run_after=2025-09-07 00:00:00+00:00
[2025-09-07T00:13:46.879+0000] {processor.py:208} INFO - Processing /home/airflow/.local/lib/python3.12/site-packages/airflow/example_dags/example_branch_operator.py took 0.425 seconds
[2025-09-07T00:14:17.266+0000] {processor.py:186} INFO - Started process (PID=5764) to work on /home/airflow/.local/lib/python3.12/site-packages/airflow/example_dags/example_branch_operator.py
[2025-09-07T00:14:17.267+0000] {processor.py:914} INFO - Processing file /home/airflow/.local/lib/python3.12/site-packages/airflow/example_dags/example_branch_operator.py for tasks to queue
[2025-09-07T00:14:17.269+0000] {logging_mixin.py:190} INFO - [2025-09-07T00:14:17.269+0000] {dagbag.py:588} INFO - Filling up the DagBag from /home/airflow/.local/lib/python3.12/site-packages/airflow/example_dags/example_branch_operator.py
[2025-09-07T00:14:17.299+0000] {processor.py:925} INFO - DAG(s) 'example_branch_operator' retrieved from /home/airflow/.local/lib/python3.12/site-packages/airflow/example_dags/example_branch_operator.py
[2025-09-07T00:14:17.344+0000] {logging_mixin.py:190} INFO - [2025-09-07T00:14:17.343+0000] {dag.py:3239} INFO - Sync 1 DAGs
[2025-09-07T00:14:17.671+0000] {logging_mixin.py:190} INFO - [2025-09-07T00:14:17.671+0000] {dag.py:4180} INFO - Setting next_dagrun for example_branch_operator to 2025-09-06 00:00:00+00:00, run_after=2025-09-07 00:00:00+00:00
[2025-09-07T00:14:17.700+0000] {processor.py:208} INFO - Processing /home/airflow/.local/lib/python3.12/site-packages/airflow/example_dags/example_branch_operator.py took 0.439 seconds
[2025-09-07T00:14:47.791+0000] {processor.py:186} INFO - Started process (PID=5830) to work on /home/airflow/.local/lib/python3.12/site-packages/airflow/example_dags/example_branch_operator.py
[2025-09-07T00:14:47.792+0000] {processor.py:914} INFO - Processing file /home/airflow/.local/lib/python3.12/site-packages/airflow/example_dags/example_branch_operator.py for tasks to queue
[2025-09-07T00:14:47.794+0000] {logging_mixin.py:190} INFO - [2025-09-07T00:14:47.794+0000] {dagbag.py:588} INFO - Filling up the DagBag from /home/airflow/.local/lib/python3.12/site-packages/airflow/example_dags/example_branch_operator.py
[2025-09-07T00:14:47.818+0000] {processor.py:925} INFO - DAG(s) 'example_branch_operator' retrieved from /home/airflow/.local/lib/python3.12/site-packages/airflow/example_dags/example_branch_operator.py
[2025-09-07T00:14:47.869+0000] {logging_mixin.py:190} INFO - [2025-09-07T00:14:47.868+0000] {dag.py:3239} INFO - Sync 1 DAGs
[2025-09-07T00:14:48.113+0000] {logging_mixin.py:190} INFO - [2025-09-07T00:14:48.113+0000] {dag.py:4180} INFO - Setting next_dagrun for example_branch_operator to 2025-09-06 00:00:00+00:00, run_after=2025-09-07 00:00:00+00:00
[2025-09-07T00:14:48.144+0000] {processor.py:208} INFO - Processing /home/airflow/.local/lib/python3.12/site-packages/airflow/example_dags/example_branch_operator.py took 0.360 seconds
[2025-09-07T00:15:18.839+0000] {processor.py:186} INFO - Started process (PID=5896) to work on /home/airflow/.local/lib/python3.12/site-packages/airflow/example_dags/example_branch_operator.py
[2025-09-07T00:15:18.840+0000] {processor.py:914} INFO - Processing file /home/airflow/.local/lib/python3.12/site-packages/airflow/example_dags/example_branch_operator.py for tasks to queue
[2025-09-07T00:15:18.842+0000] {logging_mixin.py:190} INFO - [2025-09-07T00:15:18.842+0000] {dagbag.py:588} INFO - Filling up the DagBag from /home/airflow/.local/lib/python3.12/site-packages/airflow/example_dags/example_branch_operator.py
[2025-09-07T00:15:18.874+0000] {processor.py:925} INFO - DAG(s) 'example_branch_operator' retrieved from /home/airflow/.local/lib/python3.12/site-packages/airflow/example_dags/example_branch_operator.py
[2025-09-07T00:15:18.912+0000] {logging_mixin.py:190} INFO - [2025-09-07T00:15:18.911+0000] {dag.py:3239} INFO - Sync 1 DAGs
[2025-09-07T00:15:18.942+0000] {logging_mixin.py:190} INFO - [2025-09-07T00:15:18.942+0000] {dag.py:4180} INFO - Setting next_dagrun for example_branch_operator to 2025-09-06 00:00:00+00:00, run_after=2025-09-07 00:00:00+00:00
[2025-09-07T00:15:18.971+0000] {processor.py:208} INFO - Processing /home/airflow/.local/lib/python3.12/site-packages/airflow/example_dags/example_branch_operator.py took 0.141 seconds
[2025-09-07T00:15:49.421+0000] {processor.py:186} INFO - Started process (PID=5962) to work on /home/airflow/.local/lib/python3.12/site-packages/airflow/example_dags/example_branch_operator.py
[2025-09-07T00:15:49.422+0000] {processor.py:914} INFO - Processing file /home/airflow/.local/lib/python3.12/site-packages/airflow/example_dags/example_branch_operator.py for tasks to queue
[2025-09-07T00:15:49.424+0000] {logging_mixin.py:190} INFO - [2025-09-07T00:15:49.423+0000] {dagbag.py:588} INFO - Filling up the DagBag from /home/airflow/.local/lib/python3.12/site-packages/airflow/example_dags/example_branch_operator.py
[2025-09-07T00:15:49.440+0000] {processor.py:925} INFO - DAG(s) 'example_branch_operator' retrieved from /home/airflow/.local/lib/python3.12/site-packages/airflow/example_dags/example_branch_operator.py
[2025-09-07T00:15:49.478+0000] {logging_mixin.py:190} INFO - [2025-09-07T00:15:49.477+0000] {dag.py:3239} INFO - Sync 1 DAGs
[2025-09-07T00:15:49.511+0000] {logging_mixin.py:190} INFO - [2025-09-07T00:15:49.510+0000] {dag.py:4180} INFO - Setting next_dagrun for example_branch_operator to 2025-09-06 00:00:00+00:00, run_after=2025-09-07 00:00:00+00:00
[2025-09-07T00:15:49.533+0000] {processor.py:208} INFO - Processing /home/airflow/.local/lib/python3.12/site-packages/airflow/example_dags/example_branch_operator.py took 0.117 seconds
[2025-09-07T00:16:20.108+0000] {processor.py:186} INFO - Started process (PID=6027) to work on /home/airflow/.local/lib/python3.12/site-packages/airflow/example_dags/example_branch_operator.py
[2025-09-07T00:16:20.110+0000] {processor.py:914} INFO - Processing file /home/airflow/.local/lib/python3.12/site-packages/airflow/example_dags/example_branch_operator.py for tasks to queue
[2025-09-07T00:16:20.113+0000] {logging_mixin.py:190} INFO - [2025-09-07T00:16:20.112+0000] {dagbag.py:588} INFO - Filling up the DagBag from /home/airflow/.local/lib/python3.12/site-packages/airflow/example_dags/example_branch_operator.py
[2025-09-07T00:16:20.140+0000] {processor.py:925} INFO - DAG(s) 'example_branch_operator' retrieved from /home/airflow/.local/lib/python3.12/site-packages/airflow/example_dags/example_branch_operator.py
[2025-09-07T00:16:20.179+0000] {logging_mixin.py:190} INFO - [2025-09-07T00:16:20.178+0000] {dag.py:3239} INFO - Sync 1 DAGs
[2025-09-07T00:16:20.211+0000] {logging_mixin.py:190} INFO - [2025-09-07T00:16:20.210+0000] {dag.py:4180} INFO - Setting next_dagrun for example_branch_operator to 2025-09-06 00:00:00+00:00, run_after=2025-09-07 00:00:00+00:00
[2025-09-07T00:16:20.239+0000] {processor.py:208} INFO - Processing /home/airflow/.local/lib/python3.12/site-packages/airflow/example_dags/example_branch_operator.py took 0.136 seconds
[2025-09-07T00:16:50.560+0000] {processor.py:186} INFO - Started process (PID=6093) to work on /home/airflow/.local/lib/python3.12/site-packages/airflow/example_dags/example_branch_operator.py
[2025-09-07T00:16:50.561+0000] {processor.py:914} INFO - Processing file /home/airflow/.local/lib/python3.12/site-packages/airflow/example_dags/example_branch_operator.py for tasks to queue
[2025-09-07T00:16:50.564+0000] {logging_mixin.py:190} INFO - [2025-09-07T00:16:50.563+0000] {dagbag.py:588} INFO - Filling up the DagBag from /home/airflow/.local/lib/python3.12/site-packages/airflow/example_dags/example_branch_operator.py
[2025-09-07T00:16:50.594+0000] {processor.py:925} INFO - DAG(s) 'example_branch_operator' retrieved from /home/airflow/.local/lib/python3.12/site-packages/airflow/example_dags/example_branch_operator.py
[2025-09-07T00:16:50.636+0000] {logging_mixin.py:190} INFO - [2025-09-07T00:16:50.636+0000] {dag.py:3239} INFO - Sync 1 DAGs
[2025-09-07T00:16:50.670+0000] {logging_mixin.py:190} INFO - [2025-09-07T00:16:50.670+0000] {dag.py:4180} INFO - Setting next_dagrun for example_branch_operator to 2025-09-06 00:00:00+00:00, run_after=2025-09-07 00:00:00+00:00
[2025-09-07T00:16:50.700+0000] {processor.py:208} INFO - Processing /home/airflow/.local/lib/python3.12/site-packages/airflow/example_dags/example_branch_operator.py took 0.150 seconds
[2025-09-07T00:17:21.323+0000] {processor.py:186} INFO - Started process (PID=6158) to work on /home/airflow/.local/lib/python3.12/site-packages/airflow/example_dags/example_branch_operator.py
[2025-09-07T00:17:21.324+0000] {processor.py:914} INFO - Processing file /home/airflow/.local/lib/python3.12/site-packages/airflow/example_dags/example_branch_operator.py for tasks to queue
[2025-09-07T00:17:21.326+0000] {logging_mixin.py:190} INFO - [2025-09-07T00:17:21.326+0000] {dagbag.py:588} INFO - Filling up the DagBag from /home/airflow/.local/lib/python3.12/site-packages/airflow/example_dags/example_branch_operator.py
[2025-09-07T00:17:21.345+0000] {processor.py:925} INFO - DAG(s) 'example_branch_operator' retrieved from /home/airflow/.local/lib/python3.12/site-packages/airflow/example_dags/example_branch_operator.py
[2025-09-07T00:17:21.390+0000] {logging_mixin.py:190} INFO - [2025-09-07T00:17:21.389+0000] {dag.py:3239} INFO - Sync 1 DAGs
[2025-09-07T00:17:21.429+0000] {logging_mixin.py:190} INFO - [2025-09-07T00:17:21.429+0000] {dag.py:4180} INFO - Setting next_dagrun for example_branch_operator to 2025-09-06 00:00:00+00:00, run_after=2025-09-07 00:00:00+00:00
[2025-09-07T00:17:21.458+0000] {processor.py:208} INFO - Processing /home/airflow/.local/lib/python3.12/site-packages/airflow/example_dags/example_branch_operator.py took 0.144 seconds
[2025-09-07T00:17:51.971+0000] {processor.py:186} INFO - Started process (PID=6217) to work on /home/airflow/.local/lib/python3.12/site-packages/airflow/example_dags/example_branch_operator.py
[2025-09-07T00:17:51.972+0000] {processor.py:914} INFO - Processing file /home/airflow/.local/lib/python3.12/site-packages/airflow/example_dags/example_branch_operator.py for tasks to queue
[2025-09-07T00:17:51.974+0000] {logging_mixin.py:190} INFO - [2025-09-07T00:17:51.973+0000] {dagbag.py:588} INFO - Filling up the DagBag from /home/airflow/.local/lib/python3.12/site-packages/airflow/example_dags/example_branch_operator.py
[2025-09-07T00:17:52.000+0000] {processor.py:925} INFO - DAG(s) 'example_branch_operator' retrieved from /home/airflow/.local/lib/python3.12/site-packages/airflow/example_dags/example_branch_operator.py
[2025-09-07T00:17:52.036+0000] {logging_mixin.py:190} INFO - [2025-09-07T00:17:52.036+0000] {dag.py:3239} INFO - Sync 1 DAGs
[2025-09-07T00:17:52.069+0000] {logging_mixin.py:190} INFO - [2025-09-07T00:17:52.068+0000] {dag.py:4180} INFO - Setting next_dagrun for example_branch_operator to 2025-09-06 00:00:00+00:00, run_after=2025-09-07 00:00:00+00:00
[2025-09-07T00:17:52.094+0000] {processor.py:208} INFO - Processing /home/airflow/.local/lib/python3.12/site-packages/airflow/example_dags/example_branch_operator.py took 0.128 seconds
[2025-09-07T00:18:22.782+0000] {processor.py:186} INFO - Started process (PID=6283) to work on /home/airflow/.local/lib/python3.12/site-packages/airflow/example_dags/example_branch_operator.py
[2025-09-07T00:18:22.784+0000] {processor.py:914} INFO - Processing file /home/airflow/.local/lib/python3.12/site-packages/airflow/example_dags/example_branch_operator.py for tasks to queue
[2025-09-07T00:18:22.786+0000] {logging_mixin.py:190} INFO - [2025-09-07T00:18:22.785+0000] {dagbag.py:588} INFO - Filling up the DagBag from /home/airflow/.local/lib/python3.12/site-packages/airflow/example_dags/example_branch_operator.py
[2025-09-07T00:18:22.806+0000] {processor.py:925} INFO - DAG(s) 'example_branch_operator' retrieved from /home/airflow/.local/lib/python3.12/site-packages/airflow/example_dags/example_branch_operator.py
[2025-09-07T00:18:22.834+0000] {logging_mixin.py:190} INFO - [2025-09-07T00:18:22.833+0000] {dag.py:3239} INFO - Sync 1 DAGs
[2025-09-07T00:18:22.865+0000] {logging_mixin.py:190} INFO - [2025-09-07T00:18:22.865+0000] {dag.py:4180} INFO - Setting next_dagrun for example_branch_operator to 2025-09-06 00:00:00+00:00, run_after=2025-09-07 00:00:00+00:00
[2025-09-07T00:18:22.891+0000] {processor.py:208} INFO - Processing /home/airflow/.local/lib/python3.12/site-packages/airflow/example_dags/example_branch_operator.py took 0.118 seconds
[2025-09-07T00:18:53.523+0000] {processor.py:186} INFO - Started process (PID=6349) to work on /home/airflow/.local/lib/python3.12/site-packages/airflow/example_dags/example_branch_operator.py
[2025-09-07T00:18:53.524+0000] {processor.py:914} INFO - Processing file /home/airflow/.local/lib/python3.12/site-packages/airflow/example_dags/example_branch_operator.py for tasks to queue
[2025-09-07T00:18:53.526+0000] {logging_mixin.py:190} INFO - [2025-09-07T00:18:53.525+0000] {dagbag.py:588} INFO - Filling up the DagBag from /home/airflow/.local/lib/python3.12/site-packages/airflow/example_dags/example_branch_operator.py
[2025-09-07T00:18:53.544+0000] {processor.py:925} INFO - DAG(s) 'example_branch_operator' retrieved from /home/airflow/.local/lib/python3.12/site-packages/airflow/example_dags/example_branch_operator.py
[2025-09-07T00:18:53.583+0000] {logging_mixin.py:190} INFO - [2025-09-07T00:18:53.582+0000] {dag.py:3239} INFO - Sync 1 DAGs
[2025-09-07T00:18:53.616+0000] {logging_mixin.py:190} INFO - [2025-09-07T00:18:53.616+0000] {dag.py:4180} INFO - Setting next_dagrun for example_branch_operator to 2025-09-06 00:00:00+00:00, run_after=2025-09-07 00:00:00+00:00
[2025-09-07T00:18:53.643+0000] {processor.py:208} INFO - Processing /home/airflow/.local/lib/python3.12/site-packages/airflow/example_dags/example_branch_operator.py took 0.125 seconds
[2025-09-07T00:19:24.099+0000] {processor.py:186} INFO - Started process (PID=6414) to work on /home/airflow/.local/lib/python3.12/site-packages/airflow/example_dags/example_branch_operator.py
[2025-09-07T00:19:24.100+0000] {processor.py:914} INFO - Processing file /home/airflow/.local/lib/python3.12/site-packages/airflow/example_dags/example_branch_operator.py for tasks to queue
[2025-09-07T00:19:24.103+0000] {logging_mixin.py:190} INFO - [2025-09-07T00:19:24.102+0000] {dagbag.py:588} INFO - Filling up the DagBag from /home/airflow/.local/lib/python3.12/site-packages/airflow/example_dags/example_branch_operator.py
[2025-09-07T00:19:24.134+0000] {processor.py:925} INFO - DAG(s) 'example_branch_operator' retrieved from /home/airflow/.local/lib/python3.12/site-packages/airflow/example_dags/example_branch_operator.py
[2025-09-07T00:19:24.177+0000] {logging_mixin.py:190} INFO - [2025-09-07T00:19:24.176+0000] {dag.py:3239} INFO - Sync 1 DAGs
[2025-09-07T00:19:24.216+0000] {logging_mixin.py:190} INFO - [2025-09-07T00:19:24.215+0000] {dag.py:4180} INFO - Setting next_dagrun for example_branch_operator to 2025-09-06 00:00:00+00:00, run_after=2025-09-07 00:00:00+00:00
[2025-09-07T00:19:24.245+0000] {processor.py:208} INFO - Processing /home/airflow/.local/lib/python3.12/site-packages/airflow/example_dags/example_branch_operator.py took 0.155 seconds
[2025-09-07T00:19:54.995+0000] {processor.py:186} INFO - Started process (PID=6480) to work on /home/airflow/.local/lib/python3.12/site-packages/airflow/example_dags/example_branch_operator.py
[2025-09-07T00:19:54.997+0000] {processor.py:914} INFO - Processing file /home/airflow/.local/lib/python3.12/site-packages/airflow/example_dags/example_branch_operator.py for tasks to queue
[2025-09-07T00:19:54.999+0000] {logging_mixin.py:190} INFO - [2025-09-07T00:19:54.999+0000] {dagbag.py:588} INFO - Filling up the DagBag from /home/airflow/.local/lib/python3.12/site-packages/airflow/example_dags/example_branch_operator.py
[2025-09-07T00:19:55.031+0000] {processor.py:925} INFO - DAG(s) 'example_branch_operator' retrieved from /home/airflow/.local/lib/python3.12/site-packages/airflow/example_dags/example_branch_operator.py
[2025-09-07T00:19:55.070+0000] {logging_mixin.py:190} INFO - [2025-09-07T00:19:55.070+0000] {dag.py:3239} INFO - Sync 1 DAGs
[2025-09-07T00:19:55.103+0000] {logging_mixin.py:190} INFO - [2025-09-07T00:19:55.103+0000] {dag.py:4180} INFO - Setting next_dagrun for example_branch_operator to 2025-09-06 00:00:00+00:00, run_after=2025-09-07 00:00:00+00:00
[2025-09-07T00:19:55.131+0000] {processor.py:208} INFO - Processing /home/airflow/.local/lib/python3.12/site-packages/airflow/example_dags/example_branch_operator.py took 0.144 seconds
[2025-09-07T00:20:25.712+0000] {processor.py:186} INFO - Started process (PID=6546) to work on /home/airflow/.local/lib/python3.12/site-packages/airflow/example_dags/example_branch_operator.py
[2025-09-07T00:20:25.714+0000] {processor.py:914} INFO - Processing file /home/airflow/.local/lib/python3.12/site-packages/airflow/example_dags/example_branch_operator.py for tasks to queue
[2025-09-07T00:20:25.717+0000] {logging_mixin.py:190} INFO - [2025-09-07T00:20:25.717+0000] {dagbag.py:588} INFO - Filling up the DagBag from /home/airflow/.local/lib/python3.12/site-packages/airflow/example_dags/example_branch_operator.py
[2025-09-07T00:20:25.741+0000] {processor.py:925} INFO - DAG(s) 'example_branch_operator' retrieved from /home/airflow/.local/lib/python3.12/site-packages/airflow/example_dags/example_branch_operator.py
[2025-09-07T00:20:25.779+0000] {logging_mixin.py:190} INFO - [2025-09-07T00:20:25.778+0000] {dag.py:3239} INFO - Sync 1 DAGs
[2025-09-07T00:20:25.817+0000] {logging_mixin.py:190} INFO - [2025-09-07T00:20:25.817+0000] {dag.py:4180} INFO - Setting next_dagrun for example_branch_operator to 2025-09-06 00:00:00+00:00, run_after=2025-09-07 00:00:00+00:00
[2025-09-07T00:20:25.845+0000] {processor.py:208} INFO - Processing /home/airflow/.local/lib/python3.12/site-packages/airflow/example_dags/example_branch_operator.py took 0.138 seconds
