[2025-09-07T00:00:27.935+0000] {processor.py:186} INFO - Started process (PID=3990) to work on /home/airflow/.local/lib/python3.12/site-packages/airflow/example_dags/example_sensors.py
[2025-09-07T00:00:27.936+0000] {processor.py:914} INFO - Processing file /home/airflow/.local/lib/python3.12/site-packages/airflow/example_dags/example_sensors.py for tasks to queue
[2025-09-07T00:00:27.937+0000] {logging_mixin.py:190} INFO - [2025-09-07T00:00:27.937+0000] {dagbag.py:588} INFO - Filling up the DagBag from /home/airflow/.local/lib/python3.12/site-packages/airflow/example_dags/example_sensors.py
[2025-09-07T00:00:27.949+0000] {processor.py:925} INFO - DAG(s) 'example_sensors' retrieved from /home/airflow/.local/lib/python3.12/site-packages/airflow/example_dags/example_sensors.py
[2025-09-07T00:00:27.976+0000] {logging_mixin.py:190} INFO - [2025-09-07T00:00:27.976+0000] {dag.py:3239} INFO - Sync 1 DAGs
[2025-09-07T00:00:27.994+0000] {logging_mixin.py:190} INFO - [2025-09-07T00:00:27.994+0000] {dag.py:4180} INFO - Setting next_dagrun for example_sensors to None, run_after=None
[2025-09-07T00:00:28.019+0000] {processor.py:208} INFO - Processing /home/airflow/.local/lib/python3.12/site-packages/airflow/example_dags/example_sensors.py took 0.089 seconds
[2025-09-07T00:00:58.690+0000] {processor.py:186} INFO - Started process (PID=4056) to work on /home/airflow/.local/lib/python3.12/site-packages/airflow/example_dags/example_sensors.py
[2025-09-07T00:00:58.691+0000] {processor.py:914} INFO - Processing file /home/airflow/.local/lib/python3.12/site-packages/airflow/example_dags/example_sensors.py for tasks to queue
[2025-09-07T00:00:58.693+0000] {logging_mixin.py:190} INFO - [2025-09-07T00:00:58.692+0000] {dagbag.py:588} INFO - Filling up the DagBag from /home/airflow/.local/lib/python3.12/site-packages/airflow/example_dags/example_sensors.py
[2025-09-07T00:00:58.706+0000] {processor.py:925} INFO - DAG(s) 'example_sensors' retrieved from /home/airflow/.local/lib/python3.12/site-packages/airflow/example_dags/example_sensors.py
[2025-09-07T00:00:58.740+0000] {logging_mixin.py:190} INFO - [2025-09-07T00:00:58.740+0000] {dag.py:3239} INFO - Sync 1 DAGs
[2025-09-07T00:00:58.758+0000] {logging_mixin.py:190} INFO - [2025-09-07T00:00:58.758+0000] {dag.py:4180} INFO - Setting next_dagrun for example_sensors to None, run_after=None
[2025-09-07T00:00:58.780+0000] {processor.py:208} INFO - Processing /home/airflow/.local/lib/python3.12/site-packages/airflow/example_dags/example_sensors.py took 0.096 seconds
[2025-09-07T00:01:28.870+0000] {processor.py:186} INFO - Started process (PID=4122) to work on /home/airflow/.local/lib/python3.12/site-packages/airflow/example_dags/example_sensors.py
[2025-09-07T00:01:28.871+0000] {processor.py:914} INFO - Processing file /home/airflow/.local/lib/python3.12/site-packages/airflow/example_dags/example_sensors.py for tasks to queue
[2025-09-07T00:01:28.873+0000] {logging_mixin.py:190} INFO - [2025-09-07T00:01:28.872+0000] {dagbag.py:588} INFO - Filling up the DagBag from /home/airflow/.local/lib/python3.12/site-packages/airflow/example_dags/example_sensors.py
[2025-09-07T00:01:28.891+0000] {processor.py:925} INFO - DAG(s) 'example_sensors' retrieved from /home/airflow/.local/lib/python3.12/site-packages/airflow/example_dags/example_sensors.py
[2025-09-07T00:01:28.919+0000] {logging_mixin.py:190} INFO - [2025-09-07T00:01:28.918+0000] {dag.py:3239} INFO - Sync 1 DAGs
[2025-09-07T00:01:28.940+0000] {logging_mixin.py:190} INFO - [2025-09-07T00:01:28.939+0000] {dag.py:4180} INFO - Setting next_dagrun for example_sensors to None, run_after=None
[2025-09-07T00:01:28.964+0000] {processor.py:208} INFO - Processing /home/airflow/.local/lib/python3.12/site-packages/airflow/example_dags/example_sensors.py took 0.098 seconds
[2025-09-07T00:01:59.718+0000] {processor.py:186} INFO - Started process (PID=4187) to work on /home/airflow/.local/lib/python3.12/site-packages/airflow/example_dags/example_sensors.py
[2025-09-07T00:01:59.720+0000] {processor.py:914} INFO - Processing file /home/airflow/.local/lib/python3.12/site-packages/airflow/example_dags/example_sensors.py for tasks to queue
[2025-09-07T00:01:59.723+0000] {logging_mixin.py:190} INFO - [2025-09-07T00:01:59.722+0000] {dagbag.py:588} INFO - Filling up the DagBag from /home/airflow/.local/lib/python3.12/site-packages/airflow/example_dags/example_sensors.py
[2025-09-07T00:01:59.741+0000] {processor.py:925} INFO - DAG(s) 'example_sensors' retrieved from /home/airflow/.local/lib/python3.12/site-packages/airflow/example_dags/example_sensors.py
[2025-09-07T00:01:59.773+0000] {logging_mixin.py:190} INFO - [2025-09-07T00:01:59.773+0000] {dag.py:3239} INFO - Sync 1 DAGs
[2025-09-07T00:01:59.788+0000] {logging_mixin.py:190} INFO - [2025-09-07T00:01:59.788+0000] {dag.py:4180} INFO - Setting next_dagrun for example_sensors to None, run_after=None
[2025-09-07T00:01:59.812+0000] {processor.py:208} INFO - Processing /home/airflow/.local/lib/python3.12/site-packages/airflow/example_dags/example_sensors.py took 0.099 seconds
[2025-09-07T00:02:30.606+0000] {processor.py:186} INFO - Started process (PID=4253) to work on /home/airflow/.local/lib/python3.12/site-packages/airflow/example_dags/example_sensors.py
[2025-09-07T00:02:30.607+0000] {processor.py:914} INFO - Processing file /home/airflow/.local/lib/python3.12/site-packages/airflow/example_dags/example_sensors.py for tasks to queue
[2025-09-07T00:02:30.609+0000] {logging_mixin.py:190} INFO - [2025-09-07T00:02:30.609+0000] {dagbag.py:588} INFO - Filling up the DagBag from /home/airflow/.local/lib/python3.12/site-packages/airflow/example_dags/example_sensors.py
[2025-09-07T00:02:30.629+0000] {processor.py:925} INFO - DAG(s) 'example_sensors' retrieved from /home/airflow/.local/lib/python3.12/site-packages/airflow/example_dags/example_sensors.py
[2025-09-07T00:02:30.657+0000] {logging_mixin.py:190} INFO - [2025-09-07T00:02:30.657+0000] {dag.py:3239} INFO - Sync 1 DAGs
[2025-09-07T00:02:30.678+0000] {logging_mixin.py:190} INFO - [2025-09-07T00:02:30.677+0000] {dag.py:4180} INFO - Setting next_dagrun for example_sensors to None, run_after=None
[2025-09-07T00:02:30.701+0000] {processor.py:208} INFO - Processing /home/airflow/.local/lib/python3.12/site-packages/airflow/example_dags/example_sensors.py took 0.100 seconds
[2025-09-07T00:03:01.535+0000] {processor.py:186} INFO - Started process (PID=4319) to work on /home/airflow/.local/lib/python3.12/site-packages/airflow/example_dags/example_sensors.py
[2025-09-07T00:03:01.536+0000] {processor.py:914} INFO - Processing file /home/airflow/.local/lib/python3.12/site-packages/airflow/example_dags/example_sensors.py for tasks to queue
[2025-09-07T00:03:01.539+0000] {logging_mixin.py:190} INFO - [2025-09-07T00:03:01.538+0000] {dagbag.py:588} INFO - Filling up the DagBag from /home/airflow/.local/lib/python3.12/site-packages/airflow/example_dags/example_sensors.py
[2025-09-07T00:03:01.553+0000] {processor.py:925} INFO - DAG(s) 'example_sensors' retrieved from /home/airflow/.local/lib/python3.12/site-packages/airflow/example_dags/example_sensors.py
[2025-09-07T00:03:01.589+0000] {logging_mixin.py:190} INFO - [2025-09-07T00:03:01.588+0000] {dag.py:3239} INFO - Sync 1 DAGs
[2025-09-07T00:03:01.608+0000] {logging_mixin.py:190} INFO - [2025-09-07T00:03:01.607+0000] {dag.py:4180} INFO - Setting next_dagrun for example_sensors to None, run_after=None
[2025-09-07T00:03:01.633+0000] {processor.py:208} INFO - Processing /home/airflow/.local/lib/python3.12/site-packages/airflow/example_dags/example_sensors.py took 0.104 seconds
[2025-09-07T00:03:32.303+0000] {processor.py:186} INFO - Started process (PID=4385) to work on /home/airflow/.local/lib/python3.12/site-packages/airflow/example_dags/example_sensors.py
[2025-09-07T00:03:32.307+0000] {processor.py:914} INFO - Processing file /home/airflow/.local/lib/python3.12/site-packages/airflow/example_dags/example_sensors.py for tasks to queue
[2025-09-07T00:03:32.310+0000] {logging_mixin.py:190} INFO - [2025-09-07T00:03:32.309+0000] {dagbag.py:588} INFO - Filling up the DagBag from /home/airflow/.local/lib/python3.12/site-packages/airflow/example_dags/example_sensors.py
[2025-09-07T00:03:32.327+0000] {processor.py:925} INFO - DAG(s) 'example_sensors' retrieved from /home/airflow/.local/lib/python3.12/site-packages/airflow/example_dags/example_sensors.py
[2025-09-07T00:03:32.359+0000] {logging_mixin.py:190} INFO - [2025-09-07T00:03:32.359+0000] {dag.py:3239} INFO - Sync 1 DAGs
[2025-09-07T00:03:32.380+0000] {logging_mixin.py:190} INFO - [2025-09-07T00:03:32.379+0000] {dag.py:4180} INFO - Setting next_dagrun for example_sensors to None, run_after=None
[2025-09-07T00:03:32.405+0000] {processor.py:208} INFO - Processing /home/airflow/.local/lib/python3.12/site-packages/airflow/example_dags/example_sensors.py took 0.110 seconds
[2025-09-07T00:04:02.662+0000] {processor.py:186} INFO - Started process (PID=4451) to work on /home/airflow/.local/lib/python3.12/site-packages/airflow/example_dags/example_sensors.py
[2025-09-07T00:04:02.664+0000] {processor.py:914} INFO - Processing file /home/airflow/.local/lib/python3.12/site-packages/airflow/example_dags/example_sensors.py for tasks to queue
[2025-09-07T00:04:02.667+0000] {logging_mixin.py:190} INFO - [2025-09-07T00:04:02.666+0000] {dagbag.py:588} INFO - Filling up the DagBag from /home/airflow/.local/lib/python3.12/site-packages/airflow/example_dags/example_sensors.py
[2025-09-07T00:04:02.682+0000] {processor.py:925} INFO - DAG(s) 'example_sensors' retrieved from /home/airflow/.local/lib/python3.12/site-packages/airflow/example_dags/example_sensors.py
[2025-09-07T00:04:02.706+0000] {logging_mixin.py:190} INFO - [2025-09-07T00:04:02.706+0000] {dag.py:3239} INFO - Sync 1 DAGs
[2025-09-07T00:04:02.725+0000] {logging_mixin.py:190} INFO - [2025-09-07T00:04:02.725+0000] {dag.py:4180} INFO - Setting next_dagrun for example_sensors to None, run_after=None
[2025-09-07T00:04:02.748+0000] {processor.py:208} INFO - Processing /home/airflow/.local/lib/python3.12/site-packages/airflow/example_dags/example_sensors.py took 0.094 seconds
[2025-09-07T00:04:33.623+0000] {processor.py:186} INFO - Started process (PID=4517) to work on /home/airflow/.local/lib/python3.12/site-packages/airflow/example_dags/example_sensors.py
[2025-09-07T00:04:33.625+0000] {processor.py:914} INFO - Processing file /home/airflow/.local/lib/python3.12/site-packages/airflow/example_dags/example_sensors.py for tasks to queue
[2025-09-07T00:04:33.628+0000] {logging_mixin.py:190} INFO - [2025-09-07T00:04:33.627+0000] {dagbag.py:588} INFO - Filling up the DagBag from /home/airflow/.local/lib/python3.12/site-packages/airflow/example_dags/example_sensors.py
[2025-09-07T00:04:33.655+0000] {processor.py:925} INFO - DAG(s) 'example_sensors' retrieved from /home/airflow/.local/lib/python3.12/site-packages/airflow/example_dags/example_sensors.py
[2025-09-07T00:04:33.718+0000] {logging_mixin.py:190} INFO - [2025-09-07T00:04:33.718+0000] {dag.py:3239} INFO - Sync 1 DAGs
[2025-09-07T00:04:33.749+0000] {logging_mixin.py:190} INFO - [2025-09-07T00:04:33.748+0000] {dag.py:4180} INFO - Setting next_dagrun for example_sensors to None, run_after=None
[2025-09-07T00:04:33.792+0000] {processor.py:208} INFO - Processing /home/airflow/.local/lib/python3.12/site-packages/airflow/example_dags/example_sensors.py took 0.182 seconds
[2025-09-07T00:05:04.299+0000] {processor.py:186} INFO - Started process (PID=4583) to work on /home/airflow/.local/lib/python3.12/site-packages/airflow/example_dags/example_sensors.py
[2025-09-07T00:05:04.300+0000] {processor.py:914} INFO - Processing file /home/airflow/.local/lib/python3.12/site-packages/airflow/example_dags/example_sensors.py for tasks to queue
[2025-09-07T00:05:04.302+0000] {logging_mixin.py:190} INFO - [2025-09-07T00:05:04.301+0000] {dagbag.py:588} INFO - Filling up the DagBag from /home/airflow/.local/lib/python3.12/site-packages/airflow/example_dags/example_sensors.py
[2025-09-07T00:05:04.312+0000] {processor.py:925} INFO - DAG(s) 'example_sensors' retrieved from /home/airflow/.local/lib/python3.12/site-packages/airflow/example_dags/example_sensors.py
[2025-09-07T00:05:04.347+0000] {logging_mixin.py:190} INFO - [2025-09-07T00:05:04.347+0000] {dag.py:3239} INFO - Sync 1 DAGs
[2025-09-07T00:05:04.365+0000] {logging_mixin.py:190} INFO - [2025-09-07T00:05:04.364+0000] {dag.py:4180} INFO - Setting next_dagrun for example_sensors to None, run_after=None
[2025-09-07T00:05:04.386+0000] {processor.py:208} INFO - Processing /home/airflow/.local/lib/python3.12/site-packages/airflow/example_dags/example_sensors.py took 0.097 seconds
[2025-09-07T00:05:35.300+0000] {processor.py:186} INFO - Started process (PID=4649) to work on /home/airflow/.local/lib/python3.12/site-packages/airflow/example_dags/example_sensors.py
[2025-09-07T00:05:35.301+0000] {processor.py:914} INFO - Processing file /home/airflow/.local/lib/python3.12/site-packages/airflow/example_dags/example_sensors.py for tasks to queue
[2025-09-07T00:05:35.304+0000] {logging_mixin.py:190} INFO - [2025-09-07T00:05:35.303+0000] {dagbag.py:588} INFO - Filling up the DagBag from /home/airflow/.local/lib/python3.12/site-packages/airflow/example_dags/example_sensors.py
[2025-09-07T00:05:35.325+0000] {processor.py:925} INFO - DAG(s) 'example_sensors' retrieved from /home/airflow/.local/lib/python3.12/site-packages/airflow/example_dags/example_sensors.py
[2025-09-07T00:05:35.360+0000] {logging_mixin.py:190} INFO - [2025-09-07T00:05:35.359+0000] {dag.py:3239} INFO - Sync 1 DAGs
[2025-09-07T00:05:35.380+0000] {logging_mixin.py:190} INFO - [2025-09-07T00:05:35.380+0000] {dag.py:4180} INFO - Setting next_dagrun for example_sensors to None, run_after=None
[2025-09-07T00:05:35.405+0000] {processor.py:208} INFO - Processing /home/airflow/.local/lib/python3.12/site-packages/airflow/example_dags/example_sensors.py took 0.109 seconds
[2025-09-07T00:06:06.241+0000] {processor.py:186} INFO - Started process (PID=4715) to work on /home/airflow/.local/lib/python3.12/site-packages/airflow/example_dags/example_sensors.py
[2025-09-07T00:06:06.242+0000] {processor.py:914} INFO - Processing file /home/airflow/.local/lib/python3.12/site-packages/airflow/example_dags/example_sensors.py for tasks to queue
[2025-09-07T00:06:06.245+0000] {logging_mixin.py:190} INFO - [2025-09-07T00:06:06.244+0000] {dagbag.py:588} INFO - Filling up the DagBag from /home/airflow/.local/lib/python3.12/site-packages/airflow/example_dags/example_sensors.py
[2025-09-07T00:06:06.261+0000] {processor.py:925} INFO - DAG(s) 'example_sensors' retrieved from /home/airflow/.local/lib/python3.12/site-packages/airflow/example_dags/example_sensors.py
[2025-09-07T00:06:06.292+0000] {logging_mixin.py:190} INFO - [2025-09-07T00:06:06.292+0000] {dag.py:3239} INFO - Sync 1 DAGs
[2025-09-07T00:06:06.313+0000] {logging_mixin.py:190} INFO - [2025-09-07T00:06:06.313+0000] {dag.py:4180} INFO - Setting next_dagrun for example_sensors to None, run_after=None
[2025-09-07T00:06:06.342+0000] {processor.py:208} INFO - Processing /home/airflow/.local/lib/python3.12/site-packages/airflow/example_dags/example_sensors.py took 0.106 seconds
[2025-09-07T00:06:36.753+0000] {processor.py:186} INFO - Started process (PID=4781) to work on /home/airflow/.local/lib/python3.12/site-packages/airflow/example_dags/example_sensors.py
[2025-09-07T00:06:36.754+0000] {processor.py:914} INFO - Processing file /home/airflow/.local/lib/python3.12/site-packages/airflow/example_dags/example_sensors.py for tasks to queue
[2025-09-07T00:06:36.756+0000] {logging_mixin.py:190} INFO - [2025-09-07T00:06:36.756+0000] {dagbag.py:588} INFO - Filling up the DagBag from /home/airflow/.local/lib/python3.12/site-packages/airflow/example_dags/example_sensors.py
[2025-09-07T00:06:36.769+0000] {processor.py:925} INFO - DAG(s) 'example_sensors' retrieved from /home/airflow/.local/lib/python3.12/site-packages/airflow/example_dags/example_sensors.py
[2025-09-07T00:06:36.794+0000] {logging_mixin.py:190} INFO - [2025-09-07T00:06:36.793+0000] {dag.py:3239} INFO - Sync 1 DAGs
[2025-09-07T00:06:36.807+0000] {logging_mixin.py:190} INFO - [2025-09-07T00:06:36.806+0000] {dag.py:4180} INFO - Setting next_dagrun for example_sensors to None, run_after=None
[2025-09-07T00:06:36.829+0000] {processor.py:208} INFO - Processing /home/airflow/.local/lib/python3.12/site-packages/airflow/example_dags/example_sensors.py took 0.083 seconds
[2025-09-07T00:07:07.125+0000] {processor.py:186} INFO - Started process (PID=4847) to work on /home/airflow/.local/lib/python3.12/site-packages/airflow/example_dags/example_sensors.py
[2025-09-07T00:07:07.126+0000] {processor.py:914} INFO - Processing file /home/airflow/.local/lib/python3.12/site-packages/airflow/example_dags/example_sensors.py for tasks to queue
[2025-09-07T00:07:07.129+0000] {logging_mixin.py:190} INFO - [2025-09-07T00:07:07.128+0000] {dagbag.py:588} INFO - Filling up the DagBag from /home/airflow/.local/lib/python3.12/site-packages/airflow/example_dags/example_sensors.py
[2025-09-07T00:07:07.150+0000] {processor.py:925} INFO - DAG(s) 'example_sensors' retrieved from /home/airflow/.local/lib/python3.12/site-packages/airflow/example_dags/example_sensors.py
[2025-09-07T00:07:07.186+0000] {logging_mixin.py:190} INFO - [2025-09-07T00:07:07.185+0000] {dag.py:3239} INFO - Sync 1 DAGs
[2025-09-07T00:07:07.207+0000] {logging_mixin.py:190} INFO - [2025-09-07T00:07:07.207+0000] {dag.py:4180} INFO - Setting next_dagrun for example_sensors to None, run_after=None
[2025-09-07T00:07:07.237+0000] {processor.py:208} INFO - Processing /home/airflow/.local/lib/python3.12/site-packages/airflow/example_dags/example_sensors.py took 0.121 seconds
[2025-09-07T00:07:37.796+0000] {processor.py:186} INFO - Started process (PID=4912) to work on /home/airflow/.local/lib/python3.12/site-packages/airflow/example_dags/example_sensors.py
[2025-09-07T00:07:37.797+0000] {processor.py:914} INFO - Processing file /home/airflow/.local/lib/python3.12/site-packages/airflow/example_dags/example_sensors.py for tasks to queue
[2025-09-07T00:07:37.800+0000] {logging_mixin.py:190} INFO - [2025-09-07T00:07:37.799+0000] {dagbag.py:588} INFO - Filling up the DagBag from /home/airflow/.local/lib/python3.12/site-packages/airflow/example_dags/example_sensors.py
[2025-09-07T00:07:37.818+0000] {processor.py:925} INFO - DAG(s) 'example_sensors' retrieved from /home/airflow/.local/lib/python3.12/site-packages/airflow/example_dags/example_sensors.py
[2025-09-07T00:07:37.860+0000] {logging_mixin.py:190} INFO - [2025-09-07T00:07:37.860+0000] {dag.py:3239} INFO - Sync 1 DAGs
[2025-09-07T00:07:37.881+0000] {logging_mixin.py:190} INFO - [2025-09-07T00:07:37.881+0000] {dag.py:4180} INFO - Setting next_dagrun for example_sensors to None, run_after=None
[2025-09-07T00:07:37.914+0000] {processor.py:208} INFO - Processing /home/airflow/.local/lib/python3.12/site-packages/airflow/example_dags/example_sensors.py took 0.127 seconds
[2025-09-07T00:08:08.503+0000] {processor.py:186} INFO - Started process (PID=4971) to work on /home/airflow/.local/lib/python3.12/site-packages/airflow/example_dags/example_sensors.py
[2025-09-07T00:08:08.504+0000] {processor.py:914} INFO - Processing file /home/airflow/.local/lib/python3.12/site-packages/airflow/example_dags/example_sensors.py for tasks to queue
[2025-09-07T00:08:08.507+0000] {logging_mixin.py:190} INFO - [2025-09-07T00:08:08.506+0000] {dagbag.py:588} INFO - Filling up the DagBag from /home/airflow/.local/lib/python3.12/site-packages/airflow/example_dags/example_sensors.py
[2025-09-07T00:08:08.518+0000] {processor.py:925} INFO - DAG(s) 'example_sensors' retrieved from /home/airflow/.local/lib/python3.12/site-packages/airflow/example_dags/example_sensors.py
[2025-09-07T00:08:08.560+0000] {logging_mixin.py:190} INFO - [2025-09-07T00:08:08.560+0000] {dag.py:3239} INFO - Sync 1 DAGs
[2025-09-07T00:08:08.580+0000] {logging_mixin.py:190} INFO - [2025-09-07T00:08:08.580+0000] {dag.py:4180} INFO - Setting next_dagrun for example_sensors to None, run_after=None
[2025-09-07T00:08:08.600+0000] {processor.py:208} INFO - Processing /home/airflow/.local/lib/python3.12/site-packages/airflow/example_dags/example_sensors.py took 0.102 seconds
[2025-09-07T00:08:38.788+0000] {processor.py:186} INFO - Started process (PID=5037) to work on /home/airflow/.local/lib/python3.12/site-packages/airflow/example_dags/example_sensors.py
[2025-09-07T00:08:38.789+0000] {processor.py:914} INFO - Processing file /home/airflow/.local/lib/python3.12/site-packages/airflow/example_dags/example_sensors.py for tasks to queue
[2025-09-07T00:08:38.792+0000] {logging_mixin.py:190} INFO - [2025-09-07T00:08:38.792+0000] {dagbag.py:588} INFO - Filling up the DagBag from /home/airflow/.local/lib/python3.12/site-packages/airflow/example_dags/example_sensors.py
[2025-09-07T00:08:38.808+0000] {processor.py:925} INFO - DAG(s) 'example_sensors' retrieved from /home/airflow/.local/lib/python3.12/site-packages/airflow/example_dags/example_sensors.py
[2025-09-07T00:08:38.847+0000] {logging_mixin.py:190} INFO - [2025-09-07T00:08:38.847+0000] {dag.py:3239} INFO - Sync 1 DAGs
[2025-09-07T00:08:38.869+0000] {logging_mixin.py:190} INFO - [2025-09-07T00:08:38.869+0000] {dag.py:4180} INFO - Setting next_dagrun for example_sensors to None, run_after=None
[2025-09-07T00:08:38.895+0000] {processor.py:208} INFO - Processing /home/airflow/.local/lib/python3.12/site-packages/airflow/example_dags/example_sensors.py took 0.116 seconds
[2025-09-07T00:09:09.280+0000] {processor.py:186} INFO - Started process (PID=5102) to work on /home/airflow/.local/lib/python3.12/site-packages/airflow/example_dags/example_sensors.py
[2025-09-07T00:09:09.281+0000] {processor.py:914} INFO - Processing file /home/airflow/.local/lib/python3.12/site-packages/airflow/example_dags/example_sensors.py for tasks to queue
[2025-09-07T00:09:09.284+0000] {logging_mixin.py:190} INFO - [2025-09-07T00:09:09.283+0000] {dagbag.py:588} INFO - Filling up the DagBag from /home/airflow/.local/lib/python3.12/site-packages/airflow/example_dags/example_sensors.py
[2025-09-07T00:09:09.302+0000] {processor.py:925} INFO - DAG(s) 'example_sensors' retrieved from /home/airflow/.local/lib/python3.12/site-packages/airflow/example_dags/example_sensors.py
[2025-09-07T00:09:09.335+0000] {logging_mixin.py:190} INFO - [2025-09-07T00:09:09.335+0000] {dag.py:3239} INFO - Sync 1 DAGs
[2025-09-07T00:09:09.352+0000] {logging_mixin.py:190} INFO - [2025-09-07T00:09:09.351+0000] {dag.py:4180} INFO - Setting next_dagrun for example_sensors to None, run_after=None
[2025-09-07T00:09:09.381+0000] {processor.py:208} INFO - Processing /home/airflow/.local/lib/python3.12/site-packages/airflow/example_dags/example_sensors.py took 0.110 seconds
[2025-09-07T00:09:39.885+0000] {processor.py:186} INFO - Started process (PID=5164) to work on /home/airflow/.local/lib/python3.12/site-packages/airflow/example_dags/example_sensors.py
[2025-09-07T00:09:39.887+0000] {processor.py:914} INFO - Processing file /home/airflow/.local/lib/python3.12/site-packages/airflow/example_dags/example_sensors.py for tasks to queue
[2025-09-07T00:09:39.890+0000] {logging_mixin.py:190} INFO - [2025-09-07T00:09:39.889+0000] {dagbag.py:588} INFO - Filling up the DagBag from /home/airflow/.local/lib/python3.12/site-packages/airflow/example_dags/example_sensors.py
[2025-09-07T00:09:39.908+0000] {processor.py:925} INFO - DAG(s) 'example_sensors' retrieved from /home/airflow/.local/lib/python3.12/site-packages/airflow/example_dags/example_sensors.py
[2025-09-07T00:09:39.950+0000] {logging_mixin.py:190} INFO - [2025-09-07T00:09:39.949+0000] {dag.py:3239} INFO - Sync 1 DAGs
[2025-09-07T00:09:39.968+0000] {logging_mixin.py:190} INFO - [2025-09-07T00:09:39.968+0000] {dag.py:4180} INFO - Setting next_dagrun for example_sensors to None, run_after=None
[2025-09-07T00:09:40.003+0000] {processor.py:208} INFO - Processing /home/airflow/.local/lib/python3.12/site-packages/airflow/example_dags/example_sensors.py took 0.127 seconds
[2025-09-07T00:10:10.222+0000] {processor.py:186} INFO - Started process (PID=5230) to work on /home/airflow/.local/lib/python3.12/site-packages/airflow/example_dags/example_sensors.py
[2025-09-07T00:10:10.223+0000] {processor.py:914} INFO - Processing file /home/airflow/.local/lib/python3.12/site-packages/airflow/example_dags/example_sensors.py for tasks to queue
[2025-09-07T00:10:10.226+0000] {logging_mixin.py:190} INFO - [2025-09-07T00:10:10.225+0000] {dagbag.py:588} INFO - Filling up the DagBag from /home/airflow/.local/lib/python3.12/site-packages/airflow/example_dags/example_sensors.py
[2025-09-07T00:10:10.238+0000] {processor.py:925} INFO - DAG(s) 'example_sensors' retrieved from /home/airflow/.local/lib/python3.12/site-packages/airflow/example_dags/example_sensors.py
[2025-09-07T00:10:10.262+0000] {logging_mixin.py:190} INFO - [2025-09-07T00:10:10.262+0000] {dag.py:3239} INFO - Sync 1 DAGs
[2025-09-07T00:10:10.276+0000] {logging_mixin.py:190} INFO - [2025-09-07T00:10:10.276+0000] {dag.py:4180} INFO - Setting next_dagrun for example_sensors to None, run_after=None
[2025-09-07T00:10:10.303+0000] {processor.py:208} INFO - Processing /home/airflow/.local/lib/python3.12/site-packages/airflow/example_dags/example_sensors.py took 0.089 seconds
[2025-09-07T00:10:40.911+0000] {processor.py:186} INFO - Started process (PID=5296) to work on /home/airflow/.local/lib/python3.12/site-packages/airflow/example_dags/example_sensors.py
[2025-09-07T00:10:40.912+0000] {processor.py:914} INFO - Processing file /home/airflow/.local/lib/python3.12/site-packages/airflow/example_dags/example_sensors.py for tasks to queue
[2025-09-07T00:10:40.915+0000] {logging_mixin.py:190} INFO - [2025-09-07T00:10:40.914+0000] {dagbag.py:588} INFO - Filling up the DagBag from /home/airflow/.local/lib/python3.12/site-packages/airflow/example_dags/example_sensors.py
[2025-09-07T00:10:40.930+0000] {processor.py:925} INFO - DAG(s) 'example_sensors' retrieved from /home/airflow/.local/lib/python3.12/site-packages/airflow/example_dags/example_sensors.py
[2025-09-07T00:10:40.960+0000] {logging_mixin.py:190} INFO - [2025-09-07T00:10:40.960+0000] {dag.py:3239} INFO - Sync 1 DAGs
[2025-09-07T00:10:40.975+0000] {logging_mixin.py:190} INFO - [2025-09-07T00:10:40.974+0000] {dag.py:4180} INFO - Setting next_dagrun for example_sensors to None, run_after=None
[2025-09-07T00:10:41.003+0000] {processor.py:208} INFO - Processing /home/airflow/.local/lib/python3.12/site-packages/airflow/example_dags/example_sensors.py took 0.096 seconds
[2025-09-07T00:11:11.201+0000] {processor.py:186} INFO - Started process (PID=5362) to work on /home/airflow/.local/lib/python3.12/site-packages/airflow/example_dags/example_sensors.py
[2025-09-07T00:11:11.203+0000] {processor.py:914} INFO - Processing file /home/airflow/.local/lib/python3.12/site-packages/airflow/example_dags/example_sensors.py for tasks to queue
[2025-09-07T00:11:11.205+0000] {logging_mixin.py:190} INFO - [2025-09-07T00:11:11.205+0000] {dagbag.py:588} INFO - Filling up the DagBag from /home/airflow/.local/lib/python3.12/site-packages/airflow/example_dags/example_sensors.py
[2025-09-07T00:11:11.223+0000] {processor.py:925} INFO - DAG(s) 'example_sensors' retrieved from /home/airflow/.local/lib/python3.12/site-packages/airflow/example_dags/example_sensors.py
[2025-09-07T00:11:11.252+0000] {logging_mixin.py:190} INFO - [2025-09-07T00:11:11.252+0000] {dag.py:3239} INFO - Sync 1 DAGs
[2025-09-07T00:11:11.271+0000] {logging_mixin.py:190} INFO - [2025-09-07T00:11:11.270+0000] {dag.py:4180} INFO - Setting next_dagrun for example_sensors to None, run_after=None
[2025-09-07T00:11:11.293+0000] {processor.py:208} INFO - Processing /home/airflow/.local/lib/python3.12/site-packages/airflow/example_dags/example_sensors.py took 0.100 seconds
[2025-09-07T00:11:41.887+0000] {processor.py:186} INFO - Started process (PID=5428) to work on /home/airflow/.local/lib/python3.12/site-packages/airflow/example_dags/example_sensors.py
[2025-09-07T00:11:41.889+0000] {processor.py:914} INFO - Processing file /home/airflow/.local/lib/python3.12/site-packages/airflow/example_dags/example_sensors.py for tasks to queue
[2025-09-07T00:11:41.891+0000] {logging_mixin.py:190} INFO - [2025-09-07T00:11:41.890+0000] {dagbag.py:588} INFO - Filling up the DagBag from /home/airflow/.local/lib/python3.12/site-packages/airflow/example_dags/example_sensors.py
[2025-09-07T00:11:41.906+0000] {processor.py:925} INFO - DAG(s) 'example_sensors' retrieved from /home/airflow/.local/lib/python3.12/site-packages/airflow/example_dags/example_sensors.py
[2025-09-07T00:11:41.937+0000] {logging_mixin.py:190} INFO - [2025-09-07T00:11:41.937+0000] {dag.py:3239} INFO - Sync 1 DAGs
[2025-09-07T00:11:41.959+0000] {logging_mixin.py:190} INFO - [2025-09-07T00:11:41.959+0000] {dag.py:4180} INFO - Setting next_dagrun for example_sensors to None, run_after=None
[2025-09-07T00:11:41.986+0000] {processor.py:208} INFO - Processing /home/airflow/.local/lib/python3.12/site-packages/airflow/example_dags/example_sensors.py took 0.104 seconds
[2025-09-07T00:12:12.055+0000] {processor.py:186} INFO - Started process (PID=5494) to work on /home/airflow/.local/lib/python3.12/site-packages/airflow/example_dags/example_sensors.py
[2025-09-07T00:12:12.057+0000] {processor.py:914} INFO - Processing file /home/airflow/.local/lib/python3.12/site-packages/airflow/example_dags/example_sensors.py for tasks to queue
[2025-09-07T00:12:12.061+0000] {logging_mixin.py:190} INFO - [2025-09-07T00:12:12.060+0000] {dagbag.py:588} INFO - Filling up the DagBag from /home/airflow/.local/lib/python3.12/site-packages/airflow/example_dags/example_sensors.py
[2025-09-07T00:12:12.080+0000] {processor.py:925} INFO - DAG(s) 'example_sensors' retrieved from /home/airflow/.local/lib/python3.12/site-packages/airflow/example_dags/example_sensors.py
[2025-09-07T00:12:12.120+0000] {logging_mixin.py:190} INFO - [2025-09-07T00:12:12.120+0000] {dag.py:3239} INFO - Sync 1 DAGs
[2025-09-07T00:12:12.137+0000] {logging_mixin.py:190} INFO - [2025-09-07T00:12:12.136+0000] {dag.py:4180} INFO - Setting next_dagrun for example_sensors to None, run_after=None
[2025-09-07T00:12:12.163+0000] {processor.py:208} INFO - Processing /home/airflow/.local/lib/python3.12/site-packages/airflow/example_dags/example_sensors.py took 0.113 seconds
[2025-09-07T00:12:42.310+0000] {processor.py:186} INFO - Started process (PID=5559) to work on /home/airflow/.local/lib/python3.12/site-packages/airflow/example_dags/example_sensors.py
[2025-09-07T00:12:42.313+0000] {processor.py:914} INFO - Processing file /home/airflow/.local/lib/python3.12/site-packages/airflow/example_dags/example_sensors.py for tasks to queue
[2025-09-07T00:12:42.314+0000] {logging_mixin.py:190} INFO - [2025-09-07T00:12:42.314+0000] {dagbag.py:588} INFO - Filling up the DagBag from /home/airflow/.local/lib/python3.12/site-packages/airflow/example_dags/example_sensors.py
[2025-09-07T00:12:42.334+0000] {processor.py:925} INFO - DAG(s) 'example_sensors' retrieved from /home/airflow/.local/lib/python3.12/site-packages/airflow/example_dags/example_sensors.py
[2025-09-07T00:12:42.369+0000] {logging_mixin.py:190} INFO - [2025-09-07T00:12:42.369+0000] {dag.py:3239} INFO - Sync 1 DAGs
[2025-09-07T00:12:42.389+0000] {logging_mixin.py:190} INFO - [2025-09-07T00:12:42.388+0000] {dag.py:4180} INFO - Setting next_dagrun for example_sensors to None, run_after=None
[2025-09-07T00:12:42.413+0000] {processor.py:208} INFO - Processing /home/airflow/.local/lib/python3.12/site-packages/airflow/example_dags/example_sensors.py took 0.109 seconds
[2025-09-07T00:13:12.448+0000] {processor.py:186} INFO - Started process (PID=5625) to work on /home/airflow/.local/lib/python3.12/site-packages/airflow/example_dags/example_sensors.py
[2025-09-07T00:13:12.449+0000] {processor.py:914} INFO - Processing file /home/airflow/.local/lib/python3.12/site-packages/airflow/example_dags/example_sensors.py for tasks to queue
[2025-09-07T00:13:12.453+0000] {logging_mixin.py:190} INFO - [2025-09-07T00:13:12.453+0000] {dagbag.py:588} INFO - Filling up the DagBag from /home/airflow/.local/lib/python3.12/site-packages/airflow/example_dags/example_sensors.py
[2025-09-07T00:13:12.477+0000] {processor.py:925} INFO - DAG(s) 'example_sensors' retrieved from /home/airflow/.local/lib/python3.12/site-packages/airflow/example_dags/example_sensors.py
[2025-09-07T00:13:12.506+0000] {logging_mixin.py:190} INFO - [2025-09-07T00:13:12.506+0000] {dag.py:3239} INFO - Sync 1 DAGs
[2025-09-07T00:13:12.528+0000] {logging_mixin.py:190} INFO - [2025-09-07T00:13:12.528+0000] {dag.py:4180} INFO - Setting next_dagrun for example_sensors to None, run_after=None
[2025-09-07T00:13:12.553+0000] {processor.py:208} INFO - Processing /home/airflow/.local/lib/python3.12/site-packages/airflow/example_dags/example_sensors.py took 0.109 seconds
[2025-09-07T00:13:42.762+0000] {processor.py:186} INFO - Started process (PID=5691) to work on /home/airflow/.local/lib/python3.12/site-packages/airflow/example_dags/example_sensors.py
[2025-09-07T00:13:42.764+0000] {processor.py:914} INFO - Processing file /home/airflow/.local/lib/python3.12/site-packages/airflow/example_dags/example_sensors.py for tasks to queue
[2025-09-07T00:13:42.767+0000] {logging_mixin.py:190} INFO - [2025-09-07T00:13:42.766+0000] {dagbag.py:588} INFO - Filling up the DagBag from /home/airflow/.local/lib/python3.12/site-packages/airflow/example_dags/example_sensors.py
[2025-09-07T00:13:42.782+0000] {processor.py:925} INFO - DAG(s) 'example_sensors' retrieved from /home/airflow/.local/lib/python3.12/site-packages/airflow/example_dags/example_sensors.py
[2025-09-07T00:13:42.992+0000] {logging_mixin.py:190} INFO - [2025-09-07T00:13:42.992+0000] {dag.py:3239} INFO - Sync 1 DAGs
[2025-09-07T00:13:43.008+0000] {logging_mixin.py:190} INFO - [2025-09-07T00:13:43.007+0000] {dag.py:4180} INFO - Setting next_dagrun for example_sensors to None, run_after=None
[2025-09-07T00:13:43.031+0000] {processor.py:208} INFO - Processing /home/airflow/.local/lib/python3.12/site-packages/airflow/example_dags/example_sensors.py took 0.275 seconds
[2025-09-07T00:14:13.641+0000] {processor.py:186} INFO - Started process (PID=5757) to work on /home/airflow/.local/lib/python3.12/site-packages/airflow/example_dags/example_sensors.py
[2025-09-07T00:14:13.643+0000] {processor.py:914} INFO - Processing file /home/airflow/.local/lib/python3.12/site-packages/airflow/example_dags/example_sensors.py for tasks to queue
[2025-09-07T00:14:13.645+0000] {logging_mixin.py:190} INFO - [2025-09-07T00:14:13.644+0000] {dagbag.py:588} INFO - Filling up the DagBag from /home/airflow/.local/lib/python3.12/site-packages/airflow/example_dags/example_sensors.py
[2025-09-07T00:14:13.667+0000] {processor.py:925} INFO - DAG(s) 'example_sensors' retrieved from /home/airflow/.local/lib/python3.12/site-packages/airflow/example_dags/example_sensors.py
[2025-09-07T00:14:13.704+0000] {logging_mixin.py:190} INFO - [2025-09-07T00:14:13.704+0000] {dag.py:3239} INFO - Sync 1 DAGs
[2025-09-07T00:14:13.721+0000] {logging_mixin.py:190} INFO - [2025-09-07T00:14:13.721+0000] {dag.py:4180} INFO - Setting next_dagrun for example_sensors to None, run_after=None
[2025-09-07T00:14:13.944+0000] {processor.py:208} INFO - Processing /home/airflow/.local/lib/python3.12/site-packages/airflow/example_dags/example_sensors.py took 0.312 seconds
[2025-09-07T00:14:44.317+0000] {processor.py:186} INFO - Started process (PID=5826) to work on /home/airflow/.local/lib/python3.12/site-packages/airflow/example_dags/example_sensors.py
[2025-09-07T00:14:44.318+0000] {processor.py:914} INFO - Processing file /home/airflow/.local/lib/python3.12/site-packages/airflow/example_dags/example_sensors.py for tasks to queue
[2025-09-07T00:14:44.320+0000] {logging_mixin.py:190} INFO - [2025-09-07T00:14:44.319+0000] {dagbag.py:588} INFO - Filling up the DagBag from /home/airflow/.local/lib/python3.12/site-packages/airflow/example_dags/example_sensors.py
[2025-09-07T00:14:44.335+0000] {processor.py:925} INFO - DAG(s) 'example_sensors' retrieved from /home/airflow/.local/lib/python3.12/site-packages/airflow/example_dags/example_sensors.py
[2025-09-07T00:14:44.370+0000] {logging_mixin.py:190} INFO - [2025-09-07T00:14:44.369+0000] {dag.py:3239} INFO - Sync 1 DAGs
[2025-09-07T00:14:44.384+0000] {logging_mixin.py:190} INFO - [2025-09-07T00:14:44.384+0000] {dag.py:4180} INFO - Setting next_dagrun for example_sensors to None, run_after=None
[2025-09-07T00:14:44.401+0000] {processor.py:208} INFO - Processing /home/airflow/.local/lib/python3.12/site-packages/airflow/example_dags/example_sensors.py took 0.091 seconds
[2025-09-07T00:15:14.566+0000] {processor.py:186} INFO - Started process (PID=5892) to work on /home/airflow/.local/lib/python3.12/site-packages/airflow/example_dags/example_sensors.py
[2025-09-07T00:15:14.567+0000] {processor.py:914} INFO - Processing file /home/airflow/.local/lib/python3.12/site-packages/airflow/example_dags/example_sensors.py for tasks to queue
[2025-09-07T00:15:14.570+0000] {logging_mixin.py:190} INFO - [2025-09-07T00:15:14.569+0000] {dagbag.py:588} INFO - Filling up the DagBag from /home/airflow/.local/lib/python3.12/site-packages/airflow/example_dags/example_sensors.py
[2025-09-07T00:15:14.588+0000] {processor.py:925} INFO - DAG(s) 'example_sensors' retrieved from /home/airflow/.local/lib/python3.12/site-packages/airflow/example_dags/example_sensors.py
[2025-09-07T00:15:14.610+0000] {logging_mixin.py:190} INFO - [2025-09-07T00:15:14.610+0000] {dag.py:3239} INFO - Sync 1 DAGs
[2025-09-07T00:15:14.627+0000] {logging_mixin.py:190} INFO - [2025-09-07T00:15:14.627+0000] {dag.py:4180} INFO - Setting next_dagrun for example_sensors to None, run_after=None
[2025-09-07T00:15:14.645+0000] {processor.py:208} INFO - Processing /home/airflow/.local/lib/python3.12/site-packages/airflow/example_dags/example_sensors.py took 0.088 seconds
[2025-09-07T00:15:45.028+0000] {processor.py:186} INFO - Started process (PID=5954) to work on /home/airflow/.local/lib/python3.12/site-packages/airflow/example_dags/example_sensors.py
[2025-09-07T00:15:45.031+0000] {processor.py:914} INFO - Processing file /home/airflow/.local/lib/python3.12/site-packages/airflow/example_dags/example_sensors.py for tasks to queue
[2025-09-07T00:15:45.034+0000] {logging_mixin.py:190} INFO - [2025-09-07T00:15:45.033+0000] {dagbag.py:588} INFO - Filling up the DagBag from /home/airflow/.local/lib/python3.12/site-packages/airflow/example_dags/example_sensors.py
[2025-09-07T00:15:45.055+0000] {processor.py:925} INFO - DAG(s) 'example_sensors' retrieved from /home/airflow/.local/lib/python3.12/site-packages/airflow/example_dags/example_sensors.py
[2025-09-07T00:15:45.087+0000] {logging_mixin.py:190} INFO - [2025-09-07T00:15:45.086+0000] {dag.py:3239} INFO - Sync 1 DAGs
[2025-09-07T00:15:45.107+0000] {logging_mixin.py:190} INFO - [2025-09-07T00:15:45.106+0000] {dag.py:4180} INFO - Setting next_dagrun for example_sensors to None, run_after=None
[2025-09-07T00:15:45.128+0000] {processor.py:208} INFO - Processing /home/airflow/.local/lib/python3.12/site-packages/airflow/example_dags/example_sensors.py took 0.109 seconds
[2025-09-07T00:16:15.693+0000] {processor.py:186} INFO - Started process (PID=6013) to work on /home/airflow/.local/lib/python3.12/site-packages/airflow/example_dags/example_sensors.py
[2025-09-07T00:16:15.694+0000] {processor.py:914} INFO - Processing file /home/airflow/.local/lib/python3.12/site-packages/airflow/example_dags/example_sensors.py for tasks to queue
[2025-09-07T00:16:15.696+0000] {logging_mixin.py:190} INFO - [2025-09-07T00:16:15.695+0000] {dagbag.py:588} INFO - Filling up the DagBag from /home/airflow/.local/lib/python3.12/site-packages/airflow/example_dags/example_sensors.py
[2025-09-07T00:16:15.708+0000] {processor.py:925} INFO - DAG(s) 'example_sensors' retrieved from /home/airflow/.local/lib/python3.12/site-packages/airflow/example_dags/example_sensors.py
[2025-09-07T00:16:15.744+0000] {logging_mixin.py:190} INFO - [2025-09-07T00:16:15.743+0000] {dag.py:3239} INFO - Sync 1 DAGs
[2025-09-07T00:16:15.772+0000] {logging_mixin.py:190} INFO - [2025-09-07T00:16:15.771+0000] {dag.py:4180} INFO - Setting next_dagrun for example_sensors to None, run_after=None
[2025-09-07T00:16:15.819+0000] {processor.py:208} INFO - Processing /home/airflow/.local/lib/python3.12/site-packages/airflow/example_dags/example_sensors.py took 0.132 seconds
[2025-09-07T00:16:46.241+0000] {processor.py:186} INFO - Started process (PID=6078) to work on /home/airflow/.local/lib/python3.12/site-packages/airflow/example_dags/example_sensors.py
[2025-09-07T00:16:46.242+0000] {processor.py:914} INFO - Processing file /home/airflow/.local/lib/python3.12/site-packages/airflow/example_dags/example_sensors.py for tasks to queue
[2025-09-07T00:16:46.244+0000] {logging_mixin.py:190} INFO - [2025-09-07T00:16:46.244+0000] {dagbag.py:588} INFO - Filling up the DagBag from /home/airflow/.local/lib/python3.12/site-packages/airflow/example_dags/example_sensors.py
[2025-09-07T00:16:46.262+0000] {processor.py:925} INFO - DAG(s) 'example_sensors' retrieved from /home/airflow/.local/lib/python3.12/site-packages/airflow/example_dags/example_sensors.py
[2025-09-07T00:16:46.290+0000] {logging_mixin.py:190} INFO - [2025-09-07T00:16:46.290+0000] {dag.py:3239} INFO - Sync 1 DAGs
[2025-09-07T00:16:46.304+0000] {logging_mixin.py:190} INFO - [2025-09-07T00:16:46.304+0000] {dag.py:4180} INFO - Setting next_dagrun for example_sensors to None, run_after=None
[2025-09-07T00:16:46.324+0000] {processor.py:208} INFO - Processing /home/airflow/.local/lib/python3.12/site-packages/airflow/example_dags/example_sensors.py took 0.089 seconds
[2025-09-07T00:17:16.956+0000] {processor.py:186} INFO - Started process (PID=6144) to work on /home/airflow/.local/lib/python3.12/site-packages/airflow/example_dags/example_sensors.py
[2025-09-07T00:17:16.957+0000] {processor.py:914} INFO - Processing file /home/airflow/.local/lib/python3.12/site-packages/airflow/example_dags/example_sensors.py for tasks to queue
[2025-09-07T00:17:16.959+0000] {logging_mixin.py:190} INFO - [2025-09-07T00:17:16.959+0000] {dagbag.py:588} INFO - Filling up the DagBag from /home/airflow/.local/lib/python3.12/site-packages/airflow/example_dags/example_sensors.py
[2025-09-07T00:17:16.980+0000] {processor.py:925} INFO - DAG(s) 'example_sensors' retrieved from /home/airflow/.local/lib/python3.12/site-packages/airflow/example_dags/example_sensors.py
[2025-09-07T00:17:17.015+0000] {logging_mixin.py:190} INFO - [2025-09-07T00:17:17.015+0000] {dag.py:3239} INFO - Sync 1 DAGs
[2025-09-07T00:17:17.037+0000] {logging_mixin.py:190} INFO - [2025-09-07T00:17:17.036+0000] {dag.py:4180} INFO - Setting next_dagrun for example_sensors to None, run_after=None
[2025-09-07T00:17:17.060+0000] {processor.py:208} INFO - Processing /home/airflow/.local/lib/python3.12/site-packages/airflow/example_dags/example_sensors.py took 0.111 seconds
[2025-09-07T00:17:47.646+0000] {processor.py:186} INFO - Started process (PID=6210) to work on /home/airflow/.local/lib/python3.12/site-packages/airflow/example_dags/example_sensors.py
[2025-09-07T00:17:47.647+0000] {processor.py:914} INFO - Processing file /home/airflow/.local/lib/python3.12/site-packages/airflow/example_dags/example_sensors.py for tasks to queue
[2025-09-07T00:17:47.649+0000] {logging_mixin.py:190} INFO - [2025-09-07T00:17:47.649+0000] {dagbag.py:588} INFO - Filling up the DagBag from /home/airflow/.local/lib/python3.12/site-packages/airflow/example_dags/example_sensors.py
[2025-09-07T00:17:47.666+0000] {processor.py:925} INFO - DAG(s) 'example_sensors' retrieved from /home/airflow/.local/lib/python3.12/site-packages/airflow/example_dags/example_sensors.py
[2025-09-07T00:17:47.704+0000] {logging_mixin.py:190} INFO - [2025-09-07T00:17:47.703+0000] {dag.py:3239} INFO - Sync 1 DAGs
[2025-09-07T00:17:47.724+0000] {logging_mixin.py:190} INFO - [2025-09-07T00:17:47.723+0000] {dag.py:4180} INFO - Setting next_dagrun for example_sensors to None, run_after=None
[2025-09-07T00:17:47.749+0000] {processor.py:208} INFO - Processing /home/airflow/.local/lib/python3.12/site-packages/airflow/example_dags/example_sensors.py took 0.112 seconds
[2025-09-07T00:18:18.415+0000] {processor.py:186} INFO - Started process (PID=6276) to work on /home/airflow/.local/lib/python3.12/site-packages/airflow/example_dags/example_sensors.py
[2025-09-07T00:18:18.420+0000] {processor.py:914} INFO - Processing file /home/airflow/.local/lib/python3.12/site-packages/airflow/example_dags/example_sensors.py for tasks to queue
[2025-09-07T00:18:18.423+0000] {logging_mixin.py:190} INFO - [2025-09-07T00:18:18.422+0000] {dagbag.py:588} INFO - Filling up the DagBag from /home/airflow/.local/lib/python3.12/site-packages/airflow/example_dags/example_sensors.py
[2025-09-07T00:18:18.439+0000] {processor.py:925} INFO - DAG(s) 'example_sensors' retrieved from /home/airflow/.local/lib/python3.12/site-packages/airflow/example_dags/example_sensors.py
[2025-09-07T00:18:18.481+0000] {logging_mixin.py:190} INFO - [2025-09-07T00:18:18.480+0000] {dag.py:3239} INFO - Sync 1 DAGs
[2025-09-07T00:18:18.495+0000] {logging_mixin.py:190} INFO - [2025-09-07T00:18:18.495+0000] {dag.py:4180} INFO - Setting next_dagrun for example_sensors to None, run_after=None
[2025-09-07T00:18:18.518+0000] {processor.py:208} INFO - Processing /home/airflow/.local/lib/python3.12/site-packages/airflow/example_dags/example_sensors.py took 0.112 seconds
[2025-09-07T00:18:49.178+0000] {processor.py:186} INFO - Started process (PID=6342) to work on /home/airflow/.local/lib/python3.12/site-packages/airflow/example_dags/example_sensors.py
[2025-09-07T00:18:49.180+0000] {processor.py:914} INFO - Processing file /home/airflow/.local/lib/python3.12/site-packages/airflow/example_dags/example_sensors.py for tasks to queue
[2025-09-07T00:18:49.183+0000] {logging_mixin.py:190} INFO - [2025-09-07T00:18:49.182+0000] {dagbag.py:588} INFO - Filling up the DagBag from /home/airflow/.local/lib/python3.12/site-packages/airflow/example_dags/example_sensors.py
[2025-09-07T00:18:49.204+0000] {processor.py:925} INFO - DAG(s) 'example_sensors' retrieved from /home/airflow/.local/lib/python3.12/site-packages/airflow/example_dags/example_sensors.py
[2025-09-07T00:18:49.241+0000] {logging_mixin.py:190} INFO - [2025-09-07T00:18:49.240+0000] {dag.py:3239} INFO - Sync 1 DAGs
[2025-09-07T00:18:49.261+0000] {logging_mixin.py:190} INFO - [2025-09-07T00:18:49.261+0000] {dag.py:4180} INFO - Setting next_dagrun for example_sensors to None, run_after=None
[2025-09-07T00:18:49.283+0000] {processor.py:208} INFO - Processing /home/airflow/.local/lib/python3.12/site-packages/airflow/example_dags/example_sensors.py took 0.110 seconds
[2025-09-07T00:19:19.774+0000] {processor.py:186} INFO - Started process (PID=6407) to work on /home/airflow/.local/lib/python3.12/site-packages/airflow/example_dags/example_sensors.py
[2025-09-07T00:19:19.776+0000] {processor.py:914} INFO - Processing file /home/airflow/.local/lib/python3.12/site-packages/airflow/example_dags/example_sensors.py for tasks to queue
[2025-09-07T00:19:19.778+0000] {logging_mixin.py:190} INFO - [2025-09-07T00:19:19.777+0000] {dagbag.py:588} INFO - Filling up the DagBag from /home/airflow/.local/lib/python3.12/site-packages/airflow/example_dags/example_sensors.py
[2025-09-07T00:19:19.797+0000] {processor.py:925} INFO - DAG(s) 'example_sensors' retrieved from /home/airflow/.local/lib/python3.12/site-packages/airflow/example_dags/example_sensors.py
[2025-09-07T00:19:19.825+0000] {logging_mixin.py:190} INFO - [2025-09-07T00:19:19.824+0000] {dag.py:3239} INFO - Sync 1 DAGs
[2025-09-07T00:19:19.848+0000] {logging_mixin.py:190} INFO - [2025-09-07T00:19:19.847+0000] {dag.py:4180} INFO - Setting next_dagrun for example_sensors to None, run_after=None
[2025-09-07T00:19:19.874+0000] {processor.py:208} INFO - Processing /home/airflow/.local/lib/python3.12/site-packages/airflow/example_dags/example_sensors.py took 0.108 seconds
[2025-09-07T00:19:50.671+0000] {processor.py:186} INFO - Started process (PID=6473) to work on /home/airflow/.local/lib/python3.12/site-packages/airflow/example_dags/example_sensors.py
[2025-09-07T00:19:50.672+0000] {processor.py:914} INFO - Processing file /home/airflow/.local/lib/python3.12/site-packages/airflow/example_dags/example_sensors.py for tasks to queue
[2025-09-07T00:19:50.673+0000] {logging_mixin.py:190} INFO - [2025-09-07T00:19:50.673+0000] {dagbag.py:588} INFO - Filling up the DagBag from /home/airflow/.local/lib/python3.12/site-packages/airflow/example_dags/example_sensors.py
[2025-09-07T00:19:50.685+0000] {processor.py:925} INFO - DAG(s) 'example_sensors' retrieved from /home/airflow/.local/lib/python3.12/site-packages/airflow/example_dags/example_sensors.py
[2025-09-07T00:19:50.714+0000] {logging_mixin.py:190} INFO - [2025-09-07T00:19:50.714+0000] {dag.py:3239} INFO - Sync 1 DAGs
[2025-09-07T00:19:50.734+0000] {logging_mixin.py:190} INFO - [2025-09-07T00:19:50.734+0000] {dag.py:4180} INFO - Setting next_dagrun for example_sensors to None, run_after=None
[2025-09-07T00:19:50.759+0000] {processor.py:208} INFO - Processing /home/airflow/.local/lib/python3.12/site-packages/airflow/example_dags/example_sensors.py took 0.094 seconds
[2025-09-07T00:20:21.381+0000] {processor.py:186} INFO - Started process (PID=6539) to work on /home/airflow/.local/lib/python3.12/site-packages/airflow/example_dags/example_sensors.py
[2025-09-07T00:20:21.383+0000] {processor.py:914} INFO - Processing file /home/airflow/.local/lib/python3.12/site-packages/airflow/example_dags/example_sensors.py for tasks to queue
[2025-09-07T00:20:21.386+0000] {logging_mixin.py:190} INFO - [2025-09-07T00:20:21.385+0000] {dagbag.py:588} INFO - Filling up the DagBag from /home/airflow/.local/lib/python3.12/site-packages/airflow/example_dags/example_sensors.py
[2025-09-07T00:20:21.406+0000] {processor.py:925} INFO - DAG(s) 'example_sensors' retrieved from /home/airflow/.local/lib/python3.12/site-packages/airflow/example_dags/example_sensors.py
[2025-09-07T00:20:21.440+0000] {logging_mixin.py:190} INFO - [2025-09-07T00:20:21.440+0000] {dag.py:3239} INFO - Sync 1 DAGs
[2025-09-07T00:20:21.463+0000] {logging_mixin.py:190} INFO - [2025-09-07T00:20:21.462+0000] {dag.py:4180} INFO - Setting next_dagrun for example_sensors to None, run_after=None
[2025-09-07T00:20:21.488+0000] {processor.py:208} INFO - Processing /home/airflow/.local/lib/python3.12/site-packages/airflow/example_dags/example_sensors.py took 0.114 seconds
