[2025-09-07T00:00:25.330+0000] {processor.py:186} INFO - Started process (PID=3969) to work on /home/airflow/.local/lib/python3.12/site-packages/airflow/example_dags/example_time_delta_sensor_async.py
[2025-09-07T00:00:25.331+0000] {processor.py:914} INFO - Processing file /home/airflow/.local/lib/python3.12/site-packages/airflow/example_dags/example_time_delta_sensor_async.py for tasks to queue
[2025-09-07T00:00:25.334+0000] {logging_mixin.py:190} INFO - [2025-09-07T00:00:25.333+0000] {dagbag.py:588} INFO - Filling up the DagBag from /home/airflow/.local/lib/python3.12/site-packages/airflow/example_dags/example_time_delta_sensor_async.py
[2025-09-07T00:00:25.346+0000] {processor.py:925} INFO - DAG(s) 'example_time_delta_sensor_async' retrieved from /home/airflow/.local/lib/python3.12/site-packages/airflow/example_dags/example_time_delta_sensor_async.py
[2025-09-07T00:00:25.377+0000] {logging_mixin.py:190} INFO - [2025-09-07T00:00:25.376+0000] {dag.py:3239} INFO - Sync 1 DAGs
[2025-09-07T00:00:25.397+0000] {logging_mixin.py:190} INFO - [2025-09-07T00:00:25.396+0000] {dag.py:4180} INFO - Setting next_dagrun for example_time_delta_sensor_async to None, run_after=None
[2025-09-07T00:00:25.419+0000] {processor.py:208} INFO - Processing /home/airflow/.local/lib/python3.12/site-packages/airflow/example_dags/example_time_delta_sensor_async.py took 0.097 seconds
[2025-09-07T00:00:56.047+0000] {processor.py:186} INFO - Started process (PID=4035) to work on /home/airflow/.local/lib/python3.12/site-packages/airflow/example_dags/example_time_delta_sensor_async.py
[2025-09-07T00:00:56.048+0000] {processor.py:914} INFO - Processing file /home/airflow/.local/lib/python3.12/site-packages/airflow/example_dags/example_time_delta_sensor_async.py for tasks to queue
[2025-09-07T00:00:56.051+0000] {logging_mixin.py:190} INFO - [2025-09-07T00:00:56.050+0000] {dagbag.py:588} INFO - Filling up the DagBag from /home/airflow/.local/lib/python3.12/site-packages/airflow/example_dags/example_time_delta_sensor_async.py
[2025-09-07T00:00:56.062+0000] {processor.py:925} INFO - DAG(s) 'example_time_delta_sensor_async' retrieved from /home/airflow/.local/lib/python3.12/site-packages/airflow/example_dags/example_time_delta_sensor_async.py
[2025-09-07T00:00:56.086+0000] {logging_mixin.py:190} INFO - [2025-09-07T00:00:56.085+0000] {dag.py:3239} INFO - Sync 1 DAGs
[2025-09-07T00:00:56.106+0000] {logging_mixin.py:190} INFO - [2025-09-07T00:00:56.106+0000] {dag.py:4180} INFO - Setting next_dagrun for example_time_delta_sensor_async to None, run_after=None
[2025-09-07T00:00:56.135+0000] {processor.py:208} INFO - Processing /home/airflow/.local/lib/python3.12/site-packages/airflow/example_dags/example_time_delta_sensor_async.py took 0.093 seconds
[2025-09-07T00:01:26.230+0000] {processor.py:186} INFO - Started process (PID=4101) to work on /home/airflow/.local/lib/python3.12/site-packages/airflow/example_dags/example_time_delta_sensor_async.py
[2025-09-07T00:01:26.231+0000] {processor.py:914} INFO - Processing file /home/airflow/.local/lib/python3.12/site-packages/airflow/example_dags/example_time_delta_sensor_async.py for tasks to queue
[2025-09-07T00:01:26.232+0000] {logging_mixin.py:190} INFO - [2025-09-07T00:01:26.232+0000] {dagbag.py:588} INFO - Filling up the DagBag from /home/airflow/.local/lib/python3.12/site-packages/airflow/example_dags/example_time_delta_sensor_async.py
[2025-09-07T00:01:26.238+0000] {processor.py:925} INFO - DAG(s) 'example_time_delta_sensor_async' retrieved from /home/airflow/.local/lib/python3.12/site-packages/airflow/example_dags/example_time_delta_sensor_async.py
[2025-09-07T00:01:26.262+0000] {logging_mixin.py:190} INFO - [2025-09-07T00:01:26.262+0000] {dag.py:3239} INFO - Sync 1 DAGs
[2025-09-07T00:01:26.279+0000] {logging_mixin.py:190} INFO - [2025-09-07T00:01:26.279+0000] {dag.py:4180} INFO - Setting next_dagrun for example_time_delta_sensor_async to None, run_after=None
[2025-09-07T00:01:26.301+0000] {processor.py:208} INFO - Processing /home/airflow/.local/lib/python3.12/site-packages/airflow/example_dags/example_time_delta_sensor_async.py took 0.076 seconds
[2025-09-07T00:01:57.086+0000] {processor.py:186} INFO - Started process (PID=4166) to work on /home/airflow/.local/lib/python3.12/site-packages/airflow/example_dags/example_time_delta_sensor_async.py
[2025-09-07T00:01:57.088+0000] {processor.py:914} INFO - Processing file /home/airflow/.local/lib/python3.12/site-packages/airflow/example_dags/example_time_delta_sensor_async.py for tasks to queue
[2025-09-07T00:01:57.091+0000] {logging_mixin.py:190} INFO - [2025-09-07T00:01:57.090+0000] {dagbag.py:588} INFO - Filling up the DagBag from /home/airflow/.local/lib/python3.12/site-packages/airflow/example_dags/example_time_delta_sensor_async.py
[2025-09-07T00:01:57.104+0000] {processor.py:925} INFO - DAG(s) 'example_time_delta_sensor_async' retrieved from /home/airflow/.local/lib/python3.12/site-packages/airflow/example_dags/example_time_delta_sensor_async.py
[2025-09-07T00:01:57.137+0000] {logging_mixin.py:190} INFO - [2025-09-07T00:01:57.136+0000] {dag.py:3239} INFO - Sync 1 DAGs
[2025-09-07T00:01:57.157+0000] {logging_mixin.py:190} INFO - [2025-09-07T00:01:57.157+0000] {dag.py:4180} INFO - Setting next_dagrun for example_time_delta_sensor_async to None, run_after=None
[2025-09-07T00:01:57.180+0000] {processor.py:208} INFO - Processing /home/airflow/.local/lib/python3.12/site-packages/airflow/example_dags/example_time_delta_sensor_async.py took 0.102 seconds
[2025-09-07T00:02:27.965+0000] {processor.py:186} INFO - Started process (PID=4232) to work on /home/airflow/.local/lib/python3.12/site-packages/airflow/example_dags/example_time_delta_sensor_async.py
[2025-09-07T00:02:27.966+0000] {processor.py:914} INFO - Processing file /home/airflow/.local/lib/python3.12/site-packages/airflow/example_dags/example_time_delta_sensor_async.py for tasks to queue
[2025-09-07T00:02:27.968+0000] {logging_mixin.py:190} INFO - [2025-09-07T00:02:27.968+0000] {dagbag.py:588} INFO - Filling up the DagBag from /home/airflow/.local/lib/python3.12/site-packages/airflow/example_dags/example_time_delta_sensor_async.py
[2025-09-07T00:02:27.978+0000] {processor.py:925} INFO - DAG(s) 'example_time_delta_sensor_async' retrieved from /home/airflow/.local/lib/python3.12/site-packages/airflow/example_dags/example_time_delta_sensor_async.py
[2025-09-07T00:02:28.003+0000] {logging_mixin.py:190} INFO - [2025-09-07T00:02:28.002+0000] {dag.py:3239} INFO - Sync 1 DAGs
[2025-09-07T00:02:28.021+0000] {logging_mixin.py:190} INFO - [2025-09-07T00:02:28.020+0000] {dag.py:4180} INFO - Setting next_dagrun for example_time_delta_sensor_async to None, run_after=None
[2025-09-07T00:02:28.047+0000] {processor.py:208} INFO - Processing /home/airflow/.local/lib/python3.12/site-packages/airflow/example_dags/example_time_delta_sensor_async.py took 0.090 seconds
[2025-09-07T00:02:58.866+0000] {processor.py:186} INFO - Started process (PID=4298) to work on /home/airflow/.local/lib/python3.12/site-packages/airflow/example_dags/example_time_delta_sensor_async.py
[2025-09-07T00:02:58.867+0000] {processor.py:914} INFO - Processing file /home/airflow/.local/lib/python3.12/site-packages/airflow/example_dags/example_time_delta_sensor_async.py for tasks to queue
[2025-09-07T00:02:58.869+0000] {logging_mixin.py:190} INFO - [2025-09-07T00:02:58.869+0000] {dagbag.py:588} INFO - Filling up the DagBag from /home/airflow/.local/lib/python3.12/site-packages/airflow/example_dags/example_time_delta_sensor_async.py
[2025-09-07T00:02:58.881+0000] {processor.py:925} INFO - DAG(s) 'example_time_delta_sensor_async' retrieved from /home/airflow/.local/lib/python3.12/site-packages/airflow/example_dags/example_time_delta_sensor_async.py
[2025-09-07T00:02:58.911+0000] {logging_mixin.py:190} INFO - [2025-09-07T00:02:58.910+0000] {dag.py:3239} INFO - Sync 1 DAGs
[2025-09-07T00:02:58.932+0000] {logging_mixin.py:190} INFO - [2025-09-07T00:02:58.932+0000] {dag.py:4180} INFO - Setting next_dagrun for example_time_delta_sensor_async to None, run_after=None
[2025-09-07T00:02:58.959+0000] {processor.py:208} INFO - Processing /home/airflow/.local/lib/python3.12/site-packages/airflow/example_dags/example_time_delta_sensor_async.py took 0.102 seconds
[2025-09-07T00:03:29.650+0000] {processor.py:186} INFO - Started process (PID=4364) to work on /home/airflow/.local/lib/python3.12/site-packages/airflow/example_dags/example_time_delta_sensor_async.py
[2025-09-07T00:03:29.651+0000] {processor.py:914} INFO - Processing file /home/airflow/.local/lib/python3.12/site-packages/airflow/example_dags/example_time_delta_sensor_async.py for tasks to queue
[2025-09-07T00:03:29.654+0000] {logging_mixin.py:190} INFO - [2025-09-07T00:03:29.653+0000] {dagbag.py:588} INFO - Filling up the DagBag from /home/airflow/.local/lib/python3.12/site-packages/airflow/example_dags/example_time_delta_sensor_async.py
[2025-09-07T00:03:29.664+0000] {processor.py:925} INFO - DAG(s) 'example_time_delta_sensor_async' retrieved from /home/airflow/.local/lib/python3.12/site-packages/airflow/example_dags/example_time_delta_sensor_async.py
[2025-09-07T00:03:29.695+0000] {logging_mixin.py:190} INFO - [2025-09-07T00:03:29.694+0000] {dag.py:3239} INFO - Sync 1 DAGs
[2025-09-07T00:03:29.715+0000] {logging_mixin.py:190} INFO - [2025-09-07T00:03:29.715+0000] {dag.py:4180} INFO - Setting next_dagrun for example_time_delta_sensor_async to None, run_after=None
[2025-09-07T00:03:29.745+0000] {processor.py:208} INFO - Processing /home/airflow/.local/lib/python3.12/site-packages/airflow/example_dags/example_time_delta_sensor_async.py took 0.100 seconds
[2025-09-07T00:04:00.012+0000] {processor.py:186} INFO - Started process (PID=4430) to work on /home/airflow/.local/lib/python3.12/site-packages/airflow/example_dags/example_time_delta_sensor_async.py
[2025-09-07T00:04:00.013+0000] {processor.py:914} INFO - Processing file /home/airflow/.local/lib/python3.12/site-packages/airflow/example_dags/example_time_delta_sensor_async.py for tasks to queue
[2025-09-07T00:04:00.016+0000] {logging_mixin.py:190} INFO - [2025-09-07T00:04:00.015+0000] {dagbag.py:588} INFO - Filling up the DagBag from /home/airflow/.local/lib/python3.12/site-packages/airflow/example_dags/example_time_delta_sensor_async.py
[2025-09-07T00:04:00.026+0000] {processor.py:925} INFO - DAG(s) 'example_time_delta_sensor_async' retrieved from /home/airflow/.local/lib/python3.12/site-packages/airflow/example_dags/example_time_delta_sensor_async.py
[2025-09-07T00:04:00.054+0000] {logging_mixin.py:190} INFO - [2025-09-07T00:04:00.053+0000] {dag.py:3239} INFO - Sync 1 DAGs
[2025-09-07T00:04:00.078+0000] {logging_mixin.py:190} INFO - [2025-09-07T00:04:00.078+0000] {dag.py:4180} INFO - Setting next_dagrun for example_time_delta_sensor_async to None, run_after=None
[2025-09-07T00:04:00.105+0000] {processor.py:208} INFO - Processing /home/airflow/.local/lib/python3.12/site-packages/airflow/example_dags/example_time_delta_sensor_async.py took 0.098 seconds
[2025-09-07T00:04:30.752+0000] {processor.py:186} INFO - Started process (PID=4496) to work on /home/airflow/.local/lib/python3.12/site-packages/airflow/example_dags/example_time_delta_sensor_async.py
[2025-09-07T00:04:30.756+0000] {processor.py:914} INFO - Processing file /home/airflow/.local/lib/python3.12/site-packages/airflow/example_dags/example_time_delta_sensor_async.py for tasks to queue
[2025-09-07T00:04:30.768+0000] {logging_mixin.py:190} INFO - [2025-09-07T00:04:30.766+0000] {dagbag.py:588} INFO - Filling up the DagBag from /home/airflow/.local/lib/python3.12/site-packages/airflow/example_dags/example_time_delta_sensor_async.py
[2025-09-07T00:04:30.802+0000] {processor.py:925} INFO - DAG(s) 'example_time_delta_sensor_async' retrieved from /home/airflow/.local/lib/python3.12/site-packages/airflow/example_dags/example_time_delta_sensor_async.py
[2025-09-07T00:04:30.912+0000] {logging_mixin.py:190} INFO - [2025-09-07T00:04:30.910+0000] {dag.py:3239} INFO - Sync 1 DAGs
[2025-09-07T00:04:30.960+0000] {logging_mixin.py:190} INFO - [2025-09-07T00:04:30.960+0000] {dag.py:4180} INFO - Setting next_dagrun for example_time_delta_sensor_async to None, run_after=None
[2025-09-07T00:04:31.030+0000] {processor.py:208} INFO - Processing /home/airflow/.local/lib/python3.12/site-packages/airflow/example_dags/example_time_delta_sensor_async.py took 0.295 seconds
[2025-09-07T00:05:01.651+0000] {processor.py:186} INFO - Started process (PID=4562) to work on /home/airflow/.local/lib/python3.12/site-packages/airflow/example_dags/example_time_delta_sensor_async.py
[2025-09-07T00:05:01.652+0000] {processor.py:914} INFO - Processing file /home/airflow/.local/lib/python3.12/site-packages/airflow/example_dags/example_time_delta_sensor_async.py for tasks to queue
[2025-09-07T00:05:01.655+0000] {logging_mixin.py:190} INFO - [2025-09-07T00:05:01.654+0000] {dagbag.py:588} INFO - Filling up the DagBag from /home/airflow/.local/lib/python3.12/site-packages/airflow/example_dags/example_time_delta_sensor_async.py
[2025-09-07T00:05:01.666+0000] {processor.py:925} INFO - DAG(s) 'example_time_delta_sensor_async' retrieved from /home/airflow/.local/lib/python3.12/site-packages/airflow/example_dags/example_time_delta_sensor_async.py
[2025-09-07T00:05:01.702+0000] {logging_mixin.py:190} INFO - [2025-09-07T00:05:01.702+0000] {dag.py:3239} INFO - Sync 1 DAGs
[2025-09-07T00:05:01.727+0000] {logging_mixin.py:190} INFO - [2025-09-07T00:05:01.727+0000] {dag.py:4180} INFO - Setting next_dagrun for example_time_delta_sensor_async to None, run_after=None
[2025-09-07T00:05:01.765+0000] {processor.py:208} INFO - Processing /home/airflow/.local/lib/python3.12/site-packages/airflow/example_dags/example_time_delta_sensor_async.py took 0.122 seconds
[2025-09-07T00:05:32.713+0000] {processor.py:186} INFO - Started process (PID=4628) to work on /home/airflow/.local/lib/python3.12/site-packages/airflow/example_dags/example_time_delta_sensor_async.py
[2025-09-07T00:05:32.714+0000] {processor.py:914} INFO - Processing file /home/airflow/.local/lib/python3.12/site-packages/airflow/example_dags/example_time_delta_sensor_async.py for tasks to queue
[2025-09-07T00:05:32.716+0000] {logging_mixin.py:190} INFO - [2025-09-07T00:05:32.716+0000] {dagbag.py:588} INFO - Filling up the DagBag from /home/airflow/.local/lib/python3.12/site-packages/airflow/example_dags/example_time_delta_sensor_async.py
[2025-09-07T00:05:32.727+0000] {processor.py:925} INFO - DAG(s) 'example_time_delta_sensor_async' retrieved from /home/airflow/.local/lib/python3.12/site-packages/airflow/example_dags/example_time_delta_sensor_async.py
[2025-09-07T00:05:32.753+0000] {logging_mixin.py:190} INFO - [2025-09-07T00:05:32.752+0000] {dag.py:3239} INFO - Sync 1 DAGs
[2025-09-07T00:05:32.768+0000] {logging_mixin.py:190} INFO - [2025-09-07T00:05:32.768+0000] {dag.py:4180} INFO - Setting next_dagrun for example_time_delta_sensor_async to None, run_after=None
[2025-09-07T00:05:32.795+0000] {processor.py:208} INFO - Processing /home/airflow/.local/lib/python3.12/site-packages/airflow/example_dags/example_time_delta_sensor_async.py took 0.087 seconds
[2025-09-07T00:06:03.621+0000] {processor.py:186} INFO - Started process (PID=4694) to work on /home/airflow/.local/lib/python3.12/site-packages/airflow/example_dags/example_time_delta_sensor_async.py
[2025-09-07T00:06:03.623+0000] {processor.py:914} INFO - Processing file /home/airflow/.local/lib/python3.12/site-packages/airflow/example_dags/example_time_delta_sensor_async.py for tasks to queue
[2025-09-07T00:06:03.625+0000] {logging_mixin.py:190} INFO - [2025-09-07T00:06:03.625+0000] {dagbag.py:588} INFO - Filling up the DagBag from /home/airflow/.local/lib/python3.12/site-packages/airflow/example_dags/example_time_delta_sensor_async.py
[2025-09-07T00:06:03.636+0000] {processor.py:925} INFO - DAG(s) 'example_time_delta_sensor_async' retrieved from /home/airflow/.local/lib/python3.12/site-packages/airflow/example_dags/example_time_delta_sensor_async.py
[2025-09-07T00:06:03.670+0000] {logging_mixin.py:190} INFO - [2025-09-07T00:06:03.670+0000] {dag.py:3239} INFO - Sync 1 DAGs
[2025-09-07T00:06:03.700+0000] {logging_mixin.py:190} INFO - [2025-09-07T00:06:03.699+0000] {dag.py:4180} INFO - Setting next_dagrun for example_time_delta_sensor_async to None, run_after=None
[2025-09-07T00:06:03.728+0000] {processor.py:208} INFO - Processing /home/airflow/.local/lib/python3.12/site-packages/airflow/example_dags/example_time_delta_sensor_async.py took 0.111 seconds
[2025-09-07T00:06:34.036+0000] {processor.py:186} INFO - Started process (PID=4760) to work on /home/airflow/.local/lib/python3.12/site-packages/airflow/example_dags/example_time_delta_sensor_async.py
[2025-09-07T00:06:34.037+0000] {processor.py:914} INFO - Processing file /home/airflow/.local/lib/python3.12/site-packages/airflow/example_dags/example_time_delta_sensor_async.py for tasks to queue
[2025-09-07T00:06:34.039+0000] {logging_mixin.py:190} INFO - [2025-09-07T00:06:34.039+0000] {dagbag.py:588} INFO - Filling up the DagBag from /home/airflow/.local/lib/python3.12/site-packages/airflow/example_dags/example_time_delta_sensor_async.py
[2025-09-07T00:06:34.048+0000] {processor.py:925} INFO - DAG(s) 'example_time_delta_sensor_async' retrieved from /home/airflow/.local/lib/python3.12/site-packages/airflow/example_dags/example_time_delta_sensor_async.py
[2025-09-07T00:06:34.080+0000] {logging_mixin.py:190} INFO - [2025-09-07T00:06:34.079+0000] {dag.py:3239} INFO - Sync 1 DAGs
[2025-09-07T00:06:34.101+0000] {logging_mixin.py:190} INFO - [2025-09-07T00:06:34.101+0000] {dag.py:4180} INFO - Setting next_dagrun for example_time_delta_sensor_async to None, run_after=None
[2025-09-07T00:06:34.127+0000] {processor.py:208} INFO - Processing /home/airflow/.local/lib/python3.12/site-packages/airflow/example_dags/example_time_delta_sensor_async.py took 0.099 seconds
[2025-09-07T00:07:04.176+0000] {processor.py:186} INFO - Started process (PID=4822) to work on /home/airflow/.local/lib/python3.12/site-packages/airflow/example_dags/example_time_delta_sensor_async.py
[2025-09-07T00:07:04.178+0000] {processor.py:914} INFO - Processing file /home/airflow/.local/lib/python3.12/site-packages/airflow/example_dags/example_time_delta_sensor_async.py for tasks to queue
[2025-09-07T00:07:04.180+0000] {logging_mixin.py:190} INFO - [2025-09-07T00:07:04.179+0000] {dagbag.py:588} INFO - Filling up the DagBag from /home/airflow/.local/lib/python3.12/site-packages/airflow/example_dags/example_time_delta_sensor_async.py
[2025-09-07T00:07:04.189+0000] {processor.py:925} INFO - DAG(s) 'example_time_delta_sensor_async' retrieved from /home/airflow/.local/lib/python3.12/site-packages/airflow/example_dags/example_time_delta_sensor_async.py
[2025-09-07T00:07:04.225+0000] {logging_mixin.py:190} INFO - [2025-09-07T00:07:04.225+0000] {dag.py:3239} INFO - Sync 1 DAGs
[2025-09-07T00:07:04.252+0000] {logging_mixin.py:190} INFO - [2025-09-07T00:07:04.251+0000] {dag.py:4180} INFO - Setting next_dagrun for example_time_delta_sensor_async to None, run_after=None
[2025-09-07T00:07:04.288+0000] {processor.py:208} INFO - Processing /home/airflow/.local/lib/python3.12/site-packages/airflow/example_dags/example_time_delta_sensor_async.py took 0.122 seconds
[2025-09-07T00:07:34.471+0000] {processor.py:186} INFO - Started process (PID=4879) to work on /home/airflow/.local/lib/python3.12/site-packages/airflow/example_dags/example_time_delta_sensor_async.py
[2025-09-07T00:07:34.472+0000] {processor.py:914} INFO - Processing file /home/airflow/.local/lib/python3.12/site-packages/airflow/example_dags/example_time_delta_sensor_async.py for tasks to queue
[2025-09-07T00:07:34.474+0000] {logging_mixin.py:190} INFO - [2025-09-07T00:07:34.473+0000] {dagbag.py:588} INFO - Filling up the DagBag from /home/airflow/.local/lib/python3.12/site-packages/airflow/example_dags/example_time_delta_sensor_async.py
[2025-09-07T00:07:34.479+0000] {processor.py:925} INFO - DAG(s) 'example_time_delta_sensor_async' retrieved from /home/airflow/.local/lib/python3.12/site-packages/airflow/example_dags/example_time_delta_sensor_async.py
[2025-09-07T00:07:34.498+0000] {logging_mixin.py:190} INFO - [2025-09-07T00:07:34.498+0000] {dag.py:3239} INFO - Sync 1 DAGs
[2025-09-07T00:07:34.508+0000] {logging_mixin.py:190} INFO - [2025-09-07T00:07:34.508+0000] {dag.py:4180} INFO - Setting next_dagrun for example_time_delta_sensor_async to None, run_after=None
[2025-09-07T00:07:34.523+0000] {processor.py:208} INFO - Processing /home/airflow/.local/lib/python3.12/site-packages/airflow/example_dags/example_time_delta_sensor_async.py took 0.057 seconds
[2025-09-07T00:08:05.059+0000] {processor.py:186} INFO - Started process (PID=4945) to work on /home/airflow/.local/lib/python3.12/site-packages/airflow/example_dags/example_time_delta_sensor_async.py
[2025-09-07T00:08:05.060+0000] {processor.py:914} INFO - Processing file /home/airflow/.local/lib/python3.12/site-packages/airflow/example_dags/example_time_delta_sensor_async.py for tasks to queue
[2025-09-07T00:08:05.062+0000] {logging_mixin.py:190} INFO - [2025-09-07T00:08:05.061+0000] {dagbag.py:588} INFO - Filling up the DagBag from /home/airflow/.local/lib/python3.12/site-packages/airflow/example_dags/example_time_delta_sensor_async.py
[2025-09-07T00:08:05.068+0000] {processor.py:925} INFO - DAG(s) 'example_time_delta_sensor_async' retrieved from /home/airflow/.local/lib/python3.12/site-packages/airflow/example_dags/example_time_delta_sensor_async.py
[2025-09-07T00:08:05.087+0000] {logging_mixin.py:190} INFO - [2025-09-07T00:08:05.087+0000] {dag.py:3239} INFO - Sync 1 DAGs
[2025-09-07T00:08:05.098+0000] {logging_mixin.py:190} INFO - [2025-09-07T00:08:05.098+0000] {dag.py:4180} INFO - Setting next_dagrun for example_time_delta_sensor_async to None, run_after=None
[2025-09-07T00:08:05.116+0000] {processor.py:208} INFO - Processing /home/airflow/.local/lib/python3.12/site-packages/airflow/example_dags/example_time_delta_sensor_async.py took 0.062 seconds
[2025-09-07T00:08:35.220+0000] {processor.py:186} INFO - Started process (PID=5011) to work on /home/airflow/.local/lib/python3.12/site-packages/airflow/example_dags/example_time_delta_sensor_async.py
[2025-09-07T00:08:35.221+0000] {processor.py:914} INFO - Processing file /home/airflow/.local/lib/python3.12/site-packages/airflow/example_dags/example_time_delta_sensor_async.py for tasks to queue
[2025-09-07T00:08:35.223+0000] {logging_mixin.py:190} INFO - [2025-09-07T00:08:35.222+0000] {dagbag.py:588} INFO - Filling up the DagBag from /home/airflow/.local/lib/python3.12/site-packages/airflow/example_dags/example_time_delta_sensor_async.py
[2025-09-07T00:08:35.228+0000] {processor.py:925} INFO - DAG(s) 'example_time_delta_sensor_async' retrieved from /home/airflow/.local/lib/python3.12/site-packages/airflow/example_dags/example_time_delta_sensor_async.py
[2025-09-07T00:08:35.246+0000] {logging_mixin.py:190} INFO - [2025-09-07T00:08:35.245+0000] {dag.py:3239} INFO - Sync 1 DAGs
[2025-09-07T00:08:35.256+0000] {logging_mixin.py:190} INFO - [2025-09-07T00:08:35.255+0000] {dag.py:4180} INFO - Setting next_dagrun for example_time_delta_sensor_async to None, run_after=None
[2025-09-07T00:08:35.270+0000] {processor.py:208} INFO - Processing /home/airflow/.local/lib/python3.12/site-packages/airflow/example_dags/example_time_delta_sensor_async.py took 0.057 seconds
[2025-09-07T00:09:05.327+0000] {processor.py:186} INFO - Started process (PID=5077) to work on /home/airflow/.local/lib/python3.12/site-packages/airflow/example_dags/example_time_delta_sensor_async.py
[2025-09-07T00:09:05.328+0000] {processor.py:914} INFO - Processing file /home/airflow/.local/lib/python3.12/site-packages/airflow/example_dags/example_time_delta_sensor_async.py for tasks to queue
[2025-09-07T00:09:05.330+0000] {logging_mixin.py:190} INFO - [2025-09-07T00:09:05.329+0000] {dagbag.py:588} INFO - Filling up the DagBag from /home/airflow/.local/lib/python3.12/site-packages/airflow/example_dags/example_time_delta_sensor_async.py
[2025-09-07T00:09:05.340+0000] {processor.py:925} INFO - DAG(s) 'example_time_delta_sensor_async' retrieved from /home/airflow/.local/lib/python3.12/site-packages/airflow/example_dags/example_time_delta_sensor_async.py
[2025-09-07T00:09:05.363+0000] {logging_mixin.py:190} INFO - [2025-09-07T00:09:05.363+0000] {dag.py:3239} INFO - Sync 1 DAGs
[2025-09-07T00:09:05.377+0000] {logging_mixin.py:190} INFO - [2025-09-07T00:09:05.376+0000] {dag.py:4180} INFO - Setting next_dagrun for example_time_delta_sensor_async to None, run_after=None
[2025-09-07T00:09:05.394+0000] {processor.py:208} INFO - Processing /home/airflow/.local/lib/python3.12/site-packages/airflow/example_dags/example_time_delta_sensor_async.py took 0.075 seconds
[2025-09-07T00:09:36.211+0000] {processor.py:186} INFO - Started process (PID=5143) to work on /home/airflow/.local/lib/python3.12/site-packages/airflow/example_dags/example_time_delta_sensor_async.py
[2025-09-07T00:09:36.212+0000] {processor.py:914} INFO - Processing file /home/airflow/.local/lib/python3.12/site-packages/airflow/example_dags/example_time_delta_sensor_async.py for tasks to queue
[2025-09-07T00:09:36.214+0000] {logging_mixin.py:190} INFO - [2025-09-07T00:09:36.214+0000] {dagbag.py:588} INFO - Filling up the DagBag from /home/airflow/.local/lib/python3.12/site-packages/airflow/example_dags/example_time_delta_sensor_async.py
[2025-09-07T00:09:36.221+0000] {processor.py:925} INFO - DAG(s) 'example_time_delta_sensor_async' retrieved from /home/airflow/.local/lib/python3.12/site-packages/airflow/example_dags/example_time_delta_sensor_async.py
[2025-09-07T00:09:36.244+0000] {logging_mixin.py:190} INFO - [2025-09-07T00:09:36.244+0000] {dag.py:3239} INFO - Sync 1 DAGs
[2025-09-07T00:09:36.261+0000] {logging_mixin.py:190} INFO - [2025-09-07T00:09:36.261+0000] {dag.py:4180} INFO - Setting next_dagrun for example_time_delta_sensor_async to None, run_after=None
[2025-09-07T00:09:36.280+0000] {processor.py:208} INFO - Processing /home/airflow/.local/lib/python3.12/site-packages/airflow/example_dags/example_time_delta_sensor_async.py took 0.077 seconds
[2025-09-07T00:10:06.483+0000] {processor.py:186} INFO - Started process (PID=5209) to work on /home/airflow/.local/lib/python3.12/site-packages/airflow/example_dags/example_time_delta_sensor_async.py
[2025-09-07T00:10:06.484+0000] {processor.py:914} INFO - Processing file /home/airflow/.local/lib/python3.12/site-packages/airflow/example_dags/example_time_delta_sensor_async.py for tasks to queue
[2025-09-07T00:10:06.487+0000] {logging_mixin.py:190} INFO - [2025-09-07T00:10:06.486+0000] {dagbag.py:588} INFO - Filling up the DagBag from /home/airflow/.local/lib/python3.12/site-packages/airflow/example_dags/example_time_delta_sensor_async.py
[2025-09-07T00:10:06.496+0000] {processor.py:925} INFO - DAG(s) 'example_time_delta_sensor_async' retrieved from /home/airflow/.local/lib/python3.12/site-packages/airflow/example_dags/example_time_delta_sensor_async.py
[2025-09-07T00:10:06.522+0000] {logging_mixin.py:190} INFO - [2025-09-07T00:10:06.522+0000] {dag.py:3239} INFO - Sync 1 DAGs
[2025-09-07T00:10:06.535+0000] {logging_mixin.py:190} INFO - [2025-09-07T00:10:06.535+0000] {dag.py:4180} INFO - Setting next_dagrun for example_time_delta_sensor_async to None, run_after=None
[2025-09-07T00:10:06.558+0000] {processor.py:208} INFO - Processing /home/airflow/.local/lib/python3.12/site-packages/airflow/example_dags/example_time_delta_sensor_async.py took 0.080 seconds
[2025-09-07T00:10:37.199+0000] {processor.py:186} INFO - Started process (PID=5275) to work on /home/airflow/.local/lib/python3.12/site-packages/airflow/example_dags/example_time_delta_sensor_async.py
[2025-09-07T00:10:37.200+0000] {processor.py:914} INFO - Processing file /home/airflow/.local/lib/python3.12/site-packages/airflow/example_dags/example_time_delta_sensor_async.py for tasks to queue
[2025-09-07T00:10:37.202+0000] {logging_mixin.py:190} INFO - [2025-09-07T00:10:37.202+0000] {dagbag.py:588} INFO - Filling up the DagBag from /home/airflow/.local/lib/python3.12/site-packages/airflow/example_dags/example_time_delta_sensor_async.py
[2025-09-07T00:10:37.209+0000] {processor.py:925} INFO - DAG(s) 'example_time_delta_sensor_async' retrieved from /home/airflow/.local/lib/python3.12/site-packages/airflow/example_dags/example_time_delta_sensor_async.py
[2025-09-07T00:10:37.234+0000] {logging_mixin.py:190} INFO - [2025-09-07T00:10:37.233+0000] {dag.py:3239} INFO - Sync 1 DAGs
[2025-09-07T00:10:37.246+0000] {logging_mixin.py:190} INFO - [2025-09-07T00:10:37.245+0000] {dag.py:4180} INFO - Setting next_dagrun for example_time_delta_sensor_async to None, run_after=None
[2025-09-07T00:10:37.268+0000] {processor.py:208} INFO - Processing /home/airflow/.local/lib/python3.12/site-packages/airflow/example_dags/example_time_delta_sensor_async.py took 0.074 seconds
[2025-09-07T00:11:07.398+0000] {processor.py:186} INFO - Started process (PID=5341) to work on /home/airflow/.local/lib/python3.12/site-packages/airflow/example_dags/example_time_delta_sensor_async.py
[2025-09-07T00:11:07.399+0000] {processor.py:914} INFO - Processing file /home/airflow/.local/lib/python3.12/site-packages/airflow/example_dags/example_time_delta_sensor_async.py for tasks to queue
[2025-09-07T00:11:07.402+0000] {logging_mixin.py:190} INFO - [2025-09-07T00:11:07.401+0000] {dagbag.py:588} INFO - Filling up the DagBag from /home/airflow/.local/lib/python3.12/site-packages/airflow/example_dags/example_time_delta_sensor_async.py
[2025-09-07T00:11:07.411+0000] {processor.py:925} INFO - DAG(s) 'example_time_delta_sensor_async' retrieved from /home/airflow/.local/lib/python3.12/site-packages/airflow/example_dags/example_time_delta_sensor_async.py
[2025-09-07T00:11:07.438+0000] {logging_mixin.py:190} INFO - [2025-09-07T00:11:07.437+0000] {dag.py:3239} INFO - Sync 1 DAGs
[2025-09-07T00:11:07.450+0000] {logging_mixin.py:190} INFO - [2025-09-07T00:11:07.449+0000] {dag.py:4180} INFO - Setting next_dagrun for example_time_delta_sensor_async to None, run_after=None
[2025-09-07T00:11:07.472+0000] {processor.py:208} INFO - Processing /home/airflow/.local/lib/python3.12/site-packages/airflow/example_dags/example_time_delta_sensor_async.py took 0.080 seconds
[2025-09-07T00:11:38.127+0000] {processor.py:186} INFO - Started process (PID=5407) to work on /home/airflow/.local/lib/python3.12/site-packages/airflow/example_dags/example_time_delta_sensor_async.py
[2025-09-07T00:11:38.128+0000] {processor.py:914} INFO - Processing file /home/airflow/.local/lib/python3.12/site-packages/airflow/example_dags/example_time_delta_sensor_async.py for tasks to queue
[2025-09-07T00:11:38.132+0000] {logging_mixin.py:190} INFO - [2025-09-07T00:11:38.132+0000] {dagbag.py:588} INFO - Filling up the DagBag from /home/airflow/.local/lib/python3.12/site-packages/airflow/example_dags/example_time_delta_sensor_async.py
[2025-09-07T00:11:38.144+0000] {processor.py:925} INFO - DAG(s) 'example_time_delta_sensor_async' retrieved from /home/airflow/.local/lib/python3.12/site-packages/airflow/example_dags/example_time_delta_sensor_async.py
[2025-09-07T00:11:38.161+0000] {logging_mixin.py:190} INFO - [2025-09-07T00:11:38.161+0000] {dag.py:3239} INFO - Sync 1 DAGs
[2025-09-07T00:11:38.173+0000] {logging_mixin.py:190} INFO - [2025-09-07T00:11:38.173+0000] {dag.py:4180} INFO - Setting next_dagrun for example_time_delta_sensor_async to None, run_after=None
[2025-09-07T00:11:38.197+0000] {processor.py:208} INFO - Processing /home/airflow/.local/lib/python3.12/site-packages/airflow/example_dags/example_time_delta_sensor_async.py took 0.076 seconds
[2025-09-07T00:12:08.281+0000] {processor.py:186} INFO - Started process (PID=5473) to work on /home/airflow/.local/lib/python3.12/site-packages/airflow/example_dags/example_time_delta_sensor_async.py
[2025-09-07T00:12:08.283+0000] {processor.py:914} INFO - Processing file /home/airflow/.local/lib/python3.12/site-packages/airflow/example_dags/example_time_delta_sensor_async.py for tasks to queue
[2025-09-07T00:12:08.287+0000] {logging_mixin.py:190} INFO - [2025-09-07T00:12:08.287+0000] {dagbag.py:588} INFO - Filling up the DagBag from /home/airflow/.local/lib/python3.12/site-packages/airflow/example_dags/example_time_delta_sensor_async.py
[2025-09-07T00:12:08.299+0000] {processor.py:925} INFO - DAG(s) 'example_time_delta_sensor_async' retrieved from /home/airflow/.local/lib/python3.12/site-packages/airflow/example_dags/example_time_delta_sensor_async.py
[2025-09-07T00:12:08.333+0000] {logging_mixin.py:190} INFO - [2025-09-07T00:12:08.333+0000] {dag.py:3239} INFO - Sync 1 DAGs
[2025-09-07T00:12:08.357+0000] {logging_mixin.py:190} INFO - [2025-09-07T00:12:08.357+0000] {dag.py:4180} INFO - Setting next_dagrun for example_time_delta_sensor_async to None, run_after=None
[2025-09-07T00:12:08.386+0000] {processor.py:208} INFO - Processing /home/airflow/.local/lib/python3.12/site-packages/airflow/example_dags/example_time_delta_sensor_async.py took 0.114 seconds
[2025-09-07T00:12:38.467+0000] {processor.py:186} INFO - Started process (PID=5538) to work on /home/airflow/.local/lib/python3.12/site-packages/airflow/example_dags/example_time_delta_sensor_async.py
[2025-09-07T00:12:38.468+0000] {processor.py:914} INFO - Processing file /home/airflow/.local/lib/python3.12/site-packages/airflow/example_dags/example_time_delta_sensor_async.py for tasks to queue
[2025-09-07T00:12:38.471+0000] {logging_mixin.py:190} INFO - [2025-09-07T00:12:38.470+0000] {dagbag.py:588} INFO - Filling up the DagBag from /home/airflow/.local/lib/python3.12/site-packages/airflow/example_dags/example_time_delta_sensor_async.py
[2025-09-07T00:12:38.481+0000] {processor.py:925} INFO - DAG(s) 'example_time_delta_sensor_async' retrieved from /home/airflow/.local/lib/python3.12/site-packages/airflow/example_dags/example_time_delta_sensor_async.py
[2025-09-07T00:12:38.501+0000] {logging_mixin.py:190} INFO - [2025-09-07T00:12:38.501+0000] {dag.py:3239} INFO - Sync 1 DAGs
[2025-09-07T00:12:38.512+0000] {logging_mixin.py:190} INFO - [2025-09-07T00:12:38.512+0000] {dag.py:4180} INFO - Setting next_dagrun for example_time_delta_sensor_async to None, run_after=None
[2025-09-07T00:12:38.533+0000] {processor.py:208} INFO - Processing /home/airflow/.local/lib/python3.12/site-packages/airflow/example_dags/example_time_delta_sensor_async.py took 0.070 seconds
[2025-09-07T00:13:09.354+0000] {processor.py:186} INFO - Started process (PID=5604) to work on /home/airflow/.local/lib/python3.12/site-packages/airflow/example_dags/example_time_delta_sensor_async.py
[2025-09-07T00:13:09.355+0000] {processor.py:914} INFO - Processing file /home/airflow/.local/lib/python3.12/site-packages/airflow/example_dags/example_time_delta_sensor_async.py for tasks to queue
[2025-09-07T00:13:09.358+0000] {logging_mixin.py:190} INFO - [2025-09-07T00:13:09.357+0000] {dagbag.py:588} INFO - Filling up the DagBag from /home/airflow/.local/lib/python3.12/site-packages/airflow/example_dags/example_time_delta_sensor_async.py
[2025-09-07T00:13:09.367+0000] {processor.py:925} INFO - DAG(s) 'example_time_delta_sensor_async' retrieved from /home/airflow/.local/lib/python3.12/site-packages/airflow/example_dags/example_time_delta_sensor_async.py
[2025-09-07T00:13:09.403+0000] {logging_mixin.py:190} INFO - [2025-09-07T00:13:09.403+0000] {dag.py:3239} INFO - Sync 1 DAGs
[2025-09-07T00:13:09.418+0000] {logging_mixin.py:190} INFO - [2025-09-07T00:13:09.417+0000] {dag.py:4180} INFO - Setting next_dagrun for example_time_delta_sensor_async to None, run_after=None
[2025-09-07T00:13:09.591+0000] {processor.py:208} INFO - Processing /home/airflow/.local/lib/python3.12/site-packages/airflow/example_dags/example_time_delta_sensor_async.py took 0.247 seconds
[2025-09-07T00:13:39.972+0000] {processor.py:186} INFO - Started process (PID=5670) to work on /home/airflow/.local/lib/python3.12/site-packages/airflow/example_dags/example_time_delta_sensor_async.py
[2025-09-07T00:13:39.973+0000] {processor.py:914} INFO - Processing file /home/airflow/.local/lib/python3.12/site-packages/airflow/example_dags/example_time_delta_sensor_async.py for tasks to queue
[2025-09-07T00:13:39.976+0000] {logging_mixin.py:190} INFO - [2025-09-07T00:13:39.975+0000] {dagbag.py:588} INFO - Filling up the DagBag from /home/airflow/.local/lib/python3.12/site-packages/airflow/example_dags/example_time_delta_sensor_async.py
[2025-09-07T00:13:39.986+0000] {processor.py:925} INFO - DAG(s) 'example_time_delta_sensor_async' retrieved from /home/airflow/.local/lib/python3.12/site-packages/airflow/example_dags/example_time_delta_sensor_async.py
[2025-09-07T00:13:40.017+0000] {logging_mixin.py:190} INFO - [2025-09-07T00:13:40.017+0000] {dag.py:3239} INFO - Sync 1 DAGs
[2025-09-07T00:13:40.038+0000] {logging_mixin.py:190} INFO - [2025-09-07T00:13:40.038+0000] {dag.py:4180} INFO - Setting next_dagrun for example_time_delta_sensor_async to None, run_after=None
[2025-09-07T00:13:40.059+0000] {processor.py:208} INFO - Processing /home/airflow/.local/lib/python3.12/site-packages/airflow/example_dags/example_time_delta_sensor_async.py took 0.094 seconds
[2025-09-07T00:14:10.778+0000] {processor.py:186} INFO - Started process (PID=5736) to work on /home/airflow/.local/lib/python3.12/site-packages/airflow/example_dags/example_time_delta_sensor_async.py
[2025-09-07T00:14:10.779+0000] {processor.py:914} INFO - Processing file /home/airflow/.local/lib/python3.12/site-packages/airflow/example_dags/example_time_delta_sensor_async.py for tasks to queue
[2025-09-07T00:14:10.781+0000] {logging_mixin.py:190} INFO - [2025-09-07T00:14:10.781+0000] {dagbag.py:588} INFO - Filling up the DagBag from /home/airflow/.local/lib/python3.12/site-packages/airflow/example_dags/example_time_delta_sensor_async.py
[2025-09-07T00:14:10.791+0000] {processor.py:925} INFO - DAG(s) 'example_time_delta_sensor_async' retrieved from /home/airflow/.local/lib/python3.12/site-packages/airflow/example_dags/example_time_delta_sensor_async.py
[2025-09-07T00:14:10.811+0000] {logging_mixin.py:190} INFO - [2025-09-07T00:14:10.811+0000] {dag.py:3239} INFO - Sync 1 DAGs
[2025-09-07T00:14:10.820+0000] {logging_mixin.py:190} INFO - [2025-09-07T00:14:10.820+0000] {dag.py:4180} INFO - Setting next_dagrun for example_time_delta_sensor_async to None, run_after=None
[2025-09-07T00:14:10.842+0000] {processor.py:208} INFO - Processing /home/airflow/.local/lib/python3.12/site-packages/airflow/example_dags/example_time_delta_sensor_async.py took 0.068 seconds
[2025-09-07T00:14:41.581+0000] {processor.py:186} INFO - Started process (PID=5802) to work on /home/airflow/.local/lib/python3.12/site-packages/airflow/example_dags/example_time_delta_sensor_async.py
[2025-09-07T00:14:41.582+0000] {processor.py:914} INFO - Processing file /home/airflow/.local/lib/python3.12/site-packages/airflow/example_dags/example_time_delta_sensor_async.py for tasks to queue
[2025-09-07T00:14:41.583+0000] {logging_mixin.py:190} INFO - [2025-09-07T00:14:41.583+0000] {dagbag.py:588} INFO - Filling up the DagBag from /home/airflow/.local/lib/python3.12/site-packages/airflow/example_dags/example_time_delta_sensor_async.py
[2025-09-07T00:14:41.588+0000] {processor.py:925} INFO - DAG(s) 'example_time_delta_sensor_async' retrieved from /home/airflow/.local/lib/python3.12/site-packages/airflow/example_dags/example_time_delta_sensor_async.py
[2025-09-07T00:14:41.608+0000] {logging_mixin.py:190} INFO - [2025-09-07T00:14:41.608+0000] {dag.py:3239} INFO - Sync 1 DAGs
[2025-09-07T00:14:41.623+0000] {logging_mixin.py:190} INFO - [2025-09-07T00:14:41.623+0000] {dag.py:4180} INFO - Setting next_dagrun for example_time_delta_sensor_async to None, run_after=None
[2025-09-07T00:14:41.642+0000] {processor.py:208} INFO - Processing /home/airflow/.local/lib/python3.12/site-packages/airflow/example_dags/example_time_delta_sensor_async.py took 0.068 seconds
[2025-09-07T00:15:12.461+0000] {processor.py:186} INFO - Started process (PID=5867) to work on /home/airflow/.local/lib/python3.12/site-packages/airflow/example_dags/example_time_delta_sensor_async.py
[2025-09-07T00:15:12.463+0000] {processor.py:914} INFO - Processing file /home/airflow/.local/lib/python3.12/site-packages/airflow/example_dags/example_time_delta_sensor_async.py for tasks to queue
[2025-09-07T00:15:12.465+0000] {logging_mixin.py:190} INFO - [2025-09-07T00:15:12.464+0000] {dagbag.py:588} INFO - Filling up the DagBag from /home/airflow/.local/lib/python3.12/site-packages/airflow/example_dags/example_time_delta_sensor_async.py
[2025-09-07T00:15:12.476+0000] {processor.py:925} INFO - DAG(s) 'example_time_delta_sensor_async' retrieved from /home/airflow/.local/lib/python3.12/site-packages/airflow/example_dags/example_time_delta_sensor_async.py
[2025-09-07T00:15:12.655+0000] {logging_mixin.py:190} INFO - [2025-09-07T00:15:12.654+0000] {dag.py:3239} INFO - Sync 1 DAGs
[2025-09-07T00:15:12.669+0000] {logging_mixin.py:190} INFO - [2025-09-07T00:15:12.669+0000] {dag.py:4180} INFO - Setting next_dagrun for example_time_delta_sensor_async to None, run_after=None
[2025-09-07T00:15:12.691+0000] {processor.py:208} INFO - Processing /home/airflow/.local/lib/python3.12/site-packages/airflow/example_dags/example_time_delta_sensor_async.py took 0.238 seconds
[2025-09-07T00:15:43.343+0000] {processor.py:186} INFO - Started process (PID=5926) to work on /home/airflow/.local/lib/python3.12/site-packages/airflow/example_dags/example_time_delta_sensor_async.py
[2025-09-07T00:15:43.344+0000] {processor.py:914} INFO - Processing file /home/airflow/.local/lib/python3.12/site-packages/airflow/example_dags/example_time_delta_sensor_async.py for tasks to queue
[2025-09-07T00:15:43.347+0000] {logging_mixin.py:190} INFO - [2025-09-07T00:15:43.346+0000] {dagbag.py:588} INFO - Filling up the DagBag from /home/airflow/.local/lib/python3.12/site-packages/airflow/example_dags/example_time_delta_sensor_async.py
[2025-09-07T00:15:43.357+0000] {processor.py:925} INFO - DAG(s) 'example_time_delta_sensor_async' retrieved from /home/airflow/.local/lib/python3.12/site-packages/airflow/example_dags/example_time_delta_sensor_async.py
[2025-09-07T00:15:43.381+0000] {logging_mixin.py:190} INFO - [2025-09-07T00:15:43.380+0000] {dag.py:3239} INFO - Sync 1 DAGs
[2025-09-07T00:15:43.401+0000] {logging_mixin.py:190} INFO - [2025-09-07T00:15:43.401+0000] {dag.py:4180} INFO - Setting next_dagrun for example_time_delta_sensor_async to None, run_after=None
[2025-09-07T00:15:43.425+0000] {processor.py:208} INFO - Processing /home/airflow/.local/lib/python3.12/site-packages/airflow/example_dags/example_time_delta_sensor_async.py took 0.086 seconds
[2025-09-07T00:16:14.008+0000] {processor.py:186} INFO - Started process (PID=5992) to work on /home/airflow/.local/lib/python3.12/site-packages/airflow/example_dags/example_time_delta_sensor_async.py
[2025-09-07T00:16:14.009+0000] {processor.py:914} INFO - Processing file /home/airflow/.local/lib/python3.12/site-packages/airflow/example_dags/example_time_delta_sensor_async.py for tasks to queue
[2025-09-07T00:16:14.011+0000] {logging_mixin.py:190} INFO - [2025-09-07T00:16:14.010+0000] {dagbag.py:588} INFO - Filling up the DagBag from /home/airflow/.local/lib/python3.12/site-packages/airflow/example_dags/example_time_delta_sensor_async.py
[2025-09-07T00:16:14.020+0000] {processor.py:925} INFO - DAG(s) 'example_time_delta_sensor_async' retrieved from /home/airflow/.local/lib/python3.12/site-packages/airflow/example_dags/example_time_delta_sensor_async.py
[2025-09-07T00:16:14.047+0000] {logging_mixin.py:190} INFO - [2025-09-07T00:16:14.046+0000] {dag.py:3239} INFO - Sync 1 DAGs
[2025-09-07T00:16:14.063+0000] {logging_mixin.py:190} INFO - [2025-09-07T00:16:14.063+0000] {dag.py:4180} INFO - Setting next_dagrun for example_time_delta_sensor_async to None, run_after=None
[2025-09-07T00:16:14.088+0000] {processor.py:208} INFO - Processing /home/airflow/.local/lib/python3.12/site-packages/airflow/example_dags/example_time_delta_sensor_async.py took 0.089 seconds
[2025-09-07T00:16:44.607+0000] {processor.py:186} INFO - Started process (PID=6057) to work on /home/airflow/.local/lib/python3.12/site-packages/airflow/example_dags/example_time_delta_sensor_async.py
[2025-09-07T00:16:44.608+0000] {processor.py:914} INFO - Processing file /home/airflow/.local/lib/python3.12/site-packages/airflow/example_dags/example_time_delta_sensor_async.py for tasks to queue
[2025-09-07T00:16:44.610+0000] {logging_mixin.py:190} INFO - [2025-09-07T00:16:44.609+0000] {dagbag.py:588} INFO - Filling up the DagBag from /home/airflow/.local/lib/python3.12/site-packages/airflow/example_dags/example_time_delta_sensor_async.py
[2025-09-07T00:16:44.616+0000] {processor.py:925} INFO - DAG(s) 'example_time_delta_sensor_async' retrieved from /home/airflow/.local/lib/python3.12/site-packages/airflow/example_dags/example_time_delta_sensor_async.py
[2025-09-07T00:16:44.637+0000] {logging_mixin.py:190} INFO - [2025-09-07T00:16:44.637+0000] {dag.py:3239} INFO - Sync 1 DAGs
[2025-09-07T00:16:44.649+0000] {logging_mixin.py:190} INFO - [2025-09-07T00:16:44.649+0000] {dag.py:4180} INFO - Setting next_dagrun for example_time_delta_sensor_async to None, run_after=None
[2025-09-07T00:16:44.673+0000] {processor.py:208} INFO - Processing /home/airflow/.local/lib/python3.12/site-packages/airflow/example_dags/example_time_delta_sensor_async.py took 0.075 seconds
[2025-09-07T00:17:15.287+0000] {processor.py:186} INFO - Started process (PID=6123) to work on /home/airflow/.local/lib/python3.12/site-packages/airflow/example_dags/example_time_delta_sensor_async.py
[2025-09-07T00:17:15.288+0000] {processor.py:914} INFO - Processing file /home/airflow/.local/lib/python3.12/site-packages/airflow/example_dags/example_time_delta_sensor_async.py for tasks to queue
[2025-09-07T00:17:15.292+0000] {logging_mixin.py:190} INFO - [2025-09-07T00:17:15.291+0000] {dagbag.py:588} INFO - Filling up the DagBag from /home/airflow/.local/lib/python3.12/site-packages/airflow/example_dags/example_time_delta_sensor_async.py
[2025-09-07T00:17:15.301+0000] {processor.py:925} INFO - DAG(s) 'example_time_delta_sensor_async' retrieved from /home/airflow/.local/lib/python3.12/site-packages/airflow/example_dags/example_time_delta_sensor_async.py
[2025-09-07T00:17:15.324+0000] {logging_mixin.py:190} INFO - [2025-09-07T00:17:15.324+0000] {dag.py:3239} INFO - Sync 1 DAGs
[2025-09-07T00:17:15.336+0000] {logging_mixin.py:190} INFO - [2025-09-07T00:17:15.335+0000] {dag.py:4180} INFO - Setting next_dagrun for example_time_delta_sensor_async to None, run_after=None
[2025-09-07T00:17:15.358+0000] {processor.py:208} INFO - Processing /home/airflow/.local/lib/python3.12/site-packages/airflow/example_dags/example_time_delta_sensor_async.py took 0.082 seconds
[2025-09-07T00:17:46.000+0000] {processor.py:186} INFO - Started process (PID=6189) to work on /home/airflow/.local/lib/python3.12/site-packages/airflow/example_dags/example_time_delta_sensor_async.py
[2025-09-07T00:17:46.002+0000] {processor.py:914} INFO - Processing file /home/airflow/.local/lib/python3.12/site-packages/airflow/example_dags/example_time_delta_sensor_async.py for tasks to queue
[2025-09-07T00:17:46.004+0000] {logging_mixin.py:190} INFO - [2025-09-07T00:17:46.003+0000] {dagbag.py:588} INFO - Filling up the DagBag from /home/airflow/.local/lib/python3.12/site-packages/airflow/example_dags/example_time_delta_sensor_async.py
[2025-09-07T00:17:46.014+0000] {processor.py:925} INFO - DAG(s) 'example_time_delta_sensor_async' retrieved from /home/airflow/.local/lib/python3.12/site-packages/airflow/example_dags/example_time_delta_sensor_async.py
[2025-09-07T00:17:46.032+0000] {logging_mixin.py:190} INFO - [2025-09-07T00:17:46.032+0000] {dag.py:3239} INFO - Sync 1 DAGs
[2025-09-07T00:17:46.049+0000] {logging_mixin.py:190} INFO - [2025-09-07T00:17:46.049+0000] {dag.py:4180} INFO - Setting next_dagrun for example_time_delta_sensor_async to None, run_after=None
[2025-09-07T00:17:46.067+0000] {processor.py:208} INFO - Processing /home/airflow/.local/lib/python3.12/site-packages/airflow/example_dags/example_time_delta_sensor_async.py took 0.071 seconds
[2025-09-07T00:18:16.733+0000] {processor.py:186} INFO - Started process (PID=6255) to work on /home/airflow/.local/lib/python3.12/site-packages/airflow/example_dags/example_time_delta_sensor_async.py
[2025-09-07T00:18:16.734+0000] {processor.py:914} INFO - Processing file /home/airflow/.local/lib/python3.12/site-packages/airflow/example_dags/example_time_delta_sensor_async.py for tasks to queue
[2025-09-07T00:18:16.736+0000] {logging_mixin.py:190} INFO - [2025-09-07T00:18:16.736+0000] {dagbag.py:588} INFO - Filling up the DagBag from /home/airflow/.local/lib/python3.12/site-packages/airflow/example_dags/example_time_delta_sensor_async.py
[2025-09-07T00:18:16.745+0000] {processor.py:925} INFO - DAG(s) 'example_time_delta_sensor_async' retrieved from /home/airflow/.local/lib/python3.12/site-packages/airflow/example_dags/example_time_delta_sensor_async.py
[2025-09-07T00:18:16.761+0000] {logging_mixin.py:190} INFO - [2025-09-07T00:18:16.761+0000] {dag.py:3239} INFO - Sync 1 DAGs
[2025-09-07T00:18:16.774+0000] {logging_mixin.py:190} INFO - [2025-09-07T00:18:16.774+0000] {dag.py:4180} INFO - Setting next_dagrun for example_time_delta_sensor_async to None, run_after=None
[2025-09-07T00:18:16.791+0000] {processor.py:208} INFO - Processing /home/airflow/.local/lib/python3.12/site-packages/airflow/example_dags/example_time_delta_sensor_async.py took 0.065 seconds
[2025-09-07T00:18:47.593+0000] {processor.py:186} INFO - Started process (PID=6321) to work on /home/airflow/.local/lib/python3.12/site-packages/airflow/example_dags/example_time_delta_sensor_async.py
[2025-09-07T00:18:47.595+0000] {processor.py:914} INFO - Processing file /home/airflow/.local/lib/python3.12/site-packages/airflow/example_dags/example_time_delta_sensor_async.py for tasks to queue
[2025-09-07T00:18:47.597+0000] {logging_mixin.py:190} INFO - [2025-09-07T00:18:47.597+0000] {dagbag.py:588} INFO - Filling up the DagBag from /home/airflow/.local/lib/python3.12/site-packages/airflow/example_dags/example_time_delta_sensor_async.py
[2025-09-07T00:18:47.607+0000] {processor.py:925} INFO - DAG(s) 'example_time_delta_sensor_async' retrieved from /home/airflow/.local/lib/python3.12/site-packages/airflow/example_dags/example_time_delta_sensor_async.py
[2025-09-07T00:18:47.633+0000] {logging_mixin.py:190} INFO - [2025-09-07T00:18:47.633+0000] {dag.py:3239} INFO - Sync 1 DAGs
[2025-09-07T00:18:47.644+0000] {logging_mixin.py:190} INFO - [2025-09-07T00:18:47.644+0000] {dag.py:4180} INFO - Setting next_dagrun for example_time_delta_sensor_async to None, run_after=None
[2025-09-07T00:18:47.660+0000] {processor.py:208} INFO - Processing /home/airflow/.local/lib/python3.12/site-packages/airflow/example_dags/example_time_delta_sensor_async.py took 0.075 seconds
[2025-09-07T00:19:18.144+0000] {processor.py:186} INFO - Started process (PID=6386) to work on /home/airflow/.local/lib/python3.12/site-packages/airflow/example_dags/example_time_delta_sensor_async.py
[2025-09-07T00:19:18.145+0000] {processor.py:914} INFO - Processing file /home/airflow/.local/lib/python3.12/site-packages/airflow/example_dags/example_time_delta_sensor_async.py for tasks to queue
[2025-09-07T00:19:18.147+0000] {logging_mixin.py:190} INFO - [2025-09-07T00:19:18.147+0000] {dagbag.py:588} INFO - Filling up the DagBag from /home/airflow/.local/lib/python3.12/site-packages/airflow/example_dags/example_time_delta_sensor_async.py
[2025-09-07T00:19:18.156+0000] {processor.py:925} INFO - DAG(s) 'example_time_delta_sensor_async' retrieved from /home/airflow/.local/lib/python3.12/site-packages/airflow/example_dags/example_time_delta_sensor_async.py
[2025-09-07T00:19:18.175+0000] {logging_mixin.py:190} INFO - [2025-09-07T00:19:18.175+0000] {dag.py:3239} INFO - Sync 1 DAGs
[2025-09-07T00:19:18.190+0000] {logging_mixin.py:190} INFO - [2025-09-07T00:19:18.190+0000] {dag.py:4180} INFO - Setting next_dagrun for example_time_delta_sensor_async to None, run_after=None
[2025-09-07T00:19:18.212+0000] {processor.py:208} INFO - Processing /home/airflow/.local/lib/python3.12/site-packages/airflow/example_dags/example_time_delta_sensor_async.py took 0.076 seconds
[2025-09-07T00:19:48.985+0000] {processor.py:186} INFO - Started process (PID=6452) to work on /home/airflow/.local/lib/python3.12/site-packages/airflow/example_dags/example_time_delta_sensor_async.py
[2025-09-07T00:19:48.987+0000] {processor.py:914} INFO - Processing file /home/airflow/.local/lib/python3.12/site-packages/airflow/example_dags/example_time_delta_sensor_async.py for tasks to queue
[2025-09-07T00:19:48.989+0000] {logging_mixin.py:190} INFO - [2025-09-07T00:19:48.988+0000] {dagbag.py:588} INFO - Filling up the DagBag from /home/airflow/.local/lib/python3.12/site-packages/airflow/example_dags/example_time_delta_sensor_async.py
[2025-09-07T00:19:48.999+0000] {processor.py:925} INFO - DAG(s) 'example_time_delta_sensor_async' retrieved from /home/airflow/.local/lib/python3.12/site-packages/airflow/example_dags/example_time_delta_sensor_async.py
[2025-09-07T00:19:49.016+0000] {logging_mixin.py:190} INFO - [2025-09-07T00:19:49.016+0000] {dag.py:3239} INFO - Sync 1 DAGs
[2025-09-07T00:19:49.030+0000] {logging_mixin.py:190} INFO - [2025-09-07T00:19:49.030+0000] {dag.py:4180} INFO - Setting next_dagrun for example_time_delta_sensor_async to None, run_after=None
[2025-09-07T00:19:49.050+0000] {processor.py:208} INFO - Processing /home/airflow/.local/lib/python3.12/site-packages/airflow/example_dags/example_time_delta_sensor_async.py took 0.073 seconds
[2025-09-07T00:20:19.673+0000] {processor.py:186} INFO - Started process (PID=6518) to work on /home/airflow/.local/lib/python3.12/site-packages/airflow/example_dags/example_time_delta_sensor_async.py
[2025-09-07T00:20:19.675+0000] {processor.py:914} INFO - Processing file /home/airflow/.local/lib/python3.12/site-packages/airflow/example_dags/example_time_delta_sensor_async.py for tasks to queue
[2025-09-07T00:20:19.677+0000] {logging_mixin.py:190} INFO - [2025-09-07T00:20:19.676+0000] {dagbag.py:588} INFO - Filling up the DagBag from /home/airflow/.local/lib/python3.12/site-packages/airflow/example_dags/example_time_delta_sensor_async.py
[2025-09-07T00:20:19.685+0000] {processor.py:925} INFO - DAG(s) 'example_time_delta_sensor_async' retrieved from /home/airflow/.local/lib/python3.12/site-packages/airflow/example_dags/example_time_delta_sensor_async.py
[2025-09-07T00:20:19.705+0000] {logging_mixin.py:190} INFO - [2025-09-07T00:20:19.705+0000] {dag.py:3239} INFO - Sync 1 DAGs
[2025-09-07T00:20:19.721+0000] {logging_mixin.py:190} INFO - [2025-09-07T00:20:19.721+0000] {dag.py:4180} INFO - Setting next_dagrun for example_time_delta_sensor_async to None, run_after=None
[2025-09-07T00:20:19.742+0000] {processor.py:208} INFO - Processing /home/airflow/.local/lib/python3.12/site-packages/airflow/example_dags/example_time_delta_sensor_async.py took 0.075 seconds
