[2025-09-07T00:00:01.099+0000] {processor.py:186} INFO - Started process (PID=3942) to work on /home/airflow/.local/lib/python3.12/site-packages/airflow/example_dags/example_branch_labels.py
[2025-09-07T00:00:01.100+0000] {processor.py:914} INFO - Processing file /home/airflow/.local/lib/python3.12/site-packages/airflow/example_dags/example_branch_labels.py for tasks to queue
[2025-09-07T00:00:01.101+0000] {logging_mixin.py:190} INFO - [2025-09-07T00:00:01.101+0000] {dagbag.py:588} INFO - Filling up the DagBag from /home/airflow/.local/lib/python3.12/site-packages/airflow/example_dags/example_branch_labels.py
[2025-09-07T00:00:01.112+0000] {processor.py:925} INFO - DAG(s) 'example_branch_labels' retrieved from /home/airflow/.local/lib/python3.12/site-packages/airflow/example_dags/example_branch_labels.py
[2025-09-07T00:00:01.143+0000] {logging_mixin.py:190} INFO - [2025-09-07T00:00:01.143+0000] {dag.py:3239} INFO - Sync 1 DAGs
[2025-09-07T00:00:01.175+0000] {logging_mixin.py:190} INFO - [2025-09-07T00:00:01.175+0000] {dag.py:4180} INFO - Setting next_dagrun for example_branch_labels to 2025-09-06 00:00:00+00:00, run_after=2025-09-07 00:00:00+00:00
[2025-09-07T00:00:01.199+0000] {processor.py:208} INFO - Processing /home/airflow/.local/lib/python3.12/site-packages/airflow/example_dags/example_branch_labels.py took 0.107 seconds
[2025-09-07T00:00:31.281+0000] {processor.py:186} INFO - Started process (PID=4007) to work on /home/airflow/.local/lib/python3.12/site-packages/airflow/example_dags/example_branch_labels.py
[2025-09-07T00:00:31.282+0000] {processor.py:914} INFO - Processing file /home/airflow/.local/lib/python3.12/site-packages/airflow/example_dags/example_branch_labels.py for tasks to queue
[2025-09-07T00:00:31.284+0000] {logging_mixin.py:190} INFO - [2025-09-07T00:00:31.284+0000] {dagbag.py:588} INFO - Filling up the DagBag from /home/airflow/.local/lib/python3.12/site-packages/airflow/example_dags/example_branch_labels.py
[2025-09-07T00:00:31.296+0000] {processor.py:925} INFO - DAG(s) 'example_branch_labels' retrieved from /home/airflow/.local/lib/python3.12/site-packages/airflow/example_dags/example_branch_labels.py
[2025-09-07T00:00:31.323+0000] {logging_mixin.py:190} INFO - [2025-09-07T00:00:31.322+0000] {dag.py:3239} INFO - Sync 1 DAGs
[2025-09-07T00:00:31.359+0000] {logging_mixin.py:190} INFO - [2025-09-07T00:00:31.358+0000] {dag.py:4180} INFO - Setting next_dagrun for example_branch_labels to 2025-09-06 00:00:00+00:00, run_after=2025-09-07 00:00:00+00:00
[2025-09-07T00:00:31.392+0000] {processor.py:208} INFO - Processing /home/airflow/.local/lib/python3.12/site-packages/airflow/example_dags/example_branch_labels.py took 0.119 seconds
[2025-09-07T00:01:01.999+0000] {processor.py:186} INFO - Started process (PID=4066) to work on /home/airflow/.local/lib/python3.12/site-packages/airflow/example_dags/example_branch_labels.py
[2025-09-07T00:01:02.001+0000] {processor.py:914} INFO - Processing file /home/airflow/.local/lib/python3.12/site-packages/airflow/example_dags/example_branch_labels.py for tasks to queue
[2025-09-07T00:01:02.003+0000] {logging_mixin.py:190} INFO - [2025-09-07T00:01:02.002+0000] {dagbag.py:588} INFO - Filling up the DagBag from /home/airflow/.local/lib/python3.12/site-packages/airflow/example_dags/example_branch_labels.py
[2025-09-07T00:01:02.014+0000] {processor.py:925} INFO - DAG(s) 'example_branch_labels' retrieved from /home/airflow/.local/lib/python3.12/site-packages/airflow/example_dags/example_branch_labels.py
[2025-09-07T00:01:02.035+0000] {logging_mixin.py:190} INFO - [2025-09-07T00:01:02.035+0000] {dag.py:3239} INFO - Sync 1 DAGs
[2025-09-07T00:01:02.063+0000] {logging_mixin.py:190} INFO - [2025-09-07T00:01:02.063+0000] {dag.py:4180} INFO - Setting next_dagrun for example_branch_labels to 2025-09-06 00:00:00+00:00, run_after=2025-09-07 00:00:00+00:00
[2025-09-07T00:01:02.085+0000] {processor.py:208} INFO - Processing /home/airflow/.local/lib/python3.12/site-packages/airflow/example_dags/example_branch_labels.py took 0.094 seconds
[2025-09-07T00:01:32.166+0000] {processor.py:186} INFO - Started process (PID=4132) to work on /home/airflow/.local/lib/python3.12/site-packages/airflow/example_dags/example_branch_labels.py
[2025-09-07T00:01:32.168+0000] {processor.py:914} INFO - Processing file /home/airflow/.local/lib/python3.12/site-packages/airflow/example_dags/example_branch_labels.py for tasks to queue
[2025-09-07T00:01:32.172+0000] {logging_mixin.py:190} INFO - [2025-09-07T00:01:32.172+0000] {dagbag.py:588} INFO - Filling up the DagBag from /home/airflow/.local/lib/python3.12/site-packages/airflow/example_dags/example_branch_labels.py
[2025-09-07T00:01:32.187+0000] {processor.py:925} INFO - DAG(s) 'example_branch_labels' retrieved from /home/airflow/.local/lib/python3.12/site-packages/airflow/example_dags/example_branch_labels.py
[2025-09-07T00:01:32.216+0000] {logging_mixin.py:190} INFO - [2025-09-07T00:01:32.216+0000] {dag.py:3239} INFO - Sync 1 DAGs
[2025-09-07T00:01:32.250+0000] {logging_mixin.py:190} INFO - [2025-09-07T00:01:32.250+0000] {dag.py:4180} INFO - Setting next_dagrun for example_branch_labels to 2025-09-06 00:00:00+00:00, run_after=2025-09-07 00:00:00+00:00
[2025-09-07T00:01:32.275+0000] {processor.py:208} INFO - Processing /home/airflow/.local/lib/python3.12/site-packages/airflow/example_dags/example_branch_labels.py took 0.114 seconds
[2025-09-07T00:02:03.052+0000] {processor.py:186} INFO - Started process (PID=4197) to work on /home/airflow/.local/lib/python3.12/site-packages/airflow/example_dags/example_branch_labels.py
[2025-09-07T00:02:03.053+0000] {processor.py:914} INFO - Processing file /home/airflow/.local/lib/python3.12/site-packages/airflow/example_dags/example_branch_labels.py for tasks to queue
[2025-09-07T00:02:03.056+0000] {logging_mixin.py:190} INFO - [2025-09-07T00:02:03.055+0000] {dagbag.py:588} INFO - Filling up the DagBag from /home/airflow/.local/lib/python3.12/site-packages/airflow/example_dags/example_branch_labels.py
[2025-09-07T00:02:03.072+0000] {processor.py:925} INFO - DAG(s) 'example_branch_labels' retrieved from /home/airflow/.local/lib/python3.12/site-packages/airflow/example_dags/example_branch_labels.py
[2025-09-07T00:02:03.102+0000] {logging_mixin.py:190} INFO - [2025-09-07T00:02:03.102+0000] {dag.py:3239} INFO - Sync 1 DAGs
[2025-09-07T00:02:03.128+0000] {logging_mixin.py:190} INFO - [2025-09-07T00:02:03.128+0000] {dag.py:4180} INFO - Setting next_dagrun for example_branch_labels to 2025-09-06 00:00:00+00:00, run_after=2025-09-07 00:00:00+00:00
[2025-09-07T00:02:03.150+0000] {processor.py:208} INFO - Processing /home/airflow/.local/lib/python3.12/site-packages/airflow/example_dags/example_branch_labels.py took 0.107 seconds
[2025-09-07T00:02:33.932+0000] {processor.py:186} INFO - Started process (PID=4263) to work on /home/airflow/.local/lib/python3.12/site-packages/airflow/example_dags/example_branch_labels.py
[2025-09-07T00:02:33.933+0000] {processor.py:914} INFO - Processing file /home/airflow/.local/lib/python3.12/site-packages/airflow/example_dags/example_branch_labels.py for tasks to queue
[2025-09-07T00:02:33.936+0000] {logging_mixin.py:190} INFO - [2025-09-07T00:02:33.935+0000] {dagbag.py:588} INFO - Filling up the DagBag from /home/airflow/.local/lib/python3.12/site-packages/airflow/example_dags/example_branch_labels.py
[2025-09-07T00:02:33.951+0000] {processor.py:925} INFO - DAG(s) 'example_branch_labels' retrieved from /home/airflow/.local/lib/python3.12/site-packages/airflow/example_dags/example_branch_labels.py
[2025-09-07T00:02:33.980+0000] {logging_mixin.py:190} INFO - [2025-09-07T00:02:33.980+0000] {dag.py:3239} INFO - Sync 1 DAGs
[2025-09-07T00:02:34.014+0000] {logging_mixin.py:190} INFO - [2025-09-07T00:02:34.013+0000] {dag.py:4180} INFO - Setting next_dagrun for example_branch_labels to 2025-09-06 00:00:00+00:00, run_after=2025-09-07 00:00:00+00:00
[2025-09-07T00:02:34.038+0000] {processor.py:208} INFO - Processing /home/airflow/.local/lib/python3.12/site-packages/airflow/example_dags/example_branch_labels.py took 0.115 seconds
[2025-09-07T00:03:04.791+0000] {processor.py:186} INFO - Started process (PID=4329) to work on /home/airflow/.local/lib/python3.12/site-packages/airflow/example_dags/example_branch_labels.py
[2025-09-07T00:03:04.793+0000] {processor.py:914} INFO - Processing file /home/airflow/.local/lib/python3.12/site-packages/airflow/example_dags/example_branch_labels.py for tasks to queue
[2025-09-07T00:03:04.795+0000] {logging_mixin.py:190} INFO - [2025-09-07T00:03:04.794+0000] {dagbag.py:588} INFO - Filling up the DagBag from /home/airflow/.local/lib/python3.12/site-packages/airflow/example_dags/example_branch_labels.py
[2025-09-07T00:03:04.811+0000] {processor.py:925} INFO - DAG(s) 'example_branch_labels' retrieved from /home/airflow/.local/lib/python3.12/site-packages/airflow/example_dags/example_branch_labels.py
[2025-09-07T00:03:04.836+0000] {logging_mixin.py:190} INFO - [2025-09-07T00:03:04.836+0000] {dag.py:3239} INFO - Sync 1 DAGs
[2025-09-07T00:03:04.862+0000] {logging_mixin.py:190} INFO - [2025-09-07T00:03:04.861+0000] {dag.py:4180} INFO - Setting next_dagrun for example_branch_labels to 2025-09-06 00:00:00+00:00, run_after=2025-09-07 00:00:00+00:00
[2025-09-07T00:03:04.886+0000] {processor.py:208} INFO - Processing /home/airflow/.local/lib/python3.12/site-packages/airflow/example_dags/example_branch_labels.py took 0.099 seconds
[2025-09-07T00:03:35.504+0000] {processor.py:186} INFO - Started process (PID=4395) to work on /home/airflow/.local/lib/python3.12/site-packages/airflow/example_dags/example_branch_labels.py
[2025-09-07T00:03:35.507+0000] {processor.py:914} INFO - Processing file /home/airflow/.local/lib/python3.12/site-packages/airflow/example_dags/example_branch_labels.py for tasks to queue
[2025-09-07T00:03:35.510+0000] {logging_mixin.py:190} INFO - [2025-09-07T00:03:35.509+0000] {dagbag.py:588} INFO - Filling up the DagBag from /home/airflow/.local/lib/python3.12/site-packages/airflow/example_dags/example_branch_labels.py
[2025-09-07T00:03:35.527+0000] {processor.py:925} INFO - DAG(s) 'example_branch_labels' retrieved from /home/airflow/.local/lib/python3.12/site-packages/airflow/example_dags/example_branch_labels.py
[2025-09-07T00:03:35.554+0000] {logging_mixin.py:190} INFO - [2025-09-07T00:03:35.554+0000] {dag.py:3239} INFO - Sync 1 DAGs
[2025-09-07T00:03:35.581+0000] {logging_mixin.py:190} INFO - [2025-09-07T00:03:35.580+0000] {dag.py:4180} INFO - Setting next_dagrun for example_branch_labels to 2025-09-06 00:00:00+00:00, run_after=2025-09-07 00:00:00+00:00
[2025-09-07T00:03:35.608+0000] {processor.py:208} INFO - Processing /home/airflow/.local/lib/python3.12/site-packages/airflow/example_dags/example_branch_labels.py took 0.113 seconds
[2025-09-07T00:04:05.977+0000] {processor.py:186} INFO - Started process (PID=4461) to work on /home/airflow/.local/lib/python3.12/site-packages/airflow/example_dags/example_branch_labels.py
[2025-09-07T00:04:05.979+0000] {processor.py:914} INFO - Processing file /home/airflow/.local/lib/python3.12/site-packages/airflow/example_dags/example_branch_labels.py for tasks to queue
[2025-09-07T00:04:05.982+0000] {logging_mixin.py:190} INFO - [2025-09-07T00:04:05.981+0000] {dagbag.py:588} INFO - Filling up the DagBag from /home/airflow/.local/lib/python3.12/site-packages/airflow/example_dags/example_branch_labels.py
[2025-09-07T00:04:05.999+0000] {processor.py:925} INFO - DAG(s) 'example_branch_labels' retrieved from /home/airflow/.local/lib/python3.12/site-packages/airflow/example_dags/example_branch_labels.py
[2025-09-07T00:04:06.032+0000] {logging_mixin.py:190} INFO - [2025-09-07T00:04:06.031+0000] {dag.py:3239} INFO - Sync 1 DAGs
[2025-09-07T00:04:06.064+0000] {logging_mixin.py:190} INFO - [2025-09-07T00:04:06.064+0000] {dag.py:4180} INFO - Setting next_dagrun for example_branch_labels to 2025-09-06 00:00:00+00:00, run_after=2025-09-07 00:00:00+00:00
[2025-09-07T00:04:06.091+0000] {processor.py:208} INFO - Processing /home/airflow/.local/lib/python3.12/site-packages/airflow/example_dags/example_branch_labels.py took 0.124 seconds
[2025-09-07T00:04:37.026+0000] {processor.py:186} INFO - Started process (PID=4527) to work on /home/airflow/.local/lib/python3.12/site-packages/airflow/example_dags/example_branch_labels.py
[2025-09-07T00:04:37.028+0000] {processor.py:914} INFO - Processing file /home/airflow/.local/lib/python3.12/site-packages/airflow/example_dags/example_branch_labels.py for tasks to queue
[2025-09-07T00:04:37.030+0000] {logging_mixin.py:190} INFO - [2025-09-07T00:04:37.030+0000] {dagbag.py:588} INFO - Filling up the DagBag from /home/airflow/.local/lib/python3.12/site-packages/airflow/example_dags/example_branch_labels.py
[2025-09-07T00:04:37.044+0000] {processor.py:925} INFO - DAG(s) 'example_branch_labels' retrieved from /home/airflow/.local/lib/python3.12/site-packages/airflow/example_dags/example_branch_labels.py
[2025-09-07T00:04:37.077+0000] {logging_mixin.py:190} INFO - [2025-09-07T00:04:37.076+0000] {dag.py:3239} INFO - Sync 1 DAGs
[2025-09-07T00:04:37.103+0000] {logging_mixin.py:190} INFO - [2025-09-07T00:04:37.102+0000] {dag.py:4180} INFO - Setting next_dagrun for example_branch_labels to 2025-09-06 00:00:00+00:00, run_after=2025-09-07 00:00:00+00:00
[2025-09-07T00:04:37.124+0000] {processor.py:208} INFO - Processing /home/airflow/.local/lib/python3.12/site-packages/airflow/example_dags/example_branch_labels.py took 0.107 seconds
[2025-09-07T00:05:07.621+0000] {processor.py:186} INFO - Started process (PID=4593) to work on /home/airflow/.local/lib/python3.12/site-packages/airflow/example_dags/example_branch_labels.py
[2025-09-07T00:05:07.624+0000] {processor.py:914} INFO - Processing file /home/airflow/.local/lib/python3.12/site-packages/airflow/example_dags/example_branch_labels.py for tasks to queue
[2025-09-07T00:05:07.628+0000] {logging_mixin.py:190} INFO - [2025-09-07T00:05:07.627+0000] {dagbag.py:588} INFO - Filling up the DagBag from /home/airflow/.local/lib/python3.12/site-packages/airflow/example_dags/example_branch_labels.py
[2025-09-07T00:05:07.650+0000] {processor.py:925} INFO - DAG(s) 'example_branch_labels' retrieved from /home/airflow/.local/lib/python3.12/site-packages/airflow/example_dags/example_branch_labels.py
[2025-09-07T00:05:07.687+0000] {logging_mixin.py:190} INFO - [2025-09-07T00:05:07.687+0000] {dag.py:3239} INFO - Sync 1 DAGs
[2025-09-07T00:05:07.724+0000] {logging_mixin.py:190} INFO - [2025-09-07T00:05:07.724+0000] {dag.py:4180} INFO - Setting next_dagrun for example_branch_labels to 2025-09-06 00:00:00+00:00, run_after=2025-09-07 00:00:00+00:00
[2025-09-07T00:05:07.750+0000] {processor.py:208} INFO - Processing /home/airflow/.local/lib/python3.12/site-packages/airflow/example_dags/example_branch_labels.py took 0.141 seconds
[2025-09-07T00:05:38.619+0000] {processor.py:186} INFO - Started process (PID=4659) to work on /home/airflow/.local/lib/python3.12/site-packages/airflow/example_dags/example_branch_labels.py
[2025-09-07T00:05:38.620+0000] {processor.py:914} INFO - Processing file /home/airflow/.local/lib/python3.12/site-packages/airflow/example_dags/example_branch_labels.py for tasks to queue
[2025-09-07T00:05:38.623+0000] {logging_mixin.py:190} INFO - [2025-09-07T00:05:38.622+0000] {dagbag.py:588} INFO - Filling up the DagBag from /home/airflow/.local/lib/python3.12/site-packages/airflow/example_dags/example_branch_labels.py
[2025-09-07T00:05:38.639+0000] {processor.py:925} INFO - DAG(s) 'example_branch_labels' retrieved from /home/airflow/.local/lib/python3.12/site-packages/airflow/example_dags/example_branch_labels.py
[2025-09-07T00:05:38.667+0000] {logging_mixin.py:190} INFO - [2025-09-07T00:05:38.666+0000] {dag.py:3239} INFO - Sync 1 DAGs
[2025-09-07T00:05:38.698+0000] {logging_mixin.py:190} INFO - [2025-09-07T00:05:38.698+0000] {dag.py:4180} INFO - Setting next_dagrun for example_branch_labels to 2025-09-06 00:00:00+00:00, run_after=2025-09-07 00:00:00+00:00
[2025-09-07T00:05:38.721+0000] {processor.py:208} INFO - Processing /home/airflow/.local/lib/python3.12/site-packages/airflow/example_dags/example_branch_labels.py took 0.110 seconds
[2025-09-07T00:06:09.502+0000] {processor.py:186} INFO - Started process (PID=4725) to work on /home/airflow/.local/lib/python3.12/site-packages/airflow/example_dags/example_branch_labels.py
[2025-09-07T00:06:09.504+0000] {processor.py:914} INFO - Processing file /home/airflow/.local/lib/python3.12/site-packages/airflow/example_dags/example_branch_labels.py for tasks to queue
[2025-09-07T00:06:09.507+0000] {logging_mixin.py:190} INFO - [2025-09-07T00:06:09.506+0000] {dagbag.py:588} INFO - Filling up the DagBag from /home/airflow/.local/lib/python3.12/site-packages/airflow/example_dags/example_branch_labels.py
[2025-09-07T00:06:09.523+0000] {processor.py:925} INFO - DAG(s) 'example_branch_labels' retrieved from /home/airflow/.local/lib/python3.12/site-packages/airflow/example_dags/example_branch_labels.py
[2025-09-07T00:06:09.550+0000] {logging_mixin.py:190} INFO - [2025-09-07T00:06:09.550+0000] {dag.py:3239} INFO - Sync 1 DAGs
[2025-09-07T00:06:09.583+0000] {logging_mixin.py:190} INFO - [2025-09-07T00:06:09.582+0000] {dag.py:4180} INFO - Setting next_dagrun for example_branch_labels to 2025-09-06 00:00:00+00:00, run_after=2025-09-07 00:00:00+00:00
[2025-09-07T00:06:09.609+0000] {processor.py:208} INFO - Processing /home/airflow/.local/lib/python3.12/site-packages/airflow/example_dags/example_branch_labels.py took 0.115 seconds
[2025-09-07T00:06:40.068+0000] {processor.py:186} INFO - Started process (PID=4791) to work on /home/airflow/.local/lib/python3.12/site-packages/airflow/example_dags/example_branch_labels.py
[2025-09-07T00:06:40.070+0000] {processor.py:914} INFO - Processing file /home/airflow/.local/lib/python3.12/site-packages/airflow/example_dags/example_branch_labels.py for tasks to queue
[2025-09-07T00:06:40.072+0000] {logging_mixin.py:190} INFO - [2025-09-07T00:06:40.072+0000] {dagbag.py:588} INFO - Filling up the DagBag from /home/airflow/.local/lib/python3.12/site-packages/airflow/example_dags/example_branch_labels.py
[2025-09-07T00:06:40.091+0000] {processor.py:925} INFO - DAG(s) 'example_branch_labels' retrieved from /home/airflow/.local/lib/python3.12/site-packages/airflow/example_dags/example_branch_labels.py
[2025-09-07T00:06:40.119+0000] {logging_mixin.py:190} INFO - [2025-09-07T00:06:40.119+0000] {dag.py:3239} INFO - Sync 1 DAGs
[2025-09-07T00:06:40.155+0000] {logging_mixin.py:190} INFO - [2025-09-07T00:06:40.155+0000] {dag.py:4180} INFO - Setting next_dagrun for example_branch_labels to 2025-09-06 00:00:00+00:00, run_after=2025-09-07 00:00:00+00:00
[2025-09-07T00:06:40.180+0000] {processor.py:208} INFO - Processing /home/airflow/.local/lib/python3.12/site-packages/airflow/example_dags/example_branch_labels.py took 0.120 seconds
[2025-09-07T00:07:10.496+0000] {processor.py:186} INFO - Started process (PID=4857) to work on /home/airflow/.local/lib/python3.12/site-packages/airflow/example_dags/example_branch_labels.py
[2025-09-07T00:07:10.497+0000] {processor.py:914} INFO - Processing file /home/airflow/.local/lib/python3.12/site-packages/airflow/example_dags/example_branch_labels.py for tasks to queue
[2025-09-07T00:07:10.500+0000] {logging_mixin.py:190} INFO - [2025-09-07T00:07:10.499+0000] {dagbag.py:588} INFO - Filling up the DagBag from /home/airflow/.local/lib/python3.12/site-packages/airflow/example_dags/example_branch_labels.py
[2025-09-07T00:07:10.517+0000] {processor.py:925} INFO - DAG(s) 'example_branch_labels' retrieved from /home/airflow/.local/lib/python3.12/site-packages/airflow/example_dags/example_branch_labels.py
[2025-09-07T00:07:10.546+0000] {logging_mixin.py:190} INFO - [2025-09-07T00:07:10.546+0000] {dag.py:3239} INFO - Sync 1 DAGs
[2025-09-07T00:07:10.576+0000] {logging_mixin.py:190} INFO - [2025-09-07T00:07:10.575+0000] {dag.py:4180} INFO - Setting next_dagrun for example_branch_labels to 2025-09-06 00:00:00+00:00, run_after=2025-09-07 00:00:00+00:00
[2025-09-07T00:07:10.597+0000] {processor.py:208} INFO - Processing /home/airflow/.local/lib/python3.12/site-packages/airflow/example_dags/example_branch_labels.py took 0.110 seconds
[2025-09-07T00:07:41.046+0000] {processor.py:186} INFO - Started process (PID=4923) to work on /home/airflow/.local/lib/python3.12/site-packages/airflow/example_dags/example_branch_labels.py
[2025-09-07T00:07:41.048+0000] {processor.py:914} INFO - Processing file /home/airflow/.local/lib/python3.12/site-packages/airflow/example_dags/example_branch_labels.py for tasks to queue
[2025-09-07T00:07:41.051+0000] {logging_mixin.py:190} INFO - [2025-09-07T00:07:41.051+0000] {dagbag.py:588} INFO - Filling up the DagBag from /home/airflow/.local/lib/python3.12/site-packages/airflow/example_dags/example_branch_labels.py
[2025-09-07T00:07:41.069+0000] {processor.py:925} INFO - DAG(s) 'example_branch_labels' retrieved from /home/airflow/.local/lib/python3.12/site-packages/airflow/example_dags/example_branch_labels.py
[2025-09-07T00:07:41.097+0000] {logging_mixin.py:190} INFO - [2025-09-07T00:07:41.097+0000] {dag.py:3239} INFO - Sync 1 DAGs
[2025-09-07T00:07:41.127+0000] {logging_mixin.py:190} INFO - [2025-09-07T00:07:41.127+0000] {dag.py:4180} INFO - Setting next_dagrun for example_branch_labels to 2025-09-06 00:00:00+00:00, run_after=2025-09-07 00:00:00+00:00
[2025-09-07T00:07:41.152+0000] {processor.py:208} INFO - Processing /home/airflow/.local/lib/python3.12/site-packages/airflow/example_dags/example_branch_labels.py took 0.117 seconds
[2025-09-07T00:08:11.843+0000] {processor.py:186} INFO - Started process (PID=4989) to work on /home/airflow/.local/lib/python3.12/site-packages/airflow/example_dags/example_branch_labels.py
[2025-09-07T00:08:11.845+0000] {processor.py:914} INFO - Processing file /home/airflow/.local/lib/python3.12/site-packages/airflow/example_dags/example_branch_labels.py for tasks to queue
[2025-09-07T00:08:11.847+0000] {logging_mixin.py:190} INFO - [2025-09-07T00:08:11.847+0000] {dagbag.py:588} INFO - Filling up the DagBag from /home/airflow/.local/lib/python3.12/site-packages/airflow/example_dags/example_branch_labels.py
[2025-09-07T00:08:11.865+0000] {processor.py:925} INFO - DAG(s) 'example_branch_labels' retrieved from /home/airflow/.local/lib/python3.12/site-packages/airflow/example_dags/example_branch_labels.py
[2025-09-07T00:08:11.902+0000] {logging_mixin.py:190} INFO - [2025-09-07T00:08:11.901+0000] {dag.py:3239} INFO - Sync 1 DAGs
[2025-09-07T00:08:11.948+0000] {logging_mixin.py:190} INFO - [2025-09-07T00:08:11.948+0000] {dag.py:4180} INFO - Setting next_dagrun for example_branch_labels to 2025-09-06 00:00:00+00:00, run_after=2025-09-07 00:00:00+00:00
[2025-09-07T00:08:11.980+0000] {processor.py:208} INFO - Processing /home/airflow/.local/lib/python3.12/site-packages/airflow/example_dags/example_branch_labels.py took 0.146 seconds
[2025-09-07T00:08:42.102+0000] {processor.py:186} INFO - Started process (PID=5047) to work on /home/airflow/.local/lib/python3.12/site-packages/airflow/example_dags/example_branch_labels.py
[2025-09-07T00:08:42.104+0000] {processor.py:914} INFO - Processing file /home/airflow/.local/lib/python3.12/site-packages/airflow/example_dags/example_branch_labels.py for tasks to queue
[2025-09-07T00:08:42.106+0000] {logging_mixin.py:190} INFO - [2025-09-07T00:08:42.105+0000] {dagbag.py:588} INFO - Filling up the DagBag from /home/airflow/.local/lib/python3.12/site-packages/airflow/example_dags/example_branch_labels.py
[2025-09-07T00:08:42.122+0000] {processor.py:925} INFO - DAG(s) 'example_branch_labels' retrieved from /home/airflow/.local/lib/python3.12/site-packages/airflow/example_dags/example_branch_labels.py
[2025-09-07T00:08:42.148+0000] {logging_mixin.py:190} INFO - [2025-09-07T00:08:42.148+0000] {dag.py:3239} INFO - Sync 1 DAGs
[2025-09-07T00:08:42.181+0000] {logging_mixin.py:190} INFO - [2025-09-07T00:08:42.181+0000] {dag.py:4180} INFO - Setting next_dagrun for example_branch_labels to 2025-09-06 00:00:00+00:00, run_after=2025-09-07 00:00:00+00:00
[2025-09-07T00:08:42.208+0000] {processor.py:208} INFO - Processing /home/airflow/.local/lib/python3.12/site-packages/airflow/example_dags/example_branch_labels.py took 0.115 seconds
[2025-09-07T00:09:12.286+0000] {processor.py:186} INFO - Started process (PID=5113) to work on /home/airflow/.local/lib/python3.12/site-packages/airflow/example_dags/example_branch_labels.py
[2025-09-07T00:09:12.287+0000] {processor.py:914} INFO - Processing file /home/airflow/.local/lib/python3.12/site-packages/airflow/example_dags/example_branch_labels.py for tasks to queue
[2025-09-07T00:09:12.290+0000] {logging_mixin.py:190} INFO - [2025-09-07T00:09:12.289+0000] {dagbag.py:588} INFO - Filling up the DagBag from /home/airflow/.local/lib/python3.12/site-packages/airflow/example_dags/example_branch_labels.py
[2025-09-07T00:09:12.301+0000] {processor.py:925} INFO - DAG(s) 'example_branch_labels' retrieved from /home/airflow/.local/lib/python3.12/site-packages/airflow/example_dags/example_branch_labels.py
[2025-09-07T00:09:12.326+0000] {logging_mixin.py:190} INFO - [2025-09-07T00:09:12.325+0000] {dag.py:3239} INFO - Sync 1 DAGs
[2025-09-07T00:09:12.356+0000] {logging_mixin.py:190} INFO - [2025-09-07T00:09:12.355+0000] {dag.py:4180} INFO - Setting next_dagrun for example_branch_labels to 2025-09-06 00:00:00+00:00, run_after=2025-09-07 00:00:00+00:00
[2025-09-07T00:09:12.377+0000] {processor.py:208} INFO - Processing /home/airflow/.local/lib/python3.12/site-packages/airflow/example_dags/example_branch_labels.py took 0.096 seconds
[2025-09-07T00:09:42.491+0000] {processor.py:186} INFO - Started process (PID=5179) to work on /home/airflow/.local/lib/python3.12/site-packages/airflow/example_dags/example_branch_labels.py
[2025-09-07T00:09:42.492+0000] {processor.py:914} INFO - Processing file /home/airflow/.local/lib/python3.12/site-packages/airflow/example_dags/example_branch_labels.py for tasks to queue
[2025-09-07T00:09:42.498+0000] {logging_mixin.py:190} INFO - [2025-09-07T00:09:42.497+0000] {dagbag.py:588} INFO - Filling up the DagBag from /home/airflow/.local/lib/python3.12/site-packages/airflow/example_dags/example_branch_labels.py
[2025-09-07T00:09:42.518+0000] {processor.py:925} INFO - DAG(s) 'example_branch_labels' retrieved from /home/airflow/.local/lib/python3.12/site-packages/airflow/example_dags/example_branch_labels.py
[2025-09-07T00:09:42.548+0000] {logging_mixin.py:190} INFO - [2025-09-07T00:09:42.548+0000] {dag.py:3239} INFO - Sync 1 DAGs
[2025-09-07T00:09:42.586+0000] {logging_mixin.py:190} INFO - [2025-09-07T00:09:42.585+0000] {dag.py:4180} INFO - Setting next_dagrun for example_branch_labels to 2025-09-06 00:00:00+00:00, run_after=2025-09-07 00:00:00+00:00
[2025-09-07T00:09:42.609+0000] {processor.py:208} INFO - Processing /home/airflow/.local/lib/python3.12/site-packages/airflow/example_dags/example_branch_labels.py took 0.126 seconds
[2025-09-07T00:10:13.275+0000] {processor.py:186} INFO - Started process (PID=5245) to work on /home/airflow/.local/lib/python3.12/site-packages/airflow/example_dags/example_branch_labels.py
[2025-09-07T00:10:13.276+0000] {processor.py:914} INFO - Processing file /home/airflow/.local/lib/python3.12/site-packages/airflow/example_dags/example_branch_labels.py for tasks to queue
[2025-09-07T00:10:13.279+0000] {logging_mixin.py:190} INFO - [2025-09-07T00:10:13.278+0000] {dagbag.py:588} INFO - Filling up the DagBag from /home/airflow/.local/lib/python3.12/site-packages/airflow/example_dags/example_branch_labels.py
[2025-09-07T00:10:13.297+0000] {processor.py:925} INFO - DAG(s) 'example_branch_labels' retrieved from /home/airflow/.local/lib/python3.12/site-packages/airflow/example_dags/example_branch_labels.py
[2025-09-07T00:10:13.325+0000] {logging_mixin.py:190} INFO - [2025-09-07T00:10:13.325+0000] {dag.py:3239} INFO - Sync 1 DAGs
[2025-09-07T00:10:13.360+0000] {logging_mixin.py:190} INFO - [2025-09-07T00:10:13.360+0000] {dag.py:4180} INFO - Setting next_dagrun for example_branch_labels to 2025-09-06 00:00:00+00:00, run_after=2025-09-07 00:00:00+00:00
[2025-09-07T00:10:13.386+0000] {processor.py:208} INFO - Processing /home/airflow/.local/lib/python3.12/site-packages/airflow/example_dags/example_branch_labels.py took 0.118 seconds
[2025-09-07T00:10:43.491+0000] {processor.py:186} INFO - Started process (PID=5312) to work on /home/airflow/.local/lib/python3.12/site-packages/airflow/example_dags/example_branch_labels.py
[2025-09-07T00:10:43.492+0000] {processor.py:914} INFO - Processing file /home/airflow/.local/lib/python3.12/site-packages/airflow/example_dags/example_branch_labels.py for tasks to queue
[2025-09-07T00:10:43.494+0000] {logging_mixin.py:190} INFO - [2025-09-07T00:10:43.494+0000] {dagbag.py:588} INFO - Filling up the DagBag from /home/airflow/.local/lib/python3.12/site-packages/airflow/example_dags/example_branch_labels.py
[2025-09-07T00:10:43.511+0000] {processor.py:925} INFO - DAG(s) 'example_branch_labels' retrieved from /home/airflow/.local/lib/python3.12/site-packages/airflow/example_dags/example_branch_labels.py
[2025-09-07T00:10:43.538+0000] {logging_mixin.py:190} INFO - [2025-09-07T00:10:43.537+0000] {dag.py:3239} INFO - Sync 1 DAGs
[2025-09-07T00:10:43.565+0000] {logging_mixin.py:190} INFO - [2025-09-07T00:10:43.564+0000] {dag.py:4180} INFO - Setting next_dagrun for example_branch_labels to 2025-09-06 00:00:00+00:00, run_after=2025-09-07 00:00:00+00:00
[2025-09-07T00:10:43.589+0000] {processor.py:208} INFO - Processing /home/airflow/.local/lib/python3.12/site-packages/airflow/example_dags/example_branch_labels.py took 0.102 seconds
[2025-09-07T00:11:14.156+0000] {processor.py:186} INFO - Started process (PID=5377) to work on /home/airflow/.local/lib/python3.12/site-packages/airflow/example_dags/example_branch_labels.py
[2025-09-07T00:11:14.157+0000] {processor.py:914} INFO - Processing file /home/airflow/.local/lib/python3.12/site-packages/airflow/example_dags/example_branch_labels.py for tasks to queue
[2025-09-07T00:11:14.160+0000] {logging_mixin.py:190} INFO - [2025-09-07T00:11:14.159+0000] {dagbag.py:588} INFO - Filling up the DagBag from /home/airflow/.local/lib/python3.12/site-packages/airflow/example_dags/example_branch_labels.py
[2025-09-07T00:11:14.178+0000] {processor.py:925} INFO - DAG(s) 'example_branch_labels' retrieved from /home/airflow/.local/lib/python3.12/site-packages/airflow/example_dags/example_branch_labels.py
[2025-09-07T00:11:14.207+0000] {logging_mixin.py:190} INFO - [2025-09-07T00:11:14.207+0000] {dag.py:3239} INFO - Sync 1 DAGs
[2025-09-07T00:11:14.242+0000] {logging_mixin.py:190} INFO - [2025-09-07T00:11:14.242+0000] {dag.py:4180} INFO - Setting next_dagrun for example_branch_labels to 2025-09-06 00:00:00+00:00, run_after=2025-09-07 00:00:00+00:00
[2025-09-07T00:11:14.272+0000] {processor.py:208} INFO - Processing /home/airflow/.local/lib/python3.12/site-packages/airflow/example_dags/example_branch_labels.py took 0.125 seconds
[2025-09-07T00:11:44.605+0000] {processor.py:186} INFO - Started process (PID=5443) to work on /home/airflow/.local/lib/python3.12/site-packages/airflow/example_dags/example_branch_labels.py
[2025-09-07T00:11:44.606+0000] {processor.py:914} INFO - Processing file /home/airflow/.local/lib/python3.12/site-packages/airflow/example_dags/example_branch_labels.py for tasks to queue
[2025-09-07T00:11:44.608+0000] {logging_mixin.py:190} INFO - [2025-09-07T00:11:44.607+0000] {dagbag.py:588} INFO - Filling up the DagBag from /home/airflow/.local/lib/python3.12/site-packages/airflow/example_dags/example_branch_labels.py
[2025-09-07T00:11:44.617+0000] {processor.py:925} INFO - DAG(s) 'example_branch_labels' retrieved from /home/airflow/.local/lib/python3.12/site-packages/airflow/example_dags/example_branch_labels.py
[2025-09-07T00:11:44.645+0000] {logging_mixin.py:190} INFO - [2025-09-07T00:11:44.644+0000] {dag.py:3239} INFO - Sync 1 DAGs
[2025-09-07T00:11:44.671+0000] {logging_mixin.py:190} INFO - [2025-09-07T00:11:44.671+0000] {dag.py:4180} INFO - Setting next_dagrun for example_branch_labels to 2025-09-06 00:00:00+00:00, run_after=2025-09-07 00:00:00+00:00
[2025-09-07T00:11:44.697+0000] {processor.py:208} INFO - Processing /home/airflow/.local/lib/python3.12/site-packages/airflow/example_dags/example_branch_labels.py took 0.098 seconds
[2025-09-07T00:12:14.865+0000] {processor.py:186} INFO - Started process (PID=5504) to work on /home/airflow/.local/lib/python3.12/site-packages/airflow/example_dags/example_branch_labels.py
[2025-09-07T00:12:14.866+0000] {processor.py:914} INFO - Processing file /home/airflow/.local/lib/python3.12/site-packages/airflow/example_dags/example_branch_labels.py for tasks to queue
[2025-09-07T00:12:14.867+0000] {logging_mixin.py:190} INFO - [2025-09-07T00:12:14.867+0000] {dagbag.py:588} INFO - Filling up the DagBag from /home/airflow/.local/lib/python3.12/site-packages/airflow/example_dags/example_branch_labels.py
[2025-09-07T00:12:14.878+0000] {processor.py:925} INFO - DAG(s) 'example_branch_labels' retrieved from /home/airflow/.local/lib/python3.12/site-packages/airflow/example_dags/example_branch_labels.py
[2025-09-07T00:12:14.901+0000] {logging_mixin.py:190} INFO - [2025-09-07T00:12:14.901+0000] {dag.py:3239} INFO - Sync 1 DAGs
[2025-09-07T00:12:14.922+0000] {logging_mixin.py:190} INFO - [2025-09-07T00:12:14.922+0000] {dag.py:4180} INFO - Setting next_dagrun for example_branch_labels to 2025-09-06 00:00:00+00:00, run_after=2025-09-07 00:00:00+00:00
[2025-09-07T00:12:14.939+0000] {processor.py:208} INFO - Processing /home/airflow/.local/lib/python3.12/site-packages/airflow/example_dags/example_branch_labels.py took 0.078 seconds
[2025-09-07T00:12:45.720+0000] {processor.py:186} INFO - Started process (PID=5570) to work on /home/airflow/.local/lib/python3.12/site-packages/airflow/example_dags/example_branch_labels.py
[2025-09-07T00:12:45.721+0000] {processor.py:914} INFO - Processing file /home/airflow/.local/lib/python3.12/site-packages/airflow/example_dags/example_branch_labels.py for tasks to queue
[2025-09-07T00:12:45.723+0000] {logging_mixin.py:190} INFO - [2025-09-07T00:12:45.723+0000] {dagbag.py:588} INFO - Filling up the DagBag from /home/airflow/.local/lib/python3.12/site-packages/airflow/example_dags/example_branch_labels.py
[2025-09-07T00:12:45.739+0000] {processor.py:925} INFO - DAG(s) 'example_branch_labels' retrieved from /home/airflow/.local/lib/python3.12/site-packages/airflow/example_dags/example_branch_labels.py
[2025-09-07T00:12:45.768+0000] {logging_mixin.py:190} INFO - [2025-09-07T00:12:45.767+0000] {dag.py:3239} INFO - Sync 1 DAGs
[2025-09-07T00:12:45.795+0000] {logging_mixin.py:190} INFO - [2025-09-07T00:12:45.795+0000] {dag.py:4180} INFO - Setting next_dagrun for example_branch_labels to 2025-09-06 00:00:00+00:00, run_after=2025-09-07 00:00:00+00:00
[2025-09-07T00:12:45.816+0000] {processor.py:208} INFO - Processing /home/airflow/.local/lib/python3.12/site-packages/airflow/example_dags/example_branch_labels.py took 0.103 seconds
[2025-09-07T00:13:15.874+0000] {processor.py:186} INFO - Started process (PID=5635) to work on /home/airflow/.local/lib/python3.12/site-packages/airflow/example_dags/example_branch_labels.py
[2025-09-07T00:13:15.876+0000] {processor.py:914} INFO - Processing file /home/airflow/.local/lib/python3.12/site-packages/airflow/example_dags/example_branch_labels.py for tasks to queue
[2025-09-07T00:13:15.878+0000] {logging_mixin.py:190} INFO - [2025-09-07T00:13:15.877+0000] {dagbag.py:588} INFO - Filling up the DagBag from /home/airflow/.local/lib/python3.12/site-packages/airflow/example_dags/example_branch_labels.py
[2025-09-07T00:13:15.893+0000] {processor.py:925} INFO - DAG(s) 'example_branch_labels' retrieved from /home/airflow/.local/lib/python3.12/site-packages/airflow/example_dags/example_branch_labels.py
[2025-09-07T00:13:15.924+0000] {logging_mixin.py:190} INFO - [2025-09-07T00:13:15.924+0000] {dag.py:3239} INFO - Sync 1 DAGs
[2025-09-07T00:13:15.956+0000] {logging_mixin.py:190} INFO - [2025-09-07T00:13:15.955+0000] {dag.py:4180} INFO - Setting next_dagrun for example_branch_labels to 2025-09-06 00:00:00+00:00, run_after=2025-09-07 00:00:00+00:00
[2025-09-07T00:13:15.982+0000] {processor.py:208} INFO - Processing /home/airflow/.local/lib/python3.12/site-packages/airflow/example_dags/example_branch_labels.py took 0.112 seconds
[2025-09-07T00:13:46.484+0000] {processor.py:186} INFO - Started process (PID=5701) to work on /home/airflow/.local/lib/python3.12/site-packages/airflow/example_dags/example_branch_labels.py
[2025-09-07T00:13:46.486+0000] {processor.py:914} INFO - Processing file /home/airflow/.local/lib/python3.12/site-packages/airflow/example_dags/example_branch_labels.py for tasks to queue
[2025-09-07T00:13:46.489+0000] {logging_mixin.py:190} INFO - [2025-09-07T00:13:46.488+0000] {dagbag.py:588} INFO - Filling up the DagBag from /home/airflow/.local/lib/python3.12/site-packages/airflow/example_dags/example_branch_labels.py
[2025-09-07T00:13:46.507+0000] {processor.py:925} INFO - DAG(s) 'example_branch_labels' retrieved from /home/airflow/.local/lib/python3.12/site-packages/airflow/example_dags/example_branch_labels.py
[2025-09-07T00:13:46.539+0000] {logging_mixin.py:190} INFO - [2025-09-07T00:13:46.538+0000] {dag.py:3239} INFO - Sync 1 DAGs
[2025-09-07T00:13:46.832+0000] {logging_mixin.py:190} INFO - [2025-09-07T00:13:46.831+0000] {dag.py:4180} INFO - Setting next_dagrun for example_branch_labels to 2025-09-06 00:00:00+00:00, run_after=2025-09-07 00:00:00+00:00
[2025-09-07T00:13:46.858+0000] {processor.py:208} INFO - Processing /home/airflow/.local/lib/python3.12/site-packages/airflow/example_dags/example_branch_labels.py took 0.385 seconds
[2025-09-07T00:14:17.295+0000] {processor.py:186} INFO - Started process (PID=5767) to work on /home/airflow/.local/lib/python3.12/site-packages/airflow/example_dags/example_branch_labels.py
[2025-09-07T00:14:17.297+0000] {processor.py:914} INFO - Processing file /home/airflow/.local/lib/python3.12/site-packages/airflow/example_dags/example_branch_labels.py for tasks to queue
[2025-09-07T00:14:17.300+0000] {logging_mixin.py:190} INFO - [2025-09-07T00:14:17.299+0000] {dagbag.py:588} INFO - Filling up the DagBag from /home/airflow/.local/lib/python3.12/site-packages/airflow/example_dags/example_branch_labels.py
[2025-09-07T00:14:17.315+0000] {processor.py:925} INFO - DAG(s) 'example_branch_labels' retrieved from /home/airflow/.local/lib/python3.12/site-packages/airflow/example_dags/example_branch_labels.py
[2025-09-07T00:14:17.346+0000] {logging_mixin.py:190} INFO - [2025-09-07T00:14:17.346+0000] {dag.py:3239} INFO - Sync 1 DAGs
[2025-09-07T00:14:17.679+0000] {logging_mixin.py:190} INFO - [2025-09-07T00:14:17.678+0000] {dag.py:4180} INFO - Setting next_dagrun for example_branch_labels to 2025-09-06 00:00:00+00:00, run_after=2025-09-07 00:00:00+00:00
[2025-09-07T00:14:17.707+0000] {processor.py:208} INFO - Processing /home/airflow/.local/lib/python3.12/site-packages/airflow/example_dags/example_branch_labels.py took 0.422 seconds
[2025-09-07T00:14:47.809+0000] {processor.py:186} INFO - Started process (PID=5833) to work on /home/airflow/.local/lib/python3.12/site-packages/airflow/example_dags/example_branch_labels.py
[2025-09-07T00:14:47.810+0000] {processor.py:914} INFO - Processing file /home/airflow/.local/lib/python3.12/site-packages/airflow/example_dags/example_branch_labels.py for tasks to queue
[2025-09-07T00:14:47.813+0000] {logging_mixin.py:190} INFO - [2025-09-07T00:14:47.812+0000] {dagbag.py:588} INFO - Filling up the DagBag from /home/airflow/.local/lib/python3.12/site-packages/airflow/example_dags/example_branch_labels.py
[2025-09-07T00:14:47.829+0000] {processor.py:925} INFO - DAG(s) 'example_branch_labels' retrieved from /home/airflow/.local/lib/python3.12/site-packages/airflow/example_dags/example_branch_labels.py
[2025-09-07T00:14:47.872+0000] {logging_mixin.py:190} INFO - [2025-09-07T00:14:47.871+0000] {dag.py:3239} INFO - Sync 1 DAGs
[2025-09-07T00:14:47.905+0000] {logging_mixin.py:190} INFO - [2025-09-07T00:14:47.904+0000] {dag.py:4180} INFO - Setting next_dagrun for example_branch_labels to 2025-09-06 00:00:00+00:00, run_after=2025-09-07 00:00:00+00:00
[2025-09-07T00:14:48.106+0000] {processor.py:208} INFO - Processing /home/airflow/.local/lib/python3.12/site-packages/airflow/example_dags/example_branch_labels.py took 0.304 seconds
[2025-09-07T00:15:18.853+0000] {processor.py:186} INFO - Started process (PID=5899) to work on /home/airflow/.local/lib/python3.12/site-packages/airflow/example_dags/example_branch_labels.py
[2025-09-07T00:15:18.854+0000] {processor.py:914} INFO - Processing file /home/airflow/.local/lib/python3.12/site-packages/airflow/example_dags/example_branch_labels.py for tasks to queue
[2025-09-07T00:15:18.856+0000] {logging_mixin.py:190} INFO - [2025-09-07T00:15:18.855+0000] {dagbag.py:588} INFO - Filling up the DagBag from /home/airflow/.local/lib/python3.12/site-packages/airflow/example_dags/example_branch_labels.py
[2025-09-07T00:15:18.866+0000] {processor.py:925} INFO - DAG(s) 'example_branch_labels' retrieved from /home/airflow/.local/lib/python3.12/site-packages/airflow/example_dags/example_branch_labels.py
[2025-09-07T00:15:18.890+0000] {logging_mixin.py:190} INFO - [2025-09-07T00:15:18.890+0000] {dag.py:3239} INFO - Sync 1 DAGs
[2025-09-07T00:15:18.916+0000] {logging_mixin.py:190} INFO - [2025-09-07T00:15:18.915+0000] {dag.py:4180} INFO - Setting next_dagrun for example_branch_labels to 2025-09-06 00:00:00+00:00, run_after=2025-09-07 00:00:00+00:00
[2025-09-07T00:15:18.940+0000] {processor.py:208} INFO - Processing /home/airflow/.local/lib/python3.12/site-packages/airflow/example_dags/example_branch_labels.py took 0.093 seconds
[2025-09-07T00:15:49.447+0000] {processor.py:186} INFO - Started process (PID=5965) to work on /home/airflow/.local/lib/python3.12/site-packages/airflow/example_dags/example_branch_labels.py
[2025-09-07T00:15:49.448+0000] {processor.py:914} INFO - Processing file /home/airflow/.local/lib/python3.12/site-packages/airflow/example_dags/example_branch_labels.py for tasks to queue
[2025-09-07T00:15:49.450+0000] {logging_mixin.py:190} INFO - [2025-09-07T00:15:49.450+0000] {dagbag.py:588} INFO - Filling up the DagBag from /home/airflow/.local/lib/python3.12/site-packages/airflow/example_dags/example_branch_labels.py
[2025-09-07T00:15:49.460+0000] {processor.py:925} INFO - DAG(s) 'example_branch_labels' retrieved from /home/airflow/.local/lib/python3.12/site-packages/airflow/example_dags/example_branch_labels.py
[2025-09-07T00:15:49.481+0000] {logging_mixin.py:190} INFO - [2025-09-07T00:15:49.480+0000] {dag.py:3239} INFO - Sync 1 DAGs
[2025-09-07T00:15:49.503+0000] {logging_mixin.py:190} INFO - [2025-09-07T00:15:49.503+0000] {dag.py:4180} INFO - Setting next_dagrun for example_branch_labels to 2025-09-06 00:00:00+00:00, run_after=2025-09-07 00:00:00+00:00
[2025-09-07T00:15:49.525+0000] {processor.py:208} INFO - Processing /home/airflow/.local/lib/python3.12/site-packages/airflow/example_dags/example_branch_labels.py took 0.083 seconds
[2025-09-07T00:16:20.133+0000] {processor.py:186} INFO - Started process (PID=6030) to work on /home/airflow/.local/lib/python3.12/site-packages/airflow/example_dags/example_branch_labels.py
[2025-09-07T00:16:20.134+0000] {processor.py:914} INFO - Processing file /home/airflow/.local/lib/python3.12/site-packages/airflow/example_dags/example_branch_labels.py for tasks to queue
[2025-09-07T00:16:20.137+0000] {logging_mixin.py:190} INFO - [2025-09-07T00:16:20.136+0000] {dagbag.py:588} INFO - Filling up the DagBag from /home/airflow/.local/lib/python3.12/site-packages/airflow/example_dags/example_branch_labels.py
[2025-09-07T00:16:20.149+0000] {processor.py:925} INFO - DAG(s) 'example_branch_labels' retrieved from /home/airflow/.local/lib/python3.12/site-packages/airflow/example_dags/example_branch_labels.py
[2025-09-07T00:16:20.173+0000] {logging_mixin.py:190} INFO - [2025-09-07T00:16:20.173+0000] {dag.py:3239} INFO - Sync 1 DAGs
[2025-09-07T00:16:20.206+0000] {logging_mixin.py:190} INFO - [2025-09-07T00:16:20.205+0000] {dag.py:4180} INFO - Setting next_dagrun for example_branch_labels to 2025-09-06 00:00:00+00:00, run_after=2025-09-07 00:00:00+00:00
[2025-09-07T00:16:20.231+0000] {processor.py:208} INFO - Processing /home/airflow/.local/lib/python3.12/site-packages/airflow/example_dags/example_branch_labels.py took 0.108 seconds
[2025-09-07T00:16:50.589+0000] {processor.py:186} INFO - Started process (PID=6096) to work on /home/airflow/.local/lib/python3.12/site-packages/airflow/example_dags/example_branch_labels.py
[2025-09-07T00:16:50.591+0000] {processor.py:914} INFO - Processing file /home/airflow/.local/lib/python3.12/site-packages/airflow/example_dags/example_branch_labels.py for tasks to queue
[2025-09-07T00:16:50.593+0000] {logging_mixin.py:190} INFO - [2025-09-07T00:16:50.593+0000] {dagbag.py:588} INFO - Filling up the DagBag from /home/airflow/.local/lib/python3.12/site-packages/airflow/example_dags/example_branch_labels.py
[2025-09-07T00:16:50.611+0000] {processor.py:925} INFO - DAG(s) 'example_branch_labels' retrieved from /home/airflow/.local/lib/python3.12/site-packages/airflow/example_dags/example_branch_labels.py
[2025-09-07T00:16:50.643+0000] {logging_mixin.py:190} INFO - [2025-09-07T00:16:50.643+0000] {dag.py:3239} INFO - Sync 1 DAGs
[2025-09-07T00:16:50.680+0000] {logging_mixin.py:190} INFO - [2025-09-07T00:16:50.680+0000] {dag.py:4180} INFO - Setting next_dagrun for example_branch_labels to 2025-09-06 00:00:00+00:00, run_after=2025-09-07 00:00:00+00:00
[2025-09-07T00:16:50.710+0000] {processor.py:208} INFO - Processing /home/airflow/.local/lib/python3.12/site-packages/airflow/example_dags/example_branch_labels.py took 0.130 seconds
[2025-09-07T00:17:21.348+0000] {processor.py:186} INFO - Started process (PID=6161) to work on /home/airflow/.local/lib/python3.12/site-packages/airflow/example_dags/example_branch_labels.py
[2025-09-07T00:17:21.350+0000] {processor.py:914} INFO - Processing file /home/airflow/.local/lib/python3.12/site-packages/airflow/example_dags/example_branch_labels.py for tasks to queue
[2025-09-07T00:17:21.353+0000] {logging_mixin.py:190} INFO - [2025-09-07T00:17:21.352+0000] {dagbag.py:588} INFO - Filling up the DagBag from /home/airflow/.local/lib/python3.12/site-packages/airflow/example_dags/example_branch_labels.py
[2025-09-07T00:17:21.370+0000] {processor.py:925} INFO - DAG(s) 'example_branch_labels' retrieved from /home/airflow/.local/lib/python3.12/site-packages/airflow/example_dags/example_branch_labels.py
[2025-09-07T00:17:21.408+0000] {logging_mixin.py:190} INFO - [2025-09-07T00:17:21.407+0000] {dag.py:3239} INFO - Sync 1 DAGs
[2025-09-07T00:17:21.444+0000] {logging_mixin.py:190} INFO - [2025-09-07T00:17:21.443+0000] {dag.py:4180} INFO - Setting next_dagrun for example_branch_labels to 2025-09-06 00:00:00+00:00, run_after=2025-09-07 00:00:00+00:00
[2025-09-07T00:17:21.472+0000] {processor.py:208} INFO - Processing /home/airflow/.local/lib/python3.12/site-packages/airflow/example_dags/example_branch_labels.py took 0.133 seconds
[2025-09-07T00:17:51.995+0000] {processor.py:186} INFO - Started process (PID=6220) to work on /home/airflow/.local/lib/python3.12/site-packages/airflow/example_dags/example_branch_labels.py
[2025-09-07T00:17:51.996+0000] {processor.py:914} INFO - Processing file /home/airflow/.local/lib/python3.12/site-packages/airflow/example_dags/example_branch_labels.py for tasks to queue
[2025-09-07T00:17:51.999+0000] {logging_mixin.py:190} INFO - [2025-09-07T00:17:51.998+0000] {dagbag.py:588} INFO - Filling up the DagBag from /home/airflow/.local/lib/python3.12/site-packages/airflow/example_dags/example_branch_labels.py
[2025-09-07T00:17:52.011+0000] {processor.py:925} INFO - DAG(s) 'example_branch_labels' retrieved from /home/airflow/.local/lib/python3.12/site-packages/airflow/example_dags/example_branch_labels.py
[2025-09-07T00:17:52.034+0000] {logging_mixin.py:190} INFO - [2025-09-07T00:17:52.034+0000] {dag.py:3239} INFO - Sync 1 DAGs
[2025-09-07T00:17:52.061+0000] {logging_mixin.py:190} INFO - [2025-09-07T00:17:52.061+0000] {dag.py:4180} INFO - Setting next_dagrun for example_branch_labels to 2025-09-06 00:00:00+00:00, run_after=2025-09-07 00:00:00+00:00
[2025-09-07T00:17:52.084+0000] {processor.py:208} INFO - Processing /home/airflow/.local/lib/python3.12/site-packages/airflow/example_dags/example_branch_labels.py took 0.098 seconds
[2025-09-07T00:18:22.798+0000] {processor.py:186} INFO - Started process (PID=6286) to work on /home/airflow/.local/lib/python3.12/site-packages/airflow/example_dags/example_branch_labels.py
[2025-09-07T00:18:22.800+0000] {processor.py:914} INFO - Processing file /home/airflow/.local/lib/python3.12/site-packages/airflow/example_dags/example_branch_labels.py for tasks to queue
[2025-09-07T00:18:22.802+0000] {logging_mixin.py:190} INFO - [2025-09-07T00:18:22.801+0000] {dagbag.py:588} INFO - Filling up the DagBag from /home/airflow/.local/lib/python3.12/site-packages/airflow/example_dags/example_branch_labels.py
[2025-09-07T00:18:22.818+0000] {processor.py:925} INFO - DAG(s) 'example_branch_labels' retrieved from /home/airflow/.local/lib/python3.12/site-packages/airflow/example_dags/example_branch_labels.py
[2025-09-07T00:18:22.846+0000] {logging_mixin.py:190} INFO - [2025-09-07T00:18:22.846+0000] {dag.py:3239} INFO - Sync 1 DAGs
[2025-09-07T00:18:22.880+0000] {logging_mixin.py:190} INFO - [2025-09-07T00:18:22.880+0000] {dag.py:4180} INFO - Setting next_dagrun for example_branch_labels to 2025-09-06 00:00:00+00:00, run_after=2025-09-07 00:00:00+00:00
[2025-09-07T00:18:22.903+0000] {processor.py:208} INFO - Processing /home/airflow/.local/lib/python3.12/site-packages/airflow/example_dags/example_branch_labels.py took 0.114 seconds
[2025-09-07T00:18:53.548+0000] {processor.py:186} INFO - Started process (PID=6352) to work on /home/airflow/.local/lib/python3.12/site-packages/airflow/example_dags/example_branch_labels.py
[2025-09-07T00:18:53.550+0000] {processor.py:914} INFO - Processing file /home/airflow/.local/lib/python3.12/site-packages/airflow/example_dags/example_branch_labels.py for tasks to queue
[2025-09-07T00:18:53.552+0000] {logging_mixin.py:190} INFO - [2025-09-07T00:18:53.552+0000] {dagbag.py:588} INFO - Filling up the DagBag from /home/airflow/.local/lib/python3.12/site-packages/airflow/example_dags/example_branch_labels.py
[2025-09-07T00:18:53.569+0000] {processor.py:925} INFO - DAG(s) 'example_branch_labels' retrieved from /home/airflow/.local/lib/python3.12/site-packages/airflow/example_dags/example_branch_labels.py
[2025-09-07T00:18:53.600+0000] {logging_mixin.py:190} INFO - [2025-09-07T00:18:53.600+0000] {dag.py:3239} INFO - Sync 1 DAGs
[2025-09-07T00:18:53.636+0000] {logging_mixin.py:190} INFO - [2025-09-07T00:18:53.636+0000] {dag.py:4180} INFO - Setting next_dagrun for example_branch_labels to 2025-09-06 00:00:00+00:00, run_after=2025-09-07 00:00:00+00:00
[2025-09-07T00:18:53.660+0000] {processor.py:208} INFO - Processing /home/airflow/.local/lib/python3.12/site-packages/airflow/example_dags/example_branch_labels.py took 0.122 seconds
[2025-09-07T00:19:24.118+0000] {processor.py:186} INFO - Started process (PID=6417) to work on /home/airflow/.local/lib/python3.12/site-packages/airflow/example_dags/example_branch_labels.py
[2025-09-07T00:19:24.119+0000] {processor.py:914} INFO - Processing file /home/airflow/.local/lib/python3.12/site-packages/airflow/example_dags/example_branch_labels.py for tasks to queue
[2025-09-07T00:19:24.121+0000] {logging_mixin.py:190} INFO - [2025-09-07T00:19:24.120+0000] {dagbag.py:588} INFO - Filling up the DagBag from /home/airflow/.local/lib/python3.12/site-packages/airflow/example_dags/example_branch_labels.py
[2025-09-07T00:19:24.137+0000] {processor.py:925} INFO - DAG(s) 'example_branch_labels' retrieved from /home/airflow/.local/lib/python3.12/site-packages/airflow/example_dags/example_branch_labels.py
[2025-09-07T00:19:24.164+0000] {logging_mixin.py:190} INFO - [2025-09-07T00:19:24.164+0000] {dag.py:3239} INFO - Sync 1 DAGs
[2025-09-07T00:19:24.204+0000] {logging_mixin.py:190} INFO - [2025-09-07T00:19:24.203+0000] {dag.py:4180} INFO - Setting next_dagrun for example_branch_labels to 2025-09-06 00:00:00+00:00, run_after=2025-09-07 00:00:00+00:00
[2025-09-07T00:19:24.232+0000] {processor.py:208} INFO - Processing /home/airflow/.local/lib/python3.12/site-packages/airflow/example_dags/example_branch_labels.py took 0.120 seconds
[2025-09-07T00:19:55.015+0000] {processor.py:186} INFO - Started process (PID=6483) to work on /home/airflow/.local/lib/python3.12/site-packages/airflow/example_dags/example_branch_labels.py
[2025-09-07T00:19:55.016+0000] {processor.py:914} INFO - Processing file /home/airflow/.local/lib/python3.12/site-packages/airflow/example_dags/example_branch_labels.py for tasks to queue
[2025-09-07T00:19:55.018+0000] {logging_mixin.py:190} INFO - [2025-09-07T00:19:55.017+0000] {dagbag.py:588} INFO - Filling up the DagBag from /home/airflow/.local/lib/python3.12/site-packages/airflow/example_dags/example_branch_labels.py
[2025-09-07T00:19:55.032+0000] {processor.py:925} INFO - DAG(s) 'example_branch_labels' retrieved from /home/airflow/.local/lib/python3.12/site-packages/airflow/example_dags/example_branch_labels.py
[2025-09-07T00:19:55.061+0000] {logging_mixin.py:190} INFO - [2025-09-07T00:19:55.061+0000] {dag.py:3239} INFO - Sync 1 DAGs
[2025-09-07T00:19:55.089+0000] {logging_mixin.py:190} INFO - [2025-09-07T00:19:55.088+0000] {dag.py:4180} INFO - Setting next_dagrun for example_branch_labels to 2025-09-06 00:00:00+00:00, run_after=2025-09-07 00:00:00+00:00
[2025-09-07T00:19:55.114+0000] {processor.py:208} INFO - Processing /home/airflow/.local/lib/python3.12/site-packages/airflow/example_dags/example_branch_labels.py took 0.105 seconds
[2025-09-07T00:20:25.733+0000] {processor.py:186} INFO - Started process (PID=6549) to work on /home/airflow/.local/lib/python3.12/site-packages/airflow/example_dags/example_branch_labels.py
[2025-09-07T00:20:25.735+0000] {processor.py:914} INFO - Processing file /home/airflow/.local/lib/python3.12/site-packages/airflow/example_dags/example_branch_labels.py for tasks to queue
[2025-09-07T00:20:25.738+0000] {logging_mixin.py:190} INFO - [2025-09-07T00:20:25.737+0000] {dagbag.py:588} INFO - Filling up the DagBag from /home/airflow/.local/lib/python3.12/site-packages/airflow/example_dags/example_branch_labels.py
[2025-09-07T00:20:25.756+0000] {processor.py:925} INFO - DAG(s) 'example_branch_labels' retrieved from /home/airflow/.local/lib/python3.12/site-packages/airflow/example_dags/example_branch_labels.py
[2025-09-07T00:20:25.785+0000] {logging_mixin.py:190} INFO - [2025-09-07T00:20:25.785+0000] {dag.py:3239} INFO - Sync 1 DAGs
[2025-09-07T00:20:25.813+0000] {logging_mixin.py:190} INFO - [2025-09-07T00:20:25.813+0000] {dag.py:4180} INFO - Setting next_dagrun for example_branch_labels to 2025-09-06 00:00:00+00:00, run_after=2025-09-07 00:00:00+00:00
[2025-09-07T00:20:25.837+0000] {processor.py:208} INFO - Processing /home/airflow/.local/lib/python3.12/site-packages/airflow/example_dags/example_branch_labels.py took 0.113 seconds
