[2025-09-07T00:00:24.266+0000] {processor.py:186} INFO - Started process (PID=3968) to work on /home/airflow/.local/lib/python3.12/site-packages/airflow/example_dags/example_workday_timetable.py
[2025-09-07T00:00:24.267+0000] {processor.py:914} INFO - Processing file /home/airflow/.local/lib/python3.12/site-packages/airflow/example_dags/example_workday_timetable.py for tasks to queue
[2025-09-07T00:00:24.272+0000] {logging_mixin.py:190} INFO - [2025-09-07T00:00:24.270+0000] {dagbag.py:588} INFO - Filling up the DagBag from /home/airflow/.local/lib/python3.12/site-packages/airflow/example_dags/example_workday_timetable.py
[2025-09-07T00:00:24.281+0000] {processor.py:925} INFO - DAG(s) 'example_workday_timetable' retrieved from /home/airflow/.local/lib/python3.12/site-packages/airflow/example_dags/example_workday_timetable.py
[2025-09-07T00:00:24.299+0000] {logging_mixin.py:190} INFO - [2025-09-07T00:00:24.299+0000] {dag.py:3239} INFO - Sync 1 DAGs
[2025-09-07T00:00:24.341+0000] {logging_mixin.py:190} INFO - [2025-09-07T00:00:24.341+0000] {dag.py:4180} INFO - Setting next_dagrun for example_workday_timetable to 2021-01-04 00:00:00+00:00, run_after=2021-01-05 00:00:00+00:00
[2025-09-07T00:00:24.354+0000] {processor.py:208} INFO - Processing /home/airflow/.local/lib/python3.12/site-packages/airflow/example_dags/example_workday_timetable.py took 0.094 seconds
[2025-09-07T00:00:54.918+0000] {processor.py:186} INFO - Started process (PID=4033) to work on /home/airflow/.local/lib/python3.12/site-packages/airflow/example_dags/example_workday_timetable.py
[2025-09-07T00:00:54.919+0000] {processor.py:914} INFO - Processing file /home/airflow/.local/lib/python3.12/site-packages/airflow/example_dags/example_workday_timetable.py for tasks to queue
[2025-09-07T00:00:54.921+0000] {logging_mixin.py:190} INFO - [2025-09-07T00:00:54.920+0000] {dagbag.py:588} INFO - Filling up the DagBag from /home/airflow/.local/lib/python3.12/site-packages/airflow/example_dags/example_workday_timetable.py
[2025-09-07T00:00:54.931+0000] {processor.py:925} INFO - DAG(s) 'example_workday_timetable' retrieved from /home/airflow/.local/lib/python3.12/site-packages/airflow/example_dags/example_workday_timetable.py
[2025-09-07T00:00:54.955+0000] {logging_mixin.py:190} INFO - [2025-09-07T00:00:54.955+0000] {dag.py:3239} INFO - Sync 1 DAGs
[2025-09-07T00:00:55.028+0000] {logging_mixin.py:190} INFO - [2025-09-07T00:00:55.028+0000] {dag.py:4180} INFO - Setting next_dagrun for example_workday_timetable to 2021-01-04 00:00:00+00:00, run_after=2021-01-05 00:00:00+00:00
[2025-09-07T00:00:55.043+0000] {processor.py:208} INFO - Processing /home/airflow/.local/lib/python3.12/site-packages/airflow/example_dags/example_workday_timetable.py took 0.133 seconds
[2025-09-07T00:01:25.095+0000] {processor.py:186} INFO - Started process (PID=4099) to work on /home/airflow/.local/lib/python3.12/site-packages/airflow/example_dags/example_workday_timetable.py
[2025-09-07T00:01:25.097+0000] {processor.py:914} INFO - Processing file /home/airflow/.local/lib/python3.12/site-packages/airflow/example_dags/example_workday_timetable.py for tasks to queue
[2025-09-07T00:01:25.099+0000] {logging_mixin.py:190} INFO - [2025-09-07T00:01:25.098+0000] {dagbag.py:588} INFO - Filling up the DagBag from /home/airflow/.local/lib/python3.12/site-packages/airflow/example_dags/example_workday_timetable.py
[2025-09-07T00:01:25.107+0000] {processor.py:925} INFO - DAG(s) 'example_workday_timetable' retrieved from /home/airflow/.local/lib/python3.12/site-packages/airflow/example_dags/example_workday_timetable.py
[2025-09-07T00:01:25.131+0000] {logging_mixin.py:190} INFO - [2025-09-07T00:01:25.130+0000] {dag.py:3239} INFO - Sync 1 DAGs
[2025-09-07T00:01:25.206+0000] {logging_mixin.py:190} INFO - [2025-09-07T00:01:25.206+0000] {dag.py:4180} INFO - Setting next_dagrun for example_workday_timetable to 2021-01-04 00:00:00+00:00, run_after=2021-01-05 00:00:00+00:00
[2025-09-07T00:01:25.221+0000] {processor.py:208} INFO - Processing /home/airflow/.local/lib/python3.12/site-packages/airflow/example_dags/example_workday_timetable.py took 0.134 seconds
[2025-09-07T00:01:55.947+0000] {processor.py:186} INFO - Started process (PID=4164) to work on /home/airflow/.local/lib/python3.12/site-packages/airflow/example_dags/example_workday_timetable.py
[2025-09-07T00:01:55.948+0000] {processor.py:914} INFO - Processing file /home/airflow/.local/lib/python3.12/site-packages/airflow/example_dags/example_workday_timetable.py for tasks to queue
[2025-09-07T00:01:55.949+0000] {logging_mixin.py:190} INFO - [2025-09-07T00:01:55.949+0000] {dagbag.py:588} INFO - Filling up the DagBag from /home/airflow/.local/lib/python3.12/site-packages/airflow/example_dags/example_workday_timetable.py
[2025-09-07T00:01:55.955+0000] {processor.py:925} INFO - DAG(s) 'example_workday_timetable' retrieved from /home/airflow/.local/lib/python3.12/site-packages/airflow/example_dags/example_workday_timetable.py
[2025-09-07T00:01:55.981+0000] {logging_mixin.py:190} INFO - [2025-09-07T00:01:55.981+0000] {dag.py:3239} INFO - Sync 1 DAGs
[2025-09-07T00:01:56.040+0000] {logging_mixin.py:190} INFO - [2025-09-07T00:01:56.040+0000] {dag.py:4180} INFO - Setting next_dagrun for example_workday_timetable to 2021-01-04 00:00:00+00:00, run_after=2021-01-05 00:00:00+00:00
[2025-09-07T00:01:56.061+0000] {processor.py:208} INFO - Processing /home/airflow/.local/lib/python3.12/site-packages/airflow/example_dags/example_workday_timetable.py took 0.120 seconds
[2025-09-07T00:02:26.831+0000] {processor.py:186} INFO - Started process (PID=4230) to work on /home/airflow/.local/lib/python3.12/site-packages/airflow/example_dags/example_workday_timetable.py
[2025-09-07T00:02:26.833+0000] {processor.py:914} INFO - Processing file /home/airflow/.local/lib/python3.12/site-packages/airflow/example_dags/example_workday_timetable.py for tasks to queue
[2025-09-07T00:02:26.835+0000] {logging_mixin.py:190} INFO - [2025-09-07T00:02:26.835+0000] {dagbag.py:588} INFO - Filling up the DagBag from /home/airflow/.local/lib/python3.12/site-packages/airflow/example_dags/example_workday_timetable.py
[2025-09-07T00:02:26.844+0000] {processor.py:925} INFO - DAG(s) 'example_workday_timetable' retrieved from /home/airflow/.local/lib/python3.12/site-packages/airflow/example_dags/example_workday_timetable.py
[2025-09-07T00:02:26.875+0000] {logging_mixin.py:190} INFO - [2025-09-07T00:02:26.875+0000] {dag.py:3239} INFO - Sync 1 DAGs
[2025-09-07T00:02:26.944+0000] {logging_mixin.py:190} INFO - [2025-09-07T00:02:26.944+0000] {dag.py:4180} INFO - Setting next_dagrun for example_workday_timetable to 2021-01-04 00:00:00+00:00, run_after=2021-01-05 00:00:00+00:00
[2025-09-07T00:02:26.960+0000] {processor.py:208} INFO - Processing /home/airflow/.local/lib/python3.12/site-packages/airflow/example_dags/example_workday_timetable.py took 0.137 seconds
[2025-09-07T00:02:57.727+0000] {processor.py:186} INFO - Started process (PID=4296) to work on /home/airflow/.local/lib/python3.12/site-packages/airflow/example_dags/example_workday_timetable.py
[2025-09-07T00:02:57.730+0000] {processor.py:914} INFO - Processing file /home/airflow/.local/lib/python3.12/site-packages/airflow/example_dags/example_workday_timetable.py for tasks to queue
[2025-09-07T00:02:57.733+0000] {logging_mixin.py:190} INFO - [2025-09-07T00:02:57.732+0000] {dagbag.py:588} INFO - Filling up the DagBag from /home/airflow/.local/lib/python3.12/site-packages/airflow/example_dags/example_workday_timetable.py
[2025-09-07T00:02:57.741+0000] {processor.py:925} INFO - DAG(s) 'example_workday_timetable' retrieved from /home/airflow/.local/lib/python3.12/site-packages/airflow/example_dags/example_workday_timetable.py
[2025-09-07T00:02:57.768+0000] {logging_mixin.py:190} INFO - [2025-09-07T00:02:57.768+0000] {dag.py:3239} INFO - Sync 1 DAGs
[2025-09-07T00:02:57.832+0000] {logging_mixin.py:190} INFO - [2025-09-07T00:02:57.831+0000] {dag.py:4180} INFO - Setting next_dagrun for example_workday_timetable to 2021-01-04 00:00:00+00:00, run_after=2021-01-05 00:00:00+00:00
[2025-09-07T00:02:57.845+0000] {processor.py:208} INFO - Processing /home/airflow/.local/lib/python3.12/site-packages/airflow/example_dags/example_workday_timetable.py took 0.127 seconds
[2025-09-07T00:03:28.504+0000] {processor.py:186} INFO - Started process (PID=4362) to work on /home/airflow/.local/lib/python3.12/site-packages/airflow/example_dags/example_workday_timetable.py
[2025-09-07T00:03:28.505+0000] {processor.py:914} INFO - Processing file /home/airflow/.local/lib/python3.12/site-packages/airflow/example_dags/example_workday_timetable.py for tasks to queue
[2025-09-07T00:03:28.507+0000] {logging_mixin.py:190} INFO - [2025-09-07T00:03:28.507+0000] {dagbag.py:588} INFO - Filling up the DagBag from /home/airflow/.local/lib/python3.12/site-packages/airflow/example_dags/example_workday_timetable.py
[2025-09-07T00:03:28.514+0000] {processor.py:925} INFO - DAG(s) 'example_workday_timetable' retrieved from /home/airflow/.local/lib/python3.12/site-packages/airflow/example_dags/example_workday_timetable.py
[2025-09-07T00:03:28.535+0000] {logging_mixin.py:190} INFO - [2025-09-07T00:03:28.534+0000] {dag.py:3239} INFO - Sync 1 DAGs
[2025-09-07T00:03:28.606+0000] {logging_mixin.py:190} INFO - [2025-09-07T00:03:28.606+0000] {dag.py:4180} INFO - Setting next_dagrun for example_workday_timetable to 2021-01-04 00:00:00+00:00, run_after=2021-01-05 00:00:00+00:00
[2025-09-07T00:03:28.623+0000] {processor.py:208} INFO - Processing /home/airflow/.local/lib/python3.12/site-packages/airflow/example_dags/example_workday_timetable.py took 0.126 seconds
[2025-09-07T00:03:58.858+0000] {processor.py:186} INFO - Started process (PID=4428) to work on /home/airflow/.local/lib/python3.12/site-packages/airflow/example_dags/example_workday_timetable.py
[2025-09-07T00:03:58.861+0000] {processor.py:914} INFO - Processing file /home/airflow/.local/lib/python3.12/site-packages/airflow/example_dags/example_workday_timetable.py for tasks to queue
[2025-09-07T00:03:58.863+0000] {logging_mixin.py:190} INFO - [2025-09-07T00:03:58.862+0000] {dagbag.py:588} INFO - Filling up the DagBag from /home/airflow/.local/lib/python3.12/site-packages/airflow/example_dags/example_workday_timetable.py
[2025-09-07T00:03:58.871+0000] {processor.py:925} INFO - DAG(s) 'example_workday_timetable' retrieved from /home/airflow/.local/lib/python3.12/site-packages/airflow/example_dags/example_workday_timetable.py
[2025-09-07T00:03:58.897+0000] {logging_mixin.py:190} INFO - [2025-09-07T00:03:58.897+0000] {dag.py:3239} INFO - Sync 1 DAGs
[2025-09-07T00:03:58.954+0000] {logging_mixin.py:190} INFO - [2025-09-07T00:03:58.953+0000] {dag.py:4180} INFO - Setting next_dagrun for example_workday_timetable to 2021-01-04 00:00:00+00:00, run_after=2021-01-05 00:00:00+00:00
[2025-09-07T00:03:58.971+0000] {processor.py:208} INFO - Processing /home/airflow/.local/lib/python3.12/site-packages/airflow/example_dags/example_workday_timetable.py took 0.121 seconds
[2025-09-07T00:04:29.259+0000] {processor.py:186} INFO - Started process (PID=4494) to work on /home/airflow/.local/lib/python3.12/site-packages/airflow/example_dags/example_workday_timetable.py
[2025-09-07T00:04:29.264+0000] {processor.py:914} INFO - Processing file /home/airflow/.local/lib/python3.12/site-packages/airflow/example_dags/example_workday_timetable.py for tasks to queue
[2025-09-07T00:04:29.271+0000] {logging_mixin.py:190} INFO - [2025-09-07T00:04:29.270+0000] {dagbag.py:588} INFO - Filling up the DagBag from /home/airflow/.local/lib/python3.12/site-packages/airflow/example_dags/example_workday_timetable.py
[2025-09-07T00:04:29.292+0000] {processor.py:925} INFO - DAG(s) 'example_workday_timetable' retrieved from /home/airflow/.local/lib/python3.12/site-packages/airflow/example_dags/example_workday_timetable.py
[2025-09-07T00:04:29.364+0000] {logging_mixin.py:190} INFO - [2025-09-07T00:04:29.363+0000] {dag.py:3239} INFO - Sync 1 DAGs
[2025-09-07T00:04:29.662+0000] {logging_mixin.py:190} INFO - [2025-09-07T00:04:29.661+0000] {dag.py:4180} INFO - Setting next_dagrun for example_workday_timetable to 2021-01-04 00:00:00+00:00, run_after=2021-01-05 00:00:00+00:00
[2025-09-07T00:04:29.725+0000] {processor.py:208} INFO - Processing /home/airflow/.local/lib/python3.12/site-packages/airflow/example_dags/example_workday_timetable.py took 0.478 seconds
[2025-09-07T00:05:00.435+0000] {processor.py:186} INFO - Started process (PID=4561) to work on /home/airflow/.local/lib/python3.12/site-packages/airflow/example_dags/example_workday_timetable.py
[2025-09-07T00:05:00.437+0000] {processor.py:914} INFO - Processing file /home/airflow/.local/lib/python3.12/site-packages/airflow/example_dags/example_workday_timetable.py for tasks to queue
[2025-09-07T00:05:00.442+0000] {logging_mixin.py:190} INFO - [2025-09-07T00:05:00.442+0000] {dagbag.py:588} INFO - Filling up the DagBag from /home/airflow/.local/lib/python3.12/site-packages/airflow/example_dags/example_workday_timetable.py
[2025-09-07T00:05:00.448+0000] {processor.py:925} INFO - DAG(s) 'example_workday_timetable' retrieved from /home/airflow/.local/lib/python3.12/site-packages/airflow/example_dags/example_workday_timetable.py
[2025-09-07T00:05:00.477+0000] {logging_mixin.py:190} INFO - [2025-09-07T00:05:00.477+0000] {dag.py:3239} INFO - Sync 1 DAGs
[2025-09-07T00:05:00.549+0000] {logging_mixin.py:190} INFO - [2025-09-07T00:05:00.549+0000] {dag.py:4180} INFO - Setting next_dagrun for example_workday_timetable to 2021-01-04 00:00:00+00:00, run_after=2021-01-05 00:00:00+00:00
[2025-09-07T00:05:00.573+0000] {processor.py:208} INFO - Processing /home/airflow/.local/lib/python3.12/site-packages/airflow/example_dags/example_workday_timetable.py took 0.148 seconds
[2025-09-07T00:05:31.179+0000] {processor.py:186} INFO - Started process (PID=4625) to work on /home/airflow/.local/lib/python3.12/site-packages/airflow/example_dags/example_workday_timetable.py
[2025-09-07T00:05:31.180+0000] {processor.py:914} INFO - Processing file /home/airflow/.local/lib/python3.12/site-packages/airflow/example_dags/example_workday_timetable.py for tasks to queue
[2025-09-07T00:05:31.183+0000] {logging_mixin.py:190} INFO - [2025-09-07T00:05:31.182+0000] {dagbag.py:588} INFO - Filling up the DagBag from /home/airflow/.local/lib/python3.12/site-packages/airflow/example_dags/example_workday_timetable.py
[2025-09-07T00:05:31.189+0000] {processor.py:925} INFO - DAG(s) 'example_workday_timetable' retrieved from /home/airflow/.local/lib/python3.12/site-packages/airflow/example_dags/example_workday_timetable.py
[2025-09-07T00:05:31.216+0000] {logging_mixin.py:190} INFO - [2025-09-07T00:05:31.216+0000] {dag.py:3239} INFO - Sync 1 DAGs
[2025-09-07T00:05:31.262+0000] {logging_mixin.py:190} INFO - [2025-09-07T00:05:31.262+0000] {dag.py:4180} INFO - Setting next_dagrun for example_workday_timetable to 2021-01-04 00:00:00+00:00, run_after=2021-01-05 00:00:00+00:00
[2025-09-07T00:05:31.279+0000] {processor.py:208} INFO - Processing /home/airflow/.local/lib/python3.12/site-packages/airflow/example_dags/example_workday_timetable.py took 0.108 seconds
[2025-09-07T00:06:01.781+0000] {processor.py:186} INFO - Started process (PID=4689) to work on /home/airflow/.local/lib/python3.12/site-packages/airflow/example_dags/example_workday_timetable.py
[2025-09-07T00:06:01.783+0000] {processor.py:914} INFO - Processing file /home/airflow/.local/lib/python3.12/site-packages/airflow/example_dags/example_workday_timetable.py for tasks to queue
[2025-09-07T00:06:01.786+0000] {logging_mixin.py:190} INFO - [2025-09-07T00:06:01.785+0000] {dagbag.py:588} INFO - Filling up the DagBag from /home/airflow/.local/lib/python3.12/site-packages/airflow/example_dags/example_workday_timetable.py
[2025-09-07T00:06:01.795+0000] {processor.py:925} INFO - DAG(s) 'example_workday_timetable' retrieved from /home/airflow/.local/lib/python3.12/site-packages/airflow/example_dags/example_workday_timetable.py
[2025-09-07T00:06:01.820+0000] {logging_mixin.py:190} INFO - [2025-09-07T00:06:01.820+0000] {dag.py:3239} INFO - Sync 1 DAGs
[2025-09-07T00:06:01.888+0000] {logging_mixin.py:190} INFO - [2025-09-07T00:06:01.888+0000] {dag.py:4180} INFO - Setting next_dagrun for example_workday_timetable to 2021-01-04 00:00:00+00:00, run_after=2021-01-05 00:00:00+00:00
[2025-09-07T00:06:01.907+0000] {processor.py:208} INFO - Processing /home/airflow/.local/lib/python3.12/site-packages/airflow/example_dags/example_workday_timetable.py took 0.134 seconds
[2025-09-07T00:06:32.399+0000] {processor.py:186} INFO - Started process (PID=4753) to work on /home/airflow/.local/lib/python3.12/site-packages/airflow/example_dags/example_workday_timetable.py
[2025-09-07T00:06:32.400+0000] {processor.py:914} INFO - Processing file /home/airflow/.local/lib/python3.12/site-packages/airflow/example_dags/example_workday_timetable.py for tasks to queue
[2025-09-07T00:06:32.401+0000] {logging_mixin.py:190} INFO - [2025-09-07T00:06:32.401+0000] {dagbag.py:588} INFO - Filling up the DagBag from /home/airflow/.local/lib/python3.12/site-packages/airflow/example_dags/example_workday_timetable.py
[2025-09-07T00:06:32.406+0000] {processor.py:925} INFO - DAG(s) 'example_workday_timetable' retrieved from /home/airflow/.local/lib/python3.12/site-packages/airflow/example_dags/example_workday_timetable.py
[2025-09-07T00:06:32.431+0000] {logging_mixin.py:190} INFO - [2025-09-07T00:06:32.430+0000] {dag.py:3239} INFO - Sync 1 DAGs
[2025-09-07T00:06:32.494+0000] {logging_mixin.py:190} INFO - [2025-09-07T00:06:32.493+0000] {dag.py:4180} INFO - Setting next_dagrun for example_workday_timetable to 2021-01-04 00:00:00+00:00, run_after=2021-01-05 00:00:00+00:00
[2025-09-07T00:06:32.518+0000] {processor.py:208} INFO - Processing /home/airflow/.local/lib/python3.12/site-packages/airflow/example_dags/example_workday_timetable.py took 0.127 seconds
[2025-09-07T00:07:02.998+0000] {processor.py:186} INFO - Started process (PID=4812) to work on /home/airflow/.local/lib/python3.12/site-packages/airflow/example_dags/example_workday_timetable.py
[2025-09-07T00:07:02.999+0000] {processor.py:914} INFO - Processing file /home/airflow/.local/lib/python3.12/site-packages/airflow/example_dags/example_workday_timetable.py for tasks to queue
[2025-09-07T00:07:03.001+0000] {logging_mixin.py:190} INFO - [2025-09-07T00:07:03.001+0000] {dagbag.py:588} INFO - Filling up the DagBag from /home/airflow/.local/lib/python3.12/site-packages/airflow/example_dags/example_workday_timetable.py
[2025-09-07T00:07:03.009+0000] {processor.py:925} INFO - DAG(s) 'example_workday_timetable' retrieved from /home/airflow/.local/lib/python3.12/site-packages/airflow/example_dags/example_workday_timetable.py
[2025-09-07T00:07:03.034+0000] {logging_mixin.py:190} INFO - [2025-09-07T00:07:03.034+0000] {dag.py:3239} INFO - Sync 1 DAGs
[2025-09-07T00:07:03.099+0000] {logging_mixin.py:190} INFO - [2025-09-07T00:07:03.099+0000] {dag.py:4180} INFO - Setting next_dagrun for example_workday_timetable to 2021-01-04 00:00:00+00:00, run_after=2021-01-05 00:00:00+00:00
[2025-09-07T00:07:03.120+0000] {processor.py:208} INFO - Processing /home/airflow/.local/lib/python3.12/site-packages/airflow/example_dags/example_workday_timetable.py took 0.129 seconds
[2025-09-07T00:07:33.439+0000] {processor.py:186} INFO - Started process (PID=4878) to work on /home/airflow/.local/lib/python3.12/site-packages/airflow/example_dags/example_workday_timetable.py
[2025-09-07T00:07:33.441+0000] {processor.py:914} INFO - Processing file /home/airflow/.local/lib/python3.12/site-packages/airflow/example_dags/example_workday_timetable.py for tasks to queue
[2025-09-07T00:07:33.443+0000] {logging_mixin.py:190} INFO - [2025-09-07T00:07:33.442+0000] {dagbag.py:588} INFO - Filling up the DagBag from /home/airflow/.local/lib/python3.12/site-packages/airflow/example_dags/example_workday_timetable.py
[2025-09-07T00:07:33.448+0000] {processor.py:925} INFO - DAG(s) 'example_workday_timetable' retrieved from /home/airflow/.local/lib/python3.12/site-packages/airflow/example_dags/example_workday_timetable.py
[2025-09-07T00:07:33.465+0000] {logging_mixin.py:190} INFO - [2025-09-07T00:07:33.465+0000] {dag.py:3239} INFO - Sync 1 DAGs
[2025-09-07T00:07:33.507+0000] {logging_mixin.py:190} INFO - [2025-09-07T00:07:33.506+0000] {dag.py:4180} INFO - Setting next_dagrun for example_workday_timetable to 2021-01-04 00:00:00+00:00, run_after=2021-01-05 00:00:00+00:00
[2025-09-07T00:07:33.523+0000] {processor.py:208} INFO - Processing /home/airflow/.local/lib/python3.12/site-packages/airflow/example_dags/example_workday_timetable.py took 0.091 seconds
[2025-09-07T00:08:04.029+0000] {processor.py:186} INFO - Started process (PID=4944) to work on /home/airflow/.local/lib/python3.12/site-packages/airflow/example_dags/example_workday_timetable.py
[2025-09-07T00:08:04.030+0000] {processor.py:914} INFO - Processing file /home/airflow/.local/lib/python3.12/site-packages/airflow/example_dags/example_workday_timetable.py for tasks to queue
[2025-09-07T00:08:04.032+0000] {logging_mixin.py:190} INFO - [2025-09-07T00:08:04.032+0000] {dagbag.py:588} INFO - Filling up the DagBag from /home/airflow/.local/lib/python3.12/site-packages/airflow/example_dags/example_workday_timetable.py
[2025-09-07T00:08:04.040+0000] {processor.py:925} INFO - DAG(s) 'example_workday_timetable' retrieved from /home/airflow/.local/lib/python3.12/site-packages/airflow/example_dags/example_workday_timetable.py
[2025-09-07T00:08:04.059+0000] {logging_mixin.py:190} INFO - [2025-09-07T00:08:04.059+0000] {dag.py:3239} INFO - Sync 1 DAGs
[2025-09-07T00:08:04.102+0000] {logging_mixin.py:190} INFO - [2025-09-07T00:08:04.102+0000] {dag.py:4180} INFO - Setting next_dagrun for example_workday_timetable to 2021-01-04 00:00:00+00:00, run_after=2021-01-05 00:00:00+00:00
[2025-09-07T00:08:04.121+0000] {processor.py:208} INFO - Processing /home/airflow/.local/lib/python3.12/site-packages/airflow/example_dags/example_workday_timetable.py took 0.098 seconds
[2025-09-07T00:08:35.108+0000] {processor.py:186} INFO - Started process (PID=5010) to work on /home/airflow/.local/lib/python3.12/site-packages/airflow/example_dags/example_workday_timetable.py
[2025-09-07T00:08:35.109+0000] {processor.py:914} INFO - Processing file /home/airflow/.local/lib/python3.12/site-packages/airflow/example_dags/example_workday_timetable.py for tasks to queue
[2025-09-07T00:08:35.110+0000] {logging_mixin.py:190} INFO - [2025-09-07T00:08:35.110+0000] {dagbag.py:588} INFO - Filling up the DagBag from /home/airflow/.local/lib/python3.12/site-packages/airflow/example_dags/example_workday_timetable.py
[2025-09-07T00:08:35.115+0000] {processor.py:925} INFO - DAG(s) 'example_workday_timetable' retrieved from /home/airflow/.local/lib/python3.12/site-packages/airflow/example_dags/example_workday_timetable.py
[2025-09-07T00:08:35.133+0000] {logging_mixin.py:190} INFO - [2025-09-07T00:08:35.133+0000] {dag.py:3239} INFO - Sync 1 DAGs
[2025-09-07T00:08:35.174+0000] {logging_mixin.py:190} INFO - [2025-09-07T00:08:35.174+0000] {dag.py:4180} INFO - Setting next_dagrun for example_workday_timetable to 2021-01-04 00:00:00+00:00, run_after=2021-01-05 00:00:00+00:00
[2025-09-07T00:08:35.192+0000] {processor.py:208} INFO - Processing /home/airflow/.local/lib/python3.12/site-packages/airflow/example_dags/example_workday_timetable.py took 0.089 seconds
[2025-09-07T00:09:05.316+0000] {processor.py:186} INFO - Started process (PID=5076) to work on /home/airflow/.local/lib/python3.12/site-packages/airflow/example_dags/example_workday_timetable.py
[2025-09-07T00:09:05.317+0000] {processor.py:914} INFO - Processing file /home/airflow/.local/lib/python3.12/site-packages/airflow/example_dags/example_workday_timetable.py for tasks to queue
[2025-09-07T00:09:05.319+0000] {logging_mixin.py:190} INFO - [2025-09-07T00:09:05.318+0000] {dagbag.py:588} INFO - Filling up the DagBag from /home/airflow/.local/lib/python3.12/site-packages/airflow/example_dags/example_workday_timetable.py
[2025-09-07T00:09:05.327+0000] {processor.py:925} INFO - DAG(s) 'example_workday_timetable' retrieved from /home/airflow/.local/lib/python3.12/site-packages/airflow/example_dags/example_workday_timetable.py
[2025-09-07T00:09:05.353+0000] {logging_mixin.py:190} INFO - [2025-09-07T00:09:05.353+0000] {dag.py:3239} INFO - Sync 1 DAGs
[2025-09-07T00:09:05.408+0000] {logging_mixin.py:190} INFO - [2025-09-07T00:09:05.407+0000] {dag.py:4180} INFO - Setting next_dagrun for example_workday_timetable to 2021-01-04 00:00:00+00:00, run_after=2021-01-05 00:00:00+00:00
[2025-09-07T00:09:05.421+0000] {processor.py:208} INFO - Processing /home/airflow/.local/lib/python3.12/site-packages/airflow/example_dags/example_workday_timetable.py took 0.111 seconds
[2025-09-07T00:09:36.211+0000] {processor.py:186} INFO - Started process (PID=5142) to work on /home/airflow/.local/lib/python3.12/site-packages/airflow/example_dags/example_workday_timetable.py
[2025-09-07T00:09:36.212+0000] {processor.py:914} INFO - Processing file /home/airflow/.local/lib/python3.12/site-packages/airflow/example_dags/example_workday_timetable.py for tasks to queue
[2025-09-07T00:09:36.213+0000] {logging_mixin.py:190} INFO - [2025-09-07T00:09:36.213+0000] {dagbag.py:588} INFO - Filling up the DagBag from /home/airflow/.local/lib/python3.12/site-packages/airflow/example_dags/example_workday_timetable.py
[2025-09-07T00:09:36.220+0000] {processor.py:925} INFO - DAG(s) 'example_workday_timetable' retrieved from /home/airflow/.local/lib/python3.12/site-packages/airflow/example_dags/example_workday_timetable.py
[2025-09-07T00:09:36.239+0000] {logging_mixin.py:190} INFO - [2025-09-07T00:09:36.238+0000] {dag.py:3239} INFO - Sync 1 DAGs
[2025-09-07T00:09:36.295+0000] {logging_mixin.py:190} INFO - [2025-09-07T00:09:36.294+0000] {dag.py:4180} INFO - Setting next_dagrun for example_workday_timetable to 2021-01-04 00:00:00+00:00, run_after=2021-01-05 00:00:00+00:00
[2025-09-07T00:09:36.313+0000] {processor.py:208} INFO - Processing /home/airflow/.local/lib/python3.12/site-packages/airflow/example_dags/example_workday_timetable.py took 0.110 seconds
[2025-09-07T00:10:06.484+0000] {processor.py:186} INFO - Started process (PID=5208) to work on /home/airflow/.local/lib/python3.12/site-packages/airflow/example_dags/example_workday_timetable.py
[2025-09-07T00:10:06.486+0000] {processor.py:914} INFO - Processing file /home/airflow/.local/lib/python3.12/site-packages/airflow/example_dags/example_workday_timetable.py for tasks to queue
[2025-09-07T00:10:06.489+0000] {logging_mixin.py:190} INFO - [2025-09-07T00:10:06.488+0000] {dagbag.py:588} INFO - Filling up the DagBag from /home/airflow/.local/lib/python3.12/site-packages/airflow/example_dags/example_workday_timetable.py
[2025-09-07T00:10:06.498+0000] {processor.py:925} INFO - DAG(s) 'example_workday_timetable' retrieved from /home/airflow/.local/lib/python3.12/site-packages/airflow/example_dags/example_workday_timetable.py
[2025-09-07T00:10:06.522+0000] {logging_mixin.py:190} INFO - [2025-09-07T00:10:06.521+0000] {dag.py:3239} INFO - Sync 1 DAGs
[2025-09-07T00:10:06.577+0000] {logging_mixin.py:190} INFO - [2025-09-07T00:10:06.577+0000] {dag.py:4180} INFO - Setting next_dagrun for example_workday_timetable to 2021-01-04 00:00:00+00:00, run_after=2021-01-05 00:00:00+00:00
[2025-09-07T00:10:06.592+0000] {processor.py:208} INFO - Processing /home/airflow/.local/lib/python3.12/site-packages/airflow/example_dags/example_workday_timetable.py took 0.115 seconds
[2025-09-07T00:10:37.198+0000] {processor.py:186} INFO - Started process (PID=5274) to work on /home/airflow/.local/lib/python3.12/site-packages/airflow/example_dags/example_workday_timetable.py
[2025-09-07T00:10:37.200+0000] {processor.py:914} INFO - Processing file /home/airflow/.local/lib/python3.12/site-packages/airflow/example_dags/example_workday_timetable.py for tasks to queue
[2025-09-07T00:10:37.202+0000] {logging_mixin.py:190} INFO - [2025-09-07T00:10:37.201+0000] {dagbag.py:588} INFO - Filling up the DagBag from /home/airflow/.local/lib/python3.12/site-packages/airflow/example_dags/example_workday_timetable.py
[2025-09-07T00:10:37.210+0000] {processor.py:925} INFO - DAG(s) 'example_workday_timetable' retrieved from /home/airflow/.local/lib/python3.12/site-packages/airflow/example_dags/example_workday_timetable.py
[2025-09-07T00:10:37.230+0000] {logging_mixin.py:190} INFO - [2025-09-07T00:10:37.230+0000] {dag.py:3239} INFO - Sync 1 DAGs
[2025-09-07T00:10:37.282+0000] {logging_mixin.py:190} INFO - [2025-09-07T00:10:37.281+0000] {dag.py:4180} INFO - Setting next_dagrun for example_workday_timetable to 2021-01-04 00:00:00+00:00, run_after=2021-01-05 00:00:00+00:00
[2025-09-07T00:10:37.300+0000] {processor.py:208} INFO - Processing /home/airflow/.local/lib/python3.12/site-packages/airflow/example_dags/example_workday_timetable.py took 0.110 seconds
[2025-09-07T00:11:07.391+0000] {processor.py:186} INFO - Started process (PID=5340) to work on /home/airflow/.local/lib/python3.12/site-packages/airflow/example_dags/example_workday_timetable.py
[2025-09-07T00:11:07.392+0000] {processor.py:914} INFO - Processing file /home/airflow/.local/lib/python3.12/site-packages/airflow/example_dags/example_workday_timetable.py for tasks to queue
[2025-09-07T00:11:07.395+0000] {logging_mixin.py:190} INFO - [2025-09-07T00:11:07.394+0000] {dagbag.py:588} INFO - Filling up the DagBag from /home/airflow/.local/lib/python3.12/site-packages/airflow/example_dags/example_workday_timetable.py
[2025-09-07T00:11:07.404+0000] {processor.py:925} INFO - DAG(s) 'example_workday_timetable' retrieved from /home/airflow/.local/lib/python3.12/site-packages/airflow/example_dags/example_workday_timetable.py
[2025-09-07T00:11:07.427+0000] {logging_mixin.py:190} INFO - [2025-09-07T00:11:07.427+0000] {dag.py:3239} INFO - Sync 1 DAGs
[2025-09-07T00:11:07.484+0000] {logging_mixin.py:190} INFO - [2025-09-07T00:11:07.484+0000] {dag.py:4180} INFO - Setting next_dagrun for example_workday_timetable to 2021-01-04 00:00:00+00:00, run_after=2021-01-05 00:00:00+00:00
[2025-09-07T00:11:07.501+0000] {processor.py:208} INFO - Processing /home/airflow/.local/lib/python3.12/site-packages/airflow/example_dags/example_workday_timetable.py took 0.116 seconds
[2025-09-07T00:11:38.127+0000] {processor.py:186} INFO - Started process (PID=5406) to work on /home/airflow/.local/lib/python3.12/site-packages/airflow/example_dags/example_workday_timetable.py
[2025-09-07T00:11:38.128+0000] {processor.py:914} INFO - Processing file /home/airflow/.local/lib/python3.12/site-packages/airflow/example_dags/example_workday_timetable.py for tasks to queue
[2025-09-07T00:11:38.130+0000] {logging_mixin.py:190} INFO - [2025-09-07T00:11:38.130+0000] {dagbag.py:588} INFO - Filling up the DagBag from /home/airflow/.local/lib/python3.12/site-packages/airflow/example_dags/example_workday_timetable.py
[2025-09-07T00:11:38.136+0000] {processor.py:925} INFO - DAG(s) 'example_workday_timetable' retrieved from /home/airflow/.local/lib/python3.12/site-packages/airflow/example_dags/example_workday_timetable.py
[2025-09-07T00:11:38.161+0000] {logging_mixin.py:190} INFO - [2025-09-07T00:11:38.161+0000] {dag.py:3239} INFO - Sync 1 DAGs
[2025-09-07T00:11:38.206+0000] {logging_mixin.py:190} INFO - [2025-09-07T00:11:38.206+0000] {dag.py:4180} INFO - Setting next_dagrun for example_workday_timetable to 2021-01-04 00:00:00+00:00, run_after=2021-01-05 00:00:00+00:00
[2025-09-07T00:11:38.221+0000] {processor.py:208} INFO - Processing /home/airflow/.local/lib/python3.12/site-packages/airflow/example_dags/example_workday_timetable.py took 0.102 seconds
[2025-09-07T00:12:08.275+0000] {processor.py:186} INFO - Started process (PID=5472) to work on /home/airflow/.local/lib/python3.12/site-packages/airflow/example_dags/example_workday_timetable.py
[2025-09-07T00:12:08.277+0000] {processor.py:914} INFO - Processing file /home/airflow/.local/lib/python3.12/site-packages/airflow/example_dags/example_workday_timetable.py for tasks to queue
[2025-09-07T00:12:08.279+0000] {logging_mixin.py:190} INFO - [2025-09-07T00:12:08.279+0000] {dagbag.py:588} INFO - Filling up the DagBag from /home/airflow/.local/lib/python3.12/site-packages/airflow/example_dags/example_workday_timetable.py
[2025-09-07T00:12:08.290+0000] {processor.py:925} INFO - DAG(s) 'example_workday_timetable' retrieved from /home/airflow/.local/lib/python3.12/site-packages/airflow/example_dags/example_workday_timetable.py
[2025-09-07T00:12:08.317+0000] {logging_mixin.py:190} INFO - [2025-09-07T00:12:08.317+0000] {dag.py:3239} INFO - Sync 1 DAGs
[2025-09-07T00:12:08.402+0000] {logging_mixin.py:190} INFO - [2025-09-07T00:12:08.402+0000] {dag.py:4180} INFO - Setting next_dagrun for example_workday_timetable to 2021-01-04 00:00:00+00:00, run_after=2021-01-05 00:00:00+00:00
[2025-09-07T00:12:08.417+0000] {processor.py:208} INFO - Processing /home/airflow/.local/lib/python3.12/site-packages/airflow/example_dags/example_workday_timetable.py took 0.148 seconds
[2025-09-07T00:12:38.468+0000] {processor.py:186} INFO - Started process (PID=5537) to work on /home/airflow/.local/lib/python3.12/site-packages/airflow/example_dags/example_workday_timetable.py
[2025-09-07T00:12:38.470+0000] {processor.py:914} INFO - Processing file /home/airflow/.local/lib/python3.12/site-packages/airflow/example_dags/example_workday_timetable.py for tasks to queue
[2025-09-07T00:12:38.471+0000] {logging_mixin.py:190} INFO - [2025-09-07T00:12:38.471+0000] {dagbag.py:588} INFO - Filling up the DagBag from /home/airflow/.local/lib/python3.12/site-packages/airflow/example_dags/example_workday_timetable.py
[2025-09-07T00:12:38.480+0000] {processor.py:925} INFO - DAG(s) 'example_workday_timetable' retrieved from /home/airflow/.local/lib/python3.12/site-packages/airflow/example_dags/example_workday_timetable.py
[2025-09-07T00:12:38.502+0000] {logging_mixin.py:190} INFO - [2025-09-07T00:12:38.501+0000] {dag.py:3239} INFO - Sync 1 DAGs
[2025-09-07T00:12:38.556+0000] {logging_mixin.py:190} INFO - [2025-09-07T00:12:38.555+0000] {dag.py:4180} INFO - Setting next_dagrun for example_workday_timetable to 2021-01-04 00:00:00+00:00, run_after=2021-01-05 00:00:00+00:00
[2025-09-07T00:12:38.571+0000] {processor.py:208} INFO - Processing /home/airflow/.local/lib/python3.12/site-packages/airflow/example_dags/example_workday_timetable.py took 0.111 seconds
[2025-09-07T00:13:09.340+0000] {processor.py:186} INFO - Started process (PID=5603) to work on /home/airflow/.local/lib/python3.12/site-packages/airflow/example_dags/example_workday_timetable.py
[2025-09-07T00:13:09.342+0000] {processor.py:914} INFO - Processing file /home/airflow/.local/lib/python3.12/site-packages/airflow/example_dags/example_workday_timetable.py for tasks to queue
[2025-09-07T00:13:09.346+0000] {logging_mixin.py:190} INFO - [2025-09-07T00:13:09.345+0000] {dagbag.py:588} INFO - Filling up the DagBag from /home/airflow/.local/lib/python3.12/site-packages/airflow/example_dags/example_workday_timetable.py
[2025-09-07T00:13:09.354+0000] {processor.py:925} INFO - DAG(s) 'example_workday_timetable' retrieved from /home/airflow/.local/lib/python3.12/site-packages/airflow/example_dags/example_workday_timetable.py
[2025-09-07T00:13:09.387+0000] {logging_mixin.py:190} INFO - [2025-09-07T00:13:09.387+0000] {dag.py:3239} INFO - Sync 1 DAGs
[2025-09-07T00:13:09.606+0000] {logging_mixin.py:190} INFO - [2025-09-07T00:13:09.605+0000] {dag.py:4180} INFO - Setting next_dagrun for example_workday_timetable to 2021-01-04 00:00:00+00:00, run_after=2021-01-05 00:00:00+00:00
[2025-09-07T00:13:09.625+0000] {processor.py:208} INFO - Processing /home/airflow/.local/lib/python3.12/site-packages/airflow/example_dags/example_workday_timetable.py took 0.292 seconds
[2025-09-07T00:13:39.968+0000] {processor.py:186} INFO - Started process (PID=5669) to work on /home/airflow/.local/lib/python3.12/site-packages/airflow/example_dags/example_workday_timetable.py
[2025-09-07T00:13:39.970+0000] {processor.py:914} INFO - Processing file /home/airflow/.local/lib/python3.12/site-packages/airflow/example_dags/example_workday_timetable.py for tasks to queue
[2025-09-07T00:13:39.972+0000] {logging_mixin.py:190} INFO - [2025-09-07T00:13:39.971+0000] {dagbag.py:588} INFO - Filling up the DagBag from /home/airflow/.local/lib/python3.12/site-packages/airflow/example_dags/example_workday_timetable.py
[2025-09-07T00:13:39.981+0000] {processor.py:925} INFO - DAG(s) 'example_workday_timetable' retrieved from /home/airflow/.local/lib/python3.12/site-packages/airflow/example_dags/example_workday_timetable.py
[2025-09-07T00:13:40.012+0000] {logging_mixin.py:190} INFO - [2025-09-07T00:13:40.012+0000] {dag.py:3239} INFO - Sync 1 DAGs
[2025-09-07T00:13:40.081+0000] {logging_mixin.py:190} INFO - [2025-09-07T00:13:40.081+0000] {dag.py:4180} INFO - Setting next_dagrun for example_workday_timetable to 2021-01-04 00:00:00+00:00, run_after=2021-01-05 00:00:00+00:00
[2025-09-07T00:13:40.249+0000] {processor.py:208} INFO - Processing /home/airflow/.local/lib/python3.12/site-packages/airflow/example_dags/example_workday_timetable.py took 0.289 seconds
[2025-09-07T00:14:10.775+0000] {processor.py:186} INFO - Started process (PID=5735) to work on /home/airflow/.local/lib/python3.12/site-packages/airflow/example_dags/example_workday_timetable.py
[2025-09-07T00:14:10.776+0000] {processor.py:914} INFO - Processing file /home/airflow/.local/lib/python3.12/site-packages/airflow/example_dags/example_workday_timetable.py for tasks to queue
[2025-09-07T00:14:10.777+0000] {logging_mixin.py:190} INFO - [2025-09-07T00:14:10.777+0000] {dagbag.py:588} INFO - Filling up the DagBag from /home/airflow/.local/lib/python3.12/site-packages/airflow/example_dags/example_workday_timetable.py
[2025-09-07T00:14:10.782+0000] {processor.py:925} INFO - DAG(s) 'example_workday_timetable' retrieved from /home/airflow/.local/lib/python3.12/site-packages/airflow/example_dags/example_workday_timetable.py
[2025-09-07T00:14:10.803+0000] {logging_mixin.py:190} INFO - [2025-09-07T00:14:10.803+0000] {dag.py:3239} INFO - Sync 1 DAGs
[2025-09-07T00:14:10.857+0000] {logging_mixin.py:190} INFO - [2025-09-07T00:14:10.857+0000] {dag.py:4180} INFO - Setting next_dagrun for example_workday_timetable to 2021-01-04 00:00:00+00:00, run_after=2021-01-05 00:00:00+00:00
[2025-09-07T00:14:10.873+0000] {processor.py:208} INFO - Processing /home/airflow/.local/lib/python3.12/site-packages/airflow/example_dags/example_workday_timetable.py took 0.103 seconds
[2025-09-07T00:14:41.578+0000] {processor.py:186} INFO - Started process (PID=5801) to work on /home/airflow/.local/lib/python3.12/site-packages/airflow/example_dags/example_workday_timetable.py
[2025-09-07T00:14:41.580+0000] {processor.py:914} INFO - Processing file /home/airflow/.local/lib/python3.12/site-packages/airflow/example_dags/example_workday_timetable.py for tasks to queue
[2025-09-07T00:14:41.581+0000] {logging_mixin.py:190} INFO - [2025-09-07T00:14:41.581+0000] {dagbag.py:588} INFO - Filling up the DagBag from /home/airflow/.local/lib/python3.12/site-packages/airflow/example_dags/example_workday_timetable.py
[2025-09-07T00:14:41.586+0000] {processor.py:925} INFO - DAG(s) 'example_workday_timetable' retrieved from /home/airflow/.local/lib/python3.12/site-packages/airflow/example_dags/example_workday_timetable.py
[2025-09-07T00:14:41.607+0000] {logging_mixin.py:190} INFO - [2025-09-07T00:14:41.607+0000] {dag.py:3239} INFO - Sync 1 DAGs
[2025-09-07T00:14:41.652+0000] {logging_mixin.py:190} INFO - [2025-09-07T00:14:41.652+0000] {dag.py:4180} INFO - Setting next_dagrun for example_workday_timetable to 2021-01-04 00:00:00+00:00, run_after=2021-01-05 00:00:00+00:00
[2025-09-07T00:14:41.666+0000] {processor.py:208} INFO - Processing /home/airflow/.local/lib/python3.12/site-packages/airflow/example_dags/example_workday_timetable.py took 0.096 seconds
[2025-09-07T00:15:12.454+0000] {processor.py:186} INFO - Started process (PID=5866) to work on /home/airflow/.local/lib/python3.12/site-packages/airflow/example_dags/example_workday_timetable.py
[2025-09-07T00:15:12.456+0000] {processor.py:914} INFO - Processing file /home/airflow/.local/lib/python3.12/site-packages/airflow/example_dags/example_workday_timetable.py for tasks to queue
[2025-09-07T00:15:12.458+0000] {logging_mixin.py:190} INFO - [2025-09-07T00:15:12.457+0000] {dagbag.py:588} INFO - Filling up the DagBag from /home/airflow/.local/lib/python3.12/site-packages/airflow/example_dags/example_workday_timetable.py
[2025-09-07T00:15:12.465+0000] {processor.py:925} INFO - DAG(s) 'example_workday_timetable' retrieved from /home/airflow/.local/lib/python3.12/site-packages/airflow/example_dags/example_workday_timetable.py
[2025-09-07T00:15:12.679+0000] {logging_mixin.py:190} INFO - [2025-09-07T00:15:12.679+0000] {dag.py:3239} INFO - Sync 1 DAGs
[2025-09-07T00:15:12.745+0000] {logging_mixin.py:190} INFO - [2025-09-07T00:15:12.745+0000] {dag.py:4180} INFO - Setting next_dagrun for example_workday_timetable to 2021-01-04 00:00:00+00:00, run_after=2021-01-05 00:00:00+00:00
[2025-09-07T00:15:12.764+0000] {processor.py:208} INFO - Processing /home/airflow/.local/lib/python3.12/site-packages/airflow/example_dags/example_workday_timetable.py took 0.318 seconds
[2025-09-07T00:15:43.343+0000] {processor.py:186} INFO - Started process (PID=5925) to work on /home/airflow/.local/lib/python3.12/site-packages/airflow/example_dags/example_workday_timetable.py
[2025-09-07T00:15:43.345+0000] {processor.py:914} INFO - Processing file /home/airflow/.local/lib/python3.12/site-packages/airflow/example_dags/example_workday_timetable.py for tasks to queue
[2025-09-07T00:15:43.347+0000] {logging_mixin.py:190} INFO - [2025-09-07T00:15:43.346+0000] {dagbag.py:588} INFO - Filling up the DagBag from /home/airflow/.local/lib/python3.12/site-packages/airflow/example_dags/example_workday_timetable.py
[2025-09-07T00:15:43.352+0000] {processor.py:925} INFO - DAG(s) 'example_workday_timetable' retrieved from /home/airflow/.local/lib/python3.12/site-packages/airflow/example_dags/example_workday_timetable.py
[2025-09-07T00:15:43.376+0000] {logging_mixin.py:190} INFO - [2025-09-07T00:15:43.376+0000] {dag.py:3239} INFO - Sync 1 DAGs
[2025-09-07T00:15:43.431+0000] {logging_mixin.py:190} INFO - [2025-09-07T00:15:43.431+0000] {dag.py:4180} INFO - Setting next_dagrun for example_workday_timetable to 2021-01-04 00:00:00+00:00, run_after=2021-01-05 00:00:00+00:00
[2025-09-07T00:15:43.452+0000] {processor.py:208} INFO - Processing /home/airflow/.local/lib/python3.12/site-packages/airflow/example_dags/example_workday_timetable.py took 0.118 seconds
[2025-09-07T00:16:13.997+0000] {processor.py:186} INFO - Started process (PID=5991) to work on /home/airflow/.local/lib/python3.12/site-packages/airflow/example_dags/example_workday_timetable.py
[2025-09-07T00:16:13.998+0000] {processor.py:914} INFO - Processing file /home/airflow/.local/lib/python3.12/site-packages/airflow/example_dags/example_workday_timetable.py for tasks to queue
[2025-09-07T00:16:14.000+0000] {logging_mixin.py:190} INFO - [2025-09-07T00:16:14.000+0000] {dagbag.py:588} INFO - Filling up the DagBag from /home/airflow/.local/lib/python3.12/site-packages/airflow/example_dags/example_workday_timetable.py
[2025-09-07T00:16:14.009+0000] {processor.py:925} INFO - DAG(s) 'example_workday_timetable' retrieved from /home/airflow/.local/lib/python3.12/site-packages/airflow/example_dags/example_workday_timetable.py
[2025-09-07T00:16:14.037+0000] {logging_mixin.py:190} INFO - [2025-09-07T00:16:14.036+0000] {dag.py:3239} INFO - Sync 1 DAGs
[2025-09-07T00:16:14.086+0000] {logging_mixin.py:190} INFO - [2025-09-07T00:16:14.086+0000] {dag.py:4180} INFO - Setting next_dagrun for example_workday_timetable to 2021-01-04 00:00:00+00:00, run_after=2021-01-05 00:00:00+00:00
[2025-09-07T00:16:14.105+0000] {processor.py:208} INFO - Processing /home/airflow/.local/lib/python3.12/site-packages/airflow/example_dags/example_workday_timetable.py took 0.114 seconds
[2025-09-07T00:16:44.597+0000] {processor.py:186} INFO - Started process (PID=6056) to work on /home/airflow/.local/lib/python3.12/site-packages/airflow/example_dags/example_workday_timetable.py
[2025-09-07T00:16:44.598+0000] {processor.py:914} INFO - Processing file /home/airflow/.local/lib/python3.12/site-packages/airflow/example_dags/example_workday_timetable.py for tasks to queue
[2025-09-07T00:16:44.600+0000] {logging_mixin.py:190} INFO - [2025-09-07T00:16:44.600+0000] {dagbag.py:588} INFO - Filling up the DagBag from /home/airflow/.local/lib/python3.12/site-packages/airflow/example_dags/example_workday_timetable.py
[2025-09-07T00:16:44.606+0000] {processor.py:925} INFO - DAG(s) 'example_workday_timetable' retrieved from /home/airflow/.local/lib/python3.12/site-packages/airflow/example_dags/example_workday_timetable.py
[2025-09-07T00:16:44.629+0000] {logging_mixin.py:190} INFO - [2025-09-07T00:16:44.628+0000] {dag.py:3239} INFO - Sync 1 DAGs
[2025-09-07T00:16:44.676+0000] {logging_mixin.py:190} INFO - [2025-09-07T00:16:44.676+0000] {dag.py:4180} INFO - Setting next_dagrun for example_workday_timetable to 2021-01-04 00:00:00+00:00, run_after=2021-01-05 00:00:00+00:00
[2025-09-07T00:16:44.697+0000] {processor.py:208} INFO - Processing /home/airflow/.local/lib/python3.12/site-packages/airflow/example_dags/example_workday_timetable.py took 0.107 seconds
[2025-09-07T00:17:15.273+0000] {processor.py:186} INFO - Started process (PID=6122) to work on /home/airflow/.local/lib/python3.12/site-packages/airflow/example_dags/example_workday_timetable.py
[2025-09-07T00:17:15.275+0000] {processor.py:914} INFO - Processing file /home/airflow/.local/lib/python3.12/site-packages/airflow/example_dags/example_workday_timetable.py for tasks to queue
[2025-09-07T00:17:15.277+0000] {logging_mixin.py:190} INFO - [2025-09-07T00:17:15.276+0000] {dagbag.py:588} INFO - Filling up the DagBag from /home/airflow/.local/lib/python3.12/site-packages/airflow/example_dags/example_workday_timetable.py
[2025-09-07T00:17:15.288+0000] {processor.py:925} INFO - DAG(s) 'example_workday_timetable' retrieved from /home/airflow/.local/lib/python3.12/site-packages/airflow/example_dags/example_workday_timetable.py
[2025-09-07T00:17:15.314+0000] {logging_mixin.py:190} INFO - [2025-09-07T00:17:15.314+0000] {dag.py:3239} INFO - Sync 1 DAGs
[2025-09-07T00:17:15.369+0000] {logging_mixin.py:190} INFO - [2025-09-07T00:17:15.369+0000] {dag.py:4180} INFO - Setting next_dagrun for example_workday_timetable to 2021-01-04 00:00:00+00:00, run_after=2021-01-05 00:00:00+00:00
[2025-09-07T00:17:15.388+0000] {processor.py:208} INFO - Processing /home/airflow/.local/lib/python3.12/site-packages/airflow/example_dags/example_workday_timetable.py took 0.122 seconds
[2025-09-07T00:17:46.000+0000] {processor.py:186} INFO - Started process (PID=6188) to work on /home/airflow/.local/lib/python3.12/site-packages/airflow/example_dags/example_workday_timetable.py
[2025-09-07T00:17:46.002+0000] {processor.py:914} INFO - Processing file /home/airflow/.local/lib/python3.12/site-packages/airflow/example_dags/example_workday_timetable.py for tasks to queue
[2025-09-07T00:17:46.005+0000] {logging_mixin.py:190} INFO - [2025-09-07T00:17:46.005+0000] {dagbag.py:588} INFO - Filling up the DagBag from /home/airflow/.local/lib/python3.12/site-packages/airflow/example_dags/example_workday_timetable.py
[2025-09-07T00:17:46.012+0000] {processor.py:925} INFO - DAG(s) 'example_workday_timetable' retrieved from /home/airflow/.local/lib/python3.12/site-packages/airflow/example_dags/example_workday_timetable.py
[2025-09-07T00:17:46.030+0000] {logging_mixin.py:190} INFO - [2025-09-07T00:17:46.030+0000] {dag.py:3239} INFO - Sync 1 DAGs
[2025-09-07T00:17:46.085+0000] {logging_mixin.py:190} INFO - [2025-09-07T00:17:46.084+0000] {dag.py:4180} INFO - Setting next_dagrun for example_workday_timetable to 2021-01-04 00:00:00+00:00, run_after=2021-01-05 00:00:00+00:00
[2025-09-07T00:17:46.099+0000] {processor.py:208} INFO - Processing /home/airflow/.local/lib/python3.12/site-packages/airflow/example_dags/example_workday_timetable.py took 0.107 seconds
[2025-09-07T00:18:16.734+0000] {processor.py:186} INFO - Started process (PID=6254) to work on /home/airflow/.local/lib/python3.12/site-packages/airflow/example_dags/example_workday_timetable.py
[2025-09-07T00:18:16.735+0000] {processor.py:914} INFO - Processing file /home/airflow/.local/lib/python3.12/site-packages/airflow/example_dags/example_workday_timetable.py for tasks to queue
[2025-09-07T00:18:16.736+0000] {logging_mixin.py:190} INFO - [2025-09-07T00:18:16.736+0000] {dagbag.py:588} INFO - Filling up the DagBag from /home/airflow/.local/lib/python3.12/site-packages/airflow/example_dags/example_workday_timetable.py
[2025-09-07T00:18:16.741+0000] {processor.py:925} INFO - DAG(s) 'example_workday_timetable' retrieved from /home/airflow/.local/lib/python3.12/site-packages/airflow/example_dags/example_workday_timetable.py
[2025-09-07T00:18:16.764+0000] {logging_mixin.py:190} INFO - [2025-09-07T00:18:16.764+0000] {dag.py:3239} INFO - Sync 1 DAGs
[2025-09-07T00:18:16.821+0000] {logging_mixin.py:190} INFO - [2025-09-07T00:18:16.821+0000] {dag.py:4180} INFO - Setting next_dagrun for example_workday_timetable to 2021-01-04 00:00:00+00:00, run_after=2021-01-05 00:00:00+00:00
[2025-09-07T00:18:16.837+0000] {processor.py:208} INFO - Processing /home/airflow/.local/lib/python3.12/site-packages/airflow/example_dags/example_workday_timetable.py took 0.111 seconds
[2025-09-07T00:18:47.588+0000] {processor.py:186} INFO - Started process (PID=6320) to work on /home/airflow/.local/lib/python3.12/site-packages/airflow/example_dags/example_workday_timetable.py
[2025-09-07T00:18:47.589+0000] {processor.py:914} INFO - Processing file /home/airflow/.local/lib/python3.12/site-packages/airflow/example_dags/example_workday_timetable.py for tasks to queue
[2025-09-07T00:18:47.591+0000] {logging_mixin.py:190} INFO - [2025-09-07T00:18:47.590+0000] {dagbag.py:588} INFO - Filling up the DagBag from /home/airflow/.local/lib/python3.12/site-packages/airflow/example_dags/example_workday_timetable.py
[2025-09-07T00:18:47.600+0000] {processor.py:925} INFO - DAG(s) 'example_workday_timetable' retrieved from /home/airflow/.local/lib/python3.12/site-packages/airflow/example_dags/example_workday_timetable.py
[2025-09-07T00:18:47.623+0000] {logging_mixin.py:190} INFO - [2025-09-07T00:18:47.623+0000] {dag.py:3239} INFO - Sync 1 DAGs
[2025-09-07T00:18:47.670+0000] {logging_mixin.py:190} INFO - [2025-09-07T00:18:47.670+0000] {dag.py:4180} INFO - Setting next_dagrun for example_workday_timetable to 2021-01-04 00:00:00+00:00, run_after=2021-01-05 00:00:00+00:00
[2025-09-07T00:18:47.684+0000] {processor.py:208} INFO - Processing /home/airflow/.local/lib/python3.12/site-packages/airflow/example_dags/example_workday_timetable.py took 0.105 seconds
[2025-09-07T00:19:18.136+0000] {processor.py:186} INFO - Started process (PID=6385) to work on /home/airflow/.local/lib/python3.12/site-packages/airflow/example_dags/example_workday_timetable.py
[2025-09-07T00:19:18.139+0000] {processor.py:914} INFO - Processing file /home/airflow/.local/lib/python3.12/site-packages/airflow/example_dags/example_workday_timetable.py for tasks to queue
[2025-09-07T00:19:18.141+0000] {logging_mixin.py:190} INFO - [2025-09-07T00:19:18.140+0000] {dagbag.py:588} INFO - Filling up the DagBag from /home/airflow/.local/lib/python3.12/site-packages/airflow/example_dags/example_workday_timetable.py
[2025-09-07T00:19:18.146+0000] {processor.py:925} INFO - DAG(s) 'example_workday_timetable' retrieved from /home/airflow/.local/lib/python3.12/site-packages/airflow/example_dags/example_workday_timetable.py
[2025-09-07T00:19:18.162+0000] {logging_mixin.py:190} INFO - [2025-09-07T00:19:18.162+0000] {dag.py:3239} INFO - Sync 1 DAGs
[2025-09-07T00:19:18.209+0000] {logging_mixin.py:190} INFO - [2025-09-07T00:19:18.209+0000] {dag.py:4180} INFO - Setting next_dagrun for example_workday_timetable to 2021-01-04 00:00:00+00:00, run_after=2021-01-05 00:00:00+00:00
[2025-09-07T00:19:18.226+0000] {processor.py:208} INFO - Processing /home/airflow/.local/lib/python3.12/site-packages/airflow/example_dags/example_workday_timetable.py took 0.096 seconds
[2025-09-07T00:19:48.980+0000] {processor.py:186} INFO - Started process (PID=6451) to work on /home/airflow/.local/lib/python3.12/site-packages/airflow/example_dags/example_workday_timetable.py
[2025-09-07T00:19:48.981+0000] {processor.py:914} INFO - Processing file /home/airflow/.local/lib/python3.12/site-packages/airflow/example_dags/example_workday_timetable.py for tasks to queue
[2025-09-07T00:19:48.983+0000] {logging_mixin.py:190} INFO - [2025-09-07T00:19:48.983+0000] {dagbag.py:588} INFO - Filling up the DagBag from /home/airflow/.local/lib/python3.12/site-packages/airflow/example_dags/example_workday_timetable.py
[2025-09-07T00:19:48.991+0000] {processor.py:925} INFO - DAG(s) 'example_workday_timetable' retrieved from /home/airflow/.local/lib/python3.12/site-packages/airflow/example_dags/example_workday_timetable.py
[2025-09-07T00:19:49.017+0000] {logging_mixin.py:190} INFO - [2025-09-07T00:19:49.017+0000] {dag.py:3239} INFO - Sync 1 DAGs
[2025-09-07T00:19:49.069+0000] {logging_mixin.py:190} INFO - [2025-09-07T00:19:49.069+0000] {dag.py:4180} INFO - Setting next_dagrun for example_workday_timetable to 2021-01-04 00:00:00+00:00, run_after=2021-01-05 00:00:00+00:00
[2025-09-07T00:19:49.085+0000] {processor.py:208} INFO - Processing /home/airflow/.local/lib/python3.12/site-packages/airflow/example_dags/example_workday_timetable.py took 0.112 seconds
[2025-09-07T00:20:19.670+0000] {processor.py:186} INFO - Started process (PID=6517) to work on /home/airflow/.local/lib/python3.12/site-packages/airflow/example_dags/example_workday_timetable.py
[2025-09-07T00:20:19.671+0000] {processor.py:914} INFO - Processing file /home/airflow/.local/lib/python3.12/site-packages/airflow/example_dags/example_workday_timetable.py for tasks to queue
[2025-09-07T00:20:19.674+0000] {logging_mixin.py:190} INFO - [2025-09-07T00:20:19.673+0000] {dagbag.py:588} INFO - Filling up the DagBag from /home/airflow/.local/lib/python3.12/site-packages/airflow/example_dags/example_workday_timetable.py
[2025-09-07T00:20:19.681+0000] {processor.py:925} INFO - DAG(s) 'example_workday_timetable' retrieved from /home/airflow/.local/lib/python3.12/site-packages/airflow/example_dags/example_workday_timetable.py
[2025-09-07T00:20:19.704+0000] {logging_mixin.py:190} INFO - [2025-09-07T00:20:19.704+0000] {dag.py:3239} INFO - Sync 1 DAGs
[2025-09-07T00:20:19.752+0000] {logging_mixin.py:190} INFO - [2025-09-07T00:20:19.752+0000] {dag.py:4180} INFO - Setting next_dagrun for example_workday_timetable to 2021-01-04 00:00:00+00:00, run_after=2021-01-05 00:00:00+00:00
[2025-09-07T00:20:19.768+0000] {processor.py:208} INFO - Processing /home/airflow/.local/lib/python3.12/site-packages/airflow/example_dags/example_workday_timetable.py took 0.105 seconds
