[2025-09-07T00:00:19.078+0000] {processor.py:186} INFO - Started process (PID=3961) to work on /home/airflow/.local/lib/python3.12/site-packages/airflow/example_dags/example_inlet_event_extra.py
[2025-09-07T00:00:19.079+0000] {processor.py:914} INFO - Processing file /home/airflow/.local/lib/python3.12/site-packages/airflow/example_dags/example_inlet_event_extra.py for tasks to queue
[2025-09-07T00:00:19.081+0000] {logging_mixin.py:190} INFO - [2025-09-07T00:00:19.081+0000] {dagbag.py:588} INFO - Filling up the DagBag from /home/airflow/.local/lib/python3.12/site-packages/airflow/example_dags/example_inlet_event_extra.py
[2025-09-07T00:00:19.583+0000] {processor.py:925} INFO - DAG(s) 'read_dataset_event_from_classic', 'read_dataset_event' retrieved from /home/airflow/.local/lib/python3.12/site-packages/airflow/example_dags/example_inlet_event_extra.py
[2025-09-07T00:00:19.603+0000] {logging_mixin.py:190} INFO - [2025-09-07T00:00:19.603+0000] {dag.py:3239} INFO - Sync 2 DAGs
[2025-09-07T00:00:19.620+0000] {logging_mixin.py:190} INFO - [2025-09-07T00:00:19.620+0000] {dag.py:4180} INFO - Setting next_dagrun for read_dataset_event to 2025-09-06 00:00:00+00:00, run_after=2025-09-07 00:00:00+00:00
[2025-09-07T00:00:19.624+0000] {logging_mixin.py:190} INFO - [2025-09-07T00:00:19.624+0000] {dag.py:4180} INFO - Setting next_dagrun for read_dataset_event_from_classic to 2025-09-06 00:00:00+00:00, run_after=2025-09-07 00:00:00+00:00
[2025-09-07T00:00:19.637+0000] {processor.py:208} INFO - Processing /home/airflow/.local/lib/python3.12/site-packages/airflow/example_dags/example_inlet_event_extra.py took 0.567 seconds
[2025-09-07T00:00:50.032+0000] {processor.py:186} INFO - Started process (PID=4027) to work on /home/airflow/.local/lib/python3.12/site-packages/airflow/example_dags/example_inlet_event_extra.py
[2025-09-07T00:00:50.033+0000] {processor.py:914} INFO - Processing file /home/airflow/.local/lib/python3.12/site-packages/airflow/example_dags/example_inlet_event_extra.py for tasks to queue
[2025-09-07T00:00:50.035+0000] {logging_mixin.py:190} INFO - [2025-09-07T00:00:50.035+0000] {dagbag.py:588} INFO - Filling up the DagBag from /home/airflow/.local/lib/python3.12/site-packages/airflow/example_dags/example_inlet_event_extra.py
[2025-09-07T00:00:50.600+0000] {processor.py:925} INFO - DAG(s) 'read_dataset_event_from_classic', 'read_dataset_event' retrieved from /home/airflow/.local/lib/python3.12/site-packages/airflow/example_dags/example_inlet_event_extra.py
[2025-09-07T00:00:50.627+0000] {logging_mixin.py:190} INFO - [2025-09-07T00:00:50.627+0000] {dag.py:3239} INFO - Sync 2 DAGs
[2025-09-07T00:00:50.655+0000] {logging_mixin.py:190} INFO - [2025-09-07T00:00:50.655+0000] {dag.py:4180} INFO - Setting next_dagrun for read_dataset_event to 2025-09-06 00:00:00+00:00, run_after=2025-09-07 00:00:00+00:00
[2025-09-07T00:00:50.661+0000] {logging_mixin.py:190} INFO - [2025-09-07T00:00:50.661+0000] {dag.py:4180} INFO - Setting next_dagrun for read_dataset_event_from_classic to 2025-09-06 00:00:00+00:00, run_after=2025-09-07 00:00:00+00:00
[2025-09-07T00:00:50.684+0000] {processor.py:208} INFO - Processing /home/airflow/.local/lib/python3.12/site-packages/airflow/example_dags/example_inlet_event_extra.py took 0.660 seconds
[2025-09-07T00:01:21.089+0000] {processor.py:186} INFO - Started process (PID=4093) to work on /home/airflow/.local/lib/python3.12/site-packages/airflow/example_dags/example_inlet_event_extra.py
[2025-09-07T00:01:21.090+0000] {processor.py:914} INFO - Processing file /home/airflow/.local/lib/python3.12/site-packages/airflow/example_dags/example_inlet_event_extra.py for tasks to queue
[2025-09-07T00:01:21.092+0000] {logging_mixin.py:190} INFO - [2025-09-07T00:01:21.091+0000] {dagbag.py:588} INFO - Filling up the DagBag from /home/airflow/.local/lib/python3.12/site-packages/airflow/example_dags/example_inlet_event_extra.py
[2025-09-07T00:01:21.696+0000] {processor.py:925} INFO - DAG(s) 'read_dataset_event_from_classic', 'read_dataset_event' retrieved from /home/airflow/.local/lib/python3.12/site-packages/airflow/example_dags/example_inlet_event_extra.py
[2025-09-07T00:01:21.723+0000] {logging_mixin.py:190} INFO - [2025-09-07T00:01:21.723+0000] {dag.py:3239} INFO - Sync 2 DAGs
[2025-09-07T00:01:21.749+0000] {logging_mixin.py:190} INFO - [2025-09-07T00:01:21.748+0000] {dag.py:4180} INFO - Setting next_dagrun for read_dataset_event to 2025-09-06 00:00:00+00:00, run_after=2025-09-07 00:00:00+00:00
[2025-09-07T00:01:21.753+0000] {logging_mixin.py:190} INFO - [2025-09-07T00:01:21.753+0000] {dag.py:4180} INFO - Setting next_dagrun for read_dataset_event_from_classic to 2025-09-06 00:00:00+00:00, run_after=2025-09-07 00:00:00+00:00
[2025-09-07T00:01:21.773+0000] {processor.py:208} INFO - Processing /home/airflow/.local/lib/python3.12/site-packages/airflow/example_dags/example_inlet_event_extra.py took 0.690 seconds
[2025-09-07T00:01:51.848+0000] {processor.py:186} INFO - Started process (PID=4156) to work on /home/airflow/.local/lib/python3.12/site-packages/airflow/example_dags/example_inlet_event_extra.py
[2025-09-07T00:01:51.849+0000] {processor.py:914} INFO - Processing file /home/airflow/.local/lib/python3.12/site-packages/airflow/example_dags/example_inlet_event_extra.py for tasks to queue
[2025-09-07T00:01:51.851+0000] {logging_mixin.py:190} INFO - [2025-09-07T00:01:51.850+0000] {dagbag.py:588} INFO - Filling up the DagBag from /home/airflow/.local/lib/python3.12/site-packages/airflow/example_dags/example_inlet_event_extra.py
[2025-09-07T00:01:52.413+0000] {processor.py:925} INFO - DAG(s) 'read_dataset_event_from_classic', 'read_dataset_event' retrieved from /home/airflow/.local/lib/python3.12/site-packages/airflow/example_dags/example_inlet_event_extra.py
[2025-09-07T00:01:52.442+0000] {logging_mixin.py:190} INFO - [2025-09-07T00:01:52.442+0000] {dag.py:3239} INFO - Sync 2 DAGs
[2025-09-07T00:01:52.478+0000] {logging_mixin.py:190} INFO - [2025-09-07T00:01:52.478+0000] {dag.py:4180} INFO - Setting next_dagrun for read_dataset_event to 2025-09-06 00:00:00+00:00, run_after=2025-09-07 00:00:00+00:00
[2025-09-07T00:01:52.485+0000] {logging_mixin.py:190} INFO - [2025-09-07T00:01:52.484+0000] {dag.py:4180} INFO - Setting next_dagrun for read_dataset_event_from_classic to 2025-09-06 00:00:00+00:00, run_after=2025-09-07 00:00:00+00:00
[2025-09-07T00:01:52.506+0000] {processor.py:208} INFO - Processing /home/airflow/.local/lib/python3.12/site-packages/airflow/example_dags/example_inlet_event_extra.py took 0.662 seconds
[2025-09-07T00:02:22.758+0000] {processor.py:186} INFO - Started process (PID=4222) to work on /home/airflow/.local/lib/python3.12/site-packages/airflow/example_dags/example_inlet_event_extra.py
[2025-09-07T00:02:22.760+0000] {processor.py:914} INFO - Processing file /home/airflow/.local/lib/python3.12/site-packages/airflow/example_dags/example_inlet_event_extra.py for tasks to queue
[2025-09-07T00:02:22.762+0000] {logging_mixin.py:190} INFO - [2025-09-07T00:02:22.761+0000] {dagbag.py:588} INFO - Filling up the DagBag from /home/airflow/.local/lib/python3.12/site-packages/airflow/example_dags/example_inlet_event_extra.py
[2025-09-07T00:02:23.220+0000] {processor.py:925} INFO - DAG(s) 'read_dataset_event', 'read_dataset_event_from_classic' retrieved from /home/airflow/.local/lib/python3.12/site-packages/airflow/example_dags/example_inlet_event_extra.py
[2025-09-07T00:02:23.249+0000] {logging_mixin.py:190} INFO - [2025-09-07T00:02:23.248+0000] {dag.py:3239} INFO - Sync 2 DAGs
[2025-09-07T00:02:23.282+0000] {logging_mixin.py:190} INFO - [2025-09-07T00:02:23.282+0000] {dag.py:4180} INFO - Setting next_dagrun for read_dataset_event to 2025-09-06 00:00:00+00:00, run_after=2025-09-07 00:00:00+00:00
[2025-09-07T00:02:23.293+0000] {logging_mixin.py:190} INFO - [2025-09-07T00:02:23.293+0000] {dag.py:4180} INFO - Setting next_dagrun for read_dataset_event_from_classic to 2025-09-06 00:00:00+00:00, run_after=2025-09-07 00:00:00+00:00
[2025-09-07T00:02:23.317+0000] {processor.py:208} INFO - Processing /home/airflow/.local/lib/python3.12/site-packages/airflow/example_dags/example_inlet_event_extra.py took 0.562 seconds
[2025-09-07T00:02:53.697+0000] {processor.py:186} INFO - Started process (PID=4289) to work on /home/airflow/.local/lib/python3.12/site-packages/airflow/example_dags/example_inlet_event_extra.py
[2025-09-07T00:02:53.699+0000] {processor.py:914} INFO - Processing file /home/airflow/.local/lib/python3.12/site-packages/airflow/example_dags/example_inlet_event_extra.py for tasks to queue
[2025-09-07T00:02:53.701+0000] {logging_mixin.py:190} INFO - [2025-09-07T00:02:53.700+0000] {dagbag.py:588} INFO - Filling up the DagBag from /home/airflow/.local/lib/python3.12/site-packages/airflow/example_dags/example_inlet_event_extra.py
[2025-09-07T00:02:54.409+0000] {processor.py:925} INFO - DAG(s) 'read_dataset_event_from_classic', 'read_dataset_event' retrieved from /home/airflow/.local/lib/python3.12/site-packages/airflow/example_dags/example_inlet_event_extra.py
[2025-09-07T00:02:54.435+0000] {logging_mixin.py:190} INFO - [2025-09-07T00:02:54.435+0000] {dag.py:3239} INFO - Sync 2 DAGs
[2025-09-07T00:02:54.459+0000] {logging_mixin.py:190} INFO - [2025-09-07T00:02:54.459+0000] {dag.py:4180} INFO - Setting next_dagrun for read_dataset_event to 2025-09-06 00:00:00+00:00, run_after=2025-09-07 00:00:00+00:00
[2025-09-07T00:02:54.463+0000] {logging_mixin.py:190} INFO - [2025-09-07T00:02:54.463+0000] {dag.py:4180} INFO - Setting next_dagrun for read_dataset_event_from_classic to 2025-09-06 00:00:00+00:00, run_after=2025-09-07 00:00:00+00:00
[2025-09-07T00:02:54.482+0000] {processor.py:208} INFO - Processing /home/airflow/.local/lib/python3.12/site-packages/airflow/example_dags/example_inlet_event_extra.py took 0.790 seconds
[2025-09-07T00:03:24.715+0000] {processor.py:186} INFO - Started process (PID=4356) to work on /home/airflow/.local/lib/python3.12/site-packages/airflow/example_dags/example_inlet_event_extra.py
[2025-09-07T00:03:24.716+0000] {processor.py:914} INFO - Processing file /home/airflow/.local/lib/python3.12/site-packages/airflow/example_dags/example_inlet_event_extra.py for tasks to queue
[2025-09-07T00:03:24.719+0000] {logging_mixin.py:190} INFO - [2025-09-07T00:03:24.718+0000] {dagbag.py:588} INFO - Filling up the DagBag from /home/airflow/.local/lib/python3.12/site-packages/airflow/example_dags/example_inlet_event_extra.py
[2025-09-07T00:03:25.235+0000] {processor.py:925} INFO - DAG(s) 'read_dataset_event_from_classic', 'read_dataset_event' retrieved from /home/airflow/.local/lib/python3.12/site-packages/airflow/example_dags/example_inlet_event_extra.py
[2025-09-07T00:03:25.255+0000] {logging_mixin.py:190} INFO - [2025-09-07T00:03:25.255+0000] {dag.py:3239} INFO - Sync 2 DAGs
[2025-09-07T00:03:25.278+0000] {logging_mixin.py:190} INFO - [2025-09-07T00:03:25.277+0000] {dag.py:4180} INFO - Setting next_dagrun for read_dataset_event to 2025-09-06 00:00:00+00:00, run_after=2025-09-07 00:00:00+00:00
[2025-09-07T00:03:25.281+0000] {logging_mixin.py:190} INFO - [2025-09-07T00:03:25.281+0000] {dag.py:4180} INFO - Setting next_dagrun for read_dataset_event_from_classic to 2025-09-06 00:00:00+00:00, run_after=2025-09-07 00:00:00+00:00
[2025-09-07T00:03:25.296+0000] {processor.py:208} INFO - Processing /home/airflow/.local/lib/python3.12/site-packages/airflow/example_dags/example_inlet_event_extra.py took 0.591 seconds
[2025-09-07T00:03:55.566+0000] {processor.py:186} INFO - Started process (PID=4422) to work on /home/airflow/.local/lib/python3.12/site-packages/airflow/example_dags/example_inlet_event_extra.py
[2025-09-07T00:03:55.569+0000] {processor.py:914} INFO - Processing file /home/airflow/.local/lib/python3.12/site-packages/airflow/example_dags/example_inlet_event_extra.py for tasks to queue
[2025-09-07T00:03:55.573+0000] {logging_mixin.py:190} INFO - [2025-09-07T00:03:55.572+0000] {dagbag.py:588} INFO - Filling up the DagBag from /home/airflow/.local/lib/python3.12/site-packages/airflow/example_dags/example_inlet_event_extra.py
[2025-09-07T00:03:56.431+0000] {processor.py:925} INFO - DAG(s) 'read_dataset_event_from_classic', 'read_dataset_event' retrieved from /home/airflow/.local/lib/python3.12/site-packages/airflow/example_dags/example_inlet_event_extra.py
[2025-09-07T00:03:56.472+0000] {logging_mixin.py:190} INFO - [2025-09-07T00:03:56.471+0000] {dag.py:3239} INFO - Sync 2 DAGs
[2025-09-07T00:03:56.523+0000] {logging_mixin.py:190} INFO - [2025-09-07T00:03:56.522+0000] {dag.py:4180} INFO - Setting next_dagrun for read_dataset_event to 2025-09-06 00:00:00+00:00, run_after=2025-09-07 00:00:00+00:00
[2025-09-07T00:03:56.537+0000] {logging_mixin.py:190} INFO - [2025-09-07T00:03:56.536+0000] {dag.py:4180} INFO - Setting next_dagrun for read_dataset_event_from_classic to 2025-09-06 00:00:00+00:00, run_after=2025-09-07 00:00:00+00:00
[2025-09-07T00:03:56.574+0000] {processor.py:208} INFO - Processing /home/airflow/.local/lib/python3.12/site-packages/airflow/example_dags/example_inlet_event_extra.py took 1.018 seconds
[2025-09-07T00:04:26.931+0000] {processor.py:186} INFO - Started process (PID=4488) to work on /home/airflow/.local/lib/python3.12/site-packages/airflow/example_dags/example_inlet_event_extra.py
[2025-09-07T00:04:26.934+0000] {processor.py:914} INFO - Processing file /home/airflow/.local/lib/python3.12/site-packages/airflow/example_dags/example_inlet_event_extra.py for tasks to queue
[2025-09-07T00:04:26.954+0000] {logging_mixin.py:190} INFO - [2025-09-07T00:04:26.940+0000] {dagbag.py:588} INFO - Filling up the DagBag from /home/airflow/.local/lib/python3.12/site-packages/airflow/example_dags/example_inlet_event_extra.py
[2025-09-07T00:04:28.947+0000] {processor.py:925} INFO - DAG(s) 'read_dataset_event_from_classic', 'read_dataset_event' retrieved from /home/airflow/.local/lib/python3.12/site-packages/airflow/example_dags/example_inlet_event_extra.py
[2025-09-07T00:04:28.992+0000] {logging_mixin.py:190} INFO - [2025-09-07T00:04:28.991+0000] {dag.py:3239} INFO - Sync 2 DAGs
[2025-09-07T00:04:29.045+0000] {logging_mixin.py:190} INFO - [2025-09-07T00:04:29.045+0000] {dag.py:4180} INFO - Setting next_dagrun for read_dataset_event to 2025-09-06 00:00:00+00:00, run_after=2025-09-07 00:00:00+00:00
[2025-09-07T00:04:29.058+0000] {logging_mixin.py:190} INFO - [2025-09-07T00:04:29.057+0000] {dag.py:4180} INFO - Setting next_dagrun for read_dataset_event_from_classic to 2025-09-06 00:00:00+00:00, run_after=2025-09-07 00:00:00+00:00
[2025-09-07T00:04:29.113+0000] {processor.py:208} INFO - Processing /home/airflow/.local/lib/python3.12/site-packages/airflow/example_dags/example_inlet_event_extra.py took 2.193 seconds
[2025-09-07T00:04:59.880+0000] {processor.py:186} INFO - Started process (PID=4559) to work on /home/airflow/.local/lib/python3.12/site-packages/airflow/example_dags/example_inlet_event_extra.py
[2025-09-07T00:04:59.882+0000] {processor.py:914} INFO - Processing file /home/airflow/.local/lib/python3.12/site-packages/airflow/example_dags/example_inlet_event_extra.py for tasks to queue
[2025-09-07T00:04:59.884+0000] {logging_mixin.py:190} INFO - [2025-09-07T00:04:59.883+0000] {dagbag.py:588} INFO - Filling up the DagBag from /home/airflow/.local/lib/python3.12/site-packages/airflow/example_dags/example_inlet_event_extra.py
[2025-09-07T00:05:00.528+0000] {processor.py:925} INFO - DAG(s) 'read_dataset_event_from_classic', 'read_dataset_event' retrieved from /home/airflow/.local/lib/python3.12/site-packages/airflow/example_dags/example_inlet_event_extra.py
[2025-09-07T00:05:00.553+0000] {logging_mixin.py:190} INFO - [2025-09-07T00:05:00.552+0000] {dag.py:3239} INFO - Sync 2 DAGs
[2025-09-07T00:05:00.575+0000] {logging_mixin.py:190} INFO - [2025-09-07T00:05:00.575+0000] {dag.py:4180} INFO - Setting next_dagrun for read_dataset_event to 2025-09-06 00:00:00+00:00, run_after=2025-09-07 00:00:00+00:00
[2025-09-07T00:05:00.584+0000] {logging_mixin.py:190} INFO - [2025-09-07T00:05:00.583+0000] {dag.py:4180} INFO - Setting next_dagrun for read_dataset_event_from_classic to 2025-09-06 00:00:00+00:00, run_after=2025-09-07 00:00:00+00:00
[2025-09-07T00:05:00.598+0000] {processor.py:208} INFO - Processing /home/airflow/.local/lib/python3.12/site-packages/airflow/example_dags/example_inlet_event_extra.py took 0.725 seconds
[2025-09-07T00:05:31.188+0000] {processor.py:186} INFO - Started process (PID=4626) to work on /home/airflow/.local/lib/python3.12/site-packages/airflow/example_dags/example_inlet_event_extra.py
[2025-09-07T00:05:31.189+0000] {processor.py:914} INFO - Processing file /home/airflow/.local/lib/python3.12/site-packages/airflow/example_dags/example_inlet_event_extra.py for tasks to queue
[2025-09-07T00:05:31.192+0000] {logging_mixin.py:190} INFO - [2025-09-07T00:05:31.191+0000] {dagbag.py:588} INFO - Filling up the DagBag from /home/airflow/.local/lib/python3.12/site-packages/airflow/example_dags/example_inlet_event_extra.py
[2025-09-07T00:05:31.629+0000] {processor.py:925} INFO - DAG(s) 'read_dataset_event', 'read_dataset_event_from_classic' retrieved from /home/airflow/.local/lib/python3.12/site-packages/airflow/example_dags/example_inlet_event_extra.py
[2025-09-07T00:05:31.651+0000] {logging_mixin.py:190} INFO - [2025-09-07T00:05:31.651+0000] {dag.py:3239} INFO - Sync 2 DAGs
[2025-09-07T00:05:31.672+0000] {logging_mixin.py:190} INFO - [2025-09-07T00:05:31.672+0000] {dag.py:4180} INFO - Setting next_dagrun for read_dataset_event to 2025-09-06 00:00:00+00:00, run_after=2025-09-07 00:00:00+00:00
[2025-09-07T00:05:31.676+0000] {logging_mixin.py:190} INFO - [2025-09-07T00:05:31.675+0000] {dag.py:4180} INFO - Setting next_dagrun for read_dataset_event_from_classic to 2025-09-06 00:00:00+00:00, run_after=2025-09-07 00:00:00+00:00
[2025-09-07T00:05:31.690+0000] {processor.py:208} INFO - Processing /home/airflow/.local/lib/python3.12/site-packages/airflow/example_dags/example_inlet_event_extra.py took 0.511 seconds
[2025-09-07T00:06:01.797+0000] {processor.py:186} INFO - Started process (PID=4692) to work on /home/airflow/.local/lib/python3.12/site-packages/airflow/example_dags/example_inlet_event_extra.py
[2025-09-07T00:06:01.798+0000] {processor.py:914} INFO - Processing file /home/airflow/.local/lib/python3.12/site-packages/airflow/example_dags/example_inlet_event_extra.py for tasks to queue
[2025-09-07T00:06:01.801+0000] {logging_mixin.py:190} INFO - [2025-09-07T00:06:01.800+0000] {dagbag.py:588} INFO - Filling up the DagBag from /home/airflow/.local/lib/python3.12/site-packages/airflow/example_dags/example_inlet_event_extra.py
[2025-09-07T00:06:02.407+0000] {processor.py:925} INFO - DAG(s) 'read_dataset_event_from_classic', 'read_dataset_event' retrieved from /home/airflow/.local/lib/python3.12/site-packages/airflow/example_dags/example_inlet_event_extra.py
[2025-09-07T00:06:02.434+0000] {logging_mixin.py:190} INFO - [2025-09-07T00:06:02.434+0000] {dag.py:3239} INFO - Sync 2 DAGs
[2025-09-07T00:06:02.463+0000] {logging_mixin.py:190} INFO - [2025-09-07T00:06:02.463+0000] {dag.py:4180} INFO - Setting next_dagrun for read_dataset_event to 2025-09-06 00:00:00+00:00, run_after=2025-09-07 00:00:00+00:00
[2025-09-07T00:06:02.469+0000] {logging_mixin.py:190} INFO - [2025-09-07T00:06:02.469+0000] {dag.py:4180} INFO - Setting next_dagrun for read_dataset_event_from_classic to 2025-09-06 00:00:00+00:00, run_after=2025-09-07 00:00:00+00:00
[2025-09-07T00:06:02.492+0000] {processor.py:208} INFO - Processing /home/airflow/.local/lib/python3.12/site-packages/airflow/example_dags/example_inlet_event_extra.py took 0.702 seconds
[2025-09-07T00:06:32.551+0000] {processor.py:186} INFO - Started process (PID=4755) to work on /home/airflow/.local/lib/python3.12/site-packages/airflow/example_dags/example_inlet_event_extra.py
[2025-09-07T00:06:32.552+0000] {processor.py:914} INFO - Processing file /home/airflow/.local/lib/python3.12/site-packages/airflow/example_dags/example_inlet_event_extra.py for tasks to queue
[2025-09-07T00:06:32.554+0000] {logging_mixin.py:190} INFO - [2025-09-07T00:06:32.554+0000] {dagbag.py:588} INFO - Filling up the DagBag from /home/airflow/.local/lib/python3.12/site-packages/airflow/example_dags/example_inlet_event_extra.py
[2025-09-07T00:06:33.256+0000] {processor.py:925} INFO - DAG(s) 'read_dataset_event', 'read_dataset_event_from_classic' retrieved from /home/airflow/.local/lib/python3.12/site-packages/airflow/example_dags/example_inlet_event_extra.py
[2025-09-07T00:06:33.281+0000] {logging_mixin.py:190} INFO - [2025-09-07T00:06:33.281+0000] {dag.py:3239} INFO - Sync 2 DAGs
[2025-09-07T00:06:33.311+0000] {logging_mixin.py:190} INFO - [2025-09-07T00:06:33.311+0000] {dag.py:4180} INFO - Setting next_dagrun for read_dataset_event to 2025-09-06 00:00:00+00:00, run_after=2025-09-07 00:00:00+00:00
[2025-09-07T00:06:33.317+0000] {logging_mixin.py:190} INFO - [2025-09-07T00:06:33.317+0000] {dag.py:4180} INFO - Setting next_dagrun for read_dataset_event_from_classic to 2025-09-06 00:00:00+00:00, run_after=2025-09-07 00:00:00+00:00
[2025-09-07T00:06:33.338+0000] {processor.py:208} INFO - Processing /home/airflow/.local/lib/python3.12/site-packages/airflow/example_dags/example_inlet_event_extra.py took 0.795 seconds
[2025-09-07T00:07:04.035+0000] {processor.py:186} INFO - Started process (PID=4820) to work on /home/airflow/.local/lib/python3.12/site-packages/airflow/example_dags/example_inlet_event_extra.py
[2025-09-07T00:07:04.037+0000] {processor.py:914} INFO - Processing file /home/airflow/.local/lib/python3.12/site-packages/airflow/example_dags/example_inlet_event_extra.py for tasks to queue
[2025-09-07T00:07:04.040+0000] {logging_mixin.py:190} INFO - [2025-09-07T00:07:04.039+0000] {dagbag.py:588} INFO - Filling up the DagBag from /home/airflow/.local/lib/python3.12/site-packages/airflow/example_dags/example_inlet_event_extra.py
[2025-09-07T00:07:04.862+0000] {processor.py:925} INFO - DAG(s) 'read_dataset_event', 'read_dataset_event_from_classic' retrieved from /home/airflow/.local/lib/python3.12/site-packages/airflow/example_dags/example_inlet_event_extra.py
[2025-09-07T00:07:04.894+0000] {logging_mixin.py:190} INFO - [2025-09-07T00:07:04.893+0000] {dag.py:3239} INFO - Sync 2 DAGs
[2025-09-07T00:07:04.932+0000] {logging_mixin.py:190} INFO - [2025-09-07T00:07:04.932+0000] {dag.py:4180} INFO - Setting next_dagrun for read_dataset_event to 2025-09-06 00:00:00+00:00, run_after=2025-09-07 00:00:00+00:00
[2025-09-07T00:07:04.940+0000] {logging_mixin.py:190} INFO - [2025-09-07T00:07:04.940+0000] {dag.py:4180} INFO - Setting next_dagrun for read_dataset_event_from_classic to 2025-09-06 00:00:00+00:00, run_after=2025-09-07 00:00:00+00:00
[2025-09-07T00:07:04.968+0000] {processor.py:208} INFO - Processing /home/airflow/.local/lib/python3.12/site-packages/airflow/example_dags/example_inlet_event_extra.py took 0.943 seconds
[2025-09-07T00:07:35.813+0000] {processor.py:186} INFO - Started process (PID=4890) to work on /home/airflow/.local/lib/python3.12/site-packages/airflow/example_dags/example_inlet_event_extra.py
[2025-09-07T00:07:35.814+0000] {processor.py:914} INFO - Processing file /home/airflow/.local/lib/python3.12/site-packages/airflow/example_dags/example_inlet_event_extra.py for tasks to queue
[2025-09-07T00:07:35.817+0000] {logging_mixin.py:190} INFO - [2025-09-07T00:07:35.816+0000] {dagbag.py:588} INFO - Filling up the DagBag from /home/airflow/.local/lib/python3.12/site-packages/airflow/example_dags/example_inlet_event_extra.py
[2025-09-07T00:07:36.540+0000] {processor.py:925} INFO - DAG(s) 'read_dataset_event', 'read_dataset_event_from_classic' retrieved from /home/airflow/.local/lib/python3.12/site-packages/airflow/example_dags/example_inlet_event_extra.py
[2025-09-07T00:07:36.571+0000] {logging_mixin.py:190} INFO - [2025-09-07T00:07:36.570+0000] {dag.py:3239} INFO - Sync 2 DAGs
[2025-09-07T00:07:36.610+0000] {logging_mixin.py:190} INFO - [2025-09-07T00:07:36.609+0000] {dag.py:4180} INFO - Setting next_dagrun for read_dataset_event to 2025-09-06 00:00:00+00:00, run_after=2025-09-07 00:00:00+00:00
[2025-09-07T00:07:36.615+0000] {logging_mixin.py:190} INFO - [2025-09-07T00:07:36.615+0000] {dag.py:4180} INFO - Setting next_dagrun for read_dataset_event_from_classic to 2025-09-06 00:00:00+00:00, run_after=2025-09-07 00:00:00+00:00
[2025-09-07T00:07:36.638+0000] {processor.py:208} INFO - Processing /home/airflow/.local/lib/python3.12/site-packages/airflow/example_dags/example_inlet_event_extra.py took 0.835 seconds
[2025-09-07T00:08:06.802+0000] {processor.py:186} INFO - Started process (PID=4966) to work on /home/airflow/.local/lib/python3.12/site-packages/airflow/example_dags/example_inlet_event_extra.py
[2025-09-07T00:08:06.803+0000] {processor.py:914} INFO - Processing file /home/airflow/.local/lib/python3.12/site-packages/airflow/example_dags/example_inlet_event_extra.py for tasks to queue
[2025-09-07T00:08:06.805+0000] {logging_mixin.py:190} INFO - [2025-09-07T00:08:06.805+0000] {dagbag.py:588} INFO - Filling up the DagBag from /home/airflow/.local/lib/python3.12/site-packages/airflow/example_dags/example_inlet_event_extra.py
[2025-09-07T00:08:07.387+0000] {processor.py:925} INFO - DAG(s) 'read_dataset_event_from_classic', 'read_dataset_event' retrieved from /home/airflow/.local/lib/python3.12/site-packages/airflow/example_dags/example_inlet_event_extra.py
[2025-09-07T00:08:07.408+0000] {logging_mixin.py:190} INFO - [2025-09-07T00:08:07.407+0000] {dag.py:3239} INFO - Sync 2 DAGs
[2025-09-07T00:08:07.432+0000] {logging_mixin.py:190} INFO - [2025-09-07T00:08:07.432+0000] {dag.py:4180} INFO - Setting next_dagrun for read_dataset_event to 2025-09-06 00:00:00+00:00, run_after=2025-09-07 00:00:00+00:00
[2025-09-07T00:08:07.437+0000] {logging_mixin.py:190} INFO - [2025-09-07T00:08:07.436+0000] {dag.py:4180} INFO - Setting next_dagrun for read_dataset_event_from_classic to 2025-09-06 00:00:00+00:00, run_after=2025-09-07 00:00:00+00:00
[2025-09-07T00:08:07.454+0000] {processor.py:208} INFO - Processing /home/airflow/.local/lib/python3.12/site-packages/airflow/example_dags/example_inlet_event_extra.py took 0.657 seconds
[2025-09-07T00:08:38.108+0000] {processor.py:186} INFO - Started process (PID=5035) to work on /home/airflow/.local/lib/python3.12/site-packages/airflow/example_dags/example_inlet_event_extra.py
[2025-09-07T00:08:38.109+0000] {processor.py:914} INFO - Processing file /home/airflow/.local/lib/python3.12/site-packages/airflow/example_dags/example_inlet_event_extra.py for tasks to queue
[2025-09-07T00:08:38.112+0000] {logging_mixin.py:190} INFO - [2025-09-07T00:08:38.111+0000] {dagbag.py:588} INFO - Filling up the DagBag from /home/airflow/.local/lib/python3.12/site-packages/airflow/example_dags/example_inlet_event_extra.py
[2025-09-07T00:08:38.667+0000] {processor.py:925} INFO - DAG(s) 'read_dataset_event', 'read_dataset_event_from_classic' retrieved from /home/airflow/.local/lib/python3.12/site-packages/airflow/example_dags/example_inlet_event_extra.py
[2025-09-07T00:08:38.693+0000] {logging_mixin.py:190} INFO - [2025-09-07T00:08:38.693+0000] {dag.py:3239} INFO - Sync 2 DAGs
[2025-09-07T00:08:38.722+0000] {logging_mixin.py:190} INFO - [2025-09-07T00:08:38.722+0000] {dag.py:4180} INFO - Setting next_dagrun for read_dataset_event to 2025-09-06 00:00:00+00:00, run_after=2025-09-07 00:00:00+00:00
[2025-09-07T00:08:38.726+0000] {logging_mixin.py:190} INFO - [2025-09-07T00:08:38.726+0000] {dag.py:4180} INFO - Setting next_dagrun for read_dataset_event_from_classic to 2025-09-06 00:00:00+00:00, run_after=2025-09-07 00:00:00+00:00
[2025-09-07T00:08:38.747+0000] {processor.py:208} INFO - Processing /home/airflow/.local/lib/python3.12/site-packages/airflow/example_dags/example_inlet_event_extra.py took 0.649 seconds
[2025-09-07T00:09:09.274+0000] {processor.py:186} INFO - Started process (PID=5101) to work on /home/airflow/.local/lib/python3.12/site-packages/airflow/example_dags/example_inlet_event_extra.py
[2025-09-07T00:09:09.276+0000] {processor.py:914} INFO - Processing file /home/airflow/.local/lib/python3.12/site-packages/airflow/example_dags/example_inlet_event_extra.py for tasks to queue
[2025-09-07T00:09:09.278+0000] {logging_mixin.py:190} INFO - [2025-09-07T00:09:09.278+0000] {dagbag.py:588} INFO - Filling up the DagBag from /home/airflow/.local/lib/python3.12/site-packages/airflow/example_dags/example_inlet_event_extra.py
[2025-09-07T00:09:09.829+0000] {processor.py:925} INFO - DAG(s) 'read_dataset_event_from_classic', 'read_dataset_event' retrieved from /home/airflow/.local/lib/python3.12/site-packages/airflow/example_dags/example_inlet_event_extra.py
[2025-09-07T00:09:09.848+0000] {logging_mixin.py:190} INFO - [2025-09-07T00:09:09.847+0000] {dag.py:3239} INFO - Sync 2 DAGs
[2025-09-07T00:09:09.868+0000] {logging_mixin.py:190} INFO - [2025-09-07T00:09:09.868+0000] {dag.py:4180} INFO - Setting next_dagrun for read_dataset_event to 2025-09-06 00:00:00+00:00, run_after=2025-09-07 00:00:00+00:00
[2025-09-07T00:09:09.873+0000] {logging_mixin.py:190} INFO - [2025-09-07T00:09:09.873+0000] {dag.py:4180} INFO - Setting next_dagrun for read_dataset_event_from_classic to 2025-09-06 00:00:00+00:00, run_after=2025-09-07 00:00:00+00:00
[2025-09-07T00:09:09.894+0000] {processor.py:208} INFO - Processing /home/airflow/.local/lib/python3.12/site-packages/airflow/example_dags/example_inlet_event_extra.py took 0.629 seconds
[2025-09-07T00:09:39.960+0000] {processor.py:186} INFO - Started process (PID=5168) to work on /home/airflow/.local/lib/python3.12/site-packages/airflow/example_dags/example_inlet_event_extra.py
[2025-09-07T00:09:39.962+0000] {processor.py:914} INFO - Processing file /home/airflow/.local/lib/python3.12/site-packages/airflow/example_dags/example_inlet_event_extra.py for tasks to queue
[2025-09-07T00:09:39.964+0000] {logging_mixin.py:190} INFO - [2025-09-07T00:09:39.964+0000] {dagbag.py:588} INFO - Filling up the DagBag from /home/airflow/.local/lib/python3.12/site-packages/airflow/example_dags/example_inlet_event_extra.py
[2025-09-07T00:09:40.488+0000] {processor.py:925} INFO - DAG(s) 'read_dataset_event', 'read_dataset_event_from_classic' retrieved from /home/airflow/.local/lib/python3.12/site-packages/airflow/example_dags/example_inlet_event_extra.py
[2025-09-07T00:09:40.511+0000] {logging_mixin.py:190} INFO - [2025-09-07T00:09:40.510+0000] {dag.py:3239} INFO - Sync 2 DAGs
[2025-09-07T00:09:40.535+0000] {logging_mixin.py:190} INFO - [2025-09-07T00:09:40.534+0000] {dag.py:4180} INFO - Setting next_dagrun for read_dataset_event to 2025-09-06 00:00:00+00:00, run_after=2025-09-07 00:00:00+00:00
[2025-09-07T00:09:40.539+0000] {logging_mixin.py:190} INFO - [2025-09-07T00:09:40.538+0000] {dag.py:4180} INFO - Setting next_dagrun for read_dataset_event_from_classic to 2025-09-06 00:00:00+00:00, run_after=2025-09-07 00:00:00+00:00
[2025-09-07T00:09:40.556+0000] {processor.py:208} INFO - Processing /home/airflow/.local/lib/python3.12/site-packages/airflow/example_dags/example_inlet_event_extra.py took 0.607 seconds
[2025-09-07T00:10:11.374+0000] {processor.py:186} INFO - Started process (PID=5237) to work on /home/airflow/.local/lib/python3.12/site-packages/airflow/example_dags/example_inlet_event_extra.py
[2025-09-07T00:10:11.375+0000] {processor.py:914} INFO - Processing file /home/airflow/.local/lib/python3.12/site-packages/airflow/example_dags/example_inlet_event_extra.py for tasks to queue
[2025-09-07T00:10:11.378+0000] {logging_mixin.py:190} INFO - [2025-09-07T00:10:11.377+0000] {dagbag.py:588} INFO - Filling up the DagBag from /home/airflow/.local/lib/python3.12/site-packages/airflow/example_dags/example_inlet_event_extra.py
[2025-09-07T00:10:12.116+0000] {processor.py:925} INFO - DAG(s) 'read_dataset_event', 'read_dataset_event_from_classic' retrieved from /home/airflow/.local/lib/python3.12/site-packages/airflow/example_dags/example_inlet_event_extra.py
[2025-09-07T00:10:12.144+0000] {logging_mixin.py:190} INFO - [2025-09-07T00:10:12.144+0000] {dag.py:3239} INFO - Sync 2 DAGs
[2025-09-07T00:10:12.169+0000] {logging_mixin.py:190} INFO - [2025-09-07T00:10:12.169+0000] {dag.py:4180} INFO - Setting next_dagrun for read_dataset_event to 2025-09-06 00:00:00+00:00, run_after=2025-09-07 00:00:00+00:00
[2025-09-07T00:10:12.174+0000] {logging_mixin.py:190} INFO - [2025-09-07T00:10:12.174+0000] {dag.py:4180} INFO - Setting next_dagrun for read_dataset_event_from_classic to 2025-09-06 00:00:00+00:00, run_after=2025-09-07 00:00:00+00:00
[2025-09-07T00:10:12.190+0000] {processor.py:208} INFO - Processing /home/airflow/.local/lib/python3.12/site-packages/airflow/example_dags/example_inlet_event_extra.py took 0.825 seconds
[2025-09-07T00:10:42.230+0000] {processor.py:186} INFO - Started process (PID=5306) to work on /home/airflow/.local/lib/python3.12/site-packages/airflow/example_dags/example_inlet_event_extra.py
[2025-09-07T00:10:42.232+0000] {processor.py:914} INFO - Processing file /home/airflow/.local/lib/python3.12/site-packages/airflow/example_dags/example_inlet_event_extra.py for tasks to queue
[2025-09-07T00:10:42.234+0000] {logging_mixin.py:190} INFO - [2025-09-07T00:10:42.233+0000] {dagbag.py:588} INFO - Filling up the DagBag from /home/airflow/.local/lib/python3.12/site-packages/airflow/example_dags/example_inlet_event_extra.py
[2025-09-07T00:10:42.770+0000] {processor.py:925} INFO - DAG(s) 'read_dataset_event_from_classic', 'read_dataset_event' retrieved from /home/airflow/.local/lib/python3.12/site-packages/airflow/example_dags/example_inlet_event_extra.py
[2025-09-07T00:10:42.794+0000] {logging_mixin.py:190} INFO - [2025-09-07T00:10:42.794+0000] {dag.py:3239} INFO - Sync 2 DAGs
[2025-09-07T00:10:42.824+0000] {logging_mixin.py:190} INFO - [2025-09-07T00:10:42.824+0000] {dag.py:4180} INFO - Setting next_dagrun for read_dataset_event to 2025-09-06 00:00:00+00:00, run_after=2025-09-07 00:00:00+00:00
[2025-09-07T00:10:42.830+0000] {logging_mixin.py:190} INFO - [2025-09-07T00:10:42.830+0000] {dag.py:4180} INFO - Setting next_dagrun for read_dataset_event_from_classic to 2025-09-06 00:00:00+00:00, run_after=2025-09-07 00:00:00+00:00
[2025-09-07T00:10:42.844+0000] {processor.py:208} INFO - Processing /home/airflow/.local/lib/python3.12/site-packages/airflow/example_dags/example_inlet_event_extra.py took 0.622 seconds
[2025-09-07T00:11:13.411+0000] {processor.py:186} INFO - Started process (PID=5372) to work on /home/airflow/.local/lib/python3.12/site-packages/airflow/example_dags/example_inlet_event_extra.py
[2025-09-07T00:11:13.413+0000] {processor.py:914} INFO - Processing file /home/airflow/.local/lib/python3.12/site-packages/airflow/example_dags/example_inlet_event_extra.py for tasks to queue
[2025-09-07T00:11:13.415+0000] {logging_mixin.py:190} INFO - [2025-09-07T00:11:13.415+0000] {dagbag.py:588} INFO - Filling up the DagBag from /home/airflow/.local/lib/python3.12/site-packages/airflow/example_dags/example_inlet_event_extra.py
[2025-09-07T00:11:14.057+0000] {processor.py:925} INFO - DAG(s) 'read_dataset_event_from_classic', 'read_dataset_event' retrieved from /home/airflow/.local/lib/python3.12/site-packages/airflow/example_dags/example_inlet_event_extra.py
[2025-09-07T00:11:14.081+0000] {logging_mixin.py:190} INFO - [2025-09-07T00:11:14.081+0000] {dag.py:3239} INFO - Sync 2 DAGs
[2025-09-07T00:11:14.104+0000] {logging_mixin.py:190} INFO - [2025-09-07T00:11:14.104+0000] {dag.py:4180} INFO - Setting next_dagrun for read_dataset_event to 2025-09-06 00:00:00+00:00, run_after=2025-09-07 00:00:00+00:00
[2025-09-07T00:11:14.111+0000] {logging_mixin.py:190} INFO - [2025-09-07T00:11:14.110+0000] {dag.py:4180} INFO - Setting next_dagrun for read_dataset_event_from_classic to 2025-09-06 00:00:00+00:00, run_after=2025-09-07 00:00:00+00:00
[2025-09-07T00:11:14.130+0000] {processor.py:208} INFO - Processing /home/airflow/.local/lib/python3.12/site-packages/airflow/example_dags/example_inlet_event_extra.py took 0.728 seconds
[2025-09-07T00:11:44.296+0000] {processor.py:186} INFO - Started process (PID=5439) to work on /home/airflow/.local/lib/python3.12/site-packages/airflow/example_dags/example_inlet_event_extra.py
[2025-09-07T00:11:44.298+0000] {processor.py:914} INFO - Processing file /home/airflow/.local/lib/python3.12/site-packages/airflow/example_dags/example_inlet_event_extra.py for tasks to queue
[2025-09-07T00:11:44.300+0000] {logging_mixin.py:190} INFO - [2025-09-07T00:11:44.299+0000] {dagbag.py:588} INFO - Filling up the DagBag from /home/airflow/.local/lib/python3.12/site-packages/airflow/example_dags/example_inlet_event_extra.py
[2025-09-07T00:11:44.893+0000] {processor.py:925} INFO - DAG(s) 'read_dataset_event', 'read_dataset_event_from_classic' retrieved from /home/airflow/.local/lib/python3.12/site-packages/airflow/example_dags/example_inlet_event_extra.py
[2025-09-07T00:11:44.914+0000] {logging_mixin.py:190} INFO - [2025-09-07T00:11:44.914+0000] {dag.py:3239} INFO - Sync 2 DAGs
[2025-09-07T00:11:44.938+0000] {logging_mixin.py:190} INFO - [2025-09-07T00:11:44.937+0000] {dag.py:4180} INFO - Setting next_dagrun for read_dataset_event to 2025-09-06 00:00:00+00:00, run_after=2025-09-07 00:00:00+00:00
[2025-09-07T00:11:44.944+0000] {logging_mixin.py:190} INFO - [2025-09-07T00:11:44.944+0000] {dag.py:4180} INFO - Setting next_dagrun for read_dataset_event_from_classic to 2025-09-06 00:00:00+00:00, run_after=2025-09-07 00:00:00+00:00
[2025-09-07T00:11:44.965+0000] {processor.py:208} INFO - Processing /home/airflow/.local/lib/python3.12/site-packages/airflow/example_dags/example_inlet_event_extra.py took 0.678 seconds
[2025-09-07T00:12:15.048+0000] {processor.py:186} INFO - Started process (PID=5507) to work on /home/airflow/.local/lib/python3.12/site-packages/airflow/example_dags/example_inlet_event_extra.py
[2025-09-07T00:12:15.049+0000] {processor.py:914} INFO - Processing file /home/airflow/.local/lib/python3.12/site-packages/airflow/example_dags/example_inlet_event_extra.py for tasks to queue
[2025-09-07T00:12:15.051+0000] {logging_mixin.py:190} INFO - [2025-09-07T00:12:15.050+0000] {dagbag.py:588} INFO - Filling up the DagBag from /home/airflow/.local/lib/python3.12/site-packages/airflow/example_dags/example_inlet_event_extra.py
[2025-09-07T00:12:15.464+0000] {processor.py:925} INFO - DAG(s) 'read_dataset_event', 'read_dataset_event_from_classic' retrieved from /home/airflow/.local/lib/python3.12/site-packages/airflow/example_dags/example_inlet_event_extra.py
[2025-09-07T00:12:15.478+0000] {logging_mixin.py:190} INFO - [2025-09-07T00:12:15.478+0000] {dag.py:3239} INFO - Sync 2 DAGs
[2025-09-07T00:12:15.494+0000] {logging_mixin.py:190} INFO - [2025-09-07T00:12:15.494+0000] {dag.py:4180} INFO - Setting next_dagrun for read_dataset_event to 2025-09-06 00:00:00+00:00, run_after=2025-09-07 00:00:00+00:00
[2025-09-07T00:12:15.499+0000] {logging_mixin.py:190} INFO - [2025-09-07T00:12:15.499+0000] {dag.py:4180} INFO - Setting next_dagrun for read_dataset_event_from_classic to 2025-09-06 00:00:00+00:00, run_after=2025-09-07 00:00:00+00:00
[2025-09-07T00:12:15.518+0000] {processor.py:208} INFO - Processing /home/airflow/.local/lib/python3.12/site-packages/airflow/example_dags/example_inlet_event_extra.py took 0.475 seconds
[2025-09-07T00:12:45.702+0000] {processor.py:186} INFO - Started process (PID=5567) to work on /home/airflow/.local/lib/python3.12/site-packages/airflow/example_dags/example_inlet_event_extra.py
[2025-09-07T00:12:45.703+0000] {processor.py:914} INFO - Processing file /home/airflow/.local/lib/python3.12/site-packages/airflow/example_dags/example_inlet_event_extra.py for tasks to queue
[2025-09-07T00:12:45.704+0000] {logging_mixin.py:190} INFO - [2025-09-07T00:12:45.704+0000] {dagbag.py:588} INFO - Filling up the DagBag from /home/airflow/.local/lib/python3.12/site-packages/airflow/example_dags/example_inlet_event_extra.py
[2025-09-07T00:12:46.148+0000] {processor.py:925} INFO - DAG(s) 'read_dataset_event_from_classic', 'read_dataset_event' retrieved from /home/airflow/.local/lib/python3.12/site-packages/airflow/example_dags/example_inlet_event_extra.py
[2025-09-07T00:12:46.168+0000] {logging_mixin.py:190} INFO - [2025-09-07T00:12:46.168+0000] {dag.py:3239} INFO - Sync 2 DAGs
[2025-09-07T00:12:46.186+0000] {logging_mixin.py:190} INFO - [2025-09-07T00:12:46.186+0000] {dag.py:4180} INFO - Setting next_dagrun for read_dataset_event to 2025-09-06 00:00:00+00:00, run_after=2025-09-07 00:00:00+00:00
[2025-09-07T00:12:46.189+0000] {logging_mixin.py:190} INFO - [2025-09-07T00:12:46.189+0000] {dag.py:4180} INFO - Setting next_dagrun for read_dataset_event_from_classic to 2025-09-06 00:00:00+00:00, run_after=2025-09-07 00:00:00+00:00
[2025-09-07T00:12:46.200+0000] {processor.py:208} INFO - Processing /home/airflow/.local/lib/python3.12/site-packages/airflow/example_dags/example_inlet_event_extra.py took 0.503 seconds
[2025-09-07T00:13:17.096+0000] {processor.py:186} INFO - Started process (PID=5641) to work on /home/airflow/.local/lib/python3.12/site-packages/airflow/example_dags/example_inlet_event_extra.py
[2025-09-07T00:13:17.098+0000] {processor.py:914} INFO - Processing file /home/airflow/.local/lib/python3.12/site-packages/airflow/example_dags/example_inlet_event_extra.py for tasks to queue
[2025-09-07T00:13:17.100+0000] {logging_mixin.py:190} INFO - [2025-09-07T00:13:17.100+0000] {dagbag.py:588} INFO - Filling up the DagBag from /home/airflow/.local/lib/python3.12/site-packages/airflow/example_dags/example_inlet_event_extra.py
[2025-09-07T00:13:17.619+0000] {processor.py:925} INFO - DAG(s) 'read_dataset_event', 'read_dataset_event_from_classic' retrieved from /home/airflow/.local/lib/python3.12/site-packages/airflow/example_dags/example_inlet_event_extra.py
[2025-09-07T00:13:17.641+0000] {logging_mixin.py:190} INFO - [2025-09-07T00:13:17.641+0000] {dag.py:3239} INFO - Sync 2 DAGs
[2025-09-07T00:13:17.664+0000] {logging_mixin.py:190} INFO - [2025-09-07T00:13:17.664+0000] {dag.py:4180} INFO - Setting next_dagrun for read_dataset_event to 2025-09-06 00:00:00+00:00, run_after=2025-09-07 00:00:00+00:00
[2025-09-07T00:13:17.668+0000] {logging_mixin.py:190} INFO - [2025-09-07T00:13:17.668+0000] {dag.py:4180} INFO - Setting next_dagrun for read_dataset_event_from_classic to 2025-09-06 00:00:00+00:00, run_after=2025-09-07 00:00:00+00:00
[2025-09-07T00:13:17.686+0000] {processor.py:208} INFO - Processing /home/airflow/.local/lib/python3.12/site-packages/airflow/example_dags/example_inlet_event_extra.py took 0.595 seconds
[2025-09-07T00:13:47.955+0000] {processor.py:186} INFO - Started process (PID=5707) to work on /home/airflow/.local/lib/python3.12/site-packages/airflow/example_dags/example_inlet_event_extra.py
[2025-09-07T00:13:47.957+0000] {processor.py:914} INFO - Processing file /home/airflow/.local/lib/python3.12/site-packages/airflow/example_dags/example_inlet_event_extra.py for tasks to queue
[2025-09-07T00:13:47.959+0000] {logging_mixin.py:190} INFO - [2025-09-07T00:13:47.959+0000] {dagbag.py:588} INFO - Filling up the DagBag from /home/airflow/.local/lib/python3.12/site-packages/airflow/example_dags/example_inlet_event_extra.py
[2025-09-07T00:13:48.684+0000] {processor.py:925} INFO - DAG(s) 'read_dataset_event_from_classic', 'read_dataset_event' retrieved from /home/airflow/.local/lib/python3.12/site-packages/airflow/example_dags/example_inlet_event_extra.py
[2025-09-07T00:13:48.709+0000] {logging_mixin.py:190} INFO - [2025-09-07T00:13:48.709+0000] {dag.py:3239} INFO - Sync 2 DAGs
[2025-09-07T00:13:48.739+0000] {logging_mixin.py:190} INFO - [2025-09-07T00:13:48.738+0000] {dag.py:4180} INFO - Setting next_dagrun for read_dataset_event to 2025-09-06 00:00:00+00:00, run_after=2025-09-07 00:00:00+00:00
[2025-09-07T00:13:48.747+0000] {logging_mixin.py:190} INFO - [2025-09-07T00:13:48.746+0000] {dag.py:4180} INFO - Setting next_dagrun for read_dataset_event_from_classic to 2025-09-06 00:00:00+00:00, run_after=2025-09-07 00:00:00+00:00
[2025-09-07T00:13:48.765+0000] {processor.py:208} INFO - Processing /home/airflow/.local/lib/python3.12/site-packages/airflow/example_dags/example_inlet_event_extra.py took 0.815 seconds
[2025-09-07T00:14:19.193+0000] {processor.py:186} INFO - Started process (PID=5784) to work on /home/airflow/.local/lib/python3.12/site-packages/airflow/example_dags/example_inlet_event_extra.py
[2025-09-07T00:14:19.195+0000] {processor.py:914} INFO - Processing file /home/airflow/.local/lib/python3.12/site-packages/airflow/example_dags/example_inlet_event_extra.py for tasks to queue
[2025-09-07T00:14:19.197+0000] {logging_mixin.py:190} INFO - [2025-09-07T00:14:19.196+0000] {dagbag.py:588} INFO - Filling up the DagBag from /home/airflow/.local/lib/python3.12/site-packages/airflow/example_dags/example_inlet_event_extra.py
[2025-09-07T00:14:19.630+0000] {processor.py:925} INFO - DAG(s) 'read_dataset_event_from_classic', 'read_dataset_event' retrieved from /home/airflow/.local/lib/python3.12/site-packages/airflow/example_dags/example_inlet_event_extra.py
[2025-09-07T00:14:19.657+0000] {logging_mixin.py:190} INFO - [2025-09-07T00:14:19.656+0000] {dag.py:3239} INFO - Sync 2 DAGs
[2025-09-07T00:14:19.682+0000] {logging_mixin.py:190} INFO - [2025-09-07T00:14:19.682+0000] {dag.py:4180} INFO - Setting next_dagrun for read_dataset_event to 2025-09-06 00:00:00+00:00, run_after=2025-09-07 00:00:00+00:00
[2025-09-07T00:14:19.688+0000] {logging_mixin.py:190} INFO - [2025-09-07T00:14:19.688+0000] {dag.py:4180} INFO - Setting next_dagrun for read_dataset_event_from_classic to 2025-09-06 00:00:00+00:00, run_after=2025-09-07 00:00:00+00:00
[2025-09-07T00:14:19.707+0000] {processor.py:208} INFO - Processing /home/airflow/.local/lib/python3.12/site-packages/airflow/example_dags/example_inlet_event_extra.py took 0.520 seconds
[2025-09-07T00:14:50.098+0000] {processor.py:186} INFO - Started process (PID=5850) to work on /home/airflow/.local/lib/python3.12/site-packages/airflow/example_dags/example_inlet_event_extra.py
[2025-09-07T00:14:50.099+0000] {processor.py:914} INFO - Processing file /home/airflow/.local/lib/python3.12/site-packages/airflow/example_dags/example_inlet_event_extra.py for tasks to queue
[2025-09-07T00:14:50.100+0000] {logging_mixin.py:190} INFO - [2025-09-07T00:14:50.100+0000] {dagbag.py:588} INFO - Filling up the DagBag from /home/airflow/.local/lib/python3.12/site-packages/airflow/example_dags/example_inlet_event_extra.py
[2025-09-07T00:14:50.658+0000] {processor.py:925} INFO - DAG(s) 'read_dataset_event', 'read_dataset_event_from_classic' retrieved from /home/airflow/.local/lib/python3.12/site-packages/airflow/example_dags/example_inlet_event_extra.py
[2025-09-07T00:14:50.681+0000] {logging_mixin.py:190} INFO - [2025-09-07T00:14:50.681+0000] {dag.py:3239} INFO - Sync 2 DAGs
[2025-09-07T00:14:50.705+0000] {logging_mixin.py:190} INFO - [2025-09-07T00:14:50.705+0000] {dag.py:4180} INFO - Setting next_dagrun for read_dataset_event to 2025-09-06 00:00:00+00:00, run_after=2025-09-07 00:00:00+00:00
[2025-09-07T00:14:50.709+0000] {logging_mixin.py:190} INFO - [2025-09-07T00:14:50.709+0000] {dag.py:4180} INFO - Setting next_dagrun for read_dataset_event_from_classic to 2025-09-06 00:00:00+00:00, run_after=2025-09-07 00:00:00+00:00
[2025-09-07T00:14:50.724+0000] {processor.py:208} INFO - Processing /home/airflow/.local/lib/python3.12/site-packages/airflow/example_dags/example_inlet_event_extra.py took 0.630 seconds
[2025-09-07T00:15:21.282+0000] {processor.py:186} INFO - Started process (PID=5917) to work on /home/airflow/.local/lib/python3.12/site-packages/airflow/example_dags/example_inlet_event_extra.py
[2025-09-07T00:15:21.284+0000] {processor.py:914} INFO - Processing file /home/airflow/.local/lib/python3.12/site-packages/airflow/example_dags/example_inlet_event_extra.py for tasks to queue
[2025-09-07T00:15:21.286+0000] {logging_mixin.py:190} INFO - [2025-09-07T00:15:21.286+0000] {dagbag.py:588} INFO - Filling up the DagBag from /home/airflow/.local/lib/python3.12/site-packages/airflow/example_dags/example_inlet_event_extra.py
[2025-09-07T00:15:21.570+0000] {processor.py:925} INFO - DAG(s) 'read_dataset_event', 'read_dataset_event_from_classic' retrieved from /home/airflow/.local/lib/python3.12/site-packages/airflow/example_dags/example_inlet_event_extra.py
[2025-09-07T00:15:21.591+0000] {logging_mixin.py:190} INFO - [2025-09-07T00:15:21.590+0000] {dag.py:3239} INFO - Sync 2 DAGs
[2025-09-07T00:15:21.612+0000] {logging_mixin.py:190} INFO - [2025-09-07T00:15:21.612+0000] {dag.py:4180} INFO - Setting next_dagrun for read_dataset_event to 2025-09-06 00:00:00+00:00, run_after=2025-09-07 00:00:00+00:00
[2025-09-07T00:15:21.619+0000] {logging_mixin.py:190} INFO - [2025-09-07T00:15:21.618+0000] {dag.py:4180} INFO - Setting next_dagrun for read_dataset_event_from_classic to 2025-09-06 00:00:00+00:00, run_after=2025-09-07 00:00:00+00:00
[2025-09-07T00:15:21.641+0000] {processor.py:208} INFO - Processing /home/airflow/.local/lib/python3.12/site-packages/airflow/example_dags/example_inlet_event_extra.py took 0.368 seconds
[2025-09-07T00:15:51.872+0000] {processor.py:186} INFO - Started process (PID=5982) to work on /home/airflow/.local/lib/python3.12/site-packages/airflow/example_dags/example_inlet_event_extra.py
[2025-09-07T00:15:51.874+0000] {processor.py:914} INFO - Processing file /home/airflow/.local/lib/python3.12/site-packages/airflow/example_dags/example_inlet_event_extra.py for tasks to queue
[2025-09-07T00:15:51.876+0000] {logging_mixin.py:190} INFO - [2025-09-07T00:15:51.876+0000] {dagbag.py:588} INFO - Filling up the DagBag from /home/airflow/.local/lib/python3.12/site-packages/airflow/example_dags/example_inlet_event_extra.py
[2025-09-07T00:15:52.326+0000] {processor.py:925} INFO - DAG(s) 'read_dataset_event', 'read_dataset_event_from_classic' retrieved from /home/airflow/.local/lib/python3.12/site-packages/airflow/example_dags/example_inlet_event_extra.py
[2025-09-07T00:15:52.345+0000] {logging_mixin.py:190} INFO - [2025-09-07T00:15:52.344+0000] {dag.py:3239} INFO - Sync 2 DAGs
[2025-09-07T00:15:52.362+0000] {logging_mixin.py:190} INFO - [2025-09-07T00:15:52.362+0000] {dag.py:4180} INFO - Setting next_dagrun for read_dataset_event to 2025-09-06 00:00:00+00:00, run_after=2025-09-07 00:00:00+00:00
[2025-09-07T00:15:52.365+0000] {logging_mixin.py:190} INFO - [2025-09-07T00:15:52.365+0000] {dag.py:4180} INFO - Setting next_dagrun for read_dataset_event_from_classic to 2025-09-06 00:00:00+00:00, run_after=2025-09-07 00:00:00+00:00
[2025-09-07T00:15:52.381+0000] {processor.py:208} INFO - Processing /home/airflow/.local/lib/python3.12/site-packages/airflow/example_dags/example_inlet_event_extra.py took 0.517 seconds
[2025-09-07T00:16:22.605+0000] {processor.py:186} INFO - Started process (PID=6048) to work on /home/airflow/.local/lib/python3.12/site-packages/airflow/example_dags/example_inlet_event_extra.py
[2025-09-07T00:16:22.607+0000] {processor.py:914} INFO - Processing file /home/airflow/.local/lib/python3.12/site-packages/airflow/example_dags/example_inlet_event_extra.py for tasks to queue
[2025-09-07T00:16:22.609+0000] {logging_mixin.py:190} INFO - [2025-09-07T00:16:22.608+0000] {dagbag.py:588} INFO - Filling up the DagBag from /home/airflow/.local/lib/python3.12/site-packages/airflow/example_dags/example_inlet_event_extra.py
[2025-09-07T00:16:23.032+0000] {processor.py:925} INFO - DAG(s) 'read_dataset_event_from_classic', 'read_dataset_event' retrieved from /home/airflow/.local/lib/python3.12/site-packages/airflow/example_dags/example_inlet_event_extra.py
[2025-09-07T00:16:23.055+0000] {logging_mixin.py:190} INFO - [2025-09-07T00:16:23.055+0000] {dag.py:3239} INFO - Sync 2 DAGs
[2025-09-07T00:16:23.075+0000] {logging_mixin.py:190} INFO - [2025-09-07T00:16:23.074+0000] {dag.py:4180} INFO - Setting next_dagrun for read_dataset_event to 2025-09-06 00:00:00+00:00, run_after=2025-09-07 00:00:00+00:00
[2025-09-07T00:16:23.079+0000] {logging_mixin.py:190} INFO - [2025-09-07T00:16:23.079+0000] {dag.py:4180} INFO - Setting next_dagrun for read_dataset_event_from_classic to 2025-09-06 00:00:00+00:00, run_after=2025-09-07 00:00:00+00:00
[2025-09-07T00:16:23.097+0000] {processor.py:208} INFO - Processing /home/airflow/.local/lib/python3.12/site-packages/airflow/example_dags/example_inlet_event_extra.py took 0.501 seconds
[2025-09-07T00:16:53.311+0000] {processor.py:186} INFO - Started process (PID=6114) to work on /home/airflow/.local/lib/python3.12/site-packages/airflow/example_dags/example_inlet_event_extra.py
[2025-09-07T00:16:53.312+0000] {processor.py:914} INFO - Processing file /home/airflow/.local/lib/python3.12/site-packages/airflow/example_dags/example_inlet_event_extra.py for tasks to queue
[2025-09-07T00:16:53.314+0000] {logging_mixin.py:190} INFO - [2025-09-07T00:16:53.313+0000] {dagbag.py:588} INFO - Filling up the DagBag from /home/airflow/.local/lib/python3.12/site-packages/airflow/example_dags/example_inlet_event_extra.py
[2025-09-07T00:16:53.707+0000] {processor.py:925} INFO - DAG(s) 'read_dataset_event_from_classic', 'read_dataset_event' retrieved from /home/airflow/.local/lib/python3.12/site-packages/airflow/example_dags/example_inlet_event_extra.py
[2025-09-07T00:16:53.727+0000] {logging_mixin.py:190} INFO - [2025-09-07T00:16:53.727+0000] {dag.py:3239} INFO - Sync 2 DAGs
[2025-09-07T00:16:53.746+0000] {logging_mixin.py:190} INFO - [2025-09-07T00:16:53.746+0000] {dag.py:4180} INFO - Setting next_dagrun for read_dataset_event to 2025-09-06 00:00:00+00:00, run_after=2025-09-07 00:00:00+00:00
[2025-09-07T00:16:53.756+0000] {logging_mixin.py:190} INFO - [2025-09-07T00:16:53.756+0000] {dag.py:4180} INFO - Setting next_dagrun for read_dataset_event_from_classic to 2025-09-06 00:00:00+00:00, run_after=2025-09-07 00:00:00+00:00
[2025-09-07T00:16:53.771+0000] {processor.py:208} INFO - Processing /home/airflow/.local/lib/python3.12/site-packages/airflow/example_dags/example_inlet_event_extra.py took 0.469 seconds
[2025-09-07T00:17:23.872+0000] {processor.py:186} INFO - Started process (PID=6180) to work on /home/airflow/.local/lib/python3.12/site-packages/airflow/example_dags/example_inlet_event_extra.py
[2025-09-07T00:17:23.873+0000] {processor.py:914} INFO - Processing file /home/airflow/.local/lib/python3.12/site-packages/airflow/example_dags/example_inlet_event_extra.py for tasks to queue
[2025-09-07T00:17:23.875+0000] {logging_mixin.py:190} INFO - [2025-09-07T00:17:23.874+0000] {dagbag.py:588} INFO - Filling up the DagBag from /home/airflow/.local/lib/python3.12/site-packages/airflow/example_dags/example_inlet_event_extra.py
[2025-09-07T00:17:24.283+0000] {processor.py:925} INFO - DAG(s) 'read_dataset_event_from_classic', 'read_dataset_event' retrieved from /home/airflow/.local/lib/python3.12/site-packages/airflow/example_dags/example_inlet_event_extra.py
[2025-09-07T00:17:24.315+0000] {logging_mixin.py:190} INFO - [2025-09-07T00:17:24.315+0000] {dag.py:3239} INFO - Sync 2 DAGs
[2025-09-07T00:17:24.352+0000] {logging_mixin.py:190} INFO - [2025-09-07T00:17:24.352+0000] {dag.py:4180} INFO - Setting next_dagrun for read_dataset_event to 2025-09-06 00:00:00+00:00, run_after=2025-09-07 00:00:00+00:00
[2025-09-07T00:17:24.360+0000] {logging_mixin.py:190} INFO - [2025-09-07T00:17:24.360+0000] {dag.py:4180} INFO - Setting next_dagrun for read_dataset_event_from_classic to 2025-09-06 00:00:00+00:00, run_after=2025-09-07 00:00:00+00:00
[2025-09-07T00:17:24.386+0000] {processor.py:208} INFO - Processing /home/airflow/.local/lib/python3.12/site-packages/airflow/example_dags/example_inlet_event_extra.py took 0.522 seconds
[2025-09-07T00:17:54.548+0000] {processor.py:186} INFO - Started process (PID=6245) to work on /home/airflow/.local/lib/python3.12/site-packages/airflow/example_dags/example_inlet_event_extra.py
[2025-09-07T00:17:54.549+0000] {processor.py:914} INFO - Processing file /home/airflow/.local/lib/python3.12/site-packages/airflow/example_dags/example_inlet_event_extra.py for tasks to queue
[2025-09-07T00:17:54.552+0000] {logging_mixin.py:190} INFO - [2025-09-07T00:17:54.551+0000] {dagbag.py:588} INFO - Filling up the DagBag from /home/airflow/.local/lib/python3.12/site-packages/airflow/example_dags/example_inlet_event_extra.py
[2025-09-07T00:17:55.095+0000] {processor.py:925} INFO - DAG(s) 'read_dataset_event_from_classic', 'read_dataset_event' retrieved from /home/airflow/.local/lib/python3.12/site-packages/airflow/example_dags/example_inlet_event_extra.py
[2025-09-07T00:17:55.123+0000] {logging_mixin.py:190} INFO - [2025-09-07T00:17:55.123+0000] {dag.py:3239} INFO - Sync 2 DAGs
[2025-09-07T00:17:55.157+0000] {logging_mixin.py:190} INFO - [2025-09-07T00:17:55.157+0000] {dag.py:4180} INFO - Setting next_dagrun for read_dataset_event to 2025-09-06 00:00:00+00:00, run_after=2025-09-07 00:00:00+00:00
[2025-09-07T00:17:55.164+0000] {logging_mixin.py:190} INFO - [2025-09-07T00:17:55.164+0000] {dag.py:4180} INFO - Setting next_dagrun for read_dataset_event_from_classic to 2025-09-06 00:00:00+00:00, run_after=2025-09-07 00:00:00+00:00
[2025-09-07T00:17:55.188+0000] {processor.py:208} INFO - Processing /home/airflow/.local/lib/python3.12/site-packages/airflow/example_dags/example_inlet_event_extra.py took 0.646 seconds
[2025-09-07T00:18:25.447+0000] {processor.py:186} INFO - Started process (PID=6305) to work on /home/airflow/.local/lib/python3.12/site-packages/airflow/example_dags/example_inlet_event_extra.py
[2025-09-07T00:18:25.452+0000] {processor.py:914} INFO - Processing file /home/airflow/.local/lib/python3.12/site-packages/airflow/example_dags/example_inlet_event_extra.py for tasks to queue
[2025-09-07T00:18:25.453+0000] {logging_mixin.py:190} INFO - [2025-09-07T00:18:25.453+0000] {dagbag.py:588} INFO - Filling up the DagBag from /home/airflow/.local/lib/python3.12/site-packages/airflow/example_dags/example_inlet_event_extra.py
[2025-09-07T00:18:25.841+0000] {processor.py:925} INFO - DAG(s) 'read_dataset_event_from_classic', 'read_dataset_event' retrieved from /home/airflow/.local/lib/python3.12/site-packages/airflow/example_dags/example_inlet_event_extra.py
[2025-09-07T00:18:25.865+0000] {logging_mixin.py:190} INFO - [2025-09-07T00:18:25.864+0000] {dag.py:3239} INFO - Sync 2 DAGs
[2025-09-07T00:18:25.889+0000] {logging_mixin.py:190} INFO - [2025-09-07T00:18:25.888+0000] {dag.py:4180} INFO - Setting next_dagrun for read_dataset_event to 2025-09-06 00:00:00+00:00, run_after=2025-09-07 00:00:00+00:00
[2025-09-07T00:18:25.893+0000] {logging_mixin.py:190} INFO - [2025-09-07T00:18:25.893+0000] {dag.py:4180} INFO - Setting next_dagrun for read_dataset_event_from_classic to 2025-09-06 00:00:00+00:00, run_after=2025-09-07 00:00:00+00:00
[2025-09-07T00:18:25.915+0000] {processor.py:208} INFO - Processing /home/airflow/.local/lib/python3.12/site-packages/airflow/example_dags/example_inlet_event_extra.py took 0.474 seconds
[2025-09-07T00:18:55.975+0000] {processor.py:186} INFO - Started process (PID=6369) to work on /home/airflow/.local/lib/python3.12/site-packages/airflow/example_dags/example_inlet_event_extra.py
[2025-09-07T00:18:55.976+0000] {processor.py:914} INFO - Processing file /home/airflow/.local/lib/python3.12/site-packages/airflow/example_dags/example_inlet_event_extra.py for tasks to queue
[2025-09-07T00:18:55.979+0000] {logging_mixin.py:190} INFO - [2025-09-07T00:18:55.979+0000] {dagbag.py:588} INFO - Filling up the DagBag from /home/airflow/.local/lib/python3.12/site-packages/airflow/example_dags/example_inlet_event_extra.py
[2025-09-07T00:18:56.447+0000] {processor.py:925} INFO - DAG(s) 'read_dataset_event_from_classic', 'read_dataset_event' retrieved from /home/airflow/.local/lib/python3.12/site-packages/airflow/example_dags/example_inlet_event_extra.py
[2025-09-07T00:18:56.466+0000] {logging_mixin.py:190} INFO - [2025-09-07T00:18:56.466+0000] {dag.py:3239} INFO - Sync 2 DAGs
[2025-09-07T00:18:56.485+0000] {logging_mixin.py:190} INFO - [2025-09-07T00:18:56.485+0000] {dag.py:4180} INFO - Setting next_dagrun for read_dataset_event to 2025-09-06 00:00:00+00:00, run_after=2025-09-07 00:00:00+00:00
[2025-09-07T00:18:56.489+0000] {logging_mixin.py:190} INFO - [2025-09-07T00:18:56.489+0000] {dag.py:4180} INFO - Setting next_dagrun for read_dataset_event_from_classic to 2025-09-06 00:00:00+00:00, run_after=2025-09-07 00:00:00+00:00
[2025-09-07T00:18:56.503+0000] {processor.py:208} INFO - Processing /home/airflow/.local/lib/python3.12/site-packages/airflow/example_dags/example_inlet_event_extra.py took 0.537 seconds
[2025-09-07T00:19:26.590+0000] {processor.py:186} INFO - Started process (PID=6434) to work on /home/airflow/.local/lib/python3.12/site-packages/airflow/example_dags/example_inlet_event_extra.py
[2025-09-07T00:19:26.594+0000] {processor.py:914} INFO - Processing file /home/airflow/.local/lib/python3.12/site-packages/airflow/example_dags/example_inlet_event_extra.py for tasks to queue
[2025-09-07T00:19:26.597+0000] {logging_mixin.py:190} INFO - [2025-09-07T00:19:26.596+0000] {dagbag.py:588} INFO - Filling up the DagBag from /home/airflow/.local/lib/python3.12/site-packages/airflow/example_dags/example_inlet_event_extra.py
[2025-09-07T00:19:27.056+0000] {processor.py:925} INFO - DAG(s) 'read_dataset_event_from_classic', 'read_dataset_event' retrieved from /home/airflow/.local/lib/python3.12/site-packages/airflow/example_dags/example_inlet_event_extra.py
[2025-09-07T00:19:27.093+0000] {logging_mixin.py:190} INFO - [2025-09-07T00:19:27.093+0000] {dag.py:3239} INFO - Sync 2 DAGs
[2025-09-07T00:19:27.123+0000] {logging_mixin.py:190} INFO - [2025-09-07T00:19:27.123+0000] {dag.py:4180} INFO - Setting next_dagrun for read_dataset_event to 2025-09-06 00:00:00+00:00, run_after=2025-09-07 00:00:00+00:00
[2025-09-07T00:19:27.131+0000] {logging_mixin.py:190} INFO - [2025-09-07T00:19:27.130+0000] {dag.py:4180} INFO - Setting next_dagrun for read_dataset_event_from_classic to 2025-09-06 00:00:00+00:00, run_after=2025-09-07 00:00:00+00:00
[2025-09-07T00:19:27.159+0000] {processor.py:208} INFO - Processing /home/airflow/.local/lib/python3.12/site-packages/airflow/example_dags/example_inlet_event_extra.py took 0.577 seconds
[2025-09-07T00:19:57.470+0000] {processor.py:186} INFO - Started process (PID=6500) to work on /home/airflow/.local/lib/python3.12/site-packages/airflow/example_dags/example_inlet_event_extra.py
[2025-09-07T00:19:57.472+0000] {processor.py:914} INFO - Processing file /home/airflow/.local/lib/python3.12/site-packages/airflow/example_dags/example_inlet_event_extra.py for tasks to queue
[2025-09-07T00:19:57.474+0000] {logging_mixin.py:190} INFO - [2025-09-07T00:19:57.473+0000] {dagbag.py:588} INFO - Filling up the DagBag from /home/airflow/.local/lib/python3.12/site-packages/airflow/example_dags/example_inlet_event_extra.py
[2025-09-07T00:19:57.812+0000] {processor.py:925} INFO - DAG(s) 'read_dataset_event', 'read_dataset_event_from_classic' retrieved from /home/airflow/.local/lib/python3.12/site-packages/airflow/example_dags/example_inlet_event_extra.py
[2025-09-07T00:19:57.846+0000] {logging_mixin.py:190} INFO - [2025-09-07T00:19:57.845+0000] {dag.py:3239} INFO - Sync 2 DAGs
[2025-09-07T00:19:57.878+0000] {logging_mixin.py:190} INFO - [2025-09-07T00:19:57.878+0000] {dag.py:4180} INFO - Setting next_dagrun for read_dataset_event to 2025-09-06 00:00:00+00:00, run_after=2025-09-07 00:00:00+00:00
[2025-09-07T00:19:57.884+0000] {logging_mixin.py:190} INFO - [2025-09-07T00:19:57.884+0000] {dag.py:4180} INFO - Setting next_dagrun for read_dataset_event_from_classic to 2025-09-06 00:00:00+00:00, run_after=2025-09-07 00:00:00+00:00
[2025-09-07T00:19:57.903+0000] {processor.py:208} INFO - Processing /home/airflow/.local/lib/python3.12/site-packages/airflow/example_dags/example_inlet_event_extra.py took 0.442 seconds
[2025-09-07T00:20:28.291+0000] {processor.py:186} INFO - Started process (PID=6567) to work on /home/airflow/.local/lib/python3.12/site-packages/airflow/example_dags/example_inlet_event_extra.py
[2025-09-07T00:20:28.292+0000] {processor.py:914} INFO - Processing file /home/airflow/.local/lib/python3.12/site-packages/airflow/example_dags/example_inlet_event_extra.py for tasks to queue
[2025-09-07T00:20:28.295+0000] {logging_mixin.py:190} INFO - [2025-09-07T00:20:28.294+0000] {dagbag.py:588} INFO - Filling up the DagBag from /home/airflow/.local/lib/python3.12/site-packages/airflow/example_dags/example_inlet_event_extra.py
[2025-09-07T00:20:28.852+0000] {processor.py:925} INFO - DAG(s) 'read_dataset_event_from_classic', 'read_dataset_event' retrieved from /home/airflow/.local/lib/python3.12/site-packages/airflow/example_dags/example_inlet_event_extra.py
[2025-09-07T00:20:28.879+0000] {logging_mixin.py:190} INFO - [2025-09-07T00:20:28.879+0000] {dag.py:3239} INFO - Sync 2 DAGs
[2025-09-07T00:20:28.907+0000] {logging_mixin.py:190} INFO - [2025-09-07T00:20:28.906+0000] {dag.py:4180} INFO - Setting next_dagrun for read_dataset_event to 2025-09-06 00:00:00+00:00, run_after=2025-09-07 00:00:00+00:00
[2025-09-07T00:20:28.911+0000] {logging_mixin.py:190} INFO - [2025-09-07T00:20:28.910+0000] {dag.py:4180} INFO - Setting next_dagrun for read_dataset_event_from_classic to 2025-09-06 00:00:00+00:00, run_after=2025-09-07 00:00:00+00:00
[2025-09-07T00:20:28.926+0000] {processor.py:208} INFO - Processing /home/airflow/.local/lib/python3.12/site-packages/airflow/example_dags/example_inlet_event_extra.py took 0.647 seconds
