[2025-09-07T00:00:25.604+0000] {processor.py:186} INFO - Started process (PID=3979) to work on /home/airflow/.local/lib/python3.12/site-packages/airflow/example_dags/example_subdag_operator.py
[2025-09-07T00:00:25.606+0000] {processor.py:914} INFO - Processing file /home/airflow/.local/lib/python3.12/site-packages/airflow/example_dags/example_subdag_operator.py for tasks to queue
[2025-09-07T00:00:25.608+0000] {logging_mixin.py:190} INFO - [2025-09-07T00:00:25.607+0000] {dagbag.py:588} INFO - Filling up the DagBag from /home/airflow/.local/lib/python3.12/site-packages/airflow/example_dags/example_subdag_operator.py
[2025-09-07T00:00:25.638+0000] {processor.py:925} INFO - DAG(s) 'example_subdag_operator.section-1', 'example_subdag_operator.section-2', 'example_subdag_operator' retrieved from /home/airflow/.local/lib/python3.12/site-packages/airflow/example_dags/example_subdag_operator.py
[2025-09-07T00:00:25.650+0000] {logging_mixin.py:190} INFO - [2025-09-07T00:00:25.649+0000] {dag.py:3239} INFO - Sync 3 DAGs
[2025-09-07T00:00:25.673+0000] {logging_mixin.py:190} INFO - [2025-09-07T00:00:25.673+0000] {dag.py:4180} INFO - Setting next_dagrun for example_subdag_operator to 2022-01-01 00:00:00+00:00, run_after=2022-01-01 00:00:00+00:00
[2025-09-07T00:00:25.678+0000] {logging_mixin.py:190} INFO - [2025-09-07T00:00:25.678+0000] {dag.py:4180} INFO - Setting next_dagrun for example_subdag_operator.section-1 to None, run_after=None
[2025-09-07T00:00:25.680+0000] {logging_mixin.py:190} INFO - [2025-09-07T00:00:25.680+0000] {dag.py:4180} INFO - Setting next_dagrun for example_subdag_operator.section-2 to None, run_after=None
[2025-09-07T00:00:25.690+0000] {logging_mixin.py:190} INFO - [2025-09-07T00:00:25.689+0000] {dag.py:3239} INFO - Sync 2 DAGs
[2025-09-07T00:00:25.695+0000] {logging_mixin.py:190} INFO - [2025-09-07T00:00:25.695+0000] {dag.py:4180} INFO - Setting next_dagrun for example_subdag_operator.section-1 to None, run_after=None
[2025-09-07T00:00:25.696+0000] {logging_mixin.py:190} INFO - [2025-09-07T00:00:25.696+0000] {dag.py:4180} INFO - Setting next_dagrun for example_subdag_operator.section-2 to None, run_after=None
[2025-09-07T00:00:25.706+0000] {processor.py:208} INFO - Processing /home/airflow/.local/lib/python3.12/site-packages/airflow/example_dags/example_subdag_operator.py took 0.110 seconds
[2025-09-07T00:00:56.252+0000] {processor.py:186} INFO - Started process (PID=4045) to work on /home/airflow/.local/lib/python3.12/site-packages/airflow/example_dags/example_subdag_operator.py
[2025-09-07T00:00:56.253+0000] {processor.py:914} INFO - Processing file /home/airflow/.local/lib/python3.12/site-packages/airflow/example_dags/example_subdag_operator.py for tasks to queue
[2025-09-07T00:00:56.255+0000] {logging_mixin.py:190} INFO - [2025-09-07T00:00:56.255+0000] {dagbag.py:588} INFO - Filling up the DagBag from /home/airflow/.local/lib/python3.12/site-packages/airflow/example_dags/example_subdag_operator.py
[2025-09-07T00:00:56.286+0000] {processor.py:925} INFO - DAG(s) 'example_subdag_operator.section-1', 'example_subdag_operator.section-2', 'example_subdag_operator' retrieved from /home/airflow/.local/lib/python3.12/site-packages/airflow/example_dags/example_subdag_operator.py
[2025-09-07T00:00:56.304+0000] {logging_mixin.py:190} INFO - [2025-09-07T00:00:56.304+0000] {dag.py:3239} INFO - Sync 3 DAGs
[2025-09-07T00:00:56.335+0000] {logging_mixin.py:190} INFO - [2025-09-07T00:00:56.334+0000] {dag.py:4180} INFO - Setting next_dagrun for example_subdag_operator to 2022-01-01 00:00:00+00:00, run_after=2022-01-01 00:00:00+00:00
[2025-09-07T00:00:56.343+0000] {logging_mixin.py:190} INFO - [2025-09-07T00:00:56.343+0000] {dag.py:4180} INFO - Setting next_dagrun for example_subdag_operator.section-1 to None, run_after=None
[2025-09-07T00:00:56.345+0000] {logging_mixin.py:190} INFO - [2025-09-07T00:00:56.345+0000] {dag.py:4180} INFO - Setting next_dagrun for example_subdag_operator.section-2 to None, run_after=None
[2025-09-07T00:00:56.355+0000] {logging_mixin.py:190} INFO - [2025-09-07T00:00:56.355+0000] {dag.py:3239} INFO - Sync 2 DAGs
[2025-09-07T00:00:56.365+0000] {logging_mixin.py:190} INFO - [2025-09-07T00:00:56.365+0000] {dag.py:4180} INFO - Setting next_dagrun for example_subdag_operator.section-1 to None, run_after=None
[2025-09-07T00:00:56.366+0000] {logging_mixin.py:190} INFO - [2025-09-07T00:00:56.366+0000] {dag.py:4180} INFO - Setting next_dagrun for example_subdag_operator.section-2 to None, run_after=None
[2025-09-07T00:00:56.375+0000] {processor.py:208} INFO - Processing /home/airflow/.local/lib/python3.12/site-packages/airflow/example_dags/example_subdag_operator.py took 0.132 seconds
[2025-09-07T00:01:26.445+0000] {processor.py:186} INFO - Started process (PID=4111) to work on /home/airflow/.local/lib/python3.12/site-packages/airflow/example_dags/example_subdag_operator.py
[2025-09-07T00:01:26.447+0000] {processor.py:914} INFO - Processing file /home/airflow/.local/lib/python3.12/site-packages/airflow/example_dags/example_subdag_operator.py for tasks to queue
[2025-09-07T00:01:26.449+0000] {logging_mixin.py:190} INFO - [2025-09-07T00:01:26.449+0000] {dagbag.py:588} INFO - Filling up the DagBag from /home/airflow/.local/lib/python3.12/site-packages/airflow/example_dags/example_subdag_operator.py
[2025-09-07T00:01:26.485+0000] {processor.py:925} INFO - DAG(s) 'example_subdag_operator.section-1', 'example_subdag_operator.section-2', 'example_subdag_operator' retrieved from /home/airflow/.local/lib/python3.12/site-packages/airflow/example_dags/example_subdag_operator.py
[2025-09-07T00:01:26.505+0000] {logging_mixin.py:190} INFO - [2025-09-07T00:01:26.505+0000] {dag.py:3239} INFO - Sync 3 DAGs
[2025-09-07T00:01:26.534+0000] {logging_mixin.py:190} INFO - [2025-09-07T00:01:26.534+0000] {dag.py:4180} INFO - Setting next_dagrun for example_subdag_operator to 2022-01-01 00:00:00+00:00, run_after=2022-01-01 00:00:00+00:00
[2025-09-07T00:01:26.539+0000] {logging_mixin.py:190} INFO - [2025-09-07T00:01:26.539+0000] {dag.py:4180} INFO - Setting next_dagrun for example_subdag_operator.section-1 to None, run_after=None
[2025-09-07T00:01:26.541+0000] {logging_mixin.py:190} INFO - [2025-09-07T00:01:26.540+0000] {dag.py:4180} INFO - Setting next_dagrun for example_subdag_operator.section-2 to None, run_after=None
[2025-09-07T00:01:26.551+0000] {logging_mixin.py:190} INFO - [2025-09-07T00:01:26.551+0000] {dag.py:3239} INFO - Sync 2 DAGs
[2025-09-07T00:01:26.559+0000] {logging_mixin.py:190} INFO - [2025-09-07T00:01:26.559+0000] {dag.py:4180} INFO - Setting next_dagrun for example_subdag_operator.section-1 to None, run_after=None
[2025-09-07T00:01:26.560+0000] {logging_mixin.py:190} INFO - [2025-09-07T00:01:26.560+0000] {dag.py:4180} INFO - Setting next_dagrun for example_subdag_operator.section-2 to None, run_after=None
[2025-09-07T00:01:26.571+0000] {processor.py:208} INFO - Processing /home/airflow/.local/lib/python3.12/site-packages/airflow/example_dags/example_subdag_operator.py took 0.133 seconds
[2025-09-07T00:01:57.285+0000] {processor.py:186} INFO - Started process (PID=4176) to work on /home/airflow/.local/lib/python3.12/site-packages/airflow/example_dags/example_subdag_operator.py
[2025-09-07T00:01:57.287+0000] {processor.py:914} INFO - Processing file /home/airflow/.local/lib/python3.12/site-packages/airflow/example_dags/example_subdag_operator.py for tasks to queue
[2025-09-07T00:01:57.289+0000] {logging_mixin.py:190} INFO - [2025-09-07T00:01:57.288+0000] {dagbag.py:588} INFO - Filling up the DagBag from /home/airflow/.local/lib/python3.12/site-packages/airflow/example_dags/example_subdag_operator.py
[2025-09-07T00:01:57.327+0000] {processor.py:925} INFO - DAG(s) 'example_subdag_operator.section-1', 'example_subdag_operator.section-2', 'example_subdag_operator' retrieved from /home/airflow/.local/lib/python3.12/site-packages/airflow/example_dags/example_subdag_operator.py
[2025-09-07T00:01:57.348+0000] {logging_mixin.py:190} INFO - [2025-09-07T00:01:57.348+0000] {dag.py:3239} INFO - Sync 3 DAGs
[2025-09-07T00:01:57.375+0000] {logging_mixin.py:190} INFO - [2025-09-07T00:01:57.375+0000] {dag.py:4180} INFO - Setting next_dagrun for example_subdag_operator to 2022-01-01 00:00:00+00:00, run_after=2022-01-01 00:00:00+00:00
[2025-09-07T00:01:57.381+0000] {logging_mixin.py:190} INFO - [2025-09-07T00:01:57.381+0000] {dag.py:4180} INFO - Setting next_dagrun for example_subdag_operator.section-1 to None, run_after=None
[2025-09-07T00:01:57.383+0000] {logging_mixin.py:190} INFO - [2025-09-07T00:01:57.383+0000] {dag.py:4180} INFO - Setting next_dagrun for example_subdag_operator.section-2 to None, run_after=None
[2025-09-07T00:01:57.390+0000] {logging_mixin.py:190} INFO - [2025-09-07T00:01:57.390+0000] {dag.py:3239} INFO - Sync 2 DAGs
[2025-09-07T00:01:57.398+0000] {logging_mixin.py:190} INFO - [2025-09-07T00:01:57.398+0000] {dag.py:4180} INFO - Setting next_dagrun for example_subdag_operator.section-1 to None, run_after=None
[2025-09-07T00:01:57.399+0000] {logging_mixin.py:190} INFO - [2025-09-07T00:01:57.399+0000] {dag.py:4180} INFO - Setting next_dagrun for example_subdag_operator.section-2 to None, run_after=None
[2025-09-07T00:01:57.409+0000] {processor.py:208} INFO - Processing /home/airflow/.local/lib/python3.12/site-packages/airflow/example_dags/example_subdag_operator.py took 0.133 seconds
[2025-09-07T00:02:28.171+0000] {processor.py:186} INFO - Started process (PID=4242) to work on /home/airflow/.local/lib/python3.12/site-packages/airflow/example_dags/example_subdag_operator.py
[2025-09-07T00:02:28.173+0000] {processor.py:914} INFO - Processing file /home/airflow/.local/lib/python3.12/site-packages/airflow/example_dags/example_subdag_operator.py for tasks to queue
[2025-09-07T00:02:28.176+0000] {logging_mixin.py:190} INFO - [2025-09-07T00:02:28.175+0000] {dagbag.py:588} INFO - Filling up the DagBag from /home/airflow/.local/lib/python3.12/site-packages/airflow/example_dags/example_subdag_operator.py
[2025-09-07T00:02:28.223+0000] {processor.py:925} INFO - DAG(s) 'example_subdag_operator.section-1', 'example_subdag_operator.section-2', 'example_subdag_operator' retrieved from /home/airflow/.local/lib/python3.12/site-packages/airflow/example_dags/example_subdag_operator.py
[2025-09-07T00:02:28.246+0000] {logging_mixin.py:190} INFO - [2025-09-07T00:02:28.245+0000] {dag.py:3239} INFO - Sync 3 DAGs
[2025-09-07T00:02:28.281+0000] {logging_mixin.py:190} INFO - [2025-09-07T00:02:28.281+0000] {dag.py:4180} INFO - Setting next_dagrun for example_subdag_operator to 2022-01-01 00:00:00+00:00, run_after=2022-01-01 00:00:00+00:00
[2025-09-07T00:02:28.288+0000] {logging_mixin.py:190} INFO - [2025-09-07T00:02:28.287+0000] {dag.py:4180} INFO - Setting next_dagrun for example_subdag_operator.section-1 to None, run_after=None
[2025-09-07T00:02:28.290+0000] {logging_mixin.py:190} INFO - [2025-09-07T00:02:28.290+0000] {dag.py:4180} INFO - Setting next_dagrun for example_subdag_operator.section-2 to None, run_after=None
[2025-09-07T00:02:28.299+0000] {logging_mixin.py:190} INFO - [2025-09-07T00:02:28.298+0000] {dag.py:3239} INFO - Sync 2 DAGs
[2025-09-07T00:02:28.306+0000] {logging_mixin.py:190} INFO - [2025-09-07T00:02:28.306+0000] {dag.py:4180} INFO - Setting next_dagrun for example_subdag_operator.section-1 to None, run_after=None
[2025-09-07T00:02:28.307+0000] {logging_mixin.py:190} INFO - [2025-09-07T00:02:28.307+0000] {dag.py:4180} INFO - Setting next_dagrun for example_subdag_operator.section-2 to None, run_after=None
[2025-09-07T00:02:28.322+0000] {processor.py:208} INFO - Processing /home/airflow/.local/lib/python3.12/site-packages/airflow/example_dags/example_subdag_operator.py took 0.159 seconds
[2025-09-07T00:02:59.115+0000] {processor.py:186} INFO - Started process (PID=4308) to work on /home/airflow/.local/lib/python3.12/site-packages/airflow/example_dags/example_subdag_operator.py
[2025-09-07T00:02:59.117+0000] {processor.py:914} INFO - Processing file /home/airflow/.local/lib/python3.12/site-packages/airflow/example_dags/example_subdag_operator.py for tasks to queue
[2025-09-07T00:02:59.119+0000] {logging_mixin.py:190} INFO - [2025-09-07T00:02:59.118+0000] {dagbag.py:588} INFO - Filling up the DagBag from /home/airflow/.local/lib/python3.12/site-packages/airflow/example_dags/example_subdag_operator.py
[2025-09-07T00:02:59.153+0000] {processor.py:925} INFO - DAG(s) 'example_subdag_operator.section-1', 'example_subdag_operator.section-2', 'example_subdag_operator' retrieved from /home/airflow/.local/lib/python3.12/site-packages/airflow/example_dags/example_subdag_operator.py
[2025-09-07T00:02:59.165+0000] {logging_mixin.py:190} INFO - [2025-09-07T00:02:59.164+0000] {dag.py:3239} INFO - Sync 3 DAGs
[2025-09-07T00:02:59.183+0000] {logging_mixin.py:190} INFO - [2025-09-07T00:02:59.183+0000] {dag.py:4180} INFO - Setting next_dagrun for example_subdag_operator to 2022-01-01 00:00:00+00:00, run_after=2022-01-01 00:00:00+00:00
[2025-09-07T00:02:59.187+0000] {logging_mixin.py:190} INFO - [2025-09-07T00:02:59.187+0000] {dag.py:4180} INFO - Setting next_dagrun for example_subdag_operator.section-1 to None, run_after=None
[2025-09-07T00:02:59.189+0000] {logging_mixin.py:190} INFO - [2025-09-07T00:02:59.189+0000] {dag.py:4180} INFO - Setting next_dagrun for example_subdag_operator.section-2 to None, run_after=None
[2025-09-07T00:02:59.198+0000] {logging_mixin.py:190} INFO - [2025-09-07T00:02:59.198+0000] {dag.py:3239} INFO - Sync 2 DAGs
[2025-09-07T00:02:59.203+0000] {logging_mixin.py:190} INFO - [2025-09-07T00:02:59.203+0000] {dag.py:4180} INFO - Setting next_dagrun for example_subdag_operator.section-1 to None, run_after=None
[2025-09-07T00:02:59.204+0000] {logging_mixin.py:190} INFO - [2025-09-07T00:02:59.204+0000] {dag.py:4180} INFO - Setting next_dagrun for example_subdag_operator.section-2 to None, run_after=None
[2025-09-07T00:02:59.211+0000] {processor.py:208} INFO - Processing /home/airflow/.local/lib/python3.12/site-packages/airflow/example_dags/example_subdag_operator.py took 0.105 seconds
[2025-09-07T00:03:29.851+0000] {processor.py:186} INFO - Started process (PID=4374) to work on /home/airflow/.local/lib/python3.12/site-packages/airflow/example_dags/example_subdag_operator.py
[2025-09-07T00:03:29.852+0000] {processor.py:914} INFO - Processing file /home/airflow/.local/lib/python3.12/site-packages/airflow/example_dags/example_subdag_operator.py for tasks to queue
[2025-09-07T00:03:29.855+0000] {logging_mixin.py:190} INFO - [2025-09-07T00:03:29.854+0000] {dagbag.py:588} INFO - Filling up the DagBag from /home/airflow/.local/lib/python3.12/site-packages/airflow/example_dags/example_subdag_operator.py
[2025-09-07T00:03:29.887+0000] {processor.py:925} INFO - DAG(s) 'example_subdag_operator.section-1', 'example_subdag_operator.section-2', 'example_subdag_operator' retrieved from /home/airflow/.local/lib/python3.12/site-packages/airflow/example_dags/example_subdag_operator.py
[2025-09-07T00:03:29.907+0000] {logging_mixin.py:190} INFO - [2025-09-07T00:03:29.907+0000] {dag.py:3239} INFO - Sync 3 DAGs
[2025-09-07T00:03:29.938+0000] {logging_mixin.py:190} INFO - [2025-09-07T00:03:29.937+0000] {dag.py:4180} INFO - Setting next_dagrun for example_subdag_operator to 2022-01-01 00:00:00+00:00, run_after=2022-01-01 00:00:00+00:00
[2025-09-07T00:03:29.943+0000] {logging_mixin.py:190} INFO - [2025-09-07T00:03:29.943+0000] {dag.py:4180} INFO - Setting next_dagrun for example_subdag_operator.section-1 to None, run_after=None
[2025-09-07T00:03:29.946+0000] {logging_mixin.py:190} INFO - [2025-09-07T00:03:29.946+0000] {dag.py:4180} INFO - Setting next_dagrun for example_subdag_operator.section-2 to None, run_after=None
[2025-09-07T00:03:29.956+0000] {logging_mixin.py:190} INFO - [2025-09-07T00:03:29.956+0000] {dag.py:3239} INFO - Sync 2 DAGs
[2025-09-07T00:03:29.962+0000] {logging_mixin.py:190} INFO - [2025-09-07T00:03:29.962+0000] {dag.py:4180} INFO - Setting next_dagrun for example_subdag_operator.section-1 to None, run_after=None
[2025-09-07T00:03:29.963+0000] {logging_mixin.py:190} INFO - [2025-09-07T00:03:29.962+0000] {dag.py:4180} INFO - Setting next_dagrun for example_subdag_operator.section-2 to None, run_after=None
[2025-09-07T00:03:29.972+0000] {processor.py:208} INFO - Processing /home/airflow/.local/lib/python3.12/site-packages/airflow/example_dags/example_subdag_operator.py took 0.130 seconds
[2025-09-07T00:04:00.203+0000] {processor.py:186} INFO - Started process (PID=4440) to work on /home/airflow/.local/lib/python3.12/site-packages/airflow/example_dags/example_subdag_operator.py
[2025-09-07T00:04:00.205+0000] {processor.py:914} INFO - Processing file /home/airflow/.local/lib/python3.12/site-packages/airflow/example_dags/example_subdag_operator.py for tasks to queue
[2025-09-07T00:04:00.207+0000] {logging_mixin.py:190} INFO - [2025-09-07T00:04:00.206+0000] {dagbag.py:588} INFO - Filling up the DagBag from /home/airflow/.local/lib/python3.12/site-packages/airflow/example_dags/example_subdag_operator.py
[2025-09-07T00:04:00.246+0000] {processor.py:925} INFO - DAG(s) 'example_subdag_operator.section-1', 'example_subdag_operator.section-2', 'example_subdag_operator' retrieved from /home/airflow/.local/lib/python3.12/site-packages/airflow/example_dags/example_subdag_operator.py
[2025-09-07T00:04:00.267+0000] {logging_mixin.py:190} INFO - [2025-09-07T00:04:00.267+0000] {dag.py:3239} INFO - Sync 3 DAGs
[2025-09-07T00:04:00.296+0000] {logging_mixin.py:190} INFO - [2025-09-07T00:04:00.295+0000] {dag.py:4180} INFO - Setting next_dagrun for example_subdag_operator to 2022-01-01 00:00:00+00:00, run_after=2022-01-01 00:00:00+00:00
[2025-09-07T00:04:00.301+0000] {logging_mixin.py:190} INFO - [2025-09-07T00:04:00.300+0000] {dag.py:4180} INFO - Setting next_dagrun for example_subdag_operator.section-1 to None, run_after=None
[2025-09-07T00:04:00.303+0000] {logging_mixin.py:190} INFO - [2025-09-07T00:04:00.303+0000] {dag.py:4180} INFO - Setting next_dagrun for example_subdag_operator.section-2 to None, run_after=None
[2025-09-07T00:04:00.312+0000] {logging_mixin.py:190} INFO - [2025-09-07T00:04:00.312+0000] {dag.py:3239} INFO - Sync 2 DAGs
[2025-09-07T00:04:00.325+0000] {logging_mixin.py:190} INFO - [2025-09-07T00:04:00.325+0000] {dag.py:4180} INFO - Setting next_dagrun for example_subdag_operator.section-1 to None, run_after=None
[2025-09-07T00:04:00.326+0000] {logging_mixin.py:190} INFO - [2025-09-07T00:04:00.326+0000] {dag.py:4180} INFO - Setting next_dagrun for example_subdag_operator.section-2 to None, run_after=None
[2025-09-07T00:04:00.344+0000] {processor.py:208} INFO - Processing /home/airflow/.local/lib/python3.12/site-packages/airflow/example_dags/example_subdag_operator.py took 0.146 seconds
[2025-09-07T00:04:31.297+0000] {processor.py:186} INFO - Started process (PID=4506) to work on /home/airflow/.local/lib/python3.12/site-packages/airflow/example_dags/example_subdag_operator.py
[2025-09-07T00:04:31.309+0000] {processor.py:914} INFO - Processing file /home/airflow/.local/lib/python3.12/site-packages/airflow/example_dags/example_subdag_operator.py for tasks to queue
[2025-09-07T00:04:31.316+0000] {logging_mixin.py:190} INFO - [2025-09-07T00:04:31.315+0000] {dagbag.py:588} INFO - Filling up the DagBag from /home/airflow/.local/lib/python3.12/site-packages/airflow/example_dags/example_subdag_operator.py
[2025-09-07T00:04:31.421+0000] {processor.py:925} INFO - DAG(s) 'example_subdag_operator.section-1', 'example_subdag_operator.section-2', 'example_subdag_operator' retrieved from /home/airflow/.local/lib/python3.12/site-packages/airflow/example_dags/example_subdag_operator.py
[2025-09-07T00:04:31.479+0000] {logging_mixin.py:190} INFO - [2025-09-07T00:04:31.479+0000] {dag.py:3239} INFO - Sync 3 DAGs
[2025-09-07T00:04:31.551+0000] {logging_mixin.py:190} INFO - [2025-09-07T00:04:31.551+0000] {dag.py:4180} INFO - Setting next_dagrun for example_subdag_operator to 2022-01-01 00:00:00+00:00, run_after=2022-01-01 00:00:00+00:00
[2025-09-07T00:04:31.573+0000] {logging_mixin.py:190} INFO - [2025-09-07T00:04:31.572+0000] {dag.py:4180} INFO - Setting next_dagrun for example_subdag_operator.section-1 to None, run_after=None
[2025-09-07T00:04:31.597+0000] {logging_mixin.py:190} INFO - [2025-09-07T00:04:31.597+0000] {dag.py:4180} INFO - Setting next_dagrun for example_subdag_operator.section-2 to None, run_after=None
[2025-09-07T00:04:31.677+0000] {logging_mixin.py:190} INFO - [2025-09-07T00:04:31.677+0000] {dag.py:3239} INFO - Sync 2 DAGs
[2025-09-07T00:04:31.720+0000] {logging_mixin.py:190} INFO - [2025-09-07T00:04:31.719+0000] {dag.py:4180} INFO - Setting next_dagrun for example_subdag_operator.section-1 to None, run_after=None
[2025-09-07T00:04:31.724+0000] {logging_mixin.py:190} INFO - [2025-09-07T00:04:31.723+0000] {dag.py:4180} INFO - Setting next_dagrun for example_subdag_operator.section-2 to None, run_after=None
[2025-09-07T00:04:31.760+0000] {processor.py:208} INFO - Processing /home/airflow/.local/lib/python3.12/site-packages/airflow/example_dags/example_subdag_operator.py took 0.483 seconds
[2025-09-07T00:05:01.918+0000] {processor.py:186} INFO - Started process (PID=4572) to work on /home/airflow/.local/lib/python3.12/site-packages/airflow/example_dags/example_subdag_operator.py
[2025-09-07T00:05:01.920+0000] {processor.py:914} INFO - Processing file /home/airflow/.local/lib/python3.12/site-packages/airflow/example_dags/example_subdag_operator.py for tasks to queue
[2025-09-07T00:05:01.923+0000] {logging_mixin.py:190} INFO - [2025-09-07T00:05:01.922+0000] {dagbag.py:588} INFO - Filling up the DagBag from /home/airflow/.local/lib/python3.12/site-packages/airflow/example_dags/example_subdag_operator.py
[2025-09-07T00:05:01.957+0000] {processor.py:925} INFO - DAG(s) 'example_subdag_operator.section-1', 'example_subdag_operator.section-2', 'example_subdag_operator' retrieved from /home/airflow/.local/lib/python3.12/site-packages/airflow/example_dags/example_subdag_operator.py
[2025-09-07T00:05:01.977+0000] {logging_mixin.py:190} INFO - [2025-09-07T00:05:01.977+0000] {dag.py:3239} INFO - Sync 3 DAGs
[2025-09-07T00:05:02.010+0000] {logging_mixin.py:190} INFO - [2025-09-07T00:05:02.009+0000] {dag.py:4180} INFO - Setting next_dagrun for example_subdag_operator to 2022-01-01 00:00:00+00:00, run_after=2022-01-01 00:00:00+00:00
[2025-09-07T00:05:02.016+0000] {logging_mixin.py:190} INFO - [2025-09-07T00:05:02.016+0000] {dag.py:4180} INFO - Setting next_dagrun for example_subdag_operator.section-1 to None, run_after=None
[2025-09-07T00:05:02.019+0000] {logging_mixin.py:190} INFO - [2025-09-07T00:05:02.019+0000] {dag.py:4180} INFO - Setting next_dagrun for example_subdag_operator.section-2 to None, run_after=None
[2025-09-07T00:05:02.029+0000] {logging_mixin.py:190} INFO - [2025-09-07T00:05:02.028+0000] {dag.py:3239} INFO - Sync 2 DAGs
[2025-09-07T00:05:02.035+0000] {logging_mixin.py:190} INFO - [2025-09-07T00:05:02.034+0000] {dag.py:4180} INFO - Setting next_dagrun for example_subdag_operator.section-1 to None, run_after=None
[2025-09-07T00:05:02.035+0000] {logging_mixin.py:190} INFO - [2025-09-07T00:05:02.035+0000] {dag.py:4180} INFO - Setting next_dagrun for example_subdag_operator.section-2 to None, run_after=None
[2025-09-07T00:05:02.049+0000] {processor.py:208} INFO - Processing /home/airflow/.local/lib/python3.12/site-packages/airflow/example_dags/example_subdag_operator.py took 0.138 seconds
[2025-09-07T00:05:32.905+0000] {processor.py:186} INFO - Started process (PID=4638) to work on /home/airflow/.local/lib/python3.12/site-packages/airflow/example_dags/example_subdag_operator.py
[2025-09-07T00:05:32.906+0000] {processor.py:914} INFO - Processing file /home/airflow/.local/lib/python3.12/site-packages/airflow/example_dags/example_subdag_operator.py for tasks to queue
[2025-09-07T00:05:32.908+0000] {logging_mixin.py:190} INFO - [2025-09-07T00:05:32.907+0000] {dagbag.py:588} INFO - Filling up the DagBag from /home/airflow/.local/lib/python3.12/site-packages/airflow/example_dags/example_subdag_operator.py
[2025-09-07T00:05:32.937+0000] {processor.py:925} INFO - DAG(s) 'example_subdag_operator.section-1', 'example_subdag_operator.section-2', 'example_subdag_operator' retrieved from /home/airflow/.local/lib/python3.12/site-packages/airflow/example_dags/example_subdag_operator.py
[2025-09-07T00:05:32.957+0000] {logging_mixin.py:190} INFO - [2025-09-07T00:05:32.957+0000] {dag.py:3239} INFO - Sync 3 DAGs
[2025-09-07T00:05:32.992+0000] {logging_mixin.py:190} INFO - [2025-09-07T00:05:32.991+0000] {dag.py:4180} INFO - Setting next_dagrun for example_subdag_operator to 2022-01-01 00:00:00+00:00, run_after=2022-01-01 00:00:00+00:00
[2025-09-07T00:05:32.998+0000] {logging_mixin.py:190} INFO - [2025-09-07T00:05:32.998+0000] {dag.py:4180} INFO - Setting next_dagrun for example_subdag_operator.section-1 to None, run_after=None
[2025-09-07T00:05:33.000+0000] {logging_mixin.py:190} INFO - [2025-09-07T00:05:33.000+0000] {dag.py:4180} INFO - Setting next_dagrun for example_subdag_operator.section-2 to None, run_after=None
[2025-09-07T00:05:33.006+0000] {logging_mixin.py:190} INFO - [2025-09-07T00:05:33.006+0000] {dag.py:3239} INFO - Sync 2 DAGs
[2025-09-07T00:05:33.012+0000] {logging_mixin.py:190} INFO - [2025-09-07T00:05:33.012+0000] {dag.py:4180} INFO - Setting next_dagrun for example_subdag_operator.section-1 to None, run_after=None
[2025-09-07T00:05:33.014+0000] {logging_mixin.py:190} INFO - [2025-09-07T00:05:33.013+0000] {dag.py:4180} INFO - Setting next_dagrun for example_subdag_operator.section-2 to None, run_after=None
[2025-09-07T00:05:33.035+0000] {processor.py:208} INFO - Processing /home/airflow/.local/lib/python3.12/site-packages/airflow/example_dags/example_subdag_operator.py took 0.139 seconds
[2025-09-07T00:06:03.825+0000] {processor.py:186} INFO - Started process (PID=4704) to work on /home/airflow/.local/lib/python3.12/site-packages/airflow/example_dags/example_subdag_operator.py
[2025-09-07T00:06:03.827+0000] {processor.py:914} INFO - Processing file /home/airflow/.local/lib/python3.12/site-packages/airflow/example_dags/example_subdag_operator.py for tasks to queue
[2025-09-07T00:06:03.829+0000] {logging_mixin.py:190} INFO - [2025-09-07T00:06:03.829+0000] {dagbag.py:588} INFO - Filling up the DagBag from /home/airflow/.local/lib/python3.12/site-packages/airflow/example_dags/example_subdag_operator.py
[2025-09-07T00:06:03.866+0000] {processor.py:925} INFO - DAG(s) 'example_subdag_operator.section-1', 'example_subdag_operator.section-2', 'example_subdag_operator' retrieved from /home/airflow/.local/lib/python3.12/site-packages/airflow/example_dags/example_subdag_operator.py
[2025-09-07T00:06:03.887+0000] {logging_mixin.py:190} INFO - [2025-09-07T00:06:03.886+0000] {dag.py:3239} INFO - Sync 3 DAGs
[2025-09-07T00:06:03.918+0000] {logging_mixin.py:190} INFO - [2025-09-07T00:06:03.917+0000] {dag.py:4180} INFO - Setting next_dagrun for example_subdag_operator to 2022-01-01 00:00:00+00:00, run_after=2022-01-01 00:00:00+00:00
[2025-09-07T00:06:03.923+0000] {logging_mixin.py:190} INFO - [2025-09-07T00:06:03.922+0000] {dag.py:4180} INFO - Setting next_dagrun for example_subdag_operator.section-1 to None, run_after=None
[2025-09-07T00:06:03.925+0000] {logging_mixin.py:190} INFO - [2025-09-07T00:06:03.925+0000] {dag.py:4180} INFO - Setting next_dagrun for example_subdag_operator.section-2 to None, run_after=None
[2025-09-07T00:06:03.935+0000] {logging_mixin.py:190} INFO - [2025-09-07T00:06:03.935+0000] {dag.py:3239} INFO - Sync 2 DAGs
[2025-09-07T00:06:03.942+0000] {logging_mixin.py:190} INFO - [2025-09-07T00:06:03.942+0000] {dag.py:4180} INFO - Setting next_dagrun for example_subdag_operator.section-1 to None, run_after=None
[2025-09-07T00:06:03.946+0000] {logging_mixin.py:190} INFO - [2025-09-07T00:06:03.946+0000] {dag.py:4180} INFO - Setting next_dagrun for example_subdag_operator.section-2 to None, run_after=None
[2025-09-07T00:06:03.968+0000] {processor.py:208} INFO - Processing /home/airflow/.local/lib/python3.12/site-packages/airflow/example_dags/example_subdag_operator.py took 0.151 seconds
[2025-09-07T00:06:34.321+0000] {processor.py:186} INFO - Started process (PID=4770) to work on /home/airflow/.local/lib/python3.12/site-packages/airflow/example_dags/example_subdag_operator.py
[2025-09-07T00:06:34.322+0000] {processor.py:914} INFO - Processing file /home/airflow/.local/lib/python3.12/site-packages/airflow/example_dags/example_subdag_operator.py for tasks to queue
[2025-09-07T00:06:34.325+0000] {logging_mixin.py:190} INFO - [2025-09-07T00:06:34.324+0000] {dagbag.py:588} INFO - Filling up the DagBag from /home/airflow/.local/lib/python3.12/site-packages/airflow/example_dags/example_subdag_operator.py
[2025-09-07T00:06:34.362+0000] {processor.py:925} INFO - DAG(s) 'example_subdag_operator.section-1', 'example_subdag_operator.section-2', 'example_subdag_operator' retrieved from /home/airflow/.local/lib/python3.12/site-packages/airflow/example_dags/example_subdag_operator.py
[2025-09-07T00:06:34.379+0000] {logging_mixin.py:190} INFO - [2025-09-07T00:06:34.379+0000] {dag.py:3239} INFO - Sync 3 DAGs
[2025-09-07T00:06:34.402+0000] {logging_mixin.py:190} INFO - [2025-09-07T00:06:34.401+0000] {dag.py:4180} INFO - Setting next_dagrun for example_subdag_operator to 2022-01-01 00:00:00+00:00, run_after=2022-01-01 00:00:00+00:00
[2025-09-07T00:06:34.406+0000] {logging_mixin.py:190} INFO - [2025-09-07T00:06:34.406+0000] {dag.py:4180} INFO - Setting next_dagrun for example_subdag_operator.section-1 to None, run_after=None
[2025-09-07T00:06:34.408+0000] {logging_mixin.py:190} INFO - [2025-09-07T00:06:34.408+0000] {dag.py:4180} INFO - Setting next_dagrun for example_subdag_operator.section-2 to None, run_after=None
[2025-09-07T00:06:34.417+0000] {logging_mixin.py:190} INFO - [2025-09-07T00:06:34.417+0000] {dag.py:3239} INFO - Sync 2 DAGs
[2025-09-07T00:06:34.425+0000] {logging_mixin.py:190} INFO - [2025-09-07T00:06:34.425+0000] {dag.py:4180} INFO - Setting next_dagrun for example_subdag_operator.section-1 to None, run_after=None
[2025-09-07T00:06:34.425+0000] {logging_mixin.py:190} INFO - [2025-09-07T00:06:34.425+0000] {dag.py:4180} INFO - Setting next_dagrun for example_subdag_operator.section-2 to None, run_after=None
[2025-09-07T00:06:34.441+0000] {processor.py:208} INFO - Processing /home/airflow/.local/lib/python3.12/site-packages/airflow/example_dags/example_subdag_operator.py took 0.131 seconds
[2025-09-07T00:07:05.386+0000] {processor.py:186} INFO - Started process (PID=4835) to work on /home/airflow/.local/lib/python3.12/site-packages/airflow/example_dags/example_subdag_operator.py
[2025-09-07T00:07:05.387+0000] {processor.py:914} INFO - Processing file /home/airflow/.local/lib/python3.12/site-packages/airflow/example_dags/example_subdag_operator.py for tasks to queue
[2025-09-07T00:07:05.390+0000] {logging_mixin.py:190} INFO - [2025-09-07T00:07:05.389+0000] {dagbag.py:588} INFO - Filling up the DagBag from /home/airflow/.local/lib/python3.12/site-packages/airflow/example_dags/example_subdag_operator.py
[2025-09-07T00:07:05.435+0000] {processor.py:925} INFO - DAG(s) 'example_subdag_operator.section-1', 'example_subdag_operator.section-2', 'example_subdag_operator' retrieved from /home/airflow/.local/lib/python3.12/site-packages/airflow/example_dags/example_subdag_operator.py
[2025-09-07T00:07:05.461+0000] {logging_mixin.py:190} INFO - [2025-09-07T00:07:05.460+0000] {dag.py:3239} INFO - Sync 3 DAGs
[2025-09-07T00:07:05.503+0000] {logging_mixin.py:190} INFO - [2025-09-07T00:07:05.502+0000] {dag.py:4180} INFO - Setting next_dagrun for example_subdag_operator to 2022-01-01 00:00:00+00:00, run_after=2022-01-01 00:00:00+00:00
[2025-09-07T00:07:05.513+0000] {logging_mixin.py:190} INFO - [2025-09-07T00:07:05.512+0000] {dag.py:4180} INFO - Setting next_dagrun for example_subdag_operator.section-1 to None, run_after=None
[2025-09-07T00:07:05.519+0000] {logging_mixin.py:190} INFO - [2025-09-07T00:07:05.519+0000] {dag.py:4180} INFO - Setting next_dagrun for example_subdag_operator.section-2 to None, run_after=None
[2025-09-07T00:07:05.533+0000] {logging_mixin.py:190} INFO - [2025-09-07T00:07:05.532+0000] {dag.py:3239} INFO - Sync 2 DAGs
[2025-09-07T00:07:05.543+0000] {logging_mixin.py:190} INFO - [2025-09-07T00:07:05.543+0000] {dag.py:4180} INFO - Setting next_dagrun for example_subdag_operator.section-1 to None, run_after=None
[2025-09-07T00:07:05.547+0000] {logging_mixin.py:190} INFO - [2025-09-07T00:07:05.547+0000] {dag.py:4180} INFO - Setting next_dagrun for example_subdag_operator.section-2 to None, run_after=None
[2025-09-07T00:07:05.569+0000] {processor.py:208} INFO - Processing /home/airflow/.local/lib/python3.12/site-packages/airflow/example_dags/example_subdag_operator.py took 0.193 seconds
[2025-09-07T00:07:35.950+0000] {processor.py:186} INFO - Started process (PID=4893) to work on /home/airflow/.local/lib/python3.12/site-packages/airflow/example_dags/example_subdag_operator.py
[2025-09-07T00:07:35.952+0000] {processor.py:914} INFO - Processing file /home/airflow/.local/lib/python3.12/site-packages/airflow/example_dags/example_subdag_operator.py for tasks to queue
[2025-09-07T00:07:35.954+0000] {logging_mixin.py:190} INFO - [2025-09-07T00:07:35.953+0000] {dagbag.py:588} INFO - Filling up the DagBag from /home/airflow/.local/lib/python3.12/site-packages/airflow/example_dags/example_subdag_operator.py
[2025-09-07T00:07:35.993+0000] {processor.py:925} INFO - DAG(s) 'example_subdag_operator.section-1', 'example_subdag_operator.section-2', 'example_subdag_operator' retrieved from /home/airflow/.local/lib/python3.12/site-packages/airflow/example_dags/example_subdag_operator.py
[2025-09-07T00:07:36.014+0000] {logging_mixin.py:190} INFO - [2025-09-07T00:07:36.014+0000] {dag.py:3239} INFO - Sync 3 DAGs
[2025-09-07T00:07:36.048+0000] {logging_mixin.py:190} INFO - [2025-09-07T00:07:36.048+0000] {dag.py:4180} INFO - Setting next_dagrun for example_subdag_operator to 2022-01-01 00:00:00+00:00, run_after=2022-01-01 00:00:00+00:00
[2025-09-07T00:07:36.054+0000] {logging_mixin.py:190} INFO - [2025-09-07T00:07:36.054+0000] {dag.py:4180} INFO - Setting next_dagrun for example_subdag_operator.section-1 to None, run_after=None
[2025-09-07T00:07:36.057+0000] {logging_mixin.py:190} INFO - [2025-09-07T00:07:36.057+0000] {dag.py:4180} INFO - Setting next_dagrun for example_subdag_operator.section-2 to None, run_after=None
[2025-09-07T00:07:36.067+0000] {logging_mixin.py:190} INFO - [2025-09-07T00:07:36.067+0000] {dag.py:3239} INFO - Sync 2 DAGs
[2025-09-07T00:07:36.077+0000] {logging_mixin.py:190} INFO - [2025-09-07T00:07:36.076+0000] {dag.py:4180} INFO - Setting next_dagrun for example_subdag_operator.section-1 to None, run_after=None
[2025-09-07T00:07:36.077+0000] {logging_mixin.py:190} INFO - [2025-09-07T00:07:36.077+0000] {dag.py:4180} INFO - Setting next_dagrun for example_subdag_operator.section-2 to None, run_after=None
[2025-09-07T00:07:36.096+0000] {processor.py:208} INFO - Processing /home/airflow/.local/lib/python3.12/site-packages/airflow/example_dags/example_subdag_operator.py took 0.156 seconds
[2025-09-07T00:08:06.345+0000] {processor.py:186} INFO - Started process (PID=4956) to work on /home/airflow/.local/lib/python3.12/site-packages/airflow/example_dags/example_subdag_operator.py
[2025-09-07T00:08:06.346+0000] {processor.py:914} INFO - Processing file /home/airflow/.local/lib/python3.12/site-packages/airflow/example_dags/example_subdag_operator.py for tasks to queue
[2025-09-07T00:08:06.349+0000] {logging_mixin.py:190} INFO - [2025-09-07T00:08:06.348+0000] {dagbag.py:588} INFO - Filling up the DagBag from /home/airflow/.local/lib/python3.12/site-packages/airflow/example_dags/example_subdag_operator.py
[2025-09-07T00:08:06.406+0000] {processor.py:925} INFO - DAG(s) 'example_subdag_operator.section-1', 'example_subdag_operator.section-2', 'example_subdag_operator' retrieved from /home/airflow/.local/lib/python3.12/site-packages/airflow/example_dags/example_subdag_operator.py
[2025-09-07T00:08:06.428+0000] {logging_mixin.py:190} INFO - [2025-09-07T00:08:06.428+0000] {dag.py:3239} INFO - Sync 3 DAGs
[2025-09-07T00:08:06.464+0000] {logging_mixin.py:190} INFO - [2025-09-07T00:08:06.463+0000] {dag.py:4180} INFO - Setting next_dagrun for example_subdag_operator to 2022-01-01 00:00:00+00:00, run_after=2022-01-01 00:00:00+00:00
[2025-09-07T00:08:06.471+0000] {logging_mixin.py:190} INFO - [2025-09-07T00:08:06.471+0000] {dag.py:4180} INFO - Setting next_dagrun for example_subdag_operator.section-1 to None, run_after=None
[2025-09-07T00:08:06.473+0000] {logging_mixin.py:190} INFO - [2025-09-07T00:08:06.473+0000] {dag.py:4180} INFO - Setting next_dagrun for example_subdag_operator.section-2 to None, run_after=None
[2025-09-07T00:08:06.483+0000] {logging_mixin.py:190} INFO - [2025-09-07T00:08:06.482+0000] {dag.py:3239} INFO - Sync 2 DAGs
[2025-09-07T00:08:06.491+0000] {logging_mixin.py:190} INFO - [2025-09-07T00:08:06.490+0000] {dag.py:4180} INFO - Setting next_dagrun for example_subdag_operator.section-1 to None, run_after=None
[2025-09-07T00:08:06.491+0000] {logging_mixin.py:190} INFO - [2025-09-07T00:08:06.491+0000] {dag.py:4180} INFO - Setting next_dagrun for example_subdag_operator.section-2 to None, run_after=None
[2025-09-07T00:08:06.510+0000] {processor.py:208} INFO - Processing /home/airflow/.local/lib/python3.12/site-packages/airflow/example_dags/example_subdag_operator.py took 0.174 seconds
[2025-09-07T00:08:36.575+0000] {processor.py:186} INFO - Started process (PID=5021) to work on /home/airflow/.local/lib/python3.12/site-packages/airflow/example_dags/example_subdag_operator.py
[2025-09-07T00:08:36.576+0000] {processor.py:914} INFO - Processing file /home/airflow/.local/lib/python3.12/site-packages/airflow/example_dags/example_subdag_operator.py for tasks to queue
[2025-09-07T00:08:36.578+0000] {logging_mixin.py:190} INFO - [2025-09-07T00:08:36.577+0000] {dagbag.py:588} INFO - Filling up the DagBag from /home/airflow/.local/lib/python3.12/site-packages/airflow/example_dags/example_subdag_operator.py
[2025-09-07T00:08:36.613+0000] {processor.py:925} INFO - DAG(s) 'example_subdag_operator.section-1', 'example_subdag_operator.section-2', 'example_subdag_operator' retrieved from /home/airflow/.local/lib/python3.12/site-packages/airflow/example_dags/example_subdag_operator.py
[2025-09-07T00:08:36.629+0000] {logging_mixin.py:190} INFO - [2025-09-07T00:08:36.629+0000] {dag.py:3239} INFO - Sync 3 DAGs
[2025-09-07T00:08:36.652+0000] {logging_mixin.py:190} INFO - [2025-09-07T00:08:36.651+0000] {dag.py:4180} INFO - Setting next_dagrun for example_subdag_operator to 2022-01-01 00:00:00+00:00, run_after=2022-01-01 00:00:00+00:00
[2025-09-07T00:08:36.657+0000] {logging_mixin.py:190} INFO - [2025-09-07T00:08:36.657+0000] {dag.py:4180} INFO - Setting next_dagrun for example_subdag_operator.section-1 to None, run_after=None
[2025-09-07T00:08:36.659+0000] {logging_mixin.py:190} INFO - [2025-09-07T00:08:36.659+0000] {dag.py:4180} INFO - Setting next_dagrun for example_subdag_operator.section-2 to None, run_after=None
[2025-09-07T00:08:36.666+0000] {logging_mixin.py:190} INFO - [2025-09-07T00:08:36.666+0000] {dag.py:3239} INFO - Sync 2 DAGs
[2025-09-07T00:08:36.674+0000] {logging_mixin.py:190} INFO - [2025-09-07T00:08:36.673+0000] {dag.py:4180} INFO - Setting next_dagrun for example_subdag_operator.section-1 to None, run_after=None
[2025-09-07T00:08:36.674+0000] {logging_mixin.py:190} INFO - [2025-09-07T00:08:36.674+0000] {dag.py:4180} INFO - Setting next_dagrun for example_subdag_operator.section-2 to None, run_after=None
[2025-09-07T00:08:36.689+0000] {processor.py:208} INFO - Processing /home/airflow/.local/lib/python3.12/site-packages/airflow/example_dags/example_subdag_operator.py took 0.119 seconds
[2025-09-07T00:09:06.791+0000] {processor.py:186} INFO - Started process (PID=5087) to work on /home/airflow/.local/lib/python3.12/site-packages/airflow/example_dags/example_subdag_operator.py
[2025-09-07T00:09:06.792+0000] {processor.py:914} INFO - Processing file /home/airflow/.local/lib/python3.12/site-packages/airflow/example_dags/example_subdag_operator.py for tasks to queue
[2025-09-07T00:09:06.795+0000] {logging_mixin.py:190} INFO - [2025-09-07T00:09:06.794+0000] {dagbag.py:588} INFO - Filling up the DagBag from /home/airflow/.local/lib/python3.12/site-packages/airflow/example_dags/example_subdag_operator.py
[2025-09-07T00:09:06.831+0000] {processor.py:925} INFO - DAG(s) 'example_subdag_operator.section-1', 'example_subdag_operator.section-2', 'example_subdag_operator' retrieved from /home/airflow/.local/lib/python3.12/site-packages/airflow/example_dags/example_subdag_operator.py
[2025-09-07T00:09:06.850+0000] {logging_mixin.py:190} INFO - [2025-09-07T00:09:06.849+0000] {dag.py:3239} INFO - Sync 3 DAGs
[2025-09-07T00:09:06.879+0000] {logging_mixin.py:190} INFO - [2025-09-07T00:09:06.878+0000] {dag.py:4180} INFO - Setting next_dagrun for example_subdag_operator to 2022-01-01 00:00:00+00:00, run_after=2022-01-01 00:00:00+00:00
[2025-09-07T00:09:06.885+0000] {logging_mixin.py:190} INFO - [2025-09-07T00:09:06.884+0000] {dag.py:4180} INFO - Setting next_dagrun for example_subdag_operator.section-1 to None, run_after=None
[2025-09-07T00:09:06.887+0000] {logging_mixin.py:190} INFO - [2025-09-07T00:09:06.886+0000] {dag.py:4180} INFO - Setting next_dagrun for example_subdag_operator.section-2 to None, run_after=None
[2025-09-07T00:09:06.894+0000] {logging_mixin.py:190} INFO - [2025-09-07T00:09:06.893+0000] {dag.py:3239} INFO - Sync 2 DAGs
[2025-09-07T00:09:06.903+0000] {logging_mixin.py:190} INFO - [2025-09-07T00:09:06.903+0000] {dag.py:4180} INFO - Setting next_dagrun for example_subdag_operator.section-1 to None, run_after=None
[2025-09-07T00:09:06.904+0000] {logging_mixin.py:190} INFO - [2025-09-07T00:09:06.904+0000] {dag.py:4180} INFO - Setting next_dagrun for example_subdag_operator.section-2 to None, run_after=None
[2025-09-07T00:09:06.921+0000] {processor.py:208} INFO - Processing /home/airflow/.local/lib/python3.12/site-packages/airflow/example_dags/example_subdag_operator.py took 0.135 seconds
[2025-09-07T00:09:37.558+0000] {processor.py:186} INFO - Started process (PID=5153) to work on /home/airflow/.local/lib/python3.12/site-packages/airflow/example_dags/example_subdag_operator.py
[2025-09-07T00:09:37.560+0000] {processor.py:914} INFO - Processing file /home/airflow/.local/lib/python3.12/site-packages/airflow/example_dags/example_subdag_operator.py for tasks to queue
[2025-09-07T00:09:37.563+0000] {logging_mixin.py:190} INFO - [2025-09-07T00:09:37.562+0000] {dagbag.py:588} INFO - Filling up the DagBag from /home/airflow/.local/lib/python3.12/site-packages/airflow/example_dags/example_subdag_operator.py
[2025-09-07T00:09:37.597+0000] {processor.py:925} INFO - DAG(s) 'example_subdag_operator.section-1', 'example_subdag_operator.section-2', 'example_subdag_operator' retrieved from /home/airflow/.local/lib/python3.12/site-packages/airflow/example_dags/example_subdag_operator.py
[2025-09-07T00:09:37.622+0000] {logging_mixin.py:190} INFO - [2025-09-07T00:09:37.622+0000] {dag.py:3239} INFO - Sync 3 DAGs
[2025-09-07T00:09:37.660+0000] {logging_mixin.py:190} INFO - [2025-09-07T00:09:37.660+0000] {dag.py:4180} INFO - Setting next_dagrun for example_subdag_operator to 2022-01-01 00:00:00+00:00, run_after=2022-01-01 00:00:00+00:00
[2025-09-07T00:09:37.666+0000] {logging_mixin.py:190} INFO - [2025-09-07T00:09:37.665+0000] {dag.py:4180} INFO - Setting next_dagrun for example_subdag_operator.section-1 to None, run_after=None
[2025-09-07T00:09:37.668+0000] {logging_mixin.py:190} INFO - [2025-09-07T00:09:37.668+0000] {dag.py:4180} INFO - Setting next_dagrun for example_subdag_operator.section-2 to None, run_after=None
[2025-09-07T00:09:37.679+0000] {logging_mixin.py:190} INFO - [2025-09-07T00:09:37.679+0000] {dag.py:3239} INFO - Sync 2 DAGs
[2025-09-07T00:09:37.686+0000] {logging_mixin.py:190} INFO - [2025-09-07T00:09:37.686+0000] {dag.py:4180} INFO - Setting next_dagrun for example_subdag_operator.section-1 to None, run_after=None
[2025-09-07T00:09:37.690+0000] {logging_mixin.py:190} INFO - [2025-09-07T00:09:37.689+0000] {dag.py:4180} INFO - Setting next_dagrun for example_subdag_operator.section-2 to None, run_after=None
[2025-09-07T00:09:37.705+0000] {processor.py:208} INFO - Processing /home/airflow/.local/lib/python3.12/site-packages/airflow/example_dags/example_subdag_operator.py took 0.153 seconds
[2025-09-07T00:10:07.781+0000] {processor.py:186} INFO - Started process (PID=5219) to work on /home/airflow/.local/lib/python3.12/site-packages/airflow/example_dags/example_subdag_operator.py
[2025-09-07T00:10:07.782+0000] {processor.py:914} INFO - Processing file /home/airflow/.local/lib/python3.12/site-packages/airflow/example_dags/example_subdag_operator.py for tasks to queue
[2025-09-07T00:10:07.784+0000] {logging_mixin.py:190} INFO - [2025-09-07T00:10:07.784+0000] {dagbag.py:588} INFO - Filling up the DagBag from /home/airflow/.local/lib/python3.12/site-packages/airflow/example_dags/example_subdag_operator.py
[2025-09-07T00:10:07.814+0000] {processor.py:925} INFO - DAG(s) 'example_subdag_operator.section-1', 'example_subdag_operator.section-2', 'example_subdag_operator' retrieved from /home/airflow/.local/lib/python3.12/site-packages/airflow/example_dags/example_subdag_operator.py
[2025-09-07T00:10:07.834+0000] {logging_mixin.py:190} INFO - [2025-09-07T00:10:07.833+0000] {dag.py:3239} INFO - Sync 3 DAGs
[2025-09-07T00:10:07.860+0000] {logging_mixin.py:190} INFO - [2025-09-07T00:10:07.859+0000] {dag.py:4180} INFO - Setting next_dagrun for example_subdag_operator to 2022-01-01 00:00:00+00:00, run_after=2022-01-01 00:00:00+00:00
[2025-09-07T00:10:07.869+0000] {logging_mixin.py:190} INFO - [2025-09-07T00:10:07.869+0000] {dag.py:4180} INFO - Setting next_dagrun for example_subdag_operator.section-1 to None, run_after=None
[2025-09-07T00:10:07.871+0000] {logging_mixin.py:190} INFO - [2025-09-07T00:10:07.871+0000] {dag.py:4180} INFO - Setting next_dagrun for example_subdag_operator.section-2 to None, run_after=None
[2025-09-07T00:10:07.879+0000] {logging_mixin.py:190} INFO - [2025-09-07T00:10:07.879+0000] {dag.py:3239} INFO - Sync 2 DAGs
[2025-09-07T00:10:07.888+0000] {logging_mixin.py:190} INFO - [2025-09-07T00:10:07.888+0000] {dag.py:4180} INFO - Setting next_dagrun for example_subdag_operator.section-1 to None, run_after=None
[2025-09-07T00:10:07.890+0000] {logging_mixin.py:190} INFO - [2025-09-07T00:10:07.889+0000] {dag.py:4180} INFO - Setting next_dagrun for example_subdag_operator.section-2 to None, run_after=None
[2025-09-07T00:10:07.905+0000] {processor.py:208} INFO - Processing /home/airflow/.local/lib/python3.12/site-packages/airflow/example_dags/example_subdag_operator.py took 0.130 seconds
[2025-09-07T00:10:38.526+0000] {processor.py:186} INFO - Started process (PID=5285) to work on /home/airflow/.local/lib/python3.12/site-packages/airflow/example_dags/example_subdag_operator.py
[2025-09-07T00:10:38.527+0000] {processor.py:914} INFO - Processing file /home/airflow/.local/lib/python3.12/site-packages/airflow/example_dags/example_subdag_operator.py for tasks to queue
[2025-09-07T00:10:38.529+0000] {logging_mixin.py:190} INFO - [2025-09-07T00:10:38.528+0000] {dagbag.py:588} INFO - Filling up the DagBag from /home/airflow/.local/lib/python3.12/site-packages/airflow/example_dags/example_subdag_operator.py
[2025-09-07T00:10:38.567+0000] {processor.py:925} INFO - DAG(s) 'example_subdag_operator.section-1', 'example_subdag_operator.section-2', 'example_subdag_operator' retrieved from /home/airflow/.local/lib/python3.12/site-packages/airflow/example_dags/example_subdag_operator.py
[2025-09-07T00:10:38.584+0000] {logging_mixin.py:190} INFO - [2025-09-07T00:10:38.583+0000] {dag.py:3239} INFO - Sync 3 DAGs
[2025-09-07T00:10:38.608+0000] {logging_mixin.py:190} INFO - [2025-09-07T00:10:38.607+0000] {dag.py:4180} INFO - Setting next_dagrun for example_subdag_operator to 2022-01-01 00:00:00+00:00, run_after=2022-01-01 00:00:00+00:00
[2025-09-07T00:10:38.613+0000] {logging_mixin.py:190} INFO - [2025-09-07T00:10:38.613+0000] {dag.py:4180} INFO - Setting next_dagrun for example_subdag_operator.section-1 to None, run_after=None
[2025-09-07T00:10:38.616+0000] {logging_mixin.py:190} INFO - [2025-09-07T00:10:38.616+0000] {dag.py:4180} INFO - Setting next_dagrun for example_subdag_operator.section-2 to None, run_after=None
[2025-09-07T00:10:38.626+0000] {logging_mixin.py:190} INFO - [2025-09-07T00:10:38.626+0000] {dag.py:3239} INFO - Sync 2 DAGs
[2025-09-07T00:10:38.635+0000] {logging_mixin.py:190} INFO - [2025-09-07T00:10:38.634+0000] {dag.py:4180} INFO - Setting next_dagrun for example_subdag_operator.section-1 to None, run_after=None
[2025-09-07T00:10:38.636+0000] {logging_mixin.py:190} INFO - [2025-09-07T00:10:38.636+0000] {dag.py:4180} INFO - Setting next_dagrun for example_subdag_operator.section-2 to None, run_after=None
[2025-09-07T00:10:38.655+0000] {processor.py:208} INFO - Processing /home/airflow/.local/lib/python3.12/site-packages/airflow/example_dags/example_subdag_operator.py took 0.135 seconds
[2025-09-07T00:11:08.772+0000] {processor.py:186} INFO - Started process (PID=5351) to work on /home/airflow/.local/lib/python3.12/site-packages/airflow/example_dags/example_subdag_operator.py
[2025-09-07T00:11:08.773+0000] {processor.py:914} INFO - Processing file /home/airflow/.local/lib/python3.12/site-packages/airflow/example_dags/example_subdag_operator.py for tasks to queue
[2025-09-07T00:11:08.776+0000] {logging_mixin.py:190} INFO - [2025-09-07T00:11:08.775+0000] {dagbag.py:588} INFO - Filling up the DagBag from /home/airflow/.local/lib/python3.12/site-packages/airflow/example_dags/example_subdag_operator.py
[2025-09-07T00:11:08.813+0000] {processor.py:925} INFO - DAG(s) 'example_subdag_operator.section-1', 'example_subdag_operator.section-2', 'example_subdag_operator' retrieved from /home/airflow/.local/lib/python3.12/site-packages/airflow/example_dags/example_subdag_operator.py
[2025-09-07T00:11:08.835+0000] {logging_mixin.py:190} INFO - [2025-09-07T00:11:08.835+0000] {dag.py:3239} INFO - Sync 3 DAGs
[2025-09-07T00:11:08.870+0000] {logging_mixin.py:190} INFO - [2025-09-07T00:11:08.869+0000] {dag.py:4180} INFO - Setting next_dagrun for example_subdag_operator to 2022-01-01 00:00:00+00:00, run_after=2022-01-01 00:00:00+00:00
[2025-09-07T00:11:08.878+0000] {logging_mixin.py:190} INFO - [2025-09-07T00:11:08.877+0000] {dag.py:4180} INFO - Setting next_dagrun for example_subdag_operator.section-1 to None, run_after=None
[2025-09-07T00:11:08.881+0000] {logging_mixin.py:190} INFO - [2025-09-07T00:11:08.880+0000] {dag.py:4180} INFO - Setting next_dagrun for example_subdag_operator.section-2 to None, run_after=None
[2025-09-07T00:11:08.890+0000] {logging_mixin.py:190} INFO - [2025-09-07T00:11:08.890+0000] {dag.py:3239} INFO - Sync 2 DAGs
[2025-09-07T00:11:09.100+0000] {logging_mixin.py:190} INFO - [2025-09-07T00:11:09.099+0000] {dag.py:4180} INFO - Setting next_dagrun for example_subdag_operator.section-1 to None, run_after=None
[2025-09-07T00:11:09.100+0000] {logging_mixin.py:190} INFO - [2025-09-07T00:11:09.100+0000] {dag.py:4180} INFO - Setting next_dagrun for example_subdag_operator.section-2 to None, run_after=None
[2025-09-07T00:11:09.113+0000] {processor.py:208} INFO - Processing /home/airflow/.local/lib/python3.12/site-packages/airflow/example_dags/example_subdag_operator.py took 0.347 seconds
[2025-09-07T00:11:39.505+0000] {processor.py:186} INFO - Started process (PID=5417) to work on /home/airflow/.local/lib/python3.12/site-packages/airflow/example_dags/example_subdag_operator.py
[2025-09-07T00:11:39.507+0000] {processor.py:914} INFO - Processing file /home/airflow/.local/lib/python3.12/site-packages/airflow/example_dags/example_subdag_operator.py for tasks to queue
[2025-09-07T00:11:39.509+0000] {logging_mixin.py:190} INFO - [2025-09-07T00:11:39.508+0000] {dagbag.py:588} INFO - Filling up the DagBag from /home/airflow/.local/lib/python3.12/site-packages/airflow/example_dags/example_subdag_operator.py
[2025-09-07T00:11:39.545+0000] {processor.py:925} INFO - DAG(s) 'example_subdag_operator.section-1', 'example_subdag_operator.section-2', 'example_subdag_operator' retrieved from /home/airflow/.local/lib/python3.12/site-packages/airflow/example_dags/example_subdag_operator.py
[2025-09-07T00:11:39.566+0000] {logging_mixin.py:190} INFO - [2025-09-07T00:11:39.566+0000] {dag.py:3239} INFO - Sync 3 DAGs
[2025-09-07T00:11:39.600+0000] {logging_mixin.py:190} INFO - [2025-09-07T00:11:39.600+0000] {dag.py:4180} INFO - Setting next_dagrun for example_subdag_operator to 2022-01-01 00:00:00+00:00, run_after=2022-01-01 00:00:00+00:00
[2025-09-07T00:11:39.605+0000] {logging_mixin.py:190} INFO - [2025-09-07T00:11:39.605+0000] {dag.py:4180} INFO - Setting next_dagrun for example_subdag_operator.section-1 to None, run_after=None
[2025-09-07T00:11:39.608+0000] {logging_mixin.py:190} INFO - [2025-09-07T00:11:39.607+0000] {dag.py:4180} INFO - Setting next_dagrun for example_subdag_operator.section-2 to None, run_after=None
[2025-09-07T00:11:39.617+0000] {logging_mixin.py:190} INFO - [2025-09-07T00:11:39.617+0000] {dag.py:3239} INFO - Sync 2 DAGs
[2025-09-07T00:11:39.626+0000] {logging_mixin.py:190} INFO - [2025-09-07T00:11:39.625+0000] {dag.py:4180} INFO - Setting next_dagrun for example_subdag_operator.section-1 to None, run_after=None
[2025-09-07T00:11:39.626+0000] {logging_mixin.py:190} INFO - [2025-09-07T00:11:39.626+0000] {dag.py:4180} INFO - Setting next_dagrun for example_subdag_operator.section-2 to None, run_after=None
[2025-09-07T00:11:39.641+0000] {processor.py:208} INFO - Processing /home/airflow/.local/lib/python3.12/site-packages/airflow/example_dags/example_subdag_operator.py took 0.144 seconds
[2025-09-07T00:12:09.733+0000] {processor.py:186} INFO - Started process (PID=5485) to work on /home/airflow/.local/lib/python3.12/site-packages/airflow/example_dags/example_subdag_operator.py
[2025-09-07T00:12:09.735+0000] {processor.py:914} INFO - Processing file /home/airflow/.local/lib/python3.12/site-packages/airflow/example_dags/example_subdag_operator.py for tasks to queue
[2025-09-07T00:12:09.738+0000] {logging_mixin.py:190} INFO - [2025-09-07T00:12:09.737+0000] {dagbag.py:588} INFO - Filling up the DagBag from /home/airflow/.local/lib/python3.12/site-packages/airflow/example_dags/example_subdag_operator.py
[2025-09-07T00:12:09.772+0000] {processor.py:925} INFO - DAG(s) 'example_subdag_operator.section-1', 'example_subdag_operator.section-2', 'example_subdag_operator' retrieved from /home/airflow/.local/lib/python3.12/site-packages/airflow/example_dags/example_subdag_operator.py
[2025-09-07T00:12:09.793+0000] {logging_mixin.py:190} INFO - [2025-09-07T00:12:09.792+0000] {dag.py:3239} INFO - Sync 3 DAGs
[2025-09-07T00:12:09.828+0000] {logging_mixin.py:190} INFO - [2025-09-07T00:12:09.827+0000] {dag.py:4180} INFO - Setting next_dagrun for example_subdag_operator to 2022-01-01 00:00:00+00:00, run_after=2022-01-01 00:00:00+00:00
[2025-09-07T00:12:09.833+0000] {logging_mixin.py:190} INFO - [2025-09-07T00:12:09.833+0000] {dag.py:4180} INFO - Setting next_dagrun for example_subdag_operator.section-1 to None, run_after=None
[2025-09-07T00:12:09.836+0000] {logging_mixin.py:190} INFO - [2025-09-07T00:12:09.835+0000] {dag.py:4180} INFO - Setting next_dagrun for example_subdag_operator.section-2 to None, run_after=None
[2025-09-07T00:12:09.848+0000] {logging_mixin.py:190} INFO - [2025-09-07T00:12:09.847+0000] {dag.py:3239} INFO - Sync 2 DAGs
[2025-09-07T00:12:09.855+0000] {logging_mixin.py:190} INFO - [2025-09-07T00:12:09.855+0000] {dag.py:4180} INFO - Setting next_dagrun for example_subdag_operator.section-1 to None, run_after=None
[2025-09-07T00:12:09.856+0000] {logging_mixin.py:190} INFO - [2025-09-07T00:12:09.856+0000] {dag.py:4180} INFO - Setting next_dagrun for example_subdag_operator.section-2 to None, run_after=None
[2025-09-07T00:12:09.872+0000] {processor.py:208} INFO - Processing /home/airflow/.local/lib/python3.12/site-packages/airflow/example_dags/example_subdag_operator.py took 0.147 seconds
[2025-09-07T00:12:39.925+0000] {processor.py:186} INFO - Started process (PID=5550) to work on /home/airflow/.local/lib/python3.12/site-packages/airflow/example_dags/example_subdag_operator.py
[2025-09-07T00:12:39.928+0000] {processor.py:914} INFO - Processing file /home/airflow/.local/lib/python3.12/site-packages/airflow/example_dags/example_subdag_operator.py for tasks to queue
[2025-09-07T00:12:39.930+0000] {logging_mixin.py:190} INFO - [2025-09-07T00:12:39.929+0000] {dagbag.py:588} INFO - Filling up the DagBag from /home/airflow/.local/lib/python3.12/site-packages/airflow/example_dags/example_subdag_operator.py
[2025-09-07T00:12:39.976+0000] {processor.py:925} INFO - DAG(s) 'example_subdag_operator.section-1', 'example_subdag_operator.section-2', 'example_subdag_operator' retrieved from /home/airflow/.local/lib/python3.12/site-packages/airflow/example_dags/example_subdag_operator.py
[2025-09-07T00:12:40.002+0000] {logging_mixin.py:190} INFO - [2025-09-07T00:12:40.002+0000] {dag.py:3239} INFO - Sync 3 DAGs
[2025-09-07T00:12:40.043+0000] {logging_mixin.py:190} INFO - [2025-09-07T00:12:40.042+0000] {dag.py:4180} INFO - Setting next_dagrun for example_subdag_operator to 2022-01-01 00:00:00+00:00, run_after=2022-01-01 00:00:00+00:00
[2025-09-07T00:12:40.051+0000] {logging_mixin.py:190} INFO - [2025-09-07T00:12:40.051+0000] {dag.py:4180} INFO - Setting next_dagrun for example_subdag_operator.section-1 to None, run_after=None
[2025-09-07T00:12:40.058+0000] {logging_mixin.py:190} INFO - [2025-09-07T00:12:40.058+0000] {dag.py:4180} INFO - Setting next_dagrun for example_subdag_operator.section-2 to None, run_after=None
[2025-09-07T00:12:40.073+0000] {logging_mixin.py:190} INFO - [2025-09-07T00:12:40.072+0000] {dag.py:3239} INFO - Sync 2 DAGs
[2025-09-07T00:12:40.083+0000] {logging_mixin.py:190} INFO - [2025-09-07T00:12:40.082+0000] {dag.py:4180} INFO - Setting next_dagrun for example_subdag_operator.section-1 to None, run_after=None
[2025-09-07T00:12:40.083+0000] {logging_mixin.py:190} INFO - [2025-09-07T00:12:40.083+0000] {dag.py:4180} INFO - Setting next_dagrun for example_subdag_operator.section-2 to None, run_after=None
[2025-09-07T00:12:40.101+0000] {processor.py:208} INFO - Processing /home/airflow/.local/lib/python3.12/site-packages/airflow/example_dags/example_subdag_operator.py took 0.186 seconds
[2025-09-07T00:13:10.950+0000] {processor.py:186} INFO - Started process (PID=5614) to work on /home/airflow/.local/lib/python3.12/site-packages/airflow/example_dags/example_subdag_operator.py
[2025-09-07T00:13:10.951+0000] {processor.py:914} INFO - Processing file /home/airflow/.local/lib/python3.12/site-packages/airflow/example_dags/example_subdag_operator.py for tasks to queue
[2025-09-07T00:13:10.953+0000] {logging_mixin.py:190} INFO - [2025-09-07T00:13:10.952+0000] {dagbag.py:588} INFO - Filling up the DagBag from /home/airflow/.local/lib/python3.12/site-packages/airflow/example_dags/example_subdag_operator.py
[2025-09-07T00:13:10.996+0000] {processor.py:925} INFO - DAG(s) 'example_subdag_operator.section-1', 'example_subdag_operator.section-2', 'example_subdag_operator' retrieved from /home/airflow/.local/lib/python3.12/site-packages/airflow/example_dags/example_subdag_operator.py
[2025-09-07T00:13:11.020+0000] {logging_mixin.py:190} INFO - [2025-09-07T00:13:11.020+0000] {dag.py:3239} INFO - Sync 3 DAGs
[2025-09-07T00:13:11.053+0000] {logging_mixin.py:190} INFO - [2025-09-07T00:13:11.053+0000] {dag.py:4180} INFO - Setting next_dagrun for example_subdag_operator to 2022-01-01 00:00:00+00:00, run_after=2022-01-01 00:00:00+00:00
[2025-09-07T00:13:11.062+0000] {logging_mixin.py:190} INFO - [2025-09-07T00:13:11.062+0000] {dag.py:4180} INFO - Setting next_dagrun for example_subdag_operator.section-1 to None, run_after=None
[2025-09-07T00:13:11.065+0000] {logging_mixin.py:190} INFO - [2025-09-07T00:13:11.064+0000] {dag.py:4180} INFO - Setting next_dagrun for example_subdag_operator.section-2 to None, run_after=None
[2025-09-07T00:13:11.078+0000] {logging_mixin.py:190} INFO - [2025-09-07T00:13:11.078+0000] {dag.py:3239} INFO - Sync 2 DAGs
[2025-09-07T00:13:11.087+0000] {logging_mixin.py:190} INFO - [2025-09-07T00:13:11.087+0000] {dag.py:4180} INFO - Setting next_dagrun for example_subdag_operator.section-1 to None, run_after=None
[2025-09-07T00:13:11.088+0000] {logging_mixin.py:190} INFO - [2025-09-07T00:13:11.087+0000] {dag.py:4180} INFO - Setting next_dagrun for example_subdag_operator.section-2 to None, run_after=None
[2025-09-07T00:13:11.110+0000] {processor.py:208} INFO - Processing /home/airflow/.local/lib/python3.12/site-packages/airflow/example_dags/example_subdag_operator.py took 0.167 seconds
[2025-09-07T00:13:41.902+0000] {processor.py:186} INFO - Started process (PID=5680) to work on /home/airflow/.local/lib/python3.12/site-packages/airflow/example_dags/example_subdag_operator.py
[2025-09-07T00:13:41.904+0000] {processor.py:914} INFO - Processing file /home/airflow/.local/lib/python3.12/site-packages/airflow/example_dags/example_subdag_operator.py for tasks to queue
[2025-09-07T00:13:41.908+0000] {logging_mixin.py:190} INFO - [2025-09-07T00:13:41.907+0000] {dagbag.py:588} INFO - Filling up the DagBag from /home/airflow/.local/lib/python3.12/site-packages/airflow/example_dags/example_subdag_operator.py
[2025-09-07T00:13:41.952+0000] {processor.py:925} INFO - DAG(s) 'example_subdag_operator.section-1', 'example_subdag_operator.section-2', 'example_subdag_operator' retrieved from /home/airflow/.local/lib/python3.12/site-packages/airflow/example_dags/example_subdag_operator.py
[2025-09-07T00:13:41.976+0000] {logging_mixin.py:190} INFO - [2025-09-07T00:13:41.976+0000] {dag.py:3239} INFO - Sync 3 DAGs
[2025-09-07T00:13:42.272+0000] {logging_mixin.py:190} INFO - [2025-09-07T00:13:42.272+0000] {dag.py:4180} INFO - Setting next_dagrun for example_subdag_operator to 2022-01-01 00:00:00+00:00, run_after=2022-01-01 00:00:00+00:00
[2025-09-07T00:13:42.279+0000] {logging_mixin.py:190} INFO - [2025-09-07T00:13:42.279+0000] {dag.py:4180} INFO - Setting next_dagrun for example_subdag_operator.section-1 to None, run_after=None
[2025-09-07T00:13:42.282+0000] {logging_mixin.py:190} INFO - [2025-09-07T00:13:42.281+0000] {dag.py:4180} INFO - Setting next_dagrun for example_subdag_operator.section-2 to None, run_after=None
[2025-09-07T00:13:42.293+0000] {logging_mixin.py:190} INFO - [2025-09-07T00:13:42.292+0000] {dag.py:3239} INFO - Sync 2 DAGs
[2025-09-07T00:13:42.302+0000] {logging_mixin.py:190} INFO - [2025-09-07T00:13:42.301+0000] {dag.py:4180} INFO - Setting next_dagrun for example_subdag_operator.section-1 to None, run_after=None
[2025-09-07T00:13:42.304+0000] {logging_mixin.py:190} INFO - [2025-09-07T00:13:42.304+0000] {dag.py:4180} INFO - Setting next_dagrun for example_subdag_operator.section-2 to None, run_after=None
[2025-09-07T00:13:42.324+0000] {processor.py:208} INFO - Processing /home/airflow/.local/lib/python3.12/site-packages/airflow/example_dags/example_subdag_operator.py took 0.430 seconds
[2025-09-07T00:14:13.219+0000] {processor.py:186} INFO - Started process (PID=5746) to work on /home/airflow/.local/lib/python3.12/site-packages/airflow/example_dags/example_subdag_operator.py
[2025-09-07T00:14:13.220+0000] {processor.py:914} INFO - Processing file /home/airflow/.local/lib/python3.12/site-packages/airflow/example_dags/example_subdag_operator.py for tasks to queue
[2025-09-07T00:14:13.221+0000] {logging_mixin.py:190} INFO - [2025-09-07T00:14:13.221+0000] {dagbag.py:588} INFO - Filling up the DagBag from /home/airflow/.local/lib/python3.12/site-packages/airflow/example_dags/example_subdag_operator.py
[2025-09-07T00:14:13.253+0000] {processor.py:925} INFO - DAG(s) 'example_subdag_operator.section-1', 'example_subdag_operator.section-2', 'example_subdag_operator' retrieved from /home/airflow/.local/lib/python3.12/site-packages/airflow/example_dags/example_subdag_operator.py
[2025-09-07T00:14:13.269+0000] {logging_mixin.py:190} INFO - [2025-09-07T00:14:13.269+0000] {dag.py:3239} INFO - Sync 3 DAGs
[2025-09-07T00:14:13.301+0000] {logging_mixin.py:190} INFO - [2025-09-07T00:14:13.301+0000] {dag.py:4180} INFO - Setting next_dagrun for example_subdag_operator to 2022-01-01 00:00:00+00:00, run_after=2022-01-01 00:00:00+00:00
[2025-09-07T00:14:13.309+0000] {logging_mixin.py:190} INFO - [2025-09-07T00:14:13.309+0000] {dag.py:4180} INFO - Setting next_dagrun for example_subdag_operator.section-1 to None, run_after=None
[2025-09-07T00:14:13.311+0000] {logging_mixin.py:190} INFO - [2025-09-07T00:14:13.311+0000] {dag.py:4180} INFO - Setting next_dagrun for example_subdag_operator.section-2 to None, run_after=None
[2025-09-07T00:14:13.321+0000] {logging_mixin.py:190} INFO - [2025-09-07T00:14:13.321+0000] {dag.py:3239} INFO - Sync 2 DAGs
[2025-09-07T00:14:13.550+0000] {logging_mixin.py:190} INFO - [2025-09-07T00:14:13.550+0000] {dag.py:4180} INFO - Setting next_dagrun for example_subdag_operator.section-1 to None, run_after=None
[2025-09-07T00:14:13.551+0000] {logging_mixin.py:190} INFO - [2025-09-07T00:14:13.551+0000] {dag.py:4180} INFO - Setting next_dagrun for example_subdag_operator.section-2 to None, run_after=None
[2025-09-07T00:14:13.566+0000] {processor.py:208} INFO - Processing /home/airflow/.local/lib/python3.12/site-packages/airflow/example_dags/example_subdag_operator.py took 0.352 seconds
[2025-09-07T00:14:43.978+0000] {processor.py:186} INFO - Started process (PID=5812) to work on /home/airflow/.local/lib/python3.12/site-packages/airflow/example_dags/example_subdag_operator.py
[2025-09-07T00:14:43.979+0000] {processor.py:914} INFO - Processing file /home/airflow/.local/lib/python3.12/site-packages/airflow/example_dags/example_subdag_operator.py for tasks to queue
[2025-09-07T00:14:43.981+0000] {logging_mixin.py:190} INFO - [2025-09-07T00:14:43.981+0000] {dagbag.py:588} INFO - Filling up the DagBag from /home/airflow/.local/lib/python3.12/site-packages/airflow/example_dags/example_subdag_operator.py
[2025-09-07T00:14:44.017+0000] {processor.py:925} INFO - DAG(s) 'example_subdag_operator.section-1', 'example_subdag_operator.section-2', 'example_subdag_operator' retrieved from /home/airflow/.local/lib/python3.12/site-packages/airflow/example_dags/example_subdag_operator.py
[2025-09-07T00:14:44.032+0000] {logging_mixin.py:190} INFO - [2025-09-07T00:14:44.031+0000] {dag.py:3239} INFO - Sync 3 DAGs
[2025-09-07T00:14:44.056+0000] {logging_mixin.py:190} INFO - [2025-09-07T00:14:44.055+0000] {dag.py:4180} INFO - Setting next_dagrun for example_subdag_operator to 2022-01-01 00:00:00+00:00, run_after=2022-01-01 00:00:00+00:00
[2025-09-07T00:14:44.062+0000] {logging_mixin.py:190} INFO - [2025-09-07T00:14:44.062+0000] {dag.py:4180} INFO - Setting next_dagrun for example_subdag_operator.section-1 to None, run_after=None
[2025-09-07T00:14:44.065+0000] {logging_mixin.py:190} INFO - [2025-09-07T00:14:44.065+0000] {dag.py:4180} INFO - Setting next_dagrun for example_subdag_operator.section-2 to None, run_after=None
[2025-09-07T00:14:44.077+0000] {logging_mixin.py:190} INFO - [2025-09-07T00:14:44.077+0000] {dag.py:3239} INFO - Sync 2 DAGs
[2025-09-07T00:14:44.086+0000] {logging_mixin.py:190} INFO - [2025-09-07T00:14:44.085+0000] {dag.py:4180} INFO - Setting next_dagrun for example_subdag_operator.section-1 to None, run_after=None
[2025-09-07T00:14:44.087+0000] {logging_mixin.py:190} INFO - [2025-09-07T00:14:44.087+0000] {dag.py:4180} INFO - Setting next_dagrun for example_subdag_operator.section-2 to None, run_after=None
[2025-09-07T00:14:44.102+0000] {processor.py:208} INFO - Processing /home/airflow/.local/lib/python3.12/site-packages/airflow/example_dags/example_subdag_operator.py took 0.131 seconds
[2025-09-07T00:15:14.152+0000] {processor.py:186} INFO - Started process (PID=5878) to work on /home/airflow/.local/lib/python3.12/site-packages/airflow/example_dags/example_subdag_operator.py
[2025-09-07T00:15:14.153+0000] {processor.py:914} INFO - Processing file /home/airflow/.local/lib/python3.12/site-packages/airflow/example_dags/example_subdag_operator.py for tasks to queue
[2025-09-07T00:15:14.155+0000] {logging_mixin.py:190} INFO - [2025-09-07T00:15:14.154+0000] {dagbag.py:588} INFO - Filling up the DagBag from /home/airflow/.local/lib/python3.12/site-packages/airflow/example_dags/example_subdag_operator.py
[2025-09-07T00:15:14.181+0000] {processor.py:925} INFO - DAG(s) 'example_subdag_operator.section-1', 'example_subdag_operator.section-2', 'example_subdag_operator' retrieved from /home/airflow/.local/lib/python3.12/site-packages/airflow/example_dags/example_subdag_operator.py
[2025-09-07T00:15:14.198+0000] {logging_mixin.py:190} INFO - [2025-09-07T00:15:14.198+0000] {dag.py:3239} INFO - Sync 3 DAGs
[2025-09-07T00:15:14.226+0000] {logging_mixin.py:190} INFO - [2025-09-07T00:15:14.226+0000] {dag.py:4180} INFO - Setting next_dagrun for example_subdag_operator to 2022-01-01 00:00:00+00:00, run_after=2022-01-01 00:00:00+00:00
[2025-09-07T00:15:14.230+0000] {logging_mixin.py:190} INFO - [2025-09-07T00:15:14.230+0000] {dag.py:4180} INFO - Setting next_dagrun for example_subdag_operator.section-1 to None, run_after=None
[2025-09-07T00:15:14.232+0000] {logging_mixin.py:190} INFO - [2025-09-07T00:15:14.232+0000] {dag.py:4180} INFO - Setting next_dagrun for example_subdag_operator.section-2 to None, run_after=None
[2025-09-07T00:15:14.242+0000] {logging_mixin.py:190} INFO - [2025-09-07T00:15:14.242+0000] {dag.py:3239} INFO - Sync 2 DAGs
[2025-09-07T00:15:14.250+0000] {logging_mixin.py:190} INFO - [2025-09-07T00:15:14.249+0000] {dag.py:4180} INFO - Setting next_dagrun for example_subdag_operator.section-1 to None, run_after=None
[2025-09-07T00:15:14.250+0000] {logging_mixin.py:190} INFO - [2025-09-07T00:15:14.250+0000] {dag.py:4180} INFO - Setting next_dagrun for example_subdag_operator.section-2 to None, run_after=None
[2025-09-07T00:15:14.265+0000] {processor.py:208} INFO - Processing /home/airflow/.local/lib/python3.12/site-packages/airflow/example_dags/example_subdag_operator.py took 0.118 seconds
[2025-09-07T00:15:44.715+0000] {processor.py:186} INFO - Started process (PID=5943) to work on /home/airflow/.local/lib/python3.12/site-packages/airflow/example_dags/example_subdag_operator.py
[2025-09-07T00:15:44.716+0000] {processor.py:914} INFO - Processing file /home/airflow/.local/lib/python3.12/site-packages/airflow/example_dags/example_subdag_operator.py for tasks to queue
[2025-09-07T00:15:44.718+0000] {logging_mixin.py:190} INFO - [2025-09-07T00:15:44.718+0000] {dagbag.py:588} INFO - Filling up the DagBag from /home/airflow/.local/lib/python3.12/site-packages/airflow/example_dags/example_subdag_operator.py
[2025-09-07T00:15:44.752+0000] {processor.py:925} INFO - DAG(s) 'example_subdag_operator.section-1', 'example_subdag_operator.section-2', 'example_subdag_operator' retrieved from /home/airflow/.local/lib/python3.12/site-packages/airflow/example_dags/example_subdag_operator.py
[2025-09-07T00:15:44.775+0000] {logging_mixin.py:190} INFO - [2025-09-07T00:15:44.775+0000] {dag.py:3239} INFO - Sync 3 DAGs
[2025-09-07T00:15:44.807+0000] {logging_mixin.py:190} INFO - [2025-09-07T00:15:44.807+0000] {dag.py:4180} INFO - Setting next_dagrun for example_subdag_operator to 2022-01-01 00:00:00+00:00, run_after=2022-01-01 00:00:00+00:00
[2025-09-07T00:15:44.813+0000] {logging_mixin.py:190} INFO - [2025-09-07T00:15:44.813+0000] {dag.py:4180} INFO - Setting next_dagrun for example_subdag_operator.section-1 to None, run_after=None
[2025-09-07T00:15:44.816+0000] {logging_mixin.py:190} INFO - [2025-09-07T00:15:44.815+0000] {dag.py:4180} INFO - Setting next_dagrun for example_subdag_operator.section-2 to None, run_after=None
[2025-09-07T00:15:44.826+0000] {logging_mixin.py:190} INFO - [2025-09-07T00:15:44.826+0000] {dag.py:3239} INFO - Sync 2 DAGs
[2025-09-07T00:15:44.835+0000] {logging_mixin.py:190} INFO - [2025-09-07T00:15:44.834+0000] {dag.py:4180} INFO - Setting next_dagrun for example_subdag_operator.section-1 to None, run_after=None
[2025-09-07T00:15:44.835+0000] {logging_mixin.py:190} INFO - [2025-09-07T00:15:44.835+0000] {dag.py:4180} INFO - Setting next_dagrun for example_subdag_operator.section-2 to None, run_after=None
[2025-09-07T00:15:44.849+0000] {processor.py:208} INFO - Processing /home/airflow/.local/lib/python3.12/site-packages/airflow/example_dags/example_subdag_operator.py took 0.142 seconds
[2025-09-07T00:16:15.390+0000] {processor.py:186} INFO - Started process (PID=6002) to work on /home/airflow/.local/lib/python3.12/site-packages/airflow/example_dags/example_subdag_operator.py
[2025-09-07T00:16:15.392+0000] {processor.py:914} INFO - Processing file /home/airflow/.local/lib/python3.12/site-packages/airflow/example_dags/example_subdag_operator.py for tasks to queue
[2025-09-07T00:16:15.394+0000] {logging_mixin.py:190} INFO - [2025-09-07T00:16:15.394+0000] {dagbag.py:588} INFO - Filling up the DagBag from /home/airflow/.local/lib/python3.12/site-packages/airflow/example_dags/example_subdag_operator.py
[2025-09-07T00:16:15.438+0000] {processor.py:925} INFO - DAG(s) 'example_subdag_operator.section-1', 'example_subdag_operator.section-2', 'example_subdag_operator' retrieved from /home/airflow/.local/lib/python3.12/site-packages/airflow/example_dags/example_subdag_operator.py
[2025-09-07T00:16:15.454+0000] {logging_mixin.py:190} INFO - [2025-09-07T00:16:15.454+0000] {dag.py:3239} INFO - Sync 3 DAGs
[2025-09-07T00:16:15.490+0000] {logging_mixin.py:190} INFO - [2025-09-07T00:16:15.489+0000] {dag.py:4180} INFO - Setting next_dagrun for example_subdag_operator to 2022-01-01 00:00:00+00:00, run_after=2022-01-01 00:00:00+00:00
[2025-09-07T00:16:15.499+0000] {logging_mixin.py:190} INFO - [2025-09-07T00:16:15.498+0000] {dag.py:4180} INFO - Setting next_dagrun for example_subdag_operator.section-1 to None, run_after=None
[2025-09-07T00:16:15.501+0000] {logging_mixin.py:190} INFO - [2025-09-07T00:16:15.501+0000] {dag.py:4180} INFO - Setting next_dagrun for example_subdag_operator.section-2 to None, run_after=None
[2025-09-07T00:16:15.512+0000] {logging_mixin.py:190} INFO - [2025-09-07T00:16:15.512+0000] {dag.py:3239} INFO - Sync 2 DAGs
[2025-09-07T00:16:15.521+0000] {logging_mixin.py:190} INFO - [2025-09-07T00:16:15.521+0000] {dag.py:4180} INFO - Setting next_dagrun for example_subdag_operator.section-1 to None, run_after=None
[2025-09-07T00:16:15.522+0000] {logging_mixin.py:190} INFO - [2025-09-07T00:16:15.522+0000] {dag.py:4180} INFO - Setting next_dagrun for example_subdag_operator.section-2 to None, run_after=None
[2025-09-07T00:16:15.538+0000] {processor.py:208} INFO - Processing /home/airflow/.local/lib/python3.12/site-packages/airflow/example_dags/example_subdag_operator.py took 0.158 seconds
[2025-09-07T00:16:45.927+0000] {processor.py:186} INFO - Started process (PID=6067) to work on /home/airflow/.local/lib/python3.12/site-packages/airflow/example_dags/example_subdag_operator.py
[2025-09-07T00:16:45.928+0000] {processor.py:914} INFO - Processing file /home/airflow/.local/lib/python3.12/site-packages/airflow/example_dags/example_subdag_operator.py for tasks to queue
[2025-09-07T00:16:45.929+0000] {logging_mixin.py:190} INFO - [2025-09-07T00:16:45.929+0000] {dagbag.py:588} INFO - Filling up the DagBag from /home/airflow/.local/lib/python3.12/site-packages/airflow/example_dags/example_subdag_operator.py
[2025-09-07T00:16:45.958+0000] {processor.py:925} INFO - DAG(s) 'example_subdag_operator.section-1', 'example_subdag_operator.section-2', 'example_subdag_operator' retrieved from /home/airflow/.local/lib/python3.12/site-packages/airflow/example_dags/example_subdag_operator.py
[2025-09-07T00:16:45.974+0000] {logging_mixin.py:190} INFO - [2025-09-07T00:16:45.973+0000] {dag.py:3239} INFO - Sync 3 DAGs
[2025-09-07T00:16:46.000+0000] {logging_mixin.py:190} INFO - [2025-09-07T00:16:45.999+0000] {dag.py:4180} INFO - Setting next_dagrun for example_subdag_operator to 2022-01-01 00:00:00+00:00, run_after=2022-01-01 00:00:00+00:00
[2025-09-07T00:16:46.005+0000] {logging_mixin.py:190} INFO - [2025-09-07T00:16:46.005+0000] {dag.py:4180} INFO - Setting next_dagrun for example_subdag_operator.section-1 to None, run_after=None
[2025-09-07T00:16:46.008+0000] {logging_mixin.py:190} INFO - [2025-09-07T00:16:46.008+0000] {dag.py:4180} INFO - Setting next_dagrun for example_subdag_operator.section-2 to None, run_after=None
[2025-09-07T00:16:46.018+0000] {logging_mixin.py:190} INFO - [2025-09-07T00:16:46.017+0000] {dag.py:3239} INFO - Sync 2 DAGs
[2025-09-07T00:16:46.024+0000] {logging_mixin.py:190} INFO - [2025-09-07T00:16:46.024+0000] {dag.py:4180} INFO - Setting next_dagrun for example_subdag_operator.section-1 to None, run_after=None
[2025-09-07T00:16:46.025+0000] {logging_mixin.py:190} INFO - [2025-09-07T00:16:46.025+0000] {dag.py:4180} INFO - Setting next_dagrun for example_subdag_operator.section-2 to None, run_after=None
[2025-09-07T00:16:46.039+0000] {processor.py:208} INFO - Processing /home/airflow/.local/lib/python3.12/site-packages/airflow/example_dags/example_subdag_operator.py took 0.118 seconds
[2025-09-07T00:17:16.674+0000] {processor.py:186} INFO - Started process (PID=6133) to work on /home/airflow/.local/lib/python3.12/site-packages/airflow/example_dags/example_subdag_operator.py
[2025-09-07T00:17:16.675+0000] {processor.py:914} INFO - Processing file /home/airflow/.local/lib/python3.12/site-packages/airflow/example_dags/example_subdag_operator.py for tasks to queue
[2025-09-07T00:17:16.678+0000] {logging_mixin.py:190} INFO - [2025-09-07T00:17:16.677+0000] {dagbag.py:588} INFO - Filling up the DagBag from /home/airflow/.local/lib/python3.12/site-packages/airflow/example_dags/example_subdag_operator.py
[2025-09-07T00:17:16.715+0000] {processor.py:925} INFO - DAG(s) 'example_subdag_operator.section-1', 'example_subdag_operator.section-2', 'example_subdag_operator' retrieved from /home/airflow/.local/lib/python3.12/site-packages/airflow/example_dags/example_subdag_operator.py
[2025-09-07T00:17:16.730+0000] {logging_mixin.py:190} INFO - [2025-09-07T00:17:16.730+0000] {dag.py:3239} INFO - Sync 3 DAGs
[2025-09-07T00:17:16.757+0000] {logging_mixin.py:190} INFO - [2025-09-07T00:17:16.756+0000] {dag.py:4180} INFO - Setting next_dagrun for example_subdag_operator to 2022-01-01 00:00:00+00:00, run_after=2022-01-01 00:00:00+00:00
[2025-09-07T00:17:16.761+0000] {logging_mixin.py:190} INFO - [2025-09-07T00:17:16.760+0000] {dag.py:4180} INFO - Setting next_dagrun for example_subdag_operator.section-1 to None, run_after=None
[2025-09-07T00:17:16.763+0000] {logging_mixin.py:190} INFO - [2025-09-07T00:17:16.763+0000] {dag.py:4180} INFO - Setting next_dagrun for example_subdag_operator.section-2 to None, run_after=None
[2025-09-07T00:17:16.773+0000] {logging_mixin.py:190} INFO - [2025-09-07T00:17:16.772+0000] {dag.py:3239} INFO - Sync 2 DAGs
[2025-09-07T00:17:16.783+0000] {logging_mixin.py:190} INFO - [2025-09-07T00:17:16.782+0000] {dag.py:4180} INFO - Setting next_dagrun for example_subdag_operator.section-1 to None, run_after=None
[2025-09-07T00:17:16.783+0000] {logging_mixin.py:190} INFO - [2025-09-07T00:17:16.783+0000] {dag.py:4180} INFO - Setting next_dagrun for example_subdag_operator.section-2 to None, run_after=None
[2025-09-07T00:17:16.799+0000] {processor.py:208} INFO - Processing /home/airflow/.local/lib/python3.12/site-packages/airflow/example_dags/example_subdag_operator.py took 0.134 seconds
[2025-09-07T00:17:47.289+0000] {processor.py:186} INFO - Started process (PID=6199) to work on /home/airflow/.local/lib/python3.12/site-packages/airflow/example_dags/example_subdag_operator.py
[2025-09-07T00:17:47.290+0000] {processor.py:914} INFO - Processing file /home/airflow/.local/lib/python3.12/site-packages/airflow/example_dags/example_subdag_operator.py for tasks to queue
[2025-09-07T00:17:47.292+0000] {logging_mixin.py:190} INFO - [2025-09-07T00:17:47.291+0000] {dagbag.py:588} INFO - Filling up the DagBag from /home/airflow/.local/lib/python3.12/site-packages/airflow/example_dags/example_subdag_operator.py
[2025-09-07T00:17:47.326+0000] {processor.py:925} INFO - DAG(s) 'example_subdag_operator.section-1', 'example_subdag_operator.section-2', 'example_subdag_operator' retrieved from /home/airflow/.local/lib/python3.12/site-packages/airflow/example_dags/example_subdag_operator.py
[2025-09-07T00:17:47.346+0000] {logging_mixin.py:190} INFO - [2025-09-07T00:17:47.345+0000] {dag.py:3239} INFO - Sync 3 DAGs
[2025-09-07T00:17:47.379+0000] {logging_mixin.py:190} INFO - [2025-09-07T00:17:47.379+0000] {dag.py:4180} INFO - Setting next_dagrun for example_subdag_operator to 2022-01-01 00:00:00+00:00, run_after=2022-01-01 00:00:00+00:00
[2025-09-07T00:17:47.385+0000] {logging_mixin.py:190} INFO - [2025-09-07T00:17:47.384+0000] {dag.py:4180} INFO - Setting next_dagrun for example_subdag_operator.section-1 to None, run_after=None
[2025-09-07T00:17:47.387+0000] {logging_mixin.py:190} INFO - [2025-09-07T00:17:47.386+0000] {dag.py:4180} INFO - Setting next_dagrun for example_subdag_operator.section-2 to None, run_after=None
[2025-09-07T00:17:47.398+0000] {logging_mixin.py:190} INFO - [2025-09-07T00:17:47.398+0000] {dag.py:3239} INFO - Sync 2 DAGs
[2025-09-07T00:17:47.407+0000] {logging_mixin.py:190} INFO - [2025-09-07T00:17:47.407+0000] {dag.py:4180} INFO - Setting next_dagrun for example_subdag_operator.section-1 to None, run_after=None
[2025-09-07T00:17:47.408+0000] {logging_mixin.py:190} INFO - [2025-09-07T00:17:47.407+0000] {dag.py:4180} INFO - Setting next_dagrun for example_subdag_operator.section-2 to None, run_after=None
[2025-09-07T00:17:47.424+0000] {processor.py:208} INFO - Processing /home/airflow/.local/lib/python3.12/site-packages/airflow/example_dags/example_subdag_operator.py took 0.144 seconds
[2025-09-07T00:18:18.039+0000] {processor.py:186} INFO - Started process (PID=6265) to work on /home/airflow/.local/lib/python3.12/site-packages/airflow/example_dags/example_subdag_operator.py
[2025-09-07T00:18:18.041+0000] {processor.py:914} INFO - Processing file /home/airflow/.local/lib/python3.12/site-packages/airflow/example_dags/example_subdag_operator.py for tasks to queue
[2025-09-07T00:18:18.044+0000] {logging_mixin.py:190} INFO - [2025-09-07T00:18:18.043+0000] {dagbag.py:588} INFO - Filling up the DagBag from /home/airflow/.local/lib/python3.12/site-packages/airflow/example_dags/example_subdag_operator.py
[2025-09-07T00:18:18.074+0000] {processor.py:925} INFO - DAG(s) 'example_subdag_operator.section-1', 'example_subdag_operator.section-2', 'example_subdag_operator' retrieved from /home/airflow/.local/lib/python3.12/site-packages/airflow/example_dags/example_subdag_operator.py
[2025-09-07T00:18:18.089+0000] {logging_mixin.py:190} INFO - [2025-09-07T00:18:18.088+0000] {dag.py:3239} INFO - Sync 3 DAGs
[2025-09-07T00:18:18.113+0000] {logging_mixin.py:190} INFO - [2025-09-07T00:18:18.113+0000] {dag.py:4180} INFO - Setting next_dagrun for example_subdag_operator to 2022-01-01 00:00:00+00:00, run_after=2022-01-01 00:00:00+00:00
[2025-09-07T00:18:18.123+0000] {logging_mixin.py:190} INFO - [2025-09-07T00:18:18.122+0000] {dag.py:4180} INFO - Setting next_dagrun for example_subdag_operator.section-1 to None, run_after=None
[2025-09-07T00:18:18.125+0000] {logging_mixin.py:190} INFO - [2025-09-07T00:18:18.125+0000] {dag.py:4180} INFO - Setting next_dagrun for example_subdag_operator.section-2 to None, run_after=None
[2025-09-07T00:18:18.136+0000] {logging_mixin.py:190} INFO - [2025-09-07T00:18:18.135+0000] {dag.py:3239} INFO - Sync 2 DAGs
[2025-09-07T00:18:18.145+0000] {logging_mixin.py:190} INFO - [2025-09-07T00:18:18.144+0000] {dag.py:4180} INFO - Setting next_dagrun for example_subdag_operator.section-1 to None, run_after=None
[2025-09-07T00:18:18.145+0000] {logging_mixin.py:190} INFO - [2025-09-07T00:18:18.145+0000] {dag.py:4180} INFO - Setting next_dagrun for example_subdag_operator.section-2 to None, run_after=None
[2025-09-07T00:18:18.160+0000] {processor.py:208} INFO - Processing /home/airflow/.local/lib/python3.12/site-packages/airflow/example_dags/example_subdag_operator.py took 0.127 seconds
[2025-09-07T00:18:48.887+0000] {processor.py:186} INFO - Started process (PID=6331) to work on /home/airflow/.local/lib/python3.12/site-packages/airflow/example_dags/example_subdag_operator.py
[2025-09-07T00:18:48.889+0000] {processor.py:914} INFO - Processing file /home/airflow/.local/lib/python3.12/site-packages/airflow/example_dags/example_subdag_operator.py for tasks to queue
[2025-09-07T00:18:48.893+0000] {logging_mixin.py:190} INFO - [2025-09-07T00:18:48.892+0000] {dagbag.py:588} INFO - Filling up the DagBag from /home/airflow/.local/lib/python3.12/site-packages/airflow/example_dags/example_subdag_operator.py
[2025-09-07T00:18:48.932+0000] {processor.py:925} INFO - DAG(s) 'example_subdag_operator.section-1', 'example_subdag_operator.section-2', 'example_subdag_operator' retrieved from /home/airflow/.local/lib/python3.12/site-packages/airflow/example_dags/example_subdag_operator.py
[2025-09-07T00:18:48.953+0000] {logging_mixin.py:190} INFO - [2025-09-07T00:18:48.953+0000] {dag.py:3239} INFO - Sync 3 DAGs
[2025-09-07T00:18:48.988+0000] {logging_mixin.py:190} INFO - [2025-09-07T00:18:48.988+0000] {dag.py:4180} INFO - Setting next_dagrun for example_subdag_operator to 2022-01-01 00:00:00+00:00, run_after=2022-01-01 00:00:00+00:00
[2025-09-07T00:18:48.993+0000] {logging_mixin.py:190} INFO - [2025-09-07T00:18:48.993+0000] {dag.py:4180} INFO - Setting next_dagrun for example_subdag_operator.section-1 to None, run_after=None
[2025-09-07T00:18:48.995+0000] {logging_mixin.py:190} INFO - [2025-09-07T00:18:48.994+0000] {dag.py:4180} INFO - Setting next_dagrun for example_subdag_operator.section-2 to None, run_after=None
[2025-09-07T00:18:49.002+0000] {logging_mixin.py:190} INFO - [2025-09-07T00:18:49.001+0000] {dag.py:3239} INFO - Sync 2 DAGs
[2025-09-07T00:18:49.010+0000] {logging_mixin.py:190} INFO - [2025-09-07T00:18:49.010+0000] {dag.py:4180} INFO - Setting next_dagrun for example_subdag_operator.section-1 to None, run_after=None
[2025-09-07T00:18:49.012+0000] {logging_mixin.py:190} INFO - [2025-09-07T00:18:49.011+0000] {dag.py:4180} INFO - Setting next_dagrun for example_subdag_operator.section-2 to None, run_after=None
[2025-09-07T00:18:49.023+0000] {processor.py:208} INFO - Processing /home/airflow/.local/lib/python3.12/site-packages/airflow/example_dags/example_subdag_operator.py took 0.145 seconds
[2025-09-07T00:19:19.456+0000] {processor.py:186} INFO - Started process (PID=6396) to work on /home/airflow/.local/lib/python3.12/site-packages/airflow/example_dags/example_subdag_operator.py
[2025-09-07T00:19:19.458+0000] {processor.py:914} INFO - Processing file /home/airflow/.local/lib/python3.12/site-packages/airflow/example_dags/example_subdag_operator.py for tasks to queue
[2025-09-07T00:19:19.460+0000] {logging_mixin.py:190} INFO - [2025-09-07T00:19:19.460+0000] {dagbag.py:588} INFO - Filling up the DagBag from /home/airflow/.local/lib/python3.12/site-packages/airflow/example_dags/example_subdag_operator.py
[2025-09-07T00:19:19.498+0000] {processor.py:925} INFO - DAG(s) 'example_subdag_operator.section-1', 'example_subdag_operator.section-2', 'example_subdag_operator' retrieved from /home/airflow/.local/lib/python3.12/site-packages/airflow/example_dags/example_subdag_operator.py
[2025-09-07T00:19:19.520+0000] {logging_mixin.py:190} INFO - [2025-09-07T00:19:19.519+0000] {dag.py:3239} INFO - Sync 3 DAGs
[2025-09-07T00:19:19.556+0000] {logging_mixin.py:190} INFO - [2025-09-07T00:19:19.555+0000] {dag.py:4180} INFO - Setting next_dagrun for example_subdag_operator to 2022-01-01 00:00:00+00:00, run_after=2022-01-01 00:00:00+00:00
[2025-09-07T00:19:19.561+0000] {logging_mixin.py:190} INFO - [2025-09-07T00:19:19.561+0000] {dag.py:4180} INFO - Setting next_dagrun for example_subdag_operator.section-1 to None, run_after=None
[2025-09-07T00:19:19.565+0000] {logging_mixin.py:190} INFO - [2025-09-07T00:19:19.565+0000] {dag.py:4180} INFO - Setting next_dagrun for example_subdag_operator.section-2 to None, run_after=None
[2025-09-07T00:19:19.576+0000] {logging_mixin.py:190} INFO - [2025-09-07T00:19:19.576+0000] {dag.py:3239} INFO - Sync 2 DAGs
[2025-09-07T00:19:19.585+0000] {logging_mixin.py:190} INFO - [2025-09-07T00:19:19.585+0000] {dag.py:4180} INFO - Setting next_dagrun for example_subdag_operator.section-1 to None, run_after=None
[2025-09-07T00:19:19.586+0000] {logging_mixin.py:190} INFO - [2025-09-07T00:19:19.586+0000] {dag.py:4180} INFO - Setting next_dagrun for example_subdag_operator.section-2 to None, run_after=None
[2025-09-07T00:19:19.603+0000] {processor.py:208} INFO - Processing /home/airflow/.local/lib/python3.12/site-packages/airflow/example_dags/example_subdag_operator.py took 0.157 seconds
[2025-09-07T00:19:50.321+0000] {processor.py:186} INFO - Started process (PID=6462) to work on /home/airflow/.local/lib/python3.12/site-packages/airflow/example_dags/example_subdag_operator.py
[2025-09-07T00:19:50.322+0000] {processor.py:914} INFO - Processing file /home/airflow/.local/lib/python3.12/site-packages/airflow/example_dags/example_subdag_operator.py for tasks to queue
[2025-09-07T00:19:50.325+0000] {logging_mixin.py:190} INFO - [2025-09-07T00:19:50.324+0000] {dagbag.py:588} INFO - Filling up the DagBag from /home/airflow/.local/lib/python3.12/site-packages/airflow/example_dags/example_subdag_operator.py
[2025-09-07T00:19:50.357+0000] {processor.py:925} INFO - DAG(s) 'example_subdag_operator.section-1', 'example_subdag_operator.section-2', 'example_subdag_operator' retrieved from /home/airflow/.local/lib/python3.12/site-packages/airflow/example_dags/example_subdag_operator.py
[2025-09-07T00:19:50.381+0000] {logging_mixin.py:190} INFO - [2025-09-07T00:19:50.380+0000] {dag.py:3239} INFO - Sync 3 DAGs
[2025-09-07T00:19:50.420+0000] {logging_mixin.py:190} INFO - [2025-09-07T00:19:50.420+0000] {dag.py:4180} INFO - Setting next_dagrun for example_subdag_operator to 2022-01-01 00:00:00+00:00, run_after=2022-01-01 00:00:00+00:00
[2025-09-07T00:19:50.426+0000] {logging_mixin.py:190} INFO - [2025-09-07T00:19:50.426+0000] {dag.py:4180} INFO - Setting next_dagrun for example_subdag_operator.section-1 to None, run_after=None
[2025-09-07T00:19:50.428+0000] {logging_mixin.py:190} INFO - [2025-09-07T00:19:50.428+0000] {dag.py:4180} INFO - Setting next_dagrun for example_subdag_operator.section-2 to None, run_after=None
[2025-09-07T00:19:50.436+0000] {logging_mixin.py:190} INFO - [2025-09-07T00:19:50.436+0000] {dag.py:3239} INFO - Sync 2 DAGs
[2025-09-07T00:19:50.444+0000] {logging_mixin.py:190} INFO - [2025-09-07T00:19:50.443+0000] {dag.py:4180} INFO - Setting next_dagrun for example_subdag_operator.section-1 to None, run_after=None
[2025-09-07T00:19:50.445+0000] {logging_mixin.py:190} INFO - [2025-09-07T00:19:50.445+0000] {dag.py:4180} INFO - Setting next_dagrun for example_subdag_operator.section-2 to None, run_after=None
[2025-09-07T00:19:50.458+0000] {processor.py:208} INFO - Processing /home/airflow/.local/lib/python3.12/site-packages/airflow/example_dags/example_subdag_operator.py took 0.147 seconds
[2025-09-07T00:20:21.058+0000] {processor.py:186} INFO - Started process (PID=6528) to work on /home/airflow/.local/lib/python3.12/site-packages/airflow/example_dags/example_subdag_operator.py
[2025-09-07T00:20:21.059+0000] {processor.py:914} INFO - Processing file /home/airflow/.local/lib/python3.12/site-packages/airflow/example_dags/example_subdag_operator.py for tasks to queue
[2025-09-07T00:20:21.062+0000] {logging_mixin.py:190} INFO - [2025-09-07T00:20:21.061+0000] {dagbag.py:588} INFO - Filling up the DagBag from /home/airflow/.local/lib/python3.12/site-packages/airflow/example_dags/example_subdag_operator.py
[2025-09-07T00:20:21.099+0000] {processor.py:925} INFO - DAG(s) 'example_subdag_operator.section-1', 'example_subdag_operator.section-2', 'example_subdag_operator' retrieved from /home/airflow/.local/lib/python3.12/site-packages/airflow/example_dags/example_subdag_operator.py
[2025-09-07T00:20:21.122+0000] {logging_mixin.py:190} INFO - [2025-09-07T00:20:21.121+0000] {dag.py:3239} INFO - Sync 3 DAGs
[2025-09-07T00:20:21.157+0000] {logging_mixin.py:190} INFO - [2025-09-07T00:20:21.157+0000] {dag.py:4180} INFO - Setting next_dagrun for example_subdag_operator to 2022-01-01 00:00:00+00:00, run_after=2022-01-01 00:00:00+00:00
[2025-09-07T00:20:21.164+0000] {logging_mixin.py:190} INFO - [2025-09-07T00:20:21.164+0000] {dag.py:4180} INFO - Setting next_dagrun for example_subdag_operator.section-1 to None, run_after=None
[2025-09-07T00:20:21.167+0000] {logging_mixin.py:190} INFO - [2025-09-07T00:20:21.166+0000] {dag.py:4180} INFO - Setting next_dagrun for example_subdag_operator.section-2 to None, run_after=None
[2025-09-07T00:20:21.177+0000] {logging_mixin.py:190} INFO - [2025-09-07T00:20:21.177+0000] {dag.py:3239} INFO - Sync 2 DAGs
[2025-09-07T00:20:21.186+0000] {logging_mixin.py:190} INFO - [2025-09-07T00:20:21.186+0000] {dag.py:4180} INFO - Setting next_dagrun for example_subdag_operator.section-1 to None, run_after=None
[2025-09-07T00:20:21.187+0000] {logging_mixin.py:190} INFO - [2025-09-07T00:20:21.187+0000] {dag.py:4180} INFO - Setting next_dagrun for example_subdag_operator.section-2 to None, run_after=None
[2025-09-07T00:20:21.205+0000] {processor.py:208} INFO - Processing /home/airflow/.local/lib/python3.12/site-packages/airflow/example_dags/example_subdag_operator.py took 0.157 seconds
