[2025-09-07T00:00:01.361+0000] {processor.py:186} INFO - Started process (PID=3951) to work on /home/airflow/.local/lib/python3.12/site-packages/airflow/example_dags/tutorial_taskflow_templates.py
[2025-09-07T00:00:01.363+0000] {processor.py:914} INFO - Processing file /home/airflow/.local/lib/python3.12/site-packages/airflow/example_dags/tutorial_taskflow_templates.py for tasks to queue
[2025-09-07T00:00:01.366+0000] {logging_mixin.py:190} INFO - [2025-09-07T00:00:01.365+0000] {dagbag.py:588} INFO - Filling up the DagBag from /home/airflow/.local/lib/python3.12/site-packages/airflow/example_dags/tutorial_taskflow_templates.py
[2025-09-07T00:00:01.388+0000] {processor.py:925} INFO - DAG(s) 'tutorial_taskflow_templates' retrieved from /home/airflow/.local/lib/python3.12/site-packages/airflow/example_dags/tutorial_taskflow_templates.py
[2025-09-07T00:00:01.413+0000] {logging_mixin.py:190} INFO - [2025-09-07T00:00:01.412+0000] {dag.py:3239} INFO - Sync 1 DAGs
[2025-09-07T00:00:01.435+0000] {logging_mixin.py:190} INFO - [2025-09-07T00:00:01.435+0000] {dag.py:4180} INFO - Setting next_dagrun for tutorial_taskflow_templates to 2025-09-06 00:00:00+00:00, run_after=2025-09-07 00:00:00+00:00
[2025-09-07T00:00:01.460+0000] {processor.py:208} INFO - Processing /home/airflow/.local/lib/python3.12/site-packages/airflow/example_dags/tutorial_taskflow_templates.py took 0.105 seconds
[2025-09-07T00:00:31.580+0000] {processor.py:186} INFO - Started process (PID=4017) to work on /home/airflow/.local/lib/python3.12/site-packages/airflow/example_dags/tutorial_taskflow_templates.py
[2025-09-07T00:00:31.581+0000] {processor.py:914} INFO - Processing file /home/airflow/.local/lib/python3.12/site-packages/airflow/example_dags/tutorial_taskflow_templates.py for tasks to queue
[2025-09-07T00:00:31.583+0000] {logging_mixin.py:190} INFO - [2025-09-07T00:00:31.582+0000] {dagbag.py:588} INFO - Filling up the DagBag from /home/airflow/.local/lib/python3.12/site-packages/airflow/example_dags/tutorial_taskflow_templates.py
[2025-09-07T00:00:31.597+0000] {processor.py:925} INFO - DAG(s) 'tutorial_taskflow_templates' retrieved from /home/airflow/.local/lib/python3.12/site-packages/airflow/example_dags/tutorial_taskflow_templates.py
[2025-09-07T00:00:31.624+0000] {logging_mixin.py:190} INFO - [2025-09-07T00:00:31.624+0000] {dag.py:3239} INFO - Sync 1 DAGs
[2025-09-07T00:00:31.662+0000] {logging_mixin.py:190} INFO - [2025-09-07T00:00:31.661+0000] {dag.py:4180} INFO - Setting next_dagrun for tutorial_taskflow_templates to 2025-09-06 00:00:00+00:00, run_after=2025-09-07 00:00:00+00:00
[2025-09-07T00:00:31.680+0000] {processor.py:208} INFO - Processing /home/airflow/.local/lib/python3.12/site-packages/airflow/example_dags/tutorial_taskflow_templates.py took 0.105 seconds
[2025-09-07T00:01:02.201+0000] {processor.py:186} INFO - Started process (PID=4075) to work on /home/airflow/.local/lib/python3.12/site-packages/airflow/example_dags/tutorial_taskflow_templates.py
[2025-09-07T00:01:02.203+0000] {processor.py:914} INFO - Processing file /home/airflow/.local/lib/python3.12/site-packages/airflow/example_dags/tutorial_taskflow_templates.py for tasks to queue
[2025-09-07T00:01:02.205+0000] {logging_mixin.py:190} INFO - [2025-09-07T00:01:02.204+0000] {dagbag.py:588} INFO - Filling up the DagBag from /home/airflow/.local/lib/python3.12/site-packages/airflow/example_dags/tutorial_taskflow_templates.py
[2025-09-07T00:01:02.227+0000] {processor.py:925} INFO - DAG(s) 'tutorial_taskflow_templates' retrieved from /home/airflow/.local/lib/python3.12/site-packages/airflow/example_dags/tutorial_taskflow_templates.py
[2025-09-07T00:01:02.256+0000] {logging_mixin.py:190} INFO - [2025-09-07T00:01:02.256+0000] {dag.py:3239} INFO - Sync 1 DAGs
[2025-09-07T00:01:02.293+0000] {logging_mixin.py:190} INFO - [2025-09-07T00:01:02.293+0000] {dag.py:4180} INFO - Setting next_dagrun for tutorial_taskflow_templates to 2025-09-06 00:00:00+00:00, run_after=2025-09-07 00:00:00+00:00
[2025-09-07T00:01:02.320+0000] {processor.py:208} INFO - Processing /home/airflow/.local/lib/python3.12/site-packages/airflow/example_dags/tutorial_taskflow_templates.py took 0.128 seconds
[2025-09-07T00:01:32.400+0000] {processor.py:186} INFO - Started process (PID=4141) to work on /home/airflow/.local/lib/python3.12/site-packages/airflow/example_dags/tutorial_taskflow_templates.py
[2025-09-07T00:01:32.401+0000] {processor.py:914} INFO - Processing file /home/airflow/.local/lib/python3.12/site-packages/airflow/example_dags/tutorial_taskflow_templates.py for tasks to queue
[2025-09-07T00:01:32.403+0000] {logging_mixin.py:190} INFO - [2025-09-07T00:01:32.403+0000] {dagbag.py:588} INFO - Filling up the DagBag from /home/airflow/.local/lib/python3.12/site-packages/airflow/example_dags/tutorial_taskflow_templates.py
[2025-09-07T00:01:32.423+0000] {processor.py:925} INFO - DAG(s) 'tutorial_taskflow_templates' retrieved from /home/airflow/.local/lib/python3.12/site-packages/airflow/example_dags/tutorial_taskflow_templates.py
[2025-09-07T00:01:32.442+0000] {logging_mixin.py:190} INFO - [2025-09-07T00:01:32.442+0000] {dag.py:3239} INFO - Sync 1 DAGs
[2025-09-07T00:01:32.473+0000] {logging_mixin.py:190} INFO - [2025-09-07T00:01:32.473+0000] {dag.py:4180} INFO - Setting next_dagrun for tutorial_taskflow_templates to 2025-09-06 00:00:00+00:00, run_after=2025-09-07 00:00:00+00:00
[2025-09-07T00:01:32.499+0000] {processor.py:208} INFO - Processing /home/airflow/.local/lib/python3.12/site-packages/airflow/example_dags/tutorial_taskflow_templates.py took 0.107 seconds
[2025-09-07T00:02:03.292+0000] {processor.py:186} INFO - Started process (PID=4206) to work on /home/airflow/.local/lib/python3.12/site-packages/airflow/example_dags/tutorial_taskflow_templates.py
[2025-09-07T00:02:03.295+0000] {processor.py:914} INFO - Processing file /home/airflow/.local/lib/python3.12/site-packages/airflow/example_dags/tutorial_taskflow_templates.py for tasks to queue
[2025-09-07T00:02:03.298+0000] {logging_mixin.py:190} INFO - [2025-09-07T00:02:03.298+0000] {dagbag.py:588} INFO - Filling up the DagBag from /home/airflow/.local/lib/python3.12/site-packages/airflow/example_dags/tutorial_taskflow_templates.py
[2025-09-07T00:02:03.318+0000] {processor.py:925} INFO - DAG(s) 'tutorial_taskflow_templates' retrieved from /home/airflow/.local/lib/python3.12/site-packages/airflow/example_dags/tutorial_taskflow_templates.py
[2025-09-07T00:02:03.346+0000] {logging_mixin.py:190} INFO - [2025-09-07T00:02:03.346+0000] {dag.py:3239} INFO - Sync 1 DAGs
[2025-09-07T00:02:03.380+0000] {logging_mixin.py:190} INFO - [2025-09-07T00:02:03.380+0000] {dag.py:4180} INFO - Setting next_dagrun for tutorial_taskflow_templates to 2025-09-06 00:00:00+00:00, run_after=2025-09-07 00:00:00+00:00
[2025-09-07T00:02:03.403+0000] {processor.py:208} INFO - Processing /home/airflow/.local/lib/python3.12/site-packages/airflow/example_dags/tutorial_taskflow_templates.py took 0.119 seconds
[2025-09-07T00:02:34.178+0000] {processor.py:186} INFO - Started process (PID=4272) to work on /home/airflow/.local/lib/python3.12/site-packages/airflow/example_dags/tutorial_taskflow_templates.py
[2025-09-07T00:02:34.180+0000] {processor.py:914} INFO - Processing file /home/airflow/.local/lib/python3.12/site-packages/airflow/example_dags/tutorial_taskflow_templates.py for tasks to queue
[2025-09-07T00:02:34.183+0000] {logging_mixin.py:190} INFO - [2025-09-07T00:02:34.182+0000] {dagbag.py:588} INFO - Filling up the DagBag from /home/airflow/.local/lib/python3.12/site-packages/airflow/example_dags/tutorial_taskflow_templates.py
[2025-09-07T00:02:34.202+0000] {processor.py:925} INFO - DAG(s) 'tutorial_taskflow_templates' retrieved from /home/airflow/.local/lib/python3.12/site-packages/airflow/example_dags/tutorial_taskflow_templates.py
[2025-09-07T00:02:34.235+0000] {logging_mixin.py:190} INFO - [2025-09-07T00:02:34.235+0000] {dag.py:3239} INFO - Sync 1 DAGs
[2025-09-07T00:02:34.274+0000] {logging_mixin.py:190} INFO - [2025-09-07T00:02:34.274+0000] {dag.py:4180} INFO - Setting next_dagrun for tutorial_taskflow_templates to 2025-09-06 00:00:00+00:00, run_after=2025-09-07 00:00:00+00:00
[2025-09-07T00:02:34.303+0000] {processor.py:208} INFO - Processing /home/airflow/.local/lib/python3.12/site-packages/airflow/example_dags/tutorial_taskflow_templates.py took 0.134 seconds
[2025-09-07T00:03:04.994+0000] {processor.py:186} INFO - Started process (PID=4338) to work on /home/airflow/.local/lib/python3.12/site-packages/airflow/example_dags/tutorial_taskflow_templates.py
[2025-09-07T00:03:04.996+0000] {processor.py:914} INFO - Processing file /home/airflow/.local/lib/python3.12/site-packages/airflow/example_dags/tutorial_taskflow_templates.py for tasks to queue
[2025-09-07T00:03:04.998+0000] {logging_mixin.py:190} INFO - [2025-09-07T00:03:04.998+0000] {dagbag.py:588} INFO - Filling up the DagBag from /home/airflow/.local/lib/python3.12/site-packages/airflow/example_dags/tutorial_taskflow_templates.py
[2025-09-07T00:03:05.020+0000] {processor.py:925} INFO - DAG(s) 'tutorial_taskflow_templates' retrieved from /home/airflow/.local/lib/python3.12/site-packages/airflow/example_dags/tutorial_taskflow_templates.py
[2025-09-07T00:03:05.046+0000] {logging_mixin.py:190} INFO - [2025-09-07T00:03:05.046+0000] {dag.py:3239} INFO - Sync 1 DAGs
[2025-09-07T00:03:05.081+0000] {logging_mixin.py:190} INFO - [2025-09-07T00:03:05.080+0000] {dag.py:4180} INFO - Setting next_dagrun for tutorial_taskflow_templates to 2025-09-06 00:00:00+00:00, run_after=2025-09-07 00:00:00+00:00
[2025-09-07T00:03:05.105+0000] {processor.py:208} INFO - Processing /home/airflow/.local/lib/python3.12/site-packages/airflow/example_dags/tutorial_taskflow_templates.py took 0.119 seconds
[2025-09-07T00:03:35.732+0000] {processor.py:186} INFO - Started process (PID=4404) to work on /home/airflow/.local/lib/python3.12/site-packages/airflow/example_dags/tutorial_taskflow_templates.py
[2025-09-07T00:03:35.733+0000] {processor.py:914} INFO - Processing file /home/airflow/.local/lib/python3.12/site-packages/airflow/example_dags/tutorial_taskflow_templates.py for tasks to queue
[2025-09-07T00:03:35.735+0000] {logging_mixin.py:190} INFO - [2025-09-07T00:03:35.734+0000] {dagbag.py:588} INFO - Filling up the DagBag from /home/airflow/.local/lib/python3.12/site-packages/airflow/example_dags/tutorial_taskflow_templates.py
[2025-09-07T00:03:35.755+0000] {processor.py:925} INFO - DAG(s) 'tutorial_taskflow_templates' retrieved from /home/airflow/.local/lib/python3.12/site-packages/airflow/example_dags/tutorial_taskflow_templates.py
[2025-09-07T00:03:35.782+0000] {logging_mixin.py:190} INFO - [2025-09-07T00:03:35.782+0000] {dag.py:3239} INFO - Sync 1 DAGs
[2025-09-07T00:03:35.810+0000] {logging_mixin.py:190} INFO - [2025-09-07T00:03:35.810+0000] {dag.py:4180} INFO - Setting next_dagrun for tutorial_taskflow_templates to 2025-09-06 00:00:00+00:00, run_after=2025-09-07 00:00:00+00:00
[2025-09-07T00:03:35.839+0000] {processor.py:208} INFO - Processing /home/airflow/.local/lib/python3.12/site-packages/airflow/example_dags/tutorial_taskflow_templates.py took 0.114 seconds
[2025-09-07T00:04:06.187+0000] {processor.py:186} INFO - Started process (PID=4470) to work on /home/airflow/.local/lib/python3.12/site-packages/airflow/example_dags/tutorial_taskflow_templates.py
[2025-09-07T00:04:06.190+0000] {processor.py:914} INFO - Processing file /home/airflow/.local/lib/python3.12/site-packages/airflow/example_dags/tutorial_taskflow_templates.py for tasks to queue
[2025-09-07T00:04:06.194+0000] {logging_mixin.py:190} INFO - [2025-09-07T00:04:06.193+0000] {dagbag.py:588} INFO - Filling up the DagBag from /home/airflow/.local/lib/python3.12/site-packages/airflow/example_dags/tutorial_taskflow_templates.py
[2025-09-07T00:04:06.220+0000] {processor.py:925} INFO - DAG(s) 'tutorial_taskflow_templates' retrieved from /home/airflow/.local/lib/python3.12/site-packages/airflow/example_dags/tutorial_taskflow_templates.py
[2025-09-07T00:04:06.263+0000] {logging_mixin.py:190} INFO - [2025-09-07T00:04:06.262+0000] {dag.py:3239} INFO - Sync 1 DAGs
[2025-09-07T00:04:06.309+0000] {logging_mixin.py:190} INFO - [2025-09-07T00:04:06.309+0000] {dag.py:4180} INFO - Setting next_dagrun for tutorial_taskflow_templates to 2025-09-06 00:00:00+00:00, run_after=2025-09-07 00:00:00+00:00
[2025-09-07T00:04:06.357+0000] {processor.py:208} INFO - Processing /home/airflow/.local/lib/python3.12/site-packages/airflow/example_dags/tutorial_taskflow_templates.py took 0.181 seconds
[2025-09-07T00:04:37.229+0000] {processor.py:186} INFO - Started process (PID=4536) to work on /home/airflow/.local/lib/python3.12/site-packages/airflow/example_dags/tutorial_taskflow_templates.py
[2025-09-07T00:04:37.230+0000] {processor.py:914} INFO - Processing file /home/airflow/.local/lib/python3.12/site-packages/airflow/example_dags/tutorial_taskflow_templates.py for tasks to queue
[2025-09-07T00:04:37.233+0000] {logging_mixin.py:190} INFO - [2025-09-07T00:04:37.232+0000] {dagbag.py:588} INFO - Filling up the DagBag from /home/airflow/.local/lib/python3.12/site-packages/airflow/example_dags/tutorial_taskflow_templates.py
[2025-09-07T00:04:37.249+0000] {processor.py:925} INFO - DAG(s) 'tutorial_taskflow_templates' retrieved from /home/airflow/.local/lib/python3.12/site-packages/airflow/example_dags/tutorial_taskflow_templates.py
[2025-09-07T00:04:37.281+0000] {logging_mixin.py:190} INFO - [2025-09-07T00:04:37.280+0000] {dag.py:3239} INFO - Sync 1 DAGs
[2025-09-07T00:04:37.318+0000] {logging_mixin.py:190} INFO - [2025-09-07T00:04:37.318+0000] {dag.py:4180} INFO - Setting next_dagrun for tutorial_taskflow_templates to 2025-09-06 00:00:00+00:00, run_after=2025-09-07 00:00:00+00:00
[2025-09-07T00:04:37.351+0000] {processor.py:208} INFO - Processing /home/airflow/.local/lib/python3.12/site-packages/airflow/example_dags/tutorial_taskflow_templates.py took 0.132 seconds
[2025-09-07T00:05:07.830+0000] {processor.py:186} INFO - Started process (PID=4602) to work on /home/airflow/.local/lib/python3.12/site-packages/airflow/example_dags/tutorial_taskflow_templates.py
[2025-09-07T00:05:07.832+0000] {processor.py:914} INFO - Processing file /home/airflow/.local/lib/python3.12/site-packages/airflow/example_dags/tutorial_taskflow_templates.py for tasks to queue
[2025-09-07T00:05:07.834+0000] {logging_mixin.py:190} INFO - [2025-09-07T00:05:07.834+0000] {dagbag.py:588} INFO - Filling up the DagBag from /home/airflow/.local/lib/python3.12/site-packages/airflow/example_dags/tutorial_taskflow_templates.py
[2025-09-07T00:05:07.855+0000] {processor.py:925} INFO - DAG(s) 'tutorial_taskflow_templates' retrieved from /home/airflow/.local/lib/python3.12/site-packages/airflow/example_dags/tutorial_taskflow_templates.py
[2025-09-07T00:05:07.886+0000] {logging_mixin.py:190} INFO - [2025-09-07T00:05:07.886+0000] {dag.py:3239} INFO - Sync 1 DAGs
[2025-09-07T00:05:07.912+0000] {logging_mixin.py:190} INFO - [2025-09-07T00:05:07.912+0000] {dag.py:4180} INFO - Setting next_dagrun for tutorial_taskflow_templates to 2025-09-06 00:00:00+00:00, run_after=2025-09-07 00:00:00+00:00
[2025-09-07T00:05:07.936+0000] {processor.py:208} INFO - Processing /home/airflow/.local/lib/python3.12/site-packages/airflow/example_dags/tutorial_taskflow_templates.py took 0.115 seconds
[2025-09-07T00:05:38.808+0000] {processor.py:186} INFO - Started process (PID=4668) to work on /home/airflow/.local/lib/python3.12/site-packages/airflow/example_dags/tutorial_taskflow_templates.py
[2025-09-07T00:05:38.810+0000] {processor.py:914} INFO - Processing file /home/airflow/.local/lib/python3.12/site-packages/airflow/example_dags/tutorial_taskflow_templates.py for tasks to queue
[2025-09-07T00:05:38.812+0000] {logging_mixin.py:190} INFO - [2025-09-07T00:05:38.812+0000] {dagbag.py:588} INFO - Filling up the DagBag from /home/airflow/.local/lib/python3.12/site-packages/airflow/example_dags/tutorial_taskflow_templates.py
[2025-09-07T00:05:38.834+0000] {processor.py:925} INFO - DAG(s) 'tutorial_taskflow_templates' retrieved from /home/airflow/.local/lib/python3.12/site-packages/airflow/example_dags/tutorial_taskflow_templates.py
[2025-09-07T00:05:38.864+0000] {logging_mixin.py:190} INFO - [2025-09-07T00:05:38.864+0000] {dag.py:3239} INFO - Sync 1 DAGs
[2025-09-07T00:05:38.900+0000] {logging_mixin.py:190} INFO - [2025-09-07T00:05:38.899+0000] {dag.py:4180} INFO - Setting next_dagrun for tutorial_taskflow_templates to 2025-09-06 00:00:00+00:00, run_after=2025-09-07 00:00:00+00:00
[2025-09-07T00:05:38.925+0000] {processor.py:208} INFO - Processing /home/airflow/.local/lib/python3.12/site-packages/airflow/example_dags/tutorial_taskflow_templates.py took 0.126 seconds
[2025-09-07T00:06:09.749+0000] {processor.py:186} INFO - Started process (PID=4734) to work on /home/airflow/.local/lib/python3.12/site-packages/airflow/example_dags/tutorial_taskflow_templates.py
[2025-09-07T00:06:09.751+0000] {processor.py:914} INFO - Processing file /home/airflow/.local/lib/python3.12/site-packages/airflow/example_dags/tutorial_taskflow_templates.py for tasks to queue
[2025-09-07T00:06:09.753+0000] {logging_mixin.py:190} INFO - [2025-09-07T00:06:09.753+0000] {dagbag.py:588} INFO - Filling up the DagBag from /home/airflow/.local/lib/python3.12/site-packages/airflow/example_dags/tutorial_taskflow_templates.py
[2025-09-07T00:06:09.775+0000] {processor.py:925} INFO - DAG(s) 'tutorial_taskflow_templates' retrieved from /home/airflow/.local/lib/python3.12/site-packages/airflow/example_dags/tutorial_taskflow_templates.py
[2025-09-07T00:06:09.798+0000] {logging_mixin.py:190} INFO - [2025-09-07T00:06:09.798+0000] {dag.py:3239} INFO - Sync 1 DAGs
[2025-09-07T00:06:09.834+0000] {logging_mixin.py:190} INFO - [2025-09-07T00:06:09.834+0000] {dag.py:4180} INFO - Setting next_dagrun for tutorial_taskflow_templates to 2025-09-06 00:00:00+00:00, run_after=2025-09-07 00:00:00+00:00
[2025-09-07T00:06:09.857+0000] {processor.py:208} INFO - Processing /home/airflow/.local/lib/python3.12/site-packages/airflow/example_dags/tutorial_taskflow_templates.py took 0.117 seconds
[2025-09-07T00:06:40.306+0000] {processor.py:186} INFO - Started process (PID=4800) to work on /home/airflow/.local/lib/python3.12/site-packages/airflow/example_dags/tutorial_taskflow_templates.py
[2025-09-07T00:06:40.307+0000] {processor.py:914} INFO - Processing file /home/airflow/.local/lib/python3.12/site-packages/airflow/example_dags/tutorial_taskflow_templates.py for tasks to queue
[2025-09-07T00:06:40.309+0000] {logging_mixin.py:190} INFO - [2025-09-07T00:06:40.309+0000] {dagbag.py:588} INFO - Filling up the DagBag from /home/airflow/.local/lib/python3.12/site-packages/airflow/example_dags/tutorial_taskflow_templates.py
[2025-09-07T00:06:40.330+0000] {processor.py:925} INFO - DAG(s) 'tutorial_taskflow_templates' retrieved from /home/airflow/.local/lib/python3.12/site-packages/airflow/example_dags/tutorial_taskflow_templates.py
[2025-09-07T00:06:40.356+0000] {logging_mixin.py:190} INFO - [2025-09-07T00:06:40.356+0000] {dag.py:3239} INFO - Sync 1 DAGs
[2025-09-07T00:06:40.390+0000] {logging_mixin.py:190} INFO - [2025-09-07T00:06:40.389+0000] {dag.py:4180} INFO - Setting next_dagrun for tutorial_taskflow_templates to 2025-09-06 00:00:00+00:00, run_after=2025-09-07 00:00:00+00:00
[2025-09-07T00:06:40.425+0000] {processor.py:208} INFO - Processing /home/airflow/.local/lib/python3.12/site-packages/airflow/example_dags/tutorial_taskflow_templates.py took 0.124 seconds
[2025-09-07T00:07:10.706+0000] {processor.py:186} INFO - Started process (PID=4866) to work on /home/airflow/.local/lib/python3.12/site-packages/airflow/example_dags/tutorial_taskflow_templates.py
[2025-09-07T00:07:10.708+0000] {processor.py:914} INFO - Processing file /home/airflow/.local/lib/python3.12/site-packages/airflow/example_dags/tutorial_taskflow_templates.py for tasks to queue
[2025-09-07T00:07:10.709+0000] {logging_mixin.py:190} INFO - [2025-09-07T00:07:10.709+0000] {dagbag.py:588} INFO - Filling up the DagBag from /home/airflow/.local/lib/python3.12/site-packages/airflow/example_dags/tutorial_taskflow_templates.py
[2025-09-07T00:07:10.723+0000] {processor.py:925} INFO - DAG(s) 'tutorial_taskflow_templates' retrieved from /home/airflow/.local/lib/python3.12/site-packages/airflow/example_dags/tutorial_taskflow_templates.py
[2025-09-07T00:07:10.756+0000] {logging_mixin.py:190} INFO - [2025-09-07T00:07:10.756+0000] {dag.py:3239} INFO - Sync 1 DAGs
[2025-09-07T00:07:10.792+0000] {logging_mixin.py:190} INFO - [2025-09-07T00:07:10.791+0000] {dag.py:4180} INFO - Setting next_dagrun for tutorial_taskflow_templates to 2025-09-06 00:00:00+00:00, run_after=2025-09-07 00:00:00+00:00
[2025-09-07T00:07:10.816+0000] {processor.py:208} INFO - Processing /home/airflow/.local/lib/python3.12/site-packages/airflow/example_dags/tutorial_taskflow_templates.py took 0.119 seconds
[2025-09-07T00:07:41.265+0000] {processor.py:186} INFO - Started process (PID=4932) to work on /home/airflow/.local/lib/python3.12/site-packages/airflow/example_dags/tutorial_taskflow_templates.py
[2025-09-07T00:07:41.266+0000] {processor.py:914} INFO - Processing file /home/airflow/.local/lib/python3.12/site-packages/airflow/example_dags/tutorial_taskflow_templates.py for tasks to queue
[2025-09-07T00:07:41.267+0000] {logging_mixin.py:190} INFO - [2025-09-07T00:07:41.267+0000] {dagbag.py:588} INFO - Filling up the DagBag from /home/airflow/.local/lib/python3.12/site-packages/airflow/example_dags/tutorial_taskflow_templates.py
[2025-09-07T00:07:41.281+0000] {processor.py:925} INFO - DAG(s) 'tutorial_taskflow_templates' retrieved from /home/airflow/.local/lib/python3.12/site-packages/airflow/example_dags/tutorial_taskflow_templates.py
[2025-09-07T00:07:41.307+0000] {logging_mixin.py:190} INFO - [2025-09-07T00:07:41.307+0000] {dag.py:3239} INFO - Sync 1 DAGs
[2025-09-07T00:07:41.343+0000] {logging_mixin.py:190} INFO - [2025-09-07T00:07:41.343+0000] {dag.py:4180} INFO - Setting next_dagrun for tutorial_taskflow_templates to 2025-09-06 00:00:00+00:00, run_after=2025-09-07 00:00:00+00:00
[2025-09-07T00:07:41.369+0000] {processor.py:208} INFO - Processing /home/airflow/.local/lib/python3.12/site-packages/airflow/example_dags/tutorial_taskflow_templates.py took 0.114 seconds
[2025-09-07T00:08:12.154+0000] {processor.py:186} INFO - Started process (PID=4998) to work on /home/airflow/.local/lib/python3.12/site-packages/airflow/example_dags/tutorial_taskflow_templates.py
[2025-09-07T00:08:12.156+0000] {processor.py:914} INFO - Processing file /home/airflow/.local/lib/python3.12/site-packages/airflow/example_dags/tutorial_taskflow_templates.py for tasks to queue
[2025-09-07T00:08:12.159+0000] {logging_mixin.py:190} INFO - [2025-09-07T00:08:12.158+0000] {dagbag.py:588} INFO - Filling up the DagBag from /home/airflow/.local/lib/python3.12/site-packages/airflow/example_dags/tutorial_taskflow_templates.py
[2025-09-07T00:08:12.187+0000] {processor.py:925} INFO - DAG(s) 'tutorial_taskflow_templates' retrieved from /home/airflow/.local/lib/python3.12/site-packages/airflow/example_dags/tutorial_taskflow_templates.py
[2025-09-07T00:08:12.223+0000] {logging_mixin.py:190} INFO - [2025-09-07T00:08:12.223+0000] {dag.py:3239} INFO - Sync 1 DAGs
[2025-09-07T00:08:12.269+0000] {logging_mixin.py:190} INFO - [2025-09-07T00:08:12.268+0000] {dag.py:4180} INFO - Setting next_dagrun for tutorial_taskflow_templates to 2025-09-06 00:00:00+00:00, run_after=2025-09-07 00:00:00+00:00
[2025-09-07T00:08:12.297+0000] {processor.py:208} INFO - Processing /home/airflow/.local/lib/python3.12/site-packages/airflow/example_dags/tutorial_taskflow_templates.py took 0.153 seconds
[2025-09-07T00:08:42.353+0000] {processor.py:186} INFO - Started process (PID=5056) to work on /home/airflow/.local/lib/python3.12/site-packages/airflow/example_dags/tutorial_taskflow_templates.py
[2025-09-07T00:08:42.354+0000] {processor.py:914} INFO - Processing file /home/airflow/.local/lib/python3.12/site-packages/airflow/example_dags/tutorial_taskflow_templates.py for tasks to queue
[2025-09-07T00:08:42.356+0000] {logging_mixin.py:190} INFO - [2025-09-07T00:08:42.355+0000] {dagbag.py:588} INFO - Filling up the DagBag from /home/airflow/.local/lib/python3.12/site-packages/airflow/example_dags/tutorial_taskflow_templates.py
[2025-09-07T00:08:42.378+0000] {processor.py:925} INFO - DAG(s) 'tutorial_taskflow_templates' retrieved from /home/airflow/.local/lib/python3.12/site-packages/airflow/example_dags/tutorial_taskflow_templates.py
[2025-09-07T00:08:42.403+0000] {logging_mixin.py:190} INFO - [2025-09-07T00:08:42.403+0000] {dag.py:3239} INFO - Sync 1 DAGs
[2025-09-07T00:08:42.439+0000] {logging_mixin.py:190} INFO - [2025-09-07T00:08:42.439+0000] {dag.py:4180} INFO - Setting next_dagrun for tutorial_taskflow_templates to 2025-09-06 00:00:00+00:00, run_after=2025-09-07 00:00:00+00:00
[2025-09-07T00:08:42.467+0000] {processor.py:208} INFO - Processing /home/airflow/.local/lib/python3.12/site-packages/airflow/example_dags/tutorial_taskflow_templates.py took 0.120 seconds
[2025-09-07T00:09:12.545+0000] {processor.py:186} INFO - Started process (PID=5123) to work on /home/airflow/.local/lib/python3.12/site-packages/airflow/example_dags/tutorial_taskflow_templates.py
[2025-09-07T00:09:12.547+0000] {processor.py:914} INFO - Processing file /home/airflow/.local/lib/python3.12/site-packages/airflow/example_dags/tutorial_taskflow_templates.py for tasks to queue
[2025-09-07T00:09:12.548+0000] {logging_mixin.py:190} INFO - [2025-09-07T00:09:12.548+0000] {dagbag.py:588} INFO - Filling up the DagBag from /home/airflow/.local/lib/python3.12/site-packages/airflow/example_dags/tutorial_taskflow_templates.py
[2025-09-07T00:09:12.561+0000] {processor.py:925} INFO - DAG(s) 'tutorial_taskflow_templates' retrieved from /home/airflow/.local/lib/python3.12/site-packages/airflow/example_dags/tutorial_taskflow_templates.py
[2025-09-07T00:09:12.588+0000] {logging_mixin.py:190} INFO - [2025-09-07T00:09:12.587+0000] {dag.py:3239} INFO - Sync 1 DAGs
[2025-09-07T00:09:12.619+0000] {logging_mixin.py:190} INFO - [2025-09-07T00:09:12.619+0000] {dag.py:4180} INFO - Setting next_dagrun for tutorial_taskflow_templates to 2025-09-06 00:00:00+00:00, run_after=2025-09-07 00:00:00+00:00
[2025-09-07T00:09:12.640+0000] {processor.py:208} INFO - Processing /home/airflow/.local/lib/python3.12/site-packages/airflow/example_dags/tutorial_taskflow_templates.py took 0.100 seconds
[2025-09-07T00:09:42.785+0000] {processor.py:186} INFO - Started process (PID=5190) to work on /home/airflow/.local/lib/python3.12/site-packages/airflow/example_dags/tutorial_taskflow_templates.py
[2025-09-07T00:09:42.786+0000] {processor.py:914} INFO - Processing file /home/airflow/.local/lib/python3.12/site-packages/airflow/example_dags/tutorial_taskflow_templates.py for tasks to queue
[2025-09-07T00:09:42.788+0000] {logging_mixin.py:190} INFO - [2025-09-07T00:09:42.788+0000] {dagbag.py:588} INFO - Filling up the DagBag from /home/airflow/.local/lib/python3.12/site-packages/airflow/example_dags/tutorial_taskflow_templates.py
[2025-09-07T00:09:42.801+0000] {processor.py:925} INFO - DAG(s) 'tutorial_taskflow_templates' retrieved from /home/airflow/.local/lib/python3.12/site-packages/airflow/example_dags/tutorial_taskflow_templates.py
[2025-09-07T00:09:42.824+0000] {logging_mixin.py:190} INFO - [2025-09-07T00:09:42.824+0000] {dag.py:3239} INFO - Sync 1 DAGs
[2025-09-07T00:09:42.857+0000] {logging_mixin.py:190} INFO - [2025-09-07T00:09:42.857+0000] {dag.py:4180} INFO - Setting next_dagrun for tutorial_taskflow_templates to 2025-09-06 00:00:00+00:00, run_after=2025-09-07 00:00:00+00:00
[2025-09-07T00:09:42.875+0000] {processor.py:208} INFO - Processing /home/airflow/.local/lib/python3.12/site-packages/airflow/example_dags/tutorial_taskflow_templates.py took 0.099 seconds
[2025-09-07T00:10:13.472+0000] {processor.py:186} INFO - Started process (PID=5254) to work on /home/airflow/.local/lib/python3.12/site-packages/airflow/example_dags/tutorial_taskflow_templates.py
[2025-09-07T00:10:13.474+0000] {processor.py:914} INFO - Processing file /home/airflow/.local/lib/python3.12/site-packages/airflow/example_dags/tutorial_taskflow_templates.py for tasks to queue
[2025-09-07T00:10:13.476+0000] {logging_mixin.py:190} INFO - [2025-09-07T00:10:13.476+0000] {dagbag.py:588} INFO - Filling up the DagBag from /home/airflow/.local/lib/python3.12/site-packages/airflow/example_dags/tutorial_taskflow_templates.py
[2025-09-07T00:10:13.498+0000] {processor.py:925} INFO - DAG(s) 'tutorial_taskflow_templates' retrieved from /home/airflow/.local/lib/python3.12/site-packages/airflow/example_dags/tutorial_taskflow_templates.py
[2025-09-07T00:10:13.524+0000] {logging_mixin.py:190} INFO - [2025-09-07T00:10:13.524+0000] {dag.py:3239} INFO - Sync 1 DAGs
[2025-09-07T00:10:13.560+0000] {logging_mixin.py:190} INFO - [2025-09-07T00:10:13.559+0000] {dag.py:4180} INFO - Setting next_dagrun for tutorial_taskflow_templates to 2025-09-06 00:00:00+00:00, run_after=2025-09-07 00:00:00+00:00
[2025-09-07T00:10:13.587+0000] {processor.py:208} INFO - Processing /home/airflow/.local/lib/python3.12/site-packages/airflow/example_dags/tutorial_taskflow_templates.py took 0.124 seconds
[2025-09-07T00:10:43.775+0000] {processor.py:186} INFO - Started process (PID=5321) to work on /home/airflow/.local/lib/python3.12/site-packages/airflow/example_dags/tutorial_taskflow_templates.py
[2025-09-07T00:10:43.776+0000] {processor.py:914} INFO - Processing file /home/airflow/.local/lib/python3.12/site-packages/airflow/example_dags/tutorial_taskflow_templates.py for tasks to queue
[2025-09-07T00:10:43.778+0000] {logging_mixin.py:190} INFO - [2025-09-07T00:10:43.778+0000] {dagbag.py:588} INFO - Filling up the DagBag from /home/airflow/.local/lib/python3.12/site-packages/airflow/example_dags/tutorial_taskflow_templates.py
[2025-09-07T00:10:43.791+0000] {processor.py:925} INFO - DAG(s) 'tutorial_taskflow_templates' retrieved from /home/airflow/.local/lib/python3.12/site-packages/airflow/example_dags/tutorial_taskflow_templates.py
[2025-09-07T00:10:43.817+0000] {logging_mixin.py:190} INFO - [2025-09-07T00:10:43.816+0000] {dag.py:3239} INFO - Sync 1 DAGs
[2025-09-07T00:10:43.846+0000] {logging_mixin.py:190} INFO - [2025-09-07T00:10:43.845+0000] {dag.py:4180} INFO - Setting next_dagrun for tutorial_taskflow_templates to 2025-09-06 00:00:00+00:00, run_after=2025-09-07 00:00:00+00:00
[2025-09-07T00:10:43.871+0000] {processor.py:208} INFO - Processing /home/airflow/.local/lib/python3.12/site-packages/airflow/example_dags/tutorial_taskflow_templates.py took 0.103 seconds
[2025-09-07T00:11:14.436+0000] {processor.py:186} INFO - Started process (PID=5386) to work on /home/airflow/.local/lib/python3.12/site-packages/airflow/example_dags/tutorial_taskflow_templates.py
[2025-09-07T00:11:14.437+0000] {processor.py:914} INFO - Processing file /home/airflow/.local/lib/python3.12/site-packages/airflow/example_dags/tutorial_taskflow_templates.py for tasks to queue
[2025-09-07T00:11:14.441+0000] {logging_mixin.py:190} INFO - [2025-09-07T00:11:14.440+0000] {dagbag.py:588} INFO - Filling up the DagBag from /home/airflow/.local/lib/python3.12/site-packages/airflow/example_dags/tutorial_taskflow_templates.py
[2025-09-07T00:11:14.452+0000] {processor.py:925} INFO - DAG(s) 'tutorial_taskflow_templates' retrieved from /home/airflow/.local/lib/python3.12/site-packages/airflow/example_dags/tutorial_taskflow_templates.py
[2025-09-07T00:11:14.475+0000] {logging_mixin.py:190} INFO - [2025-09-07T00:11:14.475+0000] {dag.py:3239} INFO - Sync 1 DAGs
[2025-09-07T00:11:14.503+0000] {logging_mixin.py:190} INFO - [2025-09-07T00:11:14.503+0000] {dag.py:4180} INFO - Setting next_dagrun for tutorial_taskflow_templates to 2025-09-06 00:00:00+00:00, run_after=2025-09-07 00:00:00+00:00
[2025-09-07T00:11:14.526+0000] {processor.py:208} INFO - Processing /home/airflow/.local/lib/python3.12/site-packages/airflow/example_dags/tutorial_taskflow_templates.py took 0.096 seconds
[2025-09-07T00:11:45.253+0000] {processor.py:186} INFO - Started process (PID=5452) to work on /home/airflow/.local/lib/python3.12/site-packages/airflow/example_dags/tutorial_taskflow_templates.py
[2025-09-07T00:11:45.254+0000] {processor.py:914} INFO - Processing file /home/airflow/.local/lib/python3.12/site-packages/airflow/example_dags/tutorial_taskflow_templates.py for tasks to queue
[2025-09-07T00:11:45.257+0000] {logging_mixin.py:190} INFO - [2025-09-07T00:11:45.257+0000] {dagbag.py:588} INFO - Filling up the DagBag from /home/airflow/.local/lib/python3.12/site-packages/airflow/example_dags/tutorial_taskflow_templates.py
[2025-09-07T00:11:45.274+0000] {processor.py:925} INFO - DAG(s) 'tutorial_taskflow_templates' retrieved from /home/airflow/.local/lib/python3.12/site-packages/airflow/example_dags/tutorial_taskflow_templates.py
[2025-09-07T00:11:45.306+0000] {logging_mixin.py:190} INFO - [2025-09-07T00:11:45.306+0000] {dag.py:3239} INFO - Sync 1 DAGs
[2025-09-07T00:11:45.339+0000] {logging_mixin.py:190} INFO - [2025-09-07T00:11:45.339+0000] {dag.py:4180} INFO - Setting next_dagrun for tutorial_taskflow_templates to 2025-09-06 00:00:00+00:00, run_after=2025-09-07 00:00:00+00:00
[2025-09-07T00:11:45.364+0000] {processor.py:208} INFO - Processing /home/airflow/.local/lib/python3.12/site-packages/airflow/example_dags/tutorial_taskflow_templates.py took 0.117 seconds
[2025-09-07T00:12:16.346+0000] {processor.py:186} INFO - Started process (PID=5518) to work on /home/airflow/.local/lib/python3.12/site-packages/airflow/example_dags/tutorial_taskflow_templates.py
[2025-09-07T00:12:16.348+0000] {processor.py:914} INFO - Processing file /home/airflow/.local/lib/python3.12/site-packages/airflow/example_dags/tutorial_taskflow_templates.py for tasks to queue
[2025-09-07T00:12:16.351+0000] {logging_mixin.py:190} INFO - [2025-09-07T00:12:16.350+0000] {dagbag.py:588} INFO - Filling up the DagBag from /home/airflow/.local/lib/python3.12/site-packages/airflow/example_dags/tutorial_taskflow_templates.py
[2025-09-07T00:12:16.368+0000] {processor.py:925} INFO - DAG(s) 'tutorial_taskflow_templates' retrieved from /home/airflow/.local/lib/python3.12/site-packages/airflow/example_dags/tutorial_taskflow_templates.py
[2025-09-07T00:12:16.404+0000] {logging_mixin.py:190} INFO - [2025-09-07T00:12:16.404+0000] {dag.py:3239} INFO - Sync 1 DAGs
[2025-09-07T00:12:16.615+0000] {logging_mixin.py:190} INFO - [2025-09-07T00:12:16.615+0000] {dag.py:4180} INFO - Setting next_dagrun for tutorial_taskflow_templates to 2025-09-06 00:00:00+00:00, run_after=2025-09-07 00:00:00+00:00
[2025-09-07T00:12:16.633+0000] {processor.py:208} INFO - Processing /home/airflow/.local/lib/python3.12/site-packages/airflow/example_dags/tutorial_taskflow_templates.py took 0.296 seconds
[2025-09-07T00:12:46.909+0000] {processor.py:186} INFO - Started process (PID=5583) to work on /home/airflow/.local/lib/python3.12/site-packages/airflow/example_dags/tutorial_taskflow_templates.py
[2025-09-07T00:12:46.910+0000] {processor.py:914} INFO - Processing file /home/airflow/.local/lib/python3.12/site-packages/airflow/example_dags/tutorial_taskflow_templates.py for tasks to queue
[2025-09-07T00:12:46.912+0000] {logging_mixin.py:190} INFO - [2025-09-07T00:12:46.912+0000] {dagbag.py:588} INFO - Filling up the DagBag from /home/airflow/.local/lib/python3.12/site-packages/airflow/example_dags/tutorial_taskflow_templates.py
[2025-09-07T00:12:46.931+0000] {processor.py:925} INFO - DAG(s) 'tutorial_taskflow_templates' retrieved from /home/airflow/.local/lib/python3.12/site-packages/airflow/example_dags/tutorial_taskflow_templates.py
[2025-09-07T00:12:46.962+0000] {logging_mixin.py:190} INFO - [2025-09-07T00:12:46.962+0000] {dag.py:3239} INFO - Sync 1 DAGs
[2025-09-07T00:12:46.998+0000] {logging_mixin.py:190} INFO - [2025-09-07T00:12:46.997+0000] {dag.py:4180} INFO - Setting next_dagrun for tutorial_taskflow_templates to 2025-09-06 00:00:00+00:00, run_after=2025-09-07 00:00:00+00:00
[2025-09-07T00:12:47.219+0000] {processor.py:208} INFO - Processing /home/airflow/.local/lib/python3.12/site-packages/airflow/example_dags/tutorial_taskflow_templates.py took 0.318 seconds
[2025-09-07T00:13:17.331+0000] {processor.py:186} INFO - Started process (PID=5649) to work on /home/airflow/.local/lib/python3.12/site-packages/airflow/example_dags/tutorial_taskflow_templates.py
[2025-09-07T00:13:17.333+0000] {processor.py:914} INFO - Processing file /home/airflow/.local/lib/python3.12/site-packages/airflow/example_dags/tutorial_taskflow_templates.py for tasks to queue
[2025-09-07T00:13:17.336+0000] {logging_mixin.py:190} INFO - [2025-09-07T00:13:17.335+0000] {dagbag.py:588} INFO - Filling up the DagBag from /home/airflow/.local/lib/python3.12/site-packages/airflow/example_dags/tutorial_taskflow_templates.py
[2025-09-07T00:13:17.355+0000] {processor.py:925} INFO - DAG(s) 'tutorial_taskflow_templates' retrieved from /home/airflow/.local/lib/python3.12/site-packages/airflow/example_dags/tutorial_taskflow_templates.py
[2025-09-07T00:13:17.383+0000] {logging_mixin.py:190} INFO - [2025-09-07T00:13:17.383+0000] {dag.py:3239} INFO - Sync 1 DAGs
[2025-09-07T00:13:17.416+0000] {logging_mixin.py:190} INFO - [2025-09-07T00:13:17.415+0000] {dag.py:4180} INFO - Setting next_dagrun for tutorial_taskflow_templates to 2025-09-06 00:00:00+00:00, run_after=2025-09-07 00:00:00+00:00
[2025-09-07T00:13:17.441+0000] {processor.py:208} INFO - Processing /home/airflow/.local/lib/python3.12/site-packages/airflow/example_dags/tutorial_taskflow_templates.py took 0.119 seconds
[2025-09-07T00:13:48.114+0000] {processor.py:186} INFO - Started process (PID=5712) to work on /home/airflow/.local/lib/python3.12/site-packages/airflow/example_dags/tutorial_taskflow_templates.py
[2025-09-07T00:13:48.116+0000] {processor.py:914} INFO - Processing file /home/airflow/.local/lib/python3.12/site-packages/airflow/example_dags/tutorial_taskflow_templates.py for tasks to queue
[2025-09-07T00:13:48.119+0000] {logging_mixin.py:190} INFO - [2025-09-07T00:13:48.118+0000] {dagbag.py:588} INFO - Filling up the DagBag from /home/airflow/.local/lib/python3.12/site-packages/airflow/example_dags/tutorial_taskflow_templates.py
[2025-09-07T00:13:48.144+0000] {processor.py:925} INFO - DAG(s) 'tutorial_taskflow_templates' retrieved from /home/airflow/.local/lib/python3.12/site-packages/airflow/example_dags/tutorial_taskflow_templates.py
[2025-09-07T00:13:48.172+0000] {logging_mixin.py:190} INFO - [2025-09-07T00:13:48.171+0000] {dag.py:3239} INFO - Sync 1 DAGs
[2025-09-07T00:13:48.201+0000] {logging_mixin.py:190} INFO - [2025-09-07T00:13:48.200+0000] {dag.py:4180} INFO - Setting next_dagrun for tutorial_taskflow_templates to 2025-09-06 00:00:00+00:00, run_after=2025-09-07 00:00:00+00:00
[2025-09-07T00:13:48.226+0000] {processor.py:208} INFO - Processing /home/airflow/.local/lib/python3.12/site-packages/airflow/example_dags/tutorial_taskflow_templates.py took 0.124 seconds
[2025-09-07T00:14:18.815+0000] {processor.py:186} INFO - Started process (PID=5777) to work on /home/airflow/.local/lib/python3.12/site-packages/airflow/example_dags/tutorial_taskflow_templates.py
[2025-09-07T00:14:18.816+0000] {processor.py:914} INFO - Processing file /home/airflow/.local/lib/python3.12/site-packages/airflow/example_dags/tutorial_taskflow_templates.py for tasks to queue
[2025-09-07T00:14:18.819+0000] {logging_mixin.py:190} INFO - [2025-09-07T00:14:18.818+0000] {dagbag.py:588} INFO - Filling up the DagBag from /home/airflow/.local/lib/python3.12/site-packages/airflow/example_dags/tutorial_taskflow_templates.py
[2025-09-07T00:14:18.840+0000] {processor.py:925} INFO - DAG(s) 'tutorial_taskflow_templates' retrieved from /home/airflow/.local/lib/python3.12/site-packages/airflow/example_dags/tutorial_taskflow_templates.py
[2025-09-07T00:14:18.870+0000] {logging_mixin.py:190} INFO - [2025-09-07T00:14:18.870+0000] {dag.py:3239} INFO - Sync 1 DAGs
[2025-09-07T00:14:19.099+0000] {logging_mixin.py:190} INFO - [2025-09-07T00:14:19.098+0000] {dag.py:4180} INFO - Setting next_dagrun for tutorial_taskflow_templates to 2025-09-06 00:00:00+00:00, run_after=2025-09-07 00:00:00+00:00
[2025-09-07T00:14:19.120+0000] {processor.py:208} INFO - Processing /home/airflow/.local/lib/python3.12/site-packages/airflow/example_dags/tutorial_taskflow_templates.py took 0.314 seconds
[2025-09-07T00:14:49.313+0000] {processor.py:186} INFO - Started process (PID=5842) to work on /home/airflow/.local/lib/python3.12/site-packages/airflow/example_dags/tutorial_taskflow_templates.py
[2025-09-07T00:14:49.315+0000] {processor.py:914} INFO - Processing file /home/airflow/.local/lib/python3.12/site-packages/airflow/example_dags/tutorial_taskflow_templates.py for tasks to queue
[2025-09-07T00:14:49.317+0000] {logging_mixin.py:190} INFO - [2025-09-07T00:14:49.316+0000] {dagbag.py:588} INFO - Filling up the DagBag from /home/airflow/.local/lib/python3.12/site-packages/airflow/example_dags/tutorial_taskflow_templates.py
[2025-09-07T00:14:49.333+0000] {processor.py:925} INFO - DAG(s) 'tutorial_taskflow_templates' retrieved from /home/airflow/.local/lib/python3.12/site-packages/airflow/example_dags/tutorial_taskflow_templates.py
[2025-09-07T00:14:49.360+0000] {logging_mixin.py:190} INFO - [2025-09-07T00:14:49.359+0000] {dag.py:3239} INFO - Sync 1 DAGs
[2025-09-07T00:14:49.613+0000] {logging_mixin.py:190} INFO - [2025-09-07T00:14:49.613+0000] {dag.py:4180} INFO - Setting next_dagrun for tutorial_taskflow_templates to 2025-09-06 00:00:00+00:00, run_after=2025-09-07 00:00:00+00:00
[2025-09-07T00:14:49.637+0000] {processor.py:208} INFO - Processing /home/airflow/.local/lib/python3.12/site-packages/airflow/example_dags/tutorial_taskflow_templates.py took 0.333 seconds
[2025-09-07T00:15:20.041+0000] {processor.py:186} INFO - Started process (PID=5908) to work on /home/airflow/.local/lib/python3.12/site-packages/airflow/example_dags/tutorial_taskflow_templates.py
[2025-09-07T00:15:20.042+0000] {processor.py:914} INFO - Processing file /home/airflow/.local/lib/python3.12/site-packages/airflow/example_dags/tutorial_taskflow_templates.py for tasks to queue
[2025-09-07T00:15:20.045+0000] {logging_mixin.py:190} INFO - [2025-09-07T00:15:20.044+0000] {dagbag.py:588} INFO - Filling up the DagBag from /home/airflow/.local/lib/python3.12/site-packages/airflow/example_dags/tutorial_taskflow_templates.py
[2025-09-07T00:15:20.066+0000] {processor.py:925} INFO - DAG(s) 'tutorial_taskflow_templates' retrieved from /home/airflow/.local/lib/python3.12/site-packages/airflow/example_dags/tutorial_taskflow_templates.py
[2025-09-07T00:15:20.097+0000] {logging_mixin.py:190} INFO - [2025-09-07T00:15:20.097+0000] {dag.py:3239} INFO - Sync 1 DAGs
[2025-09-07T00:15:20.134+0000] {logging_mixin.py:190} INFO - [2025-09-07T00:15:20.133+0000] {dag.py:4180} INFO - Setting next_dagrun for tutorial_taskflow_templates to 2025-09-06 00:00:00+00:00, run_after=2025-09-07 00:00:00+00:00
[2025-09-07T00:15:20.158+0000] {processor.py:208} INFO - Processing /home/airflow/.local/lib/python3.12/site-packages/airflow/example_dags/tutorial_taskflow_templates.py took 0.127 seconds
[2025-09-07T00:15:50.645+0000] {processor.py:186} INFO - Started process (PID=5975) to work on /home/airflow/.local/lib/python3.12/site-packages/airflow/example_dags/tutorial_taskflow_templates.py
[2025-09-07T00:15:50.646+0000] {processor.py:914} INFO - Processing file /home/airflow/.local/lib/python3.12/site-packages/airflow/example_dags/tutorial_taskflow_templates.py for tasks to queue
[2025-09-07T00:15:50.648+0000] {logging_mixin.py:190} INFO - [2025-09-07T00:15:50.648+0000] {dagbag.py:588} INFO - Filling up the DagBag from /home/airflow/.local/lib/python3.12/site-packages/airflow/example_dags/tutorial_taskflow_templates.py
[2025-09-07T00:15:50.669+0000] {processor.py:925} INFO - DAG(s) 'tutorial_taskflow_templates' retrieved from /home/airflow/.local/lib/python3.12/site-packages/airflow/example_dags/tutorial_taskflow_templates.py
[2025-09-07T00:15:50.700+0000] {logging_mixin.py:190} INFO - [2025-09-07T00:15:50.700+0000] {dag.py:3239} INFO - Sync 1 DAGs
[2025-09-07T00:15:50.729+0000] {logging_mixin.py:190} INFO - [2025-09-07T00:15:50.729+0000] {dag.py:4180} INFO - Setting next_dagrun for tutorial_taskflow_templates to 2025-09-06 00:00:00+00:00, run_after=2025-09-07 00:00:00+00:00
[2025-09-07T00:15:50.752+0000] {processor.py:208} INFO - Processing /home/airflow/.local/lib/python3.12/site-packages/airflow/example_dags/tutorial_taskflow_templates.py took 0.117 seconds
[2025-09-07T00:16:21.340+0000] {processor.py:186} INFO - Started process (PID=6040) to work on /home/airflow/.local/lib/python3.12/site-packages/airflow/example_dags/tutorial_taskflow_templates.py
[2025-09-07T00:16:21.341+0000] {processor.py:914} INFO - Processing file /home/airflow/.local/lib/python3.12/site-packages/airflow/example_dags/tutorial_taskflow_templates.py for tasks to queue
[2025-09-07T00:16:21.344+0000] {logging_mixin.py:190} INFO - [2025-09-07T00:16:21.343+0000] {dagbag.py:588} INFO - Filling up the DagBag from /home/airflow/.local/lib/python3.12/site-packages/airflow/example_dags/tutorial_taskflow_templates.py
[2025-09-07T00:16:21.369+0000] {processor.py:925} INFO - DAG(s) 'tutorial_taskflow_templates' retrieved from /home/airflow/.local/lib/python3.12/site-packages/airflow/example_dags/tutorial_taskflow_templates.py
[2025-09-07T00:16:21.402+0000] {logging_mixin.py:190} INFO - [2025-09-07T00:16:21.402+0000] {dag.py:3239} INFO - Sync 1 DAGs
[2025-09-07T00:16:21.432+0000] {logging_mixin.py:190} INFO - [2025-09-07T00:16:21.432+0000] {dag.py:4180} INFO - Setting next_dagrun for tutorial_taskflow_templates to 2025-09-06 00:00:00+00:00, run_after=2025-09-07 00:00:00+00:00
[2025-09-07T00:16:21.459+0000] {processor.py:208} INFO - Processing /home/airflow/.local/lib/python3.12/site-packages/airflow/example_dags/tutorial_taskflow_templates.py took 0.127 seconds
[2025-09-07T00:16:51.882+0000] {processor.py:186} INFO - Started process (PID=6106) to work on /home/airflow/.local/lib/python3.12/site-packages/airflow/example_dags/tutorial_taskflow_templates.py
[2025-09-07T00:16:51.883+0000] {processor.py:914} INFO - Processing file /home/airflow/.local/lib/python3.12/site-packages/airflow/example_dags/tutorial_taskflow_templates.py for tasks to queue
[2025-09-07T00:16:51.886+0000] {logging_mixin.py:190} INFO - [2025-09-07T00:16:51.885+0000] {dagbag.py:588} INFO - Filling up the DagBag from /home/airflow/.local/lib/python3.12/site-packages/airflow/example_dags/tutorial_taskflow_templates.py
[2025-09-07T00:16:51.906+0000] {processor.py:925} INFO - DAG(s) 'tutorial_taskflow_templates' retrieved from /home/airflow/.local/lib/python3.12/site-packages/airflow/example_dags/tutorial_taskflow_templates.py
[2025-09-07T00:16:51.927+0000] {logging_mixin.py:190} INFO - [2025-09-07T00:16:51.927+0000] {dag.py:3239} INFO - Sync 1 DAGs
[2025-09-07T00:16:51.955+0000] {logging_mixin.py:190} INFO - [2025-09-07T00:16:51.955+0000] {dag.py:4180} INFO - Setting next_dagrun for tutorial_taskflow_templates to 2025-09-06 00:00:00+00:00, run_after=2025-09-07 00:00:00+00:00
[2025-09-07T00:16:51.975+0000] {processor.py:208} INFO - Processing /home/airflow/.local/lib/python3.12/site-packages/airflow/example_dags/tutorial_taskflow_templates.py took 0.102 seconds
[2025-09-07T00:17:22.591+0000] {processor.py:186} INFO - Started process (PID=6172) to work on /home/airflow/.local/lib/python3.12/site-packages/airflow/example_dags/tutorial_taskflow_templates.py
[2025-09-07T00:17:22.593+0000] {processor.py:914} INFO - Processing file /home/airflow/.local/lib/python3.12/site-packages/airflow/example_dags/tutorial_taskflow_templates.py for tasks to queue
[2025-09-07T00:17:22.595+0000] {logging_mixin.py:190} INFO - [2025-09-07T00:17:22.594+0000] {dagbag.py:588} INFO - Filling up the DagBag from /home/airflow/.local/lib/python3.12/site-packages/airflow/example_dags/tutorial_taskflow_templates.py
[2025-09-07T00:17:22.618+0000] {processor.py:925} INFO - DAG(s) 'tutorial_taskflow_templates' retrieved from /home/airflow/.local/lib/python3.12/site-packages/airflow/example_dags/tutorial_taskflow_templates.py
[2025-09-07T00:17:22.654+0000] {logging_mixin.py:190} INFO - [2025-09-07T00:17:22.653+0000] {dag.py:3239} INFO - Sync 1 DAGs
[2025-09-07T00:17:22.690+0000] {logging_mixin.py:190} INFO - [2025-09-07T00:17:22.690+0000] {dag.py:4180} INFO - Setting next_dagrun for tutorial_taskflow_templates to 2025-09-06 00:00:00+00:00, run_after=2025-09-07 00:00:00+00:00
[2025-09-07T00:17:22.714+0000] {processor.py:208} INFO - Processing /home/airflow/.local/lib/python3.12/site-packages/airflow/example_dags/tutorial_taskflow_templates.py took 0.134 seconds
[2025-09-07T00:17:53.262+0000] {processor.py:186} INFO - Started process (PID=6237) to work on /home/airflow/.local/lib/python3.12/site-packages/airflow/example_dags/tutorial_taskflow_templates.py
[2025-09-07T00:17:53.263+0000] {processor.py:914} INFO - Processing file /home/airflow/.local/lib/python3.12/site-packages/airflow/example_dags/tutorial_taskflow_templates.py for tasks to queue
[2025-09-07T00:17:53.266+0000] {logging_mixin.py:190} INFO - [2025-09-07T00:17:53.265+0000] {dagbag.py:588} INFO - Filling up the DagBag from /home/airflow/.local/lib/python3.12/site-packages/airflow/example_dags/tutorial_taskflow_templates.py
[2025-09-07T00:17:53.281+0000] {processor.py:925} INFO - DAG(s) 'tutorial_taskflow_templates' retrieved from /home/airflow/.local/lib/python3.12/site-packages/airflow/example_dags/tutorial_taskflow_templates.py
[2025-09-07T00:17:53.310+0000] {logging_mixin.py:190} INFO - [2025-09-07T00:17:53.309+0000] {dag.py:3239} INFO - Sync 1 DAGs
[2025-09-07T00:17:53.341+0000] {logging_mixin.py:190} INFO - [2025-09-07T00:17:53.340+0000] {dag.py:4180} INFO - Setting next_dagrun for tutorial_taskflow_templates to 2025-09-06 00:00:00+00:00, run_after=2025-09-07 00:00:00+00:00
[2025-09-07T00:17:53.373+0000] {processor.py:208} INFO - Processing /home/airflow/.local/lib/python3.12/site-packages/airflow/example_dags/tutorial_taskflow_templates.py took 0.118 seconds
[2025-09-07T00:18:24.002+0000] {processor.py:186} INFO - Started process (PID=6296) to work on /home/airflow/.local/lib/python3.12/site-packages/airflow/example_dags/tutorial_taskflow_templates.py
[2025-09-07T00:18:24.003+0000] {processor.py:914} INFO - Processing file /home/airflow/.local/lib/python3.12/site-packages/airflow/example_dags/tutorial_taskflow_templates.py for tasks to queue
[2025-09-07T00:18:24.006+0000] {logging_mixin.py:190} INFO - [2025-09-07T00:18:24.005+0000] {dagbag.py:588} INFO - Filling up the DagBag from /home/airflow/.local/lib/python3.12/site-packages/airflow/example_dags/tutorial_taskflow_templates.py
[2025-09-07T00:18:24.028+0000] {processor.py:925} INFO - DAG(s) 'tutorial_taskflow_templates' retrieved from /home/airflow/.local/lib/python3.12/site-packages/airflow/example_dags/tutorial_taskflow_templates.py
[2025-09-07T00:18:24.063+0000] {logging_mixin.py:190} INFO - [2025-09-07T00:18:24.062+0000] {dag.py:3239} INFO - Sync 1 DAGs
[2025-09-07T00:18:24.093+0000] {logging_mixin.py:190} INFO - [2025-09-07T00:18:24.093+0000] {dag.py:4180} INFO - Setting next_dagrun for tutorial_taskflow_templates to 2025-09-06 00:00:00+00:00, run_after=2025-09-07 00:00:00+00:00
[2025-09-07T00:18:24.119+0000] {processor.py:208} INFO - Processing /home/airflow/.local/lib/python3.12/site-packages/airflow/example_dags/tutorial_taskflow_templates.py took 0.127 seconds
[2025-09-07T00:18:54.751+0000] {processor.py:186} INFO - Started process (PID=6362) to work on /home/airflow/.local/lib/python3.12/site-packages/airflow/example_dags/tutorial_taskflow_templates.py
[2025-09-07T00:18:54.752+0000] {processor.py:914} INFO - Processing file /home/airflow/.local/lib/python3.12/site-packages/airflow/example_dags/tutorial_taskflow_templates.py for tasks to queue
[2025-09-07T00:18:54.754+0000] {logging_mixin.py:190} INFO - [2025-09-07T00:18:54.754+0000] {dagbag.py:588} INFO - Filling up the DagBag from /home/airflow/.local/lib/python3.12/site-packages/airflow/example_dags/tutorial_taskflow_templates.py
[2025-09-07T00:18:54.775+0000] {processor.py:925} INFO - DAG(s) 'tutorial_taskflow_templates' retrieved from /home/airflow/.local/lib/python3.12/site-packages/airflow/example_dags/tutorial_taskflow_templates.py
[2025-09-07T00:18:54.804+0000] {logging_mixin.py:190} INFO - [2025-09-07T00:18:54.803+0000] {dag.py:3239} INFO - Sync 1 DAGs
[2025-09-07T00:18:54.839+0000] {logging_mixin.py:190} INFO - [2025-09-07T00:18:54.838+0000] {dag.py:4180} INFO - Setting next_dagrun for tutorial_taskflow_templates to 2025-09-06 00:00:00+00:00, run_after=2025-09-07 00:00:00+00:00
[2025-09-07T00:18:54.856+0000] {processor.py:208} INFO - Processing /home/airflow/.local/lib/python3.12/site-packages/airflow/example_dags/tutorial_taskflow_templates.py took 0.111 seconds
[2025-09-07T00:19:25.331+0000] {processor.py:186} INFO - Started process (PID=6427) to work on /home/airflow/.local/lib/python3.12/site-packages/airflow/example_dags/tutorial_taskflow_templates.py
[2025-09-07T00:19:25.333+0000] {processor.py:914} INFO - Processing file /home/airflow/.local/lib/python3.12/site-packages/airflow/example_dags/tutorial_taskflow_templates.py for tasks to queue
[2025-09-07T00:19:25.336+0000] {logging_mixin.py:190} INFO - [2025-09-07T00:19:25.335+0000] {dagbag.py:588} INFO - Filling up the DagBag from /home/airflow/.local/lib/python3.12/site-packages/airflow/example_dags/tutorial_taskflow_templates.py
[2025-09-07T00:19:25.359+0000] {processor.py:925} INFO - DAG(s) 'tutorial_taskflow_templates' retrieved from /home/airflow/.local/lib/python3.12/site-packages/airflow/example_dags/tutorial_taskflow_templates.py
[2025-09-07T00:19:25.405+0000] {logging_mixin.py:190} INFO - [2025-09-07T00:19:25.405+0000] {dag.py:3239} INFO - Sync 1 DAGs
[2025-09-07T00:19:25.440+0000] {logging_mixin.py:190} INFO - [2025-09-07T00:19:25.440+0000] {dag.py:4180} INFO - Setting next_dagrun for tutorial_taskflow_templates to 2025-09-06 00:00:00+00:00, run_after=2025-09-07 00:00:00+00:00
[2025-09-07T00:19:25.467+0000] {processor.py:208} INFO - Processing /home/airflow/.local/lib/python3.12/site-packages/airflow/example_dags/tutorial_taskflow_templates.py took 0.146 seconds
[2025-09-07T00:19:56.220+0000] {processor.py:186} INFO - Started process (PID=6493) to work on /home/airflow/.local/lib/python3.12/site-packages/airflow/example_dags/tutorial_taskflow_templates.py
[2025-09-07T00:19:56.221+0000] {processor.py:914} INFO - Processing file /home/airflow/.local/lib/python3.12/site-packages/airflow/example_dags/tutorial_taskflow_templates.py for tasks to queue
[2025-09-07T00:19:56.227+0000] {logging_mixin.py:190} INFO - [2025-09-07T00:19:56.227+0000] {dagbag.py:588} INFO - Filling up the DagBag from /home/airflow/.local/lib/python3.12/site-packages/airflow/example_dags/tutorial_taskflow_templates.py
[2025-09-07T00:19:56.249+0000] {processor.py:925} INFO - DAG(s) 'tutorial_taskflow_templates' retrieved from /home/airflow/.local/lib/python3.12/site-packages/airflow/example_dags/tutorial_taskflow_templates.py
[2025-09-07T00:19:56.274+0000] {logging_mixin.py:190} INFO - [2025-09-07T00:19:56.273+0000] {dag.py:3239} INFO - Sync 1 DAGs
[2025-09-07T00:19:56.301+0000] {logging_mixin.py:190} INFO - [2025-09-07T00:19:56.301+0000] {dag.py:4180} INFO - Setting next_dagrun for tutorial_taskflow_templates to 2025-09-06 00:00:00+00:00, run_after=2025-09-07 00:00:00+00:00
[2025-09-07T00:19:56.327+0000] {processor.py:208} INFO - Processing /home/airflow/.local/lib/python3.12/site-packages/airflow/example_dags/tutorial_taskflow_templates.py took 0.116 seconds
[2025-09-07T00:20:27.029+0000] {processor.py:186} INFO - Started process (PID=6559) to work on /home/airflow/.local/lib/python3.12/site-packages/airflow/example_dags/tutorial_taskflow_templates.py
[2025-09-07T00:20:27.031+0000] {processor.py:914} INFO - Processing file /home/airflow/.local/lib/python3.12/site-packages/airflow/example_dags/tutorial_taskflow_templates.py for tasks to queue
[2025-09-07T00:20:27.033+0000] {logging_mixin.py:190} INFO - [2025-09-07T00:20:27.032+0000] {dagbag.py:588} INFO - Filling up the DagBag from /home/airflow/.local/lib/python3.12/site-packages/airflow/example_dags/tutorial_taskflow_templates.py
[2025-09-07T00:20:27.049+0000] {processor.py:925} INFO - DAG(s) 'tutorial_taskflow_templates' retrieved from /home/airflow/.local/lib/python3.12/site-packages/airflow/example_dags/tutorial_taskflow_templates.py
[2025-09-07T00:20:27.077+0000] {logging_mixin.py:190} INFO - [2025-09-07T00:20:27.077+0000] {dag.py:3239} INFO - Sync 1 DAGs
[2025-09-07T00:20:27.116+0000] {logging_mixin.py:190} INFO - [2025-09-07T00:20:27.115+0000] {dag.py:4180} INFO - Setting next_dagrun for tutorial_taskflow_templates to 2025-09-06 00:00:00+00:00, run_after=2025-09-07 00:00:00+00:00
[2025-09-07T00:20:27.139+0000] {processor.py:208} INFO - Processing /home/airflow/.local/lib/python3.12/site-packages/airflow/example_dags/tutorial_taskflow_templates.py took 0.118 seconds
