[2025-09-07T00:00:01.096+0000] {processor.py:186} INFO - Started process (PID=3941) to work on /home/airflow/.local/lib/python3.12/site-packages/airflow/example_dags/tutorial.py
[2025-09-07T00:00:01.098+0000] {processor.py:914} INFO - Processing file /home/airflow/.local/lib/python3.12/site-packages/airflow/example_dags/tutorial.py for tasks to queue
[2025-09-07T00:00:01.101+0000] {logging_mixin.py:190} INFO - [2025-09-07T00:00:01.100+0000] {dagbag.py:588} INFO - Filling up the DagBag from /home/airflow/.local/lib/python3.12/site-packages/airflow/example_dags/tutorial.py
[2025-09-07T00:00:01.115+0000] {processor.py:925} INFO - DAG(s) 'tutorial' retrieved from /home/airflow/.local/lib/python3.12/site-packages/airflow/example_dags/tutorial.py
[2025-09-07T00:00:01.151+0000] {logging_mixin.py:190} INFO - [2025-09-07T00:00:01.150+0000] {dag.py:3239} INFO - Sync 1 DAGs
[2025-09-07T00:00:01.186+0000] {logging_mixin.py:190} INFO - [2025-09-07T00:00:01.186+0000] {dag.py:4180} INFO - Setting next_dagrun for tutorial to 2025-09-06 00:00:00+00:00, run_after=2025-09-07 00:00:00+00:00
[2025-09-07T00:00:01.216+0000] {processor.py:208} INFO - Processing /home/airflow/.local/lib/python3.12/site-packages/airflow/example_dags/tutorial.py took 0.128 seconds
[2025-09-07T00:00:31.268+0000] {processor.py:186} INFO - Started process (PID=4006) to work on /home/airflow/.local/lib/python3.12/site-packages/airflow/example_dags/tutorial.py
[2025-09-07T00:00:31.270+0000] {processor.py:914} INFO - Processing file /home/airflow/.local/lib/python3.12/site-packages/airflow/example_dags/tutorial.py for tasks to queue
[2025-09-07T00:00:31.273+0000] {logging_mixin.py:190} INFO - [2025-09-07T00:00:31.272+0000] {dagbag.py:588} INFO - Filling up the DagBag from /home/airflow/.local/lib/python3.12/site-packages/airflow/example_dags/tutorial.py
[2025-09-07T00:00:31.288+0000] {processor.py:925} INFO - DAG(s) 'tutorial' retrieved from /home/airflow/.local/lib/python3.12/site-packages/airflow/example_dags/tutorial.py
[2025-09-07T00:00:31.323+0000] {logging_mixin.py:190} INFO - [2025-09-07T00:00:31.322+0000] {dag.py:3239} INFO - Sync 1 DAGs
[2025-09-07T00:00:31.362+0000] {logging_mixin.py:190} INFO - [2025-09-07T00:00:31.362+0000] {dag.py:4180} INFO - Setting next_dagrun for tutorial to 2025-09-06 00:00:00+00:00, run_after=2025-09-07 00:00:00+00:00
[2025-09-07T00:00:31.404+0000] {processor.py:208} INFO - Processing /home/airflow/.local/lib/python3.12/site-packages/airflow/example_dags/tutorial.py took 0.145 seconds
[2025-09-07T00:01:01.992+0000] {processor.py:186} INFO - Started process (PID=4065) to work on /home/airflow/.local/lib/python3.12/site-packages/airflow/example_dags/tutorial.py
[2025-09-07T00:01:01.993+0000] {processor.py:914} INFO - Processing file /home/airflow/.local/lib/python3.12/site-packages/airflow/example_dags/tutorial.py for tasks to queue
[2025-09-07T00:01:01.995+0000] {logging_mixin.py:190} INFO - [2025-09-07T00:01:01.995+0000] {dagbag.py:588} INFO - Filling up the DagBag from /home/airflow/.local/lib/python3.12/site-packages/airflow/example_dags/tutorial.py
[2025-09-07T00:01:02.011+0000] {processor.py:925} INFO - DAG(s) 'tutorial' retrieved from /home/airflow/.local/lib/python3.12/site-packages/airflow/example_dags/tutorial.py
[2025-09-07T00:01:02.042+0000] {logging_mixin.py:190} INFO - [2025-09-07T00:01:02.042+0000] {dag.py:3239} INFO - Sync 1 DAGs
[2025-09-07T00:01:02.074+0000] {logging_mixin.py:190} INFO - [2025-09-07T00:01:02.074+0000] {dag.py:4180} INFO - Setting next_dagrun for tutorial to 2025-09-06 00:00:00+00:00, run_after=2025-09-07 00:00:00+00:00
[2025-09-07T00:01:02.100+0000] {processor.py:208} INFO - Processing /home/airflow/.local/lib/python3.12/site-packages/airflow/example_dags/tutorial.py took 0.114 seconds
[2025-09-07T00:01:32.163+0000] {processor.py:186} INFO - Started process (PID=4131) to work on /home/airflow/.local/lib/python3.12/site-packages/airflow/example_dags/tutorial.py
[2025-09-07T00:01:32.164+0000] {processor.py:914} INFO - Processing file /home/airflow/.local/lib/python3.12/site-packages/airflow/example_dags/tutorial.py for tasks to queue
[2025-09-07T00:01:32.167+0000] {logging_mixin.py:190} INFO - [2025-09-07T00:01:32.166+0000] {dagbag.py:588} INFO - Filling up the DagBag from /home/airflow/.local/lib/python3.12/site-packages/airflow/example_dags/tutorial.py
[2025-09-07T00:01:32.180+0000] {processor.py:925} INFO - DAG(s) 'tutorial' retrieved from /home/airflow/.local/lib/python3.12/site-packages/airflow/example_dags/tutorial.py
[2025-09-07T00:01:32.210+0000] {logging_mixin.py:190} INFO - [2025-09-07T00:01:32.210+0000] {dag.py:3239} INFO - Sync 1 DAGs
[2025-09-07T00:01:32.243+0000] {logging_mixin.py:190} INFO - [2025-09-07T00:01:32.242+0000] {dag.py:4180} INFO - Setting next_dagrun for tutorial to 2025-09-06 00:00:00+00:00, run_after=2025-09-07 00:00:00+00:00
[2025-09-07T00:01:32.269+0000] {processor.py:208} INFO - Processing /home/airflow/.local/lib/python3.12/site-packages/airflow/example_dags/tutorial.py took 0.112 seconds
[2025-09-07T00:02:03.047+0000] {processor.py:186} INFO - Started process (PID=4196) to work on /home/airflow/.local/lib/python3.12/site-packages/airflow/example_dags/tutorial.py
[2025-09-07T00:02:03.049+0000] {processor.py:914} INFO - Processing file /home/airflow/.local/lib/python3.12/site-packages/airflow/example_dags/tutorial.py for tasks to queue
[2025-09-07T00:02:03.050+0000] {logging_mixin.py:190} INFO - [2025-09-07T00:02:03.050+0000] {dagbag.py:588} INFO - Filling up the DagBag from /home/airflow/.local/lib/python3.12/site-packages/airflow/example_dags/tutorial.py
[2025-09-07T00:02:03.064+0000] {processor.py:925} INFO - DAG(s) 'tutorial' retrieved from /home/airflow/.local/lib/python3.12/site-packages/airflow/example_dags/tutorial.py
[2025-09-07T00:02:03.087+0000] {logging_mixin.py:190} INFO - [2025-09-07T00:02:03.086+0000] {dag.py:3239} INFO - Sync 1 DAGs
[2025-09-07T00:02:03.120+0000] {logging_mixin.py:190} INFO - [2025-09-07T00:02:03.119+0000] {dag.py:4180} INFO - Setting next_dagrun for tutorial to 2025-09-06 00:00:00+00:00, run_after=2025-09-07 00:00:00+00:00
[2025-09-07T00:02:03.143+0000] {processor.py:208} INFO - Processing /home/airflow/.local/lib/python3.12/site-packages/airflow/example_dags/tutorial.py took 0.104 seconds
[2025-09-07T00:02:33.924+0000] {processor.py:186} INFO - Started process (PID=4262) to work on /home/airflow/.local/lib/python3.12/site-packages/airflow/example_dags/tutorial.py
[2025-09-07T00:02:33.925+0000] {processor.py:914} INFO - Processing file /home/airflow/.local/lib/python3.12/site-packages/airflow/example_dags/tutorial.py for tasks to queue
[2025-09-07T00:02:33.926+0000] {logging_mixin.py:190} INFO - [2025-09-07T00:02:33.926+0000] {dagbag.py:588} INFO - Filling up the DagBag from /home/airflow/.local/lib/python3.12/site-packages/airflow/example_dags/tutorial.py
[2025-09-07T00:02:33.938+0000] {processor.py:925} INFO - DAG(s) 'tutorial' retrieved from /home/airflow/.local/lib/python3.12/site-packages/airflow/example_dags/tutorial.py
[2025-09-07T00:02:33.968+0000] {logging_mixin.py:190} INFO - [2025-09-07T00:02:33.968+0000] {dag.py:3239} INFO - Sync 1 DAGs
[2025-09-07T00:02:33.996+0000] {logging_mixin.py:190} INFO - [2025-09-07T00:02:33.996+0000] {dag.py:4180} INFO - Setting next_dagrun for tutorial to 2025-09-06 00:00:00+00:00, run_after=2025-09-07 00:00:00+00:00
[2025-09-07T00:02:34.025+0000] {processor.py:208} INFO - Processing /home/airflow/.local/lib/python3.12/site-packages/airflow/example_dags/tutorial.py took 0.106 seconds
[2025-09-07T00:03:04.790+0000] {processor.py:186} INFO - Started process (PID=4328) to work on /home/airflow/.local/lib/python3.12/site-packages/airflow/example_dags/tutorial.py
[2025-09-07T00:03:04.792+0000] {processor.py:914} INFO - Processing file /home/airflow/.local/lib/python3.12/site-packages/airflow/example_dags/tutorial.py for tasks to queue
[2025-09-07T00:03:04.793+0000] {logging_mixin.py:190} INFO - [2025-09-07T00:03:04.793+0000] {dagbag.py:588} INFO - Filling up the DagBag from /home/airflow/.local/lib/python3.12/site-packages/airflow/example_dags/tutorial.py
[2025-09-07T00:03:04.803+0000] {processor.py:925} INFO - DAG(s) 'tutorial' retrieved from /home/airflow/.local/lib/python3.12/site-packages/airflow/example_dags/tutorial.py
[2025-09-07T00:03:04.831+0000] {logging_mixin.py:190} INFO - [2025-09-07T00:03:04.831+0000] {dag.py:3239} INFO - Sync 1 DAGs
[2025-09-07T00:03:04.867+0000] {logging_mixin.py:190} INFO - [2025-09-07T00:03:04.867+0000] {dag.py:4180} INFO - Setting next_dagrun for tutorial to 2025-09-06 00:00:00+00:00, run_after=2025-09-07 00:00:00+00:00
[2025-09-07T00:03:04.894+0000] {processor.py:208} INFO - Processing /home/airflow/.local/lib/python3.12/site-packages/airflow/example_dags/tutorial.py took 0.112 seconds
[2025-09-07T00:03:35.497+0000] {processor.py:186} INFO - Started process (PID=4394) to work on /home/airflow/.local/lib/python3.12/site-packages/airflow/example_dags/tutorial.py
[2025-09-07T00:03:35.498+0000] {processor.py:914} INFO - Processing file /home/airflow/.local/lib/python3.12/site-packages/airflow/example_dags/tutorial.py for tasks to queue
[2025-09-07T00:03:35.501+0000] {logging_mixin.py:190} INFO - [2025-09-07T00:03:35.500+0000] {dagbag.py:588} INFO - Filling up the DagBag from /home/airflow/.local/lib/python3.12/site-packages/airflow/example_dags/tutorial.py
[2025-09-07T00:03:35.513+0000] {processor.py:925} INFO - DAG(s) 'tutorial' retrieved from /home/airflow/.local/lib/python3.12/site-packages/airflow/example_dags/tutorial.py
[2025-09-07T00:03:35.548+0000] {logging_mixin.py:190} INFO - [2025-09-07T00:03:35.547+0000] {dag.py:3239} INFO - Sync 1 DAGs
[2025-09-07T00:03:35.584+0000] {logging_mixin.py:190} INFO - [2025-09-07T00:03:35.584+0000] {dag.py:4180} INFO - Setting next_dagrun for tutorial to 2025-09-06 00:00:00+00:00, run_after=2025-09-07 00:00:00+00:00
[2025-09-07T00:03:35.612+0000] {processor.py:208} INFO - Processing /home/airflow/.local/lib/python3.12/site-packages/airflow/example_dags/tutorial.py took 0.123 seconds
[2025-09-07T00:04:05.967+0000] {processor.py:186} INFO - Started process (PID=4460) to work on /home/airflow/.local/lib/python3.12/site-packages/airflow/example_dags/tutorial.py
[2025-09-07T00:04:05.970+0000] {processor.py:914} INFO - Processing file /home/airflow/.local/lib/python3.12/site-packages/airflow/example_dags/tutorial.py for tasks to queue
[2025-09-07T00:04:05.972+0000] {logging_mixin.py:190} INFO - [2025-09-07T00:04:05.971+0000] {dagbag.py:588} INFO - Filling up the DagBag from /home/airflow/.local/lib/python3.12/site-packages/airflow/example_dags/tutorial.py
[2025-09-07T00:04:05.989+0000] {processor.py:925} INFO - DAG(s) 'tutorial' retrieved from /home/airflow/.local/lib/python3.12/site-packages/airflow/example_dags/tutorial.py
[2025-09-07T00:04:06.028+0000] {logging_mixin.py:190} INFO - [2025-09-07T00:04:06.028+0000] {dag.py:3239} INFO - Sync 1 DAGs
[2025-09-07T00:04:06.057+0000] {logging_mixin.py:190} INFO - [2025-09-07T00:04:06.057+0000] {dag.py:4180} INFO - Setting next_dagrun for tutorial to 2025-09-06 00:00:00+00:00, run_after=2025-09-07 00:00:00+00:00
[2025-09-07T00:04:06.083+0000] {processor.py:208} INFO - Processing /home/airflow/.local/lib/python3.12/site-packages/airflow/example_dags/tutorial.py took 0.125 seconds
[2025-09-07T00:04:37.021+0000] {processor.py:186} INFO - Started process (PID=4526) to work on /home/airflow/.local/lib/python3.12/site-packages/airflow/example_dags/tutorial.py
[2025-09-07T00:04:37.023+0000] {processor.py:914} INFO - Processing file /home/airflow/.local/lib/python3.12/site-packages/airflow/example_dags/tutorial.py for tasks to queue
[2025-09-07T00:04:37.025+0000] {logging_mixin.py:190} INFO - [2025-09-07T00:04:37.025+0000] {dagbag.py:588} INFO - Filling up the DagBag from /home/airflow/.local/lib/python3.12/site-packages/airflow/example_dags/tutorial.py
[2025-09-07T00:04:37.041+0000] {processor.py:925} INFO - DAG(s) 'tutorial' retrieved from /home/airflow/.local/lib/python3.12/site-packages/airflow/example_dags/tutorial.py
[2025-09-07T00:04:37.076+0000] {logging_mixin.py:190} INFO - [2025-09-07T00:04:37.075+0000] {dag.py:3239} INFO - Sync 1 DAGs
[2025-09-07T00:04:37.116+0000] {logging_mixin.py:190} INFO - [2025-09-07T00:04:37.115+0000] {dag.py:4180} INFO - Setting next_dagrun for tutorial to 2025-09-06 00:00:00+00:00, run_after=2025-09-07 00:00:00+00:00
[2025-09-07T00:04:37.152+0000] {processor.py:208} INFO - Processing /home/airflow/.local/lib/python3.12/site-packages/airflow/example_dags/tutorial.py took 0.140 seconds
[2025-09-07T00:05:07.610+0000] {processor.py:186} INFO - Started process (PID=4592) to work on /home/airflow/.local/lib/python3.12/site-packages/airflow/example_dags/tutorial.py
[2025-09-07T00:05:07.611+0000] {processor.py:914} INFO - Processing file /home/airflow/.local/lib/python3.12/site-packages/airflow/example_dags/tutorial.py for tasks to queue
[2025-09-07T00:05:07.614+0000] {logging_mixin.py:190} INFO - [2025-09-07T00:05:07.613+0000] {dagbag.py:588} INFO - Filling up the DagBag from /home/airflow/.local/lib/python3.12/site-packages/airflow/example_dags/tutorial.py
[2025-09-07T00:05:07.629+0000] {processor.py:925} INFO - DAG(s) 'tutorial' retrieved from /home/airflow/.local/lib/python3.12/site-packages/airflow/example_dags/tutorial.py
[2025-09-07T00:05:07.682+0000] {logging_mixin.py:190} INFO - [2025-09-07T00:05:07.682+0000] {dag.py:3239} INFO - Sync 1 DAGs
[2025-09-07T00:05:07.726+0000] {logging_mixin.py:190} INFO - [2025-09-07T00:05:07.726+0000] {dag.py:4180} INFO - Setting next_dagrun for tutorial to 2025-09-06 00:00:00+00:00, run_after=2025-09-07 00:00:00+00:00
[2025-09-07T00:05:07.752+0000] {processor.py:208} INFO - Processing /home/airflow/.local/lib/python3.12/site-packages/airflow/example_dags/tutorial.py took 0.151 seconds
[2025-09-07T00:05:38.609+0000] {processor.py:186} INFO - Started process (PID=4658) to work on /home/airflow/.local/lib/python3.12/site-packages/airflow/example_dags/tutorial.py
[2025-09-07T00:05:38.609+0000] {processor.py:914} INFO - Processing file /home/airflow/.local/lib/python3.12/site-packages/airflow/example_dags/tutorial.py for tasks to queue
[2025-09-07T00:05:38.611+0000] {logging_mixin.py:190} INFO - [2025-09-07T00:05:38.610+0000] {dagbag.py:588} INFO - Filling up the DagBag from /home/airflow/.local/lib/python3.12/site-packages/airflow/example_dags/tutorial.py
[2025-09-07T00:05:38.625+0000] {processor.py:925} INFO - DAG(s) 'tutorial' retrieved from /home/airflow/.local/lib/python3.12/site-packages/airflow/example_dags/tutorial.py
[2025-09-07T00:05:38.655+0000] {logging_mixin.py:190} INFO - [2025-09-07T00:05:38.655+0000] {dag.py:3239} INFO - Sync 1 DAGs
[2025-09-07T00:05:38.687+0000] {logging_mixin.py:190} INFO - [2025-09-07T00:05:38.687+0000] {dag.py:4180} INFO - Setting next_dagrun for tutorial to 2025-09-06 00:00:00+00:00, run_after=2025-09-07 00:00:00+00:00
[2025-09-07T00:05:38.719+0000] {processor.py:208} INFO - Processing /home/airflow/.local/lib/python3.12/site-packages/airflow/example_dags/tutorial.py took 0.116 seconds
[2025-09-07T00:06:09.498+0000] {processor.py:186} INFO - Started process (PID=4724) to work on /home/airflow/.local/lib/python3.12/site-packages/airflow/example_dags/tutorial.py
[2025-09-07T00:06:09.500+0000] {processor.py:914} INFO - Processing file /home/airflow/.local/lib/python3.12/site-packages/airflow/example_dags/tutorial.py for tasks to queue
[2025-09-07T00:06:09.502+0000] {logging_mixin.py:190} INFO - [2025-09-07T00:06:09.502+0000] {dagbag.py:588} INFO - Filling up the DagBag from /home/airflow/.local/lib/python3.12/site-packages/airflow/example_dags/tutorial.py
[2025-09-07T00:06:09.512+0000] {processor.py:925} INFO - DAG(s) 'tutorial' retrieved from /home/airflow/.local/lib/python3.12/site-packages/airflow/example_dags/tutorial.py
[2025-09-07T00:06:09.544+0000] {logging_mixin.py:190} INFO - [2025-09-07T00:06:09.543+0000] {dag.py:3239} INFO - Sync 1 DAGs
[2025-09-07T00:06:09.572+0000] {logging_mixin.py:190} INFO - [2025-09-07T00:06:09.572+0000] {dag.py:4180} INFO - Setting next_dagrun for tutorial to 2025-09-06 00:00:00+00:00, run_after=2025-09-07 00:00:00+00:00
[2025-09-07T00:06:09.597+0000] {processor.py:208} INFO - Processing /home/airflow/.local/lib/python3.12/site-packages/airflow/example_dags/tutorial.py took 0.110 seconds
[2025-09-07T00:06:40.060+0000] {processor.py:186} INFO - Started process (PID=4790) to work on /home/airflow/.local/lib/python3.12/site-packages/airflow/example_dags/tutorial.py
[2025-09-07T00:06:40.061+0000] {processor.py:914} INFO - Processing file /home/airflow/.local/lib/python3.12/site-packages/airflow/example_dags/tutorial.py for tasks to queue
[2025-09-07T00:06:40.063+0000] {logging_mixin.py:190} INFO - [2025-09-07T00:06:40.063+0000] {dagbag.py:588} INFO - Filling up the DagBag from /home/airflow/.local/lib/python3.12/site-packages/airflow/example_dags/tutorial.py
[2025-09-07T00:06:40.080+0000] {processor.py:925} INFO - DAG(s) 'tutorial' retrieved from /home/airflow/.local/lib/python3.12/site-packages/airflow/example_dags/tutorial.py
[2025-09-07T00:06:40.108+0000] {logging_mixin.py:190} INFO - [2025-09-07T00:06:40.107+0000] {dag.py:3239} INFO - Sync 1 DAGs
[2025-09-07T00:06:40.135+0000] {logging_mixin.py:190} INFO - [2025-09-07T00:06:40.134+0000] {dag.py:4180} INFO - Setting next_dagrun for tutorial to 2025-09-06 00:00:00+00:00, run_after=2025-09-07 00:00:00+00:00
[2025-09-07T00:06:40.161+0000] {processor.py:208} INFO - Processing /home/airflow/.local/lib/python3.12/site-packages/airflow/example_dags/tutorial.py took 0.107 seconds
[2025-09-07T00:07:10.483+0000] {processor.py:186} INFO - Started process (PID=4856) to work on /home/airflow/.local/lib/python3.12/site-packages/airflow/example_dags/tutorial.py
[2025-09-07T00:07:10.485+0000] {processor.py:914} INFO - Processing file /home/airflow/.local/lib/python3.12/site-packages/airflow/example_dags/tutorial.py for tasks to queue
[2025-09-07T00:07:10.487+0000] {logging_mixin.py:190} INFO - [2025-09-07T00:07:10.487+0000] {dagbag.py:588} INFO - Filling up the DagBag from /home/airflow/.local/lib/python3.12/site-packages/airflow/example_dags/tutorial.py
[2025-09-07T00:07:10.501+0000] {processor.py:925} INFO - DAG(s) 'tutorial' retrieved from /home/airflow/.local/lib/python3.12/site-packages/airflow/example_dags/tutorial.py
[2025-09-07T00:07:10.532+0000] {logging_mixin.py:190} INFO - [2025-09-07T00:07:10.532+0000] {dag.py:3239} INFO - Sync 1 DAGs
[2025-09-07T00:07:10.561+0000] {logging_mixin.py:190} INFO - [2025-09-07T00:07:10.561+0000] {dag.py:4180} INFO - Setting next_dagrun for tutorial to 2025-09-06 00:00:00+00:00, run_after=2025-09-07 00:00:00+00:00
[2025-09-07T00:07:10.589+0000] {processor.py:208} INFO - Processing /home/airflow/.local/lib/python3.12/site-packages/airflow/example_dags/tutorial.py took 0.111 seconds
[2025-09-07T00:07:41.030+0000] {processor.py:186} INFO - Started process (PID=4922) to work on /home/airflow/.local/lib/python3.12/site-packages/airflow/example_dags/tutorial.py
[2025-09-07T00:07:41.033+0000] {processor.py:914} INFO - Processing file /home/airflow/.local/lib/python3.12/site-packages/airflow/example_dags/tutorial.py for tasks to queue
[2025-09-07T00:07:41.036+0000] {logging_mixin.py:190} INFO - [2025-09-07T00:07:41.035+0000] {dagbag.py:588} INFO - Filling up the DagBag from /home/airflow/.local/lib/python3.12/site-packages/airflow/example_dags/tutorial.py
[2025-09-07T00:07:41.053+0000] {processor.py:925} INFO - DAG(s) 'tutorial' retrieved from /home/airflow/.local/lib/python3.12/site-packages/airflow/example_dags/tutorial.py
[2025-09-07T00:07:41.088+0000] {logging_mixin.py:190} INFO - [2025-09-07T00:07:41.087+0000] {dag.py:3239} INFO - Sync 1 DAGs
[2025-09-07T00:07:41.122+0000] {logging_mixin.py:190} INFO - [2025-09-07T00:07:41.122+0000] {dag.py:4180} INFO - Setting next_dagrun for tutorial to 2025-09-06 00:00:00+00:00, run_after=2025-09-07 00:00:00+00:00
[2025-09-07T00:07:41.155+0000] {processor.py:208} INFO - Processing /home/airflow/.local/lib/python3.12/site-packages/airflow/example_dags/tutorial.py took 0.132 seconds
[2025-09-07T00:08:11.836+0000] {processor.py:186} INFO - Started process (PID=4988) to work on /home/airflow/.local/lib/python3.12/site-packages/airflow/example_dags/tutorial.py
[2025-09-07T00:08:11.838+0000] {processor.py:914} INFO - Processing file /home/airflow/.local/lib/python3.12/site-packages/airflow/example_dags/tutorial.py for tasks to queue
[2025-09-07T00:08:11.840+0000] {logging_mixin.py:190} INFO - [2025-09-07T00:08:11.839+0000] {dagbag.py:588} INFO - Filling up the DagBag from /home/airflow/.local/lib/python3.12/site-packages/airflow/example_dags/tutorial.py
[2025-09-07T00:08:11.851+0000] {processor.py:925} INFO - DAG(s) 'tutorial' retrieved from /home/airflow/.local/lib/python3.12/site-packages/airflow/example_dags/tutorial.py
[2025-09-07T00:08:11.891+0000] {logging_mixin.py:190} INFO - [2025-09-07T00:08:11.890+0000] {dag.py:3239} INFO - Sync 1 DAGs
[2025-09-07T00:08:11.925+0000] {logging_mixin.py:190} INFO - [2025-09-07T00:08:11.924+0000] {dag.py:4180} INFO - Setting next_dagrun for tutorial to 2025-09-06 00:00:00+00:00, run_after=2025-09-07 00:00:00+00:00
[2025-09-07T00:08:11.956+0000] {processor.py:208} INFO - Processing /home/airflow/.local/lib/python3.12/site-packages/airflow/example_dags/tutorial.py took 0.126 seconds
[2025-09-07T00:08:42.097+0000] {processor.py:186} INFO - Started process (PID=5046) to work on /home/airflow/.local/lib/python3.12/site-packages/airflow/example_dags/tutorial.py
[2025-09-07T00:08:42.098+0000] {processor.py:914} INFO - Processing file /home/airflow/.local/lib/python3.12/site-packages/airflow/example_dags/tutorial.py for tasks to queue
[2025-09-07T00:08:42.101+0000] {logging_mixin.py:190} INFO - [2025-09-07T00:08:42.101+0000] {dagbag.py:588} INFO - Filling up the DagBag from /home/airflow/.local/lib/python3.12/site-packages/airflow/example_dags/tutorial.py
[2025-09-07T00:08:42.116+0000] {processor.py:925} INFO - DAG(s) 'tutorial' retrieved from /home/airflow/.local/lib/python3.12/site-packages/airflow/example_dags/tutorial.py
[2025-09-07T00:08:42.142+0000] {logging_mixin.py:190} INFO - [2025-09-07T00:08:42.142+0000] {dag.py:3239} INFO - Sync 1 DAGs
[2025-09-07T00:08:42.170+0000] {logging_mixin.py:190} INFO - [2025-09-07T00:08:42.170+0000] {dag.py:4180} INFO - Setting next_dagrun for tutorial to 2025-09-06 00:00:00+00:00, run_after=2025-09-07 00:00:00+00:00
[2025-09-07T00:08:42.194+0000] {processor.py:208} INFO - Processing /home/airflow/.local/lib/python3.12/site-packages/airflow/example_dags/tutorial.py took 0.107 seconds
[2025-09-07T00:09:12.285+0000] {processor.py:186} INFO - Started process (PID=5112) to work on /home/airflow/.local/lib/python3.12/site-packages/airflow/example_dags/tutorial.py
[2025-09-07T00:09:12.286+0000] {processor.py:914} INFO - Processing file /home/airflow/.local/lib/python3.12/site-packages/airflow/example_dags/tutorial.py for tasks to queue
[2025-09-07T00:09:12.288+0000] {logging_mixin.py:190} INFO - [2025-09-07T00:09:12.287+0000] {dagbag.py:588} INFO - Filling up the DagBag from /home/airflow/.local/lib/python3.12/site-packages/airflow/example_dags/tutorial.py
[2025-09-07T00:09:12.303+0000] {processor.py:925} INFO - DAG(s) 'tutorial' retrieved from /home/airflow/.local/lib/python3.12/site-packages/airflow/example_dags/tutorial.py
[2025-09-07T00:09:12.328+0000] {logging_mixin.py:190} INFO - [2025-09-07T00:09:12.328+0000] {dag.py:3239} INFO - Sync 1 DAGs
[2025-09-07T00:09:12.352+0000] {logging_mixin.py:190} INFO - [2025-09-07T00:09:12.352+0000] {dag.py:4180} INFO - Setting next_dagrun for tutorial to 2025-09-06 00:00:00+00:00, run_after=2025-09-07 00:00:00+00:00
[2025-09-07T00:09:12.382+0000] {processor.py:208} INFO - Processing /home/airflow/.local/lib/python3.12/site-packages/airflow/example_dags/tutorial.py took 0.107 seconds
[2025-09-07T00:09:42.484+0000] {processor.py:186} INFO - Started process (PID=5178) to work on /home/airflow/.local/lib/python3.12/site-packages/airflow/example_dags/tutorial.py
[2025-09-07T00:09:42.485+0000] {processor.py:914} INFO - Processing file /home/airflow/.local/lib/python3.12/site-packages/airflow/example_dags/tutorial.py for tasks to queue
[2025-09-07T00:09:42.488+0000] {logging_mixin.py:190} INFO - [2025-09-07T00:09:42.487+0000] {dagbag.py:588} INFO - Filling up the DagBag from /home/airflow/.local/lib/python3.12/site-packages/airflow/example_dags/tutorial.py
[2025-09-07T00:09:42.505+0000] {processor.py:925} INFO - DAG(s) 'tutorial' retrieved from /home/airflow/.local/lib/python3.12/site-packages/airflow/example_dags/tutorial.py
[2025-09-07T00:09:42.536+0000] {logging_mixin.py:190} INFO - [2025-09-07T00:09:42.536+0000] {dag.py:3239} INFO - Sync 1 DAGs
[2025-09-07T00:09:42.568+0000] {logging_mixin.py:190} INFO - [2025-09-07T00:09:42.568+0000] {dag.py:4180} INFO - Setting next_dagrun for tutorial to 2025-09-06 00:00:00+00:00, run_after=2025-09-07 00:00:00+00:00
[2025-09-07T00:09:42.593+0000] {processor.py:208} INFO - Processing /home/airflow/.local/lib/python3.12/site-packages/airflow/example_dags/tutorial.py took 0.117 seconds
[2025-09-07T00:10:13.274+0000] {processor.py:186} INFO - Started process (PID=5244) to work on /home/airflow/.local/lib/python3.12/site-packages/airflow/example_dags/tutorial.py
[2025-09-07T00:10:13.276+0000] {processor.py:914} INFO - Processing file /home/airflow/.local/lib/python3.12/site-packages/airflow/example_dags/tutorial.py for tasks to queue
[2025-09-07T00:10:13.279+0000] {logging_mixin.py:190} INFO - [2025-09-07T00:10:13.278+0000] {dagbag.py:588} INFO - Filling up the DagBag from /home/airflow/.local/lib/python3.12/site-packages/airflow/example_dags/tutorial.py
[2025-09-07T00:10:13.296+0000] {processor.py:925} INFO - DAG(s) 'tutorial' retrieved from /home/airflow/.local/lib/python3.12/site-packages/airflow/example_dags/tutorial.py
[2025-09-07T00:10:13.330+0000] {logging_mixin.py:190} INFO - [2025-09-07T00:10:13.330+0000] {dag.py:3239} INFO - Sync 1 DAGs
[2025-09-07T00:10:13.356+0000] {logging_mixin.py:190} INFO - [2025-09-07T00:10:13.356+0000] {dag.py:4180} INFO - Setting next_dagrun for tutorial to 2025-09-06 00:00:00+00:00, run_after=2025-09-07 00:00:00+00:00
[2025-09-07T00:10:13.382+0000] {processor.py:208} INFO - Processing /home/airflow/.local/lib/python3.12/site-packages/airflow/example_dags/tutorial.py took 0.116 seconds
[2025-09-07T00:10:43.491+0000] {processor.py:186} INFO - Started process (PID=5311) to work on /home/airflow/.local/lib/python3.12/site-packages/airflow/example_dags/tutorial.py
[2025-09-07T00:10:43.493+0000] {processor.py:914} INFO - Processing file /home/airflow/.local/lib/python3.12/site-packages/airflow/example_dags/tutorial.py for tasks to queue
[2025-09-07T00:10:43.497+0000] {logging_mixin.py:190} INFO - [2025-09-07T00:10:43.496+0000] {dagbag.py:588} INFO - Filling up the DagBag from /home/airflow/.local/lib/python3.12/site-packages/airflow/example_dags/tutorial.py
[2025-09-07T00:10:43.511+0000] {processor.py:925} INFO - DAG(s) 'tutorial' retrieved from /home/airflow/.local/lib/python3.12/site-packages/airflow/example_dags/tutorial.py
[2025-09-07T00:10:43.539+0000] {logging_mixin.py:190} INFO - [2025-09-07T00:10:43.538+0000] {dag.py:3239} INFO - Sync 1 DAGs
[2025-09-07T00:10:43.571+0000] {logging_mixin.py:190} INFO - [2025-09-07T00:10:43.571+0000] {dag.py:4180} INFO - Setting next_dagrun for tutorial to 2025-09-06 00:00:00+00:00, run_after=2025-09-07 00:00:00+00:00
[2025-09-07T00:10:43.593+0000] {processor.py:208} INFO - Processing /home/airflow/.local/lib/python3.12/site-packages/airflow/example_dags/tutorial.py took 0.111 seconds
[2025-09-07T00:11:14.131+0000] {processor.py:186} INFO - Started process (PID=5376) to work on /home/airflow/.local/lib/python3.12/site-packages/airflow/example_dags/tutorial.py
[2025-09-07T00:11:14.132+0000] {processor.py:914} INFO - Processing file /home/airflow/.local/lib/python3.12/site-packages/airflow/example_dags/tutorial.py for tasks to queue
[2025-09-07T00:11:14.135+0000] {logging_mixin.py:190} INFO - [2025-09-07T00:11:14.134+0000] {dagbag.py:588} INFO - Filling up the DagBag from /home/airflow/.local/lib/python3.12/site-packages/airflow/example_dags/tutorial.py
[2025-09-07T00:11:14.149+0000] {processor.py:925} INFO - DAG(s) 'tutorial' retrieved from /home/airflow/.local/lib/python3.12/site-packages/airflow/example_dags/tutorial.py
[2025-09-07T00:11:14.175+0000] {logging_mixin.py:190} INFO - [2025-09-07T00:11:14.175+0000] {dag.py:3239} INFO - Sync 1 DAGs
[2025-09-07T00:11:14.200+0000] {logging_mixin.py:190} INFO - [2025-09-07T00:11:14.200+0000] {dag.py:4180} INFO - Setting next_dagrun for tutorial to 2025-09-06 00:00:00+00:00, run_after=2025-09-07 00:00:00+00:00
[2025-09-07T00:11:14.223+0000] {processor.py:208} INFO - Processing /home/airflow/.local/lib/python3.12/site-packages/airflow/example_dags/tutorial.py took 0.101 seconds
[2025-09-07T00:11:44.459+0000] {processor.py:186} INFO - Started process (PID=5442) to work on /home/airflow/.local/lib/python3.12/site-packages/airflow/example_dags/tutorial.py
[2025-09-07T00:11:44.460+0000] {processor.py:914} INFO - Processing file /home/airflow/.local/lib/python3.12/site-packages/airflow/example_dags/tutorial.py for tasks to queue
[2025-09-07T00:11:44.463+0000] {logging_mixin.py:190} INFO - [2025-09-07T00:11:44.462+0000] {dagbag.py:588} INFO - Filling up the DagBag from /home/airflow/.local/lib/python3.12/site-packages/airflow/example_dags/tutorial.py
[2025-09-07T00:11:44.474+0000] {processor.py:925} INFO - DAG(s) 'tutorial' retrieved from /home/airflow/.local/lib/python3.12/site-packages/airflow/example_dags/tutorial.py
[2025-09-07T00:11:44.506+0000] {logging_mixin.py:190} INFO - [2025-09-07T00:11:44.505+0000] {dag.py:3239} INFO - Sync 1 DAGs
[2025-09-07T00:11:44.538+0000] {logging_mixin.py:190} INFO - [2025-09-07T00:11:44.538+0000] {dag.py:4180} INFO - Setting next_dagrun for tutorial to 2025-09-06 00:00:00+00:00, run_after=2025-09-07 00:00:00+00:00
[2025-09-07T00:11:44.569+0000] {processor.py:208} INFO - Processing /home/airflow/.local/lib/python3.12/site-packages/airflow/example_dags/tutorial.py took 0.117 seconds
[2025-09-07T00:12:14.611+0000] {processor.py:186} INFO - Started process (PID=5503) to work on /home/airflow/.local/lib/python3.12/site-packages/airflow/example_dags/tutorial.py
[2025-09-07T00:12:14.612+0000] {processor.py:914} INFO - Processing file /home/airflow/.local/lib/python3.12/site-packages/airflow/example_dags/tutorial.py for tasks to queue
[2025-09-07T00:12:14.615+0000] {logging_mixin.py:190} INFO - [2025-09-07T00:12:14.614+0000] {dagbag.py:588} INFO - Filling up the DagBag from /home/airflow/.local/lib/python3.12/site-packages/airflow/example_dags/tutorial.py
[2025-09-07T00:12:14.623+0000] {processor.py:925} INFO - DAG(s) 'tutorial' retrieved from /home/airflow/.local/lib/python3.12/site-packages/airflow/example_dags/tutorial.py
[2025-09-07T00:12:14.646+0000] {logging_mixin.py:190} INFO - [2025-09-07T00:12:14.646+0000] {dag.py:3239} INFO - Sync 1 DAGs
[2025-09-07T00:12:14.669+0000] {logging_mixin.py:190} INFO - [2025-09-07T00:12:14.668+0000] {dag.py:4180} INFO - Setting next_dagrun for tutorial to 2025-09-06 00:00:00+00:00, run_after=2025-09-07 00:00:00+00:00
[2025-09-07T00:12:14.843+0000] {processor.py:208} INFO - Processing /home/airflow/.local/lib/python3.12/site-packages/airflow/example_dags/tutorial.py took 0.239 seconds
[2025-09-07T00:12:45.720+0000] {processor.py:186} INFO - Started process (PID=5569) to work on /home/airflow/.local/lib/python3.12/site-packages/airflow/example_dags/tutorial.py
[2025-09-07T00:12:45.721+0000] {processor.py:914} INFO - Processing file /home/airflow/.local/lib/python3.12/site-packages/airflow/example_dags/tutorial.py for tasks to queue
[2025-09-07T00:12:45.723+0000] {logging_mixin.py:190} INFO - [2025-09-07T00:12:45.723+0000] {dagbag.py:588} INFO - Filling up the DagBag from /home/airflow/.local/lib/python3.12/site-packages/airflow/example_dags/tutorial.py
[2025-09-07T00:12:45.734+0000] {processor.py:925} INFO - DAG(s) 'tutorial' retrieved from /home/airflow/.local/lib/python3.12/site-packages/airflow/example_dags/tutorial.py
[2025-09-07T00:12:45.766+0000] {logging_mixin.py:190} INFO - [2025-09-07T00:12:45.765+0000] {dag.py:3239} INFO - Sync 1 DAGs
[2025-09-07T00:12:45.799+0000] {logging_mixin.py:190} INFO - [2025-09-07T00:12:45.799+0000] {dag.py:4180} INFO - Setting next_dagrun for tutorial to 2025-09-06 00:00:00+00:00, run_after=2025-09-07 00:00:00+00:00
[2025-09-07T00:12:45.832+0000] {processor.py:208} INFO - Processing /home/airflow/.local/lib/python3.12/site-packages/airflow/example_dags/tutorial.py took 0.121 seconds
[2025-09-07T00:13:15.874+0000] {processor.py:186} INFO - Started process (PID=5634) to work on /home/airflow/.local/lib/python3.12/site-packages/airflow/example_dags/tutorial.py
[2025-09-07T00:13:15.876+0000] {processor.py:914} INFO - Processing file /home/airflow/.local/lib/python3.12/site-packages/airflow/example_dags/tutorial.py for tasks to queue
[2025-09-07T00:13:15.880+0000] {logging_mixin.py:190} INFO - [2025-09-07T00:13:15.879+0000] {dagbag.py:588} INFO - Filling up the DagBag from /home/airflow/.local/lib/python3.12/site-packages/airflow/example_dags/tutorial.py
[2025-09-07T00:13:15.897+0000] {processor.py:925} INFO - DAG(s) 'tutorial' retrieved from /home/airflow/.local/lib/python3.12/site-packages/airflow/example_dags/tutorial.py
[2025-09-07T00:13:15.920+0000] {logging_mixin.py:190} INFO - [2025-09-07T00:13:15.919+0000] {dag.py:3239} INFO - Sync 1 DAGs
[2025-09-07T00:13:15.953+0000] {logging_mixin.py:190} INFO - [2025-09-07T00:13:15.952+0000] {dag.py:4180} INFO - Setting next_dagrun for tutorial to 2025-09-06 00:00:00+00:00, run_after=2025-09-07 00:00:00+00:00
[2025-09-07T00:13:15.974+0000] {processor.py:208} INFO - Processing /home/airflow/.local/lib/python3.12/site-packages/airflow/example_dags/tutorial.py took 0.109 seconds
[2025-09-07T00:13:46.476+0000] {processor.py:186} INFO - Started process (PID=5700) to work on /home/airflow/.local/lib/python3.12/site-packages/airflow/example_dags/tutorial.py
[2025-09-07T00:13:46.479+0000] {processor.py:914} INFO - Processing file /home/airflow/.local/lib/python3.12/site-packages/airflow/example_dags/tutorial.py for tasks to queue
[2025-09-07T00:13:46.482+0000] {logging_mixin.py:190} INFO - [2025-09-07T00:13:46.481+0000] {dagbag.py:588} INFO - Filling up the DagBag from /home/airflow/.local/lib/python3.12/site-packages/airflow/example_dags/tutorial.py
[2025-09-07T00:13:46.500+0000] {processor.py:925} INFO - DAG(s) 'tutorial' retrieved from /home/airflow/.local/lib/python3.12/site-packages/airflow/example_dags/tutorial.py
[2025-09-07T00:13:46.807+0000] {logging_mixin.py:190} INFO - [2025-09-07T00:13:46.806+0000] {dag.py:3239} INFO - Sync 1 DAGs
[2025-09-07T00:13:46.842+0000] {logging_mixin.py:190} INFO - [2025-09-07T00:13:46.841+0000] {dag.py:4180} INFO - Setting next_dagrun for tutorial to 2025-09-06 00:00:00+00:00, run_after=2025-09-07 00:00:00+00:00
[2025-09-07T00:13:46.871+0000] {processor.py:208} INFO - Processing /home/airflow/.local/lib/python3.12/site-packages/airflow/example_dags/tutorial.py took 0.405 seconds
[2025-09-07T00:14:17.282+0000] {processor.py:186} INFO - Started process (PID=5766) to work on /home/airflow/.local/lib/python3.12/site-packages/airflow/example_dags/tutorial.py
[2025-09-07T00:14:17.284+0000] {processor.py:914} INFO - Processing file /home/airflow/.local/lib/python3.12/site-packages/airflow/example_dags/tutorial.py for tasks to queue
[2025-09-07T00:14:17.287+0000] {logging_mixin.py:190} INFO - [2025-09-07T00:14:17.286+0000] {dagbag.py:588} INFO - Filling up the DagBag from /home/airflow/.local/lib/python3.12/site-packages/airflow/example_dags/tutorial.py
[2025-09-07T00:14:17.305+0000] {processor.py:925} INFO - DAG(s) 'tutorial' retrieved from /home/airflow/.local/lib/python3.12/site-packages/airflow/example_dags/tutorial.py
[2025-09-07T00:14:17.330+0000] {logging_mixin.py:190} INFO - [2025-09-07T00:14:17.330+0000] {dag.py:3239} INFO - Sync 1 DAGs
[2025-09-07T00:14:17.667+0000] {logging_mixin.py:190} INFO - [2025-09-07T00:14:17.667+0000] {dag.py:4180} INFO - Setting next_dagrun for tutorial to 2025-09-06 00:00:00+00:00, run_after=2025-09-07 00:00:00+00:00
[2025-09-07T00:14:17.693+0000] {processor.py:208} INFO - Processing /home/airflow/.local/lib/python3.12/site-packages/airflow/example_dags/tutorial.py took 0.417 seconds
[2025-09-07T00:14:47.809+0000] {processor.py:186} INFO - Started process (PID=5832) to work on /home/airflow/.local/lib/python3.12/site-packages/airflow/example_dags/tutorial.py
[2025-09-07T00:14:47.810+0000] {processor.py:914} INFO - Processing file /home/airflow/.local/lib/python3.12/site-packages/airflow/example_dags/tutorial.py for tasks to queue
[2025-09-07T00:14:47.813+0000] {logging_mixin.py:190} INFO - [2025-09-07T00:14:47.812+0000] {dagbag.py:588} INFO - Filling up the DagBag from /home/airflow/.local/lib/python3.12/site-packages/airflow/example_dags/tutorial.py
[2025-09-07T00:14:47.827+0000] {processor.py:925} INFO - DAG(s) 'tutorial' retrieved from /home/airflow/.local/lib/python3.12/site-packages/airflow/example_dags/tutorial.py
[2025-09-07T00:14:47.857+0000] {logging_mixin.py:190} INFO - [2025-09-07T00:14:47.856+0000] {dag.py:3239} INFO - Sync 1 DAGs
[2025-09-07T00:14:47.891+0000] {logging_mixin.py:190} INFO - [2025-09-07T00:14:47.891+0000] {dag.py:4180} INFO - Setting next_dagrun for tutorial to 2025-09-06 00:00:00+00:00, run_after=2025-09-07 00:00:00+00:00
[2025-09-07T00:14:48.106+0000] {processor.py:208} INFO - Processing /home/airflow/.local/lib/python3.12/site-packages/airflow/example_dags/tutorial.py took 0.306 seconds
[2025-09-07T00:15:18.848+0000] {processor.py:186} INFO - Started process (PID=5898) to work on /home/airflow/.local/lib/python3.12/site-packages/airflow/example_dags/tutorial.py
[2025-09-07T00:15:18.849+0000] {processor.py:914} INFO - Processing file /home/airflow/.local/lib/python3.12/site-packages/airflow/example_dags/tutorial.py for tasks to queue
[2025-09-07T00:15:18.851+0000] {logging_mixin.py:190} INFO - [2025-09-07T00:15:18.850+0000] {dagbag.py:588} INFO - Filling up the DagBag from /home/airflow/.local/lib/python3.12/site-packages/airflow/example_dags/tutorial.py
[2025-09-07T00:15:18.863+0000] {processor.py:925} INFO - DAG(s) 'tutorial' retrieved from /home/airflow/.local/lib/python3.12/site-packages/airflow/example_dags/tutorial.py
[2025-09-07T00:15:18.889+0000] {logging_mixin.py:190} INFO - [2025-09-07T00:15:18.889+0000] {dag.py:3239} INFO - Sync 1 DAGs
[2025-09-07T00:15:18.923+0000] {logging_mixin.py:190} INFO - [2025-09-07T00:15:18.922+0000] {dag.py:4180} INFO - Setting next_dagrun for tutorial to 2025-09-06 00:00:00+00:00, run_after=2025-09-07 00:00:00+00:00
[2025-09-07T00:15:18.950+0000] {processor.py:208} INFO - Processing /home/airflow/.local/lib/python3.12/site-packages/airflow/example_dags/tutorial.py took 0.109 seconds
[2025-09-07T00:15:49.433+0000] {processor.py:186} INFO - Started process (PID=5964) to work on /home/airflow/.local/lib/python3.12/site-packages/airflow/example_dags/tutorial.py
[2025-09-07T00:15:49.435+0000] {processor.py:914} INFO - Processing file /home/airflow/.local/lib/python3.12/site-packages/airflow/example_dags/tutorial.py for tasks to queue
[2025-09-07T00:15:49.438+0000] {logging_mixin.py:190} INFO - [2025-09-07T00:15:49.437+0000] {dagbag.py:588} INFO - Filling up the DagBag from /home/airflow/.local/lib/python3.12/site-packages/airflow/example_dags/tutorial.py
[2025-09-07T00:15:49.454+0000] {processor.py:925} INFO - DAG(s) 'tutorial' retrieved from /home/airflow/.local/lib/python3.12/site-packages/airflow/example_dags/tutorial.py
[2025-09-07T00:15:49.482+0000] {logging_mixin.py:190} INFO - [2025-09-07T00:15:49.481+0000] {dag.py:3239} INFO - Sync 1 DAGs
[2025-09-07T00:15:49.503+0000] {logging_mixin.py:190} INFO - [2025-09-07T00:15:49.503+0000] {dag.py:4180} INFO - Setting next_dagrun for tutorial to 2025-09-06 00:00:00+00:00, run_after=2025-09-07 00:00:00+00:00
[2025-09-07T00:15:49.523+0000] {processor.py:208} INFO - Processing /home/airflow/.local/lib/python3.12/site-packages/airflow/example_dags/tutorial.py took 0.095 seconds
[2025-09-07T00:16:20.125+0000] {processor.py:186} INFO - Started process (PID=6029) to work on /home/airflow/.local/lib/python3.12/site-packages/airflow/example_dags/tutorial.py
[2025-09-07T00:16:20.127+0000] {processor.py:914} INFO - Processing file /home/airflow/.local/lib/python3.12/site-packages/airflow/example_dags/tutorial.py for tasks to queue
[2025-09-07T00:16:20.130+0000] {logging_mixin.py:190} INFO - [2025-09-07T00:16:20.129+0000] {dagbag.py:588} INFO - Filling up the DagBag from /home/airflow/.local/lib/python3.12/site-packages/airflow/example_dags/tutorial.py
[2025-09-07T00:16:20.146+0000] {processor.py:925} INFO - DAG(s) 'tutorial' retrieved from /home/airflow/.local/lib/python3.12/site-packages/airflow/example_dags/tutorial.py
[2025-09-07T00:16:20.171+0000] {logging_mixin.py:190} INFO - [2025-09-07T00:16:20.170+0000] {dag.py:3239} INFO - Sync 1 DAGs
[2025-09-07T00:16:20.204+0000] {logging_mixin.py:190} INFO - [2025-09-07T00:16:20.204+0000] {dag.py:4180} INFO - Setting next_dagrun for tutorial to 2025-09-06 00:00:00+00:00, run_after=2025-09-07 00:00:00+00:00
[2025-09-07T00:16:20.227+0000] {processor.py:208} INFO - Processing /home/airflow/.local/lib/python3.12/site-packages/airflow/example_dags/tutorial.py took 0.112 seconds
[2025-09-07T00:16:50.577+0000] {processor.py:186} INFO - Started process (PID=6095) to work on /home/airflow/.local/lib/python3.12/site-packages/airflow/example_dags/tutorial.py
[2025-09-07T00:16:50.579+0000] {processor.py:914} INFO - Processing file /home/airflow/.local/lib/python3.12/site-packages/airflow/example_dags/tutorial.py for tasks to queue
[2025-09-07T00:16:50.581+0000] {logging_mixin.py:190} INFO - [2025-09-07T00:16:50.580+0000] {dagbag.py:588} INFO - Filling up the DagBag from /home/airflow/.local/lib/python3.12/site-packages/airflow/example_dags/tutorial.py
[2025-09-07T00:16:50.597+0000] {processor.py:925} INFO - DAG(s) 'tutorial' retrieved from /home/airflow/.local/lib/python3.12/site-packages/airflow/example_dags/tutorial.py
[2025-09-07T00:16:50.628+0000] {logging_mixin.py:190} INFO - [2025-09-07T00:16:50.628+0000] {dag.py:3239} INFO - Sync 1 DAGs
[2025-09-07T00:16:50.665+0000] {logging_mixin.py:190} INFO - [2025-09-07T00:16:50.665+0000] {dag.py:4180} INFO - Setting next_dagrun for tutorial to 2025-09-06 00:00:00+00:00, run_after=2025-09-07 00:00:00+00:00
[2025-09-07T00:16:50.694+0000] {processor.py:208} INFO - Processing /home/airflow/.local/lib/python3.12/site-packages/airflow/example_dags/tutorial.py took 0.126 seconds
[2025-09-07T00:17:21.341+0000] {processor.py:186} INFO - Started process (PID=6160) to work on /home/airflow/.local/lib/python3.12/site-packages/airflow/example_dags/tutorial.py
[2025-09-07T00:17:21.343+0000] {processor.py:914} INFO - Processing file /home/airflow/.local/lib/python3.12/site-packages/airflow/example_dags/tutorial.py for tasks to queue
[2025-09-07T00:17:21.345+0000] {logging_mixin.py:190} INFO - [2025-09-07T00:17:21.345+0000] {dagbag.py:588} INFO - Filling up the DagBag from /home/airflow/.local/lib/python3.12/site-packages/airflow/example_dags/tutorial.py
[2025-09-07T00:17:21.361+0000] {processor.py:925} INFO - DAG(s) 'tutorial' retrieved from /home/airflow/.local/lib/python3.12/site-packages/airflow/example_dags/tutorial.py
[2025-09-07T00:17:21.397+0000] {logging_mixin.py:190} INFO - [2025-09-07T00:17:21.396+0000] {dag.py:3239} INFO - Sync 1 DAGs
[2025-09-07T00:17:21.435+0000] {logging_mixin.py:190} INFO - [2025-09-07T00:17:21.434+0000] {dag.py:4180} INFO - Setting next_dagrun for tutorial to 2025-09-06 00:00:00+00:00, run_after=2025-09-07 00:00:00+00:00
[2025-09-07T00:17:21.465+0000] {processor.py:208} INFO - Processing /home/airflow/.local/lib/python3.12/site-packages/airflow/example_dags/tutorial.py took 0.133 seconds
[2025-09-07T00:17:51.985+0000] {processor.py:186} INFO - Started process (PID=6219) to work on /home/airflow/.local/lib/python3.12/site-packages/airflow/example_dags/tutorial.py
[2025-09-07T00:17:51.986+0000] {processor.py:914} INFO - Processing file /home/airflow/.local/lib/python3.12/site-packages/airflow/example_dags/tutorial.py for tasks to queue
[2025-09-07T00:17:51.988+0000] {logging_mixin.py:190} INFO - [2025-09-07T00:17:51.987+0000] {dagbag.py:588} INFO - Filling up the DagBag from /home/airflow/.local/lib/python3.12/site-packages/airflow/example_dags/tutorial.py
[2025-09-07T00:17:52.004+0000] {processor.py:925} INFO - DAG(s) 'tutorial' retrieved from /home/airflow/.local/lib/python3.12/site-packages/airflow/example_dags/tutorial.py
[2025-09-07T00:17:52.035+0000] {logging_mixin.py:190} INFO - [2025-09-07T00:17:52.035+0000] {dag.py:3239} INFO - Sync 1 DAGs
[2025-09-07T00:17:52.072+0000] {logging_mixin.py:190} INFO - [2025-09-07T00:17:52.072+0000] {dag.py:4180} INFO - Setting next_dagrun for tutorial to 2025-09-06 00:00:00+00:00, run_after=2025-09-07 00:00:00+00:00
[2025-09-07T00:17:52.101+0000] {processor.py:208} INFO - Processing /home/airflow/.local/lib/python3.12/site-packages/airflow/example_dags/tutorial.py took 0.121 seconds
[2025-09-07T00:18:22.794+0000] {processor.py:186} INFO - Started process (PID=6285) to work on /home/airflow/.local/lib/python3.12/site-packages/airflow/example_dags/tutorial.py
[2025-09-07T00:18:22.795+0000] {processor.py:914} INFO - Processing file /home/airflow/.local/lib/python3.12/site-packages/airflow/example_dags/tutorial.py for tasks to queue
[2025-09-07T00:18:22.798+0000] {logging_mixin.py:190} INFO - [2025-09-07T00:18:22.797+0000] {dagbag.py:588} INFO - Filling up the DagBag from /home/airflow/.local/lib/python3.12/site-packages/airflow/example_dags/tutorial.py
[2025-09-07T00:18:22.813+0000] {processor.py:925} INFO - DAG(s) 'tutorial' retrieved from /home/airflow/.local/lib/python3.12/site-packages/airflow/example_dags/tutorial.py
[2025-09-07T00:18:22.842+0000] {logging_mixin.py:190} INFO - [2025-09-07T00:18:22.842+0000] {dag.py:3239} INFO - Sync 1 DAGs
[2025-09-07T00:18:22.874+0000] {logging_mixin.py:190} INFO - [2025-09-07T00:18:22.874+0000] {dag.py:4180} INFO - Setting next_dagrun for tutorial to 2025-09-06 00:00:00+00:00, run_after=2025-09-07 00:00:00+00:00
[2025-09-07T00:18:22.899+0000] {processor.py:208} INFO - Processing /home/airflow/.local/lib/python3.12/site-packages/airflow/example_dags/tutorial.py took 0.115 seconds
[2025-09-07T00:18:53.542+0000] {processor.py:186} INFO - Started process (PID=6351) to work on /home/airflow/.local/lib/python3.12/site-packages/airflow/example_dags/tutorial.py
[2025-09-07T00:18:53.544+0000] {processor.py:914} INFO - Processing file /home/airflow/.local/lib/python3.12/site-packages/airflow/example_dags/tutorial.py for tasks to queue
[2025-09-07T00:18:53.546+0000] {logging_mixin.py:190} INFO - [2025-09-07T00:18:53.546+0000] {dagbag.py:588} INFO - Filling up the DagBag from /home/airflow/.local/lib/python3.12/site-packages/airflow/example_dags/tutorial.py
[2025-09-07T00:18:53.562+0000] {processor.py:925} INFO - DAG(s) 'tutorial' retrieved from /home/airflow/.local/lib/python3.12/site-packages/airflow/example_dags/tutorial.py
[2025-09-07T00:18:53.585+0000] {logging_mixin.py:190} INFO - [2025-09-07T00:18:53.585+0000] {dag.py:3239} INFO - Sync 1 DAGs
[2025-09-07T00:18:53.621+0000] {logging_mixin.py:190} INFO - [2025-09-07T00:18:53.620+0000] {dag.py:4180} INFO - Setting next_dagrun for tutorial to 2025-09-06 00:00:00+00:00, run_after=2025-09-07 00:00:00+00:00
[2025-09-07T00:18:53.645+0000] {processor.py:208} INFO - Processing /home/airflow/.local/lib/python3.12/site-packages/airflow/example_dags/tutorial.py took 0.114 seconds
[2025-09-07T00:19:24.117+0000] {processor.py:186} INFO - Started process (PID=6416) to work on /home/airflow/.local/lib/python3.12/site-packages/airflow/example_dags/tutorial.py
[2025-09-07T00:19:24.118+0000] {processor.py:914} INFO - Processing file /home/airflow/.local/lib/python3.12/site-packages/airflow/example_dags/tutorial.py for tasks to queue
[2025-09-07T00:19:24.120+0000] {logging_mixin.py:190} INFO - [2025-09-07T00:19:24.120+0000] {dagbag.py:588} INFO - Filling up the DagBag from /home/airflow/.local/lib/python3.12/site-packages/airflow/example_dags/tutorial.py
[2025-09-07T00:19:24.133+0000] {processor.py:925} INFO - DAG(s) 'tutorial' retrieved from /home/airflow/.local/lib/python3.12/site-packages/airflow/example_dags/tutorial.py
[2025-09-07T00:19:24.164+0000] {logging_mixin.py:190} INFO - [2025-09-07T00:19:24.164+0000] {dag.py:3239} INFO - Sync 1 DAGs
[2025-09-07T00:19:24.197+0000] {logging_mixin.py:190} INFO - [2025-09-07T00:19:24.196+0000] {dag.py:4180} INFO - Setting next_dagrun for tutorial to 2025-09-06 00:00:00+00:00, run_after=2025-09-07 00:00:00+00:00
[2025-09-07T00:19:24.219+0000] {processor.py:208} INFO - Processing /home/airflow/.local/lib/python3.12/site-packages/airflow/example_dags/tutorial.py took 0.110 seconds
[2025-09-07T00:19:55.003+0000] {processor.py:186} INFO - Started process (PID=6482) to work on /home/airflow/.local/lib/python3.12/site-packages/airflow/example_dags/tutorial.py
[2025-09-07T00:19:55.006+0000] {processor.py:914} INFO - Processing file /home/airflow/.local/lib/python3.12/site-packages/airflow/example_dags/tutorial.py for tasks to queue
[2025-09-07T00:19:55.009+0000] {logging_mixin.py:190} INFO - [2025-09-07T00:19:55.007+0000] {dagbag.py:588} INFO - Filling up the DagBag from /home/airflow/.local/lib/python3.12/site-packages/airflow/example_dags/tutorial.py
[2025-09-07T00:19:55.024+0000] {processor.py:925} INFO - DAG(s) 'tutorial' retrieved from /home/airflow/.local/lib/python3.12/site-packages/airflow/example_dags/tutorial.py
[2025-09-07T00:19:55.049+0000] {logging_mixin.py:190} INFO - [2025-09-07T00:19:55.048+0000] {dag.py:3239} INFO - Sync 1 DAGs
[2025-09-07T00:19:55.076+0000] {logging_mixin.py:190} INFO - [2025-09-07T00:19:55.076+0000] {dag.py:4180} INFO - Setting next_dagrun for tutorial to 2025-09-06 00:00:00+00:00, run_after=2025-09-07 00:00:00+00:00
[2025-09-07T00:19:55.101+0000] {processor.py:208} INFO - Processing /home/airflow/.local/lib/python3.12/site-packages/airflow/example_dags/tutorial.py took 0.104 seconds
[2025-09-07T00:20:25.729+0000] {processor.py:186} INFO - Started process (PID=6548) to work on /home/airflow/.local/lib/python3.12/site-packages/airflow/example_dags/tutorial.py
[2025-09-07T00:20:25.730+0000] {processor.py:914} INFO - Processing file /home/airflow/.local/lib/python3.12/site-packages/airflow/example_dags/tutorial.py for tasks to queue
[2025-09-07T00:20:25.733+0000] {logging_mixin.py:190} INFO - [2025-09-07T00:20:25.732+0000] {dagbag.py:588} INFO - Filling up the DagBag from /home/airflow/.local/lib/python3.12/site-packages/airflow/example_dags/tutorial.py
[2025-09-07T00:20:25.749+0000] {processor.py:925} INFO - DAG(s) 'tutorial' retrieved from /home/airflow/.local/lib/python3.12/site-packages/airflow/example_dags/tutorial.py
[2025-09-07T00:20:25.777+0000] {logging_mixin.py:190} INFO - [2025-09-07T00:20:25.777+0000] {dag.py:3239} INFO - Sync 1 DAGs
[2025-09-07T00:20:25.811+0000] {logging_mixin.py:190} INFO - [2025-09-07T00:20:25.811+0000] {dag.py:4180} INFO - Setting next_dagrun for tutorial to 2025-09-06 00:00:00+00:00, run_after=2025-09-07 00:00:00+00:00
[2025-09-07T00:20:25.833+0000] {processor.py:208} INFO - Processing /home/airflow/.local/lib/python3.12/site-packages/airflow/example_dags/tutorial.py took 0.115 seconds
