[2025-09-07T00:00:25.460+0000] {processor.py:186} INFO - Started process (PID=3975) to work on /home/airflow/.local/lib/python3.12/site-packages/airflow/example_dags/tutorial_taskflow_api.py
[2025-09-07T00:00:25.461+0000] {processor.py:914} INFO - Processing file /home/airflow/.local/lib/python3.12/site-packages/airflow/example_dags/tutorial_taskflow_api.py for tasks to queue
[2025-09-07T00:00:25.463+0000] {logging_mixin.py:190} INFO - [2025-09-07T00:00:25.462+0000] {dagbag.py:588} INFO - Filling up the DagBag from /home/airflow/.local/lib/python3.12/site-packages/airflow/example_dags/tutorial_taskflow_api.py
[2025-09-07T00:00:25.477+0000] {processor.py:925} INFO - DAG(s) 'tutorial_taskflow_api' retrieved from /home/airflow/.local/lib/python3.12/site-packages/airflow/example_dags/tutorial_taskflow_api.py
[2025-09-07T00:00:25.502+0000] {logging_mixin.py:190} INFO - [2025-09-07T00:00:25.502+0000] {dag.py:3239} INFO - Sync 1 DAGs
[2025-09-07T00:00:25.522+0000] {logging_mixin.py:190} INFO - [2025-09-07T00:00:25.522+0000] {dag.py:4180} INFO - Setting next_dagrun for tutorial_taskflow_api to None, run_after=None
[2025-09-07T00:00:25.543+0000] {processor.py:208} INFO - Processing /home/airflow/.local/lib/python3.12/site-packages/airflow/example_dags/tutorial_taskflow_api.py took 0.091 seconds
[2025-09-07T00:00:56.164+0000] {processor.py:186} INFO - Started process (PID=4041) to work on /home/airflow/.local/lib/python3.12/site-packages/airflow/example_dags/tutorial_taskflow_api.py
[2025-09-07T00:00:56.166+0000] {processor.py:914} INFO - Processing file /home/airflow/.local/lib/python3.12/site-packages/airflow/example_dags/tutorial_taskflow_api.py for tasks to queue
[2025-09-07T00:00:56.168+0000] {logging_mixin.py:190} INFO - [2025-09-07T00:00:56.167+0000] {dagbag.py:588} INFO - Filling up the DagBag from /home/airflow/.local/lib/python3.12/site-packages/airflow/example_dags/tutorial_taskflow_api.py
[2025-09-07T00:00:56.177+0000] {processor.py:925} INFO - DAG(s) 'tutorial_taskflow_api' retrieved from /home/airflow/.local/lib/python3.12/site-packages/airflow/example_dags/tutorial_taskflow_api.py
[2025-09-07T00:00:56.207+0000] {logging_mixin.py:190} INFO - [2025-09-07T00:00:56.206+0000] {dag.py:3239} INFO - Sync 1 DAGs
[2025-09-07T00:00:56.227+0000] {logging_mixin.py:190} INFO - [2025-09-07T00:00:56.226+0000] {dag.py:4180} INFO - Setting next_dagrun for tutorial_taskflow_api to None, run_after=None
[2025-09-07T00:00:56.251+0000] {processor.py:208} INFO - Processing /home/airflow/.local/lib/python3.12/site-packages/airflow/example_dags/tutorial_taskflow_api.py took 0.092 seconds
[2025-09-07T00:01:26.347+0000] {processor.py:186} INFO - Started process (PID=4107) to work on /home/airflow/.local/lib/python3.12/site-packages/airflow/example_dags/tutorial_taskflow_api.py
[2025-09-07T00:01:26.349+0000] {processor.py:914} INFO - Processing file /home/airflow/.local/lib/python3.12/site-packages/airflow/example_dags/tutorial_taskflow_api.py for tasks to queue
[2025-09-07T00:01:26.351+0000] {logging_mixin.py:190} INFO - [2025-09-07T00:01:26.350+0000] {dagbag.py:588} INFO - Filling up the DagBag from /home/airflow/.local/lib/python3.12/site-packages/airflow/example_dags/tutorial_taskflow_api.py
[2025-09-07T00:01:26.365+0000] {processor.py:925} INFO - DAG(s) 'tutorial_taskflow_api' retrieved from /home/airflow/.local/lib/python3.12/site-packages/airflow/example_dags/tutorial_taskflow_api.py
[2025-09-07T00:01:26.388+0000] {logging_mixin.py:190} INFO - [2025-09-07T00:01:26.387+0000] {dag.py:3239} INFO - Sync 1 DAGs
[2025-09-07T00:01:26.405+0000] {logging_mixin.py:190} INFO - [2025-09-07T00:01:26.404+0000] {dag.py:4180} INFO - Setting next_dagrun for tutorial_taskflow_api to None, run_after=None
[2025-09-07T00:01:26.431+0000] {processor.py:208} INFO - Processing /home/airflow/.local/lib/python3.12/site-packages/airflow/example_dags/tutorial_taskflow_api.py took 0.095 seconds
[2025-09-07T00:01:57.213+0000] {processor.py:186} INFO - Started process (PID=4172) to work on /home/airflow/.local/lib/python3.12/site-packages/airflow/example_dags/tutorial_taskflow_api.py
[2025-09-07T00:01:57.215+0000] {processor.py:914} INFO - Processing file /home/airflow/.local/lib/python3.12/site-packages/airflow/example_dags/tutorial_taskflow_api.py for tasks to queue
[2025-09-07T00:01:57.219+0000] {logging_mixin.py:190} INFO - [2025-09-07T00:01:57.219+0000] {dagbag.py:588} INFO - Filling up the DagBag from /home/airflow/.local/lib/python3.12/site-packages/airflow/example_dags/tutorial_taskflow_api.py
[2025-09-07T00:01:57.230+0000] {processor.py:925} INFO - DAG(s) 'tutorial_taskflow_api' retrieved from /home/airflow/.local/lib/python3.12/site-packages/airflow/example_dags/tutorial_taskflow_api.py
[2025-09-07T00:01:57.255+0000] {logging_mixin.py:190} INFO - [2025-09-07T00:01:57.254+0000] {dag.py:3239} INFO - Sync 1 DAGs
[2025-09-07T00:01:57.276+0000] {logging_mixin.py:190} INFO - [2025-09-07T00:01:57.276+0000] {dag.py:4180} INFO - Setting next_dagrun for tutorial_taskflow_api to None, run_after=None
[2025-09-07T00:01:57.302+0000] {processor.py:208} INFO - Processing /home/airflow/.local/lib/python3.12/site-packages/airflow/example_dags/tutorial_taskflow_api.py took 0.098 seconds
[2025-09-07T00:02:28.083+0000] {processor.py:186} INFO - Started process (PID=4238) to work on /home/airflow/.local/lib/python3.12/site-packages/airflow/example_dags/tutorial_taskflow_api.py
[2025-09-07T00:02:28.085+0000] {processor.py:914} INFO - Processing file /home/airflow/.local/lib/python3.12/site-packages/airflow/example_dags/tutorial_taskflow_api.py for tasks to queue
[2025-09-07T00:02:28.088+0000] {logging_mixin.py:190} INFO - [2025-09-07T00:02:28.087+0000] {dagbag.py:588} INFO - Filling up the DagBag from /home/airflow/.local/lib/python3.12/site-packages/airflow/example_dags/tutorial_taskflow_api.py
[2025-09-07T00:02:28.102+0000] {processor.py:925} INFO - DAG(s) 'tutorial_taskflow_api' retrieved from /home/airflow/.local/lib/python3.12/site-packages/airflow/example_dags/tutorial_taskflow_api.py
[2025-09-07T00:02:28.127+0000] {logging_mixin.py:190} INFO - [2025-09-07T00:02:28.127+0000] {dag.py:3239} INFO - Sync 1 DAGs
[2025-09-07T00:02:28.146+0000] {logging_mixin.py:190} INFO - [2025-09-07T00:02:28.145+0000] {dag.py:4180} INFO - Setting next_dagrun for tutorial_taskflow_api to None, run_after=None
[2025-09-07T00:02:28.173+0000] {processor.py:208} INFO - Processing /home/airflow/.local/lib/python3.12/site-packages/airflow/example_dags/tutorial_taskflow_api.py took 0.099 seconds
[2025-09-07T00:02:58.998+0000] {processor.py:186} INFO - Started process (PID=4304) to work on /home/airflow/.local/lib/python3.12/site-packages/airflow/example_dags/tutorial_taskflow_api.py
[2025-09-07T00:02:58.999+0000] {processor.py:914} INFO - Processing file /home/airflow/.local/lib/python3.12/site-packages/airflow/example_dags/tutorial_taskflow_api.py for tasks to queue
[2025-09-07T00:02:59.001+0000] {logging_mixin.py:190} INFO - [2025-09-07T00:02:59.000+0000] {dagbag.py:588} INFO - Filling up the DagBag from /home/airflow/.local/lib/python3.12/site-packages/airflow/example_dags/tutorial_taskflow_api.py
[2025-09-07T00:02:59.013+0000] {processor.py:925} INFO - DAG(s) 'tutorial_taskflow_api' retrieved from /home/airflow/.local/lib/python3.12/site-packages/airflow/example_dags/tutorial_taskflow_api.py
[2025-09-07T00:02:59.038+0000] {logging_mixin.py:190} INFO - [2025-09-07T00:02:59.037+0000] {dag.py:3239} INFO - Sync 1 DAGs
[2025-09-07T00:02:59.057+0000] {logging_mixin.py:190} INFO - [2025-09-07T00:02:59.056+0000] {dag.py:4180} INFO - Setting next_dagrun for tutorial_taskflow_api to None, run_after=None
[2025-09-07T00:02:59.078+0000] {processor.py:208} INFO - Processing /home/airflow/.local/lib/python3.12/site-packages/airflow/example_dags/tutorial_taskflow_api.py took 0.088 seconds
[2025-09-07T00:03:29.786+0000] {processor.py:186} INFO - Started process (PID=4370) to work on /home/airflow/.local/lib/python3.12/site-packages/airflow/example_dags/tutorial_taskflow_api.py
[2025-09-07T00:03:29.788+0000] {processor.py:914} INFO - Processing file /home/airflow/.local/lib/python3.12/site-packages/airflow/example_dags/tutorial_taskflow_api.py for tasks to queue
[2025-09-07T00:03:29.790+0000] {logging_mixin.py:190} INFO - [2025-09-07T00:03:29.789+0000] {dagbag.py:588} INFO - Filling up the DagBag from /home/airflow/.local/lib/python3.12/site-packages/airflow/example_dags/tutorial_taskflow_api.py
[2025-09-07T00:03:29.798+0000] {processor.py:925} INFO - DAG(s) 'tutorial_taskflow_api' retrieved from /home/airflow/.local/lib/python3.12/site-packages/airflow/example_dags/tutorial_taskflow_api.py
[2025-09-07T00:03:29.824+0000] {logging_mixin.py:190} INFO - [2025-09-07T00:03:29.824+0000] {dag.py:3239} INFO - Sync 1 DAGs
[2025-09-07T00:03:29.847+0000] {logging_mixin.py:190} INFO - [2025-09-07T00:03:29.846+0000] {dag.py:4180} INFO - Setting next_dagrun for tutorial_taskflow_api to None, run_after=None
[2025-09-07T00:03:29.872+0000] {processor.py:208} INFO - Processing /home/airflow/.local/lib/python3.12/site-packages/airflow/example_dags/tutorial_taskflow_api.py took 0.094 seconds
[2025-09-07T00:04:00.142+0000] {processor.py:186} INFO - Started process (PID=4436) to work on /home/airflow/.local/lib/python3.12/site-packages/airflow/example_dags/tutorial_taskflow_api.py
[2025-09-07T00:04:00.144+0000] {processor.py:914} INFO - Processing file /home/airflow/.local/lib/python3.12/site-packages/airflow/example_dags/tutorial_taskflow_api.py for tasks to queue
[2025-09-07T00:04:00.146+0000] {logging_mixin.py:190} INFO - [2025-09-07T00:04:00.146+0000] {dagbag.py:588} INFO - Filling up the DagBag from /home/airflow/.local/lib/python3.12/site-packages/airflow/example_dags/tutorial_taskflow_api.py
[2025-09-07T00:04:00.160+0000] {processor.py:925} INFO - DAG(s) 'tutorial_taskflow_api' retrieved from /home/airflow/.local/lib/python3.12/site-packages/airflow/example_dags/tutorial_taskflow_api.py
[2025-09-07T00:04:00.187+0000] {logging_mixin.py:190} INFO - [2025-09-07T00:04:00.187+0000] {dag.py:3239} INFO - Sync 1 DAGs
[2025-09-07T00:04:00.207+0000] {logging_mixin.py:190} INFO - [2025-09-07T00:04:00.206+0000] {dag.py:4180} INFO - Setting next_dagrun for tutorial_taskflow_api to None, run_after=None
[2025-09-07T00:04:00.231+0000] {processor.py:208} INFO - Processing /home/airflow/.local/lib/python3.12/site-packages/airflow/example_dags/tutorial_taskflow_api.py took 0.098 seconds
[2025-09-07T00:04:31.134+0000] {processor.py:186} INFO - Started process (PID=4502) to work on /home/airflow/.local/lib/python3.12/site-packages/airflow/example_dags/tutorial_taskflow_api.py
[2025-09-07T00:04:31.137+0000] {processor.py:914} INFO - Processing file /home/airflow/.local/lib/python3.12/site-packages/airflow/example_dags/tutorial_taskflow_api.py for tasks to queue
[2025-09-07T00:04:31.140+0000] {logging_mixin.py:190} INFO - [2025-09-07T00:04:31.140+0000] {dagbag.py:588} INFO - Filling up the DagBag from /home/airflow/.local/lib/python3.12/site-packages/airflow/example_dags/tutorial_taskflow_api.py
[2025-09-07T00:04:31.161+0000] {processor.py:925} INFO - DAG(s) 'tutorial_taskflow_api' retrieved from /home/airflow/.local/lib/python3.12/site-packages/airflow/example_dags/tutorial_taskflow_api.py
[2025-09-07T00:04:31.221+0000] {logging_mixin.py:190} INFO - [2025-09-07T00:04:31.221+0000] {dag.py:3239} INFO - Sync 1 DAGs
[2025-09-07T00:04:31.320+0000] {logging_mixin.py:190} INFO - [2025-09-07T00:04:31.319+0000] {dag.py:4180} INFO - Setting next_dagrun for tutorial_taskflow_api to None, run_after=None
[2025-09-07T00:04:31.430+0000] {processor.py:208} INFO - Processing /home/airflow/.local/lib/python3.12/site-packages/airflow/example_dags/tutorial_taskflow_api.py took 0.306 seconds
[2025-09-07T00:05:01.795+0000] {processor.py:186} INFO - Started process (PID=4568) to work on /home/airflow/.local/lib/python3.12/site-packages/airflow/example_dags/tutorial_taskflow_api.py
[2025-09-07T00:05:01.798+0000] {processor.py:914} INFO - Processing file /home/airflow/.local/lib/python3.12/site-packages/airflow/example_dags/tutorial_taskflow_api.py for tasks to queue
[2025-09-07T00:05:01.800+0000] {logging_mixin.py:190} INFO - [2025-09-07T00:05:01.799+0000] {dagbag.py:588} INFO - Filling up the DagBag from /home/airflow/.local/lib/python3.12/site-packages/airflow/example_dags/tutorial_taskflow_api.py
[2025-09-07T00:05:01.811+0000] {processor.py:925} INFO - DAG(s) 'tutorial_taskflow_api' retrieved from /home/airflow/.local/lib/python3.12/site-packages/airflow/example_dags/tutorial_taskflow_api.py
[2025-09-07T00:05:01.830+0000] {logging_mixin.py:190} INFO - [2025-09-07T00:05:01.830+0000] {dag.py:3239} INFO - Sync 1 DAGs
[2025-09-07T00:05:01.842+0000] {logging_mixin.py:190} INFO - [2025-09-07T00:05:01.842+0000] {dag.py:4180} INFO - Setting next_dagrun for tutorial_taskflow_api to None, run_after=None
[2025-09-07T00:05:01.866+0000] {processor.py:208} INFO - Processing /home/airflow/.local/lib/python3.12/site-packages/airflow/example_dags/tutorial_taskflow_api.py took 0.080 seconds
[2025-09-07T00:05:32.834+0000] {processor.py:186} INFO - Started process (PID=4634) to work on /home/airflow/.local/lib/python3.12/site-packages/airflow/example_dags/tutorial_taskflow_api.py
[2025-09-07T00:05:32.835+0000] {processor.py:914} INFO - Processing file /home/airflow/.local/lib/python3.12/site-packages/airflow/example_dags/tutorial_taskflow_api.py for tasks to queue
[2025-09-07T00:05:32.838+0000] {logging_mixin.py:190} INFO - [2025-09-07T00:05:32.837+0000] {dagbag.py:588} INFO - Filling up the DagBag from /home/airflow/.local/lib/python3.12/site-packages/airflow/example_dags/tutorial_taskflow_api.py
[2025-09-07T00:05:32.847+0000] {processor.py:925} INFO - DAG(s) 'tutorial_taskflow_api' retrieved from /home/airflow/.local/lib/python3.12/site-packages/airflow/example_dags/tutorial_taskflow_api.py
[2025-09-07T00:05:32.867+0000] {logging_mixin.py:190} INFO - [2025-09-07T00:05:32.867+0000] {dag.py:3239} INFO - Sync 1 DAGs
[2025-09-07T00:05:32.881+0000] {logging_mixin.py:190} INFO - [2025-09-07T00:05:32.881+0000] {dag.py:4180} INFO - Setting next_dagrun for tutorial_taskflow_api to None, run_after=None
[2025-09-07T00:05:32.905+0000] {processor.py:208} INFO - Processing /home/airflow/.local/lib/python3.12/site-packages/airflow/example_dags/tutorial_taskflow_api.py took 0.079 seconds
[2025-09-07T00:06:03.763+0000] {processor.py:186} INFO - Started process (PID=4700) to work on /home/airflow/.local/lib/python3.12/site-packages/airflow/example_dags/tutorial_taskflow_api.py
[2025-09-07T00:06:03.765+0000] {processor.py:914} INFO - Processing file /home/airflow/.local/lib/python3.12/site-packages/airflow/example_dags/tutorial_taskflow_api.py for tasks to queue
[2025-09-07T00:06:03.768+0000] {logging_mixin.py:190} INFO - [2025-09-07T00:06:03.767+0000] {dagbag.py:588} INFO - Filling up the DagBag from /home/airflow/.local/lib/python3.12/site-packages/airflow/example_dags/tutorial_taskflow_api.py
[2025-09-07T00:06:03.780+0000] {processor.py:925} INFO - DAG(s) 'tutorial_taskflow_api' retrieved from /home/airflow/.local/lib/python3.12/site-packages/airflow/example_dags/tutorial_taskflow_api.py
[2025-09-07T00:06:03.803+0000] {logging_mixin.py:190} INFO - [2025-09-07T00:06:03.803+0000] {dag.py:3239} INFO - Sync 1 DAGs
[2025-09-07T00:06:03.825+0000] {logging_mixin.py:190} INFO - [2025-09-07T00:06:03.824+0000] {dag.py:4180} INFO - Setting next_dagrun for tutorial_taskflow_api to None, run_after=None
[2025-09-07T00:06:03.851+0000] {processor.py:208} INFO - Processing /home/airflow/.local/lib/python3.12/site-packages/airflow/example_dags/tutorial_taskflow_api.py took 0.097 seconds
[2025-09-07T00:06:34.206+0000] {processor.py:186} INFO - Started process (PID=4766) to work on /home/airflow/.local/lib/python3.12/site-packages/airflow/example_dags/tutorial_taskflow_api.py
[2025-09-07T00:06:34.207+0000] {processor.py:914} INFO - Processing file /home/airflow/.local/lib/python3.12/site-packages/airflow/example_dags/tutorial_taskflow_api.py for tasks to queue
[2025-09-07T00:06:34.210+0000] {logging_mixin.py:190} INFO - [2025-09-07T00:06:34.209+0000] {dagbag.py:588} INFO - Filling up the DagBag from /home/airflow/.local/lib/python3.12/site-packages/airflow/example_dags/tutorial_taskflow_api.py
[2025-09-07T00:06:34.223+0000] {processor.py:925} INFO - DAG(s) 'tutorial_taskflow_api' retrieved from /home/airflow/.local/lib/python3.12/site-packages/airflow/example_dags/tutorial_taskflow_api.py
[2025-09-07T00:06:34.252+0000] {logging_mixin.py:190} INFO - [2025-09-07T00:06:34.251+0000] {dag.py:3239} INFO - Sync 1 DAGs
[2025-09-07T00:06:34.275+0000] {logging_mixin.py:190} INFO - [2025-09-07T00:06:34.275+0000] {dag.py:4180} INFO - Setting next_dagrun for tutorial_taskflow_api to None, run_after=None
[2025-09-07T00:06:34.305+0000] {processor.py:208} INFO - Processing /home/airflow/.local/lib/python3.12/site-packages/airflow/example_dags/tutorial_taskflow_api.py took 0.106 seconds
[2025-09-07T00:07:04.817+0000] {processor.py:186} INFO - Started process (PID=4829) to work on /home/airflow/.local/lib/python3.12/site-packages/airflow/example_dags/tutorial_taskflow_api.py
[2025-09-07T00:07:04.819+0000] {processor.py:914} INFO - Processing file /home/airflow/.local/lib/python3.12/site-packages/airflow/example_dags/tutorial_taskflow_api.py for tasks to queue
[2025-09-07T00:07:04.823+0000] {logging_mixin.py:190} INFO - [2025-09-07T00:07:04.821+0000] {dagbag.py:588} INFO - Filling up the DagBag from /home/airflow/.local/lib/python3.12/site-packages/airflow/example_dags/tutorial_taskflow_api.py
[2025-09-07T00:07:04.851+0000] {processor.py:925} INFO - DAG(s) 'tutorial_taskflow_api' retrieved from /home/airflow/.local/lib/python3.12/site-packages/airflow/example_dags/tutorial_taskflow_api.py
[2025-09-07T00:07:04.900+0000] {logging_mixin.py:190} INFO - [2025-09-07T00:07:04.899+0000] {dag.py:3239} INFO - Sync 1 DAGs
[2025-09-07T00:07:04.929+0000] {logging_mixin.py:190} INFO - [2025-09-07T00:07:04.928+0000] {dag.py:4180} INFO - Setting next_dagrun for tutorial_taskflow_api to None, run_after=None
[2025-09-07T00:07:04.960+0000] {processor.py:208} INFO - Processing /home/airflow/.local/lib/python3.12/site-packages/airflow/example_dags/tutorial_taskflow_api.py took 0.150 seconds
[2025-09-07T00:07:35.781+0000] {processor.py:186} INFO - Started process (PID=4887) to work on /home/airflow/.local/lib/python3.12/site-packages/airflow/example_dags/tutorial_taskflow_api.py
[2025-09-07T00:07:35.782+0000] {processor.py:914} INFO - Processing file /home/airflow/.local/lib/python3.12/site-packages/airflow/example_dags/tutorial_taskflow_api.py for tasks to queue
[2025-09-07T00:07:35.783+0000] {logging_mixin.py:190} INFO - [2025-09-07T00:07:35.783+0000] {dagbag.py:588} INFO - Filling up the DagBag from /home/airflow/.local/lib/python3.12/site-packages/airflow/example_dags/tutorial_taskflow_api.py
[2025-09-07T00:07:35.794+0000] {processor.py:925} INFO - DAG(s) 'tutorial_taskflow_api' retrieved from /home/airflow/.local/lib/python3.12/site-packages/airflow/example_dags/tutorial_taskflow_api.py
[2025-09-07T00:07:35.823+0000] {logging_mixin.py:190} INFO - [2025-09-07T00:07:35.822+0000] {dag.py:3239} INFO - Sync 1 DAGs
[2025-09-07T00:07:35.844+0000] {logging_mixin.py:190} INFO - [2025-09-07T00:07:35.844+0000] {dag.py:4180} INFO - Setting next_dagrun for tutorial_taskflow_api to None, run_after=None
[2025-09-07T00:07:35.868+0000] {processor.py:208} INFO - Processing /home/airflow/.local/lib/python3.12/site-packages/airflow/example_dags/tutorial_taskflow_api.py took 0.093 seconds
[2025-09-07T00:08:06.131+0000] {processor.py:186} INFO - Started process (PID=4951) to work on /home/airflow/.local/lib/python3.12/site-packages/airflow/example_dags/tutorial_taskflow_api.py
[2025-09-07T00:08:06.132+0000] {processor.py:914} INFO - Processing file /home/airflow/.local/lib/python3.12/site-packages/airflow/example_dags/tutorial_taskflow_api.py for tasks to queue
[2025-09-07T00:08:06.134+0000] {logging_mixin.py:190} INFO - [2025-09-07T00:08:06.134+0000] {dagbag.py:588} INFO - Filling up the DagBag from /home/airflow/.local/lib/python3.12/site-packages/airflow/example_dags/tutorial_taskflow_api.py
[2025-09-07T00:08:06.148+0000] {processor.py:925} INFO - DAG(s) 'tutorial_taskflow_api' retrieved from /home/airflow/.local/lib/python3.12/site-packages/airflow/example_dags/tutorial_taskflow_api.py
[2025-09-07T00:08:06.171+0000] {logging_mixin.py:190} INFO - [2025-09-07T00:08:06.171+0000] {dag.py:3239} INFO - Sync 1 DAGs
[2025-09-07T00:08:06.186+0000] {logging_mixin.py:190} INFO - [2025-09-07T00:08:06.185+0000] {dag.py:4180} INFO - Setting next_dagrun for tutorial_taskflow_api to None, run_after=None
[2025-09-07T00:08:06.210+0000] {processor.py:208} INFO - Processing /home/airflow/.local/lib/python3.12/site-packages/airflow/example_dags/tutorial_taskflow_api.py took 0.085 seconds
[2025-09-07T00:08:36.333+0000] {processor.py:186} INFO - Started process (PID=5017) to work on /home/airflow/.local/lib/python3.12/site-packages/airflow/example_dags/tutorial_taskflow_api.py
[2025-09-07T00:08:36.334+0000] {processor.py:914} INFO - Processing file /home/airflow/.local/lib/python3.12/site-packages/airflow/example_dags/tutorial_taskflow_api.py for tasks to queue
[2025-09-07T00:08:36.336+0000] {logging_mixin.py:190} INFO - [2025-09-07T00:08:36.335+0000] {dagbag.py:588} INFO - Filling up the DagBag from /home/airflow/.local/lib/python3.12/site-packages/airflow/example_dags/tutorial_taskflow_api.py
[2025-09-07T00:08:36.348+0000] {processor.py:925} INFO - DAG(s) 'tutorial_taskflow_api' retrieved from /home/airflow/.local/lib/python3.12/site-packages/airflow/example_dags/tutorial_taskflow_api.py
[2025-09-07T00:08:36.378+0000] {logging_mixin.py:190} INFO - [2025-09-07T00:08:36.378+0000] {dag.py:3239} INFO - Sync 1 DAGs
[2025-09-07T00:08:36.401+0000] {logging_mixin.py:190} INFO - [2025-09-07T00:08:36.401+0000] {dag.py:4180} INFO - Setting next_dagrun for tutorial_taskflow_api to None, run_after=None
[2025-09-07T00:08:36.428+0000] {processor.py:208} INFO - Processing /home/airflow/.local/lib/python3.12/site-packages/airflow/example_dags/tutorial_taskflow_api.py took 0.103 seconds
[2025-09-07T00:09:06.463+0000] {processor.py:186} INFO - Started process (PID=5080) to work on /home/airflow/.local/lib/python3.12/site-packages/airflow/example_dags/tutorial_taskflow_api.py
[2025-09-07T00:09:06.464+0000] {processor.py:914} INFO - Processing file /home/airflow/.local/lib/python3.12/site-packages/airflow/example_dags/tutorial_taskflow_api.py for tasks to queue
[2025-09-07T00:09:06.465+0000] {logging_mixin.py:190} INFO - [2025-09-07T00:09:06.465+0000] {dagbag.py:588} INFO - Filling up the DagBag from /home/airflow/.local/lib/python3.12/site-packages/airflow/example_dags/tutorial_taskflow_api.py
[2025-09-07T00:09:06.476+0000] {processor.py:925} INFO - DAG(s) 'tutorial_taskflow_api' retrieved from /home/airflow/.local/lib/python3.12/site-packages/airflow/example_dags/tutorial_taskflow_api.py
[2025-09-07T00:09:06.497+0000] {logging_mixin.py:190} INFO - [2025-09-07T00:09:06.496+0000] {dag.py:3239} INFO - Sync 1 DAGs
[2025-09-07T00:09:06.511+0000] {logging_mixin.py:190} INFO - [2025-09-07T00:09:06.510+0000] {dag.py:4180} INFO - Setting next_dagrun for tutorial_taskflow_api to None, run_after=None
[2025-09-07T00:09:06.528+0000] {processor.py:208} INFO - Processing /home/airflow/.local/lib/python3.12/site-packages/airflow/example_dags/tutorial_taskflow_api.py took 0.069 seconds
[2025-09-07T00:09:37.356+0000] {processor.py:186} INFO - Started process (PID=5149) to work on /home/airflow/.local/lib/python3.12/site-packages/airflow/example_dags/tutorial_taskflow_api.py
[2025-09-07T00:09:37.358+0000] {processor.py:914} INFO - Processing file /home/airflow/.local/lib/python3.12/site-packages/airflow/example_dags/tutorial_taskflow_api.py for tasks to queue
[2025-09-07T00:09:37.360+0000] {logging_mixin.py:190} INFO - [2025-09-07T00:09:37.359+0000] {dagbag.py:588} INFO - Filling up the DagBag from /home/airflow/.local/lib/python3.12/site-packages/airflow/example_dags/tutorial_taskflow_api.py
[2025-09-07T00:09:37.376+0000] {processor.py:925} INFO - DAG(s) 'tutorial_taskflow_api' retrieved from /home/airflow/.local/lib/python3.12/site-packages/airflow/example_dags/tutorial_taskflow_api.py
[2025-09-07T00:09:37.403+0000] {logging_mixin.py:190} INFO - [2025-09-07T00:09:37.402+0000] {dag.py:3239} INFO - Sync 1 DAGs
[2025-09-07T00:09:37.423+0000] {logging_mixin.py:190} INFO - [2025-09-07T00:09:37.422+0000] {dag.py:4180} INFO - Setting next_dagrun for tutorial_taskflow_api to None, run_after=None
[2025-09-07T00:09:37.448+0000] {processor.py:208} INFO - Processing /home/airflow/.local/lib/python3.12/site-packages/airflow/example_dags/tutorial_taskflow_api.py took 0.101 seconds
[2025-09-07T00:10:07.640+0000] {processor.py:186} INFO - Started process (PID=5215) to work on /home/airflow/.local/lib/python3.12/site-packages/airflow/example_dags/tutorial_taskflow_api.py
[2025-09-07T00:10:07.641+0000] {processor.py:914} INFO - Processing file /home/airflow/.local/lib/python3.12/site-packages/airflow/example_dags/tutorial_taskflow_api.py for tasks to queue
[2025-09-07T00:10:07.644+0000] {logging_mixin.py:190} INFO - [2025-09-07T00:10:07.643+0000] {dagbag.py:588} INFO - Filling up the DagBag from /home/airflow/.local/lib/python3.12/site-packages/airflow/example_dags/tutorial_taskflow_api.py
[2025-09-07T00:10:07.657+0000] {processor.py:925} INFO - DAG(s) 'tutorial_taskflow_api' retrieved from /home/airflow/.local/lib/python3.12/site-packages/airflow/example_dags/tutorial_taskflow_api.py
[2025-09-07T00:10:07.683+0000] {logging_mixin.py:190} INFO - [2025-09-07T00:10:07.683+0000] {dag.py:3239} INFO - Sync 1 DAGs
[2025-09-07T00:10:07.700+0000] {logging_mixin.py:190} INFO - [2025-09-07T00:10:07.699+0000] {dag.py:4180} INFO - Setting next_dagrun for tutorial_taskflow_api to None, run_after=None
[2025-09-07T00:10:07.722+0000] {processor.py:208} INFO - Processing /home/airflow/.local/lib/python3.12/site-packages/airflow/example_dags/tutorial_taskflow_api.py took 0.088 seconds
[2025-09-07T00:10:38.363+0000] {processor.py:186} INFO - Started process (PID=5281) to work on /home/airflow/.local/lib/python3.12/site-packages/airflow/example_dags/tutorial_taskflow_api.py
[2025-09-07T00:10:38.364+0000] {processor.py:914} INFO - Processing file /home/airflow/.local/lib/python3.12/site-packages/airflow/example_dags/tutorial_taskflow_api.py for tasks to queue
[2025-09-07T00:10:38.367+0000] {logging_mixin.py:190} INFO - [2025-09-07T00:10:38.366+0000] {dagbag.py:588} INFO - Filling up the DagBag from /home/airflow/.local/lib/python3.12/site-packages/airflow/example_dags/tutorial_taskflow_api.py
[2025-09-07T00:10:38.386+0000] {processor.py:925} INFO - DAG(s) 'tutorial_taskflow_api' retrieved from /home/airflow/.local/lib/python3.12/site-packages/airflow/example_dags/tutorial_taskflow_api.py
[2025-09-07T00:10:38.417+0000] {logging_mixin.py:190} INFO - [2025-09-07T00:10:38.416+0000] {dag.py:3239} INFO - Sync 1 DAGs
[2025-09-07T00:10:38.431+0000] {logging_mixin.py:190} INFO - [2025-09-07T00:10:38.431+0000] {dag.py:4180} INFO - Setting next_dagrun for tutorial_taskflow_api to None, run_after=None
[2025-09-07T00:10:38.457+0000] {processor.py:208} INFO - Processing /home/airflow/.local/lib/python3.12/site-packages/airflow/example_dags/tutorial_taskflow_api.py took 0.103 seconds
[2025-09-07T00:11:08.555+0000] {processor.py:186} INFO - Started process (PID=5347) to work on /home/airflow/.local/lib/python3.12/site-packages/airflow/example_dags/tutorial_taskflow_api.py
[2025-09-07T00:11:08.556+0000] {processor.py:914} INFO - Processing file /home/airflow/.local/lib/python3.12/site-packages/airflow/example_dags/tutorial_taskflow_api.py for tasks to queue
[2025-09-07T00:11:08.558+0000] {logging_mixin.py:190} INFO - [2025-09-07T00:11:08.557+0000] {dagbag.py:588} INFO - Filling up the DagBag from /home/airflow/.local/lib/python3.12/site-packages/airflow/example_dags/tutorial_taskflow_api.py
[2025-09-07T00:11:08.570+0000] {processor.py:925} INFO - DAG(s) 'tutorial_taskflow_api' retrieved from /home/airflow/.local/lib/python3.12/site-packages/airflow/example_dags/tutorial_taskflow_api.py
[2025-09-07T00:11:08.597+0000] {logging_mixin.py:190} INFO - [2025-09-07T00:11:08.597+0000] {dag.py:3239} INFO - Sync 1 DAGs
[2025-09-07T00:11:08.617+0000] {logging_mixin.py:190} INFO - [2025-09-07T00:11:08.617+0000] {dag.py:4180} INFO - Setting next_dagrun for tutorial_taskflow_api to None, run_after=None
[2025-09-07T00:11:08.641+0000] {processor.py:208} INFO - Processing /home/airflow/.local/lib/python3.12/site-packages/airflow/example_dags/tutorial_taskflow_api.py took 0.092 seconds
[2025-09-07T00:11:39.275+0000] {processor.py:186} INFO - Started process (PID=5413) to work on /home/airflow/.local/lib/python3.12/site-packages/airflow/example_dags/tutorial_taskflow_api.py
[2025-09-07T00:11:39.276+0000] {processor.py:914} INFO - Processing file /home/airflow/.local/lib/python3.12/site-packages/airflow/example_dags/tutorial_taskflow_api.py for tasks to queue
[2025-09-07T00:11:39.279+0000] {logging_mixin.py:190} INFO - [2025-09-07T00:11:39.278+0000] {dagbag.py:588} INFO - Filling up the DagBag from /home/airflow/.local/lib/python3.12/site-packages/airflow/example_dags/tutorial_taskflow_api.py
[2025-09-07T00:11:39.287+0000] {processor.py:925} INFO - DAG(s) 'tutorial_taskflow_api' retrieved from /home/airflow/.local/lib/python3.12/site-packages/airflow/example_dags/tutorial_taskflow_api.py
[2025-09-07T00:11:39.314+0000] {logging_mixin.py:190} INFO - [2025-09-07T00:11:39.314+0000] {dag.py:3239} INFO - Sync 1 DAGs
[2025-09-07T00:11:39.335+0000] {logging_mixin.py:190} INFO - [2025-09-07T00:11:39.334+0000] {dag.py:4180} INFO - Setting next_dagrun for tutorial_taskflow_api to None, run_after=None
[2025-09-07T00:11:39.365+0000] {processor.py:208} INFO - Processing /home/airflow/.local/lib/python3.12/site-packages/airflow/example_dags/tutorial_taskflow_api.py took 0.096 seconds
[2025-09-07T00:12:09.431+0000] {processor.py:186} INFO - Started process (PID=5476) to work on /home/airflow/.local/lib/python3.12/site-packages/airflow/example_dags/tutorial_taskflow_api.py
[2025-09-07T00:12:09.432+0000] {processor.py:914} INFO - Processing file /home/airflow/.local/lib/python3.12/site-packages/airflow/example_dags/tutorial_taskflow_api.py for tasks to queue
[2025-09-07T00:12:09.435+0000] {logging_mixin.py:190} INFO - [2025-09-07T00:12:09.434+0000] {dagbag.py:588} INFO - Filling up the DagBag from /home/airflow/.local/lib/python3.12/site-packages/airflow/example_dags/tutorial_taskflow_api.py
[2025-09-07T00:12:09.447+0000] {processor.py:925} INFO - DAG(s) 'tutorial_taskflow_api' retrieved from /home/airflow/.local/lib/python3.12/site-packages/airflow/example_dags/tutorial_taskflow_api.py
[2025-09-07T00:12:09.469+0000] {logging_mixin.py:190} INFO - [2025-09-07T00:12:09.468+0000] {dag.py:3239} INFO - Sync 1 DAGs
[2025-09-07T00:12:09.488+0000] {logging_mixin.py:190} INFO - [2025-09-07T00:12:09.488+0000] {dag.py:4180} INFO - Setting next_dagrun for tutorial_taskflow_api to None, run_after=None
[2025-09-07T00:12:09.508+0000] {processor.py:208} INFO - Processing /home/airflow/.local/lib/python3.12/site-packages/airflow/example_dags/tutorial_taskflow_api.py took 0.086 seconds
[2025-09-07T00:12:39.596+0000] {processor.py:186} INFO - Started process (PID=5541) to work on /home/airflow/.local/lib/python3.12/site-packages/airflow/example_dags/tutorial_taskflow_api.py
[2025-09-07T00:12:39.601+0000] {processor.py:914} INFO - Processing file /home/airflow/.local/lib/python3.12/site-packages/airflow/example_dags/tutorial_taskflow_api.py for tasks to queue
[2025-09-07T00:12:39.603+0000] {logging_mixin.py:190} INFO - [2025-09-07T00:12:39.603+0000] {dagbag.py:588} INFO - Filling up the DagBag from /home/airflow/.local/lib/python3.12/site-packages/airflow/example_dags/tutorial_taskflow_api.py
[2025-09-07T00:12:39.616+0000] {processor.py:925} INFO - DAG(s) 'tutorial_taskflow_api' retrieved from /home/airflow/.local/lib/python3.12/site-packages/airflow/example_dags/tutorial_taskflow_api.py
[2025-09-07T00:12:39.640+0000] {logging_mixin.py:190} INFO - [2025-09-07T00:12:39.640+0000] {dag.py:3239} INFO - Sync 1 DAGs
[2025-09-07T00:12:39.661+0000] {logging_mixin.py:190} INFO - [2025-09-07T00:12:39.661+0000] {dag.py:4180} INFO - Setting next_dagrun for tutorial_taskflow_api to None, run_after=None
[2025-09-07T00:12:39.681+0000] {processor.py:208} INFO - Processing /home/airflow/.local/lib/python3.12/site-packages/airflow/example_dags/tutorial_taskflow_api.py took 0.094 seconds
[2025-09-07T00:13:10.684+0000] {processor.py:186} INFO - Started process (PID=5610) to work on /home/airflow/.local/lib/python3.12/site-packages/airflow/example_dags/tutorial_taskflow_api.py
[2025-09-07T00:13:10.685+0000] {processor.py:914} INFO - Processing file /home/airflow/.local/lib/python3.12/site-packages/airflow/example_dags/tutorial_taskflow_api.py for tasks to queue
[2025-09-07T00:13:10.688+0000] {logging_mixin.py:190} INFO - [2025-09-07T00:13:10.687+0000] {dagbag.py:588} INFO - Filling up the DagBag from /home/airflow/.local/lib/python3.12/site-packages/airflow/example_dags/tutorial_taskflow_api.py
[2025-09-07T00:13:10.701+0000] {processor.py:925} INFO - DAG(s) 'tutorial_taskflow_api' retrieved from /home/airflow/.local/lib/python3.12/site-packages/airflow/example_dags/tutorial_taskflow_api.py
[2025-09-07T00:13:10.730+0000] {logging_mixin.py:190} INFO - [2025-09-07T00:13:10.730+0000] {dag.py:3239} INFO - Sync 1 DAGs
[2025-09-07T00:13:10.751+0000] {logging_mixin.py:190} INFO - [2025-09-07T00:13:10.751+0000] {dag.py:4180} INFO - Setting next_dagrun for tutorial_taskflow_api to None, run_after=None
[2025-09-07T00:13:10.788+0000] {processor.py:208} INFO - Processing /home/airflow/.local/lib/python3.12/site-packages/airflow/example_dags/tutorial_taskflow_api.py took 0.113 seconds
[2025-09-07T00:13:41.161+0000] {processor.py:186} INFO - Started process (PID=5676) to work on /home/airflow/.local/lib/python3.12/site-packages/airflow/example_dags/tutorial_taskflow_api.py
[2025-09-07T00:13:41.164+0000] {processor.py:914} INFO - Processing file /home/airflow/.local/lib/python3.12/site-packages/airflow/example_dags/tutorial_taskflow_api.py for tasks to queue
[2025-09-07T00:13:41.167+0000] {logging_mixin.py:190} INFO - [2025-09-07T00:13:41.166+0000] {dagbag.py:588} INFO - Filling up the DagBag from /home/airflow/.local/lib/python3.12/site-packages/airflow/example_dags/tutorial_taskflow_api.py
[2025-09-07T00:13:41.185+0000] {processor.py:925} INFO - DAG(s) 'tutorial_taskflow_api' retrieved from /home/airflow/.local/lib/python3.12/site-packages/airflow/example_dags/tutorial_taskflow_api.py
[2025-09-07T00:13:41.218+0000] {logging_mixin.py:190} INFO - [2025-09-07T00:13:41.218+0000] {dag.py:3239} INFO - Sync 1 DAGs
[2025-09-07T00:13:41.507+0000] {logging_mixin.py:190} INFO - [2025-09-07T00:13:41.507+0000] {dag.py:4180} INFO - Setting next_dagrun for tutorial_taskflow_api to None, run_after=None
[2025-09-07T00:13:41.537+0000] {processor.py:208} INFO - Processing /home/airflow/.local/lib/python3.12/site-packages/airflow/example_dags/tutorial_taskflow_api.py took 0.387 seconds
[2025-09-07T00:14:11.918+0000] {processor.py:186} INFO - Started process (PID=5742) to work on /home/airflow/.local/lib/python3.12/site-packages/airflow/example_dags/tutorial_taskflow_api.py
[2025-09-07T00:14:11.919+0000] {processor.py:914} INFO - Processing file /home/airflow/.local/lib/python3.12/site-packages/airflow/example_dags/tutorial_taskflow_api.py for tasks to queue
[2025-09-07T00:14:11.921+0000] {logging_mixin.py:190} INFO - [2025-09-07T00:14:11.921+0000] {dagbag.py:588} INFO - Filling up the DagBag from /home/airflow/.local/lib/python3.12/site-packages/airflow/example_dags/tutorial_taskflow_api.py
[2025-09-07T00:14:11.935+0000] {processor.py:925} INFO - DAG(s) 'tutorial_taskflow_api' retrieved from /home/airflow/.local/lib/python3.12/site-packages/airflow/example_dags/tutorial_taskflow_api.py
[2025-09-07T00:14:11.957+0000] {logging_mixin.py:190} INFO - [2025-09-07T00:14:11.956+0000] {dag.py:3239} INFO - Sync 1 DAGs
[2025-09-07T00:14:11.975+0000] {logging_mixin.py:190} INFO - [2025-09-07T00:14:11.975+0000] {dag.py:4180} INFO - Setting next_dagrun for tutorial_taskflow_api to None, run_after=None
[2025-09-07T00:14:11.999+0000] {processor.py:208} INFO - Processing /home/airflow/.local/lib/python3.12/site-packages/airflow/example_dags/tutorial_taskflow_api.py took 0.090 seconds
[2025-09-07T00:14:42.723+0000] {processor.py:186} INFO - Started process (PID=5808) to work on /home/airflow/.local/lib/python3.12/site-packages/airflow/example_dags/tutorial_taskflow_api.py
[2025-09-07T00:14:42.724+0000] {processor.py:914} INFO - Processing file /home/airflow/.local/lib/python3.12/site-packages/airflow/example_dags/tutorial_taskflow_api.py for tasks to queue
[2025-09-07T00:14:42.726+0000] {logging_mixin.py:190} INFO - [2025-09-07T00:14:42.726+0000] {dagbag.py:588} INFO - Filling up the DagBag from /home/airflow/.local/lib/python3.12/site-packages/airflow/example_dags/tutorial_taskflow_api.py
[2025-09-07T00:14:42.735+0000] {processor.py:925} INFO - DAG(s) 'tutorial_taskflow_api' retrieved from /home/airflow/.local/lib/python3.12/site-packages/airflow/example_dags/tutorial_taskflow_api.py
[2025-09-07T00:14:42.758+0000] {logging_mixin.py:190} INFO - [2025-09-07T00:14:42.757+0000] {dag.py:3239} INFO - Sync 1 DAGs
[2025-09-07T00:14:42.776+0000] {logging_mixin.py:190} INFO - [2025-09-07T00:14:42.776+0000] {dag.py:4180} INFO - Setting next_dagrun for tutorial_taskflow_api to None, run_after=None
[2025-09-07T00:14:42.799+0000] {processor.py:208} INFO - Processing /home/airflow/.local/lib/python3.12/site-packages/airflow/example_dags/tutorial_taskflow_api.py took 0.084 seconds
[2025-09-07T00:15:13.947+0000] {processor.py:186} INFO - Started process (PID=5874) to work on /home/airflow/.local/lib/python3.12/site-packages/airflow/example_dags/tutorial_taskflow_api.py
[2025-09-07T00:15:13.949+0000] {processor.py:914} INFO - Processing file /home/airflow/.local/lib/python3.12/site-packages/airflow/example_dags/tutorial_taskflow_api.py for tasks to queue
[2025-09-07T00:15:13.951+0000] {logging_mixin.py:190} INFO - [2025-09-07T00:15:13.950+0000] {dagbag.py:588} INFO - Filling up the DagBag from /home/airflow/.local/lib/python3.12/site-packages/airflow/example_dags/tutorial_taskflow_api.py
[2025-09-07T00:15:13.964+0000] {processor.py:925} INFO - DAG(s) 'tutorial_taskflow_api' retrieved from /home/airflow/.local/lib/python3.12/site-packages/airflow/example_dags/tutorial_taskflow_api.py
[2025-09-07T00:15:13.989+0000] {logging_mixin.py:190} INFO - [2025-09-07T00:15:13.989+0000] {dag.py:3239} INFO - Sync 1 DAGs
[2025-09-07T00:15:14.010+0000] {logging_mixin.py:190} INFO - [2025-09-07T00:15:14.009+0000] {dag.py:4180} INFO - Setting next_dagrun for tutorial_taskflow_api to None, run_after=None
[2025-09-07T00:15:14.037+0000] {processor.py:208} INFO - Processing /home/airflow/.local/lib/python3.12/site-packages/airflow/example_dags/tutorial_taskflow_api.py took 0.099 seconds
[2025-09-07T00:15:44.517+0000] {processor.py:186} INFO - Started process (PID=5939) to work on /home/airflow/.local/lib/python3.12/site-packages/airflow/example_dags/tutorial_taskflow_api.py
[2025-09-07T00:15:44.519+0000] {processor.py:914} INFO - Processing file /home/airflow/.local/lib/python3.12/site-packages/airflow/example_dags/tutorial_taskflow_api.py for tasks to queue
[2025-09-07T00:15:44.522+0000] {logging_mixin.py:190} INFO - [2025-09-07T00:15:44.521+0000] {dagbag.py:588} INFO - Filling up the DagBag from /home/airflow/.local/lib/python3.12/site-packages/airflow/example_dags/tutorial_taskflow_api.py
[2025-09-07T00:15:44.537+0000] {processor.py:925} INFO - DAG(s) 'tutorial_taskflow_api' retrieved from /home/airflow/.local/lib/python3.12/site-packages/airflow/example_dags/tutorial_taskflow_api.py
[2025-09-07T00:15:44.564+0000] {logging_mixin.py:190} INFO - [2025-09-07T00:15:44.563+0000] {dag.py:3239} INFO - Sync 1 DAGs
[2025-09-07T00:15:44.587+0000] {logging_mixin.py:190} INFO - [2025-09-07T00:15:44.586+0000] {dag.py:4180} INFO - Setting next_dagrun for tutorial_taskflow_api to None, run_after=None
[2025-09-07T00:15:44.616+0000] {processor.py:208} INFO - Processing /home/airflow/.local/lib/python3.12/site-packages/airflow/example_dags/tutorial_taskflow_api.py took 0.108 seconds
[2025-09-07T00:16:15.169+0000] {processor.py:186} INFO - Started process (PID=5998) to work on /home/airflow/.local/lib/python3.12/site-packages/airflow/example_dags/tutorial_taskflow_api.py
[2025-09-07T00:16:15.171+0000] {processor.py:914} INFO - Processing file /home/airflow/.local/lib/python3.12/site-packages/airflow/example_dags/tutorial_taskflow_api.py for tasks to queue
[2025-09-07T00:16:15.173+0000] {logging_mixin.py:190} INFO - [2025-09-07T00:16:15.172+0000] {dagbag.py:588} INFO - Filling up the DagBag from /home/airflow/.local/lib/python3.12/site-packages/airflow/example_dags/tutorial_taskflow_api.py
[2025-09-07T00:16:15.190+0000] {processor.py:925} INFO - DAG(s) 'tutorial_taskflow_api' retrieved from /home/airflow/.local/lib/python3.12/site-packages/airflow/example_dags/tutorial_taskflow_api.py
[2025-09-07T00:16:15.217+0000] {logging_mixin.py:190} INFO - [2025-09-07T00:16:15.216+0000] {dag.py:3239} INFO - Sync 1 DAGs
[2025-09-07T00:16:15.233+0000] {logging_mixin.py:190} INFO - [2025-09-07T00:16:15.233+0000] {dag.py:4180} INFO - Setting next_dagrun for tutorial_taskflow_api to None, run_after=None
[2025-09-07T00:16:15.256+0000] {processor.py:208} INFO - Processing /home/airflow/.local/lib/python3.12/site-packages/airflow/example_dags/tutorial_taskflow_api.py took 0.096 seconds
[2025-09-07T00:16:45.785+0000] {processor.py:186} INFO - Started process (PID=6063) to work on /home/airflow/.local/lib/python3.12/site-packages/airflow/example_dags/tutorial_taskflow_api.py
[2025-09-07T00:16:45.788+0000] {processor.py:914} INFO - Processing file /home/airflow/.local/lib/python3.12/site-packages/airflow/example_dags/tutorial_taskflow_api.py for tasks to queue
[2025-09-07T00:16:45.794+0000] {logging_mixin.py:190} INFO - [2025-09-07T00:16:45.793+0000] {dagbag.py:588} INFO - Filling up the DagBag from /home/airflow/.local/lib/python3.12/site-packages/airflow/example_dags/tutorial_taskflow_api.py
[2025-09-07T00:16:45.808+0000] {processor.py:925} INFO - DAG(s) 'tutorial_taskflow_api' retrieved from /home/airflow/.local/lib/python3.12/site-packages/airflow/example_dags/tutorial_taskflow_api.py
[2025-09-07T00:16:45.834+0000] {logging_mixin.py:190} INFO - [2025-09-07T00:16:45.834+0000] {dag.py:3239} INFO - Sync 1 DAGs
[2025-09-07T00:16:45.856+0000] {logging_mixin.py:190} INFO - [2025-09-07T00:16:45.856+0000] {dag.py:4180} INFO - Setting next_dagrun for tutorial_taskflow_api to None, run_after=None
[2025-09-07T00:16:45.880+0000] {processor.py:208} INFO - Processing /home/airflow/.local/lib/python3.12/site-packages/airflow/example_dags/tutorial_taskflow_api.py took 0.118 seconds
[2025-09-07T00:17:16.459+0000] {processor.py:186} INFO - Started process (PID=6129) to work on /home/airflow/.local/lib/python3.12/site-packages/airflow/example_dags/tutorial_taskflow_api.py
[2025-09-07T00:17:16.460+0000] {processor.py:914} INFO - Processing file /home/airflow/.local/lib/python3.12/site-packages/airflow/example_dags/tutorial_taskflow_api.py for tasks to queue
[2025-09-07T00:17:16.462+0000] {logging_mixin.py:190} INFO - [2025-09-07T00:17:16.461+0000] {dagbag.py:588} INFO - Filling up the DagBag from /home/airflow/.local/lib/python3.12/site-packages/airflow/example_dags/tutorial_taskflow_api.py
[2025-09-07T00:17:16.471+0000] {processor.py:925} INFO - DAG(s) 'tutorial_taskflow_api' retrieved from /home/airflow/.local/lib/python3.12/site-packages/airflow/example_dags/tutorial_taskflow_api.py
[2025-09-07T00:17:16.500+0000] {logging_mixin.py:190} INFO - [2025-09-07T00:17:16.499+0000] {dag.py:3239} INFO - Sync 1 DAGs
[2025-09-07T00:17:16.519+0000] {logging_mixin.py:190} INFO - [2025-09-07T00:17:16.519+0000] {dag.py:4180} INFO - Setting next_dagrun for tutorial_taskflow_api to None, run_after=None
[2025-09-07T00:17:16.542+0000] {processor.py:208} INFO - Processing /home/airflow/.local/lib/python3.12/site-packages/airflow/example_dags/tutorial_taskflow_api.py took 0.093 seconds
[2025-09-07T00:17:47.144+0000] {processor.py:186} INFO - Started process (PID=6195) to work on /home/airflow/.local/lib/python3.12/site-packages/airflow/example_dags/tutorial_taskflow_api.py
[2025-09-07T00:17:47.145+0000] {processor.py:914} INFO - Processing file /home/airflow/.local/lib/python3.12/site-packages/airflow/example_dags/tutorial_taskflow_api.py for tasks to queue
[2025-09-07T00:17:47.147+0000] {logging_mixin.py:190} INFO - [2025-09-07T00:17:47.147+0000] {dagbag.py:588} INFO - Filling up the DagBag from /home/airflow/.local/lib/python3.12/site-packages/airflow/example_dags/tutorial_taskflow_api.py
[2025-09-07T00:17:47.161+0000] {processor.py:925} INFO - DAG(s) 'tutorial_taskflow_api' retrieved from /home/airflow/.local/lib/python3.12/site-packages/airflow/example_dags/tutorial_taskflow_api.py
[2025-09-07T00:17:47.186+0000] {logging_mixin.py:190} INFO - [2025-09-07T00:17:47.186+0000] {dag.py:3239} INFO - Sync 1 DAGs
[2025-09-07T00:17:47.202+0000] {logging_mixin.py:190} INFO - [2025-09-07T00:17:47.202+0000] {dag.py:4180} INFO - Setting next_dagrun for tutorial_taskflow_api to None, run_after=None
[2025-09-07T00:17:47.229+0000] {processor.py:208} INFO - Processing /home/airflow/.local/lib/python3.12/site-packages/airflow/example_dags/tutorial_taskflow_api.py took 0.094 seconds
[2025-09-07T00:18:17.867+0000] {processor.py:186} INFO - Started process (PID=6261) to work on /home/airflow/.local/lib/python3.12/site-packages/airflow/example_dags/tutorial_taskflow_api.py
[2025-09-07T00:18:17.868+0000] {processor.py:914} INFO - Processing file /home/airflow/.local/lib/python3.12/site-packages/airflow/example_dags/tutorial_taskflow_api.py for tasks to queue
[2025-09-07T00:18:17.870+0000] {logging_mixin.py:190} INFO - [2025-09-07T00:18:17.869+0000] {dagbag.py:588} INFO - Filling up the DagBag from /home/airflow/.local/lib/python3.12/site-packages/airflow/example_dags/tutorial_taskflow_api.py
[2025-09-07T00:18:17.884+0000] {processor.py:925} INFO - DAG(s) 'tutorial_taskflow_api' retrieved from /home/airflow/.local/lib/python3.12/site-packages/airflow/example_dags/tutorial_taskflow_api.py
[2025-09-07T00:18:17.909+0000] {logging_mixin.py:190} INFO - [2025-09-07T00:18:17.908+0000] {dag.py:3239} INFO - Sync 1 DAGs
[2025-09-07T00:18:17.923+0000] {logging_mixin.py:190} INFO - [2025-09-07T00:18:17.923+0000] {dag.py:4180} INFO - Setting next_dagrun for tutorial_taskflow_api to None, run_after=None
[2025-09-07T00:18:17.962+0000] {processor.py:208} INFO - Processing /home/airflow/.local/lib/python3.12/site-packages/airflow/example_dags/tutorial_taskflow_api.py took 0.103 seconds
[2025-09-07T00:18:48.735+0000] {processor.py:186} INFO - Started process (PID=6327) to work on /home/airflow/.local/lib/python3.12/site-packages/airflow/example_dags/tutorial_taskflow_api.py
[2025-09-07T00:18:48.736+0000] {processor.py:914} INFO - Processing file /home/airflow/.local/lib/python3.12/site-packages/airflow/example_dags/tutorial_taskflow_api.py for tasks to queue
[2025-09-07T00:18:48.739+0000] {logging_mixin.py:190} INFO - [2025-09-07T00:18:48.738+0000] {dagbag.py:588} INFO - Filling up the DagBag from /home/airflow/.local/lib/python3.12/site-packages/airflow/example_dags/tutorial_taskflow_api.py
[2025-09-07T00:18:48.752+0000] {processor.py:925} INFO - DAG(s) 'tutorial_taskflow_api' retrieved from /home/airflow/.local/lib/python3.12/site-packages/airflow/example_dags/tutorial_taskflow_api.py
[2025-09-07T00:18:48.779+0000] {logging_mixin.py:190} INFO - [2025-09-07T00:18:48.779+0000] {dag.py:3239} INFO - Sync 1 DAGs
[2025-09-07T00:18:48.801+0000] {logging_mixin.py:190} INFO - [2025-09-07T00:18:48.800+0000] {dag.py:4180} INFO - Setting next_dagrun for tutorial_taskflow_api to None, run_after=None
[2025-09-07T00:18:48.827+0000] {processor.py:208} INFO - Processing /home/airflow/.local/lib/python3.12/site-packages/airflow/example_dags/tutorial_taskflow_api.py took 0.101 seconds
[2025-09-07T00:19:19.293+0000] {processor.py:186} INFO - Started process (PID=6392) to work on /home/airflow/.local/lib/python3.12/site-packages/airflow/example_dags/tutorial_taskflow_api.py
[2025-09-07T00:19:19.295+0000] {processor.py:914} INFO - Processing file /home/airflow/.local/lib/python3.12/site-packages/airflow/example_dags/tutorial_taskflow_api.py for tasks to queue
[2025-09-07T00:19:19.298+0000] {logging_mixin.py:190} INFO - [2025-09-07T00:19:19.297+0000] {dagbag.py:588} INFO - Filling up the DagBag from /home/airflow/.local/lib/python3.12/site-packages/airflow/example_dags/tutorial_taskflow_api.py
[2025-09-07T00:19:19.307+0000] {processor.py:925} INFO - DAG(s) 'tutorial_taskflow_api' retrieved from /home/airflow/.local/lib/python3.12/site-packages/airflow/example_dags/tutorial_taskflow_api.py
[2025-09-07T00:19:19.333+0000] {logging_mixin.py:190} INFO - [2025-09-07T00:19:19.332+0000] {dag.py:3239} INFO - Sync 1 DAGs
[2025-09-07T00:19:19.352+0000] {logging_mixin.py:190} INFO - [2025-09-07T00:19:19.351+0000] {dag.py:4180} INFO - Setting next_dagrun for tutorial_taskflow_api to None, run_after=None
[2025-09-07T00:19:19.375+0000] {processor.py:208} INFO - Processing /home/airflow/.local/lib/python3.12/site-packages/airflow/example_dags/tutorial_taskflow_api.py took 0.091 seconds
[2025-09-07T00:19:50.161+0000] {processor.py:186} INFO - Started process (PID=6458) to work on /home/airflow/.local/lib/python3.12/site-packages/airflow/example_dags/tutorial_taskflow_api.py
[2025-09-07T00:19:50.162+0000] {processor.py:914} INFO - Processing file /home/airflow/.local/lib/python3.12/site-packages/airflow/example_dags/tutorial_taskflow_api.py for tasks to queue
[2025-09-07T00:19:50.165+0000] {logging_mixin.py:190} INFO - [2025-09-07T00:19:50.164+0000] {dagbag.py:588} INFO - Filling up the DagBag from /home/airflow/.local/lib/python3.12/site-packages/airflow/example_dags/tutorial_taskflow_api.py
[2025-09-07T00:19:50.179+0000] {processor.py:925} INFO - DAG(s) 'tutorial_taskflow_api' retrieved from /home/airflow/.local/lib/python3.12/site-packages/airflow/example_dags/tutorial_taskflow_api.py
[2025-09-07T00:19:50.209+0000] {logging_mixin.py:190} INFO - [2025-09-07T00:19:50.208+0000] {dag.py:3239} INFO - Sync 1 DAGs
[2025-09-07T00:19:50.225+0000] {logging_mixin.py:190} INFO - [2025-09-07T00:19:50.225+0000] {dag.py:4180} INFO - Setting next_dagrun for tutorial_taskflow_api to None, run_after=None
[2025-09-07T00:19:50.255+0000] {processor.py:208} INFO - Processing /home/airflow/.local/lib/python3.12/site-packages/airflow/example_dags/tutorial_taskflow_api.py took 0.104 seconds
[2025-09-07T00:20:20.827+0000] {processor.py:186} INFO - Started process (PID=6524) to work on /home/airflow/.local/lib/python3.12/site-packages/airflow/example_dags/tutorial_taskflow_api.py
[2025-09-07T00:20:20.828+0000] {processor.py:914} INFO - Processing file /home/airflow/.local/lib/python3.12/site-packages/airflow/example_dags/tutorial_taskflow_api.py for tasks to queue
[2025-09-07T00:20:20.831+0000] {logging_mixin.py:190} INFO - [2025-09-07T00:20:20.830+0000] {dagbag.py:588} INFO - Filling up the DagBag from /home/airflow/.local/lib/python3.12/site-packages/airflow/example_dags/tutorial_taskflow_api.py
[2025-09-07T00:20:20.846+0000] {processor.py:925} INFO - DAG(s) 'tutorial_taskflow_api' retrieved from /home/airflow/.local/lib/python3.12/site-packages/airflow/example_dags/tutorial_taskflow_api.py
[2025-09-07T00:20:20.874+0000] {logging_mixin.py:190} INFO - [2025-09-07T00:20:20.874+0000] {dag.py:3239} INFO - Sync 1 DAGs
[2025-09-07T00:20:20.896+0000] {logging_mixin.py:190} INFO - [2025-09-07T00:20:20.895+0000] {dag.py:4180} INFO - Setting next_dagrun for tutorial_taskflow_api to None, run_after=None
[2025-09-07T00:20:20.927+0000] {processor.py:208} INFO - Processing /home/airflow/.local/lib/python3.12/site-packages/airflow/example_dags/tutorial_taskflow_api.py took 0.107 seconds
